2025-01-10 14:53:34,579 DEBUG    root            Loaded Command Group: ['gcloud', 'auth']
2025-01-10 14:53:34,595 DEBUG    root            Loaded Command Group: ['gcloud', 'auth', 'login']
2025-01-10 14:53:34,596 DEBUG    root            Running [gcloud.auth.login] with arguments: []
2025-01-10 14:53:35,349 DEBUG    requests_oauthlib.oauth2_session Generated new state QJNJ4hOrVm0ZpPN4rwnRAef89qFbUu.
2025-01-10 14:53:35,350 INFO     ___FILE_ONLY___ Your browser has been opened to visit:

    https://accounts.google.com/o/oauth2/auth?response_type=code&client_id=32555940559.apps.googleusercontent.com&redirect_uri=http%3A%2F%2Flocalhost%3A8085%2F&scope=openid+https%3A%2F%2Fwww.googleapis.com%2Fauth%2Fuserinfo.email+https%3A%2F%2Fwww.googleapis.com%2Fauth%2Fcloud-platform+https%3A%2F%2Fwww.googleapis.com%2Fauth%2Fappengine.admin+https%3A%2F%2Fwww.googleapis.com%2Fauth%2Fsqlservice.login+https%3A%2F%2Fwww.googleapis.com%2Fauth%2Fcompute+https%3A%2F%2Fwww.googleapis.com%2Fauth%2Faccounts.reauth&state=QJNJ4hOrVm0ZpPN4rwnRAef89qFbUu&access_type=offline&code_challenge=g-UEzAT6DJ3xzA0XGg4H2XPtsL-xd83ZPtjxxfkrS88&code_challenge_method=S256


2025-01-10 14:54:01,551 INFO     google_auth_oauthlib.flow "GET /?state=QJNJ4hOrVm0ZpPN4rwnRAef89qFbUu&code=4/0AanRRrvn0ffa5ywdxaQXX5M5TPRwN3z1dh_HBYwWVQV-QxOVjTvx2cqbegPjf-_Nswvlgg&scope=email%20openid%20https://www.googleapis.com/auth/userinfo.email%20https://www.googleapis.com/auth/cloud-platform%20https://www.googleapis.com/auth/appengine.admin%20https://www.googleapis.com/auth/sqlservice.login%20https://www.googleapis.com/auth/compute%20https://www.googleapis.com/auth/accounts.reauth&authuser=0&prompt=consent HTTP/1.1" 200 937
2025-01-10 14:54:01,552 DEBUG    requests_oauthlib.oauth2_session Requesting url https://oauth2.googleapis.com/token using method POST.
2025-01-10 14:54:01,552 DEBUG    requests_oauthlib.oauth2_session Supplying headers {b'Accept': b'application/json', b'Content-Type': b'application/x-www-form-urlencoded;charset=UTF-8', b'user-agent': b'google-cloud-sdk gcloud/505.0.0 command/gcloud.auth.login invocation-id/7a5ae074563b48aeab89b79616a109a3 environment/None environment-version/None client-os/LINUX client-os-ver/5.15.167 client-pltf-arch/x86_64 interactive/True from-script/False python/3.11.9 term/xterm-256color (Linux 5.15.167.4-microsoft-standard-WSL2)'} and data {'grant_type': 'authorization_code', 'client_id': '32555940559.apps.googleusercontent.com', 'client_secret': 'ZmssLNjJy2998hD4CTg2ejr2', 'code': '4/0AanRRrvn0ffa5ywdxaQXX5M5TPRwN3z1dh_HBYwWVQV-QxOVjTvx2cqbegPjf-_Nswvlgg', 'redirect_uri': 'http://localhost:8085/', 'code_verifier': 'V5sNnPNwY8x_2~pA~-VA9BaGrUUX4aD69v4.57_ueAek3Lmymks.ADhoYSI.eDdV8JwO.5sgS75mtOSwGDrn_I1zgsqTDwZrFy86PsZi4aFqXmXGcGiGhejwd7A9m_ay'}
2025-01-10 14:54:01,552 DEBUG    requests_oauthlib.oauth2_session Passing through key word arguments {'json': None, 'timeout': None, 'auth': None, 'verify': None, 'proxies': None}.
2025-01-10 14:54:01,553 DEBUG    urllib3.connectionpool Starting new HTTPS connection (1): oauth2.googleapis.com:443
2025-01-10 14:54:01,920 DEBUG    urllib3.connectionpool https://oauth2.googleapis.com:443 "POST /token HTTP/1.1" 200 None
2025-01-10 14:54:01,931 DEBUG    requests_oauthlib.oauth2_session Prepared fetch token request body grant_type=authorization_code&client_id=32555940559.apps.googleusercontent.com&client_secret=ZmssLNjJy2998hD4CTg2ejr2&code=4%2F0AanRRrvn0ffa5ywdxaQXX5M5TPRwN3z1dh_HBYwWVQV-QxOVjTvx2cqbegPjf-_Nswvlgg&redirect_uri=http%3A%2F%2Flocalhost%3A8085%2F&code_verifier=V5sNnPNwY8x_2~pA~-VA9BaGrUUX4aD69v4.57_ueAek3Lmymks.ADhoYSI.eDdV8JwO.5sgS75mtOSwGDrn_I1zgsqTDwZrFy86PsZi4aFqXmXGcGiGhejwd7A9m_ay
2025-01-10 14:54:01,932 DEBUG    requests_oauthlib.oauth2_session Request to fetch token completed with status 200.
2025-01-10 14:54:01,932 DEBUG    requests_oauthlib.oauth2_session Request headers were {'user-agent': b'google-cloud-sdk gcloud/505.0.0 command/gcloud.auth.login invocation-id/7a5ae074563b48aeab89b79616a109a3 environment/None environment-version/None client-os/LINUX client-os-ver/5.15.167 client-pltf-arch/x86_64 interactive/True from-script/False python/3.11.9 term/xterm-256color (Linux 5.15.167.4-microsoft-standard-WSL2)', 'Accept-Encoding': 'gzip, deflate', 'Accept': b'application/json', 'Connection': 'keep-alive', 'Content-Type': b'application/x-www-form-urlencoded;charset=UTF-8', 'Content-Length': '387'}
2025-01-10 14:54:01,932 DEBUG    requests_oauthlib.oauth2_session Request body was grant_type=authorization_code&client_id=32555940559.apps.googleusercontent.com&client_secret=ZmssLNjJy2998hD4CTg2ejr2&code=4%2F0AanRRrvn0ffa5ywdxaQXX5M5TPRwN3z1dh_HBYwWVQV-QxOVjTvx2cqbegPjf-_Nswvlgg&redirect_uri=http%3A%2F%2Flocalhost%3A8085%2F&code_verifier=V5sNnPNwY8x_2~pA~-VA9BaGrUUX4aD69v4.57_ueAek3Lmymks.ADhoYSI.eDdV8JwO.5sgS75mtOSwGDrn_I1zgsqTDwZrFy86PsZi4aFqXmXGcGiGhejwd7A9m_ay
2025-01-10 14:54:01,932 DEBUG    requests_oauthlib.oauth2_session Response headers were {'Date': 'Fri, 10 Jan 2025 05:54:02 GMT', 'Expires': 'Mon, 01 Jan 1990 00:00:00 GMT', 'Cache-Control': 'no-cache, no-store, max-age=0, must-revalidate', 'Pragma': 'no-cache', 'Content-Type': 'application/json; charset=utf-8', 'Vary': 'Origin, X-Origin, Referer', 'Content-Encoding': 'gzip', 'Server': 'scaffolding on HTTPServer2', 'X-XSS-Protection': '0', 'X-Frame-Options': 'SAMEORIGIN', 'X-Content-Type-Options': 'nosniff', 'Alt-Svc': 'h3=":443"; ma=2592000,h3-29=":443"; ma=2592000', 'Transfer-Encoding': 'chunked'} and content {
  "access_token": "ya29.a0ARW5m76aetb378Z1bFfDrOUbHB0zKb7I81hH0pQg_Jo0CX1DXufR3WHjT7fj62HJygEYM98ePL9CFsJlySQOq7-B_DYkdGezyElRYNYp8dA3c3_AFEZ4GrO2WCJN9CVx10-VCC_pABP9R7bAD07_34yUnNe2DCwjeACdKYcwKr2oCgaCgYKAQwSARISFQHGX2MircSIybbdRLqBj2uU5Ls81A0181",
  "expires_in": 3599,
  "refresh_token": "1//0ee50gZUKOrgZCgYIARAAGA4SNwF-L9Ir_LpewZLcOwq5SBZrkyXzhhR_XZHy4RS2GrOs9atOOH40UV2cco8vS36Ow_lGDcO23ME",
  "scope": "https://www.googleapis.com/auth/compute https://www.googleapis.com/auth/userinfo.email openid https://www.googleapis.com/auth/accounts.reauth https://www.googleapis.com/auth/appengine.admin https://www.googleapis.com/auth/cloud-platform https://www.googleapis.com/auth/sqlservice.login",
  "token_type": "Bearer",
  "id_token": "eyJhbGciOiJSUzI1NiIsImtpZCI6Ijg5Y2UzNTk4YzQ3M2FmMWJkYTRiZmY5NWU2Yzg3MzY0NTAyMDZmYmEiLCJ0eXAiOiJKV1QifQ.eyJpc3MiOiJodHRwczovL2FjY291bnRzLmdvb2dsZS5jb20iLCJhenAiOiIzMjU1NTk0MDU1OS5hcHBzLmdvb2dsZXVzZXJjb250ZW50LmNvbSIsImF1ZCI6IjMyNTU1OTQwNTU5LmFwcHMuZ29vZ2xldXNlcmNvbnRlbnQuY29tIiwic3ViIjoiMTA1MDk2MzU3NDMwMjQzNjQxMTQxIiwiZW1haWwiOiIxMjAxbGpodW5AZ21haWwuY29tIiwiZW1haWxfdmVyaWZpZWQiOnRydWUsImF0X2hhc2giOiJGTGpsLUJ4VTlLNHRuUXIzOVBnZzlBIiwiaWF0IjoxNzM2NDg4NDQyLCJleHAiOjE3MzY0OTIwNDJ9.bvgAlaeBLN0D-TXfni_wrxm0htTMIDpI77mG4zBGP1kWSJ5Is3XzNcRYIBrDBRlp2U8onbYF4UKkjaFSX56QyB4AMwRLouSSoKrGqTitgYZGMmGLdLVqR83ykVv3t2Xmss1nAHigy9_2UtBStbHADwJdxy5lXJ1abs0HdZRt0Wy_O8I3yVd7vMqbxPFl8BC1KIIQG00oEArafBPCtYrmiVj4Ifcy0aCCIEIkLcrOaoKQCynSGJK34y8lxGmICER-mQfgGbw7wq56nxYRzNluKneHUhVL91_syU8xcliYV_MjATDOOlnEdWWzHy5iznLzjRK3nkVoZHIE_1FnIGlUlA"
}.
2025-01-10 14:54:01,932 DEBUG    requests_oauthlib.oauth2_session Invoking 0 token response hooks.
2025-01-10 14:54:01,932 DEBUG    requests_oauthlib.oauth2_session Obtained token {'access_token': 'ya29.a0ARW5m76aetb378Z1bFfDrOUbHB0zKb7I81hH0pQg_Jo0CX1DXufR3WHjT7fj62HJygEYM98ePL9CFsJlySQOq7-B_DYkdGezyElRYNYp8dA3c3_AFEZ4GrO2WCJN9CVx10-VCC_pABP9R7bAD07_34yUnNe2DCwjeACdKYcwKr2oCgaCgYKAQwSARISFQHGX2MircSIybbdRLqBj2uU5Ls81A0181', 'expires_in': 3599, 'refresh_token': '1//0ee50gZUKOrgZCgYIARAAGA4SNwF-L9Ir_LpewZLcOwq5SBZrkyXzhhR_XZHy4RS2GrOs9atOOH40UV2cco8vS36Ow_lGDcO23ME', 'scope': ['https://www.googleapis.com/auth/compute', 'https://www.googleapis.com/auth/userinfo.email', 'openid', 'https://www.googleapis.com/auth/accounts.reauth', 'https://www.googleapis.com/auth/appengine.admin', 'https://www.googleapis.com/auth/cloud-platform', 'https://www.googleapis.com/auth/sqlservice.login'], 'token_type': 'Bearer', 'id_token': 'eyJhbGciOiJSUzI1NiIsImtpZCI6Ijg5Y2UzNTk4YzQ3M2FmMWJkYTRiZmY5NWU2Yzg3MzY0NTAyMDZmYmEiLCJ0eXAiOiJKV1QifQ.eyJpc3MiOiJodHRwczovL2FjY291bnRzLmdvb2dsZS5jb20iLCJhenAiOiIzMjU1NTk0MDU1OS5hcHBzLmdvb2dsZXVzZXJjb250ZW50LmNvbSIsImF1ZCI6IjMyNTU1OTQwNTU5LmFwcHMuZ29vZ2xldXNlcmNvbnRlbnQuY29tIiwic3ViIjoiMTA1MDk2MzU3NDMwMjQzNjQxMTQxIiwiZW1haWwiOiIxMjAxbGpodW5AZ21haWwuY29tIiwiZW1haWxfdmVyaWZpZWQiOnRydWUsImF0X2hhc2giOiJGTGpsLUJ4VTlLNHRuUXIzOVBnZzlBIiwiaWF0IjoxNzM2NDg4NDQyLCJleHAiOjE3MzY0OTIwNDJ9.bvgAlaeBLN0D-TXfni_wrxm0htTMIDpI77mG4zBGP1kWSJ5Is3XzNcRYIBrDBRlp2U8onbYF4UKkjaFSX56QyB4AMwRLouSSoKrGqTitgYZGMmGLdLVqR83ykVv3t2Xmss1nAHigy9_2UtBStbHADwJdxy5lXJ1abs0HdZRt0Wy_O8I3yVd7vMqbxPFl8BC1KIIQG00oEArafBPCtYrmiVj4Ifcy0aCCIEIkLcrOaoKQCynSGJK34y8lxGmICER-mQfgGbw7wq56nxYRzNluKneHUhVL91_syU8xcliYV_MjATDOOlnEdWWzHy5iznLzjRK3nkVoZHIE_1FnIGlUlA', 'expires_at': 1736492040.93238}.
2025-01-10 14:54:01,958 INFO     ___FILE_ONLY___ 
You are now logged in as [1201ljhun@gmail.com].
Your current project is [None].  You can change this setting by running:
  $ gcloud config set project PROJECT_ID

2025-01-10 14:54:01,959 DEBUG    root            Chosen display Format:none
2025-01-10 14:54:01,959 INFO     root            Display format: "none"
2025-01-10 14:54:01,983 DEBUG    root            SDK update checks are disabled.
