2025-01-10 14:57:59,338 DEBUG    root            Loaded Command Group: ['gcloud', 'auth']
2025-01-10 14:57:59,339 DEBUG    root            Loaded Command Group: ['gcloud', 'auth', 'application_default']
2025-01-10 14:57:59,352 DEBUG    root            Loaded Command Group: ['gcloud', 'auth', 'application-default', 'login']
2025-01-10 14:57:59,353 DEBUG    root            Running [gcloud.auth.application-default.login] with arguments: []
2025-01-10 14:58:00,095 DEBUG    requests_oauthlib.oauth2_session Generated new state 57pO8LHeelQc89Bk90eQh6m1A0Uf5o.
2025-01-10 14:58:00,095 INFO     ___FILE_ONLY___ Your browser has been opened to visit:

    https://accounts.google.com/o/oauth2/auth?response_type=code&client_id=764086051850-6qr4p6gpi6hn506pt8ejuq83di341hur.apps.googleusercontent.com&redirect_uri=http%3A%2F%2Flocalhost%3A8085%2F&scope=openid+https%3A%2F%2Fwww.googleapis.com%2Fauth%2Fuserinfo.email+https%3A%2F%2Fwww.googleapis.com%2Fauth%2Fcloud-platform+https%3A%2F%2Fwww.googleapis.com%2Fauth%2Fsqlservice.login&state=57pO8LHeelQc89Bk90eQh6m1A0Uf5o&access_type=offline&code_challenge=byLYqEstzJlUnXATyZjAPlIwtYjbqIGNIf9l9jtAbbQ&code_challenge_method=S256


2025-01-10 14:58:10,329 INFO     google_auth_oauthlib.flow "GET /?state=57pO8LHeelQc89Bk90eQh6m1A0Uf5o&code=4/0AanRRruAHuqvPx90VLiVBueRtSa37kS0MWFp5GhQf49JqBYw3NUHRFn1L8A3jN2XBwc1pQ&scope=email%20openid%20https://www.googleapis.com/auth/userinfo.email%20https://www.googleapis.com/auth/cloud-platform%20https://www.googleapis.com/auth/sqlservice.login&authuser=0&prompt=consent HTTP/1.1" 200 937
2025-01-10 14:58:10,330 DEBUG    requests_oauthlib.oauth2_session Requesting url https://oauth2.googleapis.com/token using method POST.
2025-01-10 14:58:10,330 DEBUG    requests_oauthlib.oauth2_session Supplying headers {b'Accept': b'application/json', b'Content-Type': b'application/x-www-form-urlencoded;charset=UTF-8', b'user-agent': b'google-cloud-sdk gcloud/505.0.0 command/gcloud.auth.application-default.login invocation-id/9bc07f9dc6e0488a9f7e61dae8b7d54c environment/None environment-version/None client-os/LINUX client-os-ver/5.15.167 client-pltf-arch/x86_64 interactive/True from-script/False python/3.11.9 term/xterm-256color (Linux 5.15.167.4-microsoft-standard-WSL2)'} and data {'grant_type': 'authorization_code', 'client_id': '764086051850-6qr4p6gpi6hn506pt8ejuq83di341hur.apps.googleusercontent.com', 'client_secret': 'd-FL95Q19q7MQmFpd7hHD0Ty', 'code': '4/0AanRRruAHuqvPx90VLiVBueRtSa37kS0MWFp5GhQf49JqBYw3NUHRFn1L8A3jN2XBwc1pQ', 'redirect_uri': 'http://localhost:8085/', 'code_verifier': 'Hb6TOaMFL2R7oE5zF0uu3J6Jl0nHO7geI4QfpX1ZGEiPUDJYXZdUqzG~Eo_Zq5uaG3p_7s9CkHHWfl4qM5u7OhnbB3RGryhn6q-WRZNNu5m.pxjrqzrO4XjmtdvyOe8A'}
2025-01-10 14:58:10,330 DEBUG    requests_oauthlib.oauth2_session Passing through key word arguments {'json': None, 'timeout': None, 'auth': None, 'verify': None, 'proxies': None}.
2025-01-10 14:58:10,331 DEBUG    urllib3.connectionpool Starting new HTTPS connection (1): oauth2.googleapis.com:443
2025-01-10 14:58:10,659 DEBUG    urllib3.connectionpool https://oauth2.googleapis.com:443 "POST /token HTTP/1.1" 200 None
2025-01-10 14:58:10,661 DEBUG    requests_oauthlib.oauth2_session Prepared fetch token request body grant_type=authorization_code&client_id=764086051850-6qr4p6gpi6hn506pt8ejuq83di341hur.apps.googleusercontent.com&client_secret=d-FL95Q19q7MQmFpd7hHD0Ty&code=4%2F0AanRRruAHuqvPx90VLiVBueRtSa37kS0MWFp5GhQf49JqBYw3NUHRFn1L8A3jN2XBwc1pQ&redirect_uri=http%3A%2F%2Flocalhost%3A8085%2F&code_verifier=Hb6TOaMFL2R7oE5zF0uu3J6Jl0nHO7geI4QfpX1ZGEiPUDJYXZdUqzG~Eo_Zq5uaG3p_7s9CkHHWfl4qM5u7OhnbB3RGryhn6q-WRZNNu5m.pxjrqzrO4XjmtdvyOe8A
2025-01-10 14:58:10,661 DEBUG    requests_oauthlib.oauth2_session Request to fetch token completed with status 200.
2025-01-10 14:58:10,661 DEBUG    requests_oauthlib.oauth2_session Request headers were {'user-agent': b'google-cloud-sdk gcloud/505.0.0 command/gcloud.auth.application-default.login invocation-id/9bc07f9dc6e0488a9f7e61dae8b7d54c environment/None environment-version/None client-os/LINUX client-os-ver/5.15.167 client-pltf-arch/x86_64 interactive/True from-script/False python/3.11.9 term/xterm-256color (Linux 5.15.167.4-microsoft-standard-WSL2)', 'Accept-Encoding': 'gzip, deflate', 'Accept': b'application/json', 'Connection': 'keep-alive', 'Content-Type': b'application/x-www-form-urlencoded;charset=UTF-8', 'Content-Length': '421'}
2025-01-10 14:58:10,661 DEBUG    requests_oauthlib.oauth2_session Request body was grant_type=authorization_code&client_id=764086051850-6qr4p6gpi6hn506pt8ejuq83di341hur.apps.googleusercontent.com&client_secret=d-FL95Q19q7MQmFpd7hHD0Ty&code=4%2F0AanRRruAHuqvPx90VLiVBueRtSa37kS0MWFp5GhQf49JqBYw3NUHRFn1L8A3jN2XBwc1pQ&redirect_uri=http%3A%2F%2Flocalhost%3A8085%2F&code_verifier=Hb6TOaMFL2R7oE5zF0uu3J6Jl0nHO7geI4QfpX1ZGEiPUDJYXZdUqzG~Eo_Zq5uaG3p_7s9CkHHWfl4qM5u7OhnbB3RGryhn6q-WRZNNu5m.pxjrqzrO4XjmtdvyOe8A
2025-01-10 14:58:10,661 DEBUG    requests_oauthlib.oauth2_session Response headers were {'Date': 'Fri, 10 Jan 2025 05:58:10 GMT', 'Cache-Control': 'no-cache, no-store, max-age=0, must-revalidate', 'Expires': 'Mon, 01 Jan 1990 00:00:00 GMT', 'Pragma': 'no-cache', 'Content-Type': 'application/json; charset=utf-8', 'Vary': 'Origin, X-Origin, Referer', 'Content-Encoding': 'gzip', 'Server': 'scaffolding on HTTPServer2', 'X-XSS-Protection': '0', 'X-Frame-Options': 'SAMEORIGIN', 'X-Content-Type-Options': 'nosniff', 'Alt-Svc': 'h3=":443"; ma=2592000,h3-29=":443"; ma=2592000', 'Transfer-Encoding': 'chunked'} and content {
  "access_token": "ya29.a0ARW5m773lBanoyQtiVs9RAJ__fATJqElgbQ0zVS7Mwr3LUqNUs4dcTs9QNygQSz4fIHjfZ2s6uX2AEx84V81JN3ztd7fM8Dmwfaqi_S_u2oZnU-d2dvS7lwfdfltNnHrMcDzf01WuMH6gk646_v3_Vg3oPyJRiuDGenN8mLeaCgYKARYSARISFQHGX2MiyXXT9_Y3eZpFla2VWhaJUw0175",
  "expires_in": 3599,
  "refresh_token": "1//0eSSF1Wi_AgyvCgYIARAAGA4SNwF-L9IrSFRIpsBghQM-5c_e41BEmFbmA2AqHfujJaQ5kor2vI8zg__1FN0UHsfH2ANuoGdjUZs",
  "scope": "https://www.googleapis.com/auth/sqlservice.login openid https://www.googleapis.com/auth/cloud-platform https://www.googleapis.com/auth/userinfo.email",
  "token_type": "Bearer",
  "id_token": "eyJhbGciOiJSUzI1NiIsImtpZCI6Ijg5Y2UzNTk4YzQ3M2FmMWJkYTRiZmY5NWU2Yzg3MzY0NTAyMDZmYmEiLCJ0eXAiOiJKV1QifQ.eyJpc3MiOiJodHRwczovL2FjY291bnRzLmdvb2dsZS5jb20iLCJhenAiOiI3NjQwODYwNTE4NTAtNnFyNHA2Z3BpNmhuNTA2cHQ4ZWp1cTgzZGkzNDFodXIuYXBwcy5nb29nbGV1c2VyY29udGVudC5jb20iLCJhdWQiOiI3NjQwODYwNTE4NTAtNnFyNHA2Z3BpNmhuNTA2cHQ4ZWp1cTgzZGkzNDFodXIuYXBwcy5nb29nbGV1c2VyY29udGVudC5jb20iLCJzdWIiOiIxMDUwOTYzNTc0MzAyNDM2NDExNDEiLCJlbWFpbCI6IjEyMDFsamh1bkBnbWFpbC5jb20iLCJlbWFpbF92ZXJpZmllZCI6dHJ1ZSwiYXRfaGFzaCI6Im5UWWdrMUVtd1VZNURSOFl3SzlWMnciLCJpYXQiOjE3MzY0ODg2OTAsImV4cCI6MTczNjQ5MjI5MH0.mlrFEiICv1VxgHx3FdDp03VlG6SVRUfssqJ17mUpeyj87ldHRkgILifqiJK2xHsbpF5hS6s_805yFYJC0uDFm1pjFbhYfzWh9i_2ZNofU9Mm7HYcNn7juaJd3yHAwdY3_p13cse10-0HnGeLAxX_-yJiJR1PfIGIwrebEGpyRbHJYpElqb01WStMOxO4rjQylTNW8PIwVWc6RmYT5p6jYHKKKCy_vEHityxrY53JpKgYrHNik9jq1r7jHn_ymCddX6rBLSHlndxKdws1Pgzl9PLkosQKGpNVsD9CVtlOo4CX9ENCJdBPJ2wFNDV921G56Vv6dEA7ACeoNP_FMQHZiw"
}.
2025-01-10 14:58:10,661 DEBUG    requests_oauthlib.oauth2_session Invoking 0 token response hooks.
2025-01-10 14:58:10,662 DEBUG    requests_oauthlib.oauth2_session Obtained token {'access_token': 'ya29.a0ARW5m773lBanoyQtiVs9RAJ__fATJqElgbQ0zVS7Mwr3LUqNUs4dcTs9QNygQSz4fIHjfZ2s6uX2AEx84V81JN3ztd7fM8Dmwfaqi_S_u2oZnU-d2dvS7lwfdfltNnHrMcDzf01WuMH6gk646_v3_Vg3oPyJRiuDGenN8mLeaCgYKARYSARISFQHGX2MiyXXT9_Y3eZpFla2VWhaJUw0175', 'expires_in': 3599, 'refresh_token': '1//0eSSF1Wi_AgyvCgYIARAAGA4SNwF-L9IrSFRIpsBghQM-5c_e41BEmFbmA2AqHfujJaQ5kor2vI8zg__1FN0UHsfH2ANuoGdjUZs', 'scope': ['https://www.googleapis.com/auth/sqlservice.login', 'openid', 'https://www.googleapis.com/auth/cloud-platform', 'https://www.googleapis.com/auth/userinfo.email'], 'token_type': 'Bearer', 'id_token': 'eyJhbGciOiJSUzI1NiIsImtpZCI6Ijg5Y2UzNTk4YzQ3M2FmMWJkYTRiZmY5NWU2Yzg3MzY0NTAyMDZmYmEiLCJ0eXAiOiJKV1QifQ.eyJpc3MiOiJodHRwczovL2FjY291bnRzLmdvb2dsZS5jb20iLCJhenAiOiI3NjQwODYwNTE4NTAtNnFyNHA2Z3BpNmhuNTA2cHQ4ZWp1cTgzZGkzNDFodXIuYXBwcy5nb29nbGV1c2VyY29udGVudC5jb20iLCJhdWQiOiI3NjQwODYwNTE4NTAtNnFyNHA2Z3BpNmhuNTA2cHQ4ZWp1cTgzZGkzNDFodXIuYXBwcy5nb29nbGV1c2VyY29udGVudC5jb20iLCJzdWIiOiIxMDUwOTYzNTc0MzAyNDM2NDExNDEiLCJlbWFpbCI6IjEyMDFsamh1bkBnbWFpbC5jb20iLCJlbWFpbF92ZXJpZmllZCI6dHJ1ZSwiYXRfaGFzaCI6Im5UWWdrMUVtd1VZNURSOFl3SzlWMnciLCJpYXQiOjE3MzY0ODg2OTAsImV4cCI6MTczNjQ5MjI5MH0.mlrFEiICv1VxgHx3FdDp03VlG6SVRUfssqJ17mUpeyj87ldHRkgILifqiJK2xHsbpF5hS6s_805yFYJC0uDFm1pjFbhYfzWh9i_2ZNofU9Mm7HYcNn7juaJd3yHAwdY3_p13cse10-0HnGeLAxX_-yJiJR1PfIGIwrebEGpyRbHJYpElqb01WStMOxO4rjQylTNW8PIwVWc6RmYT5p6jYHKKKCy_vEHityxrY53JpKgYrHNik9jq1r7jHn_ymCddX6rBLSHlndxKdws1Pgzl9PLkosQKGpNVsD9CVtlOo4CX9ENCJdBPJ2wFNDV921G56Vv6dEA7ACeoNP_FMQHZiw', 'expires_at': 1736492289.6620848}.
2025-01-10 14:58:10,666 INFO     ___FILE_ONLY___ 
Credentials saved to file: [/home/ubuntu/.config/gcloud/application_default_credentials.json]

2025-01-10 14:58:10,666 INFO     ___FILE_ONLY___ 
These credentials will be used by any library that requests Application Default Credentials (ADC).

2025-01-10 14:58:10,670 INFO     root            Using alternate credentials from file: [/home/ubuntu/.config/gcloud/application_default_credentials.json]
2025-01-10 14:58:10,672 DEBUG    google.auth.transport.requests Making request: POST https://oauth2.googleapis.com/token
2025-01-10 14:58:10,673 DEBUG    urllib3.connectionpool Starting new HTTPS connection (1): oauth2.googleapis.com:443
2025-01-10 14:58:10,996 DEBUG    urllib3.connectionpool https://oauth2.googleapis.com:443 "POST /token HTTP/1.1" 200 None
2025-01-10 14:58:11,004 INFO     root            Using alternate credentials from file: [/home/ubuntu/.config/gcloud/application_default_credentials.json]
2025-01-10 14:58:11,010 DEBUG    urllib3.connectionpool Starting new HTTPS connection (1): cloudresourcemanager.googleapis.com:443
2025-01-10 14:58:11,472 DEBUG    urllib3.connectionpool https://cloudresourcemanager.googleapis.com:443 "POST /v1/projects/peppy-arcadia-432311-g5:testIamPermissions?alt=json HTTP/1.1" 200 None
2025-01-10 14:58:11,475 INFO     ___FILE_ONLY___ 
Quota project "peppy-arcadia-432311-g5" was added to ADC which can be used by Google client libraries for billing and quota. Note that some services may still bill the project owning the resource.

2025-01-10 14:58:11,475 DEBUG    root            Chosen display Format:none
2025-01-10 14:58:11,476 INFO     root            Display format: "none"
2025-01-10 14:58:11,490 DEBUG    root            SDK update checks are disabled.
