2025-01-11 15:31:42,334 DEBUG    root            Loaded Command Group: ['gcloud', 'compute']
2025-01-11 15:31:42,347 DEBUG    root            Loaded Command Group: ['gcloud', 'compute', 'networks']
2025-01-11 15:31:42,349 DEBUG    root            Loaded Command Group: ['gcloud', 'compute', 'networks', 'subnets']
2025-01-11 15:31:42,363 DEBUG    root            Loaded Command Group: ['gcloud', 'compute', 'networks', 'subnets', 'delete']
2025-01-11 15:31:42,364 DEBUG    root            Running [gcloud.compute.networks.subnets.delete] with arguments: [--region: "asia-northeast3", NAME:1: "['private-subnet']"]
2025-01-11 15:31:42,417 DEBUG    google.auth.transport.requests Making request: POST https://oauth2.googleapis.com/token
2025-01-11 15:31:42,418 DEBUG    urllib3.connectionpool Starting new HTTPS connection (1): oauth2.googleapis.com:443
2025-01-11 15:31:42,769 DEBUG    urllib3.connectionpool https://oauth2.googleapis.com:443 "POST /token HTTP/1.1" 200 None
2025-01-11 15:31:42,882 DEBUG    root            Chosen display Format:list[title="The following subnetworks will be deleted:",always-display-title]
2025-01-11 15:31:44,827 DEBUG    urllib3.connectionpool Starting new HTTPS connection (1): compute.googleapis.com:443
2025-01-11 15:31:45,504 DEBUG    urllib3.connectionpool https://compute.googleapis.com:443 "DELETE /compute/v1/projects/peppy-arcadia-432311-g5/regions/asia-northeast3/subnetworks/private-subnet?alt=json HTTP/1.1" 400 None
2025-01-11 15:31:45,506 DEBUG    root            Chosen display Format:list[title="Could not fetch resource:",always-display-title]
2025-01-11 15:31:45,506 DEBUG    root            (gcloud.compute.networks.subnets.delete) Could not fetch resource:
 - The subnetwork resource 'projects/peppy-arcadia-432311-g5/regions/asia-northeast3/subnetworks/private-subnet' is already being used by 'projects/peppy-arcadia-432311-g5/regions/asia-northeast3/nats/nat-router-Nat'
Traceback (most recent call last):
  File "/snap/google-cloud-cli/297/lib/googlecloudsdk/calliope/cli.py", line 998, in Execute
    resources = calliope_command.Run(cli=self, args=args)
                ^^^^^^^^^^^^^^^^^^^^^^^^^^^^^^^^^^^^^^^^^
  File "/snap/google-cloud-cli/297/lib/googlecloudsdk/calliope/backend.py", line 934, in Run
    resources = command_instance.Run(args)
                ^^^^^^^^^^^^^^^^^^^^^^^^^^
  File "/snap/google-cloud-cli/297/lib/surface/compute/networks/subnets/delete.py", line 82, in Run
    return client.MakeRequests(requests)
           ^^^^^^^^^^^^^^^^^^^^^^^^^^^^^
  File "/snap/google-cloud-cli/297/lib/googlecloudsdk/api_lib/compute/client_adapter.py", line 145, in MakeRequests
    utils.RaiseToolException(
  File "/snap/google-cloud-cli/297/lib/googlecloudsdk/api_lib/compute/utils.py", line 139, in RaiseToolException
    RaiseException(problems, calliope_exceptions.ToolException, error_message)
  File "/snap/google-cloud-cli/297/lib/googlecloudsdk/api_lib/compute/utils.py", line 148, in RaiseException
    raise exception(
googlecloudsdk.calliope.exceptions.ToolException: Could not fetch resource:
 - The subnetwork resource 'projects/peppy-arcadia-432311-g5/regions/asia-northeast3/subnetworks/private-subnet' is already being used by 'projects/peppy-arcadia-432311-g5/regions/asia-northeast3/nats/nat-router-Nat'

2025-01-11 15:31:45,515 ERROR    root            (gcloud.compute.networks.subnets.delete) Could not fetch resource:
 - The subnetwork resource 'projects/peppy-arcadia-432311-g5/regions/asia-northeast3/subnetworks/private-subnet' is already being used by 'projects/peppy-arcadia-432311-g5/regions/asia-northeast3/nats/nat-router-Nat'

