2025-01-11 15:48:31,570 DEBUG    root            Loaded Command Group: ['gcloud', 'compute']
2025-01-11 15:48:31,573 DEBUG    root            Loaded Command Group: ['gcloud', 'compute', 'routes']
2025-01-11 15:48:31,582 DEBUG    root            Loaded Command Group: ['gcloud', 'compute', 'routes', 'list']
2025-01-11 15:48:31,583 DEBUG    root            Running [gcloud.compute.routes.list] with arguments: [--filter: "network:gcp-dr-vpc"]
2025-01-11 15:48:31,677 INFO     root            client_filter=None server_filter='network eq ".*\\bgcp\\-dr\\-vpc\\b.*"'
2025-01-11 15:48:31,678 INFO     root            client_filter=None server_filter='network eq ".*\\bgcp\\-dr\\-vpc\\b.*"'
2025-01-11 15:48:31,678 DEBUG    root            Chosen display Format:    table(
      name,
      network.basename(),
      destRange,
      firstof(
          nextHopInstance,
          nextHopGateway,
          nextHopIp,
          nextHopVpnTunnel,
          nextHopPeering,
          nextHopNetwork,
          nextHopHub).scope()
        :label=NEXT_HOP,
      priority
    )
2025-01-11 15:48:31,678 INFO     root            Display format: "    table(
      name,
      network.basename(),
      destRange,
      firstof(
          nextHopInstance,
          nextHopGateway,
          nextHopIp,
          nextHopVpnTunnel,
          nextHopPeering,
          nextHopNetwork,
          nextHopHub).scope()
        :label=NEXT_HOP,
      priority
    )"
2025-01-11 15:48:31,680 DEBUG    urllib3.connectionpool Starting new HTTPS connection (1): compute.googleapis.com:443
2025-01-11 15:48:32,161 DEBUG    urllib3.connectionpool https://compute.googleapis.com:443 "GET /compute/v1/projects/peppy-arcadia-432311-g5/global/routes?alt=json&filter=network+eq+%22.%2A%5Cbgcp%5C-dr%5C-vpc%5Cb.%2A%22&maxResults=500 HTTP/1.1" 200 None
2025-01-11 15:48:32,196 INFO     root            cache collection=compute.routes api_version=v1 params=['project', 'route']
2025-01-11 15:48:32,217 INFO     ___FILE_ONLY___ NAME
2025-01-11 15:48:32,217 INFO     ___FILE_ONLY___                             
2025-01-11 15:48:32,217 INFO     ___FILE_ONLY___ NETWORK
2025-01-11 15:48:32,217 INFO     ___FILE_ONLY___      
2025-01-11 15:48:32,217 INFO     ___FILE_ONLY___ DEST_RANGE
2025-01-11 15:48:32,217 INFO     ___FILE_ONLY___   
2025-01-11 15:48:32,217 INFO     ___FILE_ONLY___ NEXT_HOP
2025-01-11 15:48:32,217 INFO     ___FILE_ONLY___                   
2025-01-11 15:48:32,217 INFO     ___FILE_ONLY___ PRIORITY
2025-01-11 15:48:32,217 INFO     ___FILE_ONLY___ 

2025-01-11 15:48:32,218 INFO     ___FILE_ONLY___ default-route-053956932883f0b9
2025-01-11 15:48:32,218 INFO     ___FILE_ONLY___   
2025-01-11 15:48:32,218 INFO     ___FILE_ONLY___ gcp-dr-vpc
2025-01-11 15:48:32,218 INFO     ___FILE_ONLY___   
2025-01-11 15:48:32,218 INFO     ___FILE_ONLY___ 0.0.0.0/0
2025-01-11 15:48:32,218 INFO     ___FILE_ONLY___    
2025-01-11 15:48:32,218 INFO     ___FILE_ONLY___ default-internet-gateway
2025-01-11 15:48:32,218 INFO     ___FILE_ONLY___   
2025-01-11 15:48:32,218 INFO     ___FILE_ONLY___ 1000
2025-01-11 15:48:32,218 INFO     ___FILE_ONLY___ 

2025-01-11 15:48:32,218 DEBUG    root            SDK update checks are disabled.
