2025-01-11 16:10:02,622 DEBUG    root            Loaded Command Group: ['gcloud', 'container', 'node_pools']
2025-01-11 16:10:02,624 DEBUG    root            Loaded Command Group: ['gcloud', 'container', 'node-pools', 'delete']
2025-01-11 16:10:02,694 DEBUG    root            Running [gcloud.container.node-pools.delete] with arguments: [--cluster: "gcp-dr-gke", --quiet: "True", --region: "asia-northeast3", NAME: "default-pool"]
2025-01-11 16:10:02,696 DEBUG    urllib3.connectionpool Starting new HTTPS connection (1): container.googleapis.com:443
2025-01-11 16:10:02,861 DEBUG    urllib3.connectionpool https://container.googleapis.com:443 "GET /v1/projects/peppy-arcadia-432311-g5/locations/asia-northeast3/clusters/gcp-dr-gke/nodePools/default-pool?alt=json HTTP/1.1" 200 None
2025-01-11 16:10:02,875 DEBUG    urllib3.connectionpool Starting new HTTPS connection (1): container.googleapis.com:443
2025-01-11 16:10:03,109 DEBUG    urllib3.connectionpool https://container.googleapis.com:443 "DELETE /v1/projects/peppy-arcadia-432311-g5/locations/asia-northeast3/clusters/gcp-dr-gke/nodePools/default-pool?alt=json HTTP/1.1" 200 None
2025-01-11 16:10:03,113 INFO     ___FILE_ONLY___ Deleting node pool default-pool...
2025-01-11 16:10:03,115 DEBUG    urllib3.connectionpool Starting new HTTPS connection (1): container.googleapis.com:443
2025-01-11 16:10:03,248 DEBUG    urllib3.connectionpool https://container.googleapis.com:443 "GET /v1/projects/peppy-arcadia-432311-g5/locations/asia-northeast3/operations/operation-1736579403171-c91181c8-8d08-4137-b2c6-e46ea3106959?alt=json HTTP/1.1" 200 None
2025-01-11 16:10:08,254 DEBUG    urllib3.connectionpool Starting new HTTPS connection (1): container.googleapis.com:443
2025-01-11 16:10:08,397 DEBUG    urllib3.connectionpool https://container.googleapis.com:443 "GET /v1/projects/peppy-arcadia-432311-g5/locations/asia-northeast3/operations/operation-1736579403171-c91181c8-8d08-4137-b2c6-e46ea3106959?alt=json HTTP/1.1" 200 None
2025-01-11 16:10:13,401 DEBUG    urllib3.connectionpool Starting new HTTPS connection (1): container.googleapis.com:443
2025-01-11 16:10:13,546 DEBUG    urllib3.connectionpool https://container.googleapis.com:443 "GET /v1/projects/peppy-arcadia-432311-g5/locations/asia-northeast3/operations/operation-1736579403171-c91181c8-8d08-4137-b2c6-e46ea3106959?alt=json HTTP/1.1" 200 None
2025-01-11 16:10:18,550 DEBUG    urllib3.connectionpool Starting new HTTPS connection (1): container.googleapis.com:443
2025-01-11 16:10:18,730 DEBUG    urllib3.connectionpool https://container.googleapis.com:443 "GET /v1/projects/peppy-arcadia-432311-g5/locations/asia-northeast3/operations/operation-1736579403171-c91181c8-8d08-4137-b2c6-e46ea3106959?alt=json HTTP/1.1" 200 None
2025-01-11 16:10:23,735 DEBUG    urllib3.connectionpool Starting new HTTPS connection (1): container.googleapis.com:443
2025-01-11 16:10:23,882 DEBUG    urllib3.connectionpool https://container.googleapis.com:443 "GET /v1/projects/peppy-arcadia-432311-g5/locations/asia-northeast3/operations/operation-1736579403171-c91181c8-8d08-4137-b2c6-e46ea3106959?alt=json HTTP/1.1" 200 None
2025-01-11 16:10:28,887 DEBUG    urllib3.connectionpool Starting new HTTPS connection (1): container.googleapis.com:443
2025-01-11 16:10:28,978 DEBUG    urllib3.connectionpool https://container.googleapis.com:443 "GET /v1/projects/peppy-arcadia-432311-g5/locations/asia-northeast3/operations/operation-1736579403171-c91181c8-8d08-4137-b2c6-e46ea3106959?alt=json HTTP/1.1" 200 None
2025-01-11 16:10:33,984 DEBUG    urllib3.connectionpool Starting new HTTPS connection (1): container.googleapis.com:443
2025-01-11 16:10:34,172 DEBUG    urllib3.connectionpool https://container.googleapis.com:443 "GET /v1/projects/peppy-arcadia-432311-g5/locations/asia-northeast3/operations/operation-1736579403171-c91181c8-8d08-4137-b2c6-e46ea3106959?alt=json HTTP/1.1" 200 None
2025-01-11 16:10:39,178 DEBUG    urllib3.connectionpool Starting new HTTPS connection (1): container.googleapis.com:443
2025-01-11 16:10:39,333 DEBUG    urllib3.connectionpool https://container.googleapis.com:443 "GET /v1/projects/peppy-arcadia-432311-g5/locations/asia-northeast3/operations/operation-1736579403171-c91181c8-8d08-4137-b2c6-e46ea3106959?alt=json HTTP/1.1" 200 None
2025-01-11 16:10:44,338 DEBUG    urllib3.connectionpool Starting new HTTPS connection (1): container.googleapis.com:443
2025-01-11 16:10:44,493 DEBUG    urllib3.connectionpool https://container.googleapis.com:443 "GET /v1/projects/peppy-arcadia-432311-g5/locations/asia-northeast3/operations/operation-1736579403171-c91181c8-8d08-4137-b2c6-e46ea3106959?alt=json HTTP/1.1" 200 None
2025-01-11 16:10:49,498 DEBUG    urllib3.connectionpool Starting new HTTPS connection (1): container.googleapis.com:443
2025-01-11 16:10:49,695 DEBUG    urllib3.connectionpool https://container.googleapis.com:443 "GET /v1/projects/peppy-arcadia-432311-g5/locations/asia-northeast3/operations/operation-1736579403171-c91181c8-8d08-4137-b2c6-e46ea3106959?alt=json HTTP/1.1" 200 None
2025-01-11 16:10:54,702 DEBUG    urllib3.connectionpool Starting new HTTPS connection (1): container.googleapis.com:443
2025-01-11 16:10:54,810 DEBUG    urllib3.connectionpool https://container.googleapis.com:443 "GET /v1/projects/peppy-arcadia-432311-g5/locations/asia-northeast3/operations/operation-1736579403171-c91181c8-8d08-4137-b2c6-e46ea3106959?alt=json HTTP/1.1" 200 None
2025-01-11 16:10:59,813 DEBUG    urllib3.connectionpool Starting new HTTPS connection (1): container.googleapis.com:443
2025-01-11 16:10:59,954 DEBUG    urllib3.connectionpool https://container.googleapis.com:443 "GET /v1/projects/peppy-arcadia-432311-g5/locations/asia-northeast3/operations/operation-1736579403171-c91181c8-8d08-4137-b2c6-e46ea3106959?alt=json HTTP/1.1" 200 None
2025-01-11 16:11:04,959 DEBUG    urllib3.connectionpool Starting new HTTPS connection (1): container.googleapis.com:443
2025-01-11 16:11:05,167 DEBUG    urllib3.connectionpool https://container.googleapis.com:443 "GET /v1/projects/peppy-arcadia-432311-g5/locations/asia-northeast3/operations/operation-1736579403171-c91181c8-8d08-4137-b2c6-e46ea3106959?alt=json HTTP/1.1" 200 None
2025-01-11 16:11:10,172 DEBUG    urllib3.connectionpool Starting new HTTPS connection (1): container.googleapis.com:443
2025-01-11 16:11:10,263 DEBUG    urllib3.connectionpool https://container.googleapis.com:443 "GET /v1/projects/peppy-arcadia-432311-g5/locations/asia-northeast3/operations/operation-1736579403171-c91181c8-8d08-4137-b2c6-e46ea3106959?alt=json HTTP/1.1" 200 None
2025-01-11 16:11:15,267 DEBUG    urllib3.connectionpool Starting new HTTPS connection (1): container.googleapis.com:443
2025-01-11 16:11:15,395 DEBUG    urllib3.connectionpool https://container.googleapis.com:443 "GET /v1/projects/peppy-arcadia-432311-g5/locations/asia-northeast3/operations/operation-1736579403171-c91181c8-8d08-4137-b2c6-e46ea3106959?alt=json HTTP/1.1" 200 None
2025-01-11 16:11:20,398 DEBUG    urllib3.connectionpool Starting new HTTPS connection (1): container.googleapis.com:443
2025-01-11 16:11:20,539 DEBUG    urllib3.connectionpool https://container.googleapis.com:443 "GET /v1/projects/peppy-arcadia-432311-g5/locations/asia-northeast3/operations/operation-1736579403171-c91181c8-8d08-4137-b2c6-e46ea3106959?alt=json HTTP/1.1" 200 None
2025-01-11 16:11:25,543 DEBUG    urllib3.connectionpool Starting new HTTPS connection (1): container.googleapis.com:443
2025-01-11 16:11:25,680 DEBUG    urllib3.connectionpool https://container.googleapis.com:443 "GET /v1/projects/peppy-arcadia-432311-g5/locations/asia-northeast3/operations/operation-1736579403171-c91181c8-8d08-4137-b2c6-e46ea3106959?alt=json HTTP/1.1" 200 None
2025-01-11 16:11:30,685 DEBUG    urllib3.connectionpool Starting new HTTPS connection (1): container.googleapis.com:443
2025-01-11 16:11:30,831 DEBUG    urllib3.connectionpool https://container.googleapis.com:443 "GET /v1/projects/peppy-arcadia-432311-g5/locations/asia-northeast3/operations/operation-1736579403171-c91181c8-8d08-4137-b2c6-e46ea3106959?alt=json HTTP/1.1" 200 None
2025-01-11 16:11:35,835 DEBUG    urllib3.connectionpool Starting new HTTPS connection (1): container.googleapis.com:443
2025-01-11 16:11:36,021 DEBUG    urllib3.connectionpool https://container.googleapis.com:443 "GET /v1/projects/peppy-arcadia-432311-g5/locations/asia-northeast3/operations/operation-1736579403171-c91181c8-8d08-4137-b2c6-e46ea3106959?alt=json HTTP/1.1" 200 None
2025-01-11 16:11:41,027 DEBUG    urllib3.connectionpool Starting new HTTPS connection (1): container.googleapis.com:443
2025-01-11 16:11:41,166 DEBUG    urllib3.connectionpool https://container.googleapis.com:443 "GET /v1/projects/peppy-arcadia-432311-g5/locations/asia-northeast3/operations/operation-1736579403171-c91181c8-8d08-4137-b2c6-e46ea3106959?alt=json HTTP/1.1" 200 None
2025-01-11 16:11:46,171 DEBUG    urllib3.connectionpool Starting new HTTPS connection (1): container.googleapis.com:443
2025-01-11 16:11:46,265 DEBUG    urllib3.connectionpool https://container.googleapis.com:443 "GET /v1/projects/peppy-arcadia-432311-g5/locations/asia-northeast3/operations/operation-1736579403171-c91181c8-8d08-4137-b2c6-e46ea3106959?alt=json HTTP/1.1" 200 None
2025-01-11 16:11:51,270 DEBUG    urllib3.connectionpool Starting new HTTPS connection (1): container.googleapis.com:443
2025-01-11 16:11:51,425 DEBUG    urllib3.connectionpool https://container.googleapis.com:443 "GET /v1/projects/peppy-arcadia-432311-g5/locations/asia-northeast3/operations/operation-1736579403171-c91181c8-8d08-4137-b2c6-e46ea3106959?alt=json HTTP/1.1" 200 None
2025-01-11 16:11:56,429 DEBUG    urllib3.connectionpool Starting new HTTPS connection (1): container.googleapis.com:443
2025-01-11 16:11:56,573 DEBUG    urllib3.connectionpool https://container.googleapis.com:443 "GET /v1/projects/peppy-arcadia-432311-g5/locations/asia-northeast3/operations/operation-1736579403171-c91181c8-8d08-4137-b2c6-e46ea3106959?alt=json HTTP/1.1" 200 None
2025-01-11 16:12:01,578 DEBUG    urllib3.connectionpool Starting new HTTPS connection (1): container.googleapis.com:443
2025-01-11 16:12:01,707 DEBUG    urllib3.connectionpool https://container.googleapis.com:443 "GET /v1/projects/peppy-arcadia-432311-g5/locations/asia-northeast3/operations/operation-1736579403171-c91181c8-8d08-4137-b2c6-e46ea3106959?alt=json HTTP/1.1" 200 None
2025-01-11 16:12:06,722 DEBUG    urllib3.connectionpool Starting new HTTPS connection (1): container.googleapis.com:443
2025-01-11 16:12:06,892 DEBUG    urllib3.connectionpool https://container.googleapis.com:443 "GET /v1/projects/peppy-arcadia-432311-g5/locations/asia-northeast3/operations/operation-1736579403171-c91181c8-8d08-4137-b2c6-e46ea3106959?alt=json HTTP/1.1" 200 None
2025-01-11 16:12:11,895 DEBUG    urllib3.connectionpool Starting new HTTPS connection (1): container.googleapis.com:443
2025-01-11 16:12:12,028 DEBUG    urllib3.connectionpool https://container.googleapis.com:443 "GET /v1/projects/peppy-arcadia-432311-g5/locations/asia-northeast3/operations/operation-1736579403171-c91181c8-8d08-4137-b2c6-e46ea3106959?alt=json HTTP/1.1" 200 None
2025-01-11 16:12:17,034 DEBUG    urllib3.connectionpool Starting new HTTPS connection (1): container.googleapis.com:443
2025-01-11 16:12:17,173 DEBUG    urllib3.connectionpool https://container.googleapis.com:443 "GET /v1/projects/peppy-arcadia-432311-g5/locations/asia-northeast3/operations/operation-1736579403171-c91181c8-8d08-4137-b2c6-e46ea3106959?alt=json HTTP/1.1" 200 None
2025-01-11 16:12:22,180 DEBUG    urllib3.connectionpool Starting new HTTPS connection (1): container.googleapis.com:443
2025-01-11 16:12:22,364 DEBUG    urllib3.connectionpool https://container.googleapis.com:443 "GET /v1/projects/peppy-arcadia-432311-g5/locations/asia-northeast3/operations/operation-1736579403171-c91181c8-8d08-4137-b2c6-e46ea3106959?alt=json HTTP/1.1" 200 None
2025-01-11 16:12:27,368 DEBUG    urllib3.connectionpool Starting new HTTPS connection (1): container.googleapis.com:443
2025-01-11 16:12:27,496 DEBUG    urllib3.connectionpool https://container.googleapis.com:443 "GET /v1/projects/peppy-arcadia-432311-g5/locations/asia-northeast3/operations/operation-1736579403171-c91181c8-8d08-4137-b2c6-e46ea3106959?alt=json HTTP/1.1" 200 None
2025-01-11 16:12:32,499 DEBUG    urllib3.connectionpool Starting new HTTPS connection (1): container.googleapis.com:443
2025-01-11 16:12:32,639 DEBUG    urllib3.connectionpool https://container.googleapis.com:443 "GET /v1/projects/peppy-arcadia-432311-g5/locations/asia-northeast3/operations/operation-1736579403171-c91181c8-8d08-4137-b2c6-e46ea3106959?alt=json HTTP/1.1" 200 None
2025-01-11 16:12:37,644 DEBUG    urllib3.connectionpool Starting new HTTPS connection (1): container.googleapis.com:443
2025-01-11 16:12:37,837 DEBUG    urllib3.connectionpool https://container.googleapis.com:443 "GET /v1/projects/peppy-arcadia-432311-g5/locations/asia-northeast3/operations/operation-1736579403171-c91181c8-8d08-4137-b2c6-e46ea3106959?alt=json HTTP/1.1" 200 None
2025-01-11 16:12:42,842 DEBUG    urllib3.connectionpool Starting new HTTPS connection (1): container.googleapis.com:443
2025-01-11 16:12:42,953 DEBUG    urllib3.connectionpool https://container.googleapis.com:443 "GET /v1/projects/peppy-arcadia-432311-g5/locations/asia-northeast3/operations/operation-1736579403171-c91181c8-8d08-4137-b2c6-e46ea3106959?alt=json HTTP/1.1" 200 None
2025-01-11 16:12:47,958 DEBUG    urllib3.connectionpool Starting new HTTPS connection (1): container.googleapis.com:443
2025-01-11 16:12:48,064 DEBUG    urllib3.connectionpool https://container.googleapis.com:443 "GET /v1/projects/peppy-arcadia-432311-g5/locations/asia-northeast3/operations/operation-1736579403171-c91181c8-8d08-4137-b2c6-e46ea3106959?alt=json HTTP/1.1" 200 None
2025-01-11 16:12:53,069 DEBUG    urllib3.connectionpool Starting new HTTPS connection (1): container.googleapis.com:443
2025-01-11 16:12:53,203 DEBUG    urllib3.connectionpool https://container.googleapis.com:443 "GET /v1/projects/peppy-arcadia-432311-g5/locations/asia-northeast3/operations/operation-1736579403171-c91181c8-8d08-4137-b2c6-e46ea3106959?alt=json HTTP/1.1" 200 None
2025-01-11 16:12:58,210 DEBUG    urllib3.connectionpool Starting new HTTPS connection (1): container.googleapis.com:443
2025-01-11 16:12:58,364 DEBUG    urllib3.connectionpool https://container.googleapis.com:443 "GET /v1/projects/peppy-arcadia-432311-g5/locations/asia-northeast3/operations/operation-1736579403171-c91181c8-8d08-4137-b2c6-e46ea3106959?alt=json HTTP/1.1" 200 None
2025-01-11 16:13:03,369 DEBUG    urllib3.connectionpool Starting new HTTPS connection (1): container.googleapis.com:443
2025-01-11 16:13:03,464 DEBUG    urllib3.connectionpool https://container.googleapis.com:443 "GET /v1/projects/peppy-arcadia-432311-g5/locations/asia-northeast3/operations/operation-1736579403171-c91181c8-8d08-4137-b2c6-e46ea3106959?alt=json HTTP/1.1" 200 None
2025-01-11 16:13:08,470 DEBUG    urllib3.connectionpool Starting new HTTPS connection (1): container.googleapis.com:443
2025-01-11 16:13:08,653 DEBUG    urllib3.connectionpool https://container.googleapis.com:443 "GET /v1/projects/peppy-arcadia-432311-g5/locations/asia-northeast3/operations/operation-1736579403171-c91181c8-8d08-4137-b2c6-e46ea3106959?alt=json HTTP/1.1" 200 None
2025-01-11 16:13:13,661 DEBUG    urllib3.connectionpool Starting new HTTPS connection (1): container.googleapis.com:443
2025-01-11 16:13:13,811 DEBUG    urllib3.connectionpool https://container.googleapis.com:443 "GET /v1/projects/peppy-arcadia-432311-g5/locations/asia-northeast3/operations/operation-1736579403171-c91181c8-8d08-4137-b2c6-e46ea3106959?alt=json HTTP/1.1" 200 None
2025-01-11 16:13:18,816 DEBUG    urllib3.connectionpool Starting new HTTPS connection (1): container.googleapis.com:443
2025-01-11 16:13:18,955 DEBUG    urllib3.connectionpool https://container.googleapis.com:443 "GET /v1/projects/peppy-arcadia-432311-g5/locations/asia-northeast3/operations/operation-1736579403171-c91181c8-8d08-4137-b2c6-e46ea3106959?alt=json HTTP/1.1" 200 None
2025-01-11 16:13:23,959 DEBUG    urllib3.connectionpool Starting new HTTPS connection (1): container.googleapis.com:443
2025-01-11 16:13:24,139 DEBUG    urllib3.connectionpool https://container.googleapis.com:443 "GET /v1/projects/peppy-arcadia-432311-g5/locations/asia-northeast3/operations/operation-1736579403171-c91181c8-8d08-4137-b2c6-e46ea3106959?alt=json HTTP/1.1" 200 None
2025-01-11 16:13:29,144 DEBUG    urllib3.connectionpool Starting new HTTPS connection (1): container.googleapis.com:443
2025-01-11 16:13:29,238 DEBUG    urllib3.connectionpool https://container.googleapis.com:443 "GET /v1/projects/peppy-arcadia-432311-g5/locations/asia-northeast3/operations/operation-1736579403171-c91181c8-8d08-4137-b2c6-e46ea3106959?alt=json HTTP/1.1" 200 None
2025-01-11 16:13:34,243 DEBUG    urllib3.connectionpool Starting new HTTPS connection (1): container.googleapis.com:443
2025-01-11 16:13:34,376 DEBUG    urllib3.connectionpool https://container.googleapis.com:443 "GET /v1/projects/peppy-arcadia-432311-g5/locations/asia-northeast3/operations/operation-1736579403171-c91181c8-8d08-4137-b2c6-e46ea3106959?alt=json HTTP/1.1" 200 None
2025-01-11 16:13:39,382 DEBUG    urllib3.connectionpool Starting new HTTPS connection (1): container.googleapis.com:443
2025-01-11 16:13:39,561 DEBUG    urllib3.connectionpool https://container.googleapis.com:443 "GET /v1/projects/peppy-arcadia-432311-g5/locations/asia-northeast3/operations/operation-1736579403171-c91181c8-8d08-4137-b2c6-e46ea3106959?alt=json HTTP/1.1" 200 None
2025-01-11 16:13:44,567 DEBUG    urllib3.connectionpool Starting new HTTPS connection (1): container.googleapis.com:443
2025-01-11 16:13:44,709 DEBUG    urllib3.connectionpool https://container.googleapis.com:443 "GET /v1/projects/peppy-arcadia-432311-g5/locations/asia-northeast3/operations/operation-1736579403171-c91181c8-8d08-4137-b2c6-e46ea3106959?alt=json HTTP/1.1" 200 None
2025-01-11 16:13:49,715 DEBUG    urllib3.connectionpool Starting new HTTPS connection (1): container.googleapis.com:443
2025-01-11 16:13:49,802 DEBUG    urllib3.connectionpool https://container.googleapis.com:443 "GET /v1/projects/peppy-arcadia-432311-g5/locations/asia-northeast3/operations/operation-1736579403171-c91181c8-8d08-4137-b2c6-e46ea3106959?alt=json HTTP/1.1" 200 None
2025-01-11 16:13:54,807 DEBUG    urllib3.connectionpool Starting new HTTPS connection (1): container.googleapis.com:443
2025-01-11 16:13:54,996 DEBUG    urllib3.connectionpool https://container.googleapis.com:443 "GET /v1/projects/peppy-arcadia-432311-g5/locations/asia-northeast3/operations/operation-1736579403171-c91181c8-8d08-4137-b2c6-e46ea3106959?alt=json HTTP/1.1" 200 None
2025-01-11 16:14:00,003 DEBUG    urllib3.connectionpool Starting new HTTPS connection (1): container.googleapis.com:443
2025-01-11 16:14:00,183 DEBUG    urllib3.connectionpool https://container.googleapis.com:443 "GET /v1/projects/peppy-arcadia-432311-g5/locations/asia-northeast3/operations/operation-1736579403171-c91181c8-8d08-4137-b2c6-e46ea3106959?alt=json HTTP/1.1" 200 None
2025-01-11 16:14:05,187 DEBUG    urllib3.connectionpool Starting new HTTPS connection (1): container.googleapis.com:443
2025-01-11 16:14:05,376 DEBUG    urllib3.connectionpool https://container.googleapis.com:443 "GET /v1/projects/peppy-arcadia-432311-g5/locations/asia-northeast3/operations/operation-1736579403171-c91181c8-8d08-4137-b2c6-e46ea3106959?alt=json HTTP/1.1" 200 None
2025-01-11 16:14:10,381 DEBUG    urllib3.connectionpool Starting new HTTPS connection (1): container.googleapis.com:443
2025-01-11 16:14:10,554 DEBUG    urllib3.connectionpool https://container.googleapis.com:443 "GET /v1/projects/peppy-arcadia-432311-g5/locations/asia-northeast3/operations/operation-1736579403171-c91181c8-8d08-4137-b2c6-e46ea3106959?alt=json HTTP/1.1" 200 None
2025-01-11 16:14:10,556 INFO     root            Operation <Operation
 clusterConditions: []
 endTime: '2025-01-11T07:14:08.983738391Z'
 name: 'operation-1736579403171-c91181c8-8d08-4137-b2c6-e46ea3106959'
 nodepoolConditions: []
 operationType: OperationTypeValueValuesEnum(DELETE_NODE_POOL, 8)
 selfLink: 'https://container.googleapis.com/v1/projects/134982172036/locations/asia-northeast3/operations/operation-1736579403171-c91181c8-8d08-4137-b2c6-e46ea3106959'
 startTime: '2025-01-11T07:10:03.171356877Z'
 status: StatusValueValuesEnum(DONE, 3)
 targetLink: 'https://container.googleapis.com/v1/projects/134982172036/locations/asia-northeast3/clusters/gcp-dr-gke/nodePools/default-pool'
 zone: 'asia-northeast3'> finished after 2.47e+02 seconds
2025-01-11 16:14:10,634 INFO     ___FILE_ONLY___ Deleted [https://container.googleapis.com/v1/projects/peppy-arcadia-432311-g5/zones/asia-northeast3/clusters/gcp-dr-gke/nodePools/default-pool].

2025-01-11 16:14:10,635 DEBUG    root            Chosen display Format:none
2025-01-11 16:14:10,635 INFO     root            Display format: "none"
2025-01-11 16:14:10,665 DEBUG    root            SDK update checks are disabled.
