2025-01-11 16:58:52,562 DEBUG    root            Loaded Command Group: ['gcloud', 'compute']
2025-01-11 16:58:52,563 DEBUG    root            Loaded Command Group: ['gcloud', 'compute', 'addresses']
2025-01-11 16:58:52,578 DEBUG    root            Loaded Command Group: ['gcloud', 'compute', 'addresses', 'delete']
2025-01-11 16:58:52,579 DEBUG    root            Running [gcloud.compute.addresses.delete] with arguments: [--global: "True", NAME:1: "['cloudsql-private-ip-range']"]
2025-01-11 16:58:52,658 DEBUG    root            Chosen display Format:list[title="The following global addresses will be deleted:",always-display-title]
2025-01-11 16:58:54,191 DEBUG    urllib3.connectionpool Starting new HTTPS connection (1): compute.googleapis.com:443
2025-01-11 16:58:54,653 DEBUG    urllib3.connectionpool https://compute.googleapis.com:443 "DELETE /compute/v1/projects/peppy-arcadia-432311-g5/global/addresses/cloudsql-private-ip-range?alt=json HTTP/1.1" 404 None
2025-01-11 16:58:54,654 DEBUG    root            Chosen display Format:list[title="Could not fetch resource:",always-display-title]
2025-01-11 16:58:54,655 DEBUG    root            (gcloud.compute.addresses.delete) Could not fetch resource:
 - The resource 'projects/peppy-arcadia-432311-g5/global/addresses/cloudsql-private-ip-range' was not found
Traceback (most recent call last):
  File "/snap/google-cloud-cli/297/lib/googlecloudsdk/calliope/cli.py", line 998, in Execute
    resources = calliope_command.Run(cli=self, args=args)
                ^^^^^^^^^^^^^^^^^^^^^^^^^^^^^^^^^^^^^^^^^
  File "/snap/google-cloud-cli/297/lib/googlecloudsdk/calliope/backend.py", line 934, in Run
    resources = command_instance.Run(args)
                ^^^^^^^^^^^^^^^^^^^^^^^^^^
  File "/snap/google-cloud-cli/297/lib/surface/compute/addresses/delete.py", line 82, in Run
    return client.MakeRequests(requests)
           ^^^^^^^^^^^^^^^^^^^^^^^^^^^^^
  File "/snap/google-cloud-cli/297/lib/googlecloudsdk/api_lib/compute/client_adapter.py", line 145, in MakeRequests
    utils.RaiseToolException(
  File "/snap/google-cloud-cli/297/lib/googlecloudsdk/api_lib/compute/utils.py", line 139, in RaiseToolException
    RaiseException(problems, calliope_exceptions.ToolException, error_message)
  File "/snap/google-cloud-cli/297/lib/googlecloudsdk/api_lib/compute/utils.py", line 148, in RaiseException
    raise exception(
googlecloudsdk.calliope.exceptions.ToolException: Could not fetch resource:
 - The resource 'projects/peppy-arcadia-432311-g5/global/addresses/cloudsql-private-ip-range' was not found

2025-01-11 16:58:54,662 ERROR    root            (gcloud.compute.addresses.delete) Could not fetch resource:
 - The resource 'projects/peppy-arcadia-432311-g5/global/addresses/cloudsql-private-ip-range' was not found

