2025-01-11 16:55:05,384 DEBUG    root            Loaded Command Group: ['gcloud', 'compute']
2025-01-11 16:55:05,386 DEBUG    root            Loaded Command Group: ['gcloud', 'compute', 'addresses']
2025-01-11 16:55:05,403 DEBUG    root            Loaded Command Group: ['gcloud', 'compute', 'addresses', 'list']
2025-01-11 16:55:05,405 DEBUG    root            Running [gcloud.compute.addresses.list] with arguments: [--filter: "name=cloudsql-private-ip-range"]
2025-01-11 16:55:05,569 INFO     root            client_filter=None server_filter='name eq ".*\\bcloudsql\\-private\\-ip\\-range\\b.*"'
2025-01-11 16:55:05,569 DEBUG    root            Chosen display Format:        table(
          name,
          address_range():label=ADDRESS/RANGE,
          address_type:label=TYPE,
          purpose,
          network.basename(),
          region.basename(),
          subnetwork.basename():label=SUBNET,
          status
        )
2025-01-11 16:55:05,570 INFO     root            Display format: "        table(
          name,
          address_range():label=ADDRESS/RANGE,
          address_type:label=TYPE,
          purpose,
          network.basename(),
          region.basename(),
          subnetwork.basename():label=SUBNET,
          status
        )"
2025-01-11 16:55:05,572 DEBUG    urllib3.connectionpool Starting new HTTPS connection (1): compute.googleapis.com:443
2025-01-11 16:55:06,327 DEBUG    urllib3.connectionpool https://compute.googleapis.com:443 "GET /compute/v1/projects/peppy-arcadia-432311-g5/aggregated/addresses?alt=json&includeAllScopes=True&maxResults=500&returnPartialSuccess=True HTTP/1.1" 200 None
2025-01-11 16:55:06,344 WARNING  root            The following filter keys were not present in any resource : name
2025-01-11 16:55:06,344 INFO     ___FILE_ONLY___ Listed 0 items.

2025-01-11 16:55:06,344 DEBUG    root            SDK update checks are disabled.
