2025-01-19 02:05:28,107 DEBUG    root            Loaded Command Group: ['gcloud', 'config']
2025-01-19 02:05:28,110 DEBUG    root            Loaded Command Group: ['gcloud', 'config', 'config_helper']
2025-01-19 02:05:28,111 DEBUG    root            Running [gcloud.config.config-helper] with arguments: [--format: "json"]
2025-01-19 02:05:28,200 DEBUG    google.auth.transport.requests Making request: POST https://oauth2.googleapis.com/token
2025-01-19 02:05:28,201 DEBUG    urllib3.connectionpool Starting new HTTPS connection (1): oauth2.googleapis.com:443
2025-01-19 02:05:28,511 DEBUG    urllib3.connectionpool https://oauth2.googleapis.com:443 "POST /token HTTP/1.1" 200 None
2025-01-19 02:05:28,526 DEBUG    root            Chosen display Format:default json
2025-01-19 02:05:28,526 INFO     root            Display format: "default json"
2025-01-19 02:05:28,538 INFO     ___FILE_ONLY___ {
  "configuration": {
    "active_configuration": "default",
    "properties": {
      "core": {
        "account": "1201ljhun@gmail.com",
        "disable_usage_reporting": "True",
        "project": "peppy-arcadia-432311-g5"
      }
    }
  },
  "credential": {
    "access_token": "ya29.a0ARW5m76tw2bIY1CbXZJhetEjLECeshApeksjYMOsbfxfFCpPrOlhhW-L87rWQsHoK3_fFrLxyk1cpJ-KT9CFG8fpkw5yoqnSNX6VFV9zruj_-Aun7MLaqrlrxlFH9OgPoPXEkKC7X09mr_7V0nPaBioEdoB67fbmT3IqHyGq4w2zTO8aCgYKAfgSARISFQHGX2Mi_mS1Td19nJiMOO6a-lkrkA0182",
    "id_token": "eyJhbGciOiJSUzI1NiIsImtpZCI6ImRkMTI1ZDVmNDYyZmJjNjAxNGFlZGFiODFkZGYzYmNlZGFiNzA4NDciLCJ0eXAiOiJKV1QifQ.eyJpc3MiOiJodHRwczovL2FjY291bnRzLmdvb2dsZS5jb20iLCJhenAiOiIzMjU1NTk0MDU1OS5hcHBzLmdvb2dsZXVzZXJjb250ZW50LmNvbSIsImF1ZCI6IjMyNTU1OTQwNTU5LmFwcHMuZ29vZ2xldXNlcmNvbnRlbnQuY29tIiwic3ViIjoiMTA1MDk2MzU3NDMwMjQzNjQxMTQxIiwiZW1haWwiOiIxMjAxbGpodW5AZ21haWwuY29tIiwiZW1haWxfdmVyaWZpZWQiOnRydWUsImF0X2hhc2giOiJ3cWNrV3dSQTJsLVZ6a0V2YWY4U3d3IiwiaWF0IjoxNzM3MjE5OTI4LCJleHAiOjE3MzcyMjM1Mjh9.LZ89HQz7Nt3POBlUEI8WzdfUe_cwV8SDJar2Mm8aJ_uZcZQp0q0QHamkxJ2-8dhGA-HpEbsYoomXx9gEE1tkjjRmqmhBVGQnMmvzMK0FNav-8_7ESG69zsi2Mjpv_XNSte3zm-uGe4Bcf7uN26QjSFp8lKlStix9HDXQJrimhe2Gs3WXD3jHzDvEp9W9cUXvpbeWWHnQZppEaDWjGhB_UpyxU3D51Iyv6KOLNVvbZosD5_tMJzI6jJAeAvQfSJuDMAIdnr7d5MPueIuKA6kr3YUO17q1LBN0AmffasgFwXx8VezLHiQeNM-dnRoDfxt0RQTyaR3hicQJmCvRGXbZHg",
    "token_expiry": "2025-01-18T18:05:27Z"
  },
  "sentinels": {
    "config_sentinel": "/home/ubuntu/.config/gcloud/config_sentinel"
  }
}
2025-01-19 02:05:28,538 INFO     ___FILE_ONLY___ 

2025-01-19 02:05:28,538 DEBUG    root            SDK update checks are disabled.
