2025-01-19 02:43:32,560 DEBUG    root            Loaded Command Group: ['gcloud', 'container', 'node_pools']
2025-01-19 02:43:32,562 DEBUG    root            Loaded Command Group: ['gcloud', 'container', 'node-pools', 'delete']
2025-01-19 02:43:32,603 DEBUG    root            Running [gcloud.container.node-pools.delete] with arguments: [--cluster: "gcp-dr-gke", --quiet: "True", --region: "asia-northeast3", NAME: "default-pool"]
2025-01-19 02:43:32,605 DEBUG    urllib3.connectionpool Starting new HTTPS connection (1): container.googleapis.com:443
2025-01-19 02:43:32,817 DEBUG    urllib3.connectionpool https://container.googleapis.com:443 "GET /v1/projects/peppy-arcadia-432311-g5/locations/asia-northeast3/clusters/gcp-dr-gke/nodePools/default-pool?alt=json HTTP/1.1" 200 None
2025-01-19 02:43:32,824 DEBUG    urllib3.connectionpool Starting new HTTPS connection (1): container.googleapis.com:443
2025-01-19 02:43:33,116 DEBUG    urllib3.connectionpool https://container.googleapis.com:443 "DELETE /v1/projects/peppy-arcadia-432311-g5/locations/asia-northeast3/clusters/gcp-dr-gke/nodePools/default-pool?alt=json HTTP/1.1" 200 None
2025-01-19 02:43:33,119 INFO     ___FILE_ONLY___ Deleting node pool default-pool...
2025-01-19 02:43:33,122 DEBUG    urllib3.connectionpool Starting new HTTPS connection (1): container.googleapis.com:443
2025-01-19 02:43:33,296 DEBUG    urllib3.connectionpool https://container.googleapis.com:443 "GET /v1/projects/peppy-arcadia-432311-g5/locations/asia-northeast3/operations/operation-1737222213027-2e01edfe-7c7b-4e75-b223-69948c081a77?alt=json HTTP/1.1" 200 None
2025-01-19 02:43:38,301 DEBUG    urllib3.connectionpool Starting new HTTPS connection (1): container.googleapis.com:443
2025-01-19 02:43:38,518 DEBUG    urllib3.connectionpool https://container.googleapis.com:443 "GET /v1/projects/peppy-arcadia-432311-g5/locations/asia-northeast3/operations/operation-1737222213027-2e01edfe-7c7b-4e75-b223-69948c081a77?alt=json HTTP/1.1" 200 None
2025-01-19 02:43:43,523 DEBUG    urllib3.connectionpool Starting new HTTPS connection (1): container.googleapis.com:443
2025-01-19 02:43:43,701 DEBUG    urllib3.connectionpool https://container.googleapis.com:443 "GET /v1/projects/peppy-arcadia-432311-g5/locations/asia-northeast3/operations/operation-1737222213027-2e01edfe-7c7b-4e75-b223-69948c081a77?alt=json HTTP/1.1" 200 None
2025-01-19 02:43:48,705 DEBUG    urllib3.connectionpool Starting new HTTPS connection (1): container.googleapis.com:443
2025-01-19 02:43:48,885 DEBUG    urllib3.connectionpool https://container.googleapis.com:443 "GET /v1/projects/peppy-arcadia-432311-g5/locations/asia-northeast3/operations/operation-1737222213027-2e01edfe-7c7b-4e75-b223-69948c081a77?alt=json HTTP/1.1" 200 None
2025-01-19 02:43:53,892 DEBUG    urllib3.connectionpool Starting new HTTPS connection (1): container.googleapis.com:443
2025-01-19 02:43:54,069 DEBUG    urllib3.connectionpool https://container.googleapis.com:443 "GET /v1/projects/peppy-arcadia-432311-g5/locations/asia-northeast3/operations/operation-1737222213027-2e01edfe-7c7b-4e75-b223-69948c081a77?alt=json HTTP/1.1" 200 None
2025-01-19 02:43:59,075 DEBUG    urllib3.connectionpool Starting new HTTPS connection (1): container.googleapis.com:443
2025-01-19 02:43:59,299 DEBUG    urllib3.connectionpool https://container.googleapis.com:443 "GET /v1/projects/peppy-arcadia-432311-g5/locations/asia-northeast3/operations/operation-1737222213027-2e01edfe-7c7b-4e75-b223-69948c081a77?alt=json HTTP/1.1" 200 None
2025-01-19 02:44:04,303 DEBUG    urllib3.connectionpool Starting new HTTPS connection (1): container.googleapis.com:443
2025-01-19 02:44:04,445 DEBUG    urllib3.connectionpool https://container.googleapis.com:443 "GET /v1/projects/peppy-arcadia-432311-g5/locations/asia-northeast3/operations/operation-1737222213027-2e01edfe-7c7b-4e75-b223-69948c081a77?alt=json HTTP/1.1" 200 None
2025-01-19 02:44:09,450 DEBUG    urllib3.connectionpool Starting new HTTPS connection (1): container.googleapis.com:443
2025-01-19 02:44:09,545 DEBUG    urllib3.connectionpool https://container.googleapis.com:443 "GET /v1/projects/peppy-arcadia-432311-g5/locations/asia-northeast3/operations/operation-1737222213027-2e01edfe-7c7b-4e75-b223-69948c081a77?alt=json HTTP/1.1" 200 None
2025-01-19 02:44:14,548 DEBUG    urllib3.connectionpool Starting new HTTPS connection (1): container.googleapis.com:443
2025-01-19 02:44:14,801 DEBUG    urllib3.connectionpool https://container.googleapis.com:443 "GET /v1/projects/peppy-arcadia-432311-g5/locations/asia-northeast3/operations/operation-1737222213027-2e01edfe-7c7b-4e75-b223-69948c081a77?alt=json HTTP/1.1" 200 None
2025-01-19 02:44:19,805 DEBUG    urllib3.connectionpool Starting new HTTPS connection (1): container.googleapis.com:443
2025-01-19 02:44:20,030 DEBUG    urllib3.connectionpool https://container.googleapis.com:443 "GET /v1/projects/peppy-arcadia-432311-g5/locations/asia-northeast3/operations/operation-1737222213027-2e01edfe-7c7b-4e75-b223-69948c081a77?alt=json HTTP/1.1" 200 None
2025-01-19 02:44:25,036 DEBUG    urllib3.connectionpool Starting new HTTPS connection (1): container.googleapis.com:443
2025-01-19 02:44:25,257 DEBUG    urllib3.connectionpool https://container.googleapis.com:443 "GET /v1/projects/peppy-arcadia-432311-g5/locations/asia-northeast3/operations/operation-1737222213027-2e01edfe-7c7b-4e75-b223-69948c081a77?alt=json HTTP/1.1" 200 None
2025-01-19 02:44:30,263 DEBUG    urllib3.connectionpool Starting new HTTPS connection (1): container.googleapis.com:443
2025-01-19 02:44:30,402 DEBUG    urllib3.connectionpool https://container.googleapis.com:443 "GET /v1/projects/peppy-arcadia-432311-g5/locations/asia-northeast3/operations/operation-1737222213027-2e01edfe-7c7b-4e75-b223-69948c081a77?alt=json HTTP/1.1" 200 None
2025-01-19 02:44:35,408 DEBUG    urllib3.connectionpool Starting new HTTPS connection (1): container.googleapis.com:443
2025-01-19 02:44:35,550 DEBUG    urllib3.connectionpool https://container.googleapis.com:443 "GET /v1/projects/peppy-arcadia-432311-g5/locations/asia-northeast3/operations/operation-1737222213027-2e01edfe-7c7b-4e75-b223-69948c081a77?alt=json HTTP/1.1" 200 None
2025-01-19 02:44:40,556 DEBUG    urllib3.connectionpool Starting new HTTPS connection (1): container.googleapis.com:443
2025-01-19 02:44:40,712 DEBUG    urllib3.connectionpool https://container.googleapis.com:443 "GET /v1/projects/peppy-arcadia-432311-g5/locations/asia-northeast3/operations/operation-1737222213027-2e01edfe-7c7b-4e75-b223-69948c081a77?alt=json HTTP/1.1" 200 None
2025-01-19 02:44:45,718 DEBUG    urllib3.connectionpool Starting new HTTPS connection (1): container.googleapis.com:443
2025-01-19 02:44:45,855 DEBUG    urllib3.connectionpool https://container.googleapis.com:443 "GET /v1/projects/peppy-arcadia-432311-g5/locations/asia-northeast3/operations/operation-1737222213027-2e01edfe-7c7b-4e75-b223-69948c081a77?alt=json HTTP/1.1" 200 None
2025-01-19 02:44:50,861 DEBUG    urllib3.connectionpool Starting new HTTPS connection (1): container.googleapis.com:443
2025-01-19 02:44:51,000 DEBUG    urllib3.connectionpool https://container.googleapis.com:443 "GET /v1/projects/peppy-arcadia-432311-g5/locations/asia-northeast3/operations/operation-1737222213027-2e01edfe-7c7b-4e75-b223-69948c081a77?alt=json HTTP/1.1" 200 None
2025-01-19 02:44:56,005 DEBUG    urllib3.connectionpool Starting new HTTPS connection (1): container.googleapis.com:443
2025-01-19 02:44:56,092 DEBUG    urllib3.connectionpool https://container.googleapis.com:443 "GET /v1/projects/peppy-arcadia-432311-g5/locations/asia-northeast3/operations/operation-1737222213027-2e01edfe-7c7b-4e75-b223-69948c081a77?alt=json HTTP/1.1" 200 None
2025-01-19 02:45:01,099 DEBUG    urllib3.connectionpool Starting new HTTPS connection (1): container.googleapis.com:443
2025-01-19 02:45:01,231 DEBUG    urllib3.connectionpool https://container.googleapis.com:443 "GET /v1/projects/peppy-arcadia-432311-g5/locations/asia-northeast3/operations/operation-1737222213027-2e01edfe-7c7b-4e75-b223-69948c081a77?alt=json HTTP/1.1" 200 None
2025-01-19 02:45:06,235 DEBUG    urllib3.connectionpool Starting new HTTPS connection (1): container.googleapis.com:443
2025-01-19 02:45:06,411 DEBUG    urllib3.connectionpool https://container.googleapis.com:443 "GET /v1/projects/peppy-arcadia-432311-g5/locations/asia-northeast3/operations/operation-1737222213027-2e01edfe-7c7b-4e75-b223-69948c081a77?alt=json HTTP/1.1" 200 None
2025-01-19 02:45:11,415 DEBUG    urllib3.connectionpool Starting new HTTPS connection (1): container.googleapis.com:443
2025-01-19 02:45:11,546 DEBUG    urllib3.connectionpool https://container.googleapis.com:443 "GET /v1/projects/peppy-arcadia-432311-g5/locations/asia-northeast3/operations/operation-1737222213027-2e01edfe-7c7b-4e75-b223-69948c081a77?alt=json HTTP/1.1" 200 None
2025-01-19 02:45:16,551 DEBUG    urllib3.connectionpool Starting new HTTPS connection (1): container.googleapis.com:443
2025-01-19 02:45:16,682 DEBUG    urllib3.connectionpool https://container.googleapis.com:443 "GET /v1/projects/peppy-arcadia-432311-g5/locations/asia-northeast3/operations/operation-1737222213027-2e01edfe-7c7b-4e75-b223-69948c081a77?alt=json HTTP/1.1" 200 None
2025-01-19 02:45:21,688 DEBUG    urllib3.connectionpool Starting new HTTPS connection (1): container.googleapis.com:443
2025-01-19 02:45:21,867 DEBUG    urllib3.connectionpool https://container.googleapis.com:443 "GET /v1/projects/peppy-arcadia-432311-g5/locations/asia-northeast3/operations/operation-1737222213027-2e01edfe-7c7b-4e75-b223-69948c081a77?alt=json HTTP/1.1" 200 None
2025-01-19 02:45:26,871 DEBUG    urllib3.connectionpool Starting new HTTPS connection (1): container.googleapis.com:443
2025-01-19 02:45:27,001 DEBUG    urllib3.connectionpool https://container.googleapis.com:443 "GET /v1/projects/peppy-arcadia-432311-g5/locations/asia-northeast3/operations/operation-1737222213027-2e01edfe-7c7b-4e75-b223-69948c081a77?alt=json HTTP/1.1" 200 None
2025-01-19 02:45:32,008 DEBUG    urllib3.connectionpool Starting new HTTPS connection (1): container.googleapis.com:443
2025-01-19 02:45:32,146 DEBUG    urllib3.connectionpool https://container.googleapis.com:443 "GET /v1/projects/peppy-arcadia-432311-g5/locations/asia-northeast3/operations/operation-1737222213027-2e01edfe-7c7b-4e75-b223-69948c081a77?alt=json HTTP/1.1" 200 None
2025-01-19 02:45:37,152 DEBUG    urllib3.connectionpool Starting new HTTPS connection (1): container.googleapis.com:443
2025-01-19 02:45:37,248 DEBUG    urllib3.connectionpool https://container.googleapis.com:443 "GET /v1/projects/peppy-arcadia-432311-g5/locations/asia-northeast3/operations/operation-1737222213027-2e01edfe-7c7b-4e75-b223-69948c081a77?alt=json HTTP/1.1" 200 None
2025-01-19 02:45:42,254 DEBUG    urllib3.connectionpool Starting new HTTPS connection (1): container.googleapis.com:443
2025-01-19 02:45:42,390 DEBUG    urllib3.connectionpool https://container.googleapis.com:443 "GET /v1/projects/peppy-arcadia-432311-g5/locations/asia-northeast3/operations/operation-1737222213027-2e01edfe-7c7b-4e75-b223-69948c081a77?alt=json HTTP/1.1" 200 None
2025-01-19 02:45:47,394 DEBUG    urllib3.connectionpool Starting new HTTPS connection (1): container.googleapis.com:443
2025-01-19 02:45:47,492 DEBUG    urllib3.connectionpool https://container.googleapis.com:443 "GET /v1/projects/peppy-arcadia-432311-g5/locations/asia-northeast3/operations/operation-1737222213027-2e01edfe-7c7b-4e75-b223-69948c081a77?alt=json HTTP/1.1" 200 None
2025-01-19 02:45:52,498 DEBUG    urllib3.connectionpool Starting new HTTPS connection (1): container.googleapis.com:443
2025-01-19 02:45:52,636 DEBUG    urllib3.connectionpool https://container.googleapis.com:443 "GET /v1/projects/peppy-arcadia-432311-g5/locations/asia-northeast3/operations/operation-1737222213027-2e01edfe-7c7b-4e75-b223-69948c081a77?alt=json HTTP/1.1" 200 None
2025-01-19 02:45:57,642 DEBUG    urllib3.connectionpool Starting new HTTPS connection (1): container.googleapis.com:443
2025-01-19 02:45:57,736 DEBUG    urllib3.connectionpool https://container.googleapis.com:443 "GET /v1/projects/peppy-arcadia-432311-g5/locations/asia-northeast3/operations/operation-1737222213027-2e01edfe-7c7b-4e75-b223-69948c081a77?alt=json HTTP/1.1" 200 None
2025-01-19 02:46:02,740 DEBUG    urllib3.connectionpool Starting new HTTPS connection (1): container.googleapis.com:443
2025-01-19 02:46:02,935 DEBUG    urllib3.connectionpool https://container.googleapis.com:443 "GET /v1/projects/peppy-arcadia-432311-g5/locations/asia-northeast3/operations/operation-1737222213027-2e01edfe-7c7b-4e75-b223-69948c081a77?alt=json HTTP/1.1" 200 None
2025-01-19 02:46:07,940 DEBUG    urllib3.connectionpool Starting new HTTPS connection (1): container.googleapis.com:443
2025-01-19 02:46:08,084 DEBUG    urllib3.connectionpool https://container.googleapis.com:443 "GET /v1/projects/peppy-arcadia-432311-g5/locations/asia-northeast3/operations/operation-1737222213027-2e01edfe-7c7b-4e75-b223-69948c081a77?alt=json HTTP/1.1" 200 None
2025-01-19 02:46:13,089 DEBUG    urllib3.connectionpool Starting new HTTPS connection (1): container.googleapis.com:443
2025-01-19 02:46:13,221 DEBUG    urllib3.connectionpool https://container.googleapis.com:443 "GET /v1/projects/peppy-arcadia-432311-g5/locations/asia-northeast3/operations/operation-1737222213027-2e01edfe-7c7b-4e75-b223-69948c081a77?alt=json HTTP/1.1" 200 None
2025-01-19 02:46:18,225 DEBUG    urllib3.connectionpool Starting new HTTPS connection (1): container.googleapis.com:443
2025-01-19 02:46:18,356 DEBUG    urllib3.connectionpool https://container.googleapis.com:443 "GET /v1/projects/peppy-arcadia-432311-g5/locations/asia-northeast3/operations/operation-1737222213027-2e01edfe-7c7b-4e75-b223-69948c081a77?alt=json HTTP/1.1" 200 None
2025-01-19 02:46:23,360 DEBUG    urllib3.connectionpool Starting new HTTPS connection (1): container.googleapis.com:443
2025-01-19 02:46:23,532 DEBUG    urllib3.connectionpool https://container.googleapis.com:443 "GET /v1/projects/peppy-arcadia-432311-g5/locations/asia-northeast3/operations/operation-1737222213027-2e01edfe-7c7b-4e75-b223-69948c081a77?alt=json HTTP/1.1" 200 None
2025-01-19 02:46:28,538 DEBUG    urllib3.connectionpool Starting new HTTPS connection (1): container.googleapis.com:443
2025-01-19 02:46:28,670 DEBUG    urllib3.connectionpool https://container.googleapis.com:443 "GET /v1/projects/peppy-arcadia-432311-g5/locations/asia-northeast3/operations/operation-1737222213027-2e01edfe-7c7b-4e75-b223-69948c081a77?alt=json HTTP/1.1" 200 None
2025-01-19 02:46:33,675 DEBUG    urllib3.connectionpool Starting new HTTPS connection (1): container.googleapis.com:443
2025-01-19 02:46:33,859 DEBUG    urllib3.connectionpool https://container.googleapis.com:443 "GET /v1/projects/peppy-arcadia-432311-g5/locations/asia-northeast3/operations/operation-1737222213027-2e01edfe-7c7b-4e75-b223-69948c081a77?alt=json HTTP/1.1" 200 None
2025-01-19 02:46:38,864 DEBUG    urllib3.connectionpool Starting new HTTPS connection (1): container.googleapis.com:443
2025-01-19 02:46:39,001 DEBUG    urllib3.connectionpool https://container.googleapis.com:443 "GET /v1/projects/peppy-arcadia-432311-g5/locations/asia-northeast3/operations/operation-1737222213027-2e01edfe-7c7b-4e75-b223-69948c081a77?alt=json HTTP/1.1" 200 None
2025-01-19 02:46:44,004 DEBUG    urllib3.connectionpool Starting new HTTPS connection (1): container.googleapis.com:443
2025-01-19 02:46:44,092 DEBUG    urllib3.connectionpool https://container.googleapis.com:443 "GET /v1/projects/peppy-arcadia-432311-g5/locations/asia-northeast3/operations/operation-1737222213027-2e01edfe-7c7b-4e75-b223-69948c081a77?alt=json HTTP/1.1" 200 None
2025-01-19 02:46:49,097 DEBUG    urllib3.connectionpool Starting new HTTPS connection (1): container.googleapis.com:443
2025-01-19 02:46:49,288 DEBUG    urllib3.connectionpool https://container.googleapis.com:443 "GET /v1/projects/peppy-arcadia-432311-g5/locations/asia-northeast3/operations/operation-1737222213027-2e01edfe-7c7b-4e75-b223-69948c081a77?alt=json HTTP/1.1" 200 None
2025-01-19 02:46:54,292 DEBUG    urllib3.connectionpool Starting new HTTPS connection (1): container.googleapis.com:443
2025-01-19 02:46:54,434 DEBUG    urllib3.connectionpool https://container.googleapis.com:443 "GET /v1/projects/peppy-arcadia-432311-g5/locations/asia-northeast3/operations/operation-1737222213027-2e01edfe-7c7b-4e75-b223-69948c081a77?alt=json HTTP/1.1" 200 None
2025-01-19 02:46:59,440 DEBUG    urllib3.connectionpool Starting new HTTPS connection (1): container.googleapis.com:443
2025-01-19 02:46:59,531 DEBUG    urllib3.connectionpool https://container.googleapis.com:443 "GET /v1/projects/peppy-arcadia-432311-g5/locations/asia-northeast3/operations/operation-1737222213027-2e01edfe-7c7b-4e75-b223-69948c081a77?alt=json HTTP/1.1" 200 None
2025-01-19 02:47:04,536 DEBUG    urllib3.connectionpool Starting new HTTPS connection (1): container.googleapis.com:443
2025-01-19 02:47:04,630 DEBUG    urllib3.connectionpool https://container.googleapis.com:443 "GET /v1/projects/peppy-arcadia-432311-g5/locations/asia-northeast3/operations/operation-1737222213027-2e01edfe-7c7b-4e75-b223-69948c081a77?alt=json HTTP/1.1" 200 None
2025-01-19 02:47:09,634 DEBUG    urllib3.connectionpool Starting new HTTPS connection (1): container.googleapis.com:443
2025-01-19 02:47:09,725 DEBUG    urllib3.connectionpool https://container.googleapis.com:443 "GET /v1/projects/peppy-arcadia-432311-g5/locations/asia-northeast3/operations/operation-1737222213027-2e01edfe-7c7b-4e75-b223-69948c081a77?alt=json HTTP/1.1" 200 None
2025-01-19 02:47:14,731 DEBUG    urllib3.connectionpool Starting new HTTPS connection (1): container.googleapis.com:443
2025-01-19 02:47:14,818 DEBUG    urllib3.connectionpool https://container.googleapis.com:443 "GET /v1/projects/peppy-arcadia-432311-g5/locations/asia-northeast3/operations/operation-1737222213027-2e01edfe-7c7b-4e75-b223-69948c081a77?alt=json HTTP/1.1" 200 None
2025-01-19 02:47:19,821 DEBUG    urllib3.connectionpool Starting new HTTPS connection (1): container.googleapis.com:443
2025-01-19 02:47:19,967 DEBUG    urllib3.connectionpool https://container.googleapis.com:443 "GET /v1/projects/peppy-arcadia-432311-g5/locations/asia-northeast3/operations/operation-1737222213027-2e01edfe-7c7b-4e75-b223-69948c081a77?alt=json HTTP/1.1" 200 None
2025-01-19 02:47:24,972 DEBUG    urllib3.connectionpool Starting new HTTPS connection (1): container.googleapis.com:443
2025-01-19 02:47:25,077 DEBUG    urllib3.connectionpool https://container.googleapis.com:443 "GET /v1/projects/peppy-arcadia-432311-g5/locations/asia-northeast3/operations/operation-1737222213027-2e01edfe-7c7b-4e75-b223-69948c081a77?alt=json HTTP/1.1" 200 None
2025-01-19 02:47:30,083 DEBUG    urllib3.connectionpool Starting new HTTPS connection (1): container.googleapis.com:443
2025-01-19 02:47:30,212 DEBUG    urllib3.connectionpool https://container.googleapis.com:443 "GET /v1/projects/peppy-arcadia-432311-g5/locations/asia-northeast3/operations/operation-1737222213027-2e01edfe-7c7b-4e75-b223-69948c081a77?alt=json HTTP/1.1" 200 None
2025-01-19 02:47:35,217 DEBUG    urllib3.connectionpool Starting new HTTPS connection (1): container.googleapis.com:443
2025-01-19 02:47:35,418 DEBUG    urllib3.connectionpool https://container.googleapis.com:443 "GET /v1/projects/peppy-arcadia-432311-g5/locations/asia-northeast3/operations/operation-1737222213027-2e01edfe-7c7b-4e75-b223-69948c081a77?alt=json HTTP/1.1" 200 None
2025-01-19 02:47:40,423 DEBUG    urllib3.connectionpool Starting new HTTPS connection (1): container.googleapis.com:443
2025-01-19 02:47:40,560 DEBUG    urllib3.connectionpool https://container.googleapis.com:443 "GET /v1/projects/peppy-arcadia-432311-g5/locations/asia-northeast3/operations/operation-1737222213027-2e01edfe-7c7b-4e75-b223-69948c081a77?alt=json HTTP/1.1" 200 None
2025-01-19 02:47:40,562 INFO     root            Operation <Operation
 clusterConditions: []
 endTime: '2025-01-18T17:47:40.722199709Z'
 name: 'operation-1737222213027-2e01edfe-7c7b-4e75-b223-69948c081a77'
 nodepoolConditions: []
 operationType: OperationTypeValueValuesEnum(DELETE_NODE_POOL, 8)
 selfLink: 'https://container.googleapis.com/v1/projects/134982172036/locations/asia-northeast3/operations/operation-1737222213027-2e01edfe-7c7b-4e75-b223-69948c081a77'
 startTime: '2025-01-18T17:43:33.027773535Z'
 status: StatusValueValuesEnum(DONE, 3)
 targetLink: 'https://container.googleapis.com/v1/projects/134982172036/locations/asia-northeast3/clusters/gcp-dr-gke/nodePools/default-pool'
 zone: 'asia-northeast3'> finished after 2.47e+02 seconds
2025-01-19 02:47:40,586 INFO     ___FILE_ONLY___ Deleted [https://container.googleapis.com/v1/projects/peppy-arcadia-432311-g5/zones/asia-northeast3/clusters/gcp-dr-gke/nodePools/default-pool].

2025-01-19 02:47:40,586 DEBUG    root            Chosen display Format:none
2025-01-19 02:47:40,587 INFO     root            Display format: "none"
2025-01-19 02:47:40,607 DEBUG    root            SDK update checks are disabled.
