2025-01-19 04:21:36,926 DEBUG    root            Loaded Command Group: ['gcloud', 'config']
2025-01-19 04:21:36,928 DEBUG    root            Loaded Command Group: ['gcloud', 'config', 'config_helper']
2025-01-19 04:21:36,929 DEBUG    root            Running [gcloud.config.config-helper] with arguments: [--format: "json"]
2025-01-19 04:21:37,019 DEBUG    google.auth.transport.requests Making request: POST https://oauth2.googleapis.com/token
2025-01-19 04:21:37,020 DEBUG    urllib3.connectionpool Starting new HTTPS connection (1): oauth2.googleapis.com:443
2025-01-19 04:21:37,315 DEBUG    urllib3.connectionpool https://oauth2.googleapis.com:443 "POST /token HTTP/1.1" 200 None
2025-01-19 04:21:37,331 DEBUG    root            Chosen display Format:default json
2025-01-19 04:21:37,331 INFO     root            Display format: "default json"
2025-01-19 04:21:37,347 INFO     ___FILE_ONLY___ {
  "configuration": {
    "active_configuration": "default",
    "properties": {
      "core": {
        "account": "1201ljhun@gmail.com",
        "disable_usage_reporting": "True",
        "project": "peppy-arcadia-432311-g5"
      }
    }
  },
  "credential": {
    "access_token": "ya29.a0ARW5m74xb1_2W9yJKuyPvKxUzfDgpUX5Zw0djHdokmp5ydR5d1nUSX1qnUukgqGTxhkdnB1k42kSdFEmsd5j_Ed_xCwM7VpGSn7fxmipxmOB3eNKXCo_Lk7tLQ-b_Ez6BkCBaSC8jxiow8VoSOuIW1DQhcZH-2FUBOyE4X8by0Dq3JUaCgYKAU4SARISFQHGX2MiNFumrGAql57IwqOwAw3teA0182",
    "id_token": "eyJhbGciOiJSUzI1NiIsImtpZCI6ImRkMTI1ZDVmNDYyZmJjNjAxNGFlZGFiODFkZGYzYmNlZGFiNzA4NDciLCJ0eXAiOiJKV1QifQ.eyJpc3MiOiJodHRwczovL2FjY291bnRzLmdvb2dsZS5jb20iLCJhenAiOiIzMjU1NTk0MDU1OS5hcHBzLmdvb2dsZXVzZXJjb250ZW50LmNvbSIsImF1ZCI6IjMyNTU1OTQwNTU5LmFwcHMuZ29vZ2xldXNlcmNvbnRlbnQuY29tIiwic3ViIjoiMTA1MDk2MzU3NDMwMjQzNjQxMTQxIiwiZW1haWwiOiIxMjAxbGpodW5AZ21haWwuY29tIiwiZW1haWxfdmVyaWZpZWQiOnRydWUsImF0X2hhc2giOiJDMnhOMnNKODJfeUV1Mi1tYXpETHJ3IiwiaWF0IjoxNzM3MjI4MDk3LCJleHAiOjE3MzcyMzE2OTd9.MPpr8Xotw_npu8h1bnbXMpPcLM_jC2ei_8JqAu5aBpkR6AiM5lGafYCUvcZlHMEeFODwpuU8zfNO4eubyx8pq_cVhR4zZjn_KNHeBPLfoBg9GVtX2AnTxgq2iKuS6m1Ft9ulX09BFkj0XxxFmzyO4tEwzlvMiYYNyp5LoHBcI6HmqbLhd9hvG7m1GFgGGcBDYdEVjuihZhi5L7adykqXmLVxkLYOrDunntCrgTa33-O3Tgs7b0Rsk6jw8un6bQvPtgYMJRTL8L1iTT4I44yWcOy5eeLhFw4W-kYaaMGm-WRl64DiQUP9Sqs4qoKY7_bDDcwbdk1KxdNggbQ4SgRPtA",
    "token_expiry": "2025-01-18T20:21:36Z"
  },
  "sentinels": {
    "config_sentinel": "/home/ubuntu/.config/gcloud/config_sentinel"
  }
}
2025-01-19 04:21:37,347 INFO     ___FILE_ONLY___ 

2025-01-19 04:21:37,347 DEBUG    root            SDK update checks are disabled.
