2025-01-19 05:26:57,844 DEBUG    root            Loaded Command Group: ['gcloud', 'container', 'node_pools']
2025-01-19 05:26:57,845 DEBUG    root            Loaded Command Group: ['gcloud', 'container', 'node-pools', 'delete']
2025-01-19 05:26:57,870 DEBUG    google.auth.transport.requests Making request: POST https://oauth2.googleapis.com/token
2025-01-19 05:26:57,871 DEBUG    urllib3.connectionpool Starting new HTTPS connection (1): oauth2.googleapis.com:443
2025-01-19 05:26:58,176 DEBUG    urllib3.connectionpool https://oauth2.googleapis.com:443 "POST /token HTTP/1.1" 200 None
2025-01-19 05:26:58,204 DEBUG    root            Running [gcloud.container.node-pools.delete] with arguments: [--cluster: "gcp-dr-gke", --quiet: "True", --region: "asia-northeast3", NAME: "default-pool"]
2025-01-19 05:26:58,205 DEBUG    urllib3.connectionpool Starting new HTTPS connection (1): container.googleapis.com:443
2025-01-19 05:26:58,366 DEBUG    urllib3.connectionpool https://container.googleapis.com:443 "GET /v1/projects/peppy-arcadia-432311-g5/locations/asia-northeast3/clusters/gcp-dr-gke/nodePools/default-pool?alt=json HTTP/1.1" 200 None
2025-01-19 05:26:58,371 DEBUG    urllib3.connectionpool Starting new HTTPS connection (1): container.googleapis.com:443
2025-01-19 05:26:58,635 DEBUG    urllib3.connectionpool https://container.googleapis.com:443 "DELETE /v1/projects/peppy-arcadia-432311-g5/locations/asia-northeast3/clusters/gcp-dr-gke/nodePools/default-pool?alt=json HTTP/1.1" 200 None
2025-01-19 05:26:58,638 INFO     ___FILE_ONLY___ Deleting node pool default-pool...
2025-01-19 05:26:58,640 DEBUG    urllib3.connectionpool Starting new HTTPS connection (1): container.googleapis.com:443
2025-01-19 05:26:58,730 DEBUG    urllib3.connectionpool https://container.googleapis.com:443 "GET /v1/projects/peppy-arcadia-432311-g5/locations/asia-northeast3/operations/operation-1737232019055-7051da34-ed04-4279-b41d-b44ed65fc88e?alt=json HTTP/1.1" 200 None
2025-01-19 05:27:03,732 DEBUG    urllib3.connectionpool Starting new HTTPS connection (1): container.googleapis.com:443
2025-01-19 05:27:03,862 DEBUG    urllib3.connectionpool https://container.googleapis.com:443 "GET /v1/projects/peppy-arcadia-432311-g5/locations/asia-northeast3/operations/operation-1737232019055-7051da34-ed04-4279-b41d-b44ed65fc88e?alt=json HTTP/1.1" 200 None
2025-01-19 05:27:08,866 DEBUG    urllib3.connectionpool Starting new HTTPS connection (1): container.googleapis.com:443
2025-01-19 05:27:09,053 DEBUG    urllib3.connectionpool https://container.googleapis.com:443 "GET /v1/projects/peppy-arcadia-432311-g5/locations/asia-northeast3/operations/operation-1737232019055-7051da34-ed04-4279-b41d-b44ed65fc88e?alt=json HTTP/1.1" 200 None
2025-01-19 05:27:14,059 DEBUG    urllib3.connectionpool Starting new HTTPS connection (1): container.googleapis.com:443
2025-01-19 05:27:14,196 DEBUG    urllib3.connectionpool https://container.googleapis.com:443 "GET /v1/projects/peppy-arcadia-432311-g5/locations/asia-northeast3/operations/operation-1737232019055-7051da34-ed04-4279-b41d-b44ed65fc88e?alt=json HTTP/1.1" 200 None
2025-01-19 05:27:19,201 DEBUG    urllib3.connectionpool Starting new HTTPS connection (1): container.googleapis.com:443
2025-01-19 05:27:19,393 DEBUG    urllib3.connectionpool https://container.googleapis.com:443 "GET /v1/projects/peppy-arcadia-432311-g5/locations/asia-northeast3/operations/operation-1737232019055-7051da34-ed04-4279-b41d-b44ed65fc88e?alt=json HTTP/1.1" 200 None
2025-01-19 05:27:24,398 DEBUG    urllib3.connectionpool Starting new HTTPS connection (1): container.googleapis.com:443
2025-01-19 05:27:24,544 DEBUG    urllib3.connectionpool https://container.googleapis.com:443 "GET /v1/projects/peppy-arcadia-432311-g5/locations/asia-northeast3/operations/operation-1737232019055-7051da34-ed04-4279-b41d-b44ed65fc88e?alt=json HTTP/1.1" 200 None
2025-01-19 05:27:29,552 DEBUG    urllib3.connectionpool Starting new HTTPS connection (1): container.googleapis.com:443
2025-01-19 05:27:29,737 DEBUG    urllib3.connectionpool https://container.googleapis.com:443 "GET /v1/projects/peppy-arcadia-432311-g5/locations/asia-northeast3/operations/operation-1737232019055-7051da34-ed04-4279-b41d-b44ed65fc88e?alt=json HTTP/1.1" 200 None
2025-01-19 05:27:34,743 DEBUG    urllib3.connectionpool Starting new HTTPS connection (1): container.googleapis.com:443
2025-01-19 05:27:34,887 DEBUG    urllib3.connectionpool https://container.googleapis.com:443 "GET /v1/projects/peppy-arcadia-432311-g5/locations/asia-northeast3/operations/operation-1737232019055-7051da34-ed04-4279-b41d-b44ed65fc88e?alt=json HTTP/1.1" 200 None
2025-01-19 05:27:39,891 DEBUG    urllib3.connectionpool Starting new HTTPS connection (1): container.googleapis.com:443
2025-01-19 05:27:40,030 DEBUG    urllib3.connectionpool https://container.googleapis.com:443 "GET /v1/projects/peppy-arcadia-432311-g5/locations/asia-northeast3/operations/operation-1737232019055-7051da34-ed04-4279-b41d-b44ed65fc88e?alt=json HTTP/1.1" 200 None
2025-01-19 05:27:45,035 DEBUG    urllib3.connectionpool Starting new HTTPS connection (1): container.googleapis.com:443
2025-01-19 05:27:45,180 DEBUG    urllib3.connectionpool https://container.googleapis.com:443 "GET /v1/projects/peppy-arcadia-432311-g5/locations/asia-northeast3/operations/operation-1737232019055-7051da34-ed04-4279-b41d-b44ed65fc88e?alt=json HTTP/1.1" 200 None
2025-01-19 05:27:50,184 DEBUG    urllib3.connectionpool Starting new HTTPS connection (1): container.googleapis.com:443
2025-01-19 05:27:50,282 DEBUG    urllib3.connectionpool https://container.googleapis.com:443 "GET /v1/projects/peppy-arcadia-432311-g5/locations/asia-northeast3/operations/operation-1737232019055-7051da34-ed04-4279-b41d-b44ed65fc88e?alt=json HTTP/1.1" 200 None
2025-01-19 05:27:55,287 DEBUG    urllib3.connectionpool Starting new HTTPS connection (1): container.googleapis.com:443
2025-01-19 05:27:55,425 DEBUG    urllib3.connectionpool https://container.googleapis.com:443 "GET /v1/projects/peppy-arcadia-432311-g5/locations/asia-northeast3/operations/operation-1737232019055-7051da34-ed04-4279-b41d-b44ed65fc88e?alt=json HTTP/1.1" 200 None
2025-01-19 05:28:00,429 DEBUG    urllib3.connectionpool Starting new HTTPS connection (1): container.googleapis.com:443
2025-01-19 05:28:00,565 DEBUG    urllib3.connectionpool https://container.googleapis.com:443 "GET /v1/projects/peppy-arcadia-432311-g5/locations/asia-northeast3/operations/operation-1737232019055-7051da34-ed04-4279-b41d-b44ed65fc88e?alt=json HTTP/1.1" 200 None
2025-01-19 05:28:05,568 DEBUG    urllib3.connectionpool Starting new HTTPS connection (1): container.googleapis.com:443
2025-01-19 05:28:05,704 DEBUG    urllib3.connectionpool https://container.googleapis.com:443 "GET /v1/projects/peppy-arcadia-432311-g5/locations/asia-northeast3/operations/operation-1737232019055-7051da34-ed04-4279-b41d-b44ed65fc88e?alt=json HTTP/1.1" 200 None
2025-01-19 05:28:10,707 DEBUG    urllib3.connectionpool Starting new HTTPS connection (1): container.googleapis.com:443
2025-01-19 05:28:10,792 DEBUG    urllib3.connectionpool https://container.googleapis.com:443 "GET /v1/projects/peppy-arcadia-432311-g5/locations/asia-northeast3/operations/operation-1737232019055-7051da34-ed04-4279-b41d-b44ed65fc88e?alt=json HTTP/1.1" 200 None
2025-01-19 05:28:15,795 DEBUG    urllib3.connectionpool Starting new HTTPS connection (1): container.googleapis.com:443
2025-01-19 05:28:15,976 DEBUG    urllib3.connectionpool https://container.googleapis.com:443 "GET /v1/projects/peppy-arcadia-432311-g5/locations/asia-northeast3/operations/operation-1737232019055-7051da34-ed04-4279-b41d-b44ed65fc88e?alt=json HTTP/1.1" 200 None
2025-01-19 05:28:20,979 DEBUG    urllib3.connectionpool Starting new HTTPS connection (1): container.googleapis.com:443
2025-01-19 05:28:21,067 DEBUG    urllib3.connectionpool https://container.googleapis.com:443 "GET /v1/projects/peppy-arcadia-432311-g5/locations/asia-northeast3/operations/operation-1737232019055-7051da34-ed04-4279-b41d-b44ed65fc88e?alt=json HTTP/1.1" 200 None
2025-01-19 05:28:26,071 DEBUG    urllib3.connectionpool Starting new HTTPS connection (1): container.googleapis.com:443
2025-01-19 05:28:26,198 DEBUG    urllib3.connectionpool https://container.googleapis.com:443 "GET /v1/projects/peppy-arcadia-432311-g5/locations/asia-northeast3/operations/operation-1737232019055-7051da34-ed04-4279-b41d-b44ed65fc88e?alt=json HTTP/1.1" 200 None
2025-01-19 05:28:31,201 DEBUG    urllib3.connectionpool Starting new HTTPS connection (1): container.googleapis.com:443
2025-01-19 05:28:31,404 DEBUG    urllib3.connectionpool https://container.googleapis.com:443 "GET /v1/projects/peppy-arcadia-432311-g5/locations/asia-northeast3/operations/operation-1737232019055-7051da34-ed04-4279-b41d-b44ed65fc88e?alt=json HTTP/1.1" 200 None
2025-01-19 05:28:36,409 DEBUG    urllib3.connectionpool Starting new HTTPS connection (1): container.googleapis.com:443
2025-01-19 05:28:36,507 DEBUG    urllib3.connectionpool https://container.googleapis.com:443 "GET /v1/projects/peppy-arcadia-432311-g5/locations/asia-northeast3/operations/operation-1737232019055-7051da34-ed04-4279-b41d-b44ed65fc88e?alt=json HTTP/1.1" 200 None
2025-01-19 05:28:41,510 DEBUG    urllib3.connectionpool Starting new HTTPS connection (1): container.googleapis.com:443
2025-01-19 05:28:41,666 DEBUG    urllib3.connectionpool https://container.googleapis.com:443 "GET /v1/projects/peppy-arcadia-432311-g5/locations/asia-northeast3/operations/operation-1737232019055-7051da34-ed04-4279-b41d-b44ed65fc88e?alt=json HTTP/1.1" 200 None
2025-01-19 05:28:46,670 DEBUG    urllib3.connectionpool Starting new HTTPS connection (1): container.googleapis.com:443
2025-01-19 05:28:46,804 DEBUG    urllib3.connectionpool https://container.googleapis.com:443 "GET /v1/projects/peppy-arcadia-432311-g5/locations/asia-northeast3/operations/operation-1737232019055-7051da34-ed04-4279-b41d-b44ed65fc88e?alt=json HTTP/1.1" 200 None
2025-01-19 05:28:51,809 DEBUG    urllib3.connectionpool Starting new HTTPS connection (1): container.googleapis.com:443
2025-01-19 05:28:51,940 DEBUG    urllib3.connectionpool https://container.googleapis.com:443 "GET /v1/projects/peppy-arcadia-432311-g5/locations/asia-northeast3/operations/operation-1737232019055-7051da34-ed04-4279-b41d-b44ed65fc88e?alt=json HTTP/1.1" 200 None
2025-01-19 05:28:56,944 DEBUG    urllib3.connectionpool Starting new HTTPS connection (1): container.googleapis.com:443
2025-01-19 05:28:57,178 DEBUG    urllib3.connectionpool https://container.googleapis.com:443 "GET /v1/projects/peppy-arcadia-432311-g5/locations/asia-northeast3/operations/operation-1737232019055-7051da34-ed04-4279-b41d-b44ed65fc88e?alt=json HTTP/1.1" 200 None
2025-01-19 05:29:02,183 DEBUG    urllib3.connectionpool Starting new HTTPS connection (1): container.googleapis.com:443
2025-01-19 05:29:02,376 DEBUG    urllib3.connectionpool https://container.googleapis.com:443 "GET /v1/projects/peppy-arcadia-432311-g5/locations/asia-northeast3/operations/operation-1737232019055-7051da34-ed04-4279-b41d-b44ed65fc88e?alt=json HTTP/1.1" 200 None
2025-01-19 05:29:07,380 DEBUG    urllib3.connectionpool Starting new HTTPS connection (1): container.googleapis.com:443
2025-01-19 05:29:07,551 DEBUG    urllib3.connectionpool https://container.googleapis.com:443 "GET /v1/projects/peppy-arcadia-432311-g5/locations/asia-northeast3/operations/operation-1737232019055-7051da34-ed04-4279-b41d-b44ed65fc88e?alt=json HTTP/1.1" 200 None
2025-01-19 05:29:12,556 DEBUG    urllib3.connectionpool Starting new HTTPS connection (1): container.googleapis.com:443
2025-01-19 05:29:12,684 DEBUG    urllib3.connectionpool https://container.googleapis.com:443 "GET /v1/projects/peppy-arcadia-432311-g5/locations/asia-northeast3/operations/operation-1737232019055-7051da34-ed04-4279-b41d-b44ed65fc88e?alt=json HTTP/1.1" 200 None
2025-01-19 05:29:17,689 DEBUG    urllib3.connectionpool Starting new HTTPS connection (1): container.googleapis.com:443
2025-01-19 05:29:17,819 DEBUG    urllib3.connectionpool https://container.googleapis.com:443 "GET /v1/projects/peppy-arcadia-432311-g5/locations/asia-northeast3/operations/operation-1737232019055-7051da34-ed04-4279-b41d-b44ed65fc88e?alt=json HTTP/1.1" 200 None
2025-01-19 05:29:22,821 DEBUG    urllib3.connectionpool Starting new HTTPS connection (1): container.googleapis.com:443
2025-01-19 05:29:22,986 DEBUG    urllib3.connectionpool https://container.googleapis.com:443 "GET /v1/projects/peppy-arcadia-432311-g5/locations/asia-northeast3/operations/operation-1737232019055-7051da34-ed04-4279-b41d-b44ed65fc88e?alt=json HTTP/1.1" 200 None
2025-01-19 05:29:27,989 DEBUG    urllib3.connectionpool Starting new HTTPS connection (1): container.googleapis.com:443
2025-01-19 05:29:28,126 DEBUG    urllib3.connectionpool https://container.googleapis.com:443 "GET /v1/projects/peppy-arcadia-432311-g5/locations/asia-northeast3/operations/operation-1737232019055-7051da34-ed04-4279-b41d-b44ed65fc88e?alt=json HTTP/1.1" 200 None
2025-01-19 05:29:33,128 DEBUG    urllib3.connectionpool Starting new HTTPS connection (1): container.googleapis.com:443
2025-01-19 05:29:33,278 DEBUG    urllib3.connectionpool https://container.googleapis.com:443 "GET /v1/projects/peppy-arcadia-432311-g5/locations/asia-northeast3/operations/operation-1737232019055-7051da34-ed04-4279-b41d-b44ed65fc88e?alt=json HTTP/1.1" 200 None
2025-01-19 05:29:38,283 DEBUG    urllib3.connectionpool Starting new HTTPS connection (1): container.googleapis.com:443
2025-01-19 05:29:38,480 DEBUG    urllib3.connectionpool https://container.googleapis.com:443 "GET /v1/projects/peppy-arcadia-432311-g5/locations/asia-northeast3/operations/operation-1737232019055-7051da34-ed04-4279-b41d-b44ed65fc88e?alt=json HTTP/1.1" 200 None
2025-01-19 05:29:43,483 DEBUG    urllib3.connectionpool Starting new HTTPS connection (1): container.googleapis.com:443
2025-01-19 05:29:43,610 DEBUG    urllib3.connectionpool https://container.googleapis.com:443 "GET /v1/projects/peppy-arcadia-432311-g5/locations/asia-northeast3/operations/operation-1737232019055-7051da34-ed04-4279-b41d-b44ed65fc88e?alt=json HTTP/1.1" 200 None
2025-01-19 05:29:48,615 DEBUG    urllib3.connectionpool Starting new HTTPS connection (1): container.googleapis.com:443
2025-01-19 05:29:48,869 DEBUG    urllib3.connectionpool https://container.googleapis.com:443 "GET /v1/projects/peppy-arcadia-432311-g5/locations/asia-northeast3/operations/operation-1737232019055-7051da34-ed04-4279-b41d-b44ed65fc88e?alt=json HTTP/1.1" 200 None
2025-01-19 05:29:53,874 DEBUG    urllib3.connectionpool Starting new HTTPS connection (1): container.googleapis.com:443
2025-01-19 05:29:54,241 DEBUG    urllib3.connectionpool https://container.googleapis.com:443 "GET /v1/projects/peppy-arcadia-432311-g5/locations/asia-northeast3/operations/operation-1737232019055-7051da34-ed04-4279-b41d-b44ed65fc88e?alt=json HTTP/1.1" 200 None
2025-01-19 05:29:59,244 DEBUG    urllib3.connectionpool Starting new HTTPS connection (1): container.googleapis.com:443
2025-01-19 05:29:59,467 DEBUG    urllib3.connectionpool https://container.googleapis.com:443 "GET /v1/projects/peppy-arcadia-432311-g5/locations/asia-northeast3/operations/operation-1737232019055-7051da34-ed04-4279-b41d-b44ed65fc88e?alt=json HTTP/1.1" 200 None
2025-01-19 05:30:04,471 DEBUG    urllib3.connectionpool Starting new HTTPS connection (1): container.googleapis.com:443
2025-01-19 05:30:04,617 DEBUG    urllib3.connectionpool https://container.googleapis.com:443 "GET /v1/projects/peppy-arcadia-432311-g5/locations/asia-northeast3/operations/operation-1737232019055-7051da34-ed04-4279-b41d-b44ed65fc88e?alt=json HTTP/1.1" 200 None
2025-01-19 05:30:09,621 DEBUG    urllib3.connectionpool Starting new HTTPS connection (1): container.googleapis.com:443
2025-01-19 05:30:09,815 DEBUG    urllib3.connectionpool https://container.googleapis.com:443 "GET /v1/projects/peppy-arcadia-432311-g5/locations/asia-northeast3/operations/operation-1737232019055-7051da34-ed04-4279-b41d-b44ed65fc88e?alt=json HTTP/1.1" 200 None
2025-01-19 05:30:14,819 DEBUG    urllib3.connectionpool Starting new HTTPS connection (1): container.googleapis.com:443
2025-01-19 05:30:14,927 DEBUG    urllib3.connectionpool https://container.googleapis.com:443 "GET /v1/projects/peppy-arcadia-432311-g5/locations/asia-northeast3/operations/operation-1737232019055-7051da34-ed04-4279-b41d-b44ed65fc88e?alt=json HTTP/1.1" 200 None
2025-01-19 05:30:19,931 DEBUG    urllib3.connectionpool Starting new HTTPS connection (1): container.googleapis.com:443
2025-01-19 05:30:20,082 DEBUG    urllib3.connectionpool https://container.googleapis.com:443 "GET /v1/projects/peppy-arcadia-432311-g5/locations/asia-northeast3/operations/operation-1737232019055-7051da34-ed04-4279-b41d-b44ed65fc88e?alt=json HTTP/1.1" 200 None
2025-01-19 05:30:25,085 DEBUG    urllib3.connectionpool Starting new HTTPS connection (1): container.googleapis.com:443
2025-01-19 05:30:25,221 DEBUG    urllib3.connectionpool https://container.googleapis.com:443 "GET /v1/projects/peppy-arcadia-432311-g5/locations/asia-northeast3/operations/operation-1737232019055-7051da34-ed04-4279-b41d-b44ed65fc88e?alt=json HTTP/1.1" 200 None
2025-01-19 05:30:30,224 DEBUG    urllib3.connectionpool Starting new HTTPS connection (1): container.googleapis.com:443
2025-01-19 05:30:30,397 DEBUG    urllib3.connectionpool https://container.googleapis.com:443 "GET /v1/projects/peppy-arcadia-432311-g5/locations/asia-northeast3/operations/operation-1737232019055-7051da34-ed04-4279-b41d-b44ed65fc88e?alt=json HTTP/1.1" 200 None
2025-01-19 05:30:35,400 DEBUG    urllib3.connectionpool Starting new HTTPS connection (1): container.googleapis.com:443
2025-01-19 05:30:35,545 DEBUG    urllib3.connectionpool https://container.googleapis.com:443 "GET /v1/projects/peppy-arcadia-432311-g5/locations/asia-northeast3/operations/operation-1737232019055-7051da34-ed04-4279-b41d-b44ed65fc88e?alt=json HTTP/1.1" 200 None
2025-01-19 05:30:40,548 DEBUG    urllib3.connectionpool Starting new HTTPS connection (1): container.googleapis.com:443
2025-01-19 05:30:40,716 DEBUG    urllib3.connectionpool https://container.googleapis.com:443 "GET /v1/projects/peppy-arcadia-432311-g5/locations/asia-northeast3/operations/operation-1737232019055-7051da34-ed04-4279-b41d-b44ed65fc88e?alt=json HTTP/1.1" 200 None
2025-01-19 05:30:45,720 DEBUG    urllib3.connectionpool Starting new HTTPS connection (1): container.googleapis.com:443
2025-01-19 05:30:45,859 DEBUG    urllib3.connectionpool https://container.googleapis.com:443 "GET /v1/projects/peppy-arcadia-432311-g5/locations/asia-northeast3/operations/operation-1737232019055-7051da34-ed04-4279-b41d-b44ed65fc88e?alt=json HTTP/1.1" 200 None
2025-01-19 05:30:50,864 DEBUG    urllib3.connectionpool Starting new HTTPS connection (1): container.googleapis.com:443
2025-01-19 05:30:51,518 DEBUG    urllib3.connectionpool https://container.googleapis.com:443 "GET /v1/projects/peppy-arcadia-432311-g5/locations/asia-northeast3/operations/operation-1737232019055-7051da34-ed04-4279-b41d-b44ed65fc88e?alt=json HTTP/1.1" 200 None
2025-01-19 05:30:56,522 DEBUG    urllib3.connectionpool Starting new HTTPS connection (1): container.googleapis.com:443
2025-01-19 05:30:56,837 DEBUG    urllib3.connectionpool https://container.googleapis.com:443 "GET /v1/projects/peppy-arcadia-432311-g5/locations/asia-northeast3/operations/operation-1737232019055-7051da34-ed04-4279-b41d-b44ed65fc88e?alt=json HTTP/1.1" 200 None
2025-01-19 05:31:01,840 DEBUG    urllib3.connectionpool Starting new HTTPS connection (1): container.googleapis.com:443
2025-01-19 05:31:02,081 DEBUG    urllib3.connectionpool https://container.googleapis.com:443 "GET /v1/projects/peppy-arcadia-432311-g5/locations/asia-northeast3/operations/operation-1737232019055-7051da34-ed04-4279-b41d-b44ed65fc88e?alt=json HTTP/1.1" 200 None
2025-01-19 05:31:07,085 DEBUG    urllib3.connectionpool Starting new HTTPS connection (1): container.googleapis.com:443
2025-01-19 05:31:07,223 DEBUG    urllib3.connectionpool https://container.googleapis.com:443 "GET /v1/projects/peppy-arcadia-432311-g5/locations/asia-northeast3/operations/operation-1737232019055-7051da34-ed04-4279-b41d-b44ed65fc88e?alt=json HTTP/1.1" 200 None
2025-01-19 05:31:12,228 DEBUG    urllib3.connectionpool Starting new HTTPS connection (1): container.googleapis.com:443
2025-01-19 05:31:12,427 DEBUG    urllib3.connectionpool https://container.googleapis.com:443 "GET /v1/projects/peppy-arcadia-432311-g5/locations/asia-northeast3/operations/operation-1737232019055-7051da34-ed04-4279-b41d-b44ed65fc88e?alt=json HTTP/1.1" 200 None
2025-01-19 05:31:12,430 INFO     root            Operation <Operation
 clusterConditions: []
 endTime: '2025-01-18T20:31:08.26513788Z'
 name: 'operation-1737232019055-7051da34-ed04-4279-b41d-b44ed65fc88e'
 nodepoolConditions: []
 operationType: OperationTypeValueValuesEnum(DELETE_NODE_POOL, 8)
 selfLink: 'https://container.googleapis.com/v1/projects/134982172036/locations/asia-northeast3/operations/operation-1737232019055-7051da34-ed04-4279-b41d-b44ed65fc88e'
 startTime: '2025-01-18T20:26:59.055635962Z'
 status: StatusValueValuesEnum(DONE, 3)
 targetLink: 'https://container.googleapis.com/v1/projects/134982172036/locations/asia-northeast3/clusters/gcp-dr-gke/nodePools/default-pool'
 zone: 'asia-northeast3'> finished after 2.54e+02 seconds
2025-01-19 05:31:12,630 INFO     ___FILE_ONLY___ Deleted [https://container.googleapis.com/v1/projects/peppy-arcadia-432311-g5/zones/asia-northeast3/clusters/gcp-dr-gke/nodePools/default-pool].

2025-01-19 05:31:12,631 DEBUG    root            Chosen display Format:none
2025-01-19 05:31:12,632 INFO     root            Display format: "none"
2025-01-19 05:31:12,657 DEBUG    root            SDK update checks are disabled.
