2025-01-19 05:34:24,176 DEBUG    root            Loaded Command Group: ['gcloud', 'compute']
2025-01-19 05:34:24,178 DEBUG    root            Loaded Command Group: ['gcloud', 'compute', 'ssl_certificates']
2025-01-19 05:34:24,185 DEBUG    root            Loaded Command Group: ['gcloud', 'compute', 'ssl-certificates', 'describe']
2025-01-19 05:34:24,186 DEBUG    root            Running [gcloud.compute.ssl-certificates.describe] with arguments: [NAME: "lb-managed-cert"]
2025-01-19 05:34:24,266 DEBUG    urllib3.connectionpool Starting new HTTPS connection (1): compute.googleapis.com:443
2025-01-19 05:34:24,764 DEBUG    urllib3.connectionpool https://compute.googleapis.com:443 "GET /compute/v1/projects/peppy-arcadia-432311-g5/global/sslCertificates/lb-managed-cert?alt=json HTTP/1.1" 200 None
2025-01-19 05:34:24,767 DEBUG    root            Chosen display Format:default
2025-01-19 05:34:24,768 INFO     root            Display format: "default"
2025-01-19 05:34:24,780 INFO     ___FILE_ONLY___ creationTimestamp
2025-01-19 05:34:24,780 INFO     ___FILE_ONLY___ :
2025-01-19 05:34:24,780 INFO     ___FILE_ONLY___  '
2025-01-19 05:34:24,780 INFO     ___FILE_ONLY___ 2025-01-18T12:31:13.642-08:00
2025-01-19 05:34:24,780 INFO     ___FILE_ONLY___ '
2025-01-19 05:34:24,780 INFO     ___FILE_ONLY___ 

2025-01-19 05:34:24,780 INFO     ___FILE_ONLY___ id
2025-01-19 05:34:24,780 INFO     ___FILE_ONLY___ :
2025-01-19 05:34:24,780 INFO     ___FILE_ONLY___  '
2025-01-19 05:34:24,780 INFO     ___FILE_ONLY___ 6718441499687760254
2025-01-19 05:34:24,780 INFO     ___FILE_ONLY___ '
2025-01-19 05:34:24,780 INFO     ___FILE_ONLY___ 

2025-01-19 05:34:24,780 INFO     ___FILE_ONLY___ kind
2025-01-19 05:34:24,780 INFO     ___FILE_ONLY___ :
2025-01-19 05:34:24,780 INFO     ___FILE_ONLY___  
2025-01-19 05:34:24,780 INFO     ___FILE_ONLY___ compute#sslCertificate
2025-01-19 05:34:24,780 INFO     ___FILE_ONLY___ 

2025-01-19 05:34:24,781 INFO     ___FILE_ONLY___ managed
2025-01-19 05:34:24,781 INFO     ___FILE_ONLY___ :
2025-01-19 05:34:24,781 INFO     ___FILE_ONLY___ 

2025-01-19 05:34:24,781 INFO     ___FILE_ONLY___   
2025-01-19 05:34:24,781 INFO     ___FILE_ONLY___ domainStatus
2025-01-19 05:34:24,781 INFO     ___FILE_ONLY___ :
2025-01-19 05:34:24,781 INFO     ___FILE_ONLY___ 

2025-01-19 05:34:24,781 INFO     ___FILE_ONLY___     
2025-01-19 05:34:24,781 INFO     ___FILE_ONLY___ ljhun.shop
2025-01-19 05:34:24,781 INFO     ___FILE_ONLY___ :
2025-01-19 05:34:24,781 INFO     ___FILE_ONLY___  
2025-01-19 05:34:24,781 INFO     ___FILE_ONLY___ PROVISIONING
2025-01-19 05:34:24,781 INFO     ___FILE_ONLY___ 

2025-01-19 05:34:24,781 INFO     ___FILE_ONLY___     
2025-01-19 05:34:24,781 INFO     ___FILE_ONLY___ www.ljhun.shop
2025-01-19 05:34:24,781 INFO     ___FILE_ONLY___ :
2025-01-19 05:34:24,781 INFO     ___FILE_ONLY___  
2025-01-19 05:34:24,781 INFO     ___FILE_ONLY___ PROVISIONING
2025-01-19 05:34:24,781 INFO     ___FILE_ONLY___ 

2025-01-19 05:34:24,781 INFO     ___FILE_ONLY___   
2025-01-19 05:34:24,781 INFO     ___FILE_ONLY___ domains
2025-01-19 05:34:24,781 INFO     ___FILE_ONLY___ :
2025-01-19 05:34:24,781 INFO     ___FILE_ONLY___ 

2025-01-19 05:34:24,781 INFO     ___FILE_ONLY___   
2025-01-19 05:34:24,781 INFO     ___FILE_ONLY___ -
2025-01-19 05:34:24,782 INFO     ___FILE_ONLY___  
2025-01-19 05:34:24,782 INFO     ___FILE_ONLY___ ljhun.shop
2025-01-19 05:34:24,782 INFO     ___FILE_ONLY___ 

2025-01-19 05:34:24,782 INFO     ___FILE_ONLY___   
2025-01-19 05:34:24,782 INFO     ___FILE_ONLY___ -
2025-01-19 05:34:24,782 INFO     ___FILE_ONLY___  
2025-01-19 05:34:24,782 INFO     ___FILE_ONLY___ www.ljhun.shop
2025-01-19 05:34:24,782 INFO     ___FILE_ONLY___ 

2025-01-19 05:34:24,782 INFO     ___FILE_ONLY___   
2025-01-19 05:34:24,782 INFO     ___FILE_ONLY___ status
2025-01-19 05:34:24,782 INFO     ___FILE_ONLY___ :
2025-01-19 05:34:24,782 INFO     ___FILE_ONLY___  
2025-01-19 05:34:24,782 INFO     ___FILE_ONLY___ PROVISIONING
2025-01-19 05:34:24,782 INFO     ___FILE_ONLY___ 

2025-01-19 05:34:24,782 INFO     ___FILE_ONLY___ name
2025-01-19 05:34:24,782 INFO     ___FILE_ONLY___ :
2025-01-19 05:34:24,782 INFO     ___FILE_ONLY___  
2025-01-19 05:34:24,782 INFO     ___FILE_ONLY___ lb-managed-cert
2025-01-19 05:34:24,782 INFO     ___FILE_ONLY___ 

2025-01-19 05:34:24,782 INFO     ___FILE_ONLY___ selfLink
2025-01-19 05:34:24,782 INFO     ___FILE_ONLY___ :
2025-01-19 05:34:24,782 INFO     ___FILE_ONLY___  
2025-01-19 05:34:24,782 INFO     ___FILE_ONLY___ https://www.googleapis.com/compute/v1/projects/peppy-arcadia-432311-g5/global/sslCertificates/lb-managed-cert
2025-01-19 05:34:24,782 INFO     ___FILE_ONLY___ 

2025-01-19 05:34:24,782 INFO     ___FILE_ONLY___ type
2025-01-19 05:34:24,782 INFO     ___FILE_ONLY___ :
2025-01-19 05:34:24,782 INFO     ___FILE_ONLY___  
2025-01-19 05:34:24,782 INFO     ___FILE_ONLY___ MANAGED
2025-01-19 05:34:24,782 INFO     ___FILE_ONLY___ 

2025-01-19 05:34:24,783 DEBUG    root            SDK update checks are disabled.
