2025-02-14 00:51:49,265 DEBUG    root            Loaded Command Group: ['gcloud', 'config']
2025-02-14 00:51:49,268 DEBUG    root            Loaded Command Group: ['gcloud', 'config', 'config_helper']
2025-02-14 00:51:49,270 DEBUG    root            Running [gcloud.config.config-helper] with arguments: [--format: "json"]
2025-02-14 00:51:49,282 DEBUG    root            Chosen display Format:default json
2025-02-14 00:51:49,282 INFO     root            Display format: "default json"
2025-02-14 00:51:49,300 INFO     ___FILE_ONLY___ {
  "configuration": {
    "active_configuration": "default",
    "properties": {
      "core": {
        "account": "1201ljhun@gmail.com",
        "disable_usage_reporting": "True",
        "project": "peppy-arcadia-432311-g5"
      }
    }
  },
  "credential": {
    "access_token": "ya29.a0AXeO80R0IQp7TSRrYEY_ovoFRFakE6IhMs2fqxY5wnYFxQgUmWe0MRmhA9_AMdJwpjG77KJm0IX91z62q34wahdyxyVeBfMwF8ZqEy0aRPd92P2KV6_8qyQq82DuyCv98lITmoZeVv0Mr0KwttMKtSdTPKke68lPgtVM0a0b-EaCoDJIaCgYKAVoSARISFQHGX2MijJ9mmrn_cBu221RyCym3Og0183",
    "id_token": "eyJhbGciOiJSUzI1NiIsImtpZCI6IjVkMTJhYjc4MmNiNjA5NjI4NWY2OWU0OGFlYTk5MDc5YmI1OWNiODYiLCJ0eXAiOiJKV1QifQ.eyJpc3MiOiJodHRwczovL2FjY291bnRzLmdvb2dsZS5jb20iLCJhenAiOiIzMjU1NTk0MDU1OS5hcHBzLmdvb2dsZXVzZXJjb250ZW50LmNvbSIsImF1ZCI6IjMyNTU1OTQwNTU5LmFwcHMuZ29vZ2xldXNlcmNvbnRlbnQuY29tIiwic3ViIjoiMTA1MDk2MzU3NDMwMjQzNjQxMTQxIiwiZW1haWwiOiIxMjAxbGpodW5AZ21haWwuY29tIiwiZW1haWxfdmVyaWZpZWQiOnRydWUsImF0X2hhc2giOiJwakN5U2d5QldnX3U2eTRBRTI0RUxRIiwiaWF0IjoxNzM5NDYxODkwLCJleHAiOjE3Mzk0NjU0OTB9.WSMPWXsWWel0vV5irXn2wIfOZpWaa1sWB-jrpCdPr2qOU9kKVGVKn_ZM24HZ0yudE2RoCglN2sbv4m1C5dElxAzuAD0-NGBWdkmjGWI1xdboGqORJGKdFO5lG7sTzKKNmQ-A-2EaJMeuSg7JEhnxWzl56r6Ee8cLmvtY93FsNr4GT2FqpD-ouYhGDY3ffMrMfU18qkqPb1mdEh6I9zD1uTdWYikBsgCYy1m1IJG0oSRmSYWTxkLZTPsVBl2ROTrfNsBP1Mc1IcAYD-gt3m7-6TEIsy7d_S1ZRWrOEBqKGUt7UA0V0zUI3eloiAhq_v8DyRDpfWk2rcSEGi-eY84lXg",
    "token_expiry": "2025-02-13T16:51:29Z"
  },
  "sentinels": {
    "config_sentinel": "/home/ubuntu/.config/gcloud/config_sentinel"
  }
}
2025-02-14 00:51:49,300 INFO     ___FILE_ONLY___ 

2025-02-14 00:51:49,300 DEBUG    root            SDK update checks are disabled.
