2025-02-14 20:07:14,816 DEBUG    root            Loaded Command Group: ['gcloud', 'config']
2025-02-14 20:07:14,819 DEBUG    root            Loaded Command Group: ['gcloud', 'config', 'config_helper']
2025-02-14 20:07:14,820 DEBUG    root            Running [gcloud.config.config-helper] with arguments: [--format: "json"]
2025-02-14 20:07:14,828 DEBUG    root            Chosen display Format:default json
2025-02-14 20:07:14,829 INFO     root            Display format: "default json"
2025-02-14 20:07:14,842 INFO     ___FILE_ONLY___ {
  "configuration": {
    "active_configuration": "default",
    "properties": {
      "core": {
        "account": "1201ljhun@gmail.com",
        "disable_usage_reporting": "True",
        "project": "peppy-arcadia-432311-g5"
      }
    }
  },
  "credential": {
    "access_token": "ya29.a0AXeO80QjIvfNrEXKlwebFrs8PhXKmkDw8pBgXHI9xUn3LHuwjATIBIHgHs16c4MxdrscMv3NKVH841Cb2ps04c9b16mhaN1Qj1LPEYQW06kodBMm2b6ZfM0NP71fodzkaFV6skD3fAJr-kgPRpf9QhLVv02sSRQEARTIqGCW8E7BlbeMaCgYKAb8SARISFQHGX2Mi23wDw5gqX8tq4DX2dFQFwA0183",
    "id_token": "eyJhbGciOiJSUzI1NiIsImtpZCI6IjVkMTJhYjc4MmNiNjA5NjI4NWY2OWU0OGFlYTk5MDc5YmI1OWNiODYiLCJ0eXAiOiJKV1QifQ.eyJpc3MiOiJodHRwczovL2FjY291bnRzLmdvb2dsZS5jb20iLCJhenAiOiIzMjU1NTk0MDU1OS5hcHBzLmdvb2dsZXVzZXJjb250ZW50LmNvbSIsImF1ZCI6IjMyNTU1OTQwNTU5LmFwcHMuZ29vZ2xldXNlcmNvbnRlbnQuY29tIiwic3ViIjoiMTA1MDk2MzU3NDMwMjQzNjQxMTQxIiwiZW1haWwiOiIxMjAxbGpodW5AZ21haWwuY29tIiwiZW1haWxfdmVyaWZpZWQiOnRydWUsImF0X2hhc2giOiJxcmpyQ3dZUEVqay03X2dqR3Q2WjFRIiwiaWF0IjoxNzM5NTMwNjUyLCJleHAiOjE3Mzk1MzQyNTJ9.LmA5TsvZWrqWx_B0p1C1VL_JGBNtULHGD7lH5wvOAlyPdcWj4gXJOM-o8vaHxGYcE7LjBnADpVmHK3H3f29qydH4tq1FeBHtVFzomm4aztZjbwgHwdVNI6uvTa48uL_0zC1ujiLIFh9LH7J5LB3v0AzU6JMFjGf-r7AHf-r000yTngLVbk6Yxy3LzrlcRJdU7l3FA5oB5_2MBh8qsDp4Jn3ldUmRsmhJE3VYAA6qJfX81bqT9vV9kMUxpIdgVrDZmfZB5H88WFwBQ57jB5QGBMKEkMdjJPRynUM5cAI1TMWE__GwDtfxGQ_N9UI90SlKI-sde5eAnqDXb2uBEZHF8g",
    "token_expiry": "2025-02-14T11:57:30Z"
  },
  "sentinels": {
    "config_sentinel": "/home/ubuntu/.config/gcloud/config_sentinel"
  }
}
2025-02-14 20:07:14,842 INFO     ___FILE_ONLY___ 

2025-02-14 20:07:14,842 DEBUG    root            SDK update checks are disabled.
