2025-02-14 21:41:52,344 DEBUG    root            Loaded Command Group: ['gcloud', 'config']
2025-02-14 21:41:52,349 DEBUG    root            Loaded Command Group: ['gcloud', 'config', 'config_helper']
2025-02-14 21:41:52,351 DEBUG    root            Running [gcloud.config.config-helper] with arguments: [--format: "json"]
2025-02-14 21:41:52,369 DEBUG    root            Chosen display Format:default json
2025-02-14 21:41:52,370 INFO     root            Display format: "default json"
2025-02-14 21:41:52,402 INFO     ___FILE_ONLY___ {
  "configuration": {
    "active_configuration": "default",
    "properties": {
      "core": {
        "account": "1201ljhun@gmail.com",
        "disable_usage_reporting": "True",
        "project": "peppy-arcadia-432311-g5"
      }
    }
  },
  "credential": {
    "access_token": "ya29.a0AXeO80Q0C8iow1_n5gcrEagETkhJ4uV_iWAhIwdgKYn6xxB4DYTBCc66WvpryiRQFcyc3TitY-24ccXnXHVkKD7HpFNgsRH807ECxiVjsY9vzPkWIC0nwwlqQxnbzteB1pD1ur2xb4PZEc2ATKbpTaXrR60-X9BjFiA8JuFYCfuowe7QaCgYKAbwSARISFQHGX2MiOFUofJwDklN8d2hKJ_veaQ0183",
    "id_token": "eyJhbGciOiJSUzI1NiIsImtpZCI6IjVkMTJhYjc4MmNiNjA5NjI4NWY2OWU0OGFlYTk5MDc5YmI1OWNiODYiLCJ0eXAiOiJKV1QifQ.eyJpc3MiOiJodHRwczovL2FjY291bnRzLmdvb2dsZS5jb20iLCJhenAiOiIzMjU1NTk0MDU1OS5hcHBzLmdvb2dsZXVzZXJjb250ZW50LmNvbSIsImF1ZCI6IjMyNTU1OTQwNTU5LmFwcHMuZ29vZ2xldXNlcmNvbnRlbnQuY29tIiwic3ViIjoiMTA1MDk2MzU3NDMwMjQzNjQxMTQxIiwiZW1haWwiOiIxMjAxbGpodW5AZ21haWwuY29tIiwiZW1haWxfdmVyaWZpZWQiOnRydWUsImF0X2hhc2giOiJvbk9mSTB2SUkySmRBcUc4Mzc3Ty1RIiwiaWF0IjoxNzM5NTM1NDAyLCJleHAiOjE3Mzk1MzkwMDJ9.MSTDFZjcLiIrBjyZe5k4g9GaqUmQBqr6_x1u82hxsraxB-Q7hqnn6o4N2mn6XSy8tNHGcx2FEHK3b5neUl9wuBpHEJ7Nhgp8Zy5r5qWJcgNCVa4H_z_XBjsYB5RceEk_NBwKDG4bPEE_Hwxx2lLvhJW29xy1apGgCBb9wA-bzEKWW7eKMJoILMJ7lPAFg4XsO6ra1FU8_hQtUoU9CKI_92X-iVQuyRCXeslo6HKgwsBJalo2HemUKtTKiOJ26yKm2RrRw7-xbfObDPwDL43zAQC1i-YcoqVrDJvo50byHSGxg_Jp30_FoqLvY8WP8y1kprPuSuzHpzTnYgsPdgudDg",
    "token_expiry": "2025-02-14T13:16:41Z"
  },
  "sentinels": {
    "config_sentinel": "/home/ubuntu/.config/gcloud/config_sentinel"
  }
}
2025-02-14 21:41:52,402 INFO     ___FILE_ONLY___ 

2025-02-14 21:41:52,403 DEBUG    root            SDK update checks are disabled.
