2025-02-20 00:06:49,531 DEBUG    root            Loaded Command Group: ['gcloud', 'sql']
2025-02-20 00:06:49,533 DEBUG    root            Loaded Command Group: ['gcloud', 'sql', 'instances']
2025-02-20 00:06:49,550 DEBUG    root            Loaded Command Group: ['gcloud', 'sql', 'instances', 'describe']
2025-02-20 00:06:49,551 DEBUG    root            Running [gcloud.sql.instances.describe] with arguments: [INSTANCE: "mydb-instance"]
2025-02-20 00:06:49,562 DEBUG    google.auth.transport.requests Making request: POST https://oauth2.googleapis.com/token
2025-02-20 00:06:49,563 DEBUG    urllib3.connectionpool Starting new HTTPS connection (1): oauth2.googleapis.com:443
2025-02-20 00:06:49,944 DEBUG    urllib3.connectionpool https://oauth2.googleapis.com:443 "POST /token HTTP/1.1" 200 None
2025-02-20 00:06:49,961 DEBUG    urllib3.connectionpool Starting new HTTPS connection (1): sqladmin.googleapis.com:443
2025-02-20 00:06:50,407 DEBUG    urllib3.connectionpool https://sqladmin.googleapis.com:443 "GET /sql/v1beta4/projects/peppy-arcadia-432311-g5/instances/mydb-instance?alt=json HTTP/1.1" 200 None
2025-02-20 00:06:50,409 DEBUG    root            Chosen display Format:default
2025-02-20 00:06:50,410 INFO     root            Display format: ":(settings.userLabels:alias=labels:label=LABELS) default"
2025-02-20 00:06:50,418 INFO     ___FILE_ONLY___ backendType
2025-02-20 00:06:50,418 INFO     ___FILE_ONLY___ :
2025-02-20 00:06:50,418 INFO     ___FILE_ONLY___  
2025-02-20 00:06:50,418 INFO     ___FILE_ONLY___ SECOND_GEN
2025-02-20 00:06:50,418 INFO     ___FILE_ONLY___ 

2025-02-20 00:06:50,418 INFO     ___FILE_ONLY___ connectionName
2025-02-20 00:06:50,418 INFO     ___FILE_ONLY___ :
2025-02-20 00:06:50,418 INFO     ___FILE_ONLY___  
2025-02-20 00:06:50,418 INFO     ___FILE_ONLY___ peppy-arcadia-432311-g5:asia-northeast3:mydb-instance
2025-02-20 00:06:50,418 INFO     ___FILE_ONLY___ 

2025-02-20 00:06:50,418 INFO     ___FILE_ONLY___ createTime
2025-02-20 00:06:50,419 INFO     ___FILE_ONLY___ :
2025-02-20 00:06:50,419 INFO     ___FILE_ONLY___  '
2025-02-20 00:06:50,419 INFO     ___FILE_ONLY___ 2025-02-19T12:36:18.780Z
2025-02-20 00:06:50,419 INFO     ___FILE_ONLY___ '
2025-02-20 00:06:50,419 INFO     ___FILE_ONLY___ 

2025-02-20 00:06:50,419 INFO     ___FILE_ONLY___ databaseInstalledVersion
2025-02-20 00:06:50,419 INFO     ___FILE_ONLY___ :
2025-02-20 00:06:50,419 INFO     ___FILE_ONLY___  
2025-02-20 00:06:50,419 INFO     ___FILE_ONLY___ MYSQL_8_0_37
2025-02-20 00:06:50,420 INFO     ___FILE_ONLY___ 

2025-02-20 00:06:50,420 INFO     ___FILE_ONLY___ databaseVersion
2025-02-20 00:06:50,420 INFO     ___FILE_ONLY___ :
2025-02-20 00:06:50,420 INFO     ___FILE_ONLY___  
2025-02-20 00:06:50,420 INFO     ___FILE_ONLY___ MYSQL_8_0
2025-02-20 00:06:50,420 INFO     ___FILE_ONLY___ 

2025-02-20 00:06:50,420 INFO     ___FILE_ONLY___ etag
2025-02-20 00:06:50,420 INFO     ___FILE_ONLY___ :
2025-02-20 00:06:50,420 INFO     ___FILE_ONLY___  
2025-02-20 00:06:50,420 INFO     ___FILE_ONLY___ 54d5cf5ac7cd1d063a5cc60b3066cecf1e73629847d95066ed5b839ac1b64730
2025-02-20 00:06:50,420 INFO     ___FILE_ONLY___ 

2025-02-20 00:06:50,420 INFO     ___FILE_ONLY___ gceZone
2025-02-20 00:06:50,420 INFO     ___FILE_ONLY___ :
2025-02-20 00:06:50,420 INFO     ___FILE_ONLY___  
2025-02-20 00:06:50,420 INFO     ___FILE_ONLY___ asia-northeast3-c
2025-02-20 00:06:50,420 INFO     ___FILE_ONLY___ 

2025-02-20 00:06:50,420 INFO     ___FILE_ONLY___ geminiConfig
2025-02-20 00:06:50,421 INFO     ___FILE_ONLY___ :
2025-02-20 00:06:50,421 INFO     ___FILE_ONLY___ 

2025-02-20 00:06:50,421 INFO     ___FILE_ONLY___   
2025-02-20 00:06:50,421 INFO     ___FILE_ONLY___ activeQueryEnabled
2025-02-20 00:06:50,421 INFO     ___FILE_ONLY___ :
2025-02-20 00:06:50,421 INFO     ___FILE_ONLY___  
2025-02-20 00:06:50,421 INFO     ___FILE_ONLY___ false
2025-02-20 00:06:50,421 INFO     ___FILE_ONLY___ 

2025-02-20 00:06:50,421 INFO     ___FILE_ONLY___   
2025-02-20 00:06:50,421 INFO     ___FILE_ONLY___ entitled
2025-02-20 00:06:50,421 INFO     ___FILE_ONLY___ :
2025-02-20 00:06:50,421 INFO     ___FILE_ONLY___  
2025-02-20 00:06:50,421 INFO     ___FILE_ONLY___ false
2025-02-20 00:06:50,421 INFO     ___FILE_ONLY___ 

2025-02-20 00:06:50,421 INFO     ___FILE_ONLY___   
2025-02-20 00:06:50,421 INFO     ___FILE_ONLY___ flagRecommenderEnabled
2025-02-20 00:06:50,421 INFO     ___FILE_ONLY___ :
2025-02-20 00:06:50,421 INFO     ___FILE_ONLY___  
2025-02-20 00:06:50,421 INFO     ___FILE_ONLY___ false
2025-02-20 00:06:50,421 INFO     ___FILE_ONLY___ 

2025-02-20 00:06:50,421 INFO     ___FILE_ONLY___   
2025-02-20 00:06:50,421 INFO     ___FILE_ONLY___ indexAdvisorEnabled
2025-02-20 00:06:50,421 INFO     ___FILE_ONLY___ :
2025-02-20 00:06:50,421 INFO     ___FILE_ONLY___  
2025-02-20 00:06:50,421 INFO     ___FILE_ONLY___ false
2025-02-20 00:06:50,421 INFO     ___FILE_ONLY___ 

2025-02-20 00:06:50,421 INFO     ___FILE_ONLY___ includeReplicasForMajorVersionUpgrade
2025-02-20 00:06:50,422 INFO     ___FILE_ONLY___ :
2025-02-20 00:06:50,422 INFO     ___FILE_ONLY___  
2025-02-20 00:06:50,422 INFO     ___FILE_ONLY___ false
2025-02-20 00:06:50,422 INFO     ___FILE_ONLY___ 

2025-02-20 00:06:50,422 INFO     ___FILE_ONLY___ instanceType
2025-02-20 00:06:50,422 INFO     ___FILE_ONLY___ :
2025-02-20 00:06:50,422 INFO     ___FILE_ONLY___  
2025-02-20 00:06:50,422 INFO     ___FILE_ONLY___ CLOUD_SQL_INSTANCE
2025-02-20 00:06:50,422 INFO     ___FILE_ONLY___ 

2025-02-20 00:06:50,422 INFO     ___FILE_ONLY___ ipAddresses
2025-02-20 00:06:50,422 INFO     ___FILE_ONLY___ :
2025-02-20 00:06:50,422 INFO     ___FILE_ONLY___ 

2025-02-20 00:06:50,422 INFO     ___FILE_ONLY___ -
2025-02-20 00:06:50,422 INFO     ___FILE_ONLY___  
2025-02-20 00:06:50,422 INFO     ___FILE_ONLY___ ipAddress
2025-02-20 00:06:50,422 INFO     ___FILE_ONLY___ :
2025-02-20 00:06:50,422 INFO     ___FILE_ONLY___  
2025-02-20 00:06:50,422 INFO     ___FILE_ONLY___ 10.200.0.5
2025-02-20 00:06:50,422 INFO     ___FILE_ONLY___ 

2025-02-20 00:06:50,422 INFO     ___FILE_ONLY___   
2025-02-20 00:06:50,422 INFO     ___FILE_ONLY___ type
2025-02-20 00:06:50,422 INFO     ___FILE_ONLY___ :
2025-02-20 00:06:50,422 INFO     ___FILE_ONLY___  
2025-02-20 00:06:50,422 INFO     ___FILE_ONLY___ PRIVATE
2025-02-20 00:06:50,422 INFO     ___FILE_ONLY___ 

2025-02-20 00:06:50,422 INFO     ___FILE_ONLY___ kind
2025-02-20 00:06:50,422 INFO     ___FILE_ONLY___ :
2025-02-20 00:06:50,422 INFO     ___FILE_ONLY___  
2025-02-20 00:06:50,422 INFO     ___FILE_ONLY___ sql#instance
2025-02-20 00:06:50,422 INFO     ___FILE_ONLY___ 

2025-02-20 00:06:50,422 INFO     ___FILE_ONLY___ maintenanceVersion
2025-02-20 00:06:50,422 INFO     ___FILE_ONLY___ :
2025-02-20 00:06:50,422 INFO     ___FILE_ONLY___  
2025-02-20 00:06:50,423 INFO     ___FILE_ONLY___ MYSQL_8_0_37.R20241208.01_04
2025-02-20 00:06:50,423 INFO     ___FILE_ONLY___ 

2025-02-20 00:06:50,423 INFO     ___FILE_ONLY___ name
2025-02-20 00:06:50,423 INFO     ___FILE_ONLY___ :
2025-02-20 00:06:50,423 INFO     ___FILE_ONLY___  
2025-02-20 00:06:50,423 INFO     ___FILE_ONLY___ mydb-instance
2025-02-20 00:06:50,423 INFO     ___FILE_ONLY___ 

2025-02-20 00:06:50,423 INFO     ___FILE_ONLY___ project
2025-02-20 00:06:50,423 INFO     ___FILE_ONLY___ :
2025-02-20 00:06:50,423 INFO     ___FILE_ONLY___  
2025-02-20 00:06:50,423 INFO     ___FILE_ONLY___ peppy-arcadia-432311-g5
2025-02-20 00:06:50,423 INFO     ___FILE_ONLY___ 

2025-02-20 00:06:50,423 INFO     ___FILE_ONLY___ region
2025-02-20 00:06:50,423 INFO     ___FILE_ONLY___ :
2025-02-20 00:06:50,423 INFO     ___FILE_ONLY___  
2025-02-20 00:06:50,423 INFO     ___FILE_ONLY___ asia-northeast3
2025-02-20 00:06:50,423 INFO     ___FILE_ONLY___ 

2025-02-20 00:06:50,423 INFO     ___FILE_ONLY___ satisfiesPzi
2025-02-20 00:06:50,423 INFO     ___FILE_ONLY___ :
2025-02-20 00:06:50,423 INFO     ___FILE_ONLY___  
2025-02-20 00:06:50,423 INFO     ___FILE_ONLY___ true
2025-02-20 00:06:50,423 INFO     ___FILE_ONLY___ 

2025-02-20 00:06:50,423 INFO     ___FILE_ONLY___ selfLink
2025-02-20 00:06:50,423 INFO     ___FILE_ONLY___ :
2025-02-20 00:06:50,423 INFO     ___FILE_ONLY___  
2025-02-20 00:06:50,423 INFO     ___FILE_ONLY___ https://sqladmin.googleapis.com/sql/v1beta4/projects/peppy-arcadia-432311-g5/instances/mydb-instance
2025-02-20 00:06:50,424 INFO     ___FILE_ONLY___ 

2025-02-20 00:06:50,424 INFO     ___FILE_ONLY___ serverCaCert
2025-02-20 00:06:50,424 INFO     ___FILE_ONLY___ :
2025-02-20 00:06:50,424 INFO     ___FILE_ONLY___ 

2025-02-20 00:06:50,424 INFO     ___FILE_ONLY___   
2025-02-20 00:06:50,424 INFO     ___FILE_ONLY___ cert
2025-02-20 00:06:50,424 INFO     ___FILE_ONLY___ :
2025-02-20 00:06:50,424 INFO     ___FILE_ONLY___  |-
2025-02-20 00:06:50,424 INFO     ___FILE_ONLY___ 

2025-02-20 00:06:50,424 INFO     ___FILE_ONLY___     
2025-02-20 00:06:50,424 INFO     ___FILE_ONLY___ -----BEGIN CERTIFICATE-----
2025-02-20 00:06:50,424 INFO     ___FILE_ONLY___ 

2025-02-20 00:06:50,424 INFO     ___FILE_ONLY___     
2025-02-20 00:06:50,424 INFO     ___FILE_ONLY___ MIIDfzCCAmegAwIBAgIBADANBgkqhkiG9w0BAQsFADB3MS0wKwYDVQQuEyRhYTVi
2025-02-20 00:06:50,424 INFO     ___FILE_ONLY___ 

2025-02-20 00:06:50,424 INFO     ___FILE_ONLY___     
2025-02-20 00:06:50,424 INFO     ___FILE_ONLY___ MGVmMy03YmQwLTQ5MDgtOGFlMC0wNWUyZDBjYTNhNjExIzAhBgNVBAMTGkdvb2ds
2025-02-20 00:06:50,424 INFO     ___FILE_ONLY___ 

2025-02-20 00:06:50,424 INFO     ___FILE_ONLY___     
2025-02-20 00:06:50,424 INFO     ___FILE_ONLY___ ZSBDbG91ZCBTUUwgU2VydmVyIENBMRQwEgYDVQQKEwtHb29nbGUsIEluYzELMAkG
2025-02-20 00:06:50,424 INFO     ___FILE_ONLY___ 

2025-02-20 00:06:50,424 INFO     ___FILE_ONLY___     
2025-02-20 00:06:50,425 INFO     ___FILE_ONLY___ A1UEBhMCVVMwHhcNMjUwMjE5MTIzODA1WhcNMzUwMjE3MTIzOTA1WjB3MS0wKwYD
2025-02-20 00:06:50,425 INFO     ___FILE_ONLY___ 

2025-02-20 00:06:50,425 INFO     ___FILE_ONLY___     
2025-02-20 00:06:50,425 INFO     ___FILE_ONLY___ VQQuEyRhYTViMGVmMy03YmQwLTQ5MDgtOGFlMC0wNWUyZDBjYTNhNjExIzAhBgNV
2025-02-20 00:06:50,425 INFO     ___FILE_ONLY___ 

2025-02-20 00:06:50,425 INFO     ___FILE_ONLY___     
2025-02-20 00:06:50,425 INFO     ___FILE_ONLY___ BAMTGkdvb2dsZSBDbG91ZCBTUUwgU2VydmVyIENBMRQwEgYDVQQKEwtHb29nbGUs
2025-02-20 00:06:50,425 INFO     ___FILE_ONLY___ 

2025-02-20 00:06:50,425 INFO     ___FILE_ONLY___     
2025-02-20 00:06:50,425 INFO     ___FILE_ONLY___ IEluYzELMAkGA1UEBhMCVVMwggEiMA0GCSqGSIb3DQEBAQUAA4IBDwAwggEKAoIB
2025-02-20 00:06:50,425 INFO     ___FILE_ONLY___ 

2025-02-20 00:06:50,425 INFO     ___FILE_ONLY___     
2025-02-20 00:06:50,425 INFO     ___FILE_ONLY___ AQDGu7r784TsE0ehEiWhoEJRvDYimERTJGSo5JFqXltWH3Z0/ZPHWycxIc8H/rZR
2025-02-20 00:06:50,425 INFO     ___FILE_ONLY___ 

2025-02-20 00:06:50,425 INFO     ___FILE_ONLY___     
2025-02-20 00:06:50,426 INFO     ___FILE_ONLY___ j+kl5nWzkJaxqJki26s2rqYVQ0rpY1Y2TPG3oaIy7Q7Qpyy3Hf3MqXnIu9YhJ59r
2025-02-20 00:06:50,426 INFO     ___FILE_ONLY___ 

2025-02-20 00:06:50,426 INFO     ___FILE_ONLY___     
2025-02-20 00:06:50,426 INFO     ___FILE_ONLY___ yWJfmWBuQpn0QV60asfV68QWeaa1yzpQAdOyvlxtOw+29s7jueMfrus5uEQ0f5z0
2025-02-20 00:06:50,426 INFO     ___FILE_ONLY___ 

2025-02-20 00:06:50,426 INFO     ___FILE_ONLY___     
2025-02-20 00:06:50,426 INFO     ___FILE_ONLY___ F792lIEtq70fNc9eqiwTPZUYeZUCvqzYBfSDp6y0MzAVP+T9qggSXrAjbJXQZldF
2025-02-20 00:06:50,426 INFO     ___FILE_ONLY___ 

2025-02-20 00:06:50,426 INFO     ___FILE_ONLY___     
2025-02-20 00:06:50,426 INFO     ___FILE_ONLY___ DqlHeFkSEOQ/kZj+h6/lIJJNCguLamT679hU4E7q44ryq7xfrnKbEnX8v5jqn35c
2025-02-20 00:06:50,426 INFO     ___FILE_ONLY___ 

2025-02-20 00:06:50,426 INFO     ___FILE_ONLY___     
2025-02-20 00:06:50,426 INFO     ___FILE_ONLY___ 3DTJXbVXwSyFhvUMPg1tu32TAgMBAAGjFjAUMBIGA1UdEwEB/wQIMAYBAf8CAQAw
2025-02-20 00:06:50,426 INFO     ___FILE_ONLY___ 

2025-02-20 00:06:50,426 INFO     ___FILE_ONLY___     
2025-02-20 00:06:50,426 INFO     ___FILE_ONLY___ DQYJKoZIhvcNAQELBQADggEBAKdftXRboAfT3b2xlQucjQR0YLw2uOM/ep9j9CkD
2025-02-20 00:06:50,426 INFO     ___FILE_ONLY___ 

2025-02-20 00:06:50,426 INFO     ___FILE_ONLY___     
2025-02-20 00:06:50,426 INFO     ___FILE_ONLY___ sfWT2zTtXz+Vt74nJNQ4CnTrmia85Hw2T0THmDsKIApMSGoUecRJsYXj3ZAYiPPg
2025-02-20 00:06:50,426 INFO     ___FILE_ONLY___ 

2025-02-20 00:06:50,426 INFO     ___FILE_ONLY___     
2025-02-20 00:06:50,426 INFO     ___FILE_ONLY___ aTci/Rdj4F6GCeYBRxJovDv0/+SqOTUO+F7+3hbT/4dp0wCVQP/02yvfSQHGr7DC
2025-02-20 00:06:50,426 INFO     ___FILE_ONLY___ 

2025-02-20 00:06:50,426 INFO     ___FILE_ONLY___     
2025-02-20 00:06:50,427 INFO     ___FILE_ONLY___ MsMxjZuXwH5bRPSURbfmU/7Se8LKG2Cez/QDJreeoqv6szvlVzn/6fE1ppnLg2Wq
2025-02-20 00:06:50,427 INFO     ___FILE_ONLY___ 

2025-02-20 00:06:50,427 INFO     ___FILE_ONLY___     
2025-02-20 00:06:50,427 INFO     ___FILE_ONLY___ mRROKTT9lagV8Td+fLs2FxCkHNoXLxef+B+DRjFeVX1k2VQ/O+9n6btHnuw3AX6V
2025-02-20 00:06:50,427 INFO     ___FILE_ONLY___ 

2025-02-20 00:06:50,427 INFO     ___FILE_ONLY___     
2025-02-20 00:06:50,427 INFO     ___FILE_ONLY___ DBrpfGOq9TOFVUyE/CKkt/XhdnIyKvLjhaM+JeAYwiR92T8=
2025-02-20 00:06:50,427 INFO     ___FILE_ONLY___ 

2025-02-20 00:06:50,427 INFO     ___FILE_ONLY___     
2025-02-20 00:06:50,427 INFO     ___FILE_ONLY___ -----END CERTIFICATE-----
2025-02-20 00:06:50,427 INFO     ___FILE_ONLY___ 

2025-02-20 00:06:50,427 INFO     ___FILE_ONLY___   
2025-02-20 00:06:50,427 INFO     ___FILE_ONLY___ certSerialNumber
2025-02-20 00:06:50,427 INFO     ___FILE_ONLY___ :
2025-02-20 00:06:50,427 INFO     ___FILE_ONLY___  '
2025-02-20 00:06:50,427 INFO     ___FILE_ONLY___ 0
2025-02-20 00:06:50,427 INFO     ___FILE_ONLY___ '
2025-02-20 00:06:50,427 INFO     ___FILE_ONLY___ 

2025-02-20 00:06:50,427 INFO     ___FILE_ONLY___   
2025-02-20 00:06:50,427 INFO     ___FILE_ONLY___ commonName
2025-02-20 00:06:50,427 INFO     ___FILE_ONLY___ :
2025-02-20 00:06:50,427 INFO     ___FILE_ONLY___  
2025-02-20 00:06:50,427 INFO     ___FILE_ONLY___ C=US,O=Google\,
2025-02-20 00:06:50,427 INFO     ___FILE_ONLY___  
2025-02-20 00:06:50,428 INFO     ___FILE_ONLY___ Inc,CN=Google
2025-02-20 00:06:50,428 INFO     ___FILE_ONLY___  
2025-02-20 00:06:50,428 INFO     ___FILE_ONLY___ Cloud
2025-02-20 00:06:50,428 INFO     ___FILE_ONLY___  
2025-02-20 00:06:50,428 INFO     ___FILE_ONLY___ SQL
2025-02-20 00:06:50,428 INFO     ___FILE_ONLY___  
2025-02-20 00:06:50,428 INFO     ___FILE_ONLY___ Server
2025-02-20 00:06:50,428 INFO     ___FILE_ONLY___  
2025-02-20 00:06:50,428 INFO     ___FILE_ONLY___ CA,dnQualifier=aa5b0ef3-7bd0-4908-8ae0-05e2d0ca3a61
2025-02-20 00:06:50,428 INFO     ___FILE_ONLY___ 

2025-02-20 00:06:50,428 INFO     ___FILE_ONLY___   
2025-02-20 00:06:50,428 INFO     ___FILE_ONLY___ createTime
2025-02-20 00:06:50,428 INFO     ___FILE_ONLY___ :
2025-02-20 00:06:50,428 INFO     ___FILE_ONLY___  '
2025-02-20 00:06:50,428 INFO     ___FILE_ONLY___ 2025-02-19T12:38:05.205Z
2025-02-20 00:06:50,428 INFO     ___FILE_ONLY___ '
2025-02-20 00:06:50,428 INFO     ___FILE_ONLY___ 

2025-02-20 00:06:50,428 INFO     ___FILE_ONLY___   
2025-02-20 00:06:50,428 INFO     ___FILE_ONLY___ expirationTime
2025-02-20 00:06:50,428 INFO     ___FILE_ONLY___ :
2025-02-20 00:06:50,428 INFO     ___FILE_ONLY___  '
2025-02-20 00:06:50,428 INFO     ___FILE_ONLY___ 2035-02-17T12:39:05.205Z
2025-02-20 00:06:50,428 INFO     ___FILE_ONLY___ '
2025-02-20 00:06:50,428 INFO     ___FILE_ONLY___ 

2025-02-20 00:06:50,428 INFO     ___FILE_ONLY___   
2025-02-20 00:06:50,428 INFO     ___FILE_ONLY___ instance
2025-02-20 00:06:50,428 INFO     ___FILE_ONLY___ :
2025-02-20 00:06:50,428 INFO     ___FILE_ONLY___  
2025-02-20 00:06:50,428 INFO     ___FILE_ONLY___ mydb-instance
2025-02-20 00:06:50,428 INFO     ___FILE_ONLY___ 

2025-02-20 00:06:50,428 INFO     ___FILE_ONLY___   
2025-02-20 00:06:50,429 INFO     ___FILE_ONLY___ kind
2025-02-20 00:06:50,429 INFO     ___FILE_ONLY___ :
2025-02-20 00:06:50,429 INFO     ___FILE_ONLY___  
2025-02-20 00:06:50,429 INFO     ___FILE_ONLY___ sql#sslCert
2025-02-20 00:06:50,429 INFO     ___FILE_ONLY___ 

2025-02-20 00:06:50,429 INFO     ___FILE_ONLY___   
2025-02-20 00:06:50,429 INFO     ___FILE_ONLY___ sha1Fingerprint
2025-02-20 00:06:50,429 INFO     ___FILE_ONLY___ :
2025-02-20 00:06:50,429 INFO     ___FILE_ONLY___  
2025-02-20 00:06:50,429 INFO     ___FILE_ONLY___ 49d78a980c8f4cc0a645e30acdf9465bc7bbf088
2025-02-20 00:06:50,429 INFO     ___FILE_ONLY___ 

2025-02-20 00:06:50,429 INFO     ___FILE_ONLY___ serviceAccountEmailAddress
2025-02-20 00:06:50,429 INFO     ___FILE_ONLY___ :
2025-02-20 00:06:50,429 INFO     ___FILE_ONLY___  
2025-02-20 00:06:50,429 INFO     ___FILE_ONLY___ p134982172036-muznvp@gcp-sa-cloud-sql.iam.gserviceaccount.com
2025-02-20 00:06:50,429 INFO     ___FILE_ONLY___ 

2025-02-20 00:06:50,429 INFO     ___FILE_ONLY___ settings
2025-02-20 00:06:50,429 INFO     ___FILE_ONLY___ :
2025-02-20 00:06:50,429 INFO     ___FILE_ONLY___ 

2025-02-20 00:06:50,429 INFO     ___FILE_ONLY___   
2025-02-20 00:06:50,429 INFO     ___FILE_ONLY___ activationPolicy
2025-02-20 00:06:50,429 INFO     ___FILE_ONLY___ :
2025-02-20 00:06:50,429 INFO     ___FILE_ONLY___  
2025-02-20 00:06:50,429 INFO     ___FILE_ONLY___ ALWAYS
2025-02-20 00:06:50,429 INFO     ___FILE_ONLY___ 

2025-02-20 00:06:50,429 INFO     ___FILE_ONLY___   
2025-02-20 00:06:50,429 INFO     ___FILE_ONLY___ availabilityType
2025-02-20 00:06:50,430 INFO     ___FILE_ONLY___ :
2025-02-20 00:06:50,430 INFO     ___FILE_ONLY___  
2025-02-20 00:06:50,430 INFO     ___FILE_ONLY___ ZONAL
2025-02-20 00:06:50,430 INFO     ___FILE_ONLY___ 

2025-02-20 00:06:50,430 INFO     ___FILE_ONLY___   
2025-02-20 00:06:50,430 INFO     ___FILE_ONLY___ backupConfiguration
2025-02-20 00:06:50,430 INFO     ___FILE_ONLY___ :
2025-02-20 00:06:50,430 INFO     ___FILE_ONLY___ 

2025-02-20 00:06:50,430 INFO     ___FILE_ONLY___     
2025-02-20 00:06:50,430 INFO     ___FILE_ONLY___ backupRetentionSettings
2025-02-20 00:06:50,430 INFO     ___FILE_ONLY___ :
2025-02-20 00:06:50,430 INFO     ___FILE_ONLY___ 

2025-02-20 00:06:50,430 INFO     ___FILE_ONLY___       
2025-02-20 00:06:50,430 INFO     ___FILE_ONLY___ retainedBackups
2025-02-20 00:06:50,430 INFO     ___FILE_ONLY___ :
2025-02-20 00:06:50,430 INFO     ___FILE_ONLY___  
2025-02-20 00:06:50,430 INFO     ___FILE_ONLY___ 7
2025-02-20 00:06:50,430 INFO     ___FILE_ONLY___ 

2025-02-20 00:06:50,430 INFO     ___FILE_ONLY___       
2025-02-20 00:06:50,430 INFO     ___FILE_ONLY___ retentionUnit
2025-02-20 00:06:50,430 INFO     ___FILE_ONLY___ :
2025-02-20 00:06:50,430 INFO     ___FILE_ONLY___  
2025-02-20 00:06:50,430 INFO     ___FILE_ONLY___ COUNT
2025-02-20 00:06:50,430 INFO     ___FILE_ONLY___ 

2025-02-20 00:06:50,430 INFO     ___FILE_ONLY___     
2025-02-20 00:06:50,430 INFO     ___FILE_ONLY___ enabled
2025-02-20 00:06:50,430 INFO     ___FILE_ONLY___ :
2025-02-20 00:06:50,430 INFO     ___FILE_ONLY___  
2025-02-20 00:06:50,430 INFO     ___FILE_ONLY___ false
2025-02-20 00:06:50,430 INFO     ___FILE_ONLY___ 

2025-02-20 00:06:50,430 INFO     ___FILE_ONLY___     
2025-02-20 00:06:50,431 INFO     ___FILE_ONLY___ kind
2025-02-20 00:06:50,431 INFO     ___FILE_ONLY___ :
2025-02-20 00:06:50,431 INFO     ___FILE_ONLY___  
2025-02-20 00:06:50,431 INFO     ___FILE_ONLY___ sql#backupConfiguration
2025-02-20 00:06:50,431 INFO     ___FILE_ONLY___ 

2025-02-20 00:06:50,431 INFO     ___FILE_ONLY___     
2025-02-20 00:06:50,431 INFO     ___FILE_ONLY___ startTime
2025-02-20 00:06:50,431 INFO     ___FILE_ONLY___ :
2025-02-20 00:06:50,431 INFO     ___FILE_ONLY___  
2025-02-20 00:06:50,431 INFO     ___FILE_ONLY___ 23:00
2025-02-20 00:06:50,431 INFO     ___FILE_ONLY___ 

2025-02-20 00:06:50,431 INFO     ___FILE_ONLY___     
2025-02-20 00:06:50,431 INFO     ___FILE_ONLY___ transactionLogRetentionDays
2025-02-20 00:06:50,431 INFO     ___FILE_ONLY___ :
2025-02-20 00:06:50,431 INFO     ___FILE_ONLY___  
2025-02-20 00:06:50,431 INFO     ___FILE_ONLY___ 7
2025-02-20 00:06:50,431 INFO     ___FILE_ONLY___ 

2025-02-20 00:06:50,431 INFO     ___FILE_ONLY___     
2025-02-20 00:06:50,431 INFO     ___FILE_ONLY___ transactionalLogStorageState
2025-02-20 00:06:50,431 INFO     ___FILE_ONLY___ :
2025-02-20 00:06:50,431 INFO     ___FILE_ONLY___  
2025-02-20 00:06:50,431 INFO     ___FILE_ONLY___ TRANSACTIONAL_LOG_STORAGE_STATE_UNSPECIFIED
2025-02-20 00:06:50,431 INFO     ___FILE_ONLY___ 

2025-02-20 00:06:50,431 INFO     ___FILE_ONLY___   
2025-02-20 00:06:50,431 INFO     ___FILE_ONLY___ connectorEnforcement
2025-02-20 00:06:50,431 INFO     ___FILE_ONLY___ :
2025-02-20 00:06:50,431 INFO     ___FILE_ONLY___  
2025-02-20 00:06:50,431 INFO     ___FILE_ONLY___ NOT_REQUIRED
2025-02-20 00:06:50,431 INFO     ___FILE_ONLY___ 

2025-02-20 00:06:50,431 INFO     ___FILE_ONLY___   
2025-02-20 00:06:50,431 INFO     ___FILE_ONLY___ dataDiskSizeGb
2025-02-20 00:06:50,431 INFO     ___FILE_ONLY___ :
2025-02-20 00:06:50,431 INFO     ___FILE_ONLY___  '
2025-02-20 00:06:50,432 INFO     ___FILE_ONLY___ 10
2025-02-20 00:06:50,432 INFO     ___FILE_ONLY___ '
2025-02-20 00:06:50,432 INFO     ___FILE_ONLY___ 

2025-02-20 00:06:50,432 INFO     ___FILE_ONLY___   
2025-02-20 00:06:50,432 INFO     ___FILE_ONLY___ dataDiskType
2025-02-20 00:06:50,432 INFO     ___FILE_ONLY___ :
2025-02-20 00:06:50,432 INFO     ___FILE_ONLY___  
2025-02-20 00:06:50,432 INFO     ___FILE_ONLY___ PD_SSD
2025-02-20 00:06:50,432 INFO     ___FILE_ONLY___ 

2025-02-20 00:06:50,432 INFO     ___FILE_ONLY___   
2025-02-20 00:06:50,432 INFO     ___FILE_ONLY___ deletionProtectionEnabled
2025-02-20 00:06:50,432 INFO     ___FILE_ONLY___ :
2025-02-20 00:06:50,432 INFO     ___FILE_ONLY___  
2025-02-20 00:06:50,432 INFO     ___FILE_ONLY___ false
2025-02-20 00:06:50,432 INFO     ___FILE_ONLY___ 

2025-02-20 00:06:50,432 INFO     ___FILE_ONLY___   
2025-02-20 00:06:50,432 INFO     ___FILE_ONLY___ enableDataplexIntegration
2025-02-20 00:06:50,432 INFO     ___FILE_ONLY___ :
2025-02-20 00:06:50,432 INFO     ___FILE_ONLY___  
2025-02-20 00:06:50,432 INFO     ___FILE_ONLY___ false
2025-02-20 00:06:50,432 INFO     ___FILE_ONLY___ 

2025-02-20 00:06:50,432 INFO     ___FILE_ONLY___   
2025-02-20 00:06:50,432 INFO     ___FILE_ONLY___ enableGoogleMlIntegration
2025-02-20 00:06:50,432 INFO     ___FILE_ONLY___ :
2025-02-20 00:06:50,432 INFO     ___FILE_ONLY___  
2025-02-20 00:06:50,432 INFO     ___FILE_ONLY___ false
2025-02-20 00:06:50,432 INFO     ___FILE_ONLY___ 

2025-02-20 00:06:50,432 INFO     ___FILE_ONLY___   
2025-02-20 00:06:50,432 INFO     ___FILE_ONLY___ ipConfiguration
2025-02-20 00:06:50,432 INFO     ___FILE_ONLY___ :
2025-02-20 00:06:50,432 INFO     ___FILE_ONLY___ 

2025-02-20 00:06:50,432 INFO     ___FILE_ONLY___     
2025-02-20 00:06:50,432 INFO     ___FILE_ONLY___ enablePrivatePathForGoogleCloudServices
2025-02-20 00:06:50,433 INFO     ___FILE_ONLY___ :
2025-02-20 00:06:50,433 INFO     ___FILE_ONLY___  
2025-02-20 00:06:50,433 INFO     ___FILE_ONLY___ false
2025-02-20 00:06:50,433 INFO     ___FILE_ONLY___ 

2025-02-20 00:06:50,433 INFO     ___FILE_ONLY___     
2025-02-20 00:06:50,433 INFO     ___FILE_ONLY___ ipv4Enabled
2025-02-20 00:06:50,433 INFO     ___FILE_ONLY___ :
2025-02-20 00:06:50,433 INFO     ___FILE_ONLY___  
2025-02-20 00:06:50,433 INFO     ___FILE_ONLY___ false
2025-02-20 00:06:50,433 INFO     ___FILE_ONLY___ 

2025-02-20 00:06:50,433 INFO     ___FILE_ONLY___     
2025-02-20 00:06:50,433 INFO     ___FILE_ONLY___ privateNetwork
2025-02-20 00:06:50,433 INFO     ___FILE_ONLY___ :
2025-02-20 00:06:50,433 INFO     ___FILE_ONLY___  
2025-02-20 00:06:50,433 INFO     ___FILE_ONLY___ projects/peppy-arcadia-432311-g5/global/networks/gcp-dr-vpc
2025-02-20 00:06:50,433 INFO     ___FILE_ONLY___ 

2025-02-20 00:06:50,433 INFO     ___FILE_ONLY___     
2025-02-20 00:06:50,433 INFO     ___FILE_ONLY___ requireSsl
2025-02-20 00:06:50,433 INFO     ___FILE_ONLY___ :
2025-02-20 00:06:50,433 INFO     ___FILE_ONLY___  
2025-02-20 00:06:50,433 INFO     ___FILE_ONLY___ false
2025-02-20 00:06:50,433 INFO     ___FILE_ONLY___ 

2025-02-20 00:06:50,433 INFO     ___FILE_ONLY___     
2025-02-20 00:06:50,433 INFO     ___FILE_ONLY___ serverCaMode
2025-02-20 00:06:50,433 INFO     ___FILE_ONLY___ :
2025-02-20 00:06:50,433 INFO     ___FILE_ONLY___  
2025-02-20 00:06:50,433 INFO     ___FILE_ONLY___ GOOGLE_MANAGED_INTERNAL_CA
2025-02-20 00:06:50,433 INFO     ___FILE_ONLY___ 

2025-02-20 00:06:50,433 INFO     ___FILE_ONLY___     
2025-02-20 00:06:50,433 INFO     ___FILE_ONLY___ sslMode
2025-02-20 00:06:50,433 INFO     ___FILE_ONLY___ :
2025-02-20 00:06:50,433 INFO     ___FILE_ONLY___  
2025-02-20 00:06:50,434 INFO     ___FILE_ONLY___ ALLOW_UNENCRYPTED_AND_ENCRYPTED
2025-02-20 00:06:50,434 INFO     ___FILE_ONLY___ 

2025-02-20 00:06:50,434 INFO     ___FILE_ONLY___   
2025-02-20 00:06:50,434 INFO     ___FILE_ONLY___ kind
2025-02-20 00:06:50,434 INFO     ___FILE_ONLY___ :
2025-02-20 00:06:50,434 INFO     ___FILE_ONLY___  
2025-02-20 00:06:50,434 INFO     ___FILE_ONLY___ sql#settings
2025-02-20 00:06:50,434 INFO     ___FILE_ONLY___ 

2025-02-20 00:06:50,434 INFO     ___FILE_ONLY___   
2025-02-20 00:06:50,434 INFO     ___FILE_ONLY___ locationPreference
2025-02-20 00:06:50,434 INFO     ___FILE_ONLY___ :
2025-02-20 00:06:50,434 INFO     ___FILE_ONLY___ 

2025-02-20 00:06:50,434 INFO     ___FILE_ONLY___     
2025-02-20 00:06:50,434 INFO     ___FILE_ONLY___ kind
2025-02-20 00:06:50,434 INFO     ___FILE_ONLY___ :
2025-02-20 00:06:50,434 INFO     ___FILE_ONLY___  
2025-02-20 00:06:50,434 INFO     ___FILE_ONLY___ sql#locationPreference
2025-02-20 00:06:50,434 INFO     ___FILE_ONLY___ 

2025-02-20 00:06:50,434 INFO     ___FILE_ONLY___     
2025-02-20 00:06:50,434 INFO     ___FILE_ONLY___ zone
2025-02-20 00:06:50,434 INFO     ___FILE_ONLY___ :
2025-02-20 00:06:50,434 INFO     ___FILE_ONLY___  
2025-02-20 00:06:50,434 INFO     ___FILE_ONLY___ asia-northeast3-c
2025-02-20 00:06:50,434 INFO     ___FILE_ONLY___ 

2025-02-20 00:06:50,434 INFO     ___FILE_ONLY___   
2025-02-20 00:06:50,434 INFO     ___FILE_ONLY___ pricingPlan
2025-02-20 00:06:50,434 INFO     ___FILE_ONLY___ :
2025-02-20 00:06:50,434 INFO     ___FILE_ONLY___  
2025-02-20 00:06:50,434 INFO     ___FILE_ONLY___ PER_USE
2025-02-20 00:06:50,434 INFO     ___FILE_ONLY___ 

2025-02-20 00:06:50,434 INFO     ___FILE_ONLY___   
2025-02-20 00:06:50,435 INFO     ___FILE_ONLY___ replicationLagMaxSeconds
2025-02-20 00:06:50,435 INFO     ___FILE_ONLY___ :
2025-02-20 00:06:50,435 INFO     ___FILE_ONLY___  
2025-02-20 00:06:50,435 INFO     ___FILE_ONLY___ 31536000
2025-02-20 00:06:50,435 INFO     ___FILE_ONLY___ 

2025-02-20 00:06:50,435 INFO     ___FILE_ONLY___   
2025-02-20 00:06:50,435 INFO     ___FILE_ONLY___ replicationType
2025-02-20 00:06:50,435 INFO     ___FILE_ONLY___ :
2025-02-20 00:06:50,435 INFO     ___FILE_ONLY___  
2025-02-20 00:06:50,435 INFO     ___FILE_ONLY___ SYNCHRONOUS
2025-02-20 00:06:50,435 INFO     ___FILE_ONLY___ 

2025-02-20 00:06:50,436 INFO     ___FILE_ONLY___   
2025-02-20 00:06:50,436 INFO     ___FILE_ONLY___ settingsVersion
2025-02-20 00:06:50,436 INFO     ___FILE_ONLY___ :
2025-02-20 00:06:50,436 INFO     ___FILE_ONLY___  '
2025-02-20 00:06:50,436 INFO     ___FILE_ONLY___ 1
2025-02-20 00:06:50,436 INFO     ___FILE_ONLY___ '
2025-02-20 00:06:50,436 INFO     ___FILE_ONLY___ 

2025-02-20 00:06:50,436 INFO     ___FILE_ONLY___   
2025-02-20 00:06:50,436 INFO     ___FILE_ONLY___ storageAutoResize
2025-02-20 00:06:50,436 INFO     ___FILE_ONLY___ :
2025-02-20 00:06:50,436 INFO     ___FILE_ONLY___  
2025-02-20 00:06:50,436 INFO     ___FILE_ONLY___ true
2025-02-20 00:06:50,436 INFO     ___FILE_ONLY___ 

2025-02-20 00:06:50,436 INFO     ___FILE_ONLY___   
2025-02-20 00:06:50,437 INFO     ___FILE_ONLY___ storageAutoResizeLimit
2025-02-20 00:06:50,437 INFO     ___FILE_ONLY___ :
2025-02-20 00:06:50,437 INFO     ___FILE_ONLY___  '
2025-02-20 00:06:50,437 INFO     ___FILE_ONLY___ 0
2025-02-20 00:06:50,437 INFO     ___FILE_ONLY___ '
2025-02-20 00:06:50,437 INFO     ___FILE_ONLY___ 

2025-02-20 00:06:50,437 INFO     ___FILE_ONLY___   
2025-02-20 00:06:50,438 INFO     ___FILE_ONLY___ tier
2025-02-20 00:06:50,438 INFO     ___FILE_ONLY___ :
2025-02-20 00:06:50,438 INFO     ___FILE_ONLY___  
2025-02-20 00:06:50,438 INFO     ___FILE_ONLY___ db-f1-micro
2025-02-20 00:06:50,438 INFO     ___FILE_ONLY___ 

2025-02-20 00:06:50,438 INFO     ___FILE_ONLY___ sqlNetworkArchitecture
2025-02-20 00:06:50,438 INFO     ___FILE_ONLY___ :
2025-02-20 00:06:50,438 INFO     ___FILE_ONLY___  
2025-02-20 00:06:50,438 INFO     ___FILE_ONLY___ NEW_NETWORK_ARCHITECTURE
2025-02-20 00:06:50,438 INFO     ___FILE_ONLY___ 

2025-02-20 00:06:50,438 INFO     ___FILE_ONLY___ state
2025-02-20 00:06:50,438 INFO     ___FILE_ONLY___ :
2025-02-20 00:06:50,438 INFO     ___FILE_ONLY___  
2025-02-20 00:06:50,438 INFO     ___FILE_ONLY___ RUNNABLE
2025-02-20 00:06:50,438 INFO     ___FILE_ONLY___ 

2025-02-20 00:06:50,438 INFO     ___FILE_ONLY___ upgradableDatabaseVersions
2025-02-20 00:06:50,438 INFO     ___FILE_ONLY___ :
2025-02-20 00:06:50,438 INFO     ___FILE_ONLY___ 

2025-02-20 00:06:50,438 INFO     ___FILE_ONLY___ -
2025-02-20 00:06:50,438 INFO     ___FILE_ONLY___  
2025-02-20 00:06:50,438 INFO     ___FILE_ONLY___ displayName
2025-02-20 00:06:50,438 INFO     ___FILE_ONLY___ :
2025-02-20 00:06:50,438 INFO     ___FILE_ONLY___  
2025-02-20 00:06:50,438 INFO     ___FILE_ONLY___ MySQL
2025-02-20 00:06:50,438 INFO     ___FILE_ONLY___  
2025-02-20 00:06:50,438 INFO     ___FILE_ONLY___ 8.0.35
2025-02-20 00:06:50,438 INFO     ___FILE_ONLY___ 

2025-02-20 00:06:50,438 INFO     ___FILE_ONLY___   
2025-02-20 00:06:50,438 INFO     ___FILE_ONLY___ majorVersion
2025-02-20 00:06:50,439 INFO     ___FILE_ONLY___ :
2025-02-20 00:06:50,439 INFO     ___FILE_ONLY___  
2025-02-20 00:06:50,439 INFO     ___FILE_ONLY___ MYSQL_8_0
2025-02-20 00:06:50,439 INFO     ___FILE_ONLY___ 

2025-02-20 00:06:50,439 INFO     ___FILE_ONLY___   
2025-02-20 00:06:50,439 INFO     ___FILE_ONLY___ name
2025-02-20 00:06:50,439 INFO     ___FILE_ONLY___ :
2025-02-20 00:06:50,439 INFO     ___FILE_ONLY___  
2025-02-20 00:06:50,439 INFO     ___FILE_ONLY___ MYSQL_8_0_35
2025-02-20 00:06:50,439 INFO     ___FILE_ONLY___ 

2025-02-20 00:06:50,439 INFO     ___FILE_ONLY___ -
2025-02-20 00:06:50,439 INFO     ___FILE_ONLY___  
2025-02-20 00:06:50,439 INFO     ___FILE_ONLY___ displayName
2025-02-20 00:06:50,439 INFO     ___FILE_ONLY___ :
2025-02-20 00:06:50,439 INFO     ___FILE_ONLY___  
2025-02-20 00:06:50,439 INFO     ___FILE_ONLY___ MySQL
2025-02-20 00:06:50,439 INFO     ___FILE_ONLY___  
2025-02-20 00:06:50,439 INFO     ___FILE_ONLY___ 8.0.36
2025-02-20 00:06:50,439 INFO     ___FILE_ONLY___ 

2025-02-20 00:06:50,439 INFO     ___FILE_ONLY___   
2025-02-20 00:06:50,439 INFO     ___FILE_ONLY___ majorVersion
2025-02-20 00:06:50,439 INFO     ___FILE_ONLY___ :
2025-02-20 00:06:50,439 INFO     ___FILE_ONLY___  
2025-02-20 00:06:50,439 INFO     ___FILE_ONLY___ MYSQL_8_0
2025-02-20 00:06:50,439 INFO     ___FILE_ONLY___ 

2025-02-20 00:06:50,440 INFO     ___FILE_ONLY___   
2025-02-20 00:06:50,440 INFO     ___FILE_ONLY___ name
2025-02-20 00:06:50,440 INFO     ___FILE_ONLY___ :
2025-02-20 00:06:50,440 INFO     ___FILE_ONLY___  
2025-02-20 00:06:50,440 INFO     ___FILE_ONLY___ MYSQL_8_0_36
2025-02-20 00:06:50,440 INFO     ___FILE_ONLY___ 

2025-02-20 00:06:50,440 INFO     ___FILE_ONLY___ -
2025-02-20 00:06:50,440 INFO     ___FILE_ONLY___  
2025-02-20 00:06:50,440 INFO     ___FILE_ONLY___ displayName
2025-02-20 00:06:50,440 INFO     ___FILE_ONLY___ :
2025-02-20 00:06:50,440 INFO     ___FILE_ONLY___  
2025-02-20 00:06:50,440 INFO     ___FILE_ONLY___ MySQL
2025-02-20 00:06:50,440 INFO     ___FILE_ONLY___  
2025-02-20 00:06:50,440 INFO     ___FILE_ONLY___ 8.0.39
2025-02-20 00:06:50,440 INFO     ___FILE_ONLY___ 

2025-02-20 00:06:50,440 INFO     ___FILE_ONLY___   
2025-02-20 00:06:50,440 INFO     ___FILE_ONLY___ majorVersion
2025-02-20 00:06:50,441 INFO     ___FILE_ONLY___ :
2025-02-20 00:06:50,441 INFO     ___FILE_ONLY___  
2025-02-20 00:06:50,441 INFO     ___FILE_ONLY___ MYSQL_8_0
2025-02-20 00:06:50,441 INFO     ___FILE_ONLY___ 

2025-02-20 00:06:50,441 INFO     ___FILE_ONLY___   
2025-02-20 00:06:50,441 INFO     ___FILE_ONLY___ name
2025-02-20 00:06:50,441 INFO     ___FILE_ONLY___ :
2025-02-20 00:06:50,441 INFO     ___FILE_ONLY___  
2025-02-20 00:06:50,441 INFO     ___FILE_ONLY___ MYSQL_8_0_39
2025-02-20 00:06:50,441 INFO     ___FILE_ONLY___ 

2025-02-20 00:06:50,441 INFO     ___FILE_ONLY___ -
2025-02-20 00:06:50,441 INFO     ___FILE_ONLY___  
2025-02-20 00:06:50,441 INFO     ___FILE_ONLY___ displayName
2025-02-20 00:06:50,441 INFO     ___FILE_ONLY___ :
2025-02-20 00:06:50,441 INFO     ___FILE_ONLY___  
2025-02-20 00:06:50,441 INFO     ___FILE_ONLY___ MySQL
2025-02-20 00:06:50,441 INFO     ___FILE_ONLY___  
2025-02-20 00:06:50,441 INFO     ___FILE_ONLY___ 8.0.40
2025-02-20 00:06:50,441 INFO     ___FILE_ONLY___ 

2025-02-20 00:06:50,441 INFO     ___FILE_ONLY___   
2025-02-20 00:06:50,441 INFO     ___FILE_ONLY___ majorVersion
2025-02-20 00:06:50,441 INFO     ___FILE_ONLY___ :
2025-02-20 00:06:50,441 INFO     ___FILE_ONLY___  
2025-02-20 00:06:50,441 INFO     ___FILE_ONLY___ MYSQL_8_0
2025-02-20 00:06:50,441 INFO     ___FILE_ONLY___ 

2025-02-20 00:06:50,441 INFO     ___FILE_ONLY___   
2025-02-20 00:06:50,442 INFO     ___FILE_ONLY___ name
2025-02-20 00:06:50,442 INFO     ___FILE_ONLY___ :
2025-02-20 00:06:50,442 INFO     ___FILE_ONLY___  
2025-02-20 00:06:50,442 INFO     ___FILE_ONLY___ MYSQL_8_0_40
2025-02-20 00:06:50,442 INFO     ___FILE_ONLY___ 

2025-02-20 00:06:50,442 INFO     ___FILE_ONLY___ -
2025-02-20 00:06:50,442 INFO     ___FILE_ONLY___  
2025-02-20 00:06:50,442 INFO     ___FILE_ONLY___ displayName
2025-02-20 00:06:50,442 INFO     ___FILE_ONLY___ :
2025-02-20 00:06:50,442 INFO     ___FILE_ONLY___  
2025-02-20 00:06:50,442 INFO     ___FILE_ONLY___ MySQL
2025-02-20 00:06:50,442 INFO     ___FILE_ONLY___  
2025-02-20 00:06:50,442 INFO     ___FILE_ONLY___ 8.4
2025-02-20 00:06:50,442 INFO     ___FILE_ONLY___ 

2025-02-20 00:06:50,442 INFO     ___FILE_ONLY___   
2025-02-20 00:06:50,442 INFO     ___FILE_ONLY___ majorVersion
2025-02-20 00:06:50,442 INFO     ___FILE_ONLY___ :
2025-02-20 00:06:50,442 INFO     ___FILE_ONLY___  
2025-02-20 00:06:50,442 INFO     ___FILE_ONLY___ MYSQL_8_4
2025-02-20 00:06:50,442 INFO     ___FILE_ONLY___ 

2025-02-20 00:06:50,442 INFO     ___FILE_ONLY___   
2025-02-20 00:06:50,442 INFO     ___FILE_ONLY___ name
2025-02-20 00:06:50,442 INFO     ___FILE_ONLY___ :
2025-02-20 00:06:50,442 INFO     ___FILE_ONLY___  
2025-02-20 00:06:50,442 INFO     ___FILE_ONLY___ MYSQL_8_4
2025-02-20 00:06:50,442 INFO     ___FILE_ONLY___ 

2025-02-20 00:06:50,442 DEBUG    root            SDK update checks are disabled.
