2025-02-20 01:11:45,446 DEBUG    root            Loaded Command Group: ['gcloud', 'compute']
2025-02-20 01:11:45,448 DEBUG    root            Loaded Command Group: ['gcloud', 'compute', 'vpn_tunnels']
2025-02-20 01:11:45,457 DEBUG    root            Loaded Command Group: ['gcloud', 'compute', 'vpn-tunnels', 'list']
2025-02-20 01:11:45,458 DEBUG    root            Running [gcloud.compute.vpn-tunnels.list] with arguments: []
2025-02-20 01:11:45,650 DEBUG    root            Chosen display Format:    table(
      name,
      region.basename(),
      vpn_tunnel_gateway().basename():label=GATEWAY,
      peerIp:label=PEER_ADDRESS
    )
2025-02-20 01:11:45,650 INFO     root            Display format: "    table(
      name,
      region.basename(),
      vpn_tunnel_gateway().basename():label=GATEWAY,
      peerIp:label=PEER_ADDRESS
    )"
2025-02-20 01:11:45,652 DEBUG    urllib3.connectionpool Starting new HTTPS connection (1): compute.googleapis.com:443
2025-02-20 01:11:46,367 DEBUG    urllib3.connectionpool https://compute.googleapis.com:443 "GET /compute/v1/projects/peppy-arcadia-432311-g5/aggregated/vpnTunnels?alt=json&maxResults=500&returnPartialSuccess=True HTTP/1.1" 200 None
2025-02-20 01:11:46,397 INFO     root            cache collection=compute.vpnTunnels api_version=v1 params=['project', 'region', 'vpnTunnel']
2025-02-20 01:11:46,416 INFO     ___FILE_ONLY___ NAME
2025-02-20 01:11:46,417 INFO     ___FILE_ONLY___               
2025-02-20 01:11:46,417 INFO     ___FILE_ONLY___ REGION
2025-02-20 01:11:46,417 INFO     ___FILE_ONLY___            
2025-02-20 01:11:46,417 INFO     ___FILE_ONLY___ GATEWAY
2025-02-20 01:11:46,417 INFO     ___FILE_ONLY___           
2025-02-20 01:11:46,417 INFO     ___FILE_ONLY___ PEER_ADDRESS
2025-02-20 01:11:46,417 INFO     ___FILE_ONLY___ 

2025-02-20 01:11:46,417 INFO     ___FILE_ONLY___ aws-to-gcp-vpn-1
2025-02-20 01:11:46,417 INFO     ___FILE_ONLY___   
2025-02-20 01:11:46,417 INFO     ___FILE_ONLY___ asia-northeast3
2025-02-20 01:11:46,417 INFO     ___FILE_ONLY___   
2025-02-20 01:11:46,417 INFO     ___FILE_ONLY___ gcp-vpn-gateway
2025-02-20 01:11:46,417 INFO     ___FILE_ONLY___   
2025-02-20 01:11:46,417 INFO     ___FILE_ONLY___ 43.203.50.235
2025-02-20 01:11:46,417 INFO     ___FILE_ONLY___ 

2025-02-20 01:11:46,418 INFO     ___FILE_ONLY___ aws-to-gcp-vpn-2
2025-02-20 01:11:46,418 INFO     ___FILE_ONLY___   
2025-02-20 01:11:46,418 INFO     ___FILE_ONLY___ asia-northeast3
2025-02-20 01:11:46,418 INFO     ___FILE_ONLY___   
2025-02-20 01:11:46,418 INFO     ___FILE_ONLY___ gcp-vpn-gateway
2025-02-20 01:11:46,418 INFO     ___FILE_ONLY___   
2025-02-20 01:11:46,418 INFO     ___FILE_ONLY___ 52.78.98.45
2025-02-20 01:11:46,418 INFO     ___FILE_ONLY___ 

2025-02-20 01:11:46,418 DEBUG    root            SDK update checks are disabled.
