2025-02-20 01:16:23,366 DEBUG    root            Loaded Command Group: ['gcloud', 'services']
2025-02-20 01:16:23,368 DEBUG    root            Loaded Command Group: ['gcloud', 'services', 'vpc_peerings']
2025-02-20 01:16:23,382 DEBUG    root            Loaded Command Group: ['gcloud', 'services', 'vpc-peerings', 'list']
2025-02-20 01:16:23,383 DEBUG    root            Running [gcloud.services.vpc-peerings.list] with arguments: [--network: "gcp-dr-vpc"]
2025-02-20 01:16:23,397 DEBUG    urllib3.connectionpool Starting new HTTPS connection (1): cloudresourcemanager.googleapis.com:443
2025-02-20 01:16:24,375 DEBUG    urllib3.connectionpool https://cloudresourcemanager.googleapis.com:443 "GET /v1/projects/peppy-arcadia-432311-g5?alt=json HTTP/1.1" 200 None
2025-02-20 01:16:24,392 DEBUG    urllib3.connectionpool Starting new HTTPS connection (1): servicenetworking.googleapis.com:443
2025-02-20 01:16:25,669 DEBUG    urllib3.connectionpool https://servicenetworking.googleapis.com:443 "GET /v1/services/-/connections?alt=json&network=projects%2F134982172036%2Fglobal%2Fnetworks%2Fgcp-dr-vpc HTTP/1.1" 200 None
2025-02-20 01:16:25,673 DEBUG    root            Chosen display Format:default
2025-02-20 01:16:25,674 INFO     root            Display format: "default"
2025-02-20 01:16:25,683 INFO     ___FILE_ONLY___ ---
2025-02-20 01:16:25,683 INFO     ___FILE_ONLY___ 

2025-02-20 01:16:25,684 INFO     ___FILE_ONLY___ network
2025-02-20 01:16:25,684 INFO     ___FILE_ONLY___ :
2025-02-20 01:16:25,684 INFO     ___FILE_ONLY___  
2025-02-20 01:16:25,685 INFO     ___FILE_ONLY___ projects/134982172036/global/networks/gcp-dr-vpc
2025-02-20 01:16:25,685 INFO     ___FILE_ONLY___ 

2025-02-20 01:16:25,685 INFO     ___FILE_ONLY___ peering
2025-02-20 01:16:25,685 INFO     ___FILE_ONLY___ :
2025-02-20 01:16:25,685 INFO     ___FILE_ONLY___  
2025-02-20 01:16:25,685 INFO     ___FILE_ONLY___ servicenetworking-googleapis-com
2025-02-20 01:16:25,685 INFO     ___FILE_ONLY___ 

2025-02-20 01:16:25,685 INFO     ___FILE_ONLY___ reservedPeeringRanges
2025-02-20 01:16:25,685 INFO     ___FILE_ONLY___ :
2025-02-20 01:16:25,685 INFO     ___FILE_ONLY___ 

2025-02-20 01:16:25,685 INFO     ___FILE_ONLY___ -
2025-02-20 01:16:25,685 INFO     ___FILE_ONLY___  
2025-02-20 01:16:25,685 INFO     ___FILE_ONLY___ cloudsql-private-ip-range
2025-02-20 01:16:25,685 INFO     ___FILE_ONLY___ 

2025-02-20 01:16:25,685 INFO     ___FILE_ONLY___ service
2025-02-20 01:16:25,685 INFO     ___FILE_ONLY___ :
2025-02-20 01:16:25,685 INFO     ___FILE_ONLY___  
2025-02-20 01:16:25,685 INFO     ___FILE_ONLY___ services/servicenetworking.googleapis.com
2025-02-20 01:16:25,685 INFO     ___FILE_ONLY___ 

2025-02-20 01:16:25,685 DEBUG    root            SDK update checks are disabled.
