2025-02-20 01:44:58,283 DEBUG    root            Loaded Command Group: ['gcloud', 'services']
2025-02-20 01:44:58,284 DEBUG    root            Loaded Command Group: ['gcloud', 'services', 'vpc_peerings']
2025-02-20 01:44:58,301 DEBUG    root            Loaded Command Group: ['gcloud', 'services', 'vpc-peerings', 'list']
2025-02-20 01:44:58,303 DEBUG    root            Running [gcloud.services.vpc-peerings.list] with arguments: [--network: "gcp-dr-vpc"]
2025-02-20 01:44:58,456 DEBUG    urllib3.connectionpool Starting new HTTPS connection (1): cloudresourcemanager.googleapis.com:443
2025-02-20 01:44:59,712 DEBUG    urllib3.connectionpool https://cloudresourcemanager.googleapis.com:443 "GET /v1/projects/peppy-arcadia-432311-g5?alt=json HTTP/1.1" 200 None
2025-02-20 01:44:59,752 DEBUG    urllib3.connectionpool Starting new HTTPS connection (1): servicenetworking.googleapis.com:443
2025-02-20 01:45:01,247 DEBUG    urllib3.connectionpool https://servicenetworking.googleapis.com:443 "GET /v1/services/-/connections?alt=json&network=projects%2F134982172036%2Fglobal%2Fnetworks%2Fgcp-dr-vpc HTTP/1.1" 200 None
2025-02-20 01:45:01,253 DEBUG    root            Chosen display Format:default
2025-02-20 01:45:01,254 INFO     root            Display format: "default"
2025-02-20 01:45:01,281 INFO     ___FILE_ONLY___ ---
2025-02-20 01:45:01,282 INFO     ___FILE_ONLY___ 

2025-02-20 01:45:01,282 INFO     ___FILE_ONLY___ network
2025-02-20 01:45:01,282 INFO     ___FILE_ONLY___ :
2025-02-20 01:45:01,282 INFO     ___FILE_ONLY___  
2025-02-20 01:45:01,282 INFO     ___FILE_ONLY___ projects/134982172036/global/networks/gcp-dr-vpc
2025-02-20 01:45:01,282 INFO     ___FILE_ONLY___ 

2025-02-20 01:45:01,282 INFO     ___FILE_ONLY___ peering
2025-02-20 01:45:01,283 INFO     ___FILE_ONLY___ :
2025-02-20 01:45:01,283 INFO     ___FILE_ONLY___  
2025-02-20 01:45:01,283 INFO     ___FILE_ONLY___ servicenetworking-googleapis-com
2025-02-20 01:45:01,284 INFO     ___FILE_ONLY___ 

2025-02-20 01:45:01,284 INFO     ___FILE_ONLY___ reservedPeeringRanges
2025-02-20 01:45:01,284 INFO     ___FILE_ONLY___ :
2025-02-20 01:45:01,285 INFO     ___FILE_ONLY___ 

2025-02-20 01:45:01,285 INFO     ___FILE_ONLY___ -
2025-02-20 01:45:01,286 INFO     ___FILE_ONLY___  
2025-02-20 01:45:01,286 INFO     ___FILE_ONLY___ cloudsql-private-ip-range
2025-02-20 01:45:01,286 INFO     ___FILE_ONLY___ 

2025-02-20 01:45:01,286 INFO     ___FILE_ONLY___ service
2025-02-20 01:45:01,286 INFO     ___FILE_ONLY___ :
2025-02-20 01:45:01,286 INFO     ___FILE_ONLY___  
2025-02-20 01:45:01,286 INFO     ___FILE_ONLY___ services/servicenetworking.googleapis.com
2025-02-20 01:45:01,286 INFO     ___FILE_ONLY___ 

2025-02-20 01:45:01,287 DEBUG    root            SDK update checks are disabled.
