2025-02-20 15:25:54,693 DEBUG    root            Loaded Command Group: ['gcloud', 'config']
2025-02-20 15:25:54,697 DEBUG    root            Loaded Command Group: ['gcloud', 'config', 'config_helper']
2025-02-20 15:25:54,699 DEBUG    root            Running [gcloud.config.config-helper] with arguments: [--format: "json"]
2025-02-20 15:25:54,713 DEBUG    root            Chosen display Format:default json
2025-02-20 15:25:54,714 INFO     root            Display format: "default json"
2025-02-20 15:25:54,739 INFO     ___FILE_ONLY___ {
  "configuration": {
    "active_configuration": "default",
    "properties": {
      "core": {
        "account": "1201ljhun@gmail.com",
        "disable_usage_reporting": "True",
        "project": "peppy-arcadia-432311-g5"
      }
    }
  },
  "credential": {
    "access_token": "ya29.a0AXeO80Q93bNTVIEdX94j-en6G-0h1qBK88-IaCiL7jPmqeOiDcgQ6eqcVCQm3INcKz3gbi9SO0t0qJm8FNmG_BcExXGk4Xb12J9Qe6QKtLhQOdRWbKmUlddhci2bhyAabmrWzWnyjrg8HhewBJg0Mh3mGZkRHicNeXIkMscghWmlKG0OaCgYKAbwSARISFQHGX2Mi7cAR9LtlyBqDfXgF3XA1tA0183",
    "id_token": "eyJhbGciOiJSUzI1NiIsImtpZCI6IjVkMTJhYjc4MmNiNjA5NjI4NWY2OWU0OGFlYTk5MDc5YmI1OWNiODYiLCJ0eXAiOiJKV1QifQ.eyJpc3MiOiJodHRwczovL2FjY291bnRzLmdvb2dsZS5jb20iLCJhenAiOiIzMjU1NTk0MDU1OS5hcHBzLmdvb2dsZXVzZXJjb250ZW50LmNvbSIsImF1ZCI6IjMyNTU1OTQwNTU5LmFwcHMuZ29vZ2xldXNlcmNvbnRlbnQuY29tIiwic3ViIjoiMTA1MDk2MzU3NDMwMjQzNjQxMTQxIiwiZW1haWwiOiIxMjAxbGpodW5AZ21haWwuY29tIiwiZW1haWxfdmVyaWZpZWQiOnRydWUsImF0X2hhc2giOiJaZHB3dHFvb0VfOFdma1pvWEZCalhnIiwiaWF0IjoxNzQwMDMyNjYxLCJleHAiOjE3NDAwMzYyNjF9.Yow8IIG9VUZsq1xl-L_q-8HEwMuBhxlFapIsJ2hG500dRZyZzXZXpOdL23EW0YmUopI-1a3kVQXyOiU_YoVdCzkEMRm3rAQ5gsXxttE_Jlk4soUjVbqJNauD3wkPWSkfNZ41lCNWwxUo7yLMIS1cdNlHPvTbTMYPlqzQqc3d3fiOVAPeyUDioQYXN1255j1zotK5VN3f2rGlYNPJhS914CghHvcKjhnk8UotczcR7cdEEDOr2w9ZvbK_7tDAJO0AwqeU-9bXxDk_3XxW-0fyoZWWcfN_ERbor1boxxPiKFfN90QyqQY0g0Xa99zo_sNDF9XsXRvtJ_QWXK_zisLPWg",
    "token_expiry": "2025-02-20T07:24:20Z"
  },
  "sentinels": {
    "config_sentinel": "/home/ubuntu/.config/gcloud/config_sentinel"
  }
}
2025-02-20 15:25:54,740 INFO     ___FILE_ONLY___ 

2025-02-20 15:25:54,740 DEBUG    root            SDK update checks are disabled.
