2025-02-20 15:24:21,205 DEBUG    root            Loaded Command Group: ['gcloud', 'compute']
2025-02-20 15:24:21,210 DEBUG    root            Loaded Command Group: ['gcloud', 'compute', 'networks']
2025-02-20 15:24:21,212 DEBUG    root            Loaded Command Group: ['gcloud', 'compute', 'networks', 'peerings']
2025-02-20 15:24:21,244 DEBUG    root            Loaded Command Group: ['gcloud', 'compute', 'networks', 'peerings', 'list']
2025-02-20 15:24:21,249 DEBUG    root            Running [gcloud.compute.networks.peerings.list] with arguments: [--network: "main-vpc", --project: "peppy-arcadia-432311-g5"]
2025-02-20 15:24:21,250 DEBUG    root            Chosen display Format:
        table(peerings:format="table(
            name,
            source_network.basename():label=NETWORK,
            network.map().scope(projects).segment(0):label=PEER_PROJECT,
            network.basename():label=PEER_NETWORK,
            stackType,
            peerMtu,
            importCustomRoutes,
            exportCustomRoutes,
            state,
            stateDetails
        )")
    
2025-02-20 15:24:21,251 DEBUG    root            Chosen display Format:table(
            name,
            source_network.basename():label=NETWORK,
            network.map().scope(projects).segment(0):label=PEER_PROJECT,
            network.basename():label=PEER_NETWORK,
            stackType,
            peerMtu,
            importCustomRoutes,
            exportCustomRoutes,
            state,
            stateDetails
        )
2025-02-20 15:24:21,252 INFO     root            Display format: "
        table(peerings:format="table(
            name,
            source_network.basename():label=NETWORK,
            network.map().scope(projects).segment(0):label=PEER_PROJECT,
            network.basename():label=PEER_NETWORK,
            stackType,
            peerMtu,
            importCustomRoutes,
            exportCustomRoutes,
            state,
            stateDetails
        )")
    "
2025-02-20 15:24:21,349 DEBUG    google.auth.transport.requests Making request: POST https://oauth2.googleapis.com/token
2025-02-20 15:24:21,353 DEBUG    urllib3.connectionpool Starting new HTTPS connection (1): oauth2.googleapis.com:443
2025-02-20 15:24:21,726 DEBUG    urllib3.connectionpool https://oauth2.googleapis.com:443 "POST /token HTTP/1.1" 200 None
2025-02-20 15:24:22,130 DEBUG    urllib3.connectionpool Starting new HTTPS connection (1): compute.googleapis.com:443
2025-02-20 15:24:22,638 DEBUG    urllib3.connectionpool https://compute.googleapis.com:443 "GET /compute/v1/projects/peppy-arcadia-432311-g5/global/networks?alt=json&maxResults=500 HTTP/1.1" 200 None
2025-02-20 15:24:22,646 INFO     ___FILE_ONLY___ Listed 0 items.

2025-02-20 15:24:22,647 DEBUG    root            SDK update checks are disabled.
