2025-02-20 15:31:10,609 DEBUG    root            Loaded Command Group: ['gcloud', 'sql']
2025-02-20 15:31:10,611 DEBUG    root            Loaded Command Group: ['gcloud', 'sql', 'instances']
2025-02-20 15:31:10,635 DEBUG    root            Loaded Command Group: ['gcloud', 'sql', 'instances', 'patch']
2025-02-20 15:31:10,644 DEBUG    root            Running [gcloud.sql.instances.patch] with arguments: [--database-flags: "OrderedDict([('log_bin_trust_function_creators', 'on'), ('binlog_format', 'ROW')])", INSTANCE: "mydb-instance"]
2025-02-20 15:31:10,680 DEBUG    urllib3.connectionpool Starting new HTTPS connection (1): sqladmin.googleapis.com:443
2025-02-20 15:31:11,249 DEBUG    urllib3.connectionpool https://sqladmin.googleapis.com:443 "GET /sql/v1beta4/projects/peppy-arcadia-432311-g5/instances/mydb-instance?alt=json HTTP/1.1" 200 None
2025-02-20 15:31:11,257 INFO     ___FILE_ONLY___ The following message will be used for the patch API method.

2025-02-20 15:31:11,258 INFO     ___FILE_ONLY___ {"name": "mydb-instance", "project": "peppy-arcadia-432311-g5", "settings": {"databaseFlags": [{"name": "binlog_format", "value": "ROW"}, {"name": "log_bin_trust_function_creators", "value": "on"}]}}

2025-02-20 15:31:12,371 DEBUG    urllib3.connectionpool Starting new HTTPS connection (1): sqladmin.googleapis.com:443
2025-02-20 15:31:13,092 DEBUG    urllib3.connectionpool https://sqladmin.googleapis.com:443 "PATCH /sql/v1beta4/projects/peppy-arcadia-432311-g5/instances/mydb-instance?alt=json HTTP/1.1" 404 None
2025-02-20 15:31:13,096 DEBUG    root            (gcloud.sql.instances.patch) HTTPError 404: The requested flag is either misspelled or unsupported by Cloud SQL. This command is authenticated as 1201ljhun@gmail.com which is the active account specified by the [core/account] property.
Traceback (most recent call last):
  File "/usr/bin/../lib/google-cloud-sdk/lib/googlecloudsdk/calliope/cli.py", line 998, in Execute
    resources = calliope_command.Run(cli=self, args=args)
                ^^^^^^^^^^^^^^^^^^^^^^^^^^^^^^^^^^^^^^^^^
  File "/usr/bin/../lib/google-cloud-sdk/lib/googlecloudsdk/calliope/backend.py", line 934, in Run
    resources = command_instance.Run(args)
                ^^^^^^^^^^^^^^^^^^^^^^^^^^
  File "/usr/bin/../lib/google-cloud-sdk/lib/surface/sql/instances/patch.py", line 466, in Run
    return RunBasePatchCommand(args, self.ReleaseTrack())
           ^^^^^^^^^^^^^^^^^^^^^^^^^^^^^^^^^^^^^^^^^^^^^^
  File "/usr/bin/../lib/google-cloud-sdk/lib/surface/sql/instances/patch.py", line 433, in RunBasePatchCommand
    result_operation = sql_client.instances.Patch(
                       ^^^^^^^^^^^^^^^^^^^^^^^^^^^
  File "/usr/bin/../lib/google-cloud-sdk/lib/googlecloudsdk/generated_clients/apis/sqladmin/v1beta4/sqladmin_v1beta4_client.py", line 1014, in Patch
    return self._RunMethod(
           ^^^^^^^^^^^^^^^^
  File "/usr/bin/../lib/google-cloud-sdk/lib/third_party/apitools/base/py/base_api.py", line 747, in _RunMethod
    return self.ProcessHttpResponse(method_config, http_response, request)
           ^^^^^^^^^^^^^^^^^^^^^^^^^^^^^^^^^^^^^^^^^^^^^^^^^^^^^^^^^^^^^^^
  File "/usr/bin/../lib/google-cloud-sdk/lib/third_party/apitools/base/py/base_api.py", line 753, in ProcessHttpResponse
    self.__ProcessHttpResponse(method_config, http_response, request))
    ^^^^^^^^^^^^^^^^^^^^^^^^^^^^^^^^^^^^^^^^^^^^^^^^^^^^^^^^^^^^^^^^^
  File "/usr/bin/../lib/google-cloud-sdk/lib/third_party/apitools/base/py/base_api.py", line 612, in __ProcessHttpResponse
    raise exceptions.HttpError.FromResponse(
apitools.base.py.exceptions.HttpNotFoundError: HttpError accessing <https://sqladmin.googleapis.com/sql/v1beta4/projects/peppy-arcadia-432311-g5/instances/mydb-instance?alt=json>: response: <{'vary': 'Origin, X-Origin, Referer', 'content-type': 'application/json; charset=UTF-8', 'content-encoding': 'gzip', 'date': 'Thu, 20 Feb 2025 06:31:13 GMT', 'server': 'ESF', 'x-xss-protection': '0', 'x-frame-options': 'SAMEORIGIN', 'x-content-type-options': 'nosniff', 'alt-svc': 'h3=":443"; ma=2592000,h3-29=":443"; ma=2592000', 'transfer-encoding': 'chunked', 'status': 404}>, content <{
  "error": {
    "code": 404,
    "message": "The requested flag is either misspelled or unsupported by Cloud SQL.",
    "errors": [
      {
        "message": "The requested flag is either misspelled or unsupported by Cloud SQL.",
        "domain": "global",
        "reason": "invalidFlagName"
      }
    ]
  }
}
>
2025-02-20 15:31:13,098 ERROR    root            (gcloud.sql.instances.patch) HTTPError 404: The requested flag is either misspelled or unsupported by Cloud SQL. This command is authenticated as 1201ljhun@gmail.com which is the active account specified by the [core/account] property.
