2025-02-20 15:56:04,914 DEBUG    root            Loaded Command Group: ['gcloud', 'compute']
2025-02-20 15:56:04,919 DEBUG    root            Loaded Command Group: ['gcloud', 'compute', 'firewall_rules']
2025-02-20 15:56:04,929 DEBUG    root            Loaded Command Group: ['gcloud', 'compute', 'firewall-rules', 'list']
2025-02-20 15:56:04,933 DEBUG    root            Running [gcloud.compute.firewall-rules.list] with arguments: [--filter: "network=gcp-dr-vpc"]
2025-02-20 15:56:05,160 INFO     root            client_filter=None server_filter='network eq ".*\\bgcp\\-dr\\-vpc\\b.*"'
2025-02-20 15:56:05,161 INFO     root            client_filter=None server_filter='network eq ".*\\bgcp\\-dr\\-vpc\\b.*"'
2025-02-20 15:56:05,161 DEBUG    root            Chosen display Format:    table(
      name,
      network.basename(),
      direction,
      priority,
      allowed[].map().firewall_rule().list():label=ALLOW,
      denied[].map().firewall_rule().list():label=DENY,
      disabled
    )
2025-02-20 15:56:05,162 INFO     root            Display format: "    table(
      name,
      network.basename(),
      direction,
      priority,
      allowed[].map().firewall_rule().list():label=ALLOW,
      denied[].map().firewall_rule().list():label=DENY,
      disabled
    )"
2025-02-20 15:56:05,165 DEBUG    urllib3.connectionpool Starting new HTTPS connection (1): compute.googleapis.com:443
2025-02-20 15:56:05,625 DEBUG    urllib3.connectionpool https://compute.googleapis.com:443 "GET /compute/v1/projects/peppy-arcadia-432311-g5/global/firewalls?alt=json&filter=network+eq+%22.%2A%5Cbgcp%5C-dr%5C-vpc%5Cb.%2A%22&maxResults=500 HTTP/1.1" 200 None
2025-02-20 15:56:05,671 INFO     root            cache collection=compute.firewalls api_version=v1 params=['project', 'firewall']
2025-02-20 15:56:05,764 INFO     ___FILE_ONLY___ NAME
2025-02-20 15:56:05,765 INFO     ___FILE_ONLY___                                
2025-02-20 15:56:05,765 INFO     ___FILE_ONLY___ NETWORK
2025-02-20 15:56:05,765 INFO     ___FILE_ONLY___      
2025-02-20 15:56:05,765 INFO     ___FILE_ONLY___ DIRECTION
2025-02-20 15:56:05,765 INFO     ___FILE_ONLY___   
2025-02-20 15:56:05,765 INFO     ___FILE_ONLY___ PRIORITY
2025-02-20 15:56:05,765 INFO     ___FILE_ONLY___   
2025-02-20 15:56:05,765 INFO     ___FILE_ONLY___ ALLOW
2025-02-20 15:56:05,765 INFO     ___FILE_ONLY___                          
2025-02-20 15:56:05,765 INFO     ___FILE_ONLY___ DENY
2025-02-20 15:56:05,765 INFO     ___FILE_ONLY___        
2025-02-20 15:56:05,765 INFO     ___FILE_ONLY___ DISABLED
2025-02-20 15:56:05,766 INFO     ___FILE_ONLY___ 

2025-02-20 15:56:05,766 INFO     ___FILE_ONLY___ allow-aws-to-cloudsql
2025-02-20 15:56:05,766 INFO     ___FILE_ONLY___               
2025-02-20 15:56:05,766 INFO     ___FILE_ONLY___ gcp-dr-vpc
2025-02-20 15:56:05,766 INFO     ___FILE_ONLY___   
2025-02-20 15:56:05,766 INFO     ___FILE_ONLY___ INGRESS
2025-02-20 15:56:05,766 INFO     ___FILE_ONLY___     
2025-02-20 15:56:05,766 INFO     ___FILE_ONLY___ 1000
2025-02-20 15:56:05,766 INFO     ___FILE_ONLY___       
2025-02-20 15:56:05,766 INFO     ___FILE_ONLY___ tcp:3306
2025-02-20 15:56:05,766 INFO     ___FILE_ONLY___                                  
2025-02-20 15:56:05,766 INFO     ___FILE_ONLY___ False
2025-02-20 15:56:05,766 INFO     ___FILE_ONLY___ 

2025-02-20 15:56:05,767 INFO     ___FILE_ONLY___ allow-aws-vpn
2025-02-20 15:56:05,767 INFO     ___FILE_ONLY___                       
2025-02-20 15:56:05,767 INFO     ___FILE_ONLY___ gcp-dr-vpc
2025-02-20 15:56:05,767 INFO     ___FILE_ONLY___   
2025-02-20 15:56:05,767 INFO     ___FILE_ONLY___ INGRESS
2025-02-20 15:56:05,767 INFO     ___FILE_ONLY___     
2025-02-20 15:56:05,767 INFO     ___FILE_ONLY___ 1000
2025-02-20 15:56:05,767 INFO     ___FILE_ONLY___       
2025-02-20 15:56:05,767 INFO     ___FILE_ONLY___ tcp:3306
2025-02-20 15:56:05,767 INFO     ___FILE_ONLY___                                  
2025-02-20 15:56:05,767 INFO     ___FILE_ONLY___ False
2025-02-20 15:56:05,767 INFO     ___FILE_ONLY___ 

2025-02-20 15:56:05,767 INFO     ___FILE_ONLY___ allow-vpn-ipsec
2025-02-20 15:56:05,767 INFO     ___FILE_ONLY___                     
2025-02-20 15:56:05,768 INFO     ___FILE_ONLY___ gcp-dr-vpc
2025-02-20 15:56:05,768 INFO     ___FILE_ONLY___   
2025-02-20 15:56:05,768 INFO     ___FILE_ONLY___ INGRESS
2025-02-20 15:56:05,768 INFO     ___FILE_ONLY___     
2025-02-20 15:56:05,768 INFO     ___FILE_ONLY___ 1000
2025-02-20 15:56:05,768 INFO     ___FILE_ONLY___       
2025-02-20 15:56:05,768 INFO     ___FILE_ONLY___ udp:500,udp:4500
2025-02-20 15:56:05,768 INFO     ___FILE_ONLY___                          
2025-02-20 15:56:05,768 INFO     ___FILE_ONLY___ False
2025-02-20 15:56:05,768 INFO     ___FILE_ONLY___ 

2025-02-20 15:56:05,768 INFO     ___FILE_ONLY___ gke-gcp-dr-gke-7651161c-all
2025-02-20 15:56:05,768 INFO     ___FILE_ONLY___         
2025-02-20 15:56:05,768 INFO     ___FILE_ONLY___ gcp-dr-vpc
2025-02-20 15:56:05,768 INFO     ___FILE_ONLY___   
2025-02-20 15:56:05,768 INFO     ___FILE_ONLY___ INGRESS
2025-02-20 15:56:05,768 INFO     ___FILE_ONLY___     
2025-02-20 15:56:05,769 INFO     ___FILE_ONLY___ 1000
2025-02-20 15:56:05,769 INFO     ___FILE_ONLY___       
2025-02-20 15:56:05,769 INFO     ___FILE_ONLY___ ah,sctp,tcp,udp,icmp,esp
2025-02-20 15:56:05,769 INFO     ___FILE_ONLY___                  
2025-02-20 15:56:05,769 INFO     ___FILE_ONLY___ False
2025-02-20 15:56:05,769 INFO     ___FILE_ONLY___ 

2025-02-20 15:56:05,769 INFO     ___FILE_ONLY___ gke-gcp-dr-gke-7651161c-exkubelet
2025-02-20 15:56:05,769 INFO     ___FILE_ONLY___   
2025-02-20 15:56:05,769 INFO     ___FILE_ONLY___ gcp-dr-vpc
2025-02-20 15:56:05,769 INFO     ___FILE_ONLY___   
2025-02-20 15:56:05,769 INFO     ___FILE_ONLY___ INGRESS
2025-02-20 15:56:05,769 INFO     ___FILE_ONLY___     
2025-02-20 15:56:05,769 INFO     ___FILE_ONLY___ 1000
2025-02-20 15:56:05,769 INFO     ___FILE_ONLY___                                     
2025-02-20 15:56:05,769 INFO     ___FILE_ONLY___ tcp:10255
2025-02-20 15:56:05,769 INFO     ___FILE_ONLY___   
2025-02-20 15:56:05,769 INFO     ___FILE_ONLY___ False
2025-02-20 15:56:05,769 INFO     ___FILE_ONLY___ 

2025-02-20 15:56:05,770 INFO     ___FILE_ONLY___ gke-gcp-dr-gke-7651161c-inkubelet
2025-02-20 15:56:05,770 INFO     ___FILE_ONLY___   
2025-02-20 15:56:05,770 INFO     ___FILE_ONLY___ gcp-dr-vpc
2025-02-20 15:56:05,770 INFO     ___FILE_ONLY___   
2025-02-20 15:56:05,770 INFO     ___FILE_ONLY___ INGRESS
2025-02-20 15:56:05,770 INFO     ___FILE_ONLY___     
2025-02-20 15:56:05,770 INFO     ___FILE_ONLY___ 999
2025-02-20 15:56:05,770 INFO     ___FILE_ONLY___        
2025-02-20 15:56:05,770 INFO     ___FILE_ONLY___ tcp:10255
2025-02-20 15:56:05,770 INFO     ___FILE_ONLY___                                 
2025-02-20 15:56:05,770 INFO     ___FILE_ONLY___ False
2025-02-20 15:56:05,770 INFO     ___FILE_ONLY___ 

2025-02-20 15:56:05,770 INFO     ___FILE_ONLY___ gke-gcp-dr-gke-7651161c-vms
2025-02-20 15:56:05,771 INFO     ___FILE_ONLY___         
2025-02-20 15:56:05,771 INFO     ___FILE_ONLY___ gcp-dr-vpc
2025-02-20 15:56:05,771 INFO     ___FILE_ONLY___   
2025-02-20 15:56:05,771 INFO     ___FILE_ONLY___ INGRESS
2025-02-20 15:56:05,771 INFO     ___FILE_ONLY___     
2025-02-20 15:56:05,771 INFO     ___FILE_ONLY___ 1000
2025-02-20 15:56:05,771 INFO     ___FILE_ONLY___       
2025-02-20 15:56:05,771 INFO     ___FILE_ONLY___ icmp,tcp:1-65535,udp:1-65535
2025-02-20 15:56:05,772 INFO     ___FILE_ONLY___              
2025-02-20 15:56:05,772 INFO     ___FILE_ONLY___ False
2025-02-20 15:56:05,772 INFO     ___FILE_ONLY___ 

2025-02-20 15:56:05,774 INFO     ___FILE_ONLY___ k8s-fw-l7--f206552e6b4efbcd
2025-02-20 15:56:05,780 INFO     ___FILE_ONLY___         
2025-02-20 15:56:05,780 INFO     ___FILE_ONLY___ gcp-dr-vpc
2025-02-20 15:56:05,780 INFO     ___FILE_ONLY___   
2025-02-20 15:56:05,780 INFO     ___FILE_ONLY___ INGRESS
2025-02-20 15:56:05,780 INFO     ___FILE_ONLY___     
2025-02-20 15:56:05,780 INFO     ___FILE_ONLY___ 1000
2025-02-20 15:56:05,780 INFO     ___FILE_ONLY___       
2025-02-20 15:56:05,780 INFO     ___FILE_ONLY___ tcp:30000-32767,tcp:8080
2025-02-20 15:56:05,781 INFO     ___FILE_ONLY___                  
2025-02-20 15:56:05,781 INFO     ___FILE_ONLY___ False
2025-02-20 15:56:05,781 INFO     ___FILE_ONLY___ 

2025-02-20 15:56:05,781 INFO     ___FILE_ONLY___ 
To show all fields of the firewall, please show in JSON format: --format=json
To show all fields in table format, please see the examples in --help.


2025-02-20 15:56:05,781 DEBUG    root            SDK update checks are disabled.
