2025-02-20 15:54:59,952 DEBUG    root            Loaded Command Group: ['gcloud', 'compute']
2025-02-20 15:54:59,964 DEBUG    root            Loaded Command Group: ['gcloud', 'compute', 'routers']
2025-02-20 15:54:59,979 DEBUG    root            Loaded Command Group: ['gcloud', 'compute', 'routers', 'get_status']
2025-02-20 15:54:59,982 DEBUG    root            Running [gcloud.compute.routers.get-status] with arguments: [--region: "asia-northeast3", NAME: "gcp-router"]
2025-02-20 15:55:00,152 DEBUG    urllib3.connectionpool Starting new HTTPS connection (1): compute.googleapis.com:443
2025-02-20 15:55:00,748 DEBUG    urllib3.connectionpool https://compute.googleapis.com:443 "GET /compute/v1/projects/peppy-arcadia-432311-g5/regions/asia-northeast3/routers/gcp-router/getRouterStatus?alt=json HTTP/1.1" 200 None
2025-02-20 15:55:00,756 DEBUG    root            Chosen display Format:default
2025-02-20 15:55:00,757 INFO     root            Display format: "default"
2025-02-20 15:55:00,786 INFO     ___FILE_ONLY___ kind
2025-02-20 15:55:00,786 INFO     ___FILE_ONLY___ :
2025-02-20 15:55:00,786 INFO     ___FILE_ONLY___  
2025-02-20 15:55:00,786 INFO     ___FILE_ONLY___ compute#routerStatusResponse
2025-02-20 15:55:00,787 INFO     ___FILE_ONLY___ 

2025-02-20 15:55:00,787 INFO     ___FILE_ONLY___ result
2025-02-20 15:55:00,787 INFO     ___FILE_ONLY___ :
2025-02-20 15:55:00,788 INFO     ___FILE_ONLY___ 

2025-02-20 15:55:00,789 INFO     ___FILE_ONLY___   
2025-02-20 15:55:00,789 INFO     ___FILE_ONLY___ bestRoutes
2025-02-20 15:55:00,789 INFO     ___FILE_ONLY___ :
2025-02-20 15:55:00,789 INFO     ___FILE_ONLY___ 

2025-02-20 15:55:00,789 INFO     ___FILE_ONLY___   
2025-02-20 15:55:00,790 INFO     ___FILE_ONLY___ -
2025-02-20 15:55:00,790 INFO     ___FILE_ONLY___  
2025-02-20 15:55:00,790 INFO     ___FILE_ONLY___ asPaths
2025-02-20 15:55:00,790 INFO     ___FILE_ONLY___ :
2025-02-20 15:55:00,791 INFO     ___FILE_ONLY___ 

2025-02-20 15:55:00,791 INFO     ___FILE_ONLY___     
2025-02-20 15:55:00,791 INFO     ___FILE_ONLY___ -
2025-02-20 15:55:00,792 INFO     ___FILE_ONLY___  
2025-02-20 15:55:00,792 INFO     ___FILE_ONLY___ asLists
2025-02-20 15:55:00,792 INFO     ___FILE_ONLY___ :
2025-02-20 15:55:00,792 INFO     ___FILE_ONLY___ 

2025-02-20 15:55:00,792 INFO     ___FILE_ONLY___       
2025-02-20 15:55:00,792 INFO     ___FILE_ONLY___ -
2025-02-20 15:55:00,792 INFO     ___FILE_ONLY___  
2025-02-20 15:55:00,792 INFO     ___FILE_ONLY___ 64512
2025-02-20 15:55:00,792 INFO     ___FILE_ONLY___ 

2025-02-20 15:55:00,793 INFO     ___FILE_ONLY___       
2025-02-20 15:55:00,793 INFO     ___FILE_ONLY___ pathSegmentType
2025-02-20 15:55:00,793 INFO     ___FILE_ONLY___ :
2025-02-20 15:55:00,793 INFO     ___FILE_ONLY___  
2025-02-20 15:55:00,793 INFO     ___FILE_ONLY___ AS_SEQUENCE
2025-02-20 15:55:00,793 INFO     ___FILE_ONLY___ 

2025-02-20 15:55:00,793 INFO     ___FILE_ONLY___     
2025-02-20 15:55:00,794 INFO     ___FILE_ONLY___ creationTimestamp
2025-02-20 15:55:00,794 INFO     ___FILE_ONLY___ :
2025-02-20 15:55:00,794 INFO     ___FILE_ONLY___  '
2025-02-20 15:55:00,795 INFO     ___FILE_ONLY___ 2025-02-19T22:28:19.376-08:00
2025-02-20 15:55:00,795 INFO     ___FILE_ONLY___ '
2025-02-20 15:55:00,795 INFO     ___FILE_ONLY___ 

2025-02-20 15:55:00,795 INFO     ___FILE_ONLY___     
2025-02-20 15:55:00,795 INFO     ___FILE_ONLY___ destRange
2025-02-20 15:55:00,795 INFO     ___FILE_ONLY___ :
2025-02-20 15:55:00,795 INFO     ___FILE_ONLY___  
2025-02-20 15:55:00,796 INFO     ___FILE_ONLY___ 10.0.0.0/16
2025-02-20 15:55:00,796 INFO     ___FILE_ONLY___ 

2025-02-20 15:55:00,796 INFO     ___FILE_ONLY___     
2025-02-20 15:55:00,796 INFO     ___FILE_ONLY___ kind
2025-02-20 15:55:00,796 INFO     ___FILE_ONLY___ :
2025-02-20 15:55:00,796 INFO     ___FILE_ONLY___  
2025-02-20 15:55:00,796 INFO     ___FILE_ONLY___ compute#route
2025-02-20 15:55:00,797 INFO     ___FILE_ONLY___ 

2025-02-20 15:55:00,797 INFO     ___FILE_ONLY___     
2025-02-20 15:55:00,797 INFO     ___FILE_ONLY___ network
2025-02-20 15:55:00,797 INFO     ___FILE_ONLY___ :
2025-02-20 15:55:00,797 INFO     ___FILE_ONLY___  
2025-02-20 15:55:00,797 INFO     ___FILE_ONLY___ https://www.googleapis.com/compute/v1/projects/peppy-arcadia-432311-g5/global/networks/gcp-dr-vpc
2025-02-20 15:55:00,797 INFO     ___FILE_ONLY___ 

2025-02-20 15:55:00,798 INFO     ___FILE_ONLY___     
2025-02-20 15:55:00,798 INFO     ___FILE_ONLY___ nextHopIp
2025-02-20 15:55:00,798 INFO     ___FILE_ONLY___ :
2025-02-20 15:55:00,798 INFO     ___FILE_ONLY___  
2025-02-20 15:55:00,798 INFO     ___FILE_ONLY___ 169.254.112.1
2025-02-20 15:55:00,798 INFO     ___FILE_ONLY___ 

2025-02-20 15:55:00,798 INFO     ___FILE_ONLY___     
2025-02-20 15:55:00,799 INFO     ___FILE_ONLY___ nextHopOrigin
2025-02-20 15:55:00,799 INFO     ___FILE_ONLY___ :
2025-02-20 15:55:00,799 INFO     ___FILE_ONLY___  
2025-02-20 15:55:00,799 INFO     ___FILE_ONLY___ INCOMPLETE
2025-02-20 15:55:00,799 INFO     ___FILE_ONLY___ 

2025-02-20 15:55:00,799 INFO     ___FILE_ONLY___     
2025-02-20 15:55:00,799 INFO     ___FILE_ONLY___ nextHopVpnTunnel
2025-02-20 15:55:00,799 INFO     ___FILE_ONLY___ :
2025-02-20 15:55:00,799 INFO     ___FILE_ONLY___  
2025-02-20 15:55:00,800 INFO     ___FILE_ONLY___ https://www.googleapis.com/compute/v1/projects/peppy-arcadia-432311-g5/regions/asia-northeast3/vpnTunnels/aws-to-gcp-vpn-1
2025-02-20 15:55:00,800 INFO     ___FILE_ONLY___ 

2025-02-20 15:55:00,800 INFO     ___FILE_ONLY___     
2025-02-20 15:55:00,800 INFO     ___FILE_ONLY___ priority
2025-02-20 15:55:00,800 INFO     ___FILE_ONLY___ :
2025-02-20 15:55:00,800 INFO     ___FILE_ONLY___  
2025-02-20 15:55:00,800 INFO     ___FILE_ONLY___ 100
2025-02-20 15:55:00,800 INFO     ___FILE_ONLY___ 

2025-02-20 15:55:00,800 INFO     ___FILE_ONLY___     
2025-02-20 15:55:00,801 INFO     ___FILE_ONLY___ routeType
2025-02-20 15:55:00,801 INFO     ___FILE_ONLY___ :
2025-02-20 15:55:00,801 INFO     ___FILE_ONLY___  
2025-02-20 15:55:00,801 INFO     ___FILE_ONLY___ BGP
2025-02-20 15:55:00,802 INFO     ___FILE_ONLY___ 

2025-02-20 15:55:00,811 INFO     ___FILE_ONLY___   
2025-02-20 15:55:00,812 INFO     ___FILE_ONLY___ bestRoutesForRouter
2025-02-20 15:55:00,812 INFO     ___FILE_ONLY___ :
2025-02-20 15:55:00,812 INFO     ___FILE_ONLY___ 

2025-02-20 15:55:00,812 INFO     ___FILE_ONLY___   
2025-02-20 15:55:00,812 INFO     ___FILE_ONLY___ -
2025-02-20 15:55:00,812 INFO     ___FILE_ONLY___  
2025-02-20 15:55:00,813 INFO     ___FILE_ONLY___ asPaths
2025-02-20 15:55:00,813 INFO     ___FILE_ONLY___ :
2025-02-20 15:55:00,813 INFO     ___FILE_ONLY___ 

2025-02-20 15:55:00,813 INFO     ___FILE_ONLY___     
2025-02-20 15:55:00,813 INFO     ___FILE_ONLY___ -
2025-02-20 15:55:00,814 INFO     ___FILE_ONLY___  
2025-02-20 15:55:00,814 INFO     ___FILE_ONLY___ asLists
2025-02-20 15:55:00,814 INFO     ___FILE_ONLY___ :
2025-02-20 15:55:00,814 INFO     ___FILE_ONLY___ 

2025-02-20 15:55:00,814 INFO     ___FILE_ONLY___       
2025-02-20 15:55:00,814 INFO     ___FILE_ONLY___ -
2025-02-20 15:55:00,814 INFO     ___FILE_ONLY___  
2025-02-20 15:55:00,814 INFO     ___FILE_ONLY___ 64512
2025-02-20 15:55:00,814 INFO     ___FILE_ONLY___ 

2025-02-20 15:55:00,814 INFO     ___FILE_ONLY___       
2025-02-20 15:55:00,815 INFO     ___FILE_ONLY___ pathSegmentType
2025-02-20 15:55:00,815 INFO     ___FILE_ONLY___ :
2025-02-20 15:55:00,815 INFO     ___FILE_ONLY___  
2025-02-20 15:55:00,815 INFO     ___FILE_ONLY___ AS_SEQUENCE
2025-02-20 15:55:00,815 INFO     ___FILE_ONLY___ 

2025-02-20 15:55:00,815 INFO     ___FILE_ONLY___     
2025-02-20 15:55:00,815 INFO     ___FILE_ONLY___ creationTimestamp
2025-02-20 15:55:00,815 INFO     ___FILE_ONLY___ :
2025-02-20 15:55:00,815 INFO     ___FILE_ONLY___  '
2025-02-20 15:55:00,815 INFO     ___FILE_ONLY___ 2025-02-19T22:27:11.166-08:00
2025-02-20 15:55:00,816 INFO     ___FILE_ONLY___ '
2025-02-20 15:55:00,816 INFO     ___FILE_ONLY___ 

2025-02-20 15:55:00,816 INFO     ___FILE_ONLY___     
2025-02-20 15:55:00,816 INFO     ___FILE_ONLY___ destRange
2025-02-20 15:55:00,816 INFO     ___FILE_ONLY___ :
2025-02-20 15:55:00,816 INFO     ___FILE_ONLY___  
2025-02-20 15:55:00,816 INFO     ___FILE_ONLY___ 10.0.0.0/16
2025-02-20 15:55:00,816 INFO     ___FILE_ONLY___ 

2025-02-20 15:55:00,816 INFO     ___FILE_ONLY___     
2025-02-20 15:55:00,816 INFO     ___FILE_ONLY___ kind
2025-02-20 15:55:00,816 INFO     ___FILE_ONLY___ :
2025-02-20 15:55:00,817 INFO     ___FILE_ONLY___  
2025-02-20 15:55:00,817 INFO     ___FILE_ONLY___ compute#route
2025-02-20 15:55:00,817 INFO     ___FILE_ONLY___ 

2025-02-20 15:55:00,817 INFO     ___FILE_ONLY___     
2025-02-20 15:55:00,817 INFO     ___FILE_ONLY___ network
2025-02-20 15:55:00,817 INFO     ___FILE_ONLY___ :
2025-02-20 15:55:00,817 INFO     ___FILE_ONLY___  
2025-02-20 15:55:00,818 INFO     ___FILE_ONLY___ https://www.googleapis.com/compute/v1/projects/peppy-arcadia-432311-g5/global/networks/gcp-dr-vpc
2025-02-20 15:55:00,818 INFO     ___FILE_ONLY___ 

2025-02-20 15:55:00,818 INFO     ___FILE_ONLY___     
2025-02-20 15:55:00,818 INFO     ___FILE_ONLY___ nextHopIp
2025-02-20 15:55:00,818 INFO     ___FILE_ONLY___ :
2025-02-20 15:55:00,818 INFO     ___FILE_ONLY___  
2025-02-20 15:55:00,818 INFO     ___FILE_ONLY___ 169.254.112.1
2025-02-20 15:55:00,819 INFO     ___FILE_ONLY___ 

2025-02-20 15:55:00,819 INFO     ___FILE_ONLY___     
2025-02-20 15:55:00,819 INFO     ___FILE_ONLY___ nextHopOrigin
2025-02-20 15:55:00,819 INFO     ___FILE_ONLY___ :
2025-02-20 15:55:00,819 INFO     ___FILE_ONLY___  
2025-02-20 15:55:00,819 INFO     ___FILE_ONLY___ INCOMPLETE
2025-02-20 15:55:00,819 INFO     ___FILE_ONLY___ 

2025-02-20 15:55:00,819 INFO     ___FILE_ONLY___     
2025-02-20 15:55:00,819 INFO     ___FILE_ONLY___ nextHopVpnTunnel
2025-02-20 15:55:00,819 INFO     ___FILE_ONLY___ :
2025-02-20 15:55:00,819 INFO     ___FILE_ONLY___  
2025-02-20 15:55:00,820 INFO     ___FILE_ONLY___ https://www.googleapis.com/compute/v1/projects/peppy-arcadia-432311-g5/regions/asia-northeast3/vpnTunnels/aws-to-gcp-vpn-1
2025-02-20 15:55:00,820 INFO     ___FILE_ONLY___ 

2025-02-20 15:55:00,820 INFO     ___FILE_ONLY___     
2025-02-20 15:55:00,820 INFO     ___FILE_ONLY___ priority
2025-02-20 15:55:00,820 INFO     ___FILE_ONLY___ :
2025-02-20 15:55:00,820 INFO     ___FILE_ONLY___  
2025-02-20 15:55:00,820 INFO     ___FILE_ONLY___ 100
2025-02-20 15:55:00,820 INFO     ___FILE_ONLY___ 

2025-02-20 15:55:00,820 INFO     ___FILE_ONLY___     
2025-02-20 15:55:00,820 INFO     ___FILE_ONLY___ routeStatus
2025-02-20 15:55:00,820 INFO     ___FILE_ONLY___ :
2025-02-20 15:55:00,820 INFO     ___FILE_ONLY___  
2025-02-20 15:55:00,820 INFO     ___FILE_ONLY___ ACTIVE
2025-02-20 15:55:00,821 INFO     ___FILE_ONLY___ 

2025-02-20 15:55:00,821 INFO     ___FILE_ONLY___     
2025-02-20 15:55:00,821 INFO     ___FILE_ONLY___ routeType
2025-02-20 15:55:00,821 INFO     ___FILE_ONLY___ :
2025-02-20 15:55:00,821 INFO     ___FILE_ONLY___  
2025-02-20 15:55:00,821 INFO     ___FILE_ONLY___ BGP
2025-02-20 15:55:00,821 INFO     ___FILE_ONLY___ 

2025-02-20 15:55:00,821 INFO     ___FILE_ONLY___   
2025-02-20 15:55:00,821 INFO     ___FILE_ONLY___ bgpPeerStatus
2025-02-20 15:55:00,821 INFO     ___FILE_ONLY___ :
2025-02-20 15:55:00,822 INFO     ___FILE_ONLY___ 

2025-02-20 15:55:00,822 INFO     ___FILE_ONLY___   
2025-02-20 15:55:00,822 INFO     ___FILE_ONLY___ -
2025-02-20 15:55:00,822 INFO     ___FILE_ONLY___  
2025-02-20 15:55:00,822 INFO     ___FILE_ONLY___ advertisedRoutes
2025-02-20 15:55:00,822 INFO     ___FILE_ONLY___ :
2025-02-20 15:55:00,822 INFO     ___FILE_ONLY___ 

2025-02-20 15:55:00,822 INFO     ___FILE_ONLY___     
2025-02-20 15:55:00,822 INFO     ___FILE_ONLY___ -
2025-02-20 15:55:00,822 INFO     ___FILE_ONLY___  
2025-02-20 15:55:00,822 INFO     ___FILE_ONLY___ destRange
2025-02-20 15:55:00,822 INFO     ___FILE_ONLY___ :
2025-02-20 15:55:00,823 INFO     ___FILE_ONLY___  
2025-02-20 15:55:00,823 INFO     ___FILE_ONLY___ 10.10.1.0/24
2025-02-20 15:55:00,823 INFO     ___FILE_ONLY___ 

2025-02-20 15:55:00,823 INFO     ___FILE_ONLY___       
2025-02-20 15:55:00,823 INFO     ___FILE_ONLY___ kind
2025-02-20 15:55:00,823 INFO     ___FILE_ONLY___ :
2025-02-20 15:55:00,823 INFO     ___FILE_ONLY___  
2025-02-20 15:55:00,823 INFO     ___FILE_ONLY___ compute#route
2025-02-20 15:55:00,823 INFO     ___FILE_ONLY___ 

2025-02-20 15:55:00,823 INFO     ___FILE_ONLY___       
2025-02-20 15:55:00,823 INFO     ___FILE_ONLY___ network
2025-02-20 15:55:00,823 INFO     ___FILE_ONLY___ :
2025-02-20 15:55:00,824 INFO     ___FILE_ONLY___  
2025-02-20 15:55:00,824 INFO     ___FILE_ONLY___ https://www.googleapis.com/compute/v1/projects/peppy-arcadia-432311-g5/global/networks/gcp-dr-vpc
2025-02-20 15:55:00,824 INFO     ___FILE_ONLY___ 

2025-02-20 15:55:00,824 INFO     ___FILE_ONLY___       
2025-02-20 15:55:00,824 INFO     ___FILE_ONLY___ nextHopIp
2025-02-20 15:55:00,824 INFO     ___FILE_ONLY___ :
2025-02-20 15:55:00,824 INFO     ___FILE_ONLY___  
2025-02-20 15:55:00,824 INFO     ___FILE_ONLY___ 169.254.112.2
2025-02-20 15:55:00,824 INFO     ___FILE_ONLY___ 

2025-02-20 15:55:00,824 INFO     ___FILE_ONLY___       
2025-02-20 15:55:00,824 INFO     ___FILE_ONLY___ nextHopOrigin
2025-02-20 15:55:00,824 INFO     ___FILE_ONLY___ :
2025-02-20 15:55:00,825 INFO     ___FILE_ONLY___  
2025-02-20 15:55:00,825 INFO     ___FILE_ONLY___ INCOMPLETE
2025-02-20 15:55:00,825 INFO     ___FILE_ONLY___ 

2025-02-20 15:55:00,825 INFO     ___FILE_ONLY___       
2025-02-20 15:55:00,825 INFO     ___FILE_ONLY___ nextHopVpnTunnel
2025-02-20 15:55:00,825 INFO     ___FILE_ONLY___ :
2025-02-20 15:55:00,825 INFO     ___FILE_ONLY___  
2025-02-20 15:55:00,826 INFO     ___FILE_ONLY___ https://www.googleapis.com/compute/v1/projects/peppy-arcadia-432311-g5/regions/asia-northeast3/vpnTunnels/aws-to-gcp-vpn-1
2025-02-20 15:55:00,826 INFO     ___FILE_ONLY___ 

2025-02-20 15:55:00,826 INFO     ___FILE_ONLY___       
2025-02-20 15:55:00,826 INFO     ___FILE_ONLY___ priority
2025-02-20 15:55:00,826 INFO     ___FILE_ONLY___ :
2025-02-20 15:55:00,826 INFO     ___FILE_ONLY___  
2025-02-20 15:55:00,826 INFO     ___FILE_ONLY___ 100
2025-02-20 15:55:00,826 INFO     ___FILE_ONLY___ 

2025-02-20 15:55:00,826 INFO     ___FILE_ONLY___       
2025-02-20 15:55:00,826 INFO     ___FILE_ONLY___ routeType
2025-02-20 15:55:00,826 INFO     ___FILE_ONLY___ :
2025-02-20 15:55:00,827 INFO     ___FILE_ONLY___  
2025-02-20 15:55:00,827 INFO     ___FILE_ONLY___ BGP
2025-02-20 15:55:00,827 INFO     ___FILE_ONLY___ 

2025-02-20 15:55:00,827 INFO     ___FILE_ONLY___     
2025-02-20 15:55:00,827 INFO     ___FILE_ONLY___ -
2025-02-20 15:55:00,827 INFO     ___FILE_ONLY___  
2025-02-20 15:55:00,827 INFO     ___FILE_ONLY___ destRange
2025-02-20 15:55:00,827 INFO     ___FILE_ONLY___ :
2025-02-20 15:55:00,827 INFO     ___FILE_ONLY___  
2025-02-20 15:55:00,827 INFO     ___FILE_ONLY___ 10.10.0.0/24
2025-02-20 15:55:00,827 INFO     ___FILE_ONLY___ 

2025-02-20 15:55:00,827 INFO     ___FILE_ONLY___       
2025-02-20 15:55:00,827 INFO     ___FILE_ONLY___ kind
2025-02-20 15:55:00,827 INFO     ___FILE_ONLY___ :
2025-02-20 15:55:00,827 INFO     ___FILE_ONLY___  
2025-02-20 15:55:00,827 INFO     ___FILE_ONLY___ compute#route
2025-02-20 15:55:00,828 INFO     ___FILE_ONLY___ 

2025-02-20 15:55:00,828 INFO     ___FILE_ONLY___       
2025-02-20 15:55:00,828 INFO     ___FILE_ONLY___ network
2025-02-20 15:55:00,828 INFO     ___FILE_ONLY___ :
2025-02-20 15:55:00,828 INFO     ___FILE_ONLY___  
2025-02-20 15:55:00,828 INFO     ___FILE_ONLY___ https://www.googleapis.com/compute/v1/projects/peppy-arcadia-432311-g5/global/networks/gcp-dr-vpc
2025-02-20 15:55:00,831 INFO     ___FILE_ONLY___ 

2025-02-20 15:55:00,831 INFO     ___FILE_ONLY___       
2025-02-20 15:55:00,831 INFO     ___FILE_ONLY___ nextHopIp
2025-02-20 15:55:00,832 INFO     ___FILE_ONLY___ :
2025-02-20 15:55:00,832 INFO     ___FILE_ONLY___  
2025-02-20 15:55:00,832 INFO     ___FILE_ONLY___ 169.254.112.2
2025-02-20 15:55:00,832 INFO     ___FILE_ONLY___ 

2025-02-20 15:55:00,832 INFO     ___FILE_ONLY___       
2025-02-20 15:55:00,833 INFO     ___FILE_ONLY___ nextHopOrigin
2025-02-20 15:55:00,833 INFO     ___FILE_ONLY___ :
2025-02-20 15:55:00,833 INFO     ___FILE_ONLY___  
2025-02-20 15:55:00,833 INFO     ___FILE_ONLY___ INCOMPLETE
2025-02-20 15:55:00,833 INFO     ___FILE_ONLY___ 

2025-02-20 15:55:00,833 INFO     ___FILE_ONLY___       
2025-02-20 15:55:00,833 INFO     ___FILE_ONLY___ nextHopVpnTunnel
2025-02-20 15:55:00,834 INFO     ___FILE_ONLY___ :
2025-02-20 15:55:00,834 INFO     ___FILE_ONLY___  
2025-02-20 15:55:00,834 INFO     ___FILE_ONLY___ https://www.googleapis.com/compute/v1/projects/peppy-arcadia-432311-g5/regions/asia-northeast3/vpnTunnels/aws-to-gcp-vpn-1
2025-02-20 15:55:00,834 INFO     ___FILE_ONLY___ 

2025-02-20 15:55:00,834 INFO     ___FILE_ONLY___       
2025-02-20 15:55:00,834 INFO     ___FILE_ONLY___ priority
2025-02-20 15:55:00,834 INFO     ___FILE_ONLY___ :
2025-02-20 15:55:00,834 INFO     ___FILE_ONLY___  
2025-02-20 15:55:00,834 INFO     ___FILE_ONLY___ 100
2025-02-20 15:55:00,834 INFO     ___FILE_ONLY___ 

2025-02-20 15:55:00,835 INFO     ___FILE_ONLY___       
2025-02-20 15:55:00,835 INFO     ___FILE_ONLY___ routeType
2025-02-20 15:55:00,835 INFO     ___FILE_ONLY___ :
2025-02-20 15:55:00,835 INFO     ___FILE_ONLY___  
2025-02-20 15:55:00,835 INFO     ___FILE_ONLY___ BGP
2025-02-20 15:55:00,835 INFO     ___FILE_ONLY___ 

2025-02-20 15:55:00,835 INFO     ___FILE_ONLY___     
2025-02-20 15:55:00,835 INFO     ___FILE_ONLY___ -
2025-02-20 15:55:00,835 INFO     ___FILE_ONLY___  
2025-02-20 15:55:00,835 INFO     ___FILE_ONLY___ destRange
2025-02-20 15:55:00,835 INFO     ___FILE_ONLY___ :
2025-02-20 15:55:00,835 INFO     ___FILE_ONLY___  
2025-02-20 15:55:00,836 INFO     ___FILE_ONLY___ 10.200.0.0/16
2025-02-20 15:55:00,836 INFO     ___FILE_ONLY___ 

2025-02-20 15:55:00,836 INFO     ___FILE_ONLY___       
2025-02-20 15:55:00,836 INFO     ___FILE_ONLY___ kind
2025-02-20 15:55:00,836 INFO     ___FILE_ONLY___ :
2025-02-20 15:55:00,836 INFO     ___FILE_ONLY___  
2025-02-20 15:55:00,836 INFO     ___FILE_ONLY___ compute#route
2025-02-20 15:55:00,836 INFO     ___FILE_ONLY___ 

2025-02-20 15:55:00,836 INFO     ___FILE_ONLY___       
2025-02-20 15:55:00,836 INFO     ___FILE_ONLY___ network
2025-02-20 15:55:00,836 INFO     ___FILE_ONLY___ :
2025-02-20 15:55:00,837 INFO     ___FILE_ONLY___  
2025-02-20 15:55:00,837 INFO     ___FILE_ONLY___ https://www.googleapis.com/compute/v1/projects/peppy-arcadia-432311-g5/global/networks/gcp-dr-vpc
2025-02-20 15:55:00,837 INFO     ___FILE_ONLY___ 

2025-02-20 15:55:00,837 INFO     ___FILE_ONLY___       
2025-02-20 15:55:00,837 INFO     ___FILE_ONLY___ nextHopIp
2025-02-20 15:55:00,837 INFO     ___FILE_ONLY___ :
2025-02-20 15:55:00,837 INFO     ___FILE_ONLY___  
2025-02-20 15:55:00,837 INFO     ___FILE_ONLY___ 169.254.112.2
2025-02-20 15:55:00,837 INFO     ___FILE_ONLY___ 

2025-02-20 15:55:00,837 INFO     ___FILE_ONLY___       
2025-02-20 15:55:00,838 INFO     ___FILE_ONLY___ nextHopOrigin
2025-02-20 15:55:00,838 INFO     ___FILE_ONLY___ :
2025-02-20 15:55:00,838 INFO     ___FILE_ONLY___  
2025-02-20 15:55:00,838 INFO     ___FILE_ONLY___ INCOMPLETE
2025-02-20 15:55:00,838 INFO     ___FILE_ONLY___ 

2025-02-20 15:55:00,838 INFO     ___FILE_ONLY___       
2025-02-20 15:55:00,838 INFO     ___FILE_ONLY___ nextHopVpnTunnel
2025-02-20 15:55:00,838 INFO     ___FILE_ONLY___ :
2025-02-20 15:55:00,838 INFO     ___FILE_ONLY___  
2025-02-20 15:55:00,838 INFO     ___FILE_ONLY___ https://www.googleapis.com/compute/v1/projects/peppy-arcadia-432311-g5/regions/asia-northeast3/vpnTunnels/aws-to-gcp-vpn-1
2025-02-20 15:55:00,838 INFO     ___FILE_ONLY___ 

2025-02-20 15:55:00,838 INFO     ___FILE_ONLY___       
2025-02-20 15:55:00,839 INFO     ___FILE_ONLY___ priority
2025-02-20 15:55:00,839 INFO     ___FILE_ONLY___ :
2025-02-20 15:55:00,839 INFO     ___FILE_ONLY___  
2025-02-20 15:55:00,839 INFO     ___FILE_ONLY___ 100
2025-02-20 15:55:00,839 INFO     ___FILE_ONLY___ 

2025-02-20 15:55:00,839 INFO     ___FILE_ONLY___       
2025-02-20 15:55:00,839 INFO     ___FILE_ONLY___ routeType
2025-02-20 15:55:00,839 INFO     ___FILE_ONLY___ :
2025-02-20 15:55:00,839 INFO     ___FILE_ONLY___  
2025-02-20 15:55:00,839 INFO     ___FILE_ONLY___ BGP
2025-02-20 15:55:00,839 INFO     ___FILE_ONLY___ 

2025-02-20 15:55:00,839 INFO     ___FILE_ONLY___     
2025-02-20 15:55:00,839 INFO     ___FILE_ONLY___ enableIpv4
2025-02-20 15:55:00,840 INFO     ___FILE_ONLY___ :
2025-02-20 15:55:00,840 INFO     ___FILE_ONLY___  
2025-02-20 15:55:00,840 INFO     ___FILE_ONLY___ true
2025-02-20 15:55:00,840 INFO     ___FILE_ONLY___ 

2025-02-20 15:55:00,840 INFO     ___FILE_ONLY___     
2025-02-20 15:55:00,840 INFO     ___FILE_ONLY___ enableIpv6
2025-02-20 15:55:00,841 INFO     ___FILE_ONLY___ :
2025-02-20 15:55:00,841 INFO     ___FILE_ONLY___  
2025-02-20 15:55:00,841 INFO     ___FILE_ONLY___ false
2025-02-20 15:55:00,841 INFO     ___FILE_ONLY___ 

2025-02-20 15:55:00,841 INFO     ___FILE_ONLY___     
2025-02-20 15:55:00,841 INFO     ___FILE_ONLY___ ipAddress
2025-02-20 15:55:00,841 INFO     ___FILE_ONLY___ :
2025-02-20 15:55:00,841 INFO     ___FILE_ONLY___  
2025-02-20 15:55:00,841 INFO     ___FILE_ONLY___ 169.254.112.2
2025-02-20 15:55:00,841 INFO     ___FILE_ONLY___ 

2025-02-20 15:55:00,841 INFO     ___FILE_ONLY___     
2025-02-20 15:55:00,841 INFO     ___FILE_ONLY___ linkedVpnTunnel
2025-02-20 15:55:00,842 INFO     ___FILE_ONLY___ :
2025-02-20 15:55:00,842 INFO     ___FILE_ONLY___  
2025-02-20 15:55:00,842 INFO     ___FILE_ONLY___ https://www.googleapis.com/compute/v1/projects/peppy-arcadia-432311-g5/regions/asia-northeast3/vpnTunnels/aws-to-gcp-vpn-1
2025-02-20 15:55:00,842 INFO     ___FILE_ONLY___ 

2025-02-20 15:55:00,842 INFO     ___FILE_ONLY___     
2025-02-20 15:55:00,842 INFO     ___FILE_ONLY___ md5AuthEnabled
2025-02-20 15:55:00,842 INFO     ___FILE_ONLY___ :
2025-02-20 15:55:00,843 INFO     ___FILE_ONLY___  
2025-02-20 15:55:00,843 INFO     ___FILE_ONLY___ false
2025-02-20 15:55:00,843 INFO     ___FILE_ONLY___ 

2025-02-20 15:55:00,843 INFO     ___FILE_ONLY___     
2025-02-20 15:55:00,843 INFO     ___FILE_ONLY___ name
2025-02-20 15:55:00,848 INFO     ___FILE_ONLY___ :
2025-02-20 15:55:00,849 INFO     ___FILE_ONLY___  
2025-02-20 15:55:00,849 INFO     ___FILE_ONLY___ aws-bgp-peer-1
2025-02-20 15:55:00,849 INFO     ___FILE_ONLY___ 

2025-02-20 15:55:00,852 INFO     ___FILE_ONLY___     
2025-02-20 15:55:00,852 INFO     ___FILE_ONLY___ numLearnedRoutes
2025-02-20 15:55:00,852 INFO     ___FILE_ONLY___ :
2025-02-20 15:55:00,852 INFO     ___FILE_ONLY___  
2025-02-20 15:55:00,852 INFO     ___FILE_ONLY___ 1
2025-02-20 15:55:00,853 INFO     ___FILE_ONLY___ 

2025-02-20 15:55:00,853 INFO     ___FILE_ONLY___     
2025-02-20 15:55:00,853 INFO     ___FILE_ONLY___ peerIpAddress
2025-02-20 15:55:00,853 INFO     ___FILE_ONLY___ :
2025-02-20 15:55:00,853 INFO     ___FILE_ONLY___  
2025-02-20 15:55:00,853 INFO     ___FILE_ONLY___ 169.254.112.1
2025-02-20 15:55:00,853 INFO     ___FILE_ONLY___ 

2025-02-20 15:55:00,853 INFO     ___FILE_ONLY___     
2025-02-20 15:55:00,853 INFO     ___FILE_ONLY___ state
2025-02-20 15:55:00,854 INFO     ___FILE_ONLY___ :
2025-02-20 15:55:00,854 INFO     ___FILE_ONLY___  
2025-02-20 15:55:00,854 INFO     ___FILE_ONLY___ Established
2025-02-20 15:55:00,854 INFO     ___FILE_ONLY___ 

2025-02-20 15:55:00,854 INFO     ___FILE_ONLY___     
2025-02-20 15:55:00,854 INFO     ___FILE_ONLY___ status
2025-02-20 15:55:00,854 INFO     ___FILE_ONLY___ :
2025-02-20 15:55:00,854 INFO     ___FILE_ONLY___  
2025-02-20 15:55:00,854 INFO     ___FILE_ONLY___ UP
2025-02-20 15:55:00,854 INFO     ___FILE_ONLY___ 

2025-02-20 15:55:00,855 INFO     ___FILE_ONLY___     
2025-02-20 15:55:00,855 INFO     ___FILE_ONLY___ uptime
2025-02-20 15:55:00,855 INFO     ___FILE_ONLY___ :
2025-02-20 15:55:00,855 INFO     ___FILE_ONLY___  
2025-02-20 15:55:00,855 INFO     ___FILE_ONLY___ 34
2025-02-20 15:55:00,855 INFO     ___FILE_ONLY___  
2025-02-20 15:55:00,855 INFO     ___FILE_ONLY___ minutes,
2025-02-20 15:55:00,855 INFO     ___FILE_ONLY___  
2025-02-20 15:55:00,855 INFO     ___FILE_ONLY___ 25
2025-02-20 15:55:00,855 INFO     ___FILE_ONLY___  
2025-02-20 15:55:00,855 INFO     ___FILE_ONLY___ seconds
2025-02-20 15:55:00,855 INFO     ___FILE_ONLY___ 

2025-02-20 15:55:00,855 INFO     ___FILE_ONLY___     
2025-02-20 15:55:00,855 INFO     ___FILE_ONLY___ uptimeSeconds
2025-02-20 15:55:00,856 INFO     ___FILE_ONLY___ :
2025-02-20 15:55:00,856 INFO     ___FILE_ONLY___  '
2025-02-20 15:55:00,856 INFO     ___FILE_ONLY___ 2065
2025-02-20 15:55:00,856 INFO     ___FILE_ONLY___ '
2025-02-20 15:55:00,856 INFO     ___FILE_ONLY___ 

2025-02-20 15:55:00,856 INFO     ___FILE_ONLY___   
2025-02-20 15:55:00,856 INFO     ___FILE_ONLY___ -
2025-02-20 15:55:00,856 INFO     ___FILE_ONLY___  
2025-02-20 15:55:00,856 INFO     ___FILE_ONLY___ advertisedRoutes
2025-02-20 15:55:00,856 INFO     ___FILE_ONLY___ :
2025-02-20 15:55:00,857 INFO     ___FILE_ONLY___ 

2025-02-20 15:55:00,857 INFO     ___FILE_ONLY___     
2025-02-20 15:55:00,857 INFO     ___FILE_ONLY___ -
2025-02-20 15:55:00,857 INFO     ___FILE_ONLY___  
2025-02-20 15:55:00,857 INFO     ___FILE_ONLY___ destRange
2025-02-20 15:55:00,857 INFO     ___FILE_ONLY___ :
2025-02-20 15:55:00,857 INFO     ___FILE_ONLY___  
2025-02-20 15:55:00,857 INFO     ___FILE_ONLY___ 10.200.0.0/16
2025-02-20 15:55:00,857 INFO     ___FILE_ONLY___ 

2025-02-20 15:55:00,857 INFO     ___FILE_ONLY___       
2025-02-20 15:55:00,858 INFO     ___FILE_ONLY___ kind
2025-02-20 15:55:00,858 INFO     ___FILE_ONLY___ :
2025-02-20 15:55:00,858 INFO     ___FILE_ONLY___  
2025-02-20 15:55:00,858 INFO     ___FILE_ONLY___ compute#route
2025-02-20 15:55:00,858 INFO     ___FILE_ONLY___ 

2025-02-20 15:55:00,858 INFO     ___FILE_ONLY___       
2025-02-20 15:55:00,858 INFO     ___FILE_ONLY___ network
2025-02-20 15:55:00,858 INFO     ___FILE_ONLY___ :
2025-02-20 15:55:00,858 INFO     ___FILE_ONLY___  
2025-02-20 15:55:00,858 INFO     ___FILE_ONLY___ https://www.googleapis.com/compute/v1/projects/peppy-arcadia-432311-g5/global/networks/gcp-dr-vpc
2025-02-20 15:55:00,858 INFO     ___FILE_ONLY___ 

2025-02-20 15:55:00,858 INFO     ___FILE_ONLY___       
2025-02-20 15:55:00,859 INFO     ___FILE_ONLY___ nextHopIp
2025-02-20 15:55:00,859 INFO     ___FILE_ONLY___ :
2025-02-20 15:55:00,859 INFO     ___FILE_ONLY___  
2025-02-20 15:55:00,859 INFO     ___FILE_ONLY___ 169.254.14.6
2025-02-20 15:55:00,859 INFO     ___FILE_ONLY___ 

2025-02-20 15:55:00,859 INFO     ___FILE_ONLY___       
2025-02-20 15:55:00,859 INFO     ___FILE_ONLY___ nextHopOrigin
2025-02-20 15:55:00,859 INFO     ___FILE_ONLY___ :
2025-02-20 15:55:00,859 INFO     ___FILE_ONLY___  
2025-02-20 15:55:00,859 INFO     ___FILE_ONLY___ INCOMPLETE
2025-02-20 15:55:00,859 INFO     ___FILE_ONLY___ 

2025-02-20 15:55:00,859 INFO     ___FILE_ONLY___       
2025-02-20 15:55:00,860 INFO     ___FILE_ONLY___ nextHopVpnTunnel
2025-02-20 15:55:00,860 INFO     ___FILE_ONLY___ :
2025-02-20 15:55:00,860 INFO     ___FILE_ONLY___  
2025-02-20 15:55:00,860 INFO     ___FILE_ONLY___ https://www.googleapis.com/compute/v1/projects/peppy-arcadia-432311-g5/regions/asia-northeast3/vpnTunnels/aws-to-gcp-vpn-2
2025-02-20 15:55:00,860 INFO     ___FILE_ONLY___ 

2025-02-20 15:55:00,860 INFO     ___FILE_ONLY___       
2025-02-20 15:55:00,860 INFO     ___FILE_ONLY___ priority
2025-02-20 15:55:00,860 INFO     ___FILE_ONLY___ :
2025-02-20 15:55:00,860 INFO     ___FILE_ONLY___  
2025-02-20 15:55:00,860 INFO     ___FILE_ONLY___ 100
2025-02-20 15:55:00,860 INFO     ___FILE_ONLY___ 

2025-02-20 15:55:00,861 INFO     ___FILE_ONLY___       
2025-02-20 15:55:00,861 INFO     ___FILE_ONLY___ routeType
2025-02-20 15:55:00,861 INFO     ___FILE_ONLY___ :
2025-02-20 15:55:00,861 INFO     ___FILE_ONLY___  
2025-02-20 15:55:00,861 INFO     ___FILE_ONLY___ BGP
2025-02-20 15:55:00,861 INFO     ___FILE_ONLY___ 

2025-02-20 15:55:00,861 INFO     ___FILE_ONLY___     
2025-02-20 15:55:00,861 INFO     ___FILE_ONLY___ -
2025-02-20 15:55:00,861 INFO     ___FILE_ONLY___  
2025-02-20 15:55:00,861 INFO     ___FILE_ONLY___ destRange
2025-02-20 15:55:00,861 INFO     ___FILE_ONLY___ :
2025-02-20 15:55:00,862 INFO     ___FILE_ONLY___  
2025-02-20 15:55:00,862 INFO     ___FILE_ONLY___ 10.10.0.0/24
2025-02-20 15:55:00,862 INFO     ___FILE_ONLY___ 

2025-02-20 15:55:00,862 INFO     ___FILE_ONLY___       
2025-02-20 15:55:00,872 INFO     ___FILE_ONLY___ kind
2025-02-20 15:55:00,873 INFO     ___FILE_ONLY___ :
2025-02-20 15:55:00,873 INFO     ___FILE_ONLY___  
2025-02-20 15:55:00,873 INFO     ___FILE_ONLY___ compute#route
2025-02-20 15:55:00,873 INFO     ___FILE_ONLY___ 

2025-02-20 15:55:00,874 INFO     ___FILE_ONLY___       
2025-02-20 15:55:00,874 INFO     ___FILE_ONLY___ network
2025-02-20 15:55:00,874 INFO     ___FILE_ONLY___ :
2025-02-20 15:55:00,874 INFO     ___FILE_ONLY___  
2025-02-20 15:55:00,874 INFO     ___FILE_ONLY___ https://www.googleapis.com/compute/v1/projects/peppy-arcadia-432311-g5/global/networks/gcp-dr-vpc
2025-02-20 15:55:00,874 INFO     ___FILE_ONLY___ 

2025-02-20 15:55:00,874 INFO     ___FILE_ONLY___       
2025-02-20 15:55:00,875 INFO     ___FILE_ONLY___ nextHopIp
2025-02-20 15:55:00,875 INFO     ___FILE_ONLY___ :
2025-02-20 15:55:00,875 INFO     ___FILE_ONLY___  
2025-02-20 15:55:00,875 INFO     ___FILE_ONLY___ 169.254.14.6
2025-02-20 15:55:00,875 INFO     ___FILE_ONLY___ 

2025-02-20 15:55:00,875 INFO     ___FILE_ONLY___       
2025-02-20 15:55:00,875 INFO     ___FILE_ONLY___ nextHopOrigin
2025-02-20 15:55:00,875 INFO     ___FILE_ONLY___ :
2025-02-20 15:55:00,875 INFO     ___FILE_ONLY___  
2025-02-20 15:55:00,876 INFO     ___FILE_ONLY___ INCOMPLETE
2025-02-20 15:55:00,876 INFO     ___FILE_ONLY___ 

2025-02-20 15:55:00,876 INFO     ___FILE_ONLY___       
2025-02-20 15:55:00,876 INFO     ___FILE_ONLY___ nextHopVpnTunnel
2025-02-20 15:55:00,876 INFO     ___FILE_ONLY___ :
2025-02-20 15:55:00,876 INFO     ___FILE_ONLY___  
2025-02-20 15:55:00,876 INFO     ___FILE_ONLY___ https://www.googleapis.com/compute/v1/projects/peppy-arcadia-432311-g5/regions/asia-northeast3/vpnTunnels/aws-to-gcp-vpn-2
2025-02-20 15:55:00,876 INFO     ___FILE_ONLY___ 

2025-02-20 15:55:00,877 INFO     ___FILE_ONLY___       
2025-02-20 15:55:00,877 INFO     ___FILE_ONLY___ priority
2025-02-20 15:55:00,877 INFO     ___FILE_ONLY___ :
2025-02-20 15:55:00,877 INFO     ___FILE_ONLY___  
2025-02-20 15:55:00,877 INFO     ___FILE_ONLY___ 100
2025-02-20 15:55:00,877 INFO     ___FILE_ONLY___ 

2025-02-20 15:55:00,877 INFO     ___FILE_ONLY___       
2025-02-20 15:55:00,877 INFO     ___FILE_ONLY___ routeType
2025-02-20 15:55:00,877 INFO     ___FILE_ONLY___ :
2025-02-20 15:55:00,878 INFO     ___FILE_ONLY___  
2025-02-20 15:55:00,878 INFO     ___FILE_ONLY___ BGP
2025-02-20 15:55:00,878 INFO     ___FILE_ONLY___ 

2025-02-20 15:55:00,878 INFO     ___FILE_ONLY___     
2025-02-20 15:55:00,878 INFO     ___FILE_ONLY___ -
2025-02-20 15:55:00,878 INFO     ___FILE_ONLY___  
2025-02-20 15:55:00,878 INFO     ___FILE_ONLY___ destRange
2025-02-20 15:55:00,878 INFO     ___FILE_ONLY___ :
2025-02-20 15:55:00,879 INFO     ___FILE_ONLY___  
2025-02-20 15:55:00,879 INFO     ___FILE_ONLY___ 10.10.1.0/24
2025-02-20 15:55:00,882 INFO     ___FILE_ONLY___ 

2025-02-20 15:55:00,886 INFO     ___FILE_ONLY___       
2025-02-20 15:55:00,887 INFO     ___FILE_ONLY___ kind
2025-02-20 15:55:00,887 INFO     ___FILE_ONLY___ :
2025-02-20 15:55:00,887 INFO     ___FILE_ONLY___  
2025-02-20 15:55:00,887 INFO     ___FILE_ONLY___ compute#route
2025-02-20 15:55:00,887 INFO     ___FILE_ONLY___ 

2025-02-20 15:55:00,888 INFO     ___FILE_ONLY___       
2025-02-20 15:55:00,888 INFO     ___FILE_ONLY___ network
2025-02-20 15:55:00,888 INFO     ___FILE_ONLY___ :
2025-02-20 15:55:00,888 INFO     ___FILE_ONLY___  
2025-02-20 15:55:00,888 INFO     ___FILE_ONLY___ https://www.googleapis.com/compute/v1/projects/peppy-arcadia-432311-g5/global/networks/gcp-dr-vpc
2025-02-20 15:55:00,888 INFO     ___FILE_ONLY___ 

2025-02-20 15:55:00,888 INFO     ___FILE_ONLY___       
2025-02-20 15:55:00,888 INFO     ___FILE_ONLY___ nextHopIp
2025-02-20 15:55:00,888 INFO     ___FILE_ONLY___ :
2025-02-20 15:55:00,888 INFO     ___FILE_ONLY___  
2025-02-20 15:55:00,888 INFO     ___FILE_ONLY___ 169.254.14.6
2025-02-20 15:55:00,888 INFO     ___FILE_ONLY___ 

2025-02-20 15:55:00,888 INFO     ___FILE_ONLY___       
2025-02-20 15:55:00,889 INFO     ___FILE_ONLY___ nextHopOrigin
2025-02-20 15:55:00,889 INFO     ___FILE_ONLY___ :
2025-02-20 15:55:00,889 INFO     ___FILE_ONLY___  
2025-02-20 15:55:00,889 INFO     ___FILE_ONLY___ INCOMPLETE
2025-02-20 15:55:00,889 INFO     ___FILE_ONLY___ 

2025-02-20 15:55:00,889 INFO     ___FILE_ONLY___       
2025-02-20 15:55:00,889 INFO     ___FILE_ONLY___ nextHopVpnTunnel
2025-02-20 15:55:00,889 INFO     ___FILE_ONLY___ :
2025-02-20 15:55:00,889 INFO     ___FILE_ONLY___  
2025-02-20 15:55:00,889 INFO     ___FILE_ONLY___ https://www.googleapis.com/compute/v1/projects/peppy-arcadia-432311-g5/regions/asia-northeast3/vpnTunnels/aws-to-gcp-vpn-2
2025-02-20 15:55:00,889 INFO     ___FILE_ONLY___ 

2025-02-20 15:55:00,889 INFO     ___FILE_ONLY___       
2025-02-20 15:55:00,889 INFO     ___FILE_ONLY___ priority
2025-02-20 15:55:00,890 INFO     ___FILE_ONLY___ :
2025-02-20 15:55:00,890 INFO     ___FILE_ONLY___  
2025-02-20 15:55:00,890 INFO     ___FILE_ONLY___ 100
2025-02-20 15:55:00,890 INFO     ___FILE_ONLY___ 

2025-02-20 15:55:00,890 INFO     ___FILE_ONLY___       
2025-02-20 15:55:00,890 INFO     ___FILE_ONLY___ routeType
2025-02-20 15:55:00,890 INFO     ___FILE_ONLY___ :
2025-02-20 15:55:00,890 INFO     ___FILE_ONLY___  
2025-02-20 15:55:00,890 INFO     ___FILE_ONLY___ BGP
2025-02-20 15:55:00,890 INFO     ___FILE_ONLY___ 

2025-02-20 15:55:00,890 INFO     ___FILE_ONLY___     
2025-02-20 15:55:00,890 INFO     ___FILE_ONLY___ enableIpv4
2025-02-20 15:55:00,890 INFO     ___FILE_ONLY___ :
2025-02-20 15:55:00,890 INFO     ___FILE_ONLY___  
2025-02-20 15:55:00,890 INFO     ___FILE_ONLY___ true
2025-02-20 15:55:00,890 INFO     ___FILE_ONLY___ 

2025-02-20 15:55:00,890 INFO     ___FILE_ONLY___     
2025-02-20 15:55:00,891 INFO     ___FILE_ONLY___ enableIpv6
2025-02-20 15:55:00,891 INFO     ___FILE_ONLY___ :
2025-02-20 15:55:00,891 INFO     ___FILE_ONLY___  
2025-02-20 15:55:00,891 INFO     ___FILE_ONLY___ false
2025-02-20 15:55:00,891 INFO     ___FILE_ONLY___ 

2025-02-20 15:55:00,891 INFO     ___FILE_ONLY___     
2025-02-20 15:55:00,891 INFO     ___FILE_ONLY___ ipAddress
2025-02-20 15:55:00,891 INFO     ___FILE_ONLY___ :
2025-02-20 15:55:00,891 INFO     ___FILE_ONLY___  
2025-02-20 15:55:00,891 INFO     ___FILE_ONLY___ 169.254.14.6
2025-02-20 15:55:00,891 INFO     ___FILE_ONLY___ 

2025-02-20 15:55:00,891 INFO     ___FILE_ONLY___     
2025-02-20 15:55:00,891 INFO     ___FILE_ONLY___ linkedVpnTunnel
2025-02-20 15:55:00,891 INFO     ___FILE_ONLY___ :
2025-02-20 15:55:00,891 INFO     ___FILE_ONLY___  
2025-02-20 15:55:00,892 INFO     ___FILE_ONLY___ https://www.googleapis.com/compute/v1/projects/peppy-arcadia-432311-g5/regions/asia-northeast3/vpnTunnels/aws-to-gcp-vpn-2
2025-02-20 15:55:00,892 INFO     ___FILE_ONLY___ 

2025-02-20 15:55:00,892 INFO     ___FILE_ONLY___     
2025-02-20 15:55:00,892 INFO     ___FILE_ONLY___ md5AuthEnabled
2025-02-20 15:55:00,892 INFO     ___FILE_ONLY___ :
2025-02-20 15:55:00,892 INFO     ___FILE_ONLY___  
2025-02-20 15:55:00,892 INFO     ___FILE_ONLY___ false
2025-02-20 15:55:00,892 INFO     ___FILE_ONLY___ 

2025-02-20 15:55:00,892 INFO     ___FILE_ONLY___     
2025-02-20 15:55:00,892 INFO     ___FILE_ONLY___ name
2025-02-20 15:55:00,892 INFO     ___FILE_ONLY___ :
2025-02-20 15:55:00,892 INFO     ___FILE_ONLY___  
2025-02-20 15:55:00,892 INFO     ___FILE_ONLY___ aws-bgp-peer-2
2025-02-20 15:55:00,892 INFO     ___FILE_ONLY___ 

2025-02-20 15:55:00,892 INFO     ___FILE_ONLY___     
2025-02-20 15:55:00,892 INFO     ___FILE_ONLY___ numLearnedRoutes
2025-02-20 15:55:00,892 INFO     ___FILE_ONLY___ :
2025-02-20 15:55:00,893 INFO     ___FILE_ONLY___  
2025-02-20 15:55:00,893 INFO     ___FILE_ONLY___ 1
2025-02-20 15:55:00,893 INFO     ___FILE_ONLY___ 

2025-02-20 15:55:00,893 INFO     ___FILE_ONLY___     
2025-02-20 15:55:00,893 INFO     ___FILE_ONLY___ peerIpAddress
2025-02-20 15:55:00,893 INFO     ___FILE_ONLY___ :
2025-02-20 15:55:00,893 INFO     ___FILE_ONLY___  
2025-02-20 15:55:00,893 INFO     ___FILE_ONLY___ 169.254.14.5
2025-02-20 15:55:00,893 INFO     ___FILE_ONLY___ 

2025-02-20 15:55:00,893 INFO     ___FILE_ONLY___     
2025-02-20 15:55:00,893 INFO     ___FILE_ONLY___ state
2025-02-20 15:55:00,893 INFO     ___FILE_ONLY___ :
2025-02-20 15:55:00,893 INFO     ___FILE_ONLY___  
2025-02-20 15:55:00,893 INFO     ___FILE_ONLY___ Established
2025-02-20 15:55:00,893 INFO     ___FILE_ONLY___ 

2025-02-20 15:55:00,893 INFO     ___FILE_ONLY___     
2025-02-20 15:55:00,893 INFO     ___FILE_ONLY___ status
2025-02-20 15:55:00,894 INFO     ___FILE_ONLY___ :
2025-02-20 15:55:00,894 INFO     ___FILE_ONLY___  
2025-02-20 15:55:00,894 INFO     ___FILE_ONLY___ UP
2025-02-20 15:55:00,894 INFO     ___FILE_ONLY___ 

2025-02-20 15:55:00,894 INFO     ___FILE_ONLY___     
2025-02-20 15:55:00,894 INFO     ___FILE_ONLY___ uptime
2025-02-20 15:55:00,894 INFO     ___FILE_ONLY___ :
2025-02-20 15:55:00,894 INFO     ___FILE_ONLY___  
2025-02-20 15:55:00,894 INFO     ___FILE_ONLY___ 34
2025-02-20 15:55:00,894 INFO     ___FILE_ONLY___  
2025-02-20 15:55:00,894 INFO     ___FILE_ONLY___ minutes,
2025-02-20 15:55:00,894 INFO     ___FILE_ONLY___  
2025-02-20 15:55:00,894 INFO     ___FILE_ONLY___ 27
2025-02-20 15:55:00,894 INFO     ___FILE_ONLY___  
2025-02-20 15:55:00,894 INFO     ___FILE_ONLY___ seconds
2025-02-20 15:55:00,894 INFO     ___FILE_ONLY___ 

2025-02-20 15:55:00,894 INFO     ___FILE_ONLY___     
2025-02-20 15:55:00,894 INFO     ___FILE_ONLY___ uptimeSeconds
2025-02-20 15:55:00,894 INFO     ___FILE_ONLY___ :
2025-02-20 15:55:00,894 INFO     ___FILE_ONLY___  '
2025-02-20 15:55:00,894 INFO     ___FILE_ONLY___ 2067
2025-02-20 15:55:00,894 INFO     ___FILE_ONLY___ '
2025-02-20 15:55:00,894 INFO     ___FILE_ONLY___ 

2025-02-20 15:55:00,895 INFO     ___FILE_ONLY___   
2025-02-20 15:55:00,895 INFO     ___FILE_ONLY___ network
2025-02-20 15:55:00,895 INFO     ___FILE_ONLY___ :
2025-02-20 15:55:00,895 INFO     ___FILE_ONLY___  
2025-02-20 15:55:00,895 INFO     ___FILE_ONLY___ https://www.googleapis.com/compute/v1/projects/peppy-arcadia-432311-g5/global/networks/gcp-dr-vpc
2025-02-20 15:55:00,895 INFO     ___FILE_ONLY___ 

2025-02-20 15:55:00,895 DEBUG    root            SDK update checks are disabled.
