2025-02-20 16:18:16,083 DEBUG    root            Loaded Command Group: ['gcloud', 'compute']
2025-02-20 16:18:16,087 DEBUG    root            Loaded Command Group: ['gcloud', 'compute', 'routers']
2025-02-20 16:18:16,098 DEBUG    root            Loaded Command Group: ['gcloud', 'compute', 'routers', 'get_status']
2025-02-20 16:18:16,101 DEBUG    root            Running [gcloud.compute.routers.get-status] with arguments: [--region: "asia-northeast3", NAME: "gcp-router"]
2025-02-20 16:18:16,413 DEBUG    urllib3.connectionpool Starting new HTTPS connection (1): compute.googleapis.com:443
2025-02-20 16:18:16,773 DEBUG    urllib3.connectionpool https://compute.googleapis.com:443 "GET /compute/v1/projects/peppy-arcadia-432311-g5/regions/asia-northeast3/routers/gcp-router/getRouterStatus?alt=json HTTP/1.1" 200 None
2025-02-20 16:18:16,783 DEBUG    root            Chosen display Format:default
2025-02-20 16:18:16,784 INFO     root            Display format: "default"
2025-02-20 16:18:16,808 INFO     ___FILE_ONLY___ kind
2025-02-20 16:18:16,809 INFO     ___FILE_ONLY___ :
2025-02-20 16:18:16,809 INFO     ___FILE_ONLY___  
2025-02-20 16:18:16,809 INFO     ___FILE_ONLY___ compute#routerStatusResponse
2025-02-20 16:18:16,809 INFO     ___FILE_ONLY___ 

2025-02-20 16:18:16,809 INFO     ___FILE_ONLY___ result
2025-02-20 16:18:16,810 INFO     ___FILE_ONLY___ :
2025-02-20 16:18:16,810 INFO     ___FILE_ONLY___ 

2025-02-20 16:18:16,810 INFO     ___FILE_ONLY___   
2025-02-20 16:18:16,810 INFO     ___FILE_ONLY___ bestRoutes
2025-02-20 16:18:16,810 INFO     ___FILE_ONLY___ :
2025-02-20 16:18:16,810 INFO     ___FILE_ONLY___ 

2025-02-20 16:18:16,810 INFO     ___FILE_ONLY___   
2025-02-20 16:18:16,811 INFO     ___FILE_ONLY___ -
2025-02-20 16:18:16,811 INFO     ___FILE_ONLY___  
2025-02-20 16:18:16,811 INFO     ___FILE_ONLY___ asPaths
2025-02-20 16:18:16,811 INFO     ___FILE_ONLY___ :
2025-02-20 16:18:16,812 INFO     ___FILE_ONLY___ 

2025-02-20 16:18:16,812 INFO     ___FILE_ONLY___     
2025-02-20 16:18:16,812 INFO     ___FILE_ONLY___ -
2025-02-20 16:18:16,812 INFO     ___FILE_ONLY___  
2025-02-20 16:18:16,813 INFO     ___FILE_ONLY___ asLists
2025-02-20 16:18:16,813 INFO     ___FILE_ONLY___ :
2025-02-20 16:18:16,813 INFO     ___FILE_ONLY___ 

2025-02-20 16:18:16,813 INFO     ___FILE_ONLY___       
2025-02-20 16:18:16,813 INFO     ___FILE_ONLY___ -
2025-02-20 16:18:16,813 INFO     ___FILE_ONLY___  
2025-02-20 16:18:16,813 INFO     ___FILE_ONLY___ 64512
2025-02-20 16:18:16,813 INFO     ___FILE_ONLY___ 

2025-02-20 16:18:16,813 INFO     ___FILE_ONLY___       
2025-02-20 16:18:16,813 INFO     ___FILE_ONLY___ pathSegmentType
2025-02-20 16:18:16,814 INFO     ___FILE_ONLY___ :
2025-02-20 16:18:16,814 INFO     ___FILE_ONLY___  
2025-02-20 16:18:16,814 INFO     ___FILE_ONLY___ AS_SEQUENCE
2025-02-20 16:18:16,814 INFO     ___FILE_ONLY___ 

2025-02-20 16:18:16,814 INFO     ___FILE_ONLY___     
2025-02-20 16:18:16,814 INFO     ___FILE_ONLY___ creationTimestamp
2025-02-20 16:18:16,815 INFO     ___FILE_ONLY___ :
2025-02-20 16:18:16,815 INFO     ___FILE_ONLY___  '
2025-02-20 16:18:16,815 INFO     ___FILE_ONLY___ 2025-02-19T22:28:19.376-08:00
2025-02-20 16:18:16,815 INFO     ___FILE_ONLY___ '
2025-02-20 16:18:16,815 INFO     ___FILE_ONLY___ 

2025-02-20 16:18:16,815 INFO     ___FILE_ONLY___     
2025-02-20 16:18:16,816 INFO     ___FILE_ONLY___ destRange
2025-02-20 16:18:16,816 INFO     ___FILE_ONLY___ :
2025-02-20 16:18:16,816 INFO     ___FILE_ONLY___  
2025-02-20 16:18:16,816 INFO     ___FILE_ONLY___ 10.0.0.0/16
2025-02-20 16:18:16,816 INFO     ___FILE_ONLY___ 

2025-02-20 16:18:16,816 INFO     ___FILE_ONLY___     
2025-02-20 16:18:16,816 INFO     ___FILE_ONLY___ kind
2025-02-20 16:18:16,816 INFO     ___FILE_ONLY___ :
2025-02-20 16:18:16,816 INFO     ___FILE_ONLY___  
2025-02-20 16:18:16,816 INFO     ___FILE_ONLY___ compute#route
2025-02-20 16:18:16,817 INFO     ___FILE_ONLY___ 

2025-02-20 16:18:16,817 INFO     ___FILE_ONLY___     
2025-02-20 16:18:16,817 INFO     ___FILE_ONLY___ network
2025-02-20 16:18:16,817 INFO     ___FILE_ONLY___ :
2025-02-20 16:18:16,817 INFO     ___FILE_ONLY___  
2025-02-20 16:18:16,817 INFO     ___FILE_ONLY___ https://www.googleapis.com/compute/v1/projects/peppy-arcadia-432311-g5/global/networks/gcp-dr-vpc
2025-02-20 16:18:16,817 INFO     ___FILE_ONLY___ 

2025-02-20 16:18:16,817 INFO     ___FILE_ONLY___     
2025-02-20 16:18:16,818 INFO     ___FILE_ONLY___ nextHopIp
2025-02-20 16:18:16,818 INFO     ___FILE_ONLY___ :
2025-02-20 16:18:16,826 INFO     ___FILE_ONLY___  
2025-02-20 16:18:16,826 INFO     ___FILE_ONLY___ 169.254.112.1
2025-02-20 16:18:16,827 INFO     ___FILE_ONLY___ 

2025-02-20 16:18:16,827 INFO     ___FILE_ONLY___     
2025-02-20 16:18:16,827 INFO     ___FILE_ONLY___ nextHopOrigin
2025-02-20 16:18:16,827 INFO     ___FILE_ONLY___ :
2025-02-20 16:18:16,827 INFO     ___FILE_ONLY___  
2025-02-20 16:18:16,827 INFO     ___FILE_ONLY___ INCOMPLETE
2025-02-20 16:18:16,827 INFO     ___FILE_ONLY___ 

2025-02-20 16:18:16,828 INFO     ___FILE_ONLY___     
2025-02-20 16:18:16,828 INFO     ___FILE_ONLY___ nextHopVpnTunnel
2025-02-20 16:18:16,828 INFO     ___FILE_ONLY___ :
2025-02-20 16:18:16,828 INFO     ___FILE_ONLY___  
2025-02-20 16:18:16,828 INFO     ___FILE_ONLY___ https://www.googleapis.com/compute/v1/projects/peppy-arcadia-432311-g5/regions/asia-northeast3/vpnTunnels/aws-to-gcp-vpn-1
2025-02-20 16:18:16,828 INFO     ___FILE_ONLY___ 

2025-02-20 16:18:16,828 INFO     ___FILE_ONLY___     
2025-02-20 16:18:16,828 INFO     ___FILE_ONLY___ priority
2025-02-20 16:18:16,829 INFO     ___FILE_ONLY___ :
2025-02-20 16:18:16,829 INFO     ___FILE_ONLY___  
2025-02-20 16:18:16,829 INFO     ___FILE_ONLY___ 100
2025-02-20 16:18:16,829 INFO     ___FILE_ONLY___ 

2025-02-20 16:18:16,829 INFO     ___FILE_ONLY___     
2025-02-20 16:18:16,829 INFO     ___FILE_ONLY___ routeType
2025-02-20 16:18:16,829 INFO     ___FILE_ONLY___ :
2025-02-20 16:18:16,829 INFO     ___FILE_ONLY___  
2025-02-20 16:18:16,829 INFO     ___FILE_ONLY___ BGP
2025-02-20 16:18:16,829 INFO     ___FILE_ONLY___ 

2025-02-20 16:18:16,830 INFO     ___FILE_ONLY___   
2025-02-20 16:18:16,830 INFO     ___FILE_ONLY___ bestRoutesForRouter
2025-02-20 16:18:16,830 INFO     ___FILE_ONLY___ :
2025-02-20 16:18:16,830 INFO     ___FILE_ONLY___ 

2025-02-20 16:18:16,830 INFO     ___FILE_ONLY___   
2025-02-20 16:18:16,830 INFO     ___FILE_ONLY___ -
2025-02-20 16:18:16,830 INFO     ___FILE_ONLY___  
2025-02-20 16:18:16,830 INFO     ___FILE_ONLY___ asPaths
2025-02-20 16:18:16,830 INFO     ___FILE_ONLY___ :
2025-02-20 16:18:16,830 INFO     ___FILE_ONLY___ 

2025-02-20 16:18:16,831 INFO     ___FILE_ONLY___     
2025-02-20 16:18:16,831 INFO     ___FILE_ONLY___ -
2025-02-20 16:18:16,831 INFO     ___FILE_ONLY___  
2025-02-20 16:18:16,831 INFO     ___FILE_ONLY___ asLists
2025-02-20 16:18:16,831 INFO     ___FILE_ONLY___ :
2025-02-20 16:18:16,831 INFO     ___FILE_ONLY___ 

2025-02-20 16:18:16,831 INFO     ___FILE_ONLY___       
2025-02-20 16:18:16,831 INFO     ___FILE_ONLY___ -
2025-02-20 16:18:16,831 INFO     ___FILE_ONLY___  
2025-02-20 16:18:16,831 INFO     ___FILE_ONLY___ 64512
2025-02-20 16:18:16,831 INFO     ___FILE_ONLY___ 

2025-02-20 16:18:16,832 INFO     ___FILE_ONLY___       
2025-02-20 16:18:16,832 INFO     ___FILE_ONLY___ pathSegmentType
2025-02-20 16:18:16,832 INFO     ___FILE_ONLY___ :
2025-02-20 16:18:16,832 INFO     ___FILE_ONLY___  
2025-02-20 16:18:16,832 INFO     ___FILE_ONLY___ AS_SEQUENCE
2025-02-20 16:18:16,832 INFO     ___FILE_ONLY___ 

2025-02-20 16:18:16,832 INFO     ___FILE_ONLY___     
2025-02-20 16:18:16,832 INFO     ___FILE_ONLY___ creationTimestamp
2025-02-20 16:18:16,832 INFO     ___FILE_ONLY___ :
2025-02-20 16:18:16,832 INFO     ___FILE_ONLY___  '
2025-02-20 16:18:16,832 INFO     ___FILE_ONLY___ 2025-02-19T22:27:11.166-08:00
2025-02-20 16:18:16,833 INFO     ___FILE_ONLY___ '
2025-02-20 16:18:16,833 INFO     ___FILE_ONLY___ 

2025-02-20 16:18:16,833 INFO     ___FILE_ONLY___     
2025-02-20 16:18:16,833 INFO     ___FILE_ONLY___ destRange
2025-02-20 16:18:16,833 INFO     ___FILE_ONLY___ :
2025-02-20 16:18:16,833 INFO     ___FILE_ONLY___  
2025-02-20 16:18:16,833 INFO     ___FILE_ONLY___ 10.0.0.0/16
2025-02-20 16:18:16,833 INFO     ___FILE_ONLY___ 

2025-02-20 16:18:16,833 INFO     ___FILE_ONLY___     
2025-02-20 16:18:16,833 INFO     ___FILE_ONLY___ kind
2025-02-20 16:18:16,833 INFO     ___FILE_ONLY___ :
2025-02-20 16:18:16,834 INFO     ___FILE_ONLY___  
2025-02-20 16:18:16,834 INFO     ___FILE_ONLY___ compute#route
2025-02-20 16:18:16,834 INFO     ___FILE_ONLY___ 

2025-02-20 16:18:16,834 INFO     ___FILE_ONLY___     
2025-02-20 16:18:16,834 INFO     ___FILE_ONLY___ network
2025-02-20 16:18:16,834 INFO     ___FILE_ONLY___ :
2025-02-20 16:18:16,834 INFO     ___FILE_ONLY___  
2025-02-20 16:18:16,834 INFO     ___FILE_ONLY___ https://www.googleapis.com/compute/v1/projects/peppy-arcadia-432311-g5/global/networks/gcp-dr-vpc
2025-02-20 16:18:16,834 INFO     ___FILE_ONLY___ 

2025-02-20 16:18:16,834 INFO     ___FILE_ONLY___     
2025-02-20 16:18:16,835 INFO     ___FILE_ONLY___ nextHopIp
2025-02-20 16:18:16,835 INFO     ___FILE_ONLY___ :
2025-02-20 16:18:16,835 INFO     ___FILE_ONLY___  
2025-02-20 16:18:16,835 INFO     ___FILE_ONLY___ 169.254.112.1
2025-02-20 16:18:16,835 INFO     ___FILE_ONLY___ 

2025-02-20 16:18:16,835 INFO     ___FILE_ONLY___     
2025-02-20 16:18:16,835 INFO     ___FILE_ONLY___ nextHopOrigin
2025-02-20 16:18:16,835 INFO     ___FILE_ONLY___ :
2025-02-20 16:18:16,835 INFO     ___FILE_ONLY___  
2025-02-20 16:18:16,835 INFO     ___FILE_ONLY___ INCOMPLETE
2025-02-20 16:18:16,835 INFO     ___FILE_ONLY___ 

2025-02-20 16:18:16,836 INFO     ___FILE_ONLY___     
2025-02-20 16:18:16,836 INFO     ___FILE_ONLY___ nextHopVpnTunnel
2025-02-20 16:18:16,836 INFO     ___FILE_ONLY___ :
2025-02-20 16:18:16,836 INFO     ___FILE_ONLY___  
2025-02-20 16:18:16,836 INFO     ___FILE_ONLY___ https://www.googleapis.com/compute/v1/projects/peppy-arcadia-432311-g5/regions/asia-northeast3/vpnTunnels/aws-to-gcp-vpn-1
2025-02-20 16:18:16,836 INFO     ___FILE_ONLY___ 

2025-02-20 16:18:16,836 INFO     ___FILE_ONLY___     
2025-02-20 16:18:16,836 INFO     ___FILE_ONLY___ priority
2025-02-20 16:18:16,836 INFO     ___FILE_ONLY___ :
2025-02-20 16:18:16,836 INFO     ___FILE_ONLY___  
2025-02-20 16:18:16,837 INFO     ___FILE_ONLY___ 100
2025-02-20 16:18:16,837 INFO     ___FILE_ONLY___ 

2025-02-20 16:18:16,837 INFO     ___FILE_ONLY___     
2025-02-20 16:18:16,837 INFO     ___FILE_ONLY___ routeStatus
2025-02-20 16:18:16,837 INFO     ___FILE_ONLY___ :
2025-02-20 16:18:16,837 INFO     ___FILE_ONLY___  
2025-02-20 16:18:16,837 INFO     ___FILE_ONLY___ ACTIVE
2025-02-20 16:18:16,837 INFO     ___FILE_ONLY___ 

2025-02-20 16:18:16,837 INFO     ___FILE_ONLY___     
2025-02-20 16:18:16,837 INFO     ___FILE_ONLY___ routeType
2025-02-20 16:18:16,837 INFO     ___FILE_ONLY___ :
2025-02-20 16:18:16,837 INFO     ___FILE_ONLY___  
2025-02-20 16:18:16,838 INFO     ___FILE_ONLY___ BGP
2025-02-20 16:18:16,838 INFO     ___FILE_ONLY___ 

2025-02-20 16:18:16,838 INFO     ___FILE_ONLY___   
2025-02-20 16:18:16,838 INFO     ___FILE_ONLY___ bgpPeerStatus
2025-02-20 16:18:16,838 INFO     ___FILE_ONLY___ :
2025-02-20 16:18:16,838 INFO     ___FILE_ONLY___ 

2025-02-20 16:18:16,838 INFO     ___FILE_ONLY___   
2025-02-20 16:18:16,838 INFO     ___FILE_ONLY___ -
2025-02-20 16:18:16,838 INFO     ___FILE_ONLY___  
2025-02-20 16:18:16,838 INFO     ___FILE_ONLY___ advertisedRoutes
2025-02-20 16:18:16,839 INFO     ___FILE_ONLY___ :
2025-02-20 16:18:16,839 INFO     ___FILE_ONLY___ 

2025-02-20 16:18:16,839 INFO     ___FILE_ONLY___     
2025-02-20 16:18:16,839 INFO     ___FILE_ONLY___ -
2025-02-20 16:18:16,839 INFO     ___FILE_ONLY___  
2025-02-20 16:18:16,839 INFO     ___FILE_ONLY___ destRange
2025-02-20 16:18:16,839 INFO     ___FILE_ONLY___ :
2025-02-20 16:18:16,839 INFO     ___FILE_ONLY___  
2025-02-20 16:18:16,839 INFO     ___FILE_ONLY___ 10.10.1.0/24
2025-02-20 16:18:16,839 INFO     ___FILE_ONLY___ 

2025-02-20 16:18:16,839 INFO     ___FILE_ONLY___       
2025-02-20 16:18:16,850 INFO     ___FILE_ONLY___ kind
2025-02-20 16:18:16,850 INFO     ___FILE_ONLY___ :
2025-02-20 16:18:16,850 INFO     ___FILE_ONLY___  
2025-02-20 16:18:16,850 INFO     ___FILE_ONLY___ compute#route
2025-02-20 16:18:16,850 INFO     ___FILE_ONLY___ 

2025-02-20 16:18:16,851 INFO     ___FILE_ONLY___       
2025-02-20 16:18:16,851 INFO     ___FILE_ONLY___ network
2025-02-20 16:18:16,851 INFO     ___FILE_ONLY___ :
2025-02-20 16:18:16,851 INFO     ___FILE_ONLY___  
2025-02-20 16:18:16,851 INFO     ___FILE_ONLY___ https://www.googleapis.com/compute/v1/projects/peppy-arcadia-432311-g5/global/networks/gcp-dr-vpc
2025-02-20 16:18:16,851 INFO     ___FILE_ONLY___ 

2025-02-20 16:18:16,851 INFO     ___FILE_ONLY___       
2025-02-20 16:18:16,851 INFO     ___FILE_ONLY___ nextHopIp
2025-02-20 16:18:16,852 INFO     ___FILE_ONLY___ :
2025-02-20 16:18:16,852 INFO     ___FILE_ONLY___  
2025-02-20 16:18:16,852 INFO     ___FILE_ONLY___ 169.254.112.2
2025-02-20 16:18:16,852 INFO     ___FILE_ONLY___ 

2025-02-20 16:18:16,852 INFO     ___FILE_ONLY___       
2025-02-20 16:18:16,852 INFO     ___FILE_ONLY___ nextHopOrigin
2025-02-20 16:18:16,852 INFO     ___FILE_ONLY___ :
2025-02-20 16:18:16,852 INFO     ___FILE_ONLY___  
2025-02-20 16:18:16,852 INFO     ___FILE_ONLY___ INCOMPLETE
2025-02-20 16:18:16,853 INFO     ___FILE_ONLY___ 

2025-02-20 16:18:16,853 INFO     ___FILE_ONLY___       
2025-02-20 16:18:16,853 INFO     ___FILE_ONLY___ nextHopVpnTunnel
2025-02-20 16:18:16,853 INFO     ___FILE_ONLY___ :
2025-02-20 16:18:16,853 INFO     ___FILE_ONLY___  
2025-02-20 16:18:16,853 INFO     ___FILE_ONLY___ https://www.googleapis.com/compute/v1/projects/peppy-arcadia-432311-g5/regions/asia-northeast3/vpnTunnels/aws-to-gcp-vpn-1
2025-02-20 16:18:16,853 INFO     ___FILE_ONLY___ 

2025-02-20 16:18:16,853 INFO     ___FILE_ONLY___       
2025-02-20 16:18:16,853 INFO     ___FILE_ONLY___ priority
2025-02-20 16:18:16,854 INFO     ___FILE_ONLY___ :
2025-02-20 16:18:16,854 INFO     ___FILE_ONLY___  
2025-02-20 16:18:16,854 INFO     ___FILE_ONLY___ 100
2025-02-20 16:18:16,854 INFO     ___FILE_ONLY___ 

2025-02-20 16:18:16,854 INFO     ___FILE_ONLY___       
2025-02-20 16:18:16,854 INFO     ___FILE_ONLY___ routeType
2025-02-20 16:18:16,854 INFO     ___FILE_ONLY___ :
2025-02-20 16:18:16,854 INFO     ___FILE_ONLY___  
2025-02-20 16:18:16,854 INFO     ___FILE_ONLY___ BGP
2025-02-20 16:18:16,855 INFO     ___FILE_ONLY___ 

2025-02-20 16:18:16,855 INFO     ___FILE_ONLY___     
2025-02-20 16:18:16,855 INFO     ___FILE_ONLY___ -
2025-02-20 16:18:16,855 INFO     ___FILE_ONLY___  
2025-02-20 16:18:16,855 INFO     ___FILE_ONLY___ destRange
2025-02-20 16:18:16,855 INFO     ___FILE_ONLY___ :
2025-02-20 16:18:16,855 INFO     ___FILE_ONLY___  
2025-02-20 16:18:16,855 INFO     ___FILE_ONLY___ 10.10.0.0/24
2025-02-20 16:18:16,855 INFO     ___FILE_ONLY___ 

2025-02-20 16:18:16,855 INFO     ___FILE_ONLY___       
2025-02-20 16:18:16,855 INFO     ___FILE_ONLY___ kind
2025-02-20 16:18:16,855 INFO     ___FILE_ONLY___ :
2025-02-20 16:18:16,856 INFO     ___FILE_ONLY___  
2025-02-20 16:18:16,856 INFO     ___FILE_ONLY___ compute#route
2025-02-20 16:18:16,856 INFO     ___FILE_ONLY___ 

2025-02-20 16:18:16,856 INFO     ___FILE_ONLY___       
2025-02-20 16:18:16,856 INFO     ___FILE_ONLY___ network
2025-02-20 16:18:16,856 INFO     ___FILE_ONLY___ :
2025-02-20 16:18:16,856 INFO     ___FILE_ONLY___  
2025-02-20 16:18:16,856 INFO     ___FILE_ONLY___ https://www.googleapis.com/compute/v1/projects/peppy-arcadia-432311-g5/global/networks/gcp-dr-vpc
2025-02-20 16:18:16,856 INFO     ___FILE_ONLY___ 

2025-02-20 16:18:16,856 INFO     ___FILE_ONLY___       
2025-02-20 16:18:16,856 INFO     ___FILE_ONLY___ nextHopIp
2025-02-20 16:18:16,857 INFO     ___FILE_ONLY___ :
2025-02-20 16:18:16,857 INFO     ___FILE_ONLY___  
2025-02-20 16:18:16,857 INFO     ___FILE_ONLY___ 169.254.112.2
2025-02-20 16:18:16,857 INFO     ___FILE_ONLY___ 

2025-02-20 16:18:16,857 INFO     ___FILE_ONLY___       
2025-02-20 16:18:16,865 INFO     ___FILE_ONLY___ nextHopOrigin
2025-02-20 16:18:16,866 INFO     ___FILE_ONLY___ :
2025-02-20 16:18:16,866 INFO     ___FILE_ONLY___  
2025-02-20 16:18:16,866 INFO     ___FILE_ONLY___ INCOMPLETE
2025-02-20 16:18:16,866 INFO     ___FILE_ONLY___ 

2025-02-20 16:18:16,866 INFO     ___FILE_ONLY___       
2025-02-20 16:18:16,866 INFO     ___FILE_ONLY___ nextHopVpnTunnel
2025-02-20 16:18:16,867 INFO     ___FILE_ONLY___ :
2025-02-20 16:18:16,867 INFO     ___FILE_ONLY___  
2025-02-20 16:18:16,867 INFO     ___FILE_ONLY___ https://www.googleapis.com/compute/v1/projects/peppy-arcadia-432311-g5/regions/asia-northeast3/vpnTunnels/aws-to-gcp-vpn-1
2025-02-20 16:18:16,867 INFO     ___FILE_ONLY___ 

2025-02-20 16:18:16,867 INFO     ___FILE_ONLY___       
2025-02-20 16:18:16,867 INFO     ___FILE_ONLY___ priority
2025-02-20 16:18:16,867 INFO     ___FILE_ONLY___ :
2025-02-20 16:18:16,867 INFO     ___FILE_ONLY___  
2025-02-20 16:18:16,868 INFO     ___FILE_ONLY___ 100
2025-02-20 16:18:16,868 INFO     ___FILE_ONLY___ 

2025-02-20 16:18:16,868 INFO     ___FILE_ONLY___       
2025-02-20 16:18:16,868 INFO     ___FILE_ONLY___ routeType
2025-02-20 16:18:16,868 INFO     ___FILE_ONLY___ :
2025-02-20 16:18:16,868 INFO     ___FILE_ONLY___  
2025-02-20 16:18:16,868 INFO     ___FILE_ONLY___ BGP
2025-02-20 16:18:16,868 INFO     ___FILE_ONLY___ 

2025-02-20 16:18:16,868 INFO     ___FILE_ONLY___     
2025-02-20 16:18:16,868 INFO     ___FILE_ONLY___ -
2025-02-20 16:18:16,868 INFO     ___FILE_ONLY___  
2025-02-20 16:18:16,869 INFO     ___FILE_ONLY___ destRange
2025-02-20 16:18:16,869 INFO     ___FILE_ONLY___ :
2025-02-20 16:18:16,869 INFO     ___FILE_ONLY___  
2025-02-20 16:18:16,869 INFO     ___FILE_ONLY___ 10.200.0.0/16
2025-02-20 16:18:16,869 INFO     ___FILE_ONLY___ 

2025-02-20 16:18:16,869 INFO     ___FILE_ONLY___       
2025-02-20 16:18:16,869 INFO     ___FILE_ONLY___ kind
2025-02-20 16:18:16,869 INFO     ___FILE_ONLY___ :
2025-02-20 16:18:16,869 INFO     ___FILE_ONLY___  
2025-02-20 16:18:16,869 INFO     ___FILE_ONLY___ compute#route
2025-02-20 16:18:16,869 INFO     ___FILE_ONLY___ 

2025-02-20 16:18:16,869 INFO     ___FILE_ONLY___       
2025-02-20 16:18:16,870 INFO     ___FILE_ONLY___ network
2025-02-20 16:18:16,870 INFO     ___FILE_ONLY___ :
2025-02-20 16:18:16,870 INFO     ___FILE_ONLY___  
2025-02-20 16:18:16,870 INFO     ___FILE_ONLY___ https://www.googleapis.com/compute/v1/projects/peppy-arcadia-432311-g5/global/networks/gcp-dr-vpc
2025-02-20 16:18:16,870 INFO     ___FILE_ONLY___ 

2025-02-20 16:18:16,870 INFO     ___FILE_ONLY___       
2025-02-20 16:18:16,870 INFO     ___FILE_ONLY___ nextHopIp
2025-02-20 16:18:16,870 INFO     ___FILE_ONLY___ :
2025-02-20 16:18:16,870 INFO     ___FILE_ONLY___  
2025-02-20 16:18:16,870 INFO     ___FILE_ONLY___ 169.254.112.2
2025-02-20 16:18:16,871 INFO     ___FILE_ONLY___ 

2025-02-20 16:18:16,871 INFO     ___FILE_ONLY___       
2025-02-20 16:18:16,871 INFO     ___FILE_ONLY___ nextHopOrigin
2025-02-20 16:18:16,871 INFO     ___FILE_ONLY___ :
2025-02-20 16:18:16,871 INFO     ___FILE_ONLY___  
2025-02-20 16:18:16,871 INFO     ___FILE_ONLY___ INCOMPLETE
2025-02-20 16:18:16,871 INFO     ___FILE_ONLY___ 

2025-02-20 16:18:16,871 INFO     ___FILE_ONLY___       
2025-02-20 16:18:16,871 INFO     ___FILE_ONLY___ nextHopVpnTunnel
2025-02-20 16:18:16,871 INFO     ___FILE_ONLY___ :
2025-02-20 16:18:16,871 INFO     ___FILE_ONLY___  
2025-02-20 16:18:16,872 INFO     ___FILE_ONLY___ https://www.googleapis.com/compute/v1/projects/peppy-arcadia-432311-g5/regions/asia-northeast3/vpnTunnels/aws-to-gcp-vpn-1
2025-02-20 16:18:16,881 INFO     ___FILE_ONLY___ 

2025-02-20 16:18:16,882 INFO     ___FILE_ONLY___       
2025-02-20 16:18:16,882 INFO     ___FILE_ONLY___ priority
2025-02-20 16:18:16,882 INFO     ___FILE_ONLY___ :
2025-02-20 16:18:16,882 INFO     ___FILE_ONLY___  
2025-02-20 16:18:16,882 INFO     ___FILE_ONLY___ 100
2025-02-20 16:18:16,882 INFO     ___FILE_ONLY___ 

2025-02-20 16:18:16,882 INFO     ___FILE_ONLY___       
2025-02-20 16:18:16,883 INFO     ___FILE_ONLY___ routeType
2025-02-20 16:18:16,883 INFO     ___FILE_ONLY___ :
2025-02-20 16:18:16,883 INFO     ___FILE_ONLY___  
2025-02-20 16:18:16,883 INFO     ___FILE_ONLY___ BGP
2025-02-20 16:18:16,883 INFO     ___FILE_ONLY___ 

2025-02-20 16:18:16,883 INFO     ___FILE_ONLY___     
2025-02-20 16:18:16,883 INFO     ___FILE_ONLY___ enableIpv4
2025-02-20 16:18:16,884 INFO     ___FILE_ONLY___ :
2025-02-20 16:18:16,884 INFO     ___FILE_ONLY___  
2025-02-20 16:18:16,884 INFO     ___FILE_ONLY___ true
2025-02-20 16:18:16,884 INFO     ___FILE_ONLY___ 

2025-02-20 16:18:16,884 INFO     ___FILE_ONLY___     
2025-02-20 16:18:16,884 INFO     ___FILE_ONLY___ enableIpv6
2025-02-20 16:18:16,884 INFO     ___FILE_ONLY___ :
2025-02-20 16:18:16,884 INFO     ___FILE_ONLY___  
2025-02-20 16:18:16,884 INFO     ___FILE_ONLY___ false
2025-02-20 16:18:16,885 INFO     ___FILE_ONLY___ 

2025-02-20 16:18:16,885 INFO     ___FILE_ONLY___     
2025-02-20 16:18:16,885 INFO     ___FILE_ONLY___ ipAddress
2025-02-20 16:18:16,885 INFO     ___FILE_ONLY___ :
2025-02-20 16:18:16,885 INFO     ___FILE_ONLY___  
2025-02-20 16:18:16,885 INFO     ___FILE_ONLY___ 169.254.112.2
2025-02-20 16:18:16,885 INFO     ___FILE_ONLY___ 

2025-02-20 16:18:16,885 INFO     ___FILE_ONLY___     
2025-02-20 16:18:16,885 INFO     ___FILE_ONLY___ linkedVpnTunnel
2025-02-20 16:18:16,886 INFO     ___FILE_ONLY___ :
2025-02-20 16:18:16,886 INFO     ___FILE_ONLY___  
2025-02-20 16:18:16,886 INFO     ___FILE_ONLY___ https://www.googleapis.com/compute/v1/projects/peppy-arcadia-432311-g5/regions/asia-northeast3/vpnTunnels/aws-to-gcp-vpn-1
2025-02-20 16:18:16,886 INFO     ___FILE_ONLY___ 

2025-02-20 16:18:16,886 INFO     ___FILE_ONLY___     
2025-02-20 16:18:16,886 INFO     ___FILE_ONLY___ md5AuthEnabled
2025-02-20 16:18:16,886 INFO     ___FILE_ONLY___ :
2025-02-20 16:18:16,886 INFO     ___FILE_ONLY___  
2025-02-20 16:18:16,886 INFO     ___FILE_ONLY___ false
2025-02-20 16:18:16,886 INFO     ___FILE_ONLY___ 

2025-02-20 16:18:16,887 INFO     ___FILE_ONLY___     
2025-02-20 16:18:16,895 INFO     ___FILE_ONLY___ name
2025-02-20 16:18:16,896 INFO     ___FILE_ONLY___ :
2025-02-20 16:18:16,896 INFO     ___FILE_ONLY___  
2025-02-20 16:18:16,896 INFO     ___FILE_ONLY___ aws-bgp-peer-1
2025-02-20 16:18:16,896 INFO     ___FILE_ONLY___ 

2025-02-20 16:18:16,896 INFO     ___FILE_ONLY___     
2025-02-20 16:18:16,896 INFO     ___FILE_ONLY___ numLearnedRoutes
2025-02-20 16:18:16,896 INFO     ___FILE_ONLY___ :
2025-02-20 16:18:16,896 INFO     ___FILE_ONLY___  
2025-02-20 16:18:16,896 INFO     ___FILE_ONLY___ 1
2025-02-20 16:18:16,896 INFO     ___FILE_ONLY___ 

2025-02-20 16:18:16,897 INFO     ___FILE_ONLY___     
2025-02-20 16:18:16,897 INFO     ___FILE_ONLY___ peerIpAddress
2025-02-20 16:18:16,897 INFO     ___FILE_ONLY___ :
2025-02-20 16:18:16,897 INFO     ___FILE_ONLY___  
2025-02-20 16:18:16,897 INFO     ___FILE_ONLY___ 169.254.112.1
2025-02-20 16:18:16,897 INFO     ___FILE_ONLY___ 

2025-02-20 16:18:16,897 INFO     ___FILE_ONLY___     
2025-02-20 16:18:16,897 INFO     ___FILE_ONLY___ state
2025-02-20 16:18:16,897 INFO     ___FILE_ONLY___ :
2025-02-20 16:18:16,897 INFO     ___FILE_ONLY___  
2025-02-20 16:18:16,897 INFO     ___FILE_ONLY___ Established
2025-02-20 16:18:16,897 INFO     ___FILE_ONLY___ 

2025-02-20 16:18:16,897 INFO     ___FILE_ONLY___     
2025-02-20 16:18:16,898 INFO     ___FILE_ONLY___ status
2025-02-20 16:18:16,898 INFO     ___FILE_ONLY___ :
2025-02-20 16:18:16,898 INFO     ___FILE_ONLY___  
2025-02-20 16:18:16,898 INFO     ___FILE_ONLY___ UP
2025-02-20 16:18:16,898 INFO     ___FILE_ONLY___ 

2025-02-20 16:18:16,898 INFO     ___FILE_ONLY___     
2025-02-20 16:18:16,898 INFO     ___FILE_ONLY___ uptime
2025-02-20 16:18:16,898 INFO     ___FILE_ONLY___ :
2025-02-20 16:18:16,898 INFO     ___FILE_ONLY___  
2025-02-20 16:18:16,898 INFO     ___FILE_ONLY___ 57
2025-02-20 16:18:16,898 INFO     ___FILE_ONLY___  
2025-02-20 16:18:16,898 INFO     ___FILE_ONLY___ minutes,
2025-02-20 16:18:16,899 INFO     ___FILE_ONLY___  
2025-02-20 16:18:16,899 INFO     ___FILE_ONLY___ 41
2025-02-20 16:18:16,899 INFO     ___FILE_ONLY___  
2025-02-20 16:18:16,899 INFO     ___FILE_ONLY___ seconds
2025-02-20 16:18:16,899 INFO     ___FILE_ONLY___ 

2025-02-20 16:18:16,899 INFO     ___FILE_ONLY___     
2025-02-20 16:18:16,899 INFO     ___FILE_ONLY___ uptimeSeconds
2025-02-20 16:18:16,899 INFO     ___FILE_ONLY___ :
2025-02-20 16:18:16,899 INFO     ___FILE_ONLY___  '
2025-02-20 16:18:16,899 INFO     ___FILE_ONLY___ 3461
2025-02-20 16:18:16,899 INFO     ___FILE_ONLY___ '
2025-02-20 16:18:16,899 INFO     ___FILE_ONLY___ 

2025-02-20 16:18:16,900 INFO     ___FILE_ONLY___   
2025-02-20 16:18:16,900 INFO     ___FILE_ONLY___ -
2025-02-20 16:18:16,900 INFO     ___FILE_ONLY___  
2025-02-20 16:18:16,900 INFO     ___FILE_ONLY___ advertisedRoutes
2025-02-20 16:18:16,900 INFO     ___FILE_ONLY___ :
2025-02-20 16:18:16,900 INFO     ___FILE_ONLY___ 

2025-02-20 16:18:16,900 INFO     ___FILE_ONLY___     
2025-02-20 16:18:16,900 INFO     ___FILE_ONLY___ -
2025-02-20 16:18:16,900 INFO     ___FILE_ONLY___  
2025-02-20 16:18:16,900 INFO     ___FILE_ONLY___ destRange
2025-02-20 16:18:16,900 INFO     ___FILE_ONLY___ :
2025-02-20 16:18:16,901 INFO     ___FILE_ONLY___  
2025-02-20 16:18:16,901 INFO     ___FILE_ONLY___ 10.10.1.0/24
2025-02-20 16:18:16,901 INFO     ___FILE_ONLY___ 

2025-02-20 16:18:16,901 INFO     ___FILE_ONLY___       
2025-02-20 16:18:16,901 INFO     ___FILE_ONLY___ kind
2025-02-20 16:18:16,901 INFO     ___FILE_ONLY___ :
2025-02-20 16:18:16,901 INFO     ___FILE_ONLY___  
2025-02-20 16:18:16,901 INFO     ___FILE_ONLY___ compute#route
2025-02-20 16:18:16,901 INFO     ___FILE_ONLY___ 

2025-02-20 16:18:16,901 INFO     ___FILE_ONLY___       
2025-02-20 16:18:16,901 INFO     ___FILE_ONLY___ network
2025-02-20 16:18:16,901 INFO     ___FILE_ONLY___ :
2025-02-20 16:18:16,901 INFO     ___FILE_ONLY___  
2025-02-20 16:18:16,902 INFO     ___FILE_ONLY___ https://www.googleapis.com/compute/v1/projects/peppy-arcadia-432311-g5/global/networks/gcp-dr-vpc
2025-02-20 16:18:16,902 INFO     ___FILE_ONLY___ 

2025-02-20 16:18:16,902 INFO     ___FILE_ONLY___       
2025-02-20 16:18:16,902 INFO     ___FILE_ONLY___ nextHopIp
2025-02-20 16:18:16,902 INFO     ___FILE_ONLY___ :
2025-02-20 16:18:16,902 INFO     ___FILE_ONLY___  
2025-02-20 16:18:16,902 INFO     ___FILE_ONLY___ 169.254.14.6
2025-02-20 16:18:16,902 INFO     ___FILE_ONLY___ 

2025-02-20 16:18:16,902 INFO     ___FILE_ONLY___       
2025-02-20 16:18:16,902 INFO     ___FILE_ONLY___ nextHopOrigin
2025-02-20 16:18:16,902 INFO     ___FILE_ONLY___ :
2025-02-20 16:18:16,902 INFO     ___FILE_ONLY___  
2025-02-20 16:18:16,902 INFO     ___FILE_ONLY___ INCOMPLETE
2025-02-20 16:18:16,903 INFO     ___FILE_ONLY___ 

2025-02-20 16:18:16,903 INFO     ___FILE_ONLY___       
2025-02-20 16:18:16,903 INFO     ___FILE_ONLY___ nextHopVpnTunnel
2025-02-20 16:18:16,903 INFO     ___FILE_ONLY___ :
2025-02-20 16:18:16,903 INFO     ___FILE_ONLY___  
2025-02-20 16:18:16,903 INFO     ___FILE_ONLY___ https://www.googleapis.com/compute/v1/projects/peppy-arcadia-432311-g5/regions/asia-northeast3/vpnTunnels/aws-to-gcp-vpn-2
2025-02-20 16:18:16,903 INFO     ___FILE_ONLY___ 

2025-02-20 16:18:16,903 INFO     ___FILE_ONLY___       
2025-02-20 16:18:16,903 INFO     ___FILE_ONLY___ priority
2025-02-20 16:18:16,903 INFO     ___FILE_ONLY___ :
2025-02-20 16:18:16,904 INFO     ___FILE_ONLY___  
2025-02-20 16:18:16,904 INFO     ___FILE_ONLY___ 100
2025-02-20 16:18:16,904 INFO     ___FILE_ONLY___ 

2025-02-20 16:18:16,904 INFO     ___FILE_ONLY___       
2025-02-20 16:18:16,904 INFO     ___FILE_ONLY___ routeType
2025-02-20 16:18:16,904 INFO     ___FILE_ONLY___ :
2025-02-20 16:18:16,904 INFO     ___FILE_ONLY___  
2025-02-20 16:18:16,904 INFO     ___FILE_ONLY___ BGP
2025-02-20 16:18:16,904 INFO     ___FILE_ONLY___ 

2025-02-20 16:18:16,904 INFO     ___FILE_ONLY___     
2025-02-20 16:18:16,905 INFO     ___FILE_ONLY___ -
2025-02-20 16:18:16,905 INFO     ___FILE_ONLY___  
2025-02-20 16:18:16,905 INFO     ___FILE_ONLY___ destRange
2025-02-20 16:18:16,905 INFO     ___FILE_ONLY___ :
2025-02-20 16:18:16,905 INFO     ___FILE_ONLY___  
2025-02-20 16:18:16,905 INFO     ___FILE_ONLY___ 10.10.0.0/24
2025-02-20 16:18:16,905 INFO     ___FILE_ONLY___ 

2025-02-20 16:18:16,905 INFO     ___FILE_ONLY___       
2025-02-20 16:18:16,905 INFO     ___FILE_ONLY___ kind
2025-02-20 16:18:16,905 INFO     ___FILE_ONLY___ :
2025-02-20 16:18:16,905 INFO     ___FILE_ONLY___  
2025-02-20 16:18:16,905 INFO     ___FILE_ONLY___ compute#route
2025-02-20 16:18:16,905 INFO     ___FILE_ONLY___ 

2025-02-20 16:18:16,906 INFO     ___FILE_ONLY___       
2025-02-20 16:18:16,906 INFO     ___FILE_ONLY___ network
2025-02-20 16:18:16,906 INFO     ___FILE_ONLY___ :
2025-02-20 16:18:16,906 INFO     ___FILE_ONLY___  
2025-02-20 16:18:16,906 INFO     ___FILE_ONLY___ https://www.googleapis.com/compute/v1/projects/peppy-arcadia-432311-g5/global/networks/gcp-dr-vpc
2025-02-20 16:18:16,906 INFO     ___FILE_ONLY___ 

2025-02-20 16:18:16,906 INFO     ___FILE_ONLY___       
2025-02-20 16:18:16,906 INFO     ___FILE_ONLY___ nextHopIp
2025-02-20 16:18:16,907 INFO     ___FILE_ONLY___ :
2025-02-20 16:18:16,907 INFO     ___FILE_ONLY___  
2025-02-20 16:18:16,907 INFO     ___FILE_ONLY___ 169.254.14.6
2025-02-20 16:18:16,907 INFO     ___FILE_ONLY___ 

2025-02-20 16:18:16,907 INFO     ___FILE_ONLY___       
2025-02-20 16:18:16,907 INFO     ___FILE_ONLY___ nextHopOrigin
2025-02-20 16:18:16,907 INFO     ___FILE_ONLY___ :
2025-02-20 16:18:16,907 INFO     ___FILE_ONLY___  
2025-02-20 16:18:16,915 INFO     ___FILE_ONLY___ INCOMPLETE
2025-02-20 16:18:16,916 INFO     ___FILE_ONLY___ 

2025-02-20 16:18:16,916 INFO     ___FILE_ONLY___       
2025-02-20 16:18:16,916 INFO     ___FILE_ONLY___ nextHopVpnTunnel
2025-02-20 16:18:16,917 INFO     ___FILE_ONLY___ :
2025-02-20 16:18:16,917 INFO     ___FILE_ONLY___  
2025-02-20 16:18:16,917 INFO     ___FILE_ONLY___ https://www.googleapis.com/compute/v1/projects/peppy-arcadia-432311-g5/regions/asia-northeast3/vpnTunnels/aws-to-gcp-vpn-2
2025-02-20 16:18:16,917 INFO     ___FILE_ONLY___ 

2025-02-20 16:18:16,917 INFO     ___FILE_ONLY___       
2025-02-20 16:18:16,917 INFO     ___FILE_ONLY___ priority
2025-02-20 16:18:16,917 INFO     ___FILE_ONLY___ :
2025-02-20 16:18:16,918 INFO     ___FILE_ONLY___  
2025-02-20 16:18:16,918 INFO     ___FILE_ONLY___ 100
2025-02-20 16:18:16,918 INFO     ___FILE_ONLY___ 

2025-02-20 16:18:16,918 INFO     ___FILE_ONLY___       
2025-02-20 16:18:16,918 INFO     ___FILE_ONLY___ routeType
2025-02-20 16:18:16,918 INFO     ___FILE_ONLY___ :
2025-02-20 16:18:16,918 INFO     ___FILE_ONLY___  
2025-02-20 16:18:16,918 INFO     ___FILE_ONLY___ BGP
2025-02-20 16:18:16,918 INFO     ___FILE_ONLY___ 

2025-02-20 16:18:16,919 INFO     ___FILE_ONLY___     
2025-02-20 16:18:16,919 INFO     ___FILE_ONLY___ -
2025-02-20 16:18:16,919 INFO     ___FILE_ONLY___  
2025-02-20 16:18:16,919 INFO     ___FILE_ONLY___ destRange
2025-02-20 16:18:16,919 INFO     ___FILE_ONLY___ :
2025-02-20 16:18:16,919 INFO     ___FILE_ONLY___  
2025-02-20 16:18:16,919 INFO     ___FILE_ONLY___ 10.200.0.0/16
2025-02-20 16:18:16,919 INFO     ___FILE_ONLY___ 

2025-02-20 16:18:16,919 INFO     ___FILE_ONLY___       
2025-02-20 16:18:16,919 INFO     ___FILE_ONLY___ kind
2025-02-20 16:18:16,920 INFO     ___FILE_ONLY___ :
2025-02-20 16:18:16,920 INFO     ___FILE_ONLY___  
2025-02-20 16:18:16,920 INFO     ___FILE_ONLY___ compute#route
2025-02-20 16:18:16,920 INFO     ___FILE_ONLY___ 

2025-02-20 16:18:16,920 INFO     ___FILE_ONLY___       
2025-02-20 16:18:16,920 INFO     ___FILE_ONLY___ network
2025-02-20 16:18:16,920 INFO     ___FILE_ONLY___ :
2025-02-20 16:18:16,920 INFO     ___FILE_ONLY___  
2025-02-20 16:18:16,920 INFO     ___FILE_ONLY___ https://www.googleapis.com/compute/v1/projects/peppy-arcadia-432311-g5/global/networks/gcp-dr-vpc
2025-02-20 16:18:16,920 INFO     ___FILE_ONLY___ 

2025-02-20 16:18:16,920 INFO     ___FILE_ONLY___       
2025-02-20 16:18:16,920 INFO     ___FILE_ONLY___ nextHopIp
2025-02-20 16:18:16,920 INFO     ___FILE_ONLY___ :
2025-02-20 16:18:16,921 INFO     ___FILE_ONLY___  
2025-02-20 16:18:16,921 INFO     ___FILE_ONLY___ 169.254.14.6
2025-02-20 16:18:16,921 INFO     ___FILE_ONLY___ 

2025-02-20 16:18:16,921 INFO     ___FILE_ONLY___       
2025-02-20 16:18:16,921 INFO     ___FILE_ONLY___ nextHopOrigin
2025-02-20 16:18:16,921 INFO     ___FILE_ONLY___ :
2025-02-20 16:18:16,921 INFO     ___FILE_ONLY___  
2025-02-20 16:18:16,921 INFO     ___FILE_ONLY___ INCOMPLETE
2025-02-20 16:18:16,921 INFO     ___FILE_ONLY___ 

2025-02-20 16:18:16,921 INFO     ___FILE_ONLY___       
2025-02-20 16:18:16,922 INFO     ___FILE_ONLY___ nextHopVpnTunnel
2025-02-20 16:18:16,922 INFO     ___FILE_ONLY___ :
2025-02-20 16:18:16,922 INFO     ___FILE_ONLY___  
2025-02-20 16:18:16,922 INFO     ___FILE_ONLY___ https://www.googleapis.com/compute/v1/projects/peppy-arcadia-432311-g5/regions/asia-northeast3/vpnTunnels/aws-to-gcp-vpn-2
2025-02-20 16:18:16,922 INFO     ___FILE_ONLY___ 

2025-02-20 16:18:16,922 INFO     ___FILE_ONLY___       
2025-02-20 16:18:16,922 INFO     ___FILE_ONLY___ priority
2025-02-20 16:18:16,922 INFO     ___FILE_ONLY___ :
2025-02-20 16:18:16,922 INFO     ___FILE_ONLY___  
2025-02-20 16:18:16,922 INFO     ___FILE_ONLY___ 100
2025-02-20 16:18:16,922 INFO     ___FILE_ONLY___ 

2025-02-20 16:18:16,923 INFO     ___FILE_ONLY___       
2025-02-20 16:18:16,923 INFO     ___FILE_ONLY___ routeType
2025-02-20 16:18:16,923 INFO     ___FILE_ONLY___ :
2025-02-20 16:18:16,923 INFO     ___FILE_ONLY___  
2025-02-20 16:18:16,923 INFO     ___FILE_ONLY___ BGP
2025-02-20 16:18:16,923 INFO     ___FILE_ONLY___ 

2025-02-20 16:18:16,923 INFO     ___FILE_ONLY___     
2025-02-20 16:18:16,923 INFO     ___FILE_ONLY___ enableIpv4
2025-02-20 16:18:16,923 INFO     ___FILE_ONLY___ :
2025-02-20 16:18:16,923 INFO     ___FILE_ONLY___  
2025-02-20 16:18:16,923 INFO     ___FILE_ONLY___ true
2025-02-20 16:18:16,924 INFO     ___FILE_ONLY___ 

2025-02-20 16:18:16,924 INFO     ___FILE_ONLY___     
2025-02-20 16:18:16,924 INFO     ___FILE_ONLY___ enableIpv6
2025-02-20 16:18:16,924 INFO     ___FILE_ONLY___ :
2025-02-20 16:18:16,924 INFO     ___FILE_ONLY___  
2025-02-20 16:18:16,924 INFO     ___FILE_ONLY___ false
2025-02-20 16:18:16,924 INFO     ___FILE_ONLY___ 

2025-02-20 16:18:16,924 INFO     ___FILE_ONLY___     
2025-02-20 16:18:16,924 INFO     ___FILE_ONLY___ ipAddress
2025-02-20 16:18:16,925 INFO     ___FILE_ONLY___ :
2025-02-20 16:18:16,925 INFO     ___FILE_ONLY___  
2025-02-20 16:18:16,925 INFO     ___FILE_ONLY___ 169.254.14.6
2025-02-20 16:18:16,925 INFO     ___FILE_ONLY___ 

2025-02-20 16:18:16,925 INFO     ___FILE_ONLY___     
2025-02-20 16:18:16,925 INFO     ___FILE_ONLY___ linkedVpnTunnel
2025-02-20 16:18:16,925 INFO     ___FILE_ONLY___ :
2025-02-20 16:18:16,925 INFO     ___FILE_ONLY___  
2025-02-20 16:18:16,925 INFO     ___FILE_ONLY___ https://www.googleapis.com/compute/v1/projects/peppy-arcadia-432311-g5/regions/asia-northeast3/vpnTunnels/aws-to-gcp-vpn-2
2025-02-20 16:18:16,925 INFO     ___FILE_ONLY___ 

2025-02-20 16:18:16,925 INFO     ___FILE_ONLY___     
2025-02-20 16:18:16,926 INFO     ___FILE_ONLY___ md5AuthEnabled
2025-02-20 16:18:16,926 INFO     ___FILE_ONLY___ :
2025-02-20 16:18:16,926 INFO     ___FILE_ONLY___  
2025-02-20 16:18:16,926 INFO     ___FILE_ONLY___ false
2025-02-20 16:18:16,926 INFO     ___FILE_ONLY___ 

2025-02-20 16:18:16,926 INFO     ___FILE_ONLY___     
2025-02-20 16:18:16,926 INFO     ___FILE_ONLY___ name
2025-02-20 16:18:16,926 INFO     ___FILE_ONLY___ :
2025-02-20 16:18:16,926 INFO     ___FILE_ONLY___  
2025-02-20 16:18:16,926 INFO     ___FILE_ONLY___ aws-bgp-peer-2
2025-02-20 16:18:16,926 INFO     ___FILE_ONLY___ 

2025-02-20 16:18:16,926 INFO     ___FILE_ONLY___     
2025-02-20 16:18:16,926 INFO     ___FILE_ONLY___ numLearnedRoutes
2025-02-20 16:18:16,927 INFO     ___FILE_ONLY___ :
2025-02-20 16:18:16,927 INFO     ___FILE_ONLY___  
2025-02-20 16:18:16,927 INFO     ___FILE_ONLY___ 1
2025-02-20 16:18:16,927 INFO     ___FILE_ONLY___ 

2025-02-20 16:18:16,927 INFO     ___FILE_ONLY___     
2025-02-20 16:18:16,927 INFO     ___FILE_ONLY___ peerIpAddress
2025-02-20 16:18:16,927 INFO     ___FILE_ONLY___ :
2025-02-20 16:18:16,927 INFO     ___FILE_ONLY___  
2025-02-20 16:18:16,927 INFO     ___FILE_ONLY___ 169.254.14.5
2025-02-20 16:18:16,927 INFO     ___FILE_ONLY___ 

2025-02-20 16:18:16,927 INFO     ___FILE_ONLY___     
2025-02-20 16:18:16,927 INFO     ___FILE_ONLY___ state
2025-02-20 16:18:16,928 INFO     ___FILE_ONLY___ :
2025-02-20 16:18:16,928 INFO     ___FILE_ONLY___  
2025-02-20 16:18:16,928 INFO     ___FILE_ONLY___ Established
2025-02-20 16:18:16,928 INFO     ___FILE_ONLY___ 

2025-02-20 16:18:16,936 INFO     ___FILE_ONLY___     
2025-02-20 16:18:16,937 INFO     ___FILE_ONLY___ status
2025-02-20 16:18:16,937 INFO     ___FILE_ONLY___ :
2025-02-20 16:18:16,937 INFO     ___FILE_ONLY___  
2025-02-20 16:18:16,937 INFO     ___FILE_ONLY___ UP
2025-02-20 16:18:16,937 INFO     ___FILE_ONLY___ 

2025-02-20 16:18:16,937 INFO     ___FILE_ONLY___     
2025-02-20 16:18:16,937 INFO     ___FILE_ONLY___ uptime
2025-02-20 16:18:16,938 INFO     ___FILE_ONLY___ :
2025-02-20 16:18:16,938 INFO     ___FILE_ONLY___  
2025-02-20 16:18:16,938 INFO     ___FILE_ONLY___ 57
2025-02-20 16:18:16,938 INFO     ___FILE_ONLY___  
2025-02-20 16:18:16,938 INFO     ___FILE_ONLY___ minutes,
2025-02-20 16:18:16,938 INFO     ___FILE_ONLY___  
2025-02-20 16:18:16,938 INFO     ___FILE_ONLY___ 43
2025-02-20 16:18:16,938 INFO     ___FILE_ONLY___  
2025-02-20 16:18:16,938 INFO     ___FILE_ONLY___ seconds
2025-02-20 16:18:16,938 INFO     ___FILE_ONLY___ 

2025-02-20 16:18:16,938 INFO     ___FILE_ONLY___     
2025-02-20 16:18:16,938 INFO     ___FILE_ONLY___ uptimeSeconds
2025-02-20 16:18:16,938 INFO     ___FILE_ONLY___ :
2025-02-20 16:18:16,939 INFO     ___FILE_ONLY___  '
2025-02-20 16:18:16,939 INFO     ___FILE_ONLY___ 3463
2025-02-20 16:18:16,939 INFO     ___FILE_ONLY___ '
2025-02-20 16:18:16,939 INFO     ___FILE_ONLY___ 

2025-02-20 16:18:16,939 INFO     ___FILE_ONLY___   
2025-02-20 16:18:16,939 INFO     ___FILE_ONLY___ network
2025-02-20 16:18:16,939 INFO     ___FILE_ONLY___ :
2025-02-20 16:18:16,939 INFO     ___FILE_ONLY___  
2025-02-20 16:18:16,939 INFO     ___FILE_ONLY___ https://www.googleapis.com/compute/v1/projects/peppy-arcadia-432311-g5/global/networks/gcp-dr-vpc
2025-02-20 16:18:16,939 INFO     ___FILE_ONLY___ 

2025-02-20 16:18:16,940 DEBUG    root            SDK update checks are disabled.
