2025-02-20 16:59:51,785 DEBUG    root            Loaded Command Group: ['gcloud', 'compute']
2025-02-20 16:59:51,788 DEBUG    root            Loaded Command Group: ['gcloud', 'compute', 'networks']
2025-02-20 16:59:51,790 DEBUG    root            Loaded Command Group: ['gcloud', 'compute', 'networks', 'subnets']
2025-02-20 16:59:51,801 DEBUG    root            Loaded Command Group: ['gcloud', 'compute', 'networks', 'subnets', 'list']
2025-02-20 16:59:51,805 DEBUG    root            Running [gcloud.compute.networks.subnets.list] with arguments: [--format: "table(name, region, network, ipCidrRange)"]
2025-02-20 16:59:51,805 DEBUG    root            Chosen display Format:    table(
      name,
      region.basename(),
      network.basename(),
      ipCidrRange:label=RANGE,
      stackType,
      ipv6AccessType,
      internalIpv6Prefix,
      externalIpv6Prefix
    ) table(name, region, network, ipCidrRange)
2025-02-20 16:59:51,806 INFO     root            Display format: "    table(
      name,
      region.basename(),
      network.basename(),
      ipCidrRange:label=RANGE,
      stackType,
      ipv6AccessType,
      internalIpv6Prefix,
      externalIpv6Prefix
    ) table(name, region, network, ipCidrRange)"
2025-02-20 16:59:51,982 DEBUG    urllib3.connectionpool Starting new HTTPS connection (1): compute.googleapis.com:443
2025-02-20 16:59:52,749 DEBUG    urllib3.connectionpool https://compute.googleapis.com:443 "GET /compute/v1/projects/peppy-arcadia-432311-g5/aggregated/subnetworks?alt=json&includeAllScopes=True&maxResults=500&returnPartialSuccess=True HTTP/1.1" 200 None
2025-02-20 16:59:52,796 INFO     root            cache collection=compute.subnetworks api_version=beta params=['project', 'region', 'subnetwork']
2025-02-20 16:59:52,872 INFO     ___FILE_ONLY___ NAME
2025-02-20 16:59:52,872 INFO     ___FILE_ONLY___             
2025-02-20 16:59:52,873 INFO     ___FILE_ONLY___ REGION
2025-02-20 16:59:52,873 INFO     ___FILE_ONLY___                    
2025-02-20 16:59:52,873 INFO     ___FILE_ONLY___ NETWORK
2025-02-20 16:59:52,873 INFO     ___FILE_ONLY___      
2025-02-20 16:59:52,873 INFO     ___FILE_ONLY___ RANGE
2025-02-20 16:59:52,873 INFO     ___FILE_ONLY___ 

2025-02-20 16:59:52,873 INFO     ___FILE_ONLY___ default
2025-02-20 16:59:52,873 INFO     ___FILE_ONLY___          
2025-02-20 16:59:52,873 INFO     ___FILE_ONLY___ us-central1
2025-02-20 16:59:52,873 INFO     ___FILE_ONLY___               
2025-02-20 16:59:52,873 INFO     ___FILE_ONLY___ default
2025-02-20 16:59:52,873 INFO     ___FILE_ONLY___      
2025-02-20 16:59:52,873 INFO     ___FILE_ONLY___ 10.128.0.0/20
2025-02-20 16:59:52,873 INFO     ___FILE_ONLY___ 

2025-02-20 16:59:52,873 INFO     ___FILE_ONLY___ default
2025-02-20 16:59:52,873 INFO     ___FILE_ONLY___          
2025-02-20 16:59:52,873 INFO     ___FILE_ONLY___ europe-west1
2025-02-20 16:59:52,874 INFO     ___FILE_ONLY___              
2025-02-20 16:59:52,874 INFO     ___FILE_ONLY___ default
2025-02-20 16:59:52,874 INFO     ___FILE_ONLY___      
2025-02-20 16:59:52,874 INFO     ___FILE_ONLY___ 10.132.0.0/20
2025-02-20 16:59:52,874 INFO     ___FILE_ONLY___ 

2025-02-20 16:59:52,874 INFO     ___FILE_ONLY___ default
2025-02-20 16:59:52,874 INFO     ___FILE_ONLY___          
2025-02-20 16:59:52,874 INFO     ___FILE_ONLY___ us-west1
2025-02-20 16:59:52,874 INFO     ___FILE_ONLY___                  
2025-02-20 16:59:52,874 INFO     ___FILE_ONLY___ default
2025-02-20 16:59:52,874 INFO     ___FILE_ONLY___      
2025-02-20 16:59:52,874 INFO     ___FILE_ONLY___ 10.138.0.0/20
2025-02-20 16:59:52,874 INFO     ___FILE_ONLY___ 

2025-02-20 16:59:52,874 INFO     ___FILE_ONLY___ default
2025-02-20 16:59:52,874 INFO     ___FILE_ONLY___          
2025-02-20 16:59:52,874 INFO     ___FILE_ONLY___ asia-east1
2025-02-20 16:59:52,874 INFO     ___FILE_ONLY___                
2025-02-20 16:59:52,875 INFO     ___FILE_ONLY___ default
2025-02-20 16:59:52,875 INFO     ___FILE_ONLY___      
2025-02-20 16:59:52,875 INFO     ___FILE_ONLY___ 10.140.0.0/20
2025-02-20 16:59:52,875 INFO     ___FILE_ONLY___ 

2025-02-20 16:59:52,875 INFO     ___FILE_ONLY___ default
2025-02-20 16:59:52,875 INFO     ___FILE_ONLY___          
2025-02-20 16:59:52,875 INFO     ___FILE_ONLY___ us-east1
2025-02-20 16:59:52,875 INFO     ___FILE_ONLY___                  
2025-02-20 16:59:52,875 INFO     ___FILE_ONLY___ default
2025-02-20 16:59:52,875 INFO     ___FILE_ONLY___      
2025-02-20 16:59:52,875 INFO     ___FILE_ONLY___ 10.142.0.0/20
2025-02-20 16:59:52,875 INFO     ___FILE_ONLY___ 

2025-02-20 16:59:52,875 INFO     ___FILE_ONLY___ default
2025-02-20 16:59:52,875 INFO     ___FILE_ONLY___          
2025-02-20 16:59:52,875 INFO     ___FILE_ONLY___ asia-northeast1
2025-02-20 16:59:52,875 INFO     ___FILE_ONLY___           
2025-02-20 16:59:52,875 INFO     ___FILE_ONLY___ default
2025-02-20 16:59:52,875 INFO     ___FILE_ONLY___      
2025-02-20 16:59:52,875 INFO     ___FILE_ONLY___ 10.146.0.0/20
2025-02-20 16:59:52,875 INFO     ___FILE_ONLY___ 

2025-02-20 16:59:52,875 INFO     ___FILE_ONLY___ default
2025-02-20 16:59:52,876 INFO     ___FILE_ONLY___          
2025-02-20 16:59:52,876 INFO     ___FILE_ONLY___ asia-southeast1
2025-02-20 16:59:52,876 INFO     ___FILE_ONLY___           
2025-02-20 16:59:52,876 INFO     ___FILE_ONLY___ default
2025-02-20 16:59:52,876 INFO     ___FILE_ONLY___      
2025-02-20 16:59:52,876 INFO     ___FILE_ONLY___ 10.148.0.0/20
2025-02-20 16:59:52,876 INFO     ___FILE_ONLY___ 

2025-02-20 16:59:52,876 INFO     ___FILE_ONLY___ default
2025-02-20 16:59:52,876 INFO     ___FILE_ONLY___          
2025-02-20 16:59:52,876 INFO     ___FILE_ONLY___ us-east4
2025-02-20 16:59:52,876 INFO     ___FILE_ONLY___                  
2025-02-20 16:59:52,876 INFO     ___FILE_ONLY___ default
2025-02-20 16:59:52,876 INFO     ___FILE_ONLY___      
2025-02-20 16:59:52,876 INFO     ___FILE_ONLY___ 10.150.0.0/20
2025-02-20 16:59:52,876 INFO     ___FILE_ONLY___ 

2025-02-20 16:59:52,876 INFO     ___FILE_ONLY___ default
2025-02-20 16:59:52,876 INFO     ___FILE_ONLY___          
2025-02-20 16:59:52,876 INFO     ___FILE_ONLY___ australia-southeast1
2025-02-20 16:59:52,876 INFO     ___FILE_ONLY___      
2025-02-20 16:59:52,876 INFO     ___FILE_ONLY___ default
2025-02-20 16:59:52,876 INFO     ___FILE_ONLY___      
2025-02-20 16:59:52,876 INFO     ___FILE_ONLY___ 10.152.0.0/20
2025-02-20 16:59:52,876 INFO     ___FILE_ONLY___ 

2025-02-20 16:59:52,877 INFO     ___FILE_ONLY___ default
2025-02-20 16:59:52,877 INFO     ___FILE_ONLY___          
2025-02-20 16:59:52,877 INFO     ___FILE_ONLY___ europe-west2
2025-02-20 16:59:52,877 INFO     ___FILE_ONLY___              
2025-02-20 16:59:52,877 INFO     ___FILE_ONLY___ default
2025-02-20 16:59:52,877 INFO     ___FILE_ONLY___      
2025-02-20 16:59:52,877 INFO     ___FILE_ONLY___ 10.154.0.0/20
2025-02-20 16:59:52,877 INFO     ___FILE_ONLY___ 

2025-02-20 16:59:52,877 INFO     ___FILE_ONLY___ default
2025-02-20 16:59:52,877 INFO     ___FILE_ONLY___          
2025-02-20 16:59:52,877 INFO     ___FILE_ONLY___ europe-west3
2025-02-20 16:59:52,877 INFO     ___FILE_ONLY___              
2025-02-20 16:59:52,877 INFO     ___FILE_ONLY___ default
2025-02-20 16:59:52,877 INFO     ___FILE_ONLY___      
2025-02-20 16:59:52,877 INFO     ___FILE_ONLY___ 10.156.0.0/20
2025-02-20 16:59:52,877 INFO     ___FILE_ONLY___ 

2025-02-20 16:59:52,877 INFO     ___FILE_ONLY___ default
2025-02-20 16:59:52,877 INFO     ___FILE_ONLY___          
2025-02-20 16:59:52,877 INFO     ___FILE_ONLY___ southamerica-east1
2025-02-20 16:59:52,877 INFO     ___FILE_ONLY___        
2025-02-20 16:59:52,877 INFO     ___FILE_ONLY___ default
2025-02-20 16:59:52,877 INFO     ___FILE_ONLY___      
2025-02-20 16:59:52,877 INFO     ___FILE_ONLY___ 10.158.0.0/20
2025-02-20 16:59:52,877 INFO     ___FILE_ONLY___ 

2025-02-20 16:59:52,878 INFO     ___FILE_ONLY___ default
2025-02-20 16:59:52,878 INFO     ___FILE_ONLY___          
2025-02-20 16:59:52,878 INFO     ___FILE_ONLY___ asia-south1
2025-02-20 16:59:52,878 INFO     ___FILE_ONLY___               
2025-02-20 16:59:52,878 INFO     ___FILE_ONLY___ default
2025-02-20 16:59:52,878 INFO     ___FILE_ONLY___      
2025-02-20 16:59:52,878 INFO     ___FILE_ONLY___ 10.160.0.0/20
2025-02-20 16:59:52,878 INFO     ___FILE_ONLY___ 

2025-02-20 16:59:52,878 INFO     ___FILE_ONLY___ default
2025-02-20 16:59:52,878 INFO     ___FILE_ONLY___          
2025-02-20 16:59:52,878 INFO     ___FILE_ONLY___ northamerica-northeast1
2025-02-20 16:59:52,878 INFO     ___FILE_ONLY___   
2025-02-20 16:59:52,878 INFO     ___FILE_ONLY___ default
2025-02-20 16:59:52,878 INFO     ___FILE_ONLY___      
2025-02-20 16:59:52,878 INFO     ___FILE_ONLY___ 10.162.0.0/20
2025-02-20 16:59:52,878 INFO     ___FILE_ONLY___ 

2025-02-20 16:59:52,878 INFO     ___FILE_ONLY___ default
2025-02-20 16:59:52,878 INFO     ___FILE_ONLY___          
2025-02-20 16:59:52,878 INFO     ___FILE_ONLY___ europe-west4
2025-02-20 16:59:52,878 INFO     ___FILE_ONLY___              
2025-02-20 16:59:52,878 INFO     ___FILE_ONLY___ default
2025-02-20 16:59:52,878 INFO     ___FILE_ONLY___      
2025-02-20 16:59:52,878 INFO     ___FILE_ONLY___ 10.164.0.0/20
2025-02-20 16:59:52,878 INFO     ___FILE_ONLY___ 

2025-02-20 16:59:52,879 INFO     ___FILE_ONLY___ default
2025-02-20 16:59:52,879 INFO     ___FILE_ONLY___          
2025-02-20 16:59:52,879 INFO     ___FILE_ONLY___ europe-north1
2025-02-20 16:59:52,879 INFO     ___FILE_ONLY___             
2025-02-20 16:59:52,879 INFO     ___FILE_ONLY___ default
2025-02-20 16:59:52,879 INFO     ___FILE_ONLY___      
2025-02-20 16:59:52,879 INFO     ___FILE_ONLY___ 10.166.0.0/20
2025-02-20 16:59:52,879 INFO     ___FILE_ONLY___ 

2025-02-20 16:59:52,879 INFO     ___FILE_ONLY___ default
2025-02-20 16:59:52,879 INFO     ___FILE_ONLY___          
2025-02-20 16:59:52,879 INFO     ___FILE_ONLY___ us-west2
2025-02-20 16:59:52,879 INFO     ___FILE_ONLY___                  
2025-02-20 16:59:52,879 INFO     ___FILE_ONLY___ default
2025-02-20 16:59:52,879 INFO     ___FILE_ONLY___      
2025-02-20 16:59:52,879 INFO     ___FILE_ONLY___ 10.168.0.0/20
2025-02-20 16:59:52,879 INFO     ___FILE_ONLY___ 

2025-02-20 16:59:52,879 INFO     ___FILE_ONLY___ default
2025-02-20 16:59:52,879 INFO     ___FILE_ONLY___          
2025-02-20 16:59:52,879 INFO     ___FILE_ONLY___ asia-east2
2025-02-20 16:59:52,879 INFO     ___FILE_ONLY___                
2025-02-20 16:59:52,879 INFO     ___FILE_ONLY___ default
2025-02-20 16:59:52,879 INFO     ___FILE_ONLY___      
2025-02-20 16:59:52,879 INFO     ___FILE_ONLY___ 10.170.0.0/20
2025-02-20 16:59:52,879 INFO     ___FILE_ONLY___ 

2025-02-20 16:59:52,880 INFO     ___FILE_ONLY___ default
2025-02-20 16:59:52,880 INFO     ___FILE_ONLY___          
2025-02-20 16:59:52,880 INFO     ___FILE_ONLY___ europe-west6
2025-02-20 16:59:52,880 INFO     ___FILE_ONLY___              
2025-02-20 16:59:52,880 INFO     ___FILE_ONLY___ default
2025-02-20 16:59:52,880 INFO     ___FILE_ONLY___      
2025-02-20 16:59:52,880 INFO     ___FILE_ONLY___ 10.172.0.0/20
2025-02-20 16:59:52,880 INFO     ___FILE_ONLY___ 

2025-02-20 16:59:52,880 INFO     ___FILE_ONLY___ default
2025-02-20 16:59:52,880 INFO     ___FILE_ONLY___          
2025-02-20 16:59:52,880 INFO     ___FILE_ONLY___ asia-northeast2
2025-02-20 16:59:52,880 INFO     ___FILE_ONLY___           
2025-02-20 16:59:52,880 INFO     ___FILE_ONLY___ default
2025-02-20 16:59:52,880 INFO     ___FILE_ONLY___      
2025-02-20 16:59:52,880 INFO     ___FILE_ONLY___ 10.174.0.0/20
2025-02-20 16:59:52,880 INFO     ___FILE_ONLY___ 

2025-02-20 16:59:52,880 INFO     ___FILE_ONLY___ default
2025-02-20 16:59:52,880 INFO     ___FILE_ONLY___          
2025-02-20 16:59:52,880 INFO     ___FILE_ONLY___ asia-northeast3
2025-02-20 16:59:52,880 INFO     ___FILE_ONLY___           
2025-02-20 16:59:52,880 INFO     ___FILE_ONLY___ default
2025-02-20 16:59:52,880 INFO     ___FILE_ONLY___      
2025-02-20 16:59:52,880 INFO     ___FILE_ONLY___ 10.178.0.0/20
2025-02-20 16:59:52,880 INFO     ___FILE_ONLY___ 

2025-02-20 16:59:52,880 INFO     ___FILE_ONLY___ private-subnet
2025-02-20 16:59:52,880 INFO     ___FILE_ONLY___   
2025-02-20 16:59:52,881 INFO     ___FILE_ONLY___ asia-northeast3
2025-02-20 16:59:52,881 INFO     ___FILE_ONLY___           
2025-02-20 16:59:52,881 INFO     ___FILE_ONLY___ gcp-dr-vpc
2025-02-20 16:59:52,881 INFO     ___FILE_ONLY___   
2025-02-20 16:59:52,881 INFO     ___FILE_ONLY___ 10.10.1.0/24
2025-02-20 16:59:52,881 INFO     ___FILE_ONLY___ 

2025-02-20 16:59:52,881 INFO     ___FILE_ONLY___ public-subnet
2025-02-20 16:59:52,881 INFO     ___FILE_ONLY___    
2025-02-20 16:59:52,881 INFO     ___FILE_ONLY___ asia-northeast3
2025-02-20 16:59:52,881 INFO     ___FILE_ONLY___           
2025-02-20 16:59:52,881 INFO     ___FILE_ONLY___ gcp-dr-vpc
2025-02-20 16:59:52,881 INFO     ___FILE_ONLY___   
2025-02-20 16:59:52,881 INFO     ___FILE_ONLY___ 10.10.0.0/24
2025-02-20 16:59:52,881 INFO     ___FILE_ONLY___ 

2025-02-20 16:59:52,881 INFO     ___FILE_ONLY___ default
2025-02-20 16:59:52,881 INFO     ___FILE_ONLY___          
2025-02-20 16:59:52,881 INFO     ___FILE_ONLY___ us-west3
2025-02-20 16:59:52,881 INFO     ___FILE_ONLY___                  
2025-02-20 16:59:52,881 INFO     ___FILE_ONLY___ default
2025-02-20 16:59:52,881 INFO     ___FILE_ONLY___      
2025-02-20 16:59:52,881 INFO     ___FILE_ONLY___ 10.180.0.0/20
2025-02-20 16:59:52,881 INFO     ___FILE_ONLY___ 

2025-02-20 16:59:52,882 INFO     ___FILE_ONLY___ default
2025-02-20 16:59:52,882 INFO     ___FILE_ONLY___          
2025-02-20 16:59:52,882 INFO     ___FILE_ONLY___ us-west4
2025-02-20 16:59:52,882 INFO     ___FILE_ONLY___                  
2025-02-20 16:59:52,882 INFO     ___FILE_ONLY___ default
2025-02-20 16:59:52,882 INFO     ___FILE_ONLY___      
2025-02-20 16:59:52,882 INFO     ___FILE_ONLY___ 10.182.0.0/20
2025-02-20 16:59:52,882 INFO     ___FILE_ONLY___ 

2025-02-20 16:59:52,882 INFO     ___FILE_ONLY___ default
2025-02-20 16:59:52,882 INFO     ___FILE_ONLY___          
2025-02-20 16:59:52,882 INFO     ___FILE_ONLY___ asia-southeast2
2025-02-20 16:59:52,882 INFO     ___FILE_ONLY___           
2025-02-20 16:59:52,882 INFO     ___FILE_ONLY___ default
2025-02-20 16:59:52,882 INFO     ___FILE_ONLY___      
2025-02-20 16:59:52,882 INFO     ___FILE_ONLY___ 10.184.0.0/20
2025-02-20 16:59:52,882 INFO     ___FILE_ONLY___ 

2025-02-20 16:59:52,882 INFO     ___FILE_ONLY___ default
2025-02-20 16:59:52,882 INFO     ___FILE_ONLY___          
2025-02-20 16:59:52,882 INFO     ___FILE_ONLY___ europe-central2
2025-02-20 16:59:52,882 INFO     ___FILE_ONLY___           
2025-02-20 16:59:52,882 INFO     ___FILE_ONLY___ default
2025-02-20 16:59:52,882 INFO     ___FILE_ONLY___      
2025-02-20 16:59:52,882 INFO     ___FILE_ONLY___ 10.186.0.0/20
2025-02-20 16:59:52,882 INFO     ___FILE_ONLY___ 

2025-02-20 16:59:52,882 INFO     ___FILE_ONLY___ default
2025-02-20 16:59:52,883 INFO     ___FILE_ONLY___          
2025-02-20 16:59:52,883 INFO     ___FILE_ONLY___ northamerica-northeast2
2025-02-20 16:59:52,883 INFO     ___FILE_ONLY___   
2025-02-20 16:59:52,883 INFO     ___FILE_ONLY___ default
2025-02-20 16:59:52,883 INFO     ___FILE_ONLY___      
2025-02-20 16:59:52,883 INFO     ___FILE_ONLY___ 10.188.0.0/20
2025-02-20 16:59:52,883 INFO     ___FILE_ONLY___ 

2025-02-20 16:59:52,883 INFO     ___FILE_ONLY___ default
2025-02-20 16:59:52,883 INFO     ___FILE_ONLY___          
2025-02-20 16:59:52,883 INFO     ___FILE_ONLY___ asia-south2
2025-02-20 16:59:52,883 INFO     ___FILE_ONLY___               
2025-02-20 16:59:52,883 INFO     ___FILE_ONLY___ default
2025-02-20 16:59:52,883 INFO     ___FILE_ONLY___      
2025-02-20 16:59:52,883 INFO     ___FILE_ONLY___ 10.190.0.0/20
2025-02-20 16:59:52,892 INFO     ___FILE_ONLY___ 

2025-02-20 16:59:52,892 INFO     ___FILE_ONLY___ default
2025-02-20 16:59:52,892 INFO     ___FILE_ONLY___          
2025-02-20 16:59:52,892 INFO     ___FILE_ONLY___ australia-southeast2
2025-02-20 16:59:52,892 INFO     ___FILE_ONLY___      
2025-02-20 16:59:52,893 INFO     ___FILE_ONLY___ default
2025-02-20 16:59:52,893 INFO     ___FILE_ONLY___      
2025-02-20 16:59:52,893 INFO     ___FILE_ONLY___ 10.192.0.0/20
2025-02-20 16:59:52,893 INFO     ___FILE_ONLY___ 

2025-02-20 16:59:52,893 INFO     ___FILE_ONLY___ default
2025-02-20 16:59:52,893 INFO     ___FILE_ONLY___          
2025-02-20 16:59:52,893 INFO     ___FILE_ONLY___ southamerica-west1
2025-02-20 16:59:52,893 INFO     ___FILE_ONLY___        
2025-02-20 16:59:52,893 INFO     ___FILE_ONLY___ default
2025-02-20 16:59:52,893 INFO     ___FILE_ONLY___      
2025-02-20 16:59:52,893 INFO     ___FILE_ONLY___ 10.194.0.0/20
2025-02-20 16:59:52,894 INFO     ___FILE_ONLY___ 

2025-02-20 16:59:52,894 INFO     ___FILE_ONLY___ default
2025-02-20 16:59:52,894 INFO     ___FILE_ONLY___          
2025-02-20 16:59:52,894 INFO     ___FILE_ONLY___ europe-west8
2025-02-20 16:59:52,894 INFO     ___FILE_ONLY___              
2025-02-20 16:59:52,894 INFO     ___FILE_ONLY___ default
2025-02-20 16:59:52,894 INFO     ___FILE_ONLY___      
2025-02-20 16:59:52,894 INFO     ___FILE_ONLY___ 10.198.0.0/20
2025-02-20 16:59:52,894 INFO     ___FILE_ONLY___ 

2025-02-20 16:59:52,894 INFO     ___FILE_ONLY___ default
2025-02-20 16:59:52,894 INFO     ___FILE_ONLY___          
2025-02-20 16:59:52,894 INFO     ___FILE_ONLY___ europe-west9
2025-02-20 16:59:52,895 INFO     ___FILE_ONLY___              
2025-02-20 16:59:52,895 INFO     ___FILE_ONLY___ default
2025-02-20 16:59:52,895 INFO     ___FILE_ONLY___      
2025-02-20 16:59:52,895 INFO     ___FILE_ONLY___ 10.200.0.0/20
2025-02-20 16:59:52,895 INFO     ___FILE_ONLY___ 

2025-02-20 16:59:52,895 INFO     ___FILE_ONLY___ default
2025-02-20 16:59:52,895 INFO     ___FILE_ONLY___          
2025-02-20 16:59:52,895 INFO     ___FILE_ONLY___ us-east5
2025-02-20 16:59:52,895 INFO     ___FILE_ONLY___                  
2025-02-20 16:59:52,895 INFO     ___FILE_ONLY___ default
2025-02-20 16:59:52,895 INFO     ___FILE_ONLY___      
2025-02-20 16:59:52,895 INFO     ___FILE_ONLY___ 10.202.0.0/20
2025-02-20 16:59:52,895 INFO     ___FILE_ONLY___ 

2025-02-20 16:59:52,895 INFO     ___FILE_ONLY___ default
2025-02-20 16:59:52,896 INFO     ___FILE_ONLY___          
2025-02-20 16:59:52,896 INFO     ___FILE_ONLY___ europe-southwest1
2025-02-20 16:59:52,907 INFO     ___FILE_ONLY___         
2025-02-20 16:59:52,908 INFO     ___FILE_ONLY___ default
2025-02-20 16:59:52,908 INFO     ___FILE_ONLY___      
2025-02-20 16:59:52,908 INFO     ___FILE_ONLY___ 10.204.0.0/20
2025-02-20 16:59:52,908 INFO     ___FILE_ONLY___ 

2025-02-20 16:59:52,908 INFO     ___FILE_ONLY___ default
2025-02-20 16:59:52,908 INFO     ___FILE_ONLY___          
2025-02-20 16:59:52,908 INFO     ___FILE_ONLY___ us-south1
2025-02-20 16:59:52,908 INFO     ___FILE_ONLY___                 
2025-02-20 16:59:52,908 INFO     ___FILE_ONLY___ default
2025-02-20 16:59:52,908 INFO     ___FILE_ONLY___      
2025-02-20 16:59:52,908 INFO     ___FILE_ONLY___ 10.206.0.0/20
2025-02-20 16:59:52,908 INFO     ___FILE_ONLY___ 

2025-02-20 16:59:52,909 INFO     ___FILE_ONLY___ default
2025-02-20 16:59:52,909 INFO     ___FILE_ONLY___          
2025-02-20 16:59:52,909 INFO     ___FILE_ONLY___ me-west1
2025-02-20 16:59:52,909 INFO     ___FILE_ONLY___                  
2025-02-20 16:59:52,909 INFO     ___FILE_ONLY___ default
2025-02-20 16:59:52,909 INFO     ___FILE_ONLY___      
2025-02-20 16:59:52,909 INFO     ___FILE_ONLY___ 10.208.0.0/20
2025-02-20 16:59:52,909 INFO     ___FILE_ONLY___ 

2025-02-20 16:59:52,909 INFO     ___FILE_ONLY___ default
2025-02-20 16:59:52,909 INFO     ___FILE_ONLY___          
2025-02-20 16:59:52,909 INFO     ___FILE_ONLY___ europe-west12
2025-02-20 16:59:52,909 INFO     ___FILE_ONLY___             
2025-02-20 16:59:52,909 INFO     ___FILE_ONLY___ default
2025-02-20 16:59:52,909 INFO     ___FILE_ONLY___      
2025-02-20 16:59:52,910 INFO     ___FILE_ONLY___ 10.210.0.0/20
2025-02-20 16:59:52,910 INFO     ___FILE_ONLY___ 

2025-02-20 16:59:52,910 INFO     ___FILE_ONLY___ default
2025-02-20 16:59:52,910 INFO     ___FILE_ONLY___          
2025-02-20 16:59:52,910 INFO     ___FILE_ONLY___ me-central1
2025-02-20 16:59:52,910 INFO     ___FILE_ONLY___               
2025-02-20 16:59:52,910 INFO     ___FILE_ONLY___ default
2025-02-20 16:59:52,910 INFO     ___FILE_ONLY___      
2025-02-20 16:59:52,910 INFO     ___FILE_ONLY___ 10.212.0.0/20
2025-02-20 16:59:52,910 INFO     ___FILE_ONLY___ 

2025-02-20 16:59:52,910 INFO     ___FILE_ONLY___ default
2025-02-20 16:59:52,910 INFO     ___FILE_ONLY___          
2025-02-20 16:59:52,910 INFO     ___FILE_ONLY___ europe-west10
2025-02-20 16:59:52,910 INFO     ___FILE_ONLY___             
2025-02-20 16:59:52,911 INFO     ___FILE_ONLY___ default
2025-02-20 16:59:52,911 INFO     ___FILE_ONLY___      
2025-02-20 16:59:52,911 INFO     ___FILE_ONLY___ 10.214.0.0/20
2025-02-20 16:59:52,911 INFO     ___FILE_ONLY___ 

2025-02-20 16:59:52,911 INFO     ___FILE_ONLY___ default
2025-02-20 16:59:52,911 INFO     ___FILE_ONLY___          
2025-02-20 16:59:52,911 INFO     ___FILE_ONLY___ africa-south1
2025-02-20 16:59:52,911 INFO     ___FILE_ONLY___             
2025-02-20 16:59:52,911 INFO     ___FILE_ONLY___ default
2025-02-20 16:59:52,911 INFO     ___FILE_ONLY___      
2025-02-20 16:59:52,911 INFO     ___FILE_ONLY___ 10.218.0.0/20
2025-02-20 16:59:52,911 INFO     ___FILE_ONLY___ 

2025-02-20 16:59:52,911 INFO     ___FILE_ONLY___ default
2025-02-20 16:59:52,911 INFO     ___FILE_ONLY___          
2025-02-20 16:59:52,911 INFO     ___FILE_ONLY___ northamerica-south1
2025-02-20 16:59:52,911 INFO     ___FILE_ONLY___       
2025-02-20 16:59:52,912 INFO     ___FILE_ONLY___ default
2025-02-20 16:59:52,912 INFO     ___FILE_ONLY___      
2025-02-20 16:59:52,912 INFO     ___FILE_ONLY___ 10.224.0.0/20
2025-02-20 16:59:52,912 INFO     ___FILE_ONLY___ 

2025-02-20 16:59:52,912 INFO     ___FILE_ONLY___ default
2025-02-20 16:59:52,912 INFO     ___FILE_ONLY___          
2025-02-20 16:59:52,912 INFO     ___FILE_ONLY___ europe-north2
2025-02-20 16:59:52,912 INFO     ___FILE_ONLY___             
2025-02-20 16:59:52,912 INFO     ___FILE_ONLY___ default
2025-02-20 16:59:52,912 INFO     ___FILE_ONLY___      
2025-02-20 16:59:52,912 INFO     ___FILE_ONLY___ 10.226.0.0/20
2025-02-20 16:59:52,912 INFO     ___FILE_ONLY___ 

2025-02-20 16:59:52,924 DEBUG    root            SDK update checks are disabled.
