2025-02-20 16:56:38,143 DEBUG    root            Loaded Command Group: ['gcloud', 'compute']
2025-02-20 16:56:38,147 DEBUG    root            Loaded Command Group: ['gcloud', 'compute', 'routes']
2025-02-20 16:56:38,156 DEBUG    root            Loaded Command Group: ['gcloud', 'compute', 'routes', 'list']
2025-02-20 16:56:38,159 DEBUG    root            Running [gcloud.compute.routes.list] with arguments: [--filter: "network=gcp-dr-vpc"]
2025-02-20 16:56:38,387 INFO     root            client_filter=None server_filter='network eq ".*\\bgcp\\-dr\\-vpc\\b.*"'
2025-02-20 16:56:38,388 INFO     root            client_filter=None server_filter='network eq ".*\\bgcp\\-dr\\-vpc\\b.*"'
2025-02-20 16:56:38,388 DEBUG    root            Chosen display Format:    table(
      name,
      network.basename(),
      destRange,
      firstof(
          nextHopInstance,
          nextHopGateway,
          nextHopIp,
          nextHopVpnTunnel,
          nextHopPeering,
          nextHopNetwork,
          nextHopHub).scope()
        :label=NEXT_HOP,
      priority
    )
2025-02-20 16:56:38,389 INFO     root            Display format: "    table(
      name,
      network.basename(),
      destRange,
      firstof(
          nextHopInstance,
          nextHopGateway,
          nextHopIp,
          nextHopVpnTunnel,
          nextHopPeering,
          nextHopNetwork,
          nextHopHub).scope()
        :label=NEXT_HOP,
      priority
    )"
2025-02-20 16:56:38,391 DEBUG    urllib3.connectionpool Starting new HTTPS connection (1): compute.googleapis.com:443
2025-02-20 16:56:38,912 DEBUG    urllib3.connectionpool https://compute.googleapis.com:443 "GET /compute/v1/projects/peppy-arcadia-432311-g5/global/routes?alt=json&filter=network+eq+%22.%2A%5Cbgcp%5C-dr%5C-vpc%5Cb.%2A%22&maxResults=500 HTTP/1.1" 200 None
2025-02-20 16:56:38,982 INFO     root            cache collection=compute.routes api_version=v1 params=['project', 'route']
2025-02-20 16:56:39,065 INFO     ___FILE_ONLY___ NAME
2025-02-20 16:56:39,066 INFO     ___FILE_ONLY___                               
2025-02-20 16:56:39,066 INFO     ___FILE_ONLY___ NETWORK
2025-02-20 16:56:39,066 INFO     ___FILE_ONLY___      
2025-02-20 16:56:39,066 INFO     ___FILE_ONLY___ DEST_RANGE
2025-02-20 16:56:39,066 INFO     ___FILE_ONLY___      
2025-02-20 16:56:39,066 INFO     ___FILE_ONLY___ NEXT_HOP
2025-02-20 16:56:39,066 INFO     ___FILE_ONLY___                                      
2025-02-20 16:56:39,066 INFO     ___FILE_ONLY___ PRIORITY
2025-02-20 16:56:39,066 INFO     ___FILE_ONLY___ 

2025-02-20 16:56:39,066 INFO     ___FILE_ONLY___ default-route-7a98649b3f273c0d
2025-02-20 16:56:39,067 INFO     ___FILE_ONLY___     
2025-02-20 16:56:39,067 INFO     ___FILE_ONLY___ gcp-dr-vpc
2025-02-20 16:56:39,067 INFO     ___FILE_ONLY___   
2025-02-20 16:56:39,067 INFO     ___FILE_ONLY___ 0.0.0.0/0
2025-02-20 16:56:39,067 INFO     ___FILE_ONLY___       
2025-02-20 16:56:39,067 INFO     ___FILE_ONLY___ default-internet-gateway
2025-02-20 16:56:39,067 INFO     ___FILE_ONLY___                      
2025-02-20 16:56:39,067 INFO     ___FILE_ONLY___ 1000
2025-02-20 16:56:39,067 INFO     ___FILE_ONLY___ 

2025-02-20 16:56:39,067 INFO     ___FILE_ONLY___ default-route-r-3f6da145ab0a4492
2025-02-20 16:56:39,067 INFO     ___FILE_ONLY___   
2025-02-20 16:56:39,067 INFO     ___FILE_ONLY___ gcp-dr-vpc
2025-02-20 16:56:39,067 INFO     ___FILE_ONLY___   
2025-02-20 16:56:39,067 INFO     ___FILE_ONLY___ 10.10.1.0/24
2025-02-20 16:56:39,067 INFO     ___FILE_ONLY___    
2025-02-20 16:56:39,067 INFO     ___FILE_ONLY___ gcp-dr-vpc
2025-02-20 16:56:39,068 INFO     ___FILE_ONLY___                                    
2025-02-20 16:56:39,068 INFO     ___FILE_ONLY___ 0
2025-02-20 16:56:39,068 INFO     ___FILE_ONLY___ 

2025-02-20 16:56:39,068 INFO     ___FILE_ONLY___ default-route-r-515f90378387f896
2025-02-20 16:56:39,068 INFO     ___FILE_ONLY___   
2025-02-20 16:56:39,068 INFO     ___FILE_ONLY___ gcp-dr-vpc
2025-02-20 16:56:39,068 INFO     ___FILE_ONLY___   
2025-02-20 16:56:39,068 INFO     ___FILE_ONLY___ 10.10.0.0/24
2025-02-20 16:56:39,068 INFO     ___FILE_ONLY___    
2025-02-20 16:56:39,068 INFO     ___FILE_ONLY___ gcp-dr-vpc
2025-02-20 16:56:39,069 INFO     ___FILE_ONLY___                                    
2025-02-20 16:56:39,069 INFO     ___FILE_ONLY___ 0
2025-02-20 16:56:39,069 INFO     ___FILE_ONLY___ 

2025-02-20 16:56:39,069 INFO     ___FILE_ONLY___ default-route-r-843e597d3b4d8921
2025-02-20 16:56:39,070 INFO     ___FILE_ONLY___   
2025-02-20 16:56:39,070 INFO     ___FILE_ONLY___ gcp-dr-vpc
2025-02-20 16:56:39,070 INFO     ___FILE_ONLY___   
2025-02-20 16:56:39,070 INFO     ___FILE_ONLY___ 10.2.0.0/16
2025-02-20 16:56:39,070 INFO     ___FILE_ONLY___     
2025-02-20 16:56:39,070 INFO     ___FILE_ONLY___ gcp-dr-vpc
2025-02-20 16:56:39,070 INFO     ___FILE_ONLY___                                    
2025-02-20 16:56:39,070 INFO     ___FILE_ONLY___ 0
2025-02-20 16:56:39,070 INFO     ___FILE_ONLY___ 

2025-02-20 16:56:39,070 INFO     ___FILE_ONLY___ default-route-r-88b0b9ad59dd31f1
2025-02-20 16:56:39,070 INFO     ___FILE_ONLY___   
2025-02-20 16:56:39,070 INFO     ___FILE_ONLY___ gcp-dr-vpc
2025-02-20 16:56:39,070 INFO     ___FILE_ONLY___   
2025-02-20 16:56:39,070 INFO     ___FILE_ONLY___ 10.4.0.0/14
2025-02-20 16:56:39,070 INFO     ___FILE_ONLY___     
2025-02-20 16:56:39,070 INFO     ___FILE_ONLY___ gcp-dr-vpc
2025-02-20 16:56:39,070 INFO     ___FILE_ONLY___                                    
2025-02-20 16:56:39,070 INFO     ___FILE_ONLY___ 0
2025-02-20 16:56:39,070 INFO     ___FILE_ONLY___ 

2025-02-20 16:56:39,070 INFO     ___FILE_ONLY___ gcp-to-aws-route
2025-02-20 16:56:39,071 INFO     ___FILE_ONLY___                   
2025-02-20 16:56:39,071 INFO     ___FILE_ONLY___ gcp-dr-vpc
2025-02-20 16:56:39,071 INFO     ___FILE_ONLY___   
2025-02-20 16:56:39,071 INFO     ___FILE_ONLY___ 10.0.0.0/16
2025-02-20 16:56:39,071 INFO     ___FILE_ONLY___     
2025-02-20 16:56:39,071 INFO     ___FILE_ONLY___ asia-northeast3/vpnTunnels/aws-to-gcp-vpn-1
2025-02-20 16:56:39,071 INFO     ___FILE_ONLY___   
2025-02-20 16:56:39,071 INFO     ___FILE_ONLY___ 1000
2025-02-20 16:56:39,071 INFO     ___FILE_ONLY___ 

2025-02-20 16:56:39,071 INFO     ___FILE_ONLY___ gcp-to-aws-route-backup
2025-02-20 16:56:39,071 INFO     ___FILE_ONLY___            
2025-02-20 16:56:39,071 INFO     ___FILE_ONLY___ gcp-dr-vpc
2025-02-20 16:56:39,071 INFO     ___FILE_ONLY___   
2025-02-20 16:56:39,071 INFO     ___FILE_ONLY___ 10.0.0.0/16
2025-02-20 16:56:39,071 INFO     ___FILE_ONLY___     
2025-02-20 16:56:39,071 INFO     ___FILE_ONLY___ asia-northeast3/vpnTunnels/aws-to-gcp-vpn-2
2025-02-20 16:56:39,071 INFO     ___FILE_ONLY___   
2025-02-20 16:56:39,071 INFO     ___FILE_ONLY___ 2000
2025-02-20 16:56:39,071 INFO     ___FILE_ONLY___ 

2025-02-20 16:56:39,071 INFO     ___FILE_ONLY___ peering-route-29c0d3b1551802f6
2025-02-20 16:56:39,071 INFO     ___FILE_ONLY___     
2025-02-20 16:56:39,071 INFO     ___FILE_ONLY___ gcp-dr-vpc
2025-02-20 16:56:39,071 INFO     ___FILE_ONLY___   
2025-02-20 16:56:39,072 INFO     ___FILE_ONLY___ 10.3.0.0/24
2025-02-20 16:56:39,072 INFO     ___FILE_ONLY___     
2025-02-20 16:56:39,072 INFO     ___FILE_ONLY___ servicenetworking-googleapis-com
2025-02-20 16:56:39,072 INFO     ___FILE_ONLY___              
2025-02-20 16:56:39,072 INFO     ___FILE_ONLY___ 0
2025-02-20 16:56:39,072 INFO     ___FILE_ONLY___ 

2025-02-20 16:56:39,072 INFO     ___FILE_ONLY___ peering-route-33e14fde86069f51
2025-02-20 16:56:39,072 INFO     ___FILE_ONLY___     
2025-02-20 16:56:39,072 INFO     ___FILE_ONLY___ gcp-dr-vpc
2025-02-20 16:56:39,072 INFO     ___FILE_ONLY___   
2025-02-20 16:56:39,072 INFO     ___FILE_ONLY___ 10.200.0.0/24
2025-02-20 16:56:39,072 INFO     ___FILE_ONLY___   
2025-02-20 16:56:39,072 INFO     ___FILE_ONLY___ servicenetworking-googleapis-com
2025-02-20 16:56:39,072 INFO     ___FILE_ONLY___              
2025-02-20 16:56:39,072 INFO     ___FILE_ONLY___ 0
2025-02-20 16:56:39,072 INFO     ___FILE_ONLY___ 

2025-02-20 16:56:39,072 DEBUG    root            SDK update checks are disabled.
