2025-02-20 17:02:01,488 DEBUG    root            Loaded Command Group: ['gcloud', 'compute']
2025-02-20 17:02:01,492 DEBUG    root            Loaded Command Group: ['gcloud', 'compute', 'routers']
2025-02-20 17:02:01,503 DEBUG    root            Loaded Command Group: ['gcloud', 'compute', 'routers', 'get_status']
2025-02-20 17:02:01,505 DEBUG    root            Running [gcloud.compute.routers.get-status] with arguments: [--region: "asia-northeast3", NAME: "gcp-router"]
2025-02-20 17:02:01,709 DEBUG    urllib3.connectionpool Starting new HTTPS connection (1): compute.googleapis.com:443
2025-02-20 17:02:02,067 DEBUG    urllib3.connectionpool https://compute.googleapis.com:443 "GET /compute/v1/projects/peppy-arcadia-432311-g5/regions/asia-northeast3/routers/gcp-router/getRouterStatus?alt=json HTTP/1.1" 200 None
2025-02-20 17:02:02,074 DEBUG    root            Chosen display Format:default
2025-02-20 17:02:02,075 INFO     root            Display format: "default"
2025-02-20 17:02:02,119 INFO     ___FILE_ONLY___ kind
2025-02-20 17:02:02,119 INFO     ___FILE_ONLY___ :
2025-02-20 17:02:02,119 INFO     ___FILE_ONLY___  
2025-02-20 17:02:02,119 INFO     ___FILE_ONLY___ compute#routerStatusResponse
2025-02-20 17:02:02,120 INFO     ___FILE_ONLY___ 

2025-02-20 17:02:02,120 INFO     ___FILE_ONLY___ result
2025-02-20 17:02:02,120 INFO     ___FILE_ONLY___ :
2025-02-20 17:02:02,120 INFO     ___FILE_ONLY___ 

2025-02-20 17:02:02,121 INFO     ___FILE_ONLY___   
2025-02-20 17:02:02,121 INFO     ___FILE_ONLY___ bestRoutes
2025-02-20 17:02:02,121 INFO     ___FILE_ONLY___ :
2025-02-20 17:02:02,121 INFO     ___FILE_ONLY___ 

2025-02-20 17:02:02,121 INFO     ___FILE_ONLY___   
2025-02-20 17:02:02,121 INFO     ___FILE_ONLY___ -
2025-02-20 17:02:02,122 INFO     ___FILE_ONLY___  
2025-02-20 17:02:02,122 INFO     ___FILE_ONLY___ asPaths
2025-02-20 17:02:02,122 INFO     ___FILE_ONLY___ :
2025-02-20 17:02:02,124 INFO     ___FILE_ONLY___ 

2025-02-20 17:02:02,124 INFO     ___FILE_ONLY___     
2025-02-20 17:02:02,124 INFO     ___FILE_ONLY___ -
2025-02-20 17:02:02,124 INFO     ___FILE_ONLY___  
2025-02-20 17:02:02,124 INFO     ___FILE_ONLY___ asLists
2025-02-20 17:02:02,124 INFO     ___FILE_ONLY___ :
2025-02-20 17:02:02,124 INFO     ___FILE_ONLY___ 

2025-02-20 17:02:02,125 INFO     ___FILE_ONLY___       
2025-02-20 17:02:02,125 INFO     ___FILE_ONLY___ -
2025-02-20 17:02:02,125 INFO     ___FILE_ONLY___  
2025-02-20 17:02:02,125 INFO     ___FILE_ONLY___ 64512
2025-02-20 17:02:02,125 INFO     ___FILE_ONLY___ 

2025-02-20 17:02:02,125 INFO     ___FILE_ONLY___       
2025-02-20 17:02:02,125 INFO     ___FILE_ONLY___ pathSegmentType
2025-02-20 17:02:02,126 INFO     ___FILE_ONLY___ :
2025-02-20 17:02:02,126 INFO     ___FILE_ONLY___  
2025-02-20 17:02:02,126 INFO     ___FILE_ONLY___ AS_SEQUENCE
2025-02-20 17:02:02,126 INFO     ___FILE_ONLY___ 

2025-02-20 17:02:02,126 INFO     ___FILE_ONLY___     
2025-02-20 17:02:02,126 INFO     ___FILE_ONLY___ creationTimestamp
2025-02-20 17:02:02,126 INFO     ___FILE_ONLY___ :
2025-02-20 17:02:02,126 INFO     ___FILE_ONLY___  '
2025-02-20 17:02:02,127 INFO     ___FILE_ONLY___ 2025-02-19T22:28:19.376-08:00
2025-02-20 17:02:02,127 INFO     ___FILE_ONLY___ '
2025-02-20 17:02:02,127 INFO     ___FILE_ONLY___ 

2025-02-20 17:02:02,127 INFO     ___FILE_ONLY___     
2025-02-20 17:02:02,127 INFO     ___FILE_ONLY___ destRange
2025-02-20 17:02:02,127 INFO     ___FILE_ONLY___ :
2025-02-20 17:02:02,127 INFO     ___FILE_ONLY___  
2025-02-20 17:02:02,127 INFO     ___FILE_ONLY___ 10.0.0.0/16
2025-02-20 17:02:02,127 INFO     ___FILE_ONLY___ 

2025-02-20 17:02:02,127 INFO     ___FILE_ONLY___     
2025-02-20 17:02:02,127 INFO     ___FILE_ONLY___ kind
2025-02-20 17:02:02,127 INFO     ___FILE_ONLY___ :
2025-02-20 17:02:02,127 INFO     ___FILE_ONLY___  
2025-02-20 17:02:02,127 INFO     ___FILE_ONLY___ compute#route
2025-02-20 17:02:02,127 INFO     ___FILE_ONLY___ 

2025-02-20 17:02:02,127 INFO     ___FILE_ONLY___     
2025-02-20 17:02:02,128 INFO     ___FILE_ONLY___ network
2025-02-20 17:02:02,128 INFO     ___FILE_ONLY___ :
2025-02-20 17:02:02,128 INFO     ___FILE_ONLY___  
2025-02-20 17:02:02,128 INFO     ___FILE_ONLY___ https://www.googleapis.com/compute/v1/projects/peppy-arcadia-432311-g5/global/networks/gcp-dr-vpc
2025-02-20 17:02:02,128 INFO     ___FILE_ONLY___ 

2025-02-20 17:02:02,128 INFO     ___FILE_ONLY___     
2025-02-20 17:02:02,128 INFO     ___FILE_ONLY___ nextHopIp
2025-02-20 17:02:02,128 INFO     ___FILE_ONLY___ :
2025-02-20 17:02:02,128 INFO     ___FILE_ONLY___  
2025-02-20 17:02:02,128 INFO     ___FILE_ONLY___ 169.254.112.1
2025-02-20 17:02:02,128 INFO     ___FILE_ONLY___ 

2025-02-20 17:02:02,128 INFO     ___FILE_ONLY___     
2025-02-20 17:02:02,128 INFO     ___FILE_ONLY___ nextHopOrigin
2025-02-20 17:02:02,128 INFO     ___FILE_ONLY___ :
2025-02-20 17:02:02,128 INFO     ___FILE_ONLY___  
2025-02-20 17:02:02,128 INFO     ___FILE_ONLY___ INCOMPLETE
2025-02-20 17:02:02,128 INFO     ___FILE_ONLY___ 

2025-02-20 17:02:02,128 INFO     ___FILE_ONLY___     
2025-02-20 17:02:02,129 INFO     ___FILE_ONLY___ nextHopVpnTunnel
2025-02-20 17:02:02,129 INFO     ___FILE_ONLY___ :
2025-02-20 17:02:02,129 INFO     ___FILE_ONLY___  
2025-02-20 17:02:02,129 INFO     ___FILE_ONLY___ https://www.googleapis.com/compute/v1/projects/peppy-arcadia-432311-g5/regions/asia-northeast3/vpnTunnels/aws-to-gcp-vpn-1
2025-02-20 17:02:02,129 INFO     ___FILE_ONLY___ 

2025-02-20 17:02:02,129 INFO     ___FILE_ONLY___     
2025-02-20 17:02:02,129 INFO     ___FILE_ONLY___ priority
2025-02-20 17:02:02,129 INFO     ___FILE_ONLY___ :
2025-02-20 17:02:02,129 INFO     ___FILE_ONLY___  
2025-02-20 17:02:02,129 INFO     ___FILE_ONLY___ 100
2025-02-20 17:02:02,129 INFO     ___FILE_ONLY___ 

2025-02-20 17:02:02,129 INFO     ___FILE_ONLY___     
2025-02-20 17:02:02,129 INFO     ___FILE_ONLY___ routeType
2025-02-20 17:02:02,129 INFO     ___FILE_ONLY___ :
2025-02-20 17:02:02,129 INFO     ___FILE_ONLY___  
2025-02-20 17:02:02,129 INFO     ___FILE_ONLY___ BGP
2025-02-20 17:02:02,129 INFO     ___FILE_ONLY___ 

2025-02-20 17:02:02,129 INFO     ___FILE_ONLY___   
2025-02-20 17:02:02,130 INFO     ___FILE_ONLY___ bestRoutesForRouter
2025-02-20 17:02:02,130 INFO     ___FILE_ONLY___ :
2025-02-20 17:02:02,130 INFO     ___FILE_ONLY___ 

2025-02-20 17:02:02,130 INFO     ___FILE_ONLY___   
2025-02-20 17:02:02,130 INFO     ___FILE_ONLY___ -
2025-02-20 17:02:02,130 INFO     ___FILE_ONLY___  
2025-02-20 17:02:02,130 INFO     ___FILE_ONLY___ asPaths
2025-02-20 17:02:02,130 INFO     ___FILE_ONLY___ :
2025-02-20 17:02:02,130 INFO     ___FILE_ONLY___ 

2025-02-20 17:02:02,130 INFO     ___FILE_ONLY___     
2025-02-20 17:02:02,130 INFO     ___FILE_ONLY___ -
2025-02-20 17:02:02,130 INFO     ___FILE_ONLY___  
2025-02-20 17:02:02,130 INFO     ___FILE_ONLY___ asLists
2025-02-20 17:02:02,130 INFO     ___FILE_ONLY___ :
2025-02-20 17:02:02,130 INFO     ___FILE_ONLY___ 

2025-02-20 17:02:02,130 INFO     ___FILE_ONLY___       
2025-02-20 17:02:02,130 INFO     ___FILE_ONLY___ -
2025-02-20 17:02:02,130 INFO     ___FILE_ONLY___  
2025-02-20 17:02:02,130 INFO     ___FILE_ONLY___ 64512
2025-02-20 17:02:02,142 INFO     ___FILE_ONLY___ 

2025-02-20 17:02:02,142 INFO     ___FILE_ONLY___       
2025-02-20 17:02:02,142 INFO     ___FILE_ONLY___ pathSegmentType
2025-02-20 17:02:02,142 INFO     ___FILE_ONLY___ :
2025-02-20 17:02:02,142 INFO     ___FILE_ONLY___  
2025-02-20 17:02:02,142 INFO     ___FILE_ONLY___ AS_SEQUENCE
2025-02-20 17:02:02,142 INFO     ___FILE_ONLY___ 

2025-02-20 17:02:02,142 INFO     ___FILE_ONLY___     
2025-02-20 17:02:02,143 INFO     ___FILE_ONLY___ creationTimestamp
2025-02-20 17:02:02,143 INFO     ___FILE_ONLY___ :
2025-02-20 17:02:02,143 INFO     ___FILE_ONLY___  '
2025-02-20 17:02:02,143 INFO     ___FILE_ONLY___ 2025-02-19T22:27:11.166-08:00
2025-02-20 17:02:02,143 INFO     ___FILE_ONLY___ '
2025-02-20 17:02:02,143 INFO     ___FILE_ONLY___ 

2025-02-20 17:02:02,143 INFO     ___FILE_ONLY___     
2025-02-20 17:02:02,143 INFO     ___FILE_ONLY___ destRange
2025-02-20 17:02:02,143 INFO     ___FILE_ONLY___ :
2025-02-20 17:02:02,143 INFO     ___FILE_ONLY___  
2025-02-20 17:02:02,143 INFO     ___FILE_ONLY___ 10.0.0.0/16
2025-02-20 17:02:02,143 INFO     ___FILE_ONLY___ 

2025-02-20 17:02:02,143 INFO     ___FILE_ONLY___     
2025-02-20 17:02:02,143 INFO     ___FILE_ONLY___ kind
2025-02-20 17:02:02,143 INFO     ___FILE_ONLY___ :
2025-02-20 17:02:02,143 INFO     ___FILE_ONLY___  
2025-02-20 17:02:02,144 INFO     ___FILE_ONLY___ compute#route
2025-02-20 17:02:02,144 INFO     ___FILE_ONLY___ 

2025-02-20 17:02:02,144 INFO     ___FILE_ONLY___     
2025-02-20 17:02:02,144 INFO     ___FILE_ONLY___ network
2025-02-20 17:02:02,144 INFO     ___FILE_ONLY___ :
2025-02-20 17:02:02,144 INFO     ___FILE_ONLY___  
2025-02-20 17:02:02,144 INFO     ___FILE_ONLY___ https://www.googleapis.com/compute/v1/projects/peppy-arcadia-432311-g5/global/networks/gcp-dr-vpc
2025-02-20 17:02:02,144 INFO     ___FILE_ONLY___ 

2025-02-20 17:02:02,144 INFO     ___FILE_ONLY___     
2025-02-20 17:02:02,144 INFO     ___FILE_ONLY___ nextHopIp
2025-02-20 17:02:02,144 INFO     ___FILE_ONLY___ :
2025-02-20 17:02:02,144 INFO     ___FILE_ONLY___  
2025-02-20 17:02:02,144 INFO     ___FILE_ONLY___ 169.254.112.1
2025-02-20 17:02:02,144 INFO     ___FILE_ONLY___ 

2025-02-20 17:02:02,145 INFO     ___FILE_ONLY___     
2025-02-20 17:02:02,145 INFO     ___FILE_ONLY___ nextHopOrigin
2025-02-20 17:02:02,145 INFO     ___FILE_ONLY___ :
2025-02-20 17:02:02,145 INFO     ___FILE_ONLY___  
2025-02-20 17:02:02,145 INFO     ___FILE_ONLY___ INCOMPLETE
2025-02-20 17:02:02,145 INFO     ___FILE_ONLY___ 

2025-02-20 17:02:02,145 INFO     ___FILE_ONLY___     
2025-02-20 17:02:02,145 INFO     ___FILE_ONLY___ nextHopVpnTunnel
2025-02-20 17:02:02,145 INFO     ___FILE_ONLY___ :
2025-02-20 17:02:02,145 INFO     ___FILE_ONLY___  
2025-02-20 17:02:02,145 INFO     ___FILE_ONLY___ https://www.googleapis.com/compute/v1/projects/peppy-arcadia-432311-g5/regions/asia-northeast3/vpnTunnels/aws-to-gcp-vpn-1
2025-02-20 17:02:02,145 INFO     ___FILE_ONLY___ 

2025-02-20 17:02:02,145 INFO     ___FILE_ONLY___     
2025-02-20 17:02:02,145 INFO     ___FILE_ONLY___ priority
2025-02-20 17:02:02,145 INFO     ___FILE_ONLY___ :
2025-02-20 17:02:02,146 INFO     ___FILE_ONLY___  
2025-02-20 17:02:02,146 INFO     ___FILE_ONLY___ 100
2025-02-20 17:02:02,146 INFO     ___FILE_ONLY___ 

2025-02-20 17:02:02,146 INFO     ___FILE_ONLY___     
2025-02-20 17:02:02,146 INFO     ___FILE_ONLY___ routeStatus
2025-02-20 17:02:02,146 INFO     ___FILE_ONLY___ :
2025-02-20 17:02:02,146 INFO     ___FILE_ONLY___  
2025-02-20 17:02:02,146 INFO     ___FILE_ONLY___ ACTIVE
2025-02-20 17:02:02,146 INFO     ___FILE_ONLY___ 

2025-02-20 17:02:02,146 INFO     ___FILE_ONLY___     
2025-02-20 17:02:02,146 INFO     ___FILE_ONLY___ routeType
2025-02-20 17:02:02,146 INFO     ___FILE_ONLY___ :
2025-02-20 17:02:02,146 INFO     ___FILE_ONLY___  
2025-02-20 17:02:02,146 INFO     ___FILE_ONLY___ BGP
2025-02-20 17:02:02,146 INFO     ___FILE_ONLY___ 

2025-02-20 17:02:02,146 INFO     ___FILE_ONLY___   
2025-02-20 17:02:02,146 INFO     ___FILE_ONLY___ bgpPeerStatus
2025-02-20 17:02:02,146 INFO     ___FILE_ONLY___ :
2025-02-20 17:02:02,147 INFO     ___FILE_ONLY___ 

2025-02-20 17:02:02,147 INFO     ___FILE_ONLY___   
2025-02-20 17:02:02,147 INFO     ___FILE_ONLY___ -
2025-02-20 17:02:02,147 INFO     ___FILE_ONLY___  
2025-02-20 17:02:02,147 INFO     ___FILE_ONLY___ advertisedRoutes
2025-02-20 17:02:02,147 INFO     ___FILE_ONLY___ :
2025-02-20 17:02:02,147 INFO     ___FILE_ONLY___ 

2025-02-20 17:02:02,147 INFO     ___FILE_ONLY___     
2025-02-20 17:02:02,147 INFO     ___FILE_ONLY___ -
2025-02-20 17:02:02,147 INFO     ___FILE_ONLY___  
2025-02-20 17:02:02,147 INFO     ___FILE_ONLY___ destRange
2025-02-20 17:02:02,147 INFO     ___FILE_ONLY___ :
2025-02-20 17:02:02,147 INFO     ___FILE_ONLY___  
2025-02-20 17:02:02,147 INFO     ___FILE_ONLY___ 10.200.0.0/16
2025-02-20 17:02:02,147 INFO     ___FILE_ONLY___ 

2025-02-20 17:02:02,147 INFO     ___FILE_ONLY___       
2025-02-20 17:02:02,147 INFO     ___FILE_ONLY___ kind
2025-02-20 17:02:02,147 INFO     ___FILE_ONLY___ :
2025-02-20 17:02:02,148 INFO     ___FILE_ONLY___  
2025-02-20 17:02:02,148 INFO     ___FILE_ONLY___ compute#route
2025-02-20 17:02:02,148 INFO     ___FILE_ONLY___ 

2025-02-20 17:02:02,148 INFO     ___FILE_ONLY___       
2025-02-20 17:02:02,148 INFO     ___FILE_ONLY___ network
2025-02-20 17:02:02,148 INFO     ___FILE_ONLY___ :
2025-02-20 17:02:02,148 INFO     ___FILE_ONLY___  
2025-02-20 17:02:02,148 INFO     ___FILE_ONLY___ https://www.googleapis.com/compute/v1/projects/peppy-arcadia-432311-g5/global/networks/gcp-dr-vpc
2025-02-20 17:02:02,148 INFO     ___FILE_ONLY___ 

2025-02-20 17:02:02,148 INFO     ___FILE_ONLY___       
2025-02-20 17:02:02,148 INFO     ___FILE_ONLY___ nextHopIp
2025-02-20 17:02:02,148 INFO     ___FILE_ONLY___ :
2025-02-20 17:02:02,148 INFO     ___FILE_ONLY___  
2025-02-20 17:02:02,148 INFO     ___FILE_ONLY___ 169.254.112.2
2025-02-20 17:02:02,148 INFO     ___FILE_ONLY___ 

2025-02-20 17:02:02,148 INFO     ___FILE_ONLY___       
2025-02-20 17:02:02,148 INFO     ___FILE_ONLY___ nextHopOrigin
2025-02-20 17:02:02,148 INFO     ___FILE_ONLY___ :
2025-02-20 17:02:02,149 INFO     ___FILE_ONLY___  
2025-02-20 17:02:02,149 INFO     ___FILE_ONLY___ INCOMPLETE
2025-02-20 17:02:02,149 INFO     ___FILE_ONLY___ 

2025-02-20 17:02:02,149 INFO     ___FILE_ONLY___       
2025-02-20 17:02:02,154 INFO     ___FILE_ONLY___ nextHopVpnTunnel
2025-02-20 17:02:02,161 INFO     ___FILE_ONLY___ :
2025-02-20 17:02:02,161 INFO     ___FILE_ONLY___  
2025-02-20 17:02:02,161 INFO     ___FILE_ONLY___ https://www.googleapis.com/compute/v1/projects/peppy-arcadia-432311-g5/regions/asia-northeast3/vpnTunnels/aws-to-gcp-vpn-1
2025-02-20 17:02:02,161 INFO     ___FILE_ONLY___ 

2025-02-20 17:02:02,162 INFO     ___FILE_ONLY___       
2025-02-20 17:02:02,162 INFO     ___FILE_ONLY___ priority
2025-02-20 17:02:02,162 INFO     ___FILE_ONLY___ :
2025-02-20 17:02:02,162 INFO     ___FILE_ONLY___  
2025-02-20 17:02:02,162 INFO     ___FILE_ONLY___ 100
2025-02-20 17:02:02,162 INFO     ___FILE_ONLY___ 

2025-02-20 17:02:02,162 INFO     ___FILE_ONLY___       
2025-02-20 17:02:02,162 INFO     ___FILE_ONLY___ routeType
2025-02-20 17:02:02,162 INFO     ___FILE_ONLY___ :
2025-02-20 17:02:02,163 INFO     ___FILE_ONLY___  
2025-02-20 17:02:02,163 INFO     ___FILE_ONLY___ BGP
2025-02-20 17:02:02,163 INFO     ___FILE_ONLY___ 

2025-02-20 17:02:02,163 INFO     ___FILE_ONLY___     
2025-02-20 17:02:02,163 INFO     ___FILE_ONLY___ -
2025-02-20 17:02:02,163 INFO     ___FILE_ONLY___  
2025-02-20 17:02:02,163 INFO     ___FILE_ONLY___ destRange
2025-02-20 17:02:02,163 INFO     ___FILE_ONLY___ :
2025-02-20 17:02:02,163 INFO     ___FILE_ONLY___  
2025-02-20 17:02:02,163 INFO     ___FILE_ONLY___ 10.10.0.0/24
2025-02-20 17:02:02,163 INFO     ___FILE_ONLY___ 

2025-02-20 17:02:02,163 INFO     ___FILE_ONLY___       
2025-02-20 17:02:02,164 INFO     ___FILE_ONLY___ kind
2025-02-20 17:02:02,164 INFO     ___FILE_ONLY___ :
2025-02-20 17:02:02,164 INFO     ___FILE_ONLY___  
2025-02-20 17:02:02,164 INFO     ___FILE_ONLY___ compute#route
2025-02-20 17:02:02,164 INFO     ___FILE_ONLY___ 

2025-02-20 17:02:02,164 INFO     ___FILE_ONLY___       
2025-02-20 17:02:02,164 INFO     ___FILE_ONLY___ network
2025-02-20 17:02:02,164 INFO     ___FILE_ONLY___ :
2025-02-20 17:02:02,165 INFO     ___FILE_ONLY___  
2025-02-20 17:02:02,165 INFO     ___FILE_ONLY___ https://www.googleapis.com/compute/v1/projects/peppy-arcadia-432311-g5/global/networks/gcp-dr-vpc
2025-02-20 17:02:02,165 INFO     ___FILE_ONLY___ 

2025-02-20 17:02:02,165 INFO     ___FILE_ONLY___       
2025-02-20 17:02:02,165 INFO     ___FILE_ONLY___ nextHopIp
2025-02-20 17:02:02,165 INFO     ___FILE_ONLY___ :
2025-02-20 17:02:02,165 INFO     ___FILE_ONLY___  
2025-02-20 17:02:02,165 INFO     ___FILE_ONLY___ 169.254.112.2
2025-02-20 17:02:02,165 INFO     ___FILE_ONLY___ 

2025-02-20 17:02:02,165 INFO     ___FILE_ONLY___       
2025-02-20 17:02:02,166 INFO     ___FILE_ONLY___ nextHopOrigin
2025-02-20 17:02:02,166 INFO     ___FILE_ONLY___ :
2025-02-20 17:02:02,166 INFO     ___FILE_ONLY___  
2025-02-20 17:02:02,166 INFO     ___FILE_ONLY___ INCOMPLETE
2025-02-20 17:02:02,166 INFO     ___FILE_ONLY___ 

2025-02-20 17:02:02,166 INFO     ___FILE_ONLY___       
2025-02-20 17:02:02,166 INFO     ___FILE_ONLY___ nextHopVpnTunnel
2025-02-20 17:02:02,166 INFO     ___FILE_ONLY___ :
2025-02-20 17:02:02,166 INFO     ___FILE_ONLY___  
2025-02-20 17:02:02,166 INFO     ___FILE_ONLY___ https://www.googleapis.com/compute/v1/projects/peppy-arcadia-432311-g5/regions/asia-northeast3/vpnTunnels/aws-to-gcp-vpn-1
2025-02-20 17:02:02,166 INFO     ___FILE_ONLY___ 

2025-02-20 17:02:02,166 INFO     ___FILE_ONLY___       
2025-02-20 17:02:02,167 INFO     ___FILE_ONLY___ priority
2025-02-20 17:02:02,167 INFO     ___FILE_ONLY___ :
2025-02-20 17:02:02,167 INFO     ___FILE_ONLY___  
2025-02-20 17:02:02,167 INFO     ___FILE_ONLY___ 100
2025-02-20 17:02:02,167 INFO     ___FILE_ONLY___ 

2025-02-20 17:02:02,167 INFO     ___FILE_ONLY___       
2025-02-20 17:02:02,167 INFO     ___FILE_ONLY___ routeType
2025-02-20 17:02:02,167 INFO     ___FILE_ONLY___ :
2025-02-20 17:02:02,167 INFO     ___FILE_ONLY___  
2025-02-20 17:02:02,167 INFO     ___FILE_ONLY___ BGP
2025-02-20 17:02:02,167 INFO     ___FILE_ONLY___ 

2025-02-20 17:02:02,167 INFO     ___FILE_ONLY___     
2025-02-20 17:02:02,167 INFO     ___FILE_ONLY___ -
2025-02-20 17:02:02,167 INFO     ___FILE_ONLY___  
2025-02-20 17:02:02,167 INFO     ___FILE_ONLY___ destRange
2025-02-20 17:02:02,167 INFO     ___FILE_ONLY___ :
2025-02-20 17:02:02,167 INFO     ___FILE_ONLY___  
2025-02-20 17:02:02,167 INFO     ___FILE_ONLY___ 10.10.1.0/24
2025-02-20 17:02:02,167 INFO     ___FILE_ONLY___ 

2025-02-20 17:02:02,168 INFO     ___FILE_ONLY___       
2025-02-20 17:02:02,168 INFO     ___FILE_ONLY___ kind
2025-02-20 17:02:02,168 INFO     ___FILE_ONLY___ :
2025-02-20 17:02:02,168 INFO     ___FILE_ONLY___  
2025-02-20 17:02:02,168 INFO     ___FILE_ONLY___ compute#route
2025-02-20 17:02:02,168 INFO     ___FILE_ONLY___ 

2025-02-20 17:02:02,168 INFO     ___FILE_ONLY___       
2025-02-20 17:02:02,168 INFO     ___FILE_ONLY___ network
2025-02-20 17:02:02,168 INFO     ___FILE_ONLY___ :
2025-02-20 17:02:02,168 INFO     ___FILE_ONLY___  
2025-02-20 17:02:02,168 INFO     ___FILE_ONLY___ https://www.googleapis.com/compute/v1/projects/peppy-arcadia-432311-g5/global/networks/gcp-dr-vpc
2025-02-20 17:02:02,168 INFO     ___FILE_ONLY___ 

2025-02-20 17:02:02,168 INFO     ___FILE_ONLY___       
2025-02-20 17:02:02,168 INFO     ___FILE_ONLY___ nextHopIp
2025-02-20 17:02:02,169 INFO     ___FILE_ONLY___ :
2025-02-20 17:02:02,169 INFO     ___FILE_ONLY___  
2025-02-20 17:02:02,169 INFO     ___FILE_ONLY___ 169.254.112.2
2025-02-20 17:02:02,169 INFO     ___FILE_ONLY___ 

2025-02-20 17:02:02,170 INFO     ___FILE_ONLY___       
2025-02-20 17:02:02,170 INFO     ___FILE_ONLY___ nextHopOrigin
2025-02-20 17:02:02,171 INFO     ___FILE_ONLY___ :
2025-02-20 17:02:02,171 INFO     ___FILE_ONLY___  
2025-02-20 17:02:02,171 INFO     ___FILE_ONLY___ INCOMPLETE
2025-02-20 17:02:02,171 INFO     ___FILE_ONLY___ 

2025-02-20 17:02:02,171 INFO     ___FILE_ONLY___       
2025-02-20 17:02:02,171 INFO     ___FILE_ONLY___ nextHopVpnTunnel
2025-02-20 17:02:02,171 INFO     ___FILE_ONLY___ :
2025-02-20 17:02:02,171 INFO     ___FILE_ONLY___  
2025-02-20 17:02:02,171 INFO     ___FILE_ONLY___ https://www.googleapis.com/compute/v1/projects/peppy-arcadia-432311-g5/regions/asia-northeast3/vpnTunnels/aws-to-gcp-vpn-1
2025-02-20 17:02:02,171 INFO     ___FILE_ONLY___ 

2025-02-20 17:02:02,171 INFO     ___FILE_ONLY___       
2025-02-20 17:02:02,172 INFO     ___FILE_ONLY___ priority
2025-02-20 17:02:02,172 INFO     ___FILE_ONLY___ :
2025-02-20 17:02:02,172 INFO     ___FILE_ONLY___  
2025-02-20 17:02:02,172 INFO     ___FILE_ONLY___ 100
2025-02-20 17:02:02,172 INFO     ___FILE_ONLY___ 

2025-02-20 17:02:02,172 INFO     ___FILE_ONLY___       
2025-02-20 17:02:02,172 INFO     ___FILE_ONLY___ routeType
2025-02-20 17:02:02,172 INFO     ___FILE_ONLY___ :
2025-02-20 17:02:02,172 INFO     ___FILE_ONLY___  
2025-02-20 17:02:02,172 INFO     ___FILE_ONLY___ BGP
2025-02-20 17:02:02,172 INFO     ___FILE_ONLY___ 

2025-02-20 17:02:02,172 INFO     ___FILE_ONLY___     
2025-02-20 17:02:02,173 INFO     ___FILE_ONLY___ enableIpv4
2025-02-20 17:02:02,173 INFO     ___FILE_ONLY___ :
2025-02-20 17:02:02,173 INFO     ___FILE_ONLY___  
2025-02-20 17:02:02,173 INFO     ___FILE_ONLY___ true
2025-02-20 17:02:02,173 INFO     ___FILE_ONLY___ 

2025-02-20 17:02:02,178 INFO     ___FILE_ONLY___     
2025-02-20 17:02:02,178 INFO     ___FILE_ONLY___ enableIpv6
2025-02-20 17:02:02,178 INFO     ___FILE_ONLY___ :
2025-02-20 17:02:02,178 INFO     ___FILE_ONLY___  
2025-02-20 17:02:02,178 INFO     ___FILE_ONLY___ false
2025-02-20 17:02:02,178 INFO     ___FILE_ONLY___ 

2025-02-20 17:02:02,179 INFO     ___FILE_ONLY___     
2025-02-20 17:02:02,179 INFO     ___FILE_ONLY___ ipAddress
2025-02-20 17:02:02,179 INFO     ___FILE_ONLY___ :
2025-02-20 17:02:02,180 INFO     ___FILE_ONLY___  
2025-02-20 17:02:02,180 INFO     ___FILE_ONLY___ 169.254.112.2
2025-02-20 17:02:02,180 INFO     ___FILE_ONLY___ 

2025-02-20 17:02:02,180 INFO     ___FILE_ONLY___     
2025-02-20 17:02:02,180 INFO     ___FILE_ONLY___ linkedVpnTunnel
2025-02-20 17:02:02,181 INFO     ___FILE_ONLY___ :
2025-02-20 17:02:02,181 INFO     ___FILE_ONLY___  
2025-02-20 17:02:02,181 INFO     ___FILE_ONLY___ https://www.googleapis.com/compute/v1/projects/peppy-arcadia-432311-g5/regions/asia-northeast3/vpnTunnels/aws-to-gcp-vpn-1
2025-02-20 17:02:02,181 INFO     ___FILE_ONLY___ 

2025-02-20 17:02:02,181 INFO     ___FILE_ONLY___     
2025-02-20 17:02:02,181 INFO     ___FILE_ONLY___ md5AuthEnabled
2025-02-20 17:02:02,181 INFO     ___FILE_ONLY___ :
2025-02-20 17:02:02,181 INFO     ___FILE_ONLY___  
2025-02-20 17:02:02,182 INFO     ___FILE_ONLY___ false
2025-02-20 17:02:02,182 INFO     ___FILE_ONLY___ 

2025-02-20 17:02:02,182 INFO     ___FILE_ONLY___     
2025-02-20 17:02:02,182 INFO     ___FILE_ONLY___ name
2025-02-20 17:02:02,182 INFO     ___FILE_ONLY___ :
2025-02-20 17:02:02,182 INFO     ___FILE_ONLY___  
2025-02-20 17:02:02,182 INFO     ___FILE_ONLY___ aws-bgp-peer-1
2025-02-20 17:02:02,182 INFO     ___FILE_ONLY___ 

2025-02-20 17:02:02,182 INFO     ___FILE_ONLY___     
2025-02-20 17:02:02,182 INFO     ___FILE_ONLY___ numLearnedRoutes
2025-02-20 17:02:02,183 INFO     ___FILE_ONLY___ :
2025-02-20 17:02:02,183 INFO     ___FILE_ONLY___  
2025-02-20 17:02:02,183 INFO     ___FILE_ONLY___ 1
2025-02-20 17:02:02,183 INFO     ___FILE_ONLY___ 

2025-02-20 17:02:02,183 INFO     ___FILE_ONLY___     
2025-02-20 17:02:02,183 INFO     ___FILE_ONLY___ peerIpAddress
2025-02-20 17:02:02,183 INFO     ___FILE_ONLY___ :
2025-02-20 17:02:02,183 INFO     ___FILE_ONLY___  
2025-02-20 17:02:02,183 INFO     ___FILE_ONLY___ 169.254.112.1
2025-02-20 17:02:02,183 INFO     ___FILE_ONLY___ 

2025-02-20 17:02:02,183 INFO     ___FILE_ONLY___     
2025-02-20 17:02:02,184 INFO     ___FILE_ONLY___ state
2025-02-20 17:02:02,184 INFO     ___FILE_ONLY___ :
2025-02-20 17:02:02,184 INFO     ___FILE_ONLY___  
2025-02-20 17:02:02,184 INFO     ___FILE_ONLY___ Established
2025-02-20 17:02:02,184 INFO     ___FILE_ONLY___ 

2025-02-20 17:02:02,184 INFO     ___FILE_ONLY___     
2025-02-20 17:02:02,184 INFO     ___FILE_ONLY___ status
2025-02-20 17:02:02,184 INFO     ___FILE_ONLY___ :
2025-02-20 17:02:02,184 INFO     ___FILE_ONLY___  
2025-02-20 17:02:02,184 INFO     ___FILE_ONLY___ UP
2025-02-20 17:02:02,184 INFO     ___FILE_ONLY___ 

2025-02-20 17:02:02,184 INFO     ___FILE_ONLY___     
2025-02-20 17:02:02,185 INFO     ___FILE_ONLY___ uptime
2025-02-20 17:02:02,185 INFO     ___FILE_ONLY___ :
2025-02-20 17:02:02,185 INFO     ___FILE_ONLY___  
2025-02-20 17:02:02,185 INFO     ___FILE_ONLY___ 1
2025-02-20 17:02:02,185 INFO     ___FILE_ONLY___  
2025-02-20 17:02:02,185 INFO     ___FILE_ONLY___ hours,
2025-02-20 17:02:02,185 INFO     ___FILE_ONLY___  
2025-02-20 17:02:02,185 INFO     ___FILE_ONLY___ 41
2025-02-20 17:02:02,185 INFO     ___FILE_ONLY___  
2025-02-20 17:02:02,185 INFO     ___FILE_ONLY___ minutes,
2025-02-20 17:02:02,185 INFO     ___FILE_ONLY___  
2025-02-20 17:02:02,185 INFO     ___FILE_ONLY___ 27
2025-02-20 17:02:02,185 INFO     ___FILE_ONLY___  
2025-02-20 17:02:02,185 INFO     ___FILE_ONLY___ seconds
2025-02-20 17:02:02,185 INFO     ___FILE_ONLY___ 

2025-02-20 17:02:02,185 INFO     ___FILE_ONLY___     
2025-02-20 17:02:02,185 INFO     ___FILE_ONLY___ uptimeSeconds
2025-02-20 17:02:02,185 INFO     ___FILE_ONLY___ :
2025-02-20 17:02:02,185 INFO     ___FILE_ONLY___  '
2025-02-20 17:02:02,186 INFO     ___FILE_ONLY___ 6087
2025-02-20 17:02:02,186 INFO     ___FILE_ONLY___ '
2025-02-20 17:02:02,186 INFO     ___FILE_ONLY___ 

2025-02-20 17:02:02,186 INFO     ___FILE_ONLY___   
2025-02-20 17:02:02,186 INFO     ___FILE_ONLY___ -
2025-02-20 17:02:02,186 INFO     ___FILE_ONLY___  
2025-02-20 17:02:02,188 INFO     ___FILE_ONLY___ advertisedRoutes
2025-02-20 17:02:02,188 INFO     ___FILE_ONLY___ :
2025-02-20 17:02:02,189 INFO     ___FILE_ONLY___ 

2025-02-20 17:02:02,189 INFO     ___FILE_ONLY___     
2025-02-20 17:02:02,189 INFO     ___FILE_ONLY___ -
2025-02-20 17:02:02,189 INFO     ___FILE_ONLY___  
2025-02-20 17:02:02,189 INFO     ___FILE_ONLY___ destRange
2025-02-20 17:02:02,189 INFO     ___FILE_ONLY___ :
2025-02-20 17:02:02,189 INFO     ___FILE_ONLY___  
2025-02-20 17:02:02,190 INFO     ___FILE_ONLY___ 10.200.0.0/16
2025-02-20 17:02:02,190 INFO     ___FILE_ONLY___ 

2025-02-20 17:02:02,190 INFO     ___FILE_ONLY___       
2025-02-20 17:02:02,190 INFO     ___FILE_ONLY___ kind
2025-02-20 17:02:02,190 INFO     ___FILE_ONLY___ :
2025-02-20 17:02:02,190 INFO     ___FILE_ONLY___  
2025-02-20 17:02:02,190 INFO     ___FILE_ONLY___ compute#route
2025-02-20 17:02:02,191 INFO     ___FILE_ONLY___ 

2025-02-20 17:02:02,191 INFO     ___FILE_ONLY___       
2025-02-20 17:02:02,191 INFO     ___FILE_ONLY___ network
2025-02-20 17:02:02,191 INFO     ___FILE_ONLY___ :
2025-02-20 17:02:02,191 INFO     ___FILE_ONLY___  
2025-02-20 17:02:02,191 INFO     ___FILE_ONLY___ https://www.googleapis.com/compute/v1/projects/peppy-arcadia-432311-g5/global/networks/gcp-dr-vpc
2025-02-20 17:02:02,191 INFO     ___FILE_ONLY___ 

2025-02-20 17:02:02,191 INFO     ___FILE_ONLY___       
2025-02-20 17:02:02,191 INFO     ___FILE_ONLY___ nextHopIp
2025-02-20 17:02:02,191 INFO     ___FILE_ONLY___ :
2025-02-20 17:02:02,191 INFO     ___FILE_ONLY___  
2025-02-20 17:02:02,192 INFO     ___FILE_ONLY___ 169.254.14.6
2025-02-20 17:02:02,196 INFO     ___FILE_ONLY___ 

2025-02-20 17:02:02,197 INFO     ___FILE_ONLY___       
2025-02-20 17:02:02,197 INFO     ___FILE_ONLY___ nextHopOrigin
2025-02-20 17:02:02,197 INFO     ___FILE_ONLY___ :
2025-02-20 17:02:02,197 INFO     ___FILE_ONLY___  
2025-02-20 17:02:02,197 INFO     ___FILE_ONLY___ INCOMPLETE
2025-02-20 17:02:02,197 INFO     ___FILE_ONLY___ 

2025-02-20 17:02:02,197 INFO     ___FILE_ONLY___       
2025-02-20 17:02:02,197 INFO     ___FILE_ONLY___ nextHopVpnTunnel
2025-02-20 17:02:02,197 INFO     ___FILE_ONLY___ :
2025-02-20 17:02:02,197 INFO     ___FILE_ONLY___  
2025-02-20 17:02:02,197 INFO     ___FILE_ONLY___ https://www.googleapis.com/compute/v1/projects/peppy-arcadia-432311-g5/regions/asia-northeast3/vpnTunnels/aws-to-gcp-vpn-2
2025-02-20 17:02:02,197 INFO     ___FILE_ONLY___ 

2025-02-20 17:02:02,198 INFO     ___FILE_ONLY___       
2025-02-20 17:02:02,198 INFO     ___FILE_ONLY___ priority
2025-02-20 17:02:02,198 INFO     ___FILE_ONLY___ :
2025-02-20 17:02:02,198 INFO     ___FILE_ONLY___  
2025-02-20 17:02:02,198 INFO     ___FILE_ONLY___ 100
2025-02-20 17:02:02,198 INFO     ___FILE_ONLY___ 

2025-02-20 17:02:02,198 INFO     ___FILE_ONLY___       
2025-02-20 17:02:02,198 INFO     ___FILE_ONLY___ routeType
2025-02-20 17:02:02,198 INFO     ___FILE_ONLY___ :
2025-02-20 17:02:02,199 INFO     ___FILE_ONLY___  
2025-02-20 17:02:02,199 INFO     ___FILE_ONLY___ BGP
2025-02-20 17:02:02,199 INFO     ___FILE_ONLY___ 

2025-02-20 17:02:02,199 INFO     ___FILE_ONLY___     
2025-02-20 17:02:02,199 INFO     ___FILE_ONLY___ -
2025-02-20 17:02:02,199 INFO     ___FILE_ONLY___  
2025-02-20 17:02:02,199 INFO     ___FILE_ONLY___ destRange
2025-02-20 17:02:02,199 INFO     ___FILE_ONLY___ :
2025-02-20 17:02:02,199 INFO     ___FILE_ONLY___  
2025-02-20 17:02:02,199 INFO     ___FILE_ONLY___ 10.10.0.0/24
2025-02-20 17:02:02,199 INFO     ___FILE_ONLY___ 

2025-02-20 17:02:02,199 INFO     ___FILE_ONLY___       
2025-02-20 17:02:02,200 INFO     ___FILE_ONLY___ kind
2025-02-20 17:02:02,200 INFO     ___FILE_ONLY___ :
2025-02-20 17:02:02,200 INFO     ___FILE_ONLY___  
2025-02-20 17:02:02,200 INFO     ___FILE_ONLY___ compute#route
2025-02-20 17:02:02,200 INFO     ___FILE_ONLY___ 

2025-02-20 17:02:02,200 INFO     ___FILE_ONLY___       
2025-02-20 17:02:02,200 INFO     ___FILE_ONLY___ network
2025-02-20 17:02:02,200 INFO     ___FILE_ONLY___ :
2025-02-20 17:02:02,200 INFO     ___FILE_ONLY___  
2025-02-20 17:02:02,200 INFO     ___FILE_ONLY___ https://www.googleapis.com/compute/v1/projects/peppy-arcadia-432311-g5/global/networks/gcp-dr-vpc
2025-02-20 17:02:02,200 INFO     ___FILE_ONLY___ 

2025-02-20 17:02:02,201 INFO     ___FILE_ONLY___       
2025-02-20 17:02:02,201 INFO     ___FILE_ONLY___ nextHopIp
2025-02-20 17:02:02,201 INFO     ___FILE_ONLY___ :
2025-02-20 17:02:02,201 INFO     ___FILE_ONLY___  
2025-02-20 17:02:02,201 INFO     ___FILE_ONLY___ 169.254.14.6
2025-02-20 17:02:02,201 INFO     ___FILE_ONLY___ 

2025-02-20 17:02:02,201 INFO     ___FILE_ONLY___       
2025-02-20 17:02:02,201 INFO     ___FILE_ONLY___ nextHopOrigin
2025-02-20 17:02:02,201 INFO     ___FILE_ONLY___ :
2025-02-20 17:02:02,201 INFO     ___FILE_ONLY___  
2025-02-20 17:02:02,201 INFO     ___FILE_ONLY___ INCOMPLETE
2025-02-20 17:02:02,201 INFO     ___FILE_ONLY___ 

2025-02-20 17:02:02,201 INFO     ___FILE_ONLY___       
2025-02-20 17:02:02,201 INFO     ___FILE_ONLY___ nextHopVpnTunnel
2025-02-20 17:02:02,201 INFO     ___FILE_ONLY___ :
2025-02-20 17:02:02,201 INFO     ___FILE_ONLY___  
2025-02-20 17:02:02,201 INFO     ___FILE_ONLY___ https://www.googleapis.com/compute/v1/projects/peppy-arcadia-432311-g5/regions/asia-northeast3/vpnTunnels/aws-to-gcp-vpn-2
2025-02-20 17:02:02,202 INFO     ___FILE_ONLY___ 

2025-02-20 17:02:02,202 INFO     ___FILE_ONLY___       
2025-02-20 17:02:02,202 INFO     ___FILE_ONLY___ priority
2025-02-20 17:02:02,202 INFO     ___FILE_ONLY___ :
2025-02-20 17:02:02,202 INFO     ___FILE_ONLY___  
2025-02-20 17:02:02,202 INFO     ___FILE_ONLY___ 100
2025-02-20 17:02:02,202 INFO     ___FILE_ONLY___ 

2025-02-20 17:02:02,202 INFO     ___FILE_ONLY___       
2025-02-20 17:02:02,202 INFO     ___FILE_ONLY___ routeType
2025-02-20 17:02:02,202 INFO     ___FILE_ONLY___ :
2025-02-20 17:02:02,202 INFO     ___FILE_ONLY___  
2025-02-20 17:02:02,202 INFO     ___FILE_ONLY___ BGP
2025-02-20 17:02:02,202 INFO     ___FILE_ONLY___ 

2025-02-20 17:02:02,202 INFO     ___FILE_ONLY___     
2025-02-20 17:02:02,202 INFO     ___FILE_ONLY___ -
2025-02-20 17:02:02,202 INFO     ___FILE_ONLY___  
2025-02-20 17:02:02,202 INFO     ___FILE_ONLY___ destRange
2025-02-20 17:02:02,202 INFO     ___FILE_ONLY___ :
2025-02-20 17:02:02,203 INFO     ___FILE_ONLY___  
2025-02-20 17:02:02,203 INFO     ___FILE_ONLY___ 10.10.1.0/24
2025-02-20 17:02:02,203 INFO     ___FILE_ONLY___ 

2025-02-20 17:02:02,203 INFO     ___FILE_ONLY___       
2025-02-20 17:02:02,203 INFO     ___FILE_ONLY___ kind
2025-02-20 17:02:02,203 INFO     ___FILE_ONLY___ :
2025-02-20 17:02:02,203 INFO     ___FILE_ONLY___  
2025-02-20 17:02:02,203 INFO     ___FILE_ONLY___ compute#route
2025-02-20 17:02:02,203 INFO     ___FILE_ONLY___ 

2025-02-20 17:02:02,203 INFO     ___FILE_ONLY___       
2025-02-20 17:02:02,203 INFO     ___FILE_ONLY___ network
2025-02-20 17:02:02,203 INFO     ___FILE_ONLY___ :
2025-02-20 17:02:02,203 INFO     ___FILE_ONLY___  
2025-02-20 17:02:02,203 INFO     ___FILE_ONLY___ https://www.googleapis.com/compute/v1/projects/peppy-arcadia-432311-g5/global/networks/gcp-dr-vpc
2025-02-20 17:02:02,203 INFO     ___FILE_ONLY___ 

2025-02-20 17:02:02,203 INFO     ___FILE_ONLY___       
2025-02-20 17:02:02,203 INFO     ___FILE_ONLY___ nextHopIp
2025-02-20 17:02:02,203 INFO     ___FILE_ONLY___ :
2025-02-20 17:02:02,204 INFO     ___FILE_ONLY___  
2025-02-20 17:02:02,204 INFO     ___FILE_ONLY___ 169.254.14.6
2025-02-20 17:02:02,204 INFO     ___FILE_ONLY___ 

2025-02-20 17:02:02,204 INFO     ___FILE_ONLY___       
2025-02-20 17:02:02,204 INFO     ___FILE_ONLY___ nextHopOrigin
2025-02-20 17:02:02,204 INFO     ___FILE_ONLY___ :
2025-02-20 17:02:02,204 INFO     ___FILE_ONLY___  
2025-02-20 17:02:02,204 INFO     ___FILE_ONLY___ INCOMPLETE
2025-02-20 17:02:02,204 INFO     ___FILE_ONLY___ 

2025-02-20 17:02:02,204 INFO     ___FILE_ONLY___       
2025-02-20 17:02:02,205 INFO     ___FILE_ONLY___ nextHopVpnTunnel
2025-02-20 17:02:02,205 INFO     ___FILE_ONLY___ :
2025-02-20 17:02:02,205 INFO     ___FILE_ONLY___  
2025-02-20 17:02:02,205 INFO     ___FILE_ONLY___ https://www.googleapis.com/compute/v1/projects/peppy-arcadia-432311-g5/regions/asia-northeast3/vpnTunnels/aws-to-gcp-vpn-2
2025-02-20 17:02:02,205 INFO     ___FILE_ONLY___ 

2025-02-20 17:02:02,205 INFO     ___FILE_ONLY___       
2025-02-20 17:02:02,205 INFO     ___FILE_ONLY___ priority
2025-02-20 17:02:02,205 INFO     ___FILE_ONLY___ :
2025-02-20 17:02:02,205 INFO     ___FILE_ONLY___  
2025-02-20 17:02:02,205 INFO     ___FILE_ONLY___ 100
2025-02-20 17:02:02,205 INFO     ___FILE_ONLY___ 

2025-02-20 17:02:02,206 INFO     ___FILE_ONLY___       
2025-02-20 17:02:02,206 INFO     ___FILE_ONLY___ routeType
2025-02-20 17:02:02,206 INFO     ___FILE_ONLY___ :
2025-02-20 17:02:02,206 INFO     ___FILE_ONLY___  
2025-02-20 17:02:02,206 INFO     ___FILE_ONLY___ BGP
2025-02-20 17:02:02,206 INFO     ___FILE_ONLY___ 

2025-02-20 17:02:02,206 INFO     ___FILE_ONLY___     
2025-02-20 17:02:02,206 INFO     ___FILE_ONLY___ enableIpv4
2025-02-20 17:02:02,206 INFO     ___FILE_ONLY___ :
2025-02-20 17:02:02,206 INFO     ___FILE_ONLY___  
2025-02-20 17:02:02,206 INFO     ___FILE_ONLY___ true
2025-02-20 17:02:02,206 INFO     ___FILE_ONLY___ 

2025-02-20 17:02:02,206 INFO     ___FILE_ONLY___     
2025-02-20 17:02:02,207 INFO     ___FILE_ONLY___ enableIpv6
2025-02-20 17:02:02,207 INFO     ___FILE_ONLY___ :
2025-02-20 17:02:02,207 INFO     ___FILE_ONLY___  
2025-02-20 17:02:02,207 INFO     ___FILE_ONLY___ false
2025-02-20 17:02:02,207 INFO     ___FILE_ONLY___ 

2025-02-20 17:02:02,207 INFO     ___FILE_ONLY___     
2025-02-20 17:02:02,207 INFO     ___FILE_ONLY___ ipAddress
2025-02-20 17:02:02,207 INFO     ___FILE_ONLY___ :
2025-02-20 17:02:02,207 INFO     ___FILE_ONLY___  
2025-02-20 17:02:02,207 INFO     ___FILE_ONLY___ 169.254.14.6
2025-02-20 17:02:02,207 INFO     ___FILE_ONLY___ 

2025-02-20 17:02:02,207 INFO     ___FILE_ONLY___     
2025-02-20 17:02:02,207 INFO     ___FILE_ONLY___ linkedVpnTunnel
2025-02-20 17:02:02,207 INFO     ___FILE_ONLY___ :
2025-02-20 17:02:02,208 INFO     ___FILE_ONLY___  
2025-02-20 17:02:02,208 INFO     ___FILE_ONLY___ https://www.googleapis.com/compute/v1/projects/peppy-arcadia-432311-g5/regions/asia-northeast3/vpnTunnels/aws-to-gcp-vpn-2
2025-02-20 17:02:02,208 INFO     ___FILE_ONLY___ 

2025-02-20 17:02:02,208 INFO     ___FILE_ONLY___     
2025-02-20 17:02:02,208 INFO     ___FILE_ONLY___ md5AuthEnabled
2025-02-20 17:02:02,208 INFO     ___FILE_ONLY___ :
2025-02-20 17:02:02,208 INFO     ___FILE_ONLY___  
2025-02-20 17:02:02,208 INFO     ___FILE_ONLY___ false
2025-02-20 17:02:02,208 INFO     ___FILE_ONLY___ 

2025-02-20 17:02:02,208 INFO     ___FILE_ONLY___     
2025-02-20 17:02:02,209 INFO     ___FILE_ONLY___ name
2025-02-20 17:02:02,211 INFO     ___FILE_ONLY___ :
2025-02-20 17:02:02,211 INFO     ___FILE_ONLY___  
2025-02-20 17:02:02,211 INFO     ___FILE_ONLY___ aws-bgp-peer-2
2025-02-20 17:02:02,212 INFO     ___FILE_ONLY___ 

2025-02-20 17:02:02,212 INFO     ___FILE_ONLY___     
2025-02-20 17:02:02,212 INFO     ___FILE_ONLY___ numLearnedRoutes
2025-02-20 17:02:02,212 INFO     ___FILE_ONLY___ :
2025-02-20 17:02:02,212 INFO     ___FILE_ONLY___  
2025-02-20 17:02:02,212 INFO     ___FILE_ONLY___ 1
2025-02-20 17:02:02,212 INFO     ___FILE_ONLY___ 

2025-02-20 17:02:02,212 INFO     ___FILE_ONLY___     
2025-02-20 17:02:02,212 INFO     ___FILE_ONLY___ peerIpAddress
2025-02-20 17:02:02,212 INFO     ___FILE_ONLY___ :
2025-02-20 17:02:02,212 INFO     ___FILE_ONLY___  
2025-02-20 17:02:02,212 INFO     ___FILE_ONLY___ 169.254.14.5
2025-02-20 17:02:02,213 INFO     ___FILE_ONLY___ 

2025-02-20 17:02:02,213 INFO     ___FILE_ONLY___     
2025-02-20 17:02:02,213 INFO     ___FILE_ONLY___ state
2025-02-20 17:02:02,213 INFO     ___FILE_ONLY___ :
2025-02-20 17:02:02,213 INFO     ___FILE_ONLY___  
2025-02-20 17:02:02,213 INFO     ___FILE_ONLY___ Established
2025-02-20 17:02:02,213 INFO     ___FILE_ONLY___ 

2025-02-20 17:02:02,213 INFO     ___FILE_ONLY___     
2025-02-20 17:02:02,213 INFO     ___FILE_ONLY___ status
2025-02-20 17:02:02,213 INFO     ___FILE_ONLY___ :
2025-02-20 17:02:02,213 INFO     ___FILE_ONLY___  
2025-02-20 17:02:02,213 INFO     ___FILE_ONLY___ UP
2025-02-20 17:02:02,213 INFO     ___FILE_ONLY___ 

2025-02-20 17:02:02,214 INFO     ___FILE_ONLY___     
2025-02-20 17:02:02,214 INFO     ___FILE_ONLY___ uptime
2025-02-20 17:02:02,214 INFO     ___FILE_ONLY___ :
2025-02-20 17:02:02,214 INFO     ___FILE_ONLY___  
2025-02-20 17:02:02,214 INFO     ___FILE_ONLY___ 1
2025-02-20 17:02:02,214 INFO     ___FILE_ONLY___  
2025-02-20 17:02:02,215 INFO     ___FILE_ONLY___ hours,
2025-02-20 17:02:02,215 INFO     ___FILE_ONLY___  
2025-02-20 17:02:02,215 INFO     ___FILE_ONLY___ 41
2025-02-20 17:02:02,215 INFO     ___FILE_ONLY___  
2025-02-20 17:02:02,215 INFO     ___FILE_ONLY___ minutes,
2025-02-20 17:02:02,215 INFO     ___FILE_ONLY___  
2025-02-20 17:02:02,215 INFO     ___FILE_ONLY___ 29
2025-02-20 17:02:02,215 INFO     ___FILE_ONLY___  
2025-02-20 17:02:02,215 INFO     ___FILE_ONLY___ seconds
2025-02-20 17:02:02,216 INFO     ___FILE_ONLY___ 

2025-02-20 17:02:02,216 INFO     ___FILE_ONLY___     
2025-02-20 17:02:02,216 INFO     ___FILE_ONLY___ uptimeSeconds
2025-02-20 17:02:02,216 INFO     ___FILE_ONLY___ :
2025-02-20 17:02:02,216 INFO     ___FILE_ONLY___  '
2025-02-20 17:02:02,217 INFO     ___FILE_ONLY___ 6089
2025-02-20 17:02:02,217 INFO     ___FILE_ONLY___ '
2025-02-20 17:02:02,217 INFO     ___FILE_ONLY___ 

2025-02-20 17:02:02,217 INFO     ___FILE_ONLY___   
2025-02-20 17:02:02,217 INFO     ___FILE_ONLY___ network
2025-02-20 17:02:02,217 INFO     ___FILE_ONLY___ :
2025-02-20 17:02:02,217 INFO     ___FILE_ONLY___  
2025-02-20 17:02:02,217 INFO     ___FILE_ONLY___ https://www.googleapis.com/compute/v1/projects/peppy-arcadia-432311-g5/global/networks/gcp-dr-vpc
2025-02-20 17:02:02,217 INFO     ___FILE_ONLY___ 

2025-02-20 17:02:02,217 DEBUG    root            SDK update checks are disabled.
