2025-02-20 17:29:06,400 DEBUG    root            Loaded Command Group: ['gcloud', 'sql']
2025-02-20 17:29:06,401 DEBUG    root            Loaded Command Group: ['gcloud', 'sql', 'instances']
2025-02-20 17:29:06,422 DEBUG    root            Loaded Command Group: ['gcloud', 'sql', 'instances', 'describe']
2025-02-20 17:29:06,423 DEBUG    root            Running [gcloud.sql.instances.describe] with arguments: [--format: "yaml", INSTANCE: "mydb-instance"]
2025-02-20 17:29:06,456 DEBUG    urllib3.connectionpool Starting new HTTPS connection (1): sqladmin.googleapis.com:443
2025-02-20 17:29:07,159 DEBUG    urllib3.connectionpool https://sqladmin.googleapis.com:443 "GET /sql/v1beta4/projects/peppy-arcadia-432311-g5/instances/mydb-instance?alt=json HTTP/1.1" 200 None
2025-02-20 17:29:07,163 DEBUG    root            Chosen display Format::(settings.userLabels:alias=labels:label=LABELS) default yaml
2025-02-20 17:29:07,164 INFO     root            Display format: ":(settings.userLabels:alias=labels:label=LABELS) default yaml"
2025-02-20 17:29:07,201 INFO     ___FILE_ONLY___ backendType
2025-02-20 17:29:07,201 INFO     ___FILE_ONLY___ :
2025-02-20 17:29:07,201 INFO     ___FILE_ONLY___  
2025-02-20 17:29:07,201 INFO     ___FILE_ONLY___ SECOND_GEN
2025-02-20 17:29:07,202 INFO     ___FILE_ONLY___ 

2025-02-20 17:29:07,203 INFO     ___FILE_ONLY___ connectionName
2025-02-20 17:29:07,203 INFO     ___FILE_ONLY___ :
2025-02-20 17:29:07,204 INFO     ___FILE_ONLY___  
2025-02-20 17:29:07,204 INFO     ___FILE_ONLY___ peppy-arcadia-432311-g5:asia-northeast3:mydb-instance
2025-02-20 17:29:07,204 INFO     ___FILE_ONLY___ 

2025-02-20 17:29:07,205 INFO     ___FILE_ONLY___ createTime
2025-02-20 17:29:07,208 INFO     ___FILE_ONLY___ :
2025-02-20 17:29:07,208 INFO     ___FILE_ONLY___  '
2025-02-20 17:29:07,208 INFO     ___FILE_ONLY___ 2025-02-20T04:53:41.310Z
2025-02-20 17:29:07,209 INFO     ___FILE_ONLY___ '
2025-02-20 17:29:07,209 INFO     ___FILE_ONLY___ 

2025-02-20 17:29:07,211 INFO     ___FILE_ONLY___ databaseInstalledVersion
2025-02-20 17:29:07,211 INFO     ___FILE_ONLY___ :
2025-02-20 17:29:07,211 INFO     ___FILE_ONLY___  
2025-02-20 17:29:07,212 INFO     ___FILE_ONLY___ MYSQL_8_0_37
2025-02-20 17:29:07,212 INFO     ___FILE_ONLY___ 

2025-02-20 17:29:07,212 INFO     ___FILE_ONLY___ databaseVersion
2025-02-20 17:29:07,212 INFO     ___FILE_ONLY___ :
2025-02-20 17:29:07,212 INFO     ___FILE_ONLY___  
2025-02-20 17:29:07,212 INFO     ___FILE_ONLY___ MYSQL_8_0
2025-02-20 17:29:07,212 INFO     ___FILE_ONLY___ 

2025-02-20 17:29:07,212 INFO     ___FILE_ONLY___ etag
2025-02-20 17:29:07,212 INFO     ___FILE_ONLY___ :
2025-02-20 17:29:07,212 INFO     ___FILE_ONLY___  
2025-02-20 17:29:07,212 INFO     ___FILE_ONLY___ 05e0ea4477d804943ae83c25794a3b1d05394c13f3b8b797fa0f23bbaad73349
2025-02-20 17:29:07,212 INFO     ___FILE_ONLY___ 

2025-02-20 17:29:07,212 INFO     ___FILE_ONLY___ gceZone
2025-02-20 17:29:07,212 INFO     ___FILE_ONLY___ :
2025-02-20 17:29:07,212 INFO     ___FILE_ONLY___  
2025-02-20 17:29:07,213 INFO     ___FILE_ONLY___ asia-northeast3-c
2025-02-20 17:29:07,213 INFO     ___FILE_ONLY___ 

2025-02-20 17:29:07,213 INFO     ___FILE_ONLY___ geminiConfig
2025-02-20 17:29:07,213 INFO     ___FILE_ONLY___ :
2025-02-20 17:29:07,213 INFO     ___FILE_ONLY___ 

2025-02-20 17:29:07,213 INFO     ___FILE_ONLY___   
2025-02-20 17:29:07,213 INFO     ___FILE_ONLY___ activeQueryEnabled
2025-02-20 17:29:07,213 INFO     ___FILE_ONLY___ :
2025-02-20 17:29:07,213 INFO     ___FILE_ONLY___  
2025-02-20 17:29:07,213 INFO     ___FILE_ONLY___ false
2025-02-20 17:29:07,213 INFO     ___FILE_ONLY___ 

2025-02-20 17:29:07,213 INFO     ___FILE_ONLY___   
2025-02-20 17:29:07,213 INFO     ___FILE_ONLY___ entitled
2025-02-20 17:29:07,213 INFO     ___FILE_ONLY___ :
2025-02-20 17:29:07,214 INFO     ___FILE_ONLY___  
2025-02-20 17:29:07,214 INFO     ___FILE_ONLY___ false
2025-02-20 17:29:07,214 INFO     ___FILE_ONLY___ 

2025-02-20 17:29:07,214 INFO     ___FILE_ONLY___   
2025-02-20 17:29:07,214 INFO     ___FILE_ONLY___ flagRecommenderEnabled
2025-02-20 17:29:07,214 INFO     ___FILE_ONLY___ :
2025-02-20 17:29:07,214 INFO     ___FILE_ONLY___  
2025-02-20 17:29:07,214 INFO     ___FILE_ONLY___ false
2025-02-20 17:29:07,214 INFO     ___FILE_ONLY___ 

2025-02-20 17:29:07,214 INFO     ___FILE_ONLY___   
2025-02-20 17:29:07,214 INFO     ___FILE_ONLY___ indexAdvisorEnabled
2025-02-20 17:29:07,214 INFO     ___FILE_ONLY___ :
2025-02-20 17:29:07,214 INFO     ___FILE_ONLY___  
2025-02-20 17:29:07,214 INFO     ___FILE_ONLY___ false
2025-02-20 17:29:07,214 INFO     ___FILE_ONLY___ 

2025-02-20 17:29:07,214 INFO     ___FILE_ONLY___ includeReplicasForMajorVersionUpgrade
2025-02-20 17:29:07,214 INFO     ___FILE_ONLY___ :
2025-02-20 17:29:07,214 INFO     ___FILE_ONLY___  
2025-02-20 17:29:07,214 INFO     ___FILE_ONLY___ false
2025-02-20 17:29:07,214 INFO     ___FILE_ONLY___ 

2025-02-20 17:29:07,215 INFO     ___FILE_ONLY___ instanceType
2025-02-20 17:29:07,215 INFO     ___FILE_ONLY___ :
2025-02-20 17:29:07,215 INFO     ___FILE_ONLY___  
2025-02-20 17:29:07,215 INFO     ___FILE_ONLY___ CLOUD_SQL_INSTANCE
2025-02-20 17:29:07,215 INFO     ___FILE_ONLY___ 

2025-02-20 17:29:07,215 INFO     ___FILE_ONLY___ ipAddresses
2025-02-20 17:29:07,215 INFO     ___FILE_ONLY___ :
2025-02-20 17:29:07,215 INFO     ___FILE_ONLY___ 

2025-02-20 17:29:07,215 INFO     ___FILE_ONLY___ -
2025-02-20 17:29:07,215 INFO     ___FILE_ONLY___  
2025-02-20 17:29:07,215 INFO     ___FILE_ONLY___ ipAddress
2025-02-20 17:29:07,215 INFO     ___FILE_ONLY___ :
2025-02-20 17:29:07,215 INFO     ___FILE_ONLY___  
2025-02-20 17:29:07,215 INFO     ___FILE_ONLY___ 10.200.0.7
2025-02-20 17:29:07,215 INFO     ___FILE_ONLY___ 

2025-02-20 17:29:07,215 INFO     ___FILE_ONLY___   
2025-02-20 17:29:07,216 INFO     ___FILE_ONLY___ type
2025-02-20 17:29:07,216 INFO     ___FILE_ONLY___ :
2025-02-20 17:29:07,216 INFO     ___FILE_ONLY___  
2025-02-20 17:29:07,216 INFO     ___FILE_ONLY___ PRIVATE
2025-02-20 17:29:07,216 INFO     ___FILE_ONLY___ 

2025-02-20 17:29:07,216 INFO     ___FILE_ONLY___ kind
2025-02-20 17:29:07,216 INFO     ___FILE_ONLY___ :
2025-02-20 17:29:07,216 INFO     ___FILE_ONLY___  
2025-02-20 17:29:07,216 INFO     ___FILE_ONLY___ sql#instance
2025-02-20 17:29:07,216 INFO     ___FILE_ONLY___ 

2025-02-20 17:29:07,216 INFO     ___FILE_ONLY___ maintenanceVersion
2025-02-20 17:29:07,216 INFO     ___FILE_ONLY___ :
2025-02-20 17:29:07,216 INFO     ___FILE_ONLY___  
2025-02-20 17:29:07,216 INFO     ___FILE_ONLY___ MYSQL_8_0_37.R20241208.01_04
2025-02-20 17:29:07,216 INFO     ___FILE_ONLY___ 

2025-02-20 17:29:07,216 INFO     ___FILE_ONLY___ name
2025-02-20 17:29:07,217 INFO     ___FILE_ONLY___ :
2025-02-20 17:29:07,217 INFO     ___FILE_ONLY___  
2025-02-20 17:29:07,217 INFO     ___FILE_ONLY___ mydb-instance
2025-02-20 17:29:07,217 INFO     ___FILE_ONLY___ 

2025-02-20 17:29:07,217 INFO     ___FILE_ONLY___ project
2025-02-20 17:29:07,217 INFO     ___FILE_ONLY___ :
2025-02-20 17:29:07,217 INFO     ___FILE_ONLY___  
2025-02-20 17:29:07,217 INFO     ___FILE_ONLY___ peppy-arcadia-432311-g5
2025-02-20 17:29:07,217 INFO     ___FILE_ONLY___ 

2025-02-20 17:29:07,217 INFO     ___FILE_ONLY___ region
2025-02-20 17:29:07,217 INFO     ___FILE_ONLY___ :
2025-02-20 17:29:07,217 INFO     ___FILE_ONLY___  
2025-02-20 17:29:07,217 INFO     ___FILE_ONLY___ asia-northeast3
2025-02-20 17:29:07,217 INFO     ___FILE_ONLY___ 

2025-02-20 17:29:07,217 INFO     ___FILE_ONLY___ satisfiesPzi
2025-02-20 17:29:07,217 INFO     ___FILE_ONLY___ :
2025-02-20 17:29:07,217 INFO     ___FILE_ONLY___  
2025-02-20 17:29:07,217 INFO     ___FILE_ONLY___ true
2025-02-20 17:29:07,218 INFO     ___FILE_ONLY___ 

2025-02-20 17:29:07,218 INFO     ___FILE_ONLY___ selfLink
2025-02-20 17:29:07,218 INFO     ___FILE_ONLY___ :
2025-02-20 17:29:07,218 INFO     ___FILE_ONLY___  
2025-02-20 17:29:07,218 INFO     ___FILE_ONLY___ https://sqladmin.googleapis.com/sql/v1beta4/projects/peppy-arcadia-432311-g5/instances/mydb-instance
2025-02-20 17:29:07,218 INFO     ___FILE_ONLY___ 

2025-02-20 17:29:07,218 INFO     ___FILE_ONLY___ serverCaCert
2025-02-20 17:29:07,218 INFO     ___FILE_ONLY___ :
2025-02-20 17:29:07,218 INFO     ___FILE_ONLY___ 

2025-02-20 17:29:07,218 INFO     ___FILE_ONLY___   
2025-02-20 17:29:07,218 INFO     ___FILE_ONLY___ cert
2025-02-20 17:29:07,218 INFO     ___FILE_ONLY___ :
2025-02-20 17:29:07,219 INFO     ___FILE_ONLY___  |-
2025-02-20 17:29:07,219 INFO     ___FILE_ONLY___ 

2025-02-20 17:29:07,219 INFO     ___FILE_ONLY___     
2025-02-20 17:29:07,219 INFO     ___FILE_ONLY___ -----BEGIN CERTIFICATE-----
2025-02-20 17:29:07,219 INFO     ___FILE_ONLY___ 

2025-02-20 17:29:07,219 INFO     ___FILE_ONLY___     
2025-02-20 17:29:07,219 INFO     ___FILE_ONLY___ MIIDfzCCAmegAwIBAgIBADANBgkqhkiG9w0BAQsFADB3MS0wKwYDVQQuEyRhNDE4
2025-02-20 17:29:07,219 INFO     ___FILE_ONLY___ 

2025-02-20 17:29:07,219 INFO     ___FILE_ONLY___     
2025-02-20 17:29:07,219 INFO     ___FILE_ONLY___ Yjk1YS1iOGMwLTRhNTAtYTViZC1iYjNlOGRjNjgzZTIxIzAhBgNVBAMTGkdvb2ds
2025-02-20 17:29:07,219 INFO     ___FILE_ONLY___ 

2025-02-20 17:29:07,219 INFO     ___FILE_ONLY___     
2025-02-20 17:29:07,219 INFO     ___FILE_ONLY___ ZSBDbG91ZCBTUUwgU2VydmVyIENBMRQwEgYDVQQKEwtHb29nbGUsIEluYzELMAkG
2025-02-20 17:29:07,228 INFO     ___FILE_ONLY___ 

2025-02-20 17:29:07,228 INFO     ___FILE_ONLY___     
2025-02-20 17:29:07,228 INFO     ___FILE_ONLY___ A1UEBhMCVVMwHhcNMjUwMjIwMDQ1NTI2WhcNMzUwMjE4MDQ1NjI2WjB3MS0wKwYD
2025-02-20 17:29:07,228 INFO     ___FILE_ONLY___ 

2025-02-20 17:29:07,228 INFO     ___FILE_ONLY___     
2025-02-20 17:29:07,228 INFO     ___FILE_ONLY___ VQQuEyRhNDE4Yjk1YS1iOGMwLTRhNTAtYTViZC1iYjNlOGRjNjgzZTIxIzAhBgNV
2025-02-20 17:29:07,228 INFO     ___FILE_ONLY___ 

2025-02-20 17:29:07,228 INFO     ___FILE_ONLY___     
2025-02-20 17:29:07,229 INFO     ___FILE_ONLY___ BAMTGkdvb2dsZSBDbG91ZCBTUUwgU2VydmVyIENBMRQwEgYDVQQKEwtHb29nbGUs
2025-02-20 17:29:07,229 INFO     ___FILE_ONLY___ 

2025-02-20 17:29:07,229 INFO     ___FILE_ONLY___     
2025-02-20 17:29:07,229 INFO     ___FILE_ONLY___ IEluYzELMAkGA1UEBhMCVVMwggEiMA0GCSqGSIb3DQEBAQUAA4IBDwAwggEKAoIB
2025-02-20 17:29:07,229 INFO     ___FILE_ONLY___ 

2025-02-20 17:29:07,229 INFO     ___FILE_ONLY___     
2025-02-20 17:29:07,229 INFO     ___FILE_ONLY___ AQC9ns8Jjb3d/nfR48fGZWfsjfqsv1pI6bCENQNrH3qWWW7Uxm6qb3x2khCfe5oS
2025-02-20 17:29:07,229 INFO     ___FILE_ONLY___ 

2025-02-20 17:29:07,229 INFO     ___FILE_ONLY___     
2025-02-20 17:29:07,229 INFO     ___FILE_ONLY___ YlGZ24oClZ2cUaVKN/+uEnh4zDMC4l5SG3AiaiYcBbrYUtALtbrwLR8g5BasXa/p
2025-02-20 17:29:07,229 INFO     ___FILE_ONLY___ 

2025-02-20 17:29:07,229 INFO     ___FILE_ONLY___     
2025-02-20 17:29:07,229 INFO     ___FILE_ONLY___ jKwxVgavAd5GbY8VtYthULdQta0lsznDlMl62W+1BW9yjjzlBrxHi/oHBR3duiwT
2025-02-20 17:29:07,229 INFO     ___FILE_ONLY___ 

2025-02-20 17:29:07,229 INFO     ___FILE_ONLY___     
2025-02-20 17:29:07,229 INFO     ___FILE_ONLY___ +TkkUrQpTOKeYqVOJr6rcL4Bv1U6NQRgOX6ljWfL16iaT/VC2VpMueLyxVpO+OqM
2025-02-20 17:29:07,229 INFO     ___FILE_ONLY___ 

2025-02-20 17:29:07,229 INFO     ___FILE_ONLY___     
2025-02-20 17:29:07,229 INFO     ___FILE_ONLY___ ygx/0Xi1mGVJqhiU6TnDIgQG3uOLRX/iEfQ/au7nSj9pFuUdnyOenv8UcL/XCqIf
2025-02-20 17:29:07,229 INFO     ___FILE_ONLY___ 

2025-02-20 17:29:07,229 INFO     ___FILE_ONLY___     
2025-02-20 17:29:07,230 INFO     ___FILE_ONLY___ SV06uWR7tbj9LN8Ye8/SiYI5AgMBAAGjFjAUMBIGA1UdEwEB/wQIMAYBAf8CAQAw
2025-02-20 17:29:07,230 INFO     ___FILE_ONLY___ 

2025-02-20 17:29:07,230 INFO     ___FILE_ONLY___     
2025-02-20 17:29:07,230 INFO     ___FILE_ONLY___ DQYJKoZIhvcNAQELBQADggEBAEhjqOsn19eTea5557/DyB4R4RvkU3D/gX8RDLk3
2025-02-20 17:29:07,230 INFO     ___FILE_ONLY___ 

2025-02-20 17:29:07,230 INFO     ___FILE_ONLY___     
2025-02-20 17:29:07,230 INFO     ___FILE_ONLY___ 23OiCyKQvlOGkucKCW8oiM+4abHwHYueaJoltJ21o0kj7OzHF/jZd+5X3qV+kHOL
2025-02-20 17:29:07,230 INFO     ___FILE_ONLY___ 

2025-02-20 17:29:07,230 INFO     ___FILE_ONLY___     
2025-02-20 17:29:07,230 INFO     ___FILE_ONLY___ YjQLxRifB3a2HaHBiOBGx3i0+DC8hQXwxhGNuNp9xNMaDriXHOOqD2SbAv+Lia/q
2025-02-20 17:29:07,230 INFO     ___FILE_ONLY___ 

2025-02-20 17:29:07,230 INFO     ___FILE_ONLY___     
2025-02-20 17:29:07,230 INFO     ___FILE_ONLY___ M2CSM/X3Fi8V2aOanQEnhHfR1CGkVOjfUzUJh+it0T2fYkE+KwR4qf5qhxrQb5Li
2025-02-20 17:29:07,230 INFO     ___FILE_ONLY___ 

2025-02-20 17:29:07,230 INFO     ___FILE_ONLY___     
2025-02-20 17:29:07,230 INFO     ___FILE_ONLY___ pF83kIw7ZH49Q96aa2YLxHRZ+RCREJlhtvseDnbn3F1laPSsIZr2GDhUH9ZkGTAD
2025-02-20 17:29:07,230 INFO     ___FILE_ONLY___ 

2025-02-20 17:29:07,230 INFO     ___FILE_ONLY___     
2025-02-20 17:29:07,230 INFO     ___FILE_ONLY___ /3yUem1t8OjWdjRFVLNiwDDrwpWzrVnzbFja8D9WD9qwik0=
2025-02-20 17:29:07,230 INFO     ___FILE_ONLY___ 

2025-02-20 17:29:07,230 INFO     ___FILE_ONLY___     
2025-02-20 17:29:07,230 INFO     ___FILE_ONLY___ -----END CERTIFICATE-----
2025-02-20 17:29:07,230 INFO     ___FILE_ONLY___ 

2025-02-20 17:29:07,230 INFO     ___FILE_ONLY___   
2025-02-20 17:29:07,230 INFO     ___FILE_ONLY___ certSerialNumber
2025-02-20 17:29:07,231 INFO     ___FILE_ONLY___ :
2025-02-20 17:29:07,231 INFO     ___FILE_ONLY___  '
2025-02-20 17:29:07,231 INFO     ___FILE_ONLY___ 0
2025-02-20 17:29:07,231 INFO     ___FILE_ONLY___ '
2025-02-20 17:29:07,231 INFO     ___FILE_ONLY___ 

2025-02-20 17:29:07,231 INFO     ___FILE_ONLY___   
2025-02-20 17:29:07,231 INFO     ___FILE_ONLY___ commonName
2025-02-20 17:29:07,231 INFO     ___FILE_ONLY___ :
2025-02-20 17:29:07,231 INFO     ___FILE_ONLY___  
2025-02-20 17:29:07,231 INFO     ___FILE_ONLY___ C=US,O=Google\,
2025-02-20 17:29:07,231 INFO     ___FILE_ONLY___  
2025-02-20 17:29:07,231 INFO     ___FILE_ONLY___ Inc,CN=Google
2025-02-20 17:29:07,231 INFO     ___FILE_ONLY___  
2025-02-20 17:29:07,231 INFO     ___FILE_ONLY___ Cloud
2025-02-20 17:29:07,231 INFO     ___FILE_ONLY___  
2025-02-20 17:29:07,231 INFO     ___FILE_ONLY___ SQL
2025-02-20 17:29:07,231 INFO     ___FILE_ONLY___  
2025-02-20 17:29:07,231 INFO     ___FILE_ONLY___ Server
2025-02-20 17:29:07,231 INFO     ___FILE_ONLY___  
2025-02-20 17:29:07,231 INFO     ___FILE_ONLY___ CA,dnQualifier=a418b95a-b8c0-4a50-a5bd-bb3e8dc683e2
2025-02-20 17:29:07,231 INFO     ___FILE_ONLY___ 

2025-02-20 17:29:07,231 INFO     ___FILE_ONLY___   
2025-02-20 17:29:07,231 INFO     ___FILE_ONLY___ createTime
2025-02-20 17:29:07,231 INFO     ___FILE_ONLY___ :
2025-02-20 17:29:07,232 INFO     ___FILE_ONLY___  '
2025-02-20 17:29:07,232 INFO     ___FILE_ONLY___ 2025-02-20T04:55:26.306Z
2025-02-20 17:29:07,232 INFO     ___FILE_ONLY___ '
2025-02-20 17:29:07,232 INFO     ___FILE_ONLY___ 

2025-02-20 17:29:07,232 INFO     ___FILE_ONLY___   
2025-02-20 17:29:07,232 INFO     ___FILE_ONLY___ expirationTime
2025-02-20 17:29:07,232 INFO     ___FILE_ONLY___ :
2025-02-20 17:29:07,232 INFO     ___FILE_ONLY___  '
2025-02-20 17:29:07,232 INFO     ___FILE_ONLY___ 2035-02-18T04:56:26.306Z
2025-02-20 17:29:07,232 INFO     ___FILE_ONLY___ '
2025-02-20 17:29:07,232 INFO     ___FILE_ONLY___ 

2025-02-20 17:29:07,232 INFO     ___FILE_ONLY___   
2025-02-20 17:29:07,232 INFO     ___FILE_ONLY___ instance
2025-02-20 17:29:07,232 INFO     ___FILE_ONLY___ :
2025-02-20 17:29:07,232 INFO     ___FILE_ONLY___  
2025-02-20 17:29:07,232 INFO     ___FILE_ONLY___ mydb-instance
2025-02-20 17:29:07,232 INFO     ___FILE_ONLY___ 

2025-02-20 17:29:07,232 INFO     ___FILE_ONLY___   
2025-02-20 17:29:07,232 INFO     ___FILE_ONLY___ kind
2025-02-20 17:29:07,233 INFO     ___FILE_ONLY___ :
2025-02-20 17:29:07,233 INFO     ___FILE_ONLY___  
2025-02-20 17:29:07,233 INFO     ___FILE_ONLY___ sql#sslCert
2025-02-20 17:29:07,233 INFO     ___FILE_ONLY___ 

2025-02-20 17:29:07,233 INFO     ___FILE_ONLY___   
2025-02-20 17:29:07,233 INFO     ___FILE_ONLY___ sha1Fingerprint
2025-02-20 17:29:07,233 INFO     ___FILE_ONLY___ :
2025-02-20 17:29:07,233 INFO     ___FILE_ONLY___  
2025-02-20 17:29:07,233 INFO     ___FILE_ONLY___ 1f3665b3cc81e603dab8570e5d0bcdad63ee24de
2025-02-20 17:29:07,233 INFO     ___FILE_ONLY___ 

2025-02-20 17:29:07,233 INFO     ___FILE_ONLY___ serviceAccountEmailAddress
2025-02-20 17:29:07,233 INFO     ___FILE_ONLY___ :
2025-02-20 17:29:07,233 INFO     ___FILE_ONLY___  
2025-02-20 17:29:07,233 INFO     ___FILE_ONLY___ p134982172036-w5tzd0@gcp-sa-cloud-sql.iam.gserviceaccount.com
2025-02-20 17:29:07,233 INFO     ___FILE_ONLY___ 

2025-02-20 17:29:07,233 INFO     ___FILE_ONLY___ settings
2025-02-20 17:29:07,233 INFO     ___FILE_ONLY___ :
2025-02-20 17:29:07,234 INFO     ___FILE_ONLY___ 

2025-02-20 17:29:07,234 INFO     ___FILE_ONLY___   
2025-02-20 17:29:07,234 INFO     ___FILE_ONLY___ activationPolicy
2025-02-20 17:29:07,234 INFO     ___FILE_ONLY___ :
2025-02-20 17:29:07,234 INFO     ___FILE_ONLY___  
2025-02-20 17:29:07,234 INFO     ___FILE_ONLY___ ALWAYS
2025-02-20 17:29:07,234 INFO     ___FILE_ONLY___ 

2025-02-20 17:29:07,234 INFO     ___FILE_ONLY___   
2025-02-20 17:29:07,234 INFO     ___FILE_ONLY___ availabilityType
2025-02-20 17:29:07,234 INFO     ___FILE_ONLY___ :
2025-02-20 17:29:07,234 INFO     ___FILE_ONLY___  
2025-02-20 17:29:07,234 INFO     ___FILE_ONLY___ ZONAL
2025-02-20 17:29:07,234 INFO     ___FILE_ONLY___ 

2025-02-20 17:29:07,234 INFO     ___FILE_ONLY___   
2025-02-20 17:29:07,234 INFO     ___FILE_ONLY___ backupConfiguration
2025-02-20 17:29:07,244 INFO     ___FILE_ONLY___ :
2025-02-20 17:29:07,244 INFO     ___FILE_ONLY___ 

2025-02-20 17:29:07,244 INFO     ___FILE_ONLY___     
2025-02-20 17:29:07,244 INFO     ___FILE_ONLY___ backupRetentionSettings
2025-02-20 17:29:07,245 INFO     ___FILE_ONLY___ :
2025-02-20 17:29:07,245 INFO     ___FILE_ONLY___ 

2025-02-20 17:29:07,245 INFO     ___FILE_ONLY___       
2025-02-20 17:29:07,245 INFO     ___FILE_ONLY___ retainedBackups
2025-02-20 17:29:07,245 INFO     ___FILE_ONLY___ :
2025-02-20 17:29:07,245 INFO     ___FILE_ONLY___  
2025-02-20 17:29:07,245 INFO     ___FILE_ONLY___ 7
2025-02-20 17:29:07,245 INFO     ___FILE_ONLY___ 

2025-02-20 17:29:07,245 INFO     ___FILE_ONLY___       
2025-02-20 17:29:07,246 INFO     ___FILE_ONLY___ retentionUnit
2025-02-20 17:29:07,246 INFO     ___FILE_ONLY___ :
2025-02-20 17:29:07,246 INFO     ___FILE_ONLY___  
2025-02-20 17:29:07,246 INFO     ___FILE_ONLY___ COUNT
2025-02-20 17:29:07,246 INFO     ___FILE_ONLY___ 

2025-02-20 17:29:07,246 INFO     ___FILE_ONLY___     
2025-02-20 17:29:07,246 INFO     ___FILE_ONLY___ enabled
2025-02-20 17:29:07,246 INFO     ___FILE_ONLY___ :
2025-02-20 17:29:07,247 INFO     ___FILE_ONLY___  
2025-02-20 17:29:07,247 INFO     ___FILE_ONLY___ false
2025-02-20 17:29:07,247 INFO     ___FILE_ONLY___ 

2025-02-20 17:29:07,247 INFO     ___FILE_ONLY___     
2025-02-20 17:29:07,247 INFO     ___FILE_ONLY___ kind
2025-02-20 17:29:07,247 INFO     ___FILE_ONLY___ :
2025-02-20 17:29:07,247 INFO     ___FILE_ONLY___  
2025-02-20 17:29:07,247 INFO     ___FILE_ONLY___ sql#backupConfiguration
2025-02-20 17:29:07,247 INFO     ___FILE_ONLY___ 

2025-02-20 17:29:07,248 INFO     ___FILE_ONLY___     
2025-02-20 17:29:07,248 INFO     ___FILE_ONLY___ startTime
2025-02-20 17:29:07,248 INFO     ___FILE_ONLY___ :
2025-02-20 17:29:07,248 INFO     ___FILE_ONLY___  
2025-02-20 17:29:07,248 INFO     ___FILE_ONLY___ 00:00
2025-02-20 17:29:07,248 INFO     ___FILE_ONLY___ 

2025-02-20 17:29:07,248 INFO     ___FILE_ONLY___     
2025-02-20 17:29:07,248 INFO     ___FILE_ONLY___ transactionLogRetentionDays
2025-02-20 17:29:07,248 INFO     ___FILE_ONLY___ :
2025-02-20 17:29:07,248 INFO     ___FILE_ONLY___  
2025-02-20 17:29:07,248 INFO     ___FILE_ONLY___ 7
2025-02-20 17:29:07,249 INFO     ___FILE_ONLY___ 

2025-02-20 17:29:07,249 INFO     ___FILE_ONLY___     
2025-02-20 17:29:07,249 INFO     ___FILE_ONLY___ transactionalLogStorageState
2025-02-20 17:29:07,249 INFO     ___FILE_ONLY___ :
2025-02-20 17:29:07,249 INFO     ___FILE_ONLY___  
2025-02-20 17:29:07,249 INFO     ___FILE_ONLY___ TRANSACTIONAL_LOG_STORAGE_STATE_UNSPECIFIED
2025-02-20 17:29:07,249 INFO     ___FILE_ONLY___ 

2025-02-20 17:29:07,249 INFO     ___FILE_ONLY___   
2025-02-20 17:29:07,249 INFO     ___FILE_ONLY___ connectorEnforcement
2025-02-20 17:29:07,259 INFO     ___FILE_ONLY___ :
2025-02-20 17:29:07,259 INFO     ___FILE_ONLY___  
2025-02-20 17:29:07,259 INFO     ___FILE_ONLY___ NOT_REQUIRED
2025-02-20 17:29:07,259 INFO     ___FILE_ONLY___ 

2025-02-20 17:29:07,260 INFO     ___FILE_ONLY___   
2025-02-20 17:29:07,260 INFO     ___FILE_ONLY___ dataDiskSizeGb
2025-02-20 17:29:07,260 INFO     ___FILE_ONLY___ :
2025-02-20 17:29:07,260 INFO     ___FILE_ONLY___  '
2025-02-20 17:29:07,260 INFO     ___FILE_ONLY___ 10
2025-02-20 17:29:07,260 INFO     ___FILE_ONLY___ '
2025-02-20 17:29:07,260 INFO     ___FILE_ONLY___ 

2025-02-20 17:29:07,260 INFO     ___FILE_ONLY___   
2025-02-20 17:29:07,260 INFO     ___FILE_ONLY___ dataDiskType
2025-02-20 17:29:07,261 INFO     ___FILE_ONLY___ :
2025-02-20 17:29:07,261 INFO     ___FILE_ONLY___  
2025-02-20 17:29:07,261 INFO     ___FILE_ONLY___ PD_SSD
2025-02-20 17:29:07,261 INFO     ___FILE_ONLY___ 

2025-02-20 17:29:07,261 INFO     ___FILE_ONLY___   
2025-02-20 17:29:07,261 INFO     ___FILE_ONLY___ deletionProtectionEnabled
2025-02-20 17:29:07,261 INFO     ___FILE_ONLY___ :
2025-02-20 17:29:07,261 INFO     ___FILE_ONLY___  
2025-02-20 17:29:07,261 INFO     ___FILE_ONLY___ false
2025-02-20 17:29:07,261 INFO     ___FILE_ONLY___ 

2025-02-20 17:29:07,262 INFO     ___FILE_ONLY___   
2025-02-20 17:29:07,262 INFO     ___FILE_ONLY___ enableDataplexIntegration
2025-02-20 17:29:07,262 INFO     ___FILE_ONLY___ :
2025-02-20 17:29:07,262 INFO     ___FILE_ONLY___  
2025-02-20 17:29:07,262 INFO     ___FILE_ONLY___ false
2025-02-20 17:29:07,262 INFO     ___FILE_ONLY___ 

2025-02-20 17:29:07,262 INFO     ___FILE_ONLY___   
2025-02-20 17:29:07,262 INFO     ___FILE_ONLY___ enableGoogleMlIntegration
2025-02-20 17:29:07,262 INFO     ___FILE_ONLY___ :
2025-02-20 17:29:07,262 INFO     ___FILE_ONLY___  
2025-02-20 17:29:07,262 INFO     ___FILE_ONLY___ false
2025-02-20 17:29:07,263 INFO     ___FILE_ONLY___ 

2025-02-20 17:29:07,263 INFO     ___FILE_ONLY___   
2025-02-20 17:29:07,263 INFO     ___FILE_ONLY___ ipConfiguration
2025-02-20 17:29:07,263 INFO     ___FILE_ONLY___ :
2025-02-20 17:29:07,263 INFO     ___FILE_ONLY___ 

2025-02-20 17:29:07,263 INFO     ___FILE_ONLY___     
2025-02-20 17:29:07,263 INFO     ___FILE_ONLY___ enablePrivatePathForGoogleCloudServices
2025-02-20 17:29:07,263 INFO     ___FILE_ONLY___ :
2025-02-20 17:29:07,263 INFO     ___FILE_ONLY___  
2025-02-20 17:29:07,263 INFO     ___FILE_ONLY___ false
2025-02-20 17:29:07,264 INFO     ___FILE_ONLY___ 

2025-02-20 17:29:07,264 INFO     ___FILE_ONLY___     
2025-02-20 17:29:07,264 INFO     ___FILE_ONLY___ ipv4Enabled
2025-02-20 17:29:07,264 INFO     ___FILE_ONLY___ :
2025-02-20 17:29:07,264 INFO     ___FILE_ONLY___  
2025-02-20 17:29:07,264 INFO     ___FILE_ONLY___ false
2025-02-20 17:29:07,264 INFO     ___FILE_ONLY___ 

2025-02-20 17:29:07,264 INFO     ___FILE_ONLY___     
2025-02-20 17:29:07,264 INFO     ___FILE_ONLY___ privateNetwork
2025-02-20 17:29:07,265 INFO     ___FILE_ONLY___ :
2025-02-20 17:29:07,265 INFO     ___FILE_ONLY___  
2025-02-20 17:29:07,265 INFO     ___FILE_ONLY___ projects/peppy-arcadia-432311-g5/global/networks/gcp-dr-vpc
2025-02-20 17:29:07,265 INFO     ___FILE_ONLY___ 

2025-02-20 17:29:07,265 INFO     ___FILE_ONLY___     
2025-02-20 17:29:07,265 INFO     ___FILE_ONLY___ requireSsl
2025-02-20 17:29:07,266 INFO     ___FILE_ONLY___ :
2025-02-20 17:29:07,266 INFO     ___FILE_ONLY___  
2025-02-20 17:29:07,266 INFO     ___FILE_ONLY___ false
2025-02-20 17:29:07,266 INFO     ___FILE_ONLY___ 

2025-02-20 17:29:07,266 INFO     ___FILE_ONLY___     
2025-02-20 17:29:07,266 INFO     ___FILE_ONLY___ serverCaMode
2025-02-20 17:29:07,266 INFO     ___FILE_ONLY___ :
2025-02-20 17:29:07,266 INFO     ___FILE_ONLY___  
2025-02-20 17:29:07,266 INFO     ___FILE_ONLY___ GOOGLE_MANAGED_INTERNAL_CA
2025-02-20 17:29:07,266 INFO     ___FILE_ONLY___ 

2025-02-20 17:29:07,266 INFO     ___FILE_ONLY___     
2025-02-20 17:29:07,266 INFO     ___FILE_ONLY___ sslMode
2025-02-20 17:29:07,267 INFO     ___FILE_ONLY___ :
2025-02-20 17:29:07,267 INFO     ___FILE_ONLY___  
2025-02-20 17:29:07,267 INFO     ___FILE_ONLY___ ALLOW_UNENCRYPTED_AND_ENCRYPTED
2025-02-20 17:29:07,267 INFO     ___FILE_ONLY___ 

2025-02-20 17:29:07,267 INFO     ___FILE_ONLY___   
2025-02-20 17:29:07,267 INFO     ___FILE_ONLY___ kind
2025-02-20 17:29:07,267 INFO     ___FILE_ONLY___ :
2025-02-20 17:29:07,267 INFO     ___FILE_ONLY___  
2025-02-20 17:29:07,267 INFO     ___FILE_ONLY___ sql#settings
2025-02-20 17:29:07,267 INFO     ___FILE_ONLY___ 

2025-02-20 17:29:07,268 INFO     ___FILE_ONLY___   
2025-02-20 17:29:07,268 INFO     ___FILE_ONLY___ locationPreference
2025-02-20 17:29:07,268 INFO     ___FILE_ONLY___ :
2025-02-20 17:29:07,268 INFO     ___FILE_ONLY___ 

2025-02-20 17:29:07,268 INFO     ___FILE_ONLY___     
2025-02-20 17:29:07,268 INFO     ___FILE_ONLY___ kind
2025-02-20 17:29:07,268 INFO     ___FILE_ONLY___ :
2025-02-20 17:29:07,268 INFO     ___FILE_ONLY___  
2025-02-20 17:29:07,269 INFO     ___FILE_ONLY___ sql#locationPreference
2025-02-20 17:29:07,269 INFO     ___FILE_ONLY___ 

2025-02-20 17:29:07,269 INFO     ___FILE_ONLY___     
2025-02-20 17:29:07,269 INFO     ___FILE_ONLY___ zone
2025-02-20 17:29:07,269 INFO     ___FILE_ONLY___ :
2025-02-20 17:29:07,269 INFO     ___FILE_ONLY___  
2025-02-20 17:29:07,269 INFO     ___FILE_ONLY___ asia-northeast3-c
2025-02-20 17:29:07,269 INFO     ___FILE_ONLY___ 

2025-02-20 17:29:07,269 INFO     ___FILE_ONLY___   
2025-02-20 17:29:07,269 INFO     ___FILE_ONLY___ pricingPlan
2025-02-20 17:29:07,269 INFO     ___FILE_ONLY___ :
2025-02-20 17:29:07,270 INFO     ___FILE_ONLY___  
2025-02-20 17:29:07,270 INFO     ___FILE_ONLY___ PER_USE
2025-02-20 17:29:07,270 INFO     ___FILE_ONLY___ 

2025-02-20 17:29:07,270 INFO     ___FILE_ONLY___   
2025-02-20 17:29:07,270 INFO     ___FILE_ONLY___ replicationLagMaxSeconds
2025-02-20 17:29:07,270 INFO     ___FILE_ONLY___ :
2025-02-20 17:29:07,270 INFO     ___FILE_ONLY___  
2025-02-20 17:29:07,270 INFO     ___FILE_ONLY___ 31536000
2025-02-20 17:29:07,270 INFO     ___FILE_ONLY___ 

2025-02-20 17:29:07,270 INFO     ___FILE_ONLY___   
2025-02-20 17:29:07,270 INFO     ___FILE_ONLY___ replicationType
2025-02-20 17:29:07,271 INFO     ___FILE_ONLY___ :
2025-02-20 17:29:07,271 INFO     ___FILE_ONLY___  
2025-02-20 17:29:07,271 INFO     ___FILE_ONLY___ SYNCHRONOUS
2025-02-20 17:29:07,271 INFO     ___FILE_ONLY___ 

2025-02-20 17:29:07,271 INFO     ___FILE_ONLY___   
2025-02-20 17:29:07,271 INFO     ___FILE_ONLY___ settingsVersion
2025-02-20 17:29:07,271 INFO     ___FILE_ONLY___ :
2025-02-20 17:29:07,271 INFO     ___FILE_ONLY___  '
2025-02-20 17:29:07,271 INFO     ___FILE_ONLY___ 2
2025-02-20 17:29:07,271 INFO     ___FILE_ONLY___ '
2025-02-20 17:29:07,271 INFO     ___FILE_ONLY___ 

2025-02-20 17:29:07,271 INFO     ___FILE_ONLY___   
2025-02-20 17:29:07,272 INFO     ___FILE_ONLY___ storageAutoResize
2025-02-20 17:29:07,272 INFO     ___FILE_ONLY___ :
2025-02-20 17:29:07,272 INFO     ___FILE_ONLY___  
2025-02-20 17:29:07,272 INFO     ___FILE_ONLY___ true
2025-02-20 17:29:07,272 INFO     ___FILE_ONLY___ 

2025-02-20 17:29:07,272 INFO     ___FILE_ONLY___   
2025-02-20 17:29:07,272 INFO     ___FILE_ONLY___ storageAutoResizeLimit
2025-02-20 17:29:07,277 INFO     ___FILE_ONLY___ :
2025-02-20 17:29:07,281 INFO     ___FILE_ONLY___  '
2025-02-20 17:29:07,282 INFO     ___FILE_ONLY___ 0
2025-02-20 17:29:07,282 INFO     ___FILE_ONLY___ '
2025-02-20 17:29:07,282 INFO     ___FILE_ONLY___ 

2025-02-20 17:29:07,283 INFO     ___FILE_ONLY___   
2025-02-20 17:29:07,283 INFO     ___FILE_ONLY___ tier
2025-02-20 17:29:07,283 INFO     ___FILE_ONLY___ :
2025-02-20 17:29:07,283 INFO     ___FILE_ONLY___  
2025-02-20 17:29:07,283 INFO     ___FILE_ONLY___ db-f1-micro
2025-02-20 17:29:07,283 INFO     ___FILE_ONLY___ 

2025-02-20 17:29:07,283 INFO     ___FILE_ONLY___ sqlNetworkArchitecture
2025-02-20 17:29:07,283 INFO     ___FILE_ONLY___ :
2025-02-20 17:29:07,284 INFO     ___FILE_ONLY___  
2025-02-20 17:29:07,284 INFO     ___FILE_ONLY___ NEW_NETWORK_ARCHITECTURE
2025-02-20 17:29:07,284 INFO     ___FILE_ONLY___ 

2025-02-20 17:29:07,284 INFO     ___FILE_ONLY___ state
2025-02-20 17:29:07,284 INFO     ___FILE_ONLY___ :
2025-02-20 17:29:07,284 INFO     ___FILE_ONLY___  
2025-02-20 17:29:07,284 INFO     ___FILE_ONLY___ RUNNABLE
2025-02-20 17:29:07,284 INFO     ___FILE_ONLY___ 

2025-02-20 17:29:07,284 INFO     ___FILE_ONLY___ upgradableDatabaseVersions
2025-02-20 17:29:07,284 INFO     ___FILE_ONLY___ :
2025-02-20 17:29:07,285 INFO     ___FILE_ONLY___ 

2025-02-20 17:29:07,285 INFO     ___FILE_ONLY___ -
2025-02-20 17:29:07,285 INFO     ___FILE_ONLY___  
2025-02-20 17:29:07,285 INFO     ___FILE_ONLY___ displayName
2025-02-20 17:29:07,285 INFO     ___FILE_ONLY___ :
2025-02-20 17:29:07,285 INFO     ___FILE_ONLY___  
2025-02-20 17:29:07,285 INFO     ___FILE_ONLY___ MySQL
2025-02-20 17:29:07,285 INFO     ___FILE_ONLY___  
2025-02-20 17:29:07,285 INFO     ___FILE_ONLY___ 8.0.35
2025-02-20 17:29:07,285 INFO     ___FILE_ONLY___ 

2025-02-20 17:29:07,285 INFO     ___FILE_ONLY___   
2025-02-20 17:29:07,285 INFO     ___FILE_ONLY___ majorVersion
2025-02-20 17:29:07,286 INFO     ___FILE_ONLY___ :
2025-02-20 17:29:07,286 INFO     ___FILE_ONLY___  
2025-02-20 17:29:07,286 INFO     ___FILE_ONLY___ MYSQL_8_0
2025-02-20 17:29:07,286 INFO     ___FILE_ONLY___ 

2025-02-20 17:29:07,286 INFO     ___FILE_ONLY___   
2025-02-20 17:29:07,286 INFO     ___FILE_ONLY___ name
2025-02-20 17:29:07,286 INFO     ___FILE_ONLY___ :
2025-02-20 17:29:07,286 INFO     ___FILE_ONLY___  
2025-02-20 17:29:07,286 INFO     ___FILE_ONLY___ MYSQL_8_0_35
2025-02-20 17:29:07,286 INFO     ___FILE_ONLY___ 

2025-02-20 17:29:07,286 INFO     ___FILE_ONLY___ -
2025-02-20 17:29:07,286 INFO     ___FILE_ONLY___  
2025-02-20 17:29:07,286 INFO     ___FILE_ONLY___ displayName
2025-02-20 17:29:07,287 INFO     ___FILE_ONLY___ :
2025-02-20 17:29:07,287 INFO     ___FILE_ONLY___  
2025-02-20 17:29:07,287 INFO     ___FILE_ONLY___ MySQL
2025-02-20 17:29:07,287 INFO     ___FILE_ONLY___  
2025-02-20 17:29:07,287 INFO     ___FILE_ONLY___ 8.0.36
2025-02-20 17:29:07,287 INFO     ___FILE_ONLY___ 

2025-02-20 17:29:07,287 INFO     ___FILE_ONLY___   
2025-02-20 17:29:07,287 INFO     ___FILE_ONLY___ majorVersion
2025-02-20 17:29:07,287 INFO     ___FILE_ONLY___ :
2025-02-20 17:29:07,287 INFO     ___FILE_ONLY___  
2025-02-20 17:29:07,287 INFO     ___FILE_ONLY___ MYSQL_8_0
2025-02-20 17:29:07,287 INFO     ___FILE_ONLY___ 

2025-02-20 17:29:07,287 INFO     ___FILE_ONLY___   
2025-02-20 17:29:07,288 INFO     ___FILE_ONLY___ name
2025-02-20 17:29:07,288 INFO     ___FILE_ONLY___ :
2025-02-20 17:29:07,288 INFO     ___FILE_ONLY___  
2025-02-20 17:29:07,288 INFO     ___FILE_ONLY___ MYSQL_8_0_36
2025-02-20 17:29:07,288 INFO     ___FILE_ONLY___ 

2025-02-20 17:29:07,288 INFO     ___FILE_ONLY___ -
2025-02-20 17:29:07,288 INFO     ___FILE_ONLY___  
2025-02-20 17:29:07,288 INFO     ___FILE_ONLY___ displayName
2025-02-20 17:29:07,288 INFO     ___FILE_ONLY___ :
2025-02-20 17:29:07,288 INFO     ___FILE_ONLY___  
2025-02-20 17:29:07,288 INFO     ___FILE_ONLY___ MySQL
2025-02-20 17:29:07,288 INFO     ___FILE_ONLY___  
2025-02-20 17:29:07,288 INFO     ___FILE_ONLY___ 8.0.39
2025-02-20 17:29:07,289 INFO     ___FILE_ONLY___ 

2025-02-20 17:29:07,289 INFO     ___FILE_ONLY___   
2025-02-20 17:29:07,289 INFO     ___FILE_ONLY___ majorVersion
2025-02-20 17:29:07,289 INFO     ___FILE_ONLY___ :
2025-02-20 17:29:07,289 INFO     ___FILE_ONLY___  
2025-02-20 17:29:07,289 INFO     ___FILE_ONLY___ MYSQL_8_0
2025-02-20 17:29:07,289 INFO     ___FILE_ONLY___ 

2025-02-20 17:29:07,289 INFO     ___FILE_ONLY___   
2025-02-20 17:29:07,289 INFO     ___FILE_ONLY___ name
2025-02-20 17:29:07,289 INFO     ___FILE_ONLY___ :
2025-02-20 17:29:07,289 INFO     ___FILE_ONLY___  
2025-02-20 17:29:07,289 INFO     ___FILE_ONLY___ MYSQL_8_0_39
2025-02-20 17:29:07,289 INFO     ___FILE_ONLY___ 

2025-02-20 17:29:07,289 INFO     ___FILE_ONLY___ -
2025-02-20 17:29:07,290 INFO     ___FILE_ONLY___  
2025-02-20 17:29:07,290 INFO     ___FILE_ONLY___ displayName
2025-02-20 17:29:07,290 INFO     ___FILE_ONLY___ :
2025-02-20 17:29:07,290 INFO     ___FILE_ONLY___  
2025-02-20 17:29:07,290 INFO     ___FILE_ONLY___ MySQL
2025-02-20 17:29:07,290 INFO     ___FILE_ONLY___  
2025-02-20 17:29:07,290 INFO     ___FILE_ONLY___ 8.0.40
2025-02-20 17:29:07,290 INFO     ___FILE_ONLY___ 

2025-02-20 17:29:07,290 INFO     ___FILE_ONLY___   
2025-02-20 17:29:07,290 INFO     ___FILE_ONLY___ majorVersion
2025-02-20 17:29:07,290 INFO     ___FILE_ONLY___ :
2025-02-20 17:29:07,290 INFO     ___FILE_ONLY___  
2025-02-20 17:29:07,290 INFO     ___FILE_ONLY___ MYSQL_8_0
2025-02-20 17:29:07,291 INFO     ___FILE_ONLY___ 

2025-02-20 17:29:07,291 INFO     ___FILE_ONLY___   
2025-02-20 17:29:07,291 INFO     ___FILE_ONLY___ name
2025-02-20 17:29:07,291 INFO     ___FILE_ONLY___ :
2025-02-20 17:29:07,291 INFO     ___FILE_ONLY___  
2025-02-20 17:29:07,291 INFO     ___FILE_ONLY___ MYSQL_8_0_40
2025-02-20 17:29:07,291 INFO     ___FILE_ONLY___ 

2025-02-20 17:29:07,291 INFO     ___FILE_ONLY___ -
2025-02-20 17:29:07,291 INFO     ___FILE_ONLY___  
2025-02-20 17:29:07,291 INFO     ___FILE_ONLY___ displayName
2025-02-20 17:29:07,292 INFO     ___FILE_ONLY___ :
2025-02-20 17:29:07,292 INFO     ___FILE_ONLY___  
2025-02-20 17:29:07,292 INFO     ___FILE_ONLY___ MySQL
2025-02-20 17:29:07,292 INFO     ___FILE_ONLY___  
2025-02-20 17:29:07,292 INFO     ___FILE_ONLY___ 8.4
2025-02-20 17:29:07,292 INFO     ___FILE_ONLY___ 

2025-02-20 17:29:07,292 INFO     ___FILE_ONLY___   
2025-02-20 17:29:07,292 INFO     ___FILE_ONLY___ majorVersion
2025-02-20 17:29:07,292 INFO     ___FILE_ONLY___ :
2025-02-20 17:29:07,292 INFO     ___FILE_ONLY___  
2025-02-20 17:29:07,292 INFO     ___FILE_ONLY___ MYSQL_8_4
2025-02-20 17:29:07,292 INFO     ___FILE_ONLY___ 

2025-02-20 17:29:07,292 INFO     ___FILE_ONLY___   
2025-02-20 17:29:07,293 INFO     ___FILE_ONLY___ name
2025-02-20 17:29:07,293 INFO     ___FILE_ONLY___ :
2025-02-20 17:29:07,293 INFO     ___FILE_ONLY___  
2025-02-20 17:29:07,293 INFO     ___FILE_ONLY___ MYSQL_8_4
2025-02-20 17:29:07,293 INFO     ___FILE_ONLY___ 

2025-02-20 17:29:07,293 DEBUG    root            SDK update checks are disabled.
