2025-02-20 22:48:15,895 DEBUG    root            Loaded Command Group: ['gcloud', 'config']
2025-02-20 22:48:15,899 DEBUG    root            Loaded Command Group: ['gcloud', 'config', 'config_helper']
2025-02-20 22:48:15,901 DEBUG    root            Running [gcloud.config.config-helper] with arguments: [--format: "json"]
2025-02-20 22:48:15,909 DEBUG    root            Chosen display Format:default json
2025-02-20 22:48:15,909 INFO     root            Display format: "default json"
2025-02-20 22:48:15,930 INFO     ___FILE_ONLY___ {
  "configuration": {
    "active_configuration": "default",
    "properties": {
      "core": {
        "account": "1201ljhun@gmail.com",
        "disable_usage_reporting": "True",
        "project": "peppy-arcadia-432311-g5"
      }
    }
  },
  "credential": {
    "access_token": "ya29.a0AXeO80RGkjOokd9DxdU3p7TeFmGe2bea0bL2heqNCjRS3jl8Xr2l3iYO_JuuSLSeqfYugixDR56mbT2CZrBG569Bkz7RLiypzb_LOFPxrxZ4wJTYFTvzIIwu03ueUrF4rhEegZzvKtieixkpagtzE37pWPAL1DYomBz7g7h8Fdhqf1x1aCgYKAYQSARISFQHGX2MiuAQtrMxxZL7Lt5AY3a_z3Q0183",
    "id_token": "eyJhbGciOiJSUzI1NiIsImtpZCI6IjVkMTJhYjc4MmNiNjA5NjI4NWY2OWU0OGFlYTk5MDc5YmI1OWNiODYiLCJ0eXAiOiJKV1QifQ.eyJpc3MiOiJodHRwczovL2FjY291bnRzLmdvb2dsZS5jb20iLCJhenAiOiIzMjU1NTk0MDU1OS5hcHBzLmdvb2dsZXVzZXJjb250ZW50LmNvbSIsImF1ZCI6IjMyNTU1OTQwNTU5LmFwcHMuZ29vZ2xldXNlcmNvbnRlbnQuY29tIiwic3ViIjoiMTA1MDk2MzU3NDMwMjQzNjQxMTQxIiwiZW1haWwiOiIxMjAxbGpodW5AZ21haWwuY29tIiwiZW1haWxfdmVyaWZpZWQiOnRydWUsImF0X2hhc2giOiJzcEhIX2ZOajU0am1PY0NSZ3RpOGhBIiwiaWF0IjoxNzQwMDU2OTM5LCJleHAiOjE3NDAwNjA1Mzl9.RNXHERd_n4qjGWLWVGwMq7xED2oQYq6TgxBSHQPukF0a3e2Z23tHe8M3dB8P9QPa8qlDPaKAtKObXUjJi0ZyupsWrsx2gBknyGk0DqiJvoQ1lrHBwSRTRtCYZwfCkM-uai6oI1h3XMoHqU540euO1E44I0nE9kD9OPdVS12If26e9irSO7BEhCYgww1djEKB9byPgYEucoJ9e5edGco9P-jP7kwZNGQj8bZARByqO4jrqTd2_AIJw8sUhRrwyA7qALj-44S5z3jKsRUjWJjPA2ybD86HBw_UyxasRisJQZPb5PGuEI1g1K-A3j6WWh1tnL_hGRcpGSvneyIdfiJFuA",
    "token_expiry": "2025-02-20T14:08:58Z"
  },
  "sentinels": {
    "config_sentinel": "/home/ubuntu/.config/gcloud/config_sentinel"
  }
}
2025-02-20 22:48:15,930 INFO     ___FILE_ONLY___ 

2025-02-20 22:48:15,931 DEBUG    root            SDK update checks are disabled.
