2025-02-20 23:10:50,299 DEBUG    root            Loaded Command Group: ['gcloud', 'config']
2025-02-20 23:10:50,309 DEBUG    root            Loaded Command Group: ['gcloud', 'config', 'config_helper']
2025-02-20 23:10:50,310 DEBUG    root            Running [gcloud.config.config-helper] with arguments: [--format: "json"]
2025-02-20 23:10:50,352 DEBUG    root            Chosen display Format:default json
2025-02-20 23:10:50,352 INFO     root            Display format: "default json"
2025-02-20 23:10:50,372 INFO     ___FILE_ONLY___ {
  "configuration": {
    "active_configuration": "default",
    "properties": {
      "core": {
        "account": "1201ljhun@gmail.com",
        "disable_usage_reporting": "True",
        "project": "peppy-arcadia-432311-g5"
      }
    }
  },
  "credential": {
    "access_token": "ya29.a0AXeO80RnPOearnHNRv2Xxa9jZObGCWydHVbF3LXTdXqclzqvS3YV2c5_nVOC2nd1DRRMeGOSnXQ8NHoc5UWXKgeIuSL_lpW2fltSLZl_25xAItNCivZSrlrhRTPalktn7M2xScUYh2vz0MzsZDdJznKZQ3UHJ8PhG_xnrx2Tdz33qtC5aCgYKAWkSARISFQHGX2MiIe_CEpAXepichnMbp2xZXQ0183",
    "id_token": "eyJhbGciOiJSUzI1NiIsImtpZCI6IjVkMTJhYjc4MmNiNjA5NjI4NWY2OWU0OGFlYTk5MDc5YmI1OWNiODYiLCJ0eXAiOiJKV1QifQ.eyJpc3MiOiJodHRwczovL2FjY291bnRzLmdvb2dsZS5jb20iLCJhenAiOiIzMjU1NTk0MDU1OS5hcHBzLmdvb2dsZXVzZXJjb250ZW50LmNvbSIsImF1ZCI6IjMyNTU1OTQwNTU5LmFwcHMuZ29vZ2xldXNlcmNvbnRlbnQuY29tIiwic3ViIjoiMTA1MDk2MzU3NDMwMjQzNjQxMTQxIiwiZW1haWwiOiIxMjAxbGpodW5AZ21haWwuY29tIiwiZW1haWxfdmVyaWZpZWQiOnRydWUsImF0X2hhc2giOiJxZmszZkZ1ckZETkJfZV9odWd2QV93IiwiaWF0IjoxNzQwMDYwMjUzLCJleHAiOjE3NDAwNjM4NTN9.Y0IH43Lyuxjn9um43WMRxtRTI4W-CC4UPYJ1qHXOAl2HIrt7J0XyYSOcM8HqJHBowpHTsXgaCnrPJPC8jWzMd_Zb7k3aOAgJOCM7FI9ro2b7l9sBR3z51gISxLwT7IZQHPx_p4TYwAjDfvVLxw2sagC1DMrUUrqgeCwdau60351XdJ-j8EF5ymhN61ExEydgG7J_OF6XyoinWoMysQYSajUe-FfkDjFrHf9fdi-yFbsSpXDswAQ2s2CWb1jjvQict4uWfQKDNFoyOX1ZNBlg5yX4II1RJVdGx3uYiX-KZ8cPrXmZ8Y5eo0XnYsMjXtCIWIuzdHVmWiAqgfgRx0BNtw",
    "token_expiry": "2025-02-20T15:04:12Z"
  },
  "sentinels": {
    "config_sentinel": "/home/ubuntu/.config/gcloud/config_sentinel"
  }
}
2025-02-20 23:10:50,373 INFO     ___FILE_ONLY___ 

2025-02-20 23:10:50,373 DEBUG    root            SDK update checks are disabled.
