2025-02-21 01:05:50,829 DEBUG    root            Loaded Command Group: ['gcloud', 'compute']
2025-02-21 01:05:50,832 DEBUG    root            Loaded Command Group: ['gcloud', 'compute', 'routes']
2025-02-21 01:05:50,843 DEBUG    root            Loaded Command Group: ['gcloud', 'compute', 'routes', 'list']
2025-02-21 01:05:50,845 DEBUG    root            Running [gcloud.compute.routes.list] with arguments: [--filter: "destRange=10.0.0.0/16"]
2025-02-21 01:05:50,970 INFO     root            client_filter=None server_filter='destRange eq ".*\\b10\\.0\\.0\\.0/16\\b.*"'
2025-02-21 01:05:50,971 INFO     root            client_filter=None server_filter='destRange eq ".*\\b10\\.0\\.0\\.0/16\\b.*"'
2025-02-21 01:05:50,971 DEBUG    root            Chosen display Format:    table(
      name,
      network.basename(),
      destRange,
      firstof(
          nextHopInstance,
          nextHopGateway,
          nextHopIp,
          nextHopVpnTunnel,
          nextHopPeering,
          nextHopNetwork,
          nextHopHub).scope()
        :label=NEXT_HOP,
      priority
    )
2025-02-21 01:05:50,971 INFO     root            Display format: "    table(
      name,
      network.basename(),
      destRange,
      firstof(
          nextHopInstance,
          nextHopGateway,
          nextHopIp,
          nextHopVpnTunnel,
          nextHopPeering,
          nextHopNetwork,
          nextHopHub).scope()
        :label=NEXT_HOP,
      priority
    )"
2025-02-21 01:05:50,974 DEBUG    urllib3.connectionpool Starting new HTTPS connection (1): compute.googleapis.com:443
2025-02-21 01:05:51,556 DEBUG    urllib3.connectionpool https://compute.googleapis.com:443 "GET /compute/v1/projects/peppy-arcadia-432311-g5/global/routes?alt=json&filter=destRange+eq+%22.%2A%5Cb10%5C.0%5C.0%5C.0%2F16%5Cb.%2A%22&maxResults=500 HTTP/1.1" 200 None
2025-02-21 01:05:51,591 INFO     root            cache collection=compute.routes api_version=v1 params=['project', 'route']
2025-02-21 01:05:51,612 INFO     ___FILE_ONLY___ NAME
2025-02-21 01:05:51,612 INFO     ___FILE_ONLY___                      
2025-02-21 01:05:51,612 INFO     ___FILE_ONLY___ NETWORK
2025-02-21 01:05:51,612 INFO     ___FILE_ONLY___      
2025-02-21 01:05:51,612 INFO     ___FILE_ONLY___ DEST_RANGE
2025-02-21 01:05:51,612 INFO     ___FILE_ONLY___    
2025-02-21 01:05:51,612 INFO     ___FILE_ONLY___ NEXT_HOP
2025-02-21 01:05:51,613 INFO     ___FILE_ONLY___                                      
2025-02-21 01:05:51,613 INFO     ___FILE_ONLY___ PRIORITY
2025-02-21 01:05:51,613 INFO     ___FILE_ONLY___ 

2025-02-21 01:05:51,613 INFO     ___FILE_ONLY___ gcp-to-aws-route
2025-02-21 01:05:51,613 INFO     ___FILE_ONLY___          
2025-02-21 01:05:51,613 INFO     ___FILE_ONLY___ gcp-dr-vpc
2025-02-21 01:05:51,613 INFO     ___FILE_ONLY___   
2025-02-21 01:05:51,613 INFO     ___FILE_ONLY___ 10.0.0.0/16
2025-02-21 01:05:51,613 INFO     ___FILE_ONLY___   
2025-02-21 01:05:51,613 INFO     ___FILE_ONLY___ asia-northeast3/vpnTunnels/aws-to-gcp-vpn-1
2025-02-21 01:05:51,613 INFO     ___FILE_ONLY___   
2025-02-21 01:05:51,613 INFO     ___FILE_ONLY___ 1000
2025-02-21 01:05:51,613 INFO     ___FILE_ONLY___ 

2025-02-21 01:05:51,613 INFO     ___FILE_ONLY___ gcp-to-aws-route-backup
2025-02-21 01:05:51,613 INFO     ___FILE_ONLY___   
2025-02-21 01:05:51,613 INFO     ___FILE_ONLY___ gcp-dr-vpc
2025-02-21 01:05:51,613 INFO     ___FILE_ONLY___   
2025-02-21 01:05:51,613 INFO     ___FILE_ONLY___ 10.0.0.0/16
2025-02-21 01:05:51,613 INFO     ___FILE_ONLY___   
2025-02-21 01:05:51,613 INFO     ___FILE_ONLY___ asia-northeast3/vpnTunnels/aws-to-gcp-vpn-2
2025-02-21 01:05:51,613 INFO     ___FILE_ONLY___   
2025-02-21 01:05:51,613 INFO     ___FILE_ONLY___ 2000
2025-02-21 01:05:51,613 INFO     ___FILE_ONLY___ 

2025-02-21 01:05:51,613 DEBUG    root            SDK update checks are disabled.
