2025-02-21 01:45:14,643 DEBUG    root            Loaded Command Group: ['gcloud', 'compute']
2025-02-21 01:45:14,645 DEBUG    root            Loaded Command Group: ['gcloud', 'compute', 'routes']
2025-02-21 01:45:14,657 DEBUG    root            Loaded Command Group: ['gcloud', 'compute', 'routes', 'list']
2025-02-21 01:45:14,658 DEBUG    root            Running [gcloud.compute.routes.list] with arguments: [--filter: "network:gcp-vpc-name"]
2025-02-21 01:45:14,766 DEBUG    google.auth.transport.requests Making request: POST https://oauth2.googleapis.com/token
2025-02-21 01:45:14,768 DEBUG    urllib3.connectionpool Starting new HTTPS connection (1): oauth2.googleapis.com:443
2025-02-21 01:45:15,086 DEBUG    urllib3.connectionpool https://oauth2.googleapis.com:443 "POST /token HTTP/1.1" 200 None
2025-02-21 01:45:15,224 INFO     root            client_filter=None server_filter='network eq ".*\\bgcp\\-vpc\\-name\\b.*"'
2025-02-21 01:45:15,225 INFO     root            client_filter=None server_filter='network eq ".*\\bgcp\\-vpc\\-name\\b.*"'
2025-02-21 01:45:15,225 DEBUG    root            Chosen display Format:    table(
      name,
      network.basename(),
      destRange,
      firstof(
          nextHopInstance,
          nextHopGateway,
          nextHopIp,
          nextHopVpnTunnel,
          nextHopPeering,
          nextHopNetwork,
          nextHopHub).scope()
        :label=NEXT_HOP,
      priority
    )
2025-02-21 01:45:15,225 INFO     root            Display format: "    table(
      name,
      network.basename(),
      destRange,
      firstof(
          nextHopInstance,
          nextHopGateway,
          nextHopIp,
          nextHopVpnTunnel,
          nextHopPeering,
          nextHopNetwork,
          nextHopHub).scope()
        :label=NEXT_HOP,
      priority
    )"
2025-02-21 01:45:15,227 DEBUG    urllib3.connectionpool Starting new HTTPS connection (1): compute.googleapis.com:443
2025-02-21 01:45:15,841 DEBUG    urllib3.connectionpool https://compute.googleapis.com:443 "GET /compute/v1/projects/peppy-arcadia-432311-g5/global/routes?alt=json&filter=network+eq+%22.%2A%5Cbgcp%5C-vpc%5C-name%5Cb.%2A%22&maxResults=500 HTTP/1.1" 200 None
2025-02-21 01:45:15,877 INFO     root            cache collection=compute.routes api_version=v1 params=['project', 'route']
2025-02-21 01:45:15,905 INFO     ___FILE_ONLY___ Listed 0 items.

2025-02-21 01:45:15,905 DEBUG    root            SDK update checks are disabled.
