2025-02-21 15:00:53,914 DEBUG    root            Loaded Command Group: ['gcloud', 'config']
2025-02-21 15:00:53,917 DEBUG    root            Loaded Command Group: ['gcloud', 'config', 'config_helper']
2025-02-21 15:00:53,918 DEBUG    root            Running [gcloud.config.config-helper] with arguments: [--format: "json"]
2025-02-21 15:00:53,926 DEBUG    root            Chosen display Format:default json
2025-02-21 15:00:53,926 INFO     root            Display format: "default json"
2025-02-21 15:00:53,951 INFO     ___FILE_ONLY___ {
  "configuration": {
    "active_configuration": "default",
    "properties": {
      "core": {
        "account": "1201ljhun@gmail.com",
        "disable_usage_reporting": "True",
        "project": "peppy-arcadia-432311-g5"
      }
    }
  },
  "credential": {
    "access_token": "ya29.a0AXeO80Q7B5pwUixLorTM7D38xMHDjIL3Vl7ycOE4LAQV_-73DLgBXtKohOfX4F8os2ZakSjoQNiDZ1AvGofgfU1aghHFUQTluXwd3g-xPK9YVKd09i0hALgTGkPpj9voBUaBukeGdxX46c3ecXREHPlGdmAbYnr_nbpA82Xm3qQ5KyzfaCgYKAVUSARISFQHGX2MiZ8jNPI1nB9kFKZJB9TL2tA0183",
    "id_token": "eyJhbGciOiJSUzI1NiIsImtpZCI6Ijc2M2Y3YzRjZDI2YTFlYjJiMWIzOWE4OGY0NDM0ZDFmNGQ5YTM2OGIiLCJ0eXAiOiJKV1QifQ.eyJpc3MiOiJodHRwczovL2FjY291bnRzLmdvb2dsZS5jb20iLCJhenAiOiIzMjU1NTk0MDU1OS5hcHBzLmdvb2dsZXVzZXJjb250ZW50LmNvbSIsImF1ZCI6IjMyNTU1OTQwNTU5LmFwcHMuZ29vZ2xldXNlcmNvbnRlbnQuY29tIiwic3ViIjoiMTA1MDk2MzU3NDMwMjQzNjQxMTQxIiwiZW1haWwiOiIxMjAxbGpodW5AZ21haWwuY29tIiwiZW1haWxfdmVyaWZpZWQiOnRydWUsImF0X2hhc2giOiI3c09maG1mZ0xNNGtHdVd6SzFNclBBIiwiaWF0IjoxNzQwMTE0NzAxLCJleHAiOjE3NDAxMTgzMDF9.oHGJvNfcinxdBENQnD00gbl-OLLdlLr8Vj6YqpwJNg_8mAf2O-2Wzpo9k5KqE9q5w29l-S6OAJAqSvdi9HjyAOi4kXXqI3-Tpdcia5ptrOmVglu2xZ4_WqKg4HtThTnHPuWC5layj6nXqlTr8AQNR4gdXqRgbNChWOrotAZYYzrmPhlmMGzr0vtAJb8dxriXYjR6FeI-5ed8GO9uZfPvoFaMDEba6tMH92r6gC3BznWYVy2YaM_zellxduzyHkaahd3rHgN-1hYKSSmn9EnvNm4JirC2PAX2Ar_yno5fg7fAr3qpH_u459a5o4DSt2-d95175-_f7qf59Z9C2i6dgA",
    "token_expiry": "2025-02-21T06:11:40Z"
  },
  "sentinels": {
    "config_sentinel": "/home/ubuntu/.config/gcloud/config_sentinel"
  }
}
2025-02-21 15:00:53,951 INFO     ___FILE_ONLY___ 

2025-02-21 15:00:53,951 DEBUG    root            SDK update checks are disabled.
