2025-02-21 15:48:03,023 DEBUG    root            Loaded Command Group: ['gcloud', 'compute']
2025-02-21 15:48:03,025 DEBUG    root            Loaded Command Group: ['gcloud', 'compute', 'firewall_rules']
2025-02-21 15:48:03,029 DEBUG    root            Loaded Command Group: ['gcloud', 'compute', 'firewall-rules', 'list']
2025-02-21 15:48:03,031 DEBUG    root            Running [gcloud.compute.firewall-rules.list] with arguments: [--filter: "network=gcp-dr-vpc"]
2025-02-21 15:48:03,213 INFO     root            client_filter=None server_filter='network eq ".*\\bgcp\\-dr\\-vpc\\b.*"'
2025-02-21 15:48:03,213 INFO     root            client_filter=None server_filter='network eq ".*\\bgcp\\-dr\\-vpc\\b.*"'
2025-02-21 15:48:03,213 DEBUG    root            Chosen display Format:    table(
      name,
      network.basename(),
      direction,
      priority,
      allowed[].map().firewall_rule().list():label=ALLOW,
      denied[].map().firewall_rule().list():label=DENY,
      disabled
    )
2025-02-21 15:48:03,214 INFO     root            Display format: "    table(
      name,
      network.basename(),
      direction,
      priority,
      allowed[].map().firewall_rule().list():label=ALLOW,
      denied[].map().firewall_rule().list():label=DENY,
      disabled
    )"
2025-02-21 15:48:03,215 DEBUG    urllib3.connectionpool Starting new HTTPS connection (1): compute.googleapis.com:443
2025-02-21 15:48:03,690 DEBUG    urllib3.connectionpool https://compute.googleapis.com:443 "GET /compute/v1/projects/peppy-arcadia-432311-g5/global/firewalls?alt=json&filter=network+eq+%22.%2A%5Cbgcp%5C-dr%5C-vpc%5Cb.%2A%22&maxResults=500 HTTP/1.1" 200 None
2025-02-21 15:48:03,716 INFO     root            cache collection=compute.firewalls api_version=v1 params=['project', 'firewall']
2025-02-21 15:48:03,736 INFO     ___FILE_ONLY___ NAME
2025-02-21 15:48:03,736 INFO     ___FILE_ONLY___                                
2025-02-21 15:48:03,736 INFO     ___FILE_ONLY___ NETWORK
2025-02-21 15:48:03,736 INFO     ___FILE_ONLY___      
2025-02-21 15:48:03,736 INFO     ___FILE_ONLY___ DIRECTION
2025-02-21 15:48:03,736 INFO     ___FILE_ONLY___   
2025-02-21 15:48:03,737 INFO     ___FILE_ONLY___ PRIORITY
2025-02-21 15:48:03,737 INFO     ___FILE_ONLY___   
2025-02-21 15:48:03,737 INFO     ___FILE_ONLY___ ALLOW
2025-02-21 15:48:03,737 INFO     ___FILE_ONLY___                          
2025-02-21 15:48:03,737 INFO     ___FILE_ONLY___ DENY
2025-02-21 15:48:03,737 INFO     ___FILE_ONLY___        
2025-02-21 15:48:03,737 INFO     ___FILE_ONLY___ DISABLED
2025-02-21 15:48:03,737 INFO     ___FILE_ONLY___ 

2025-02-21 15:48:03,737 INFO     ___FILE_ONLY___ allow-aws-to-cloudsql
2025-02-21 15:48:03,737 INFO     ___FILE_ONLY___               
2025-02-21 15:48:03,737 INFO     ___FILE_ONLY___ gcp-dr-vpc
2025-02-21 15:48:03,737 INFO     ___FILE_ONLY___   
2025-02-21 15:48:03,737 INFO     ___FILE_ONLY___ INGRESS
2025-02-21 15:48:03,737 INFO     ___FILE_ONLY___     
2025-02-21 15:48:03,737 INFO     ___FILE_ONLY___ 1000
2025-02-21 15:48:03,737 INFO     ___FILE_ONLY___       
2025-02-21 15:48:03,737 INFO     ___FILE_ONLY___ tcp:3306
2025-02-21 15:48:03,737 INFO     ___FILE_ONLY___                                  
2025-02-21 15:48:03,737 INFO     ___FILE_ONLY___ False
2025-02-21 15:48:03,737 INFO     ___FILE_ONLY___ 

2025-02-21 15:48:03,737 INFO     ___FILE_ONLY___ allow-aws-vpn
2025-02-21 15:48:03,737 INFO     ___FILE_ONLY___                       
2025-02-21 15:48:03,737 INFO     ___FILE_ONLY___ gcp-dr-vpc
2025-02-21 15:48:03,737 INFO     ___FILE_ONLY___   
2025-02-21 15:48:03,737 INFO     ___FILE_ONLY___ INGRESS
2025-02-21 15:48:03,737 INFO     ___FILE_ONLY___     
2025-02-21 15:48:03,737 INFO     ___FILE_ONLY___ 1000
2025-02-21 15:48:03,737 INFO     ___FILE_ONLY___       
2025-02-21 15:48:03,737 INFO     ___FILE_ONLY___ tcp:3306
2025-02-21 15:48:03,737 INFO     ___FILE_ONLY___                                  
2025-02-21 15:48:03,737 INFO     ___FILE_ONLY___ False
2025-02-21 15:48:03,737 INFO     ___FILE_ONLY___ 

2025-02-21 15:48:03,737 INFO     ___FILE_ONLY___ allow-dms-to-cloudsql
2025-02-21 15:48:03,737 INFO     ___FILE_ONLY___               
2025-02-21 15:48:03,737 INFO     ___FILE_ONLY___ gcp-dr-vpc
2025-02-21 15:48:03,737 INFO     ___FILE_ONLY___   
2025-02-21 15:48:03,737 INFO     ___FILE_ONLY___ INGRESS
2025-02-21 15:48:03,737 INFO     ___FILE_ONLY___     
2025-02-21 15:48:03,737 INFO     ___FILE_ONLY___ 1000
2025-02-21 15:48:03,737 INFO     ___FILE_ONLY___       
2025-02-21 15:48:03,737 INFO     ___FILE_ONLY___ tcp:3306
2025-02-21 15:48:03,737 INFO     ___FILE_ONLY___                                  
2025-02-21 15:48:03,737 INFO     ___FILE_ONLY___ False
2025-02-21 15:48:03,738 INFO     ___FILE_ONLY___ 

2025-02-21 15:48:03,738 INFO     ___FILE_ONLY___ allow-gcp-to-rds
2025-02-21 15:48:03,738 INFO     ___FILE_ONLY___                    
2025-02-21 15:48:03,738 INFO     ___FILE_ONLY___ gcp-dr-vpc
2025-02-21 15:48:03,738 INFO     ___FILE_ONLY___   
2025-02-21 15:48:03,738 INFO     ___FILE_ONLY___ INGRESS
2025-02-21 15:48:03,738 INFO     ___FILE_ONLY___     
2025-02-21 15:48:03,738 INFO     ___FILE_ONLY___ 1000
2025-02-21 15:48:03,738 INFO     ___FILE_ONLY___       
2025-02-21 15:48:03,738 INFO     ___FILE_ONLY___ tcp:3306
2025-02-21 15:48:03,738 INFO     ___FILE_ONLY___                                  
2025-02-21 15:48:03,738 INFO     ___FILE_ONLY___ False
2025-02-21 15:48:03,738 INFO     ___FILE_ONLY___ 

2025-02-21 15:48:03,738 INFO     ___FILE_ONLY___ allow-icmp
2025-02-21 15:48:03,738 INFO     ___FILE_ONLY___                          
2025-02-21 15:48:03,738 INFO     ___FILE_ONLY___ gcp-dr-vpc
2025-02-21 15:48:03,738 INFO     ___FILE_ONLY___   
2025-02-21 15:48:03,738 INFO     ___FILE_ONLY___ INGRESS
2025-02-21 15:48:03,738 INFO     ___FILE_ONLY___     
2025-02-21 15:48:03,738 INFO     ___FILE_ONLY___ 1000
2025-02-21 15:48:03,738 INFO     ___FILE_ONLY___       
2025-02-21 15:48:03,738 INFO     ___FILE_ONLY___ icmp
2025-02-21 15:48:03,738 INFO     ___FILE_ONLY___                                      
2025-02-21 15:48:03,738 INFO     ___FILE_ONLY___ False
2025-02-21 15:48:03,738 INFO     ___FILE_ONLY___ 

2025-02-21 15:48:03,738 INFO     ___FILE_ONLY___ allow-vpn-ipsec
2025-02-21 15:48:03,738 INFO     ___FILE_ONLY___                     
2025-02-21 15:48:03,738 INFO     ___FILE_ONLY___ gcp-dr-vpc
2025-02-21 15:48:03,738 INFO     ___FILE_ONLY___   
2025-02-21 15:48:03,738 INFO     ___FILE_ONLY___ INGRESS
2025-02-21 15:48:03,738 INFO     ___FILE_ONLY___     
2025-02-21 15:48:03,738 INFO     ___FILE_ONLY___ 1000
2025-02-21 15:48:03,738 INFO     ___FILE_ONLY___       
2025-02-21 15:48:03,738 INFO     ___FILE_ONLY___ udp:500,udp:4500
2025-02-21 15:48:03,738 INFO     ___FILE_ONLY___                          
2025-02-21 15:48:03,738 INFO     ___FILE_ONLY___ False
2025-02-21 15:48:03,738 INFO     ___FILE_ONLY___ 

2025-02-21 15:48:03,738 INFO     ___FILE_ONLY___ gke-gcp-dr-gke-f572f8ab-all
2025-02-21 15:48:03,738 INFO     ___FILE_ONLY___         
2025-02-21 15:48:03,738 INFO     ___FILE_ONLY___ gcp-dr-vpc
2025-02-21 15:48:03,738 INFO     ___FILE_ONLY___   
2025-02-21 15:48:03,738 INFO     ___FILE_ONLY___ INGRESS
2025-02-21 15:48:03,739 INFO     ___FILE_ONLY___     
2025-02-21 15:48:03,739 INFO     ___FILE_ONLY___ 1000
2025-02-21 15:48:03,739 INFO     ___FILE_ONLY___       
2025-02-21 15:48:03,739 INFO     ___FILE_ONLY___ sctp,tcp,udp,icmp,esp,ah
2025-02-21 15:48:03,739 INFO     ___FILE_ONLY___                  
2025-02-21 15:48:03,739 INFO     ___FILE_ONLY___ False
2025-02-21 15:48:03,739 INFO     ___FILE_ONLY___ 

2025-02-21 15:48:03,739 INFO     ___FILE_ONLY___ gke-gcp-dr-gke-f572f8ab-exkubelet
2025-02-21 15:48:03,739 INFO     ___FILE_ONLY___   
2025-02-21 15:48:03,739 INFO     ___FILE_ONLY___ gcp-dr-vpc
2025-02-21 15:48:03,739 INFO     ___FILE_ONLY___   
2025-02-21 15:48:03,739 INFO     ___FILE_ONLY___ INGRESS
2025-02-21 15:48:03,739 INFO     ___FILE_ONLY___     
2025-02-21 15:48:03,739 INFO     ___FILE_ONLY___ 1000
2025-02-21 15:48:03,739 INFO     ___FILE_ONLY___                                     
2025-02-21 15:48:03,739 INFO     ___FILE_ONLY___ tcp:10255
2025-02-21 15:48:03,739 INFO     ___FILE_ONLY___   
2025-02-21 15:48:03,739 INFO     ___FILE_ONLY___ False
2025-02-21 15:48:03,739 INFO     ___FILE_ONLY___ 

2025-02-21 15:48:03,739 INFO     ___FILE_ONLY___ gke-gcp-dr-gke-f572f8ab-inkubelet
2025-02-21 15:48:03,739 INFO     ___FILE_ONLY___   
2025-02-21 15:48:03,739 INFO     ___FILE_ONLY___ gcp-dr-vpc
2025-02-21 15:48:03,739 INFO     ___FILE_ONLY___   
2025-02-21 15:48:03,739 INFO     ___FILE_ONLY___ INGRESS
2025-02-21 15:48:03,739 INFO     ___FILE_ONLY___     
2025-02-21 15:48:03,739 INFO     ___FILE_ONLY___ 999
2025-02-21 15:48:03,739 INFO     ___FILE_ONLY___        
2025-02-21 15:48:03,739 INFO     ___FILE_ONLY___ tcp:10255
2025-02-21 15:48:03,739 INFO     ___FILE_ONLY___                                 
2025-02-21 15:48:03,739 INFO     ___FILE_ONLY___ False
2025-02-21 15:48:03,739 INFO     ___FILE_ONLY___ 

2025-02-21 15:48:03,739 INFO     ___FILE_ONLY___ gke-gcp-dr-gke-f572f8ab-vms
2025-02-21 15:48:03,739 INFO     ___FILE_ONLY___         
2025-02-21 15:48:03,739 INFO     ___FILE_ONLY___ gcp-dr-vpc
2025-02-21 15:48:03,739 INFO     ___FILE_ONLY___   
2025-02-21 15:48:03,739 INFO     ___FILE_ONLY___ INGRESS
2025-02-21 15:48:03,739 INFO     ___FILE_ONLY___     
2025-02-21 15:48:03,739 INFO     ___FILE_ONLY___ 1000
2025-02-21 15:48:03,739 INFO     ___FILE_ONLY___       
2025-02-21 15:48:03,739 INFO     ___FILE_ONLY___ udp:1-65535,icmp,tcp:1-65535
2025-02-21 15:48:03,739 INFO     ___FILE_ONLY___              
2025-02-21 15:48:03,739 INFO     ___FILE_ONLY___ False
2025-02-21 15:48:03,739 INFO     ___FILE_ONLY___ 

2025-02-21 15:48:03,739 INFO     ___FILE_ONLY___ k8s-fw-l7--4cb3cfbc7464c4a0
2025-02-21 15:48:03,739 INFO     ___FILE_ONLY___         
2025-02-21 15:48:03,739 INFO     ___FILE_ONLY___ gcp-dr-vpc
2025-02-21 15:48:03,739 INFO     ___FILE_ONLY___   
2025-02-21 15:48:03,739 INFO     ___FILE_ONLY___ INGRESS
2025-02-21 15:48:03,739 INFO     ___FILE_ONLY___     
2025-02-21 15:48:03,740 INFO     ___FILE_ONLY___ 1000
2025-02-21 15:48:03,740 INFO     ___FILE_ONLY___       
2025-02-21 15:48:03,740 INFO     ___FILE_ONLY___ tcp:30000-32767
2025-02-21 15:48:03,740 INFO     ___FILE_ONLY___                           
2025-02-21 15:48:03,740 INFO     ___FILE_ONLY___ False
2025-02-21 15:48:03,740 INFO     ___FILE_ONLY___ 

2025-02-21 15:48:03,740 INFO     ___FILE_ONLY___ 
To show all fields of the firewall, please show in JSON format: --format=json
To show all fields in table format, please see the examples in --help.


2025-02-21 15:48:03,740 DEBUG    root            SDK update checks are disabled.
