2025-02-21 15:57:16,924 DEBUG    root            Loaded Command Group: ['gcloud', 'compute']
2025-02-21 15:57:16,925 DEBUG    root            Loaded Command Group: ['gcloud', 'compute', 'firewall_rules']
2025-02-21 15:57:16,933 DEBUG    root            Loaded Command Group: ['gcloud', 'compute', 'firewall-rules', 'list']
2025-02-21 15:57:16,935 DEBUG    root            Running [gcloud.compute.firewall-rules.list] with arguments: [--filter: "network=gcp-dr-vpc", --format: "json"]
2025-02-21 15:57:17,151 INFO     root            client_filter=None server_filter='network eq ".*\\bgcp\\-dr\\-vpc\\b.*"'
2025-02-21 15:57:17,152 INFO     root            client_filter=None server_filter='network eq ".*\\bgcp\\-dr\\-vpc\\b.*"'
2025-02-21 15:57:17,152 DEBUG    root            Chosen display Format:    table(
      name,
      network.basename(),
      direction,
      priority,
      allowed[].map().firewall_rule().list():label=ALLOW,
      denied[].map().firewall_rule().list():label=DENY,
      disabled
    ) json
2025-02-21 15:57:17,153 INFO     root            Display format: "    table(
      name,
      network.basename(),
      direction,
      priority,
      allowed[].map().firewall_rule().list():label=ALLOW,
      denied[].map().firewall_rule().list():label=DENY,
      disabled
    ) json"
2025-02-21 15:57:17,157 DEBUG    urllib3.connectionpool Starting new HTTPS connection (1): compute.googleapis.com:443
2025-02-21 15:57:17,807 DEBUG    urllib3.connectionpool https://compute.googleapis.com:443 "GET /compute/v1/projects/peppy-arcadia-432311-g5/global/firewalls?alt=json&filter=network+eq+%22.%2A%5Cbgcp%5C-dr%5C-vpc%5Cb.%2A%22&maxResults=500 HTTP/1.1" 200 None
2025-02-21 15:57:17,837 INFO     ___FILE_ONLY___ [
  {
2025-02-21 15:57:17,837 INFO     ___FILE_ONLY___ 
    "allowed": [
2025-02-21 15:57:17,838 INFO     ___FILE_ONLY___ 
      {
2025-02-21 15:57:17,838 INFO     ___FILE_ONLY___ 
        "IPProtocol": "tcp",
2025-02-21 15:57:17,839 INFO     ___FILE_ONLY___ 
        "ports": [
2025-02-21 15:57:17,839 INFO     ___FILE_ONLY___ 
          "3306"
2025-02-21 15:57:17,839 INFO     ___FILE_ONLY___ 
        ]
2025-02-21 15:57:17,839 INFO     ___FILE_ONLY___ 
      }
2025-02-21 15:57:17,840 INFO     ___FILE_ONLY___ 
    ],
2025-02-21 15:57:17,840 INFO     ___FILE_ONLY___ 
    "creationTimestamp": "2025-02-20T20:48:48.252-08:00",
2025-02-21 15:57:17,840 INFO     ___FILE_ONLY___ 
    "description": "",
2025-02-21 15:57:17,840 INFO     ___FILE_ONLY___ 
    "direction": "INGRESS",
2025-02-21 15:57:17,840 INFO     ___FILE_ONLY___ 
    "disabled": false,
2025-02-21 15:57:17,840 INFO     ___FILE_ONLY___ 
    "id": "2790509172361640799",
2025-02-21 15:57:17,841 INFO     ___FILE_ONLY___ 
    "kind": "compute#firewall",
2025-02-21 15:57:17,841 INFO     ___FILE_ONLY___ 
    "logConfig": {
2025-02-21 15:57:17,841 INFO     ___FILE_ONLY___ 
      "enable": false
2025-02-21 15:57:17,841 INFO     ___FILE_ONLY___ 
    },
2025-02-21 15:57:17,841 INFO     ___FILE_ONLY___ 
    "name": "allow-aws-to-cloudsql",
2025-02-21 15:57:17,841 INFO     ___FILE_ONLY___ 
    "network": "https://www.googleapis.com/compute/v1/projects/peppy-arcadia-432311-g5/global/networks/gcp-dr-vpc",
2025-02-21 15:57:17,841 INFO     ___FILE_ONLY___ 
    "priority": 1000,
2025-02-21 15:57:17,841 INFO     ___FILE_ONLY___ 
    "selfLink": "https://www.googleapis.com/compute/v1/projects/peppy-arcadia-432311-g5/global/firewalls/allow-aws-to-cloudsql",
2025-02-21 15:57:17,842 INFO     ___FILE_ONLY___ 
    "sourceRanges": [
2025-02-21 15:57:17,842 INFO     ___FILE_ONLY___ 
      "10.0.0.0/16"
2025-02-21 15:57:17,842 INFO     ___FILE_ONLY___ 
    ]
2025-02-21 15:57:17,842 INFO     ___FILE_ONLY___ 
  }
2025-02-21 15:57:17,842 INFO     ___FILE_ONLY___ ,
  {
2025-02-21 15:57:17,843 INFO     ___FILE_ONLY___ 
    "allowed": [
2025-02-21 15:57:17,843 INFO     ___FILE_ONLY___ 
      {
2025-02-21 15:57:17,843 INFO     ___FILE_ONLY___ 
        "IPProtocol": "tcp",
2025-02-21 15:57:17,843 INFO     ___FILE_ONLY___ 
        "ports": [
2025-02-21 15:57:17,843 INFO     ___FILE_ONLY___ 
          "3306"
2025-02-21 15:57:17,843 INFO     ___FILE_ONLY___ 
        ]
2025-02-21 15:57:17,843 INFO     ___FILE_ONLY___ 
      }
2025-02-21 15:57:17,843 INFO     ___FILE_ONLY___ 
    ],
2025-02-21 15:57:17,844 INFO     ___FILE_ONLY___ 
    "creationTimestamp": "2025-02-19T08:29:46.454-08:00",
2025-02-21 15:57:17,844 INFO     ___FILE_ONLY___ 
    "description": "",
2025-02-21 15:57:17,844 INFO     ___FILE_ONLY___ 
    "direction": "INGRESS",
2025-02-21 15:57:17,844 INFO     ___FILE_ONLY___ 
    "disabled": false,
2025-02-21 15:57:17,844 INFO     ___FILE_ONLY___ 
    "id": "349563263863470101",
2025-02-21 15:57:17,844 INFO     ___FILE_ONLY___ 
    "kind": "compute#firewall",
2025-02-21 15:57:17,844 INFO     ___FILE_ONLY___ 
    "logConfig": {
2025-02-21 15:57:17,844 INFO     ___FILE_ONLY___ 
      "enable": false
2025-02-21 15:57:17,844 INFO     ___FILE_ONLY___ 
    },
2025-02-21 15:57:17,845 INFO     ___FILE_ONLY___ 
    "name": "allow-aws-vpn",
2025-02-21 15:57:17,845 INFO     ___FILE_ONLY___ 
    "network": "https://www.googleapis.com/compute/v1/projects/peppy-arcadia-432311-g5/global/networks/gcp-dr-vpc",
2025-02-21 15:57:17,845 INFO     ___FILE_ONLY___ 
    "priority": 1000,
2025-02-21 15:57:17,845 INFO     ___FILE_ONLY___ 
    "selfLink": "https://www.googleapis.com/compute/v1/projects/peppy-arcadia-432311-g5/global/firewalls/allow-aws-vpn",
2025-02-21 15:57:17,845 INFO     ___FILE_ONLY___ 
    "sourceRanges": [
2025-02-21 15:57:17,845 INFO     ___FILE_ONLY___ 
      "10.0.0.0/16",
2025-02-21 15:57:17,845 INFO     ___FILE_ONLY___ 
      "10.0.0.0/24",
2025-02-21 15:57:17,846 INFO     ___FILE_ONLY___ 
      "10.0.1.0/24",
2025-02-21 15:57:17,846 INFO     ___FILE_ONLY___ 
      "10.0.2.0/24",
2025-02-21 15:57:17,846 INFO     ___FILE_ONLY___ 
      "10.0.3.0/24"
2025-02-21 15:57:17,846 INFO     ___FILE_ONLY___ 
    ]
2025-02-21 15:57:17,846 INFO     ___FILE_ONLY___ 
  }
2025-02-21 15:57:17,846 INFO     ___FILE_ONLY___ ,
  {
2025-02-21 15:57:17,847 INFO     ___FILE_ONLY___ 
    "allowed": [
2025-02-21 15:57:17,847 INFO     ___FILE_ONLY___ 
      {
2025-02-21 15:57:17,847 INFO     ___FILE_ONLY___ 
        "IPProtocol": "tcp",
2025-02-21 15:57:17,847 INFO     ___FILE_ONLY___ 
        "ports": [
2025-02-21 15:57:17,847 INFO     ___FILE_ONLY___ 
          "3306"
2025-02-21 15:57:17,847 INFO     ___FILE_ONLY___ 
        ]
2025-02-21 15:57:17,853 INFO     ___FILE_ONLY___ 
      }
2025-02-21 15:57:17,854 INFO     ___FILE_ONLY___ 
    ],
2025-02-21 15:57:17,855 INFO     ___FILE_ONLY___ 
    "creationTimestamp": "2025-02-20T00:51:20.803-08:00",
2025-02-21 15:57:17,856 INFO     ___FILE_ONLY___ 
    "description": "Allow DMS to access Cloud SQL",
2025-02-21 15:57:17,856 INFO     ___FILE_ONLY___ 
    "direction": "INGRESS",
2025-02-21 15:57:17,856 INFO     ___FILE_ONLY___ 
    "disabled": false,
2025-02-21 15:57:17,856 INFO     ___FILE_ONLY___ 
    "id": "8946462510406128615",
2025-02-21 15:57:17,856 INFO     ___FILE_ONLY___ 
    "kind": "compute#firewall",
2025-02-21 15:57:17,856 INFO     ___FILE_ONLY___ 
    "logConfig": {
2025-02-21 15:57:17,856 INFO     ___FILE_ONLY___ 
      "enable": false
2025-02-21 15:57:17,856 INFO     ___FILE_ONLY___ 
    },
2025-02-21 15:57:17,857 INFO     ___FILE_ONLY___ 
    "name": "allow-dms-to-cloudsql",
2025-02-21 15:57:17,857 INFO     ___FILE_ONLY___ 
    "network": "https://www.googleapis.com/compute/v1/projects/peppy-arcadia-432311-g5/global/networks/gcp-dr-vpc",
2025-02-21 15:57:17,857 INFO     ___FILE_ONLY___ 
    "priority": 1000,
2025-02-21 15:57:17,857 INFO     ___FILE_ONLY___ 
    "selfLink": "https://www.googleapis.com/compute/v1/projects/peppy-arcadia-432311-g5/global/firewalls/allow-dms-to-cloudsql",
2025-02-21 15:57:17,857 INFO     ___FILE_ONLY___ 
    "sourceRanges": [
2025-02-21 15:57:17,857 INFO     ___FILE_ONLY___ 
      "10.0.3.0/24"
2025-02-21 15:57:17,857 INFO     ___FILE_ONLY___ 
    ]
2025-02-21 15:57:17,857 INFO     ___FILE_ONLY___ 
  }
2025-02-21 15:57:17,858 INFO     ___FILE_ONLY___ ,
  {
2025-02-21 15:57:17,858 INFO     ___FILE_ONLY___ 
    "allowed": [
2025-02-21 15:57:17,858 INFO     ___FILE_ONLY___ 
      {
2025-02-21 15:57:17,858 INFO     ___FILE_ONLY___ 
        "IPProtocol": "tcp",
2025-02-21 15:57:17,859 INFO     ___FILE_ONLY___ 
        "ports": [
2025-02-21 15:57:17,859 INFO     ___FILE_ONLY___ 
          "3306"
2025-02-21 15:57:17,859 INFO     ___FILE_ONLY___ 
        ]
2025-02-21 15:57:17,859 INFO     ___FILE_ONLY___ 
      }
2025-02-21 15:57:17,859 INFO     ___FILE_ONLY___ 
    ],
2025-02-21 15:57:17,859 INFO     ___FILE_ONLY___ 
    "creationTimestamp": "2025-02-20T03:06:27.772-08:00",
2025-02-21 15:57:17,859 INFO     ___FILE_ONLY___ 
    "description": "",
2025-02-21 15:57:17,859 INFO     ___FILE_ONLY___ 
    "direction": "INGRESS",
2025-02-21 15:57:17,859 INFO     ___FILE_ONLY___ 
    "disabled": false,
2025-02-21 15:57:17,859 INFO     ___FILE_ONLY___ 
    "id": "5861216080954569308",
2025-02-21 15:57:17,859 INFO     ___FILE_ONLY___ 
    "kind": "compute#firewall",
2025-02-21 15:57:17,863 INFO     ___FILE_ONLY___ 
    "logConfig": {
2025-02-21 15:57:17,863 INFO     ___FILE_ONLY___ 
      "enable": false
2025-02-21 15:57:17,863 INFO     ___FILE_ONLY___ 
    },
2025-02-21 15:57:17,863 INFO     ___FILE_ONLY___ 
    "name": "allow-gcp-to-rds",
2025-02-21 15:57:17,863 INFO     ___FILE_ONLY___ 
    "network": "https://www.googleapis.com/compute/v1/projects/peppy-arcadia-432311-g5/global/networks/gcp-dr-vpc",
2025-02-21 15:57:17,864 INFO     ___FILE_ONLY___ 
    "priority": 1000,
2025-02-21 15:57:17,864 INFO     ___FILE_ONLY___ 
    "selfLink": "https://www.googleapis.com/compute/v1/projects/peppy-arcadia-432311-g5/global/firewalls/allow-gcp-to-rds",
2025-02-21 15:57:17,864 INFO     ___FILE_ONLY___ 
    "sourceRanges": [
2025-02-21 15:57:17,864 INFO     ___FILE_ONLY___ 
      "10.200.0.0/16"
2025-02-21 15:57:17,864 INFO     ___FILE_ONLY___ 
    ]
2025-02-21 15:57:17,864 INFO     ___FILE_ONLY___ 
  }
2025-02-21 15:57:17,864 INFO     ___FILE_ONLY___ ,
  {
2025-02-21 15:57:17,865 INFO     ___FILE_ONLY___ 
    "allowed": [
2025-02-21 15:57:17,865 INFO     ___FILE_ONLY___ 
      {
2025-02-21 15:57:17,865 INFO     ___FILE_ONLY___ 
        "IPProtocol": "icmp"
2025-02-21 15:57:17,865 INFO     ___FILE_ONLY___ 
      }
2025-02-21 15:57:17,865 INFO     ___FILE_ONLY___ 
    ],
2025-02-21 15:57:17,865 INFO     ___FILE_ONLY___ 
    "creationTimestamp": "2025-02-20T22:31:26.996-08:00",
2025-02-21 15:57:17,865 INFO     ___FILE_ONLY___ 
    "description": "",
2025-02-21 15:57:17,865 INFO     ___FILE_ONLY___ 
    "direction": "INGRESS",
2025-02-21 15:57:17,865 INFO     ___FILE_ONLY___ 
    "disabled": false,
2025-02-21 15:57:17,865 INFO     ___FILE_ONLY___ 
    "id": "8406341364724638545",
2025-02-21 15:57:17,865 INFO     ___FILE_ONLY___ 
    "kind": "compute#firewall",
2025-02-21 15:57:17,865 INFO     ___FILE_ONLY___ 
    "logConfig": {
2025-02-21 15:57:17,865 INFO     ___FILE_ONLY___ 
      "enable": false
2025-02-21 15:57:17,866 INFO     ___FILE_ONLY___ 
    },
2025-02-21 15:57:17,866 INFO     ___FILE_ONLY___ 
    "name": "allow-icmp",
2025-02-21 15:57:17,866 INFO     ___FILE_ONLY___ 
    "network": "https://www.googleapis.com/compute/v1/projects/peppy-arcadia-432311-g5/global/networks/gcp-dr-vpc",
2025-02-21 15:57:17,866 INFO     ___FILE_ONLY___ 
    "priority": 1000,
2025-02-21 15:57:17,866 INFO     ___FILE_ONLY___ 
    "selfLink": "https://www.googleapis.com/compute/v1/projects/peppy-arcadia-432311-g5/global/firewalls/allow-icmp",
2025-02-21 15:57:17,866 INFO     ___FILE_ONLY___ 
    "sourceRanges": [
2025-02-21 15:57:17,866 INFO     ___FILE_ONLY___ 
      "10.0.0.0/16"
2025-02-21 15:57:17,866 INFO     ___FILE_ONLY___ 
    ]
2025-02-21 15:57:17,866 INFO     ___FILE_ONLY___ 
  }
2025-02-21 15:57:17,866 INFO     ___FILE_ONLY___ ,
  {
2025-02-21 15:57:17,867 INFO     ___FILE_ONLY___ 
    "allowed": [
2025-02-21 15:57:17,867 INFO     ___FILE_ONLY___ 
      {
2025-02-21 15:57:17,867 INFO     ___FILE_ONLY___ 
        "IPProtocol": "udp",
2025-02-21 15:57:17,867 INFO     ___FILE_ONLY___ 
        "ports": [
2025-02-21 15:57:17,867 INFO     ___FILE_ONLY___ 
          "500",
2025-02-21 15:57:17,867 INFO     ___FILE_ONLY___ 
          "4500"
2025-02-21 15:57:17,867 INFO     ___FILE_ONLY___ 
        ]
2025-02-21 15:57:17,867 INFO     ___FILE_ONLY___ 
      }
2025-02-21 15:57:17,867 INFO     ___FILE_ONLY___ 
    ],
2025-02-21 15:57:17,867 INFO     ___FILE_ONLY___ 
    "creationTimestamp": "2025-02-20T20:48:48.235-08:00",
2025-02-21 15:57:17,867 INFO     ___FILE_ONLY___ 
    "description": "",
2025-02-21 15:57:17,867 INFO     ___FILE_ONLY___ 
    "direction": "INGRESS",
2025-02-21 15:57:17,867 INFO     ___FILE_ONLY___ 
    "disabled": false,
2025-02-21 15:57:17,868 INFO     ___FILE_ONLY___ 
    "id": "2437991734313335647",
2025-02-21 15:57:17,868 INFO     ___FILE_ONLY___ 
    "kind": "compute#firewall",
2025-02-21 15:57:17,868 INFO     ___FILE_ONLY___ 
    "logConfig": {
2025-02-21 15:57:17,868 INFO     ___FILE_ONLY___ 
      "enable": false
2025-02-21 15:57:17,868 INFO     ___FILE_ONLY___ 
    },
2025-02-21 15:57:17,868 INFO     ___FILE_ONLY___ 
    "name": "allow-vpn-ipsec",
2025-02-21 15:57:17,868 INFO     ___FILE_ONLY___ 
    "network": "https://www.googleapis.com/compute/v1/projects/peppy-arcadia-432311-g5/global/networks/gcp-dr-vpc",
2025-02-21 15:57:17,868 INFO     ___FILE_ONLY___ 
    "priority": 1000,
2025-02-21 15:57:17,868 INFO     ___FILE_ONLY___ 
    "selfLink": "https://www.googleapis.com/compute/v1/projects/peppy-arcadia-432311-g5/global/firewalls/allow-vpn-ipsec",
2025-02-21 15:57:17,869 INFO     ___FILE_ONLY___ 
    "sourceRanges": [
2025-02-21 15:57:17,869 INFO     ___FILE_ONLY___ 
      "0.0.0.0/0"
2025-02-21 15:57:17,869 INFO     ___FILE_ONLY___ 
    ]
2025-02-21 15:57:17,869 INFO     ___FILE_ONLY___ 
  }
2025-02-21 15:57:17,869 INFO     ___FILE_ONLY___ ,
  {
2025-02-21 15:57:17,869 INFO     ___FILE_ONLY___ 
    "allowed": [
2025-02-21 15:57:17,869 INFO     ___FILE_ONLY___ 
      {
2025-02-21 15:57:17,870 INFO     ___FILE_ONLY___ 
        "IPProtocol": "sctp"
2025-02-21 15:57:17,870 INFO     ___FILE_ONLY___ 
      },
2025-02-21 15:57:17,870 INFO     ___FILE_ONLY___ 
      {
2025-02-21 15:57:17,870 INFO     ___FILE_ONLY___ 
        "IPProtocol": "tcp"
2025-02-21 15:57:17,870 INFO     ___FILE_ONLY___ 
      },
2025-02-21 15:57:17,870 INFO     ___FILE_ONLY___ 
      {
2025-02-21 15:57:17,870 INFO     ___FILE_ONLY___ 
        "IPProtocol": "udp"
2025-02-21 15:57:17,870 INFO     ___FILE_ONLY___ 
      },
2025-02-21 15:57:17,870 INFO     ___FILE_ONLY___ 
      {
2025-02-21 15:57:17,870 INFO     ___FILE_ONLY___ 
        "IPProtocol": "icmp"
2025-02-21 15:57:17,870 INFO     ___FILE_ONLY___ 
      },
2025-02-21 15:57:17,870 INFO     ___FILE_ONLY___ 
      {
2025-02-21 15:57:17,870 INFO     ___FILE_ONLY___ 
        "IPProtocol": "esp"
2025-02-21 15:57:17,870 INFO     ___FILE_ONLY___ 
      },
2025-02-21 15:57:17,870 INFO     ___FILE_ONLY___ 
      {
2025-02-21 15:57:17,870 INFO     ___FILE_ONLY___ 
        "IPProtocol": "ah"
2025-02-21 15:57:17,870 INFO     ___FILE_ONLY___ 
      }
2025-02-21 15:57:17,870 INFO     ___FILE_ONLY___ 
    ],
2025-02-21 15:57:17,870 INFO     ___FILE_ONLY___ 
    "creationTimestamp": "2025-02-20T21:04:38.373-08:00",
2025-02-21 15:57:17,870 INFO     ___FILE_ONLY___ 
    "description": "",
2025-02-21 15:57:17,870 INFO     ___FILE_ONLY___ 
    "direction": "INGRESS",
2025-02-21 15:57:17,870 INFO     ___FILE_ONLY___ 
    "disabled": false,
2025-02-21 15:57:17,870 INFO     ___FILE_ONLY___ 
    "id": "7528897825532655497",
2025-02-21 15:57:17,870 INFO     ___FILE_ONLY___ 
    "kind": "compute#firewall",
2025-02-21 15:57:17,871 INFO     ___FILE_ONLY___ 
    "logConfig": {
2025-02-21 15:57:17,871 INFO     ___FILE_ONLY___ 
      "enable": false
2025-02-21 15:57:17,871 INFO     ___FILE_ONLY___ 
    },
2025-02-21 15:57:17,871 INFO     ___FILE_ONLY___ 
    "name": "gke-gcp-dr-gke-f572f8ab-all",
2025-02-21 15:57:17,871 INFO     ___FILE_ONLY___ 
    "network": "https://www.googleapis.com/compute/v1/projects/peppy-arcadia-432311-g5/global/networks/gcp-dr-vpc",
2025-02-21 15:57:17,871 INFO     ___FILE_ONLY___ 
    "priority": 1000,
2025-02-21 15:57:17,871 INFO     ___FILE_ONLY___ 
    "selfLink": "https://www.googleapis.com/compute/v1/projects/peppy-arcadia-432311-g5/global/firewalls/gke-gcp-dr-gke-f572f8ab-all",
2025-02-21 15:57:17,871 INFO     ___FILE_ONLY___ 
    "sourceRanges": [
2025-02-21 15:57:17,871 INFO     ___FILE_ONLY___ 
      "10.4.0.0/14"
2025-02-21 15:57:17,871 INFO     ___FILE_ONLY___ 
    ],
2025-02-21 15:57:17,871 INFO     ___FILE_ONLY___ 
    "targetTags": [
2025-02-21 15:57:17,871 INFO     ___FILE_ONLY___ 
      "gke-gcp-dr-gke-f572f8ab-node"
2025-02-21 15:57:17,871 INFO     ___FILE_ONLY___ 
    ]
2025-02-21 15:57:17,871 INFO     ___FILE_ONLY___ 
  }
2025-02-21 15:57:17,872 INFO     ___FILE_ONLY___ ,
  {
2025-02-21 15:57:17,872 INFO     ___FILE_ONLY___ 
    "creationTimestamp": "2025-02-20T21:04:38.427-08:00",
2025-02-21 15:57:17,872 INFO     ___FILE_ONLY___ 
    "denied": [
2025-02-21 15:57:17,872 INFO     ___FILE_ONLY___ 
      {
2025-02-21 15:57:17,872 INFO     ___FILE_ONLY___ 
        "IPProtocol": "tcp",
2025-02-21 15:57:17,872 INFO     ___FILE_ONLY___ 
        "ports": [
2025-02-21 15:57:17,872 INFO     ___FILE_ONLY___ 
          "10255"
2025-02-21 15:57:17,872 INFO     ___FILE_ONLY___ 
        ]
2025-02-21 15:57:17,872 INFO     ___FILE_ONLY___ 
      }
2025-02-21 15:57:17,872 INFO     ___FILE_ONLY___ 
    ],
2025-02-21 15:57:17,872 INFO     ___FILE_ONLY___ 
    "description": "",
2025-02-21 15:57:17,872 INFO     ___FILE_ONLY___ 
    "direction": "INGRESS",
2025-02-21 15:57:17,872 INFO     ___FILE_ONLY___ 
    "disabled": false,
2025-02-21 15:57:17,872 INFO     ___FILE_ONLY___ 
    "id": "7560920959957710729",
2025-02-21 15:57:17,872 INFO     ___FILE_ONLY___ 
    "kind": "compute#firewall",
2025-02-21 15:57:17,872 INFO     ___FILE_ONLY___ 
    "logConfig": {
2025-02-21 15:57:17,872 INFO     ___FILE_ONLY___ 
      "enable": false
2025-02-21 15:57:17,872 INFO     ___FILE_ONLY___ 
    },
2025-02-21 15:57:17,872 INFO     ___FILE_ONLY___ 
    "name": "gke-gcp-dr-gke-f572f8ab-exkubelet",
2025-02-21 15:57:17,873 INFO     ___FILE_ONLY___ 
    "network": "https://www.googleapis.com/compute/v1/projects/peppy-arcadia-432311-g5/global/networks/gcp-dr-vpc",
2025-02-21 15:57:17,873 INFO     ___FILE_ONLY___ 
    "priority": 1000,
2025-02-21 15:57:17,873 INFO     ___FILE_ONLY___ 
    "selfLink": "https://www.googleapis.com/compute/v1/projects/peppy-arcadia-432311-g5/global/firewalls/gke-gcp-dr-gke-f572f8ab-exkubelet",
2025-02-21 15:57:17,873 INFO     ___FILE_ONLY___ 
    "sourceRanges": [
2025-02-21 15:57:17,873 INFO     ___FILE_ONLY___ 
      "0.0.0.0/0"
2025-02-21 15:57:17,873 INFO     ___FILE_ONLY___ 
    ],
2025-02-21 15:57:17,873 INFO     ___FILE_ONLY___ 
    "targetTags": [
2025-02-21 15:57:17,873 INFO     ___FILE_ONLY___ 
      "gke-gcp-dr-gke-f572f8ab-node"
2025-02-21 15:57:17,873 INFO     ___FILE_ONLY___ 
    ]
2025-02-21 15:57:17,873 INFO     ___FILE_ONLY___ 
  }
2025-02-21 15:57:17,873 INFO     ___FILE_ONLY___ ,
  {
2025-02-21 15:57:17,873 INFO     ___FILE_ONLY___ 
    "allowed": [
2025-02-21 15:57:17,873 INFO     ___FILE_ONLY___ 
      {
2025-02-21 15:57:17,873 INFO     ___FILE_ONLY___ 
        "IPProtocol": "tcp",
2025-02-21 15:57:17,873 INFO     ___FILE_ONLY___ 
        "ports": [
2025-02-21 15:57:17,873 INFO     ___FILE_ONLY___ 
          "10255"
2025-02-21 15:57:17,873 INFO     ___FILE_ONLY___ 
        ]
2025-02-21 15:57:17,873 INFO     ___FILE_ONLY___ 
      }
2025-02-21 15:57:17,873 INFO     ___FILE_ONLY___ 
    ],
2025-02-21 15:57:17,873 INFO     ___FILE_ONLY___ 
    "creationTimestamp": "2025-02-20T21:04:38.428-08:00",
2025-02-21 15:57:17,873 INFO     ___FILE_ONLY___ 
    "description": "",
2025-02-21 15:57:17,874 INFO     ___FILE_ONLY___ 
    "direction": "INGRESS",
2025-02-21 15:57:17,874 INFO     ___FILE_ONLY___ 
    "disabled": false,
2025-02-21 15:57:17,874 INFO     ___FILE_ONLY___ 
    "id": "685507084541081481",
2025-02-21 15:57:17,874 INFO     ___FILE_ONLY___ 
    "kind": "compute#firewall",
2025-02-21 15:57:17,874 INFO     ___FILE_ONLY___ 
    "logConfig": {
2025-02-21 15:57:17,874 INFO     ___FILE_ONLY___ 
      "enable": false
2025-02-21 15:57:17,874 INFO     ___FILE_ONLY___ 
    },
2025-02-21 15:57:17,881 INFO     ___FILE_ONLY___ 
    "name": "gke-gcp-dr-gke-f572f8ab-inkubelet",
2025-02-21 15:57:17,881 INFO     ___FILE_ONLY___ 
    "network": "https://www.googleapis.com/compute/v1/projects/peppy-arcadia-432311-g5/global/networks/gcp-dr-vpc",
2025-02-21 15:57:17,881 INFO     ___FILE_ONLY___ 
    "priority": 999,
2025-02-21 15:57:17,881 INFO     ___FILE_ONLY___ 
    "selfLink": "https://www.googleapis.com/compute/v1/projects/peppy-arcadia-432311-g5/global/firewalls/gke-gcp-dr-gke-f572f8ab-inkubelet",
2025-02-21 15:57:17,881 INFO     ___FILE_ONLY___ 
    "sourceRanges": [
2025-02-21 15:57:17,881 INFO     ___FILE_ONLY___ 
      "10.4.0.0/14"
2025-02-21 15:57:17,881 INFO     ___FILE_ONLY___ 
    ],
2025-02-21 15:57:17,881 INFO     ___FILE_ONLY___ 
    "sourceTags": [
2025-02-21 15:57:17,881 INFO     ___FILE_ONLY___ 
      "gke-gcp-dr-gke-f572f8ab-node"
2025-02-21 15:57:17,881 INFO     ___FILE_ONLY___ 
    ],
2025-02-21 15:57:17,881 INFO     ___FILE_ONLY___ 
    "targetTags": [
2025-02-21 15:57:17,881 INFO     ___FILE_ONLY___ 
      "gke-gcp-dr-gke-f572f8ab-node"
2025-02-21 15:57:17,881 INFO     ___FILE_ONLY___ 
    ]
2025-02-21 15:57:17,881 INFO     ___FILE_ONLY___ 
  }
2025-02-21 15:57:17,882 INFO     ___FILE_ONLY___ ,
  {
2025-02-21 15:57:17,882 INFO     ___FILE_ONLY___ 
    "allowed": [
2025-02-21 15:57:17,882 INFO     ___FILE_ONLY___ 
      {
2025-02-21 15:57:17,882 INFO     ___FILE_ONLY___ 
        "IPProtocol": "udp",
2025-02-21 15:57:17,882 INFO     ___FILE_ONLY___ 
        "ports": [
2025-02-21 15:57:17,882 INFO     ___FILE_ONLY___ 
          "1-65535"
2025-02-21 15:57:17,882 INFO     ___FILE_ONLY___ 
        ]
2025-02-21 15:57:17,882 INFO     ___FILE_ONLY___ 
      },
2025-02-21 15:57:17,882 INFO     ___FILE_ONLY___ 
      {
2025-02-21 15:57:17,882 INFO     ___FILE_ONLY___ 
        "IPProtocol": "icmp"
2025-02-21 15:57:17,882 INFO     ___FILE_ONLY___ 
      },
2025-02-21 15:57:17,882 INFO     ___FILE_ONLY___ 
      {
2025-02-21 15:57:17,882 INFO     ___FILE_ONLY___ 
        "IPProtocol": "tcp",
2025-02-21 15:57:17,882 INFO     ___FILE_ONLY___ 
        "ports": [
2025-02-21 15:57:17,882 INFO     ___FILE_ONLY___ 
          "1-65535"
2025-02-21 15:57:17,883 INFO     ___FILE_ONLY___ 
        ]
2025-02-21 15:57:17,883 INFO     ___FILE_ONLY___ 
      }
2025-02-21 15:57:17,883 INFO     ___FILE_ONLY___ 
    ],
2025-02-21 15:57:17,883 INFO     ___FILE_ONLY___ 
    "creationTimestamp": "2025-02-20T21:04:38.803-08:00",
2025-02-21 15:57:17,883 INFO     ___FILE_ONLY___ 
    "description": "",
2025-02-21 15:57:17,883 INFO     ___FILE_ONLY___ 
    "direction": "INGRESS",
2025-02-21 15:57:17,883 INFO     ___FILE_ONLY___ 
    "disabled": false,
2025-02-21 15:57:17,883 INFO     ___FILE_ONLY___ 
    "id": "7263984938500077449",
2025-02-21 15:57:17,883 INFO     ___FILE_ONLY___ 
    "kind": "compute#firewall",
2025-02-21 15:57:17,883 INFO     ___FILE_ONLY___ 
    "logConfig": {
2025-02-21 15:57:17,883 INFO     ___FILE_ONLY___ 
      "enable": false
2025-02-21 15:57:17,883 INFO     ___FILE_ONLY___ 
    },
2025-02-21 15:57:17,884 INFO     ___FILE_ONLY___ 
    "name": "gke-gcp-dr-gke-f572f8ab-vms",
2025-02-21 15:57:17,884 INFO     ___FILE_ONLY___ 
    "network": "https://www.googleapis.com/compute/v1/projects/peppy-arcadia-432311-g5/global/networks/gcp-dr-vpc",
2025-02-21 15:57:17,884 INFO     ___FILE_ONLY___ 
    "priority": 1000,
2025-02-21 15:57:17,884 INFO     ___FILE_ONLY___ 
    "selfLink": "https://www.googleapis.com/compute/v1/projects/peppy-arcadia-432311-g5/global/firewalls/gke-gcp-dr-gke-f572f8ab-vms",
2025-02-21 15:57:17,884 INFO     ___FILE_ONLY___ 
    "sourceRanges": [
2025-02-21 15:57:17,884 INFO     ___FILE_ONLY___ 
      "10.10.1.0/24"
2025-02-21 15:57:17,884 INFO     ___FILE_ONLY___ 
    ],
2025-02-21 15:57:17,884 INFO     ___FILE_ONLY___ 
    "targetTags": [
2025-02-21 15:57:17,884 INFO     ___FILE_ONLY___ 
      "gke-gcp-dr-gke-f572f8ab-node"
2025-02-21 15:57:17,884 INFO     ___FILE_ONLY___ 
    ]
2025-02-21 15:57:17,884 INFO     ___FILE_ONLY___ 
  }
2025-02-21 15:57:17,885 INFO     ___FILE_ONLY___ ,
  {
2025-02-21 15:57:17,885 INFO     ___FILE_ONLY___ 
    "allowed": [
2025-02-21 15:57:17,885 INFO     ___FILE_ONLY___ 
      {
2025-02-21 15:57:17,885 INFO     ___FILE_ONLY___ 
        "IPProtocol": "tcp",
2025-02-21 15:57:17,885 INFO     ___FILE_ONLY___ 
        "ports": [
2025-02-21 15:57:17,885 INFO     ___FILE_ONLY___ 
          "30000-32767"
2025-02-21 15:57:17,885 INFO     ___FILE_ONLY___ 
        ]
2025-02-21 15:57:17,885 INFO     ___FILE_ONLY___ 
      }
2025-02-21 15:57:17,885 INFO     ___FILE_ONLY___ 
    ],
2025-02-21 15:57:17,885 INFO     ___FILE_ONLY___ 
    "creationTimestamp": "2025-02-20T21:10:52.533-08:00",
2025-02-21 15:57:17,885 INFO     ___FILE_ONLY___ 
    "description": "GCE L7 firewall rule",
2025-02-21 15:57:17,885 INFO     ___FILE_ONLY___ 
    "direction": "INGRESS",
2025-02-21 15:57:17,886 INFO     ___FILE_ONLY___ 
    "disabled": false,
2025-02-21 15:57:17,886 INFO     ___FILE_ONLY___ 
    "id": "7012057416935519283",
2025-02-21 15:57:17,886 INFO     ___FILE_ONLY___ 
    "kind": "compute#firewall",
2025-02-21 15:57:17,886 INFO     ___FILE_ONLY___ 
    "logConfig": {
2025-02-21 15:57:17,886 INFO     ___FILE_ONLY___ 
      "enable": false
2025-02-21 15:57:17,886 INFO     ___FILE_ONLY___ 
    },
2025-02-21 15:57:17,886 INFO     ___FILE_ONLY___ 
    "name": "k8s-fw-l7--4cb3cfbc7464c4a0",
2025-02-21 15:57:17,886 INFO     ___FILE_ONLY___ 
    "network": "https://www.googleapis.com/compute/v1/projects/peppy-arcadia-432311-g5/global/networks/gcp-dr-vpc",
2025-02-21 15:57:17,886 INFO     ___FILE_ONLY___ 
    "priority": 1000,
2025-02-21 15:57:17,886 INFO     ___FILE_ONLY___ 
    "selfLink": "https://www.googleapis.com/compute/v1/projects/peppy-arcadia-432311-g5/global/firewalls/k8s-fw-l7--4cb3cfbc7464c4a0",
2025-02-21 15:57:17,886 INFO     ___FILE_ONLY___ 
    "sourceRanges": [
2025-02-21 15:57:17,886 INFO     ___FILE_ONLY___ 
      "130.211.0.0/22",
2025-02-21 15:57:17,886 INFO     ___FILE_ONLY___ 
      "35.191.0.0/16"
2025-02-21 15:57:17,886 INFO     ___FILE_ONLY___ 
    ],
2025-02-21 15:57:17,887 INFO     ___FILE_ONLY___ 
    "targetTags": [
2025-02-21 15:57:17,887 INFO     ___FILE_ONLY___ 
      "gke-gcp-dr-gke-f572f8ab-node"
2025-02-21 15:57:17,887 INFO     ___FILE_ONLY___ 
    ]
2025-02-21 15:57:17,887 INFO     ___FILE_ONLY___ 
  }
2025-02-21 15:57:17,907 INFO     root            cache collection=compute.firewalls api_version=v1 params=['project', 'firewall']
2025-02-21 15:57:17,954 INFO     ___FILE_ONLY___ 
]

2025-02-21 15:57:17,954 DEBUG    root            SDK update checks are disabled.
