2025-02-21 17:11:10,145 DEBUG    root            Loaded Command Group: ['gcloud', 'compute']
2025-02-21 17:11:10,149 DEBUG    root            Loaded Command Group: ['gcloud', 'compute', 'routes']
2025-02-21 17:11:10,160 DEBUG    root            Loaded Command Group: ['gcloud', 'compute', 'routes', 'list']
2025-02-21 17:11:10,165 DEBUG    root            Running [gcloud.compute.routes.list] with arguments: [--filter: "network=gcp-dr-vpc"]
2025-02-21 17:11:10,411 INFO     root            client_filter=None server_filter='network eq ".*\\bgcp\\-dr\\-vpc\\b.*"'
2025-02-21 17:11:10,413 INFO     root            client_filter=None server_filter='network eq ".*\\bgcp\\-dr\\-vpc\\b.*"'
2025-02-21 17:11:10,414 DEBUG    root            Chosen display Format:    table(
      name,
      network.basename(),
      destRange,
      firstof(
          nextHopInstance,
          nextHopGateway,
          nextHopIp,
          nextHopVpnTunnel,
          nextHopPeering,
          nextHopNetwork,
          nextHopHub).scope()
        :label=NEXT_HOP,
      priority
    )
2025-02-21 17:11:10,416 INFO     root            Display format: "    table(
      name,
      network.basename(),
      destRange,
      firstof(
          nextHopInstance,
          nextHopGateway,
          nextHopIp,
          nextHopVpnTunnel,
          nextHopPeering,
          nextHopNetwork,
          nextHopHub).scope()
        :label=NEXT_HOP,
      priority
    )"
2025-02-21 17:11:10,423 DEBUG    urllib3.connectionpool Starting new HTTPS connection (1): compute.googleapis.com:443
2025-02-21 17:11:11,021 DEBUG    urllib3.connectionpool https://compute.googleapis.com:443 "GET /compute/v1/projects/peppy-arcadia-432311-g5/global/routes?alt=json&filter=network+eq+%22.%2A%5Cbgcp%5C-dr%5C-vpc%5Cb.%2A%22&maxResults=500 HTTP/1.1" 200 None
2025-02-21 17:11:11,080 INFO     root            cache collection=compute.routes api_version=v1 params=['project', 'route']
2025-02-21 17:11:11,145 INFO     ___FILE_ONLY___ NAME
2025-02-21 17:11:11,146 INFO     ___FILE_ONLY___                               
2025-02-21 17:11:11,146 INFO     ___FILE_ONLY___ NETWORK
2025-02-21 17:11:11,146 INFO     ___FILE_ONLY___      
2025-02-21 17:11:11,146 INFO     ___FILE_ONLY___ DEST_RANGE
2025-02-21 17:11:11,146 INFO     ___FILE_ONLY___      
2025-02-21 17:11:11,146 INFO     ___FILE_ONLY___ NEXT_HOP
2025-02-21 17:11:11,146 INFO     ___FILE_ONLY___                                      
2025-02-21 17:11:11,146 INFO     ___FILE_ONLY___ PRIORITY
2025-02-21 17:11:11,146 INFO     ___FILE_ONLY___ 

2025-02-21 17:11:11,147 INFO     ___FILE_ONLY___ default-route-7a98649b3f273c0d
2025-02-21 17:11:11,147 INFO     ___FILE_ONLY___     
2025-02-21 17:11:11,147 INFO     ___FILE_ONLY___ gcp-dr-vpc
2025-02-21 17:11:11,148 INFO     ___FILE_ONLY___   
2025-02-21 17:11:11,148 INFO     ___FILE_ONLY___ 0.0.0.0/0
2025-02-21 17:11:11,148 INFO     ___FILE_ONLY___       
2025-02-21 17:11:11,148 INFO     ___FILE_ONLY___ default-internet-gateway
2025-02-21 17:11:11,148 INFO     ___FILE_ONLY___                      
2025-02-21 17:11:11,148 INFO     ___FILE_ONLY___ 1000
2025-02-21 17:11:11,148 INFO     ___FILE_ONLY___ 

2025-02-21 17:11:11,148 INFO     ___FILE_ONLY___ default-route-r-095cb4e8458f4bfe
2025-02-21 17:11:11,148 INFO     ___FILE_ONLY___   
2025-02-21 17:11:11,148 INFO     ___FILE_ONLY___ gcp-dr-vpc
2025-02-21 17:11:11,148 INFO     ___FILE_ONLY___   
2025-02-21 17:11:11,148 INFO     ___FILE_ONLY___ 10.10.0.0/24
2025-02-21 17:11:11,148 INFO     ___FILE_ONLY___    
2025-02-21 17:11:11,148 INFO     ___FILE_ONLY___ gcp-dr-vpc
2025-02-21 17:11:11,149 INFO     ___FILE_ONLY___                                    
2025-02-21 17:11:11,149 INFO     ___FILE_ONLY___ 0
2025-02-21 17:11:11,149 INFO     ___FILE_ONLY___ 

2025-02-21 17:11:11,149 INFO     ___FILE_ONLY___ default-route-r-0b77487259008e1c
2025-02-21 17:11:11,149 INFO     ___FILE_ONLY___   
2025-02-21 17:11:11,149 INFO     ___FILE_ONLY___ gcp-dr-vpc
2025-02-21 17:11:11,149 INFO     ___FILE_ONLY___   
2025-02-21 17:11:11,149 INFO     ___FILE_ONLY___ 10.10.1.0/24
2025-02-21 17:11:11,149 INFO     ___FILE_ONLY___    
2025-02-21 17:11:11,149 INFO     ___FILE_ONLY___ gcp-dr-vpc
2025-02-21 17:11:11,149 INFO     ___FILE_ONLY___                                    
2025-02-21 17:11:11,149 INFO     ___FILE_ONLY___ 0
2025-02-21 17:11:11,149 INFO     ___FILE_ONLY___ 

2025-02-21 17:11:11,149 INFO     ___FILE_ONLY___ default-route-r-3e375b7b1edc2f06
2025-02-21 17:11:11,149 INFO     ___FILE_ONLY___   
2025-02-21 17:11:11,149 INFO     ___FILE_ONLY___ gcp-dr-vpc
2025-02-21 17:11:11,150 INFO     ___FILE_ONLY___   
2025-02-21 17:11:11,150 INFO     ___FILE_ONLY___ 10.2.0.0/16
2025-02-21 17:11:11,150 INFO     ___FILE_ONLY___     
2025-02-21 17:11:11,150 INFO     ___FILE_ONLY___ gcp-dr-vpc
2025-02-21 17:11:11,150 INFO     ___FILE_ONLY___                                    
2025-02-21 17:11:11,150 INFO     ___FILE_ONLY___ 0
2025-02-21 17:11:11,150 INFO     ___FILE_ONLY___ 

2025-02-21 17:11:11,150 INFO     ___FILE_ONLY___ default-route-r-7942970c4e74fae3
2025-02-21 17:11:11,150 INFO     ___FILE_ONLY___   
2025-02-21 17:11:11,150 INFO     ___FILE_ONLY___ gcp-dr-vpc
2025-02-21 17:11:11,150 INFO     ___FILE_ONLY___   
2025-02-21 17:11:11,150 INFO     ___FILE_ONLY___ 10.4.0.0/14
2025-02-21 17:11:11,150 INFO     ___FILE_ONLY___     
2025-02-21 17:11:11,150 INFO     ___FILE_ONLY___ gcp-dr-vpc
2025-02-21 17:11:11,150 INFO     ___FILE_ONLY___                                    
2025-02-21 17:11:11,150 INFO     ___FILE_ONLY___ 0
2025-02-21 17:11:11,150 INFO     ___FILE_ONLY___ 

2025-02-21 17:11:11,151 INFO     ___FILE_ONLY___ gcp-to-aws-rds
2025-02-21 17:11:11,151 INFO     ___FILE_ONLY___                     
2025-02-21 17:11:11,151 INFO     ___FILE_ONLY___ gcp-dr-vpc
2025-02-21 17:11:11,151 INFO     ___FILE_ONLY___   
2025-02-21 17:11:11,151 INFO     ___FILE_ONLY___ 10.0.3.0/24
2025-02-21 17:11:11,151 INFO     ___FILE_ONLY___     
2025-02-21 17:11:11,151 INFO     ___FILE_ONLY___ asia-northeast3/vpnTunnels/aws-to-gcp-vpn-1
2025-02-21 17:11:11,151 INFO     ___FILE_ONLY___   
2025-02-21 17:11:11,151 INFO     ___FILE_ONLY___ 1000
2025-02-21 17:11:11,151 INFO     ___FILE_ONLY___ 

2025-02-21 17:11:11,151 INFO     ___FILE_ONLY___ gcp-to-aws-route
2025-02-21 17:11:11,151 INFO     ___FILE_ONLY___                   
2025-02-21 17:11:11,151 INFO     ___FILE_ONLY___ gcp-dr-vpc
2025-02-21 17:11:11,152 INFO     ___FILE_ONLY___   
2025-02-21 17:11:11,152 INFO     ___FILE_ONLY___ 10.0.0.0/16
2025-02-21 17:11:11,152 INFO     ___FILE_ONLY___     
2025-02-21 17:11:11,152 INFO     ___FILE_ONLY___ asia-northeast3/vpnTunnels/aws-to-gcp-vpn-1
2025-02-21 17:11:11,152 INFO     ___FILE_ONLY___   
2025-02-21 17:11:11,152 INFO     ___FILE_ONLY___ 1000
2025-02-21 17:11:11,152 INFO     ___FILE_ONLY___ 

2025-02-21 17:11:11,152 INFO     ___FILE_ONLY___ gcp-to-aws-route-backup
2025-02-21 17:11:11,152 INFO     ___FILE_ONLY___            
2025-02-21 17:11:11,152 INFO     ___FILE_ONLY___ gcp-dr-vpc
2025-02-21 17:11:11,152 INFO     ___FILE_ONLY___   
2025-02-21 17:11:11,152 INFO     ___FILE_ONLY___ 10.0.0.0/16
2025-02-21 17:11:11,152 INFO     ___FILE_ONLY___     
2025-02-21 17:11:11,152 INFO     ___FILE_ONLY___ asia-northeast3/vpnTunnels/aws-to-gcp-vpn-2
2025-02-21 17:11:11,152 INFO     ___FILE_ONLY___   
2025-02-21 17:11:11,153 INFO     ___FILE_ONLY___ 2000
2025-02-21 17:11:11,153 INFO     ___FILE_ONLY___ 

2025-02-21 17:11:11,153 INFO     ___FILE_ONLY___ peering-route-29c0d3b1551802f6
2025-02-21 17:11:11,153 INFO     ___FILE_ONLY___     
2025-02-21 17:11:11,153 INFO     ___FILE_ONLY___ gcp-dr-vpc
2025-02-21 17:11:11,153 INFO     ___FILE_ONLY___   
2025-02-21 17:11:11,153 INFO     ___FILE_ONLY___ 10.3.0.0/24
2025-02-21 17:11:11,153 INFO     ___FILE_ONLY___     
2025-02-21 17:11:11,153 INFO     ___FILE_ONLY___ servicenetworking-googleapis-com
2025-02-21 17:11:11,153 INFO     ___FILE_ONLY___              
2025-02-21 17:11:11,153 INFO     ___FILE_ONLY___ 0
2025-02-21 17:11:11,153 INFO     ___FILE_ONLY___ 

2025-02-21 17:11:11,153 INFO     ___FILE_ONLY___ peering-route-33e14fde86069f51
2025-02-21 17:11:11,154 INFO     ___FILE_ONLY___     
2025-02-21 17:11:11,154 INFO     ___FILE_ONLY___ gcp-dr-vpc
2025-02-21 17:11:11,154 INFO     ___FILE_ONLY___   
2025-02-21 17:11:11,154 INFO     ___FILE_ONLY___ 10.200.0.0/24
2025-02-21 17:11:11,154 INFO     ___FILE_ONLY___   
2025-02-21 17:11:11,154 INFO     ___FILE_ONLY___ servicenetworking-googleapis-com
2025-02-21 17:11:11,154 INFO     ___FILE_ONLY___              
2025-02-21 17:11:11,154 INFO     ___FILE_ONLY___ 0
2025-02-21 17:11:11,154 INFO     ___FILE_ONLY___ 

2025-02-21 17:11:11,154 INFO     ___FILE_ONLY___ pod-to-aws
2025-02-21 17:11:11,155 INFO     ___FILE_ONLY___                         
2025-02-21 17:11:11,155 INFO     ___FILE_ONLY___ gcp-dr-vpc
2025-02-21 17:11:11,155 INFO     ___FILE_ONLY___   
2025-02-21 17:11:11,155 INFO     ___FILE_ONLY___ 10.0.0.0/16
2025-02-21 17:11:11,155 INFO     ___FILE_ONLY___     
2025-02-21 17:11:11,155 INFO     ___FILE_ONLY___ asia-northeast3/vpnTunnels/aws-to-gcp-vpn-1
2025-02-21 17:11:11,155 INFO     ___FILE_ONLY___   
2025-02-21 17:11:11,155 INFO     ___FILE_ONLY___ 1000
2025-02-21 17:11:11,155 INFO     ___FILE_ONLY___ 

2025-02-21 17:11:11,156 DEBUG    root            SDK update checks are disabled.
