2025-02-19 05:08:33,784 DEBUG    root            Loaded Command Group: ['gcloud', 'config']
2025-02-19 05:08:33,786 DEBUG    root            Loaded Command Group: ['gcloud', 'config', 'config_helper']
2025-02-19 05:08:33,787 DEBUG    root            Running [gcloud.config.config-helper] with arguments: [--format: "json"]
2025-02-19 05:08:33,795 DEBUG    root            Chosen display Format:default json
2025-02-19 05:08:33,795 INFO     root            Display format: "default json"
2025-02-19 05:08:33,802 INFO     ___FILE_ONLY___ {
  "configuration": {
    "active_configuration": "default",
    "properties": {
      "core": {
        "account": "1201ljhun@gmail.com",
        "disable_usage_reporting": "True",
        "project": "peppy-arcadia-432311-g5"
      }
    }
  },
  "credential": {
    "access_token": "ya29.a0AXeO80S1g8AufuaVB-8HtB9xExjT6Jsfqm1RDXfY4hSoPoXt3FGfE08vcXMDwEYfBP_J_XIt2bfVbw21GGPG7z9EugK1Z6qnk0TY4S1NhxFLoQrzx-q_32m7XoNRWDeO_e3YxFnZ0rWle2W-Hz5Pr3g3EL1wkvZjSaNWY8fauxe1oe3ZaCgYKAVkSARISFQHGX2MimbKeZsKMCA44QLg119qLtQ0183",
    "id_token": "eyJhbGciOiJSUzI1NiIsImtpZCI6IjVkMTJhYjc4MmNiNjA5NjI4NWY2OWU0OGFlYTk5MDc5YmI1OWNiODYiLCJ0eXAiOiJKV1QifQ.eyJpc3MiOiJodHRwczovL2FjY291bnRzLmdvb2dsZS5jb20iLCJhenAiOiIzMjU1NTk0MDU1OS5hcHBzLmdvb2dsZXVzZXJjb250ZW50LmNvbSIsImF1ZCI6IjMyNTU1OTQwNTU5LmFwcHMuZ29vZ2xldXNlcmNvbnRlbnQuY29tIiwic3ViIjoiMTA1MDk2MzU3NDMwMjQzNjQxMTQxIiwiZW1haWwiOiIxMjAxbGpodW5AZ21haWwuY29tIiwiZW1haWxfdmVyaWZpZWQiOnRydWUsImF0X2hhc2giOiI1VFBNeDA3cHpHaEhfRkFDaWJzQ1hRIiwiaWF0IjoxNzM5OTA5MzAyLCJleHAiOjE3Mzk5MTI5MDJ9.oHHeTg2n5Bl2k1R5ClivmUNbGn0Qzuw_0w-xSY_2GhzmhTGYiYF2Er_MS7aiNIoiaG3SXEajDunUXhBxKoIXXapOUwtxenhsnyZ6A7eJRJ9MX3f2OI5SmTrBlPPXtAR_no8ZFwo_MskffGB25PifN2iLdVemNcTasQyAsCLCFTtYqFrqgDhkdvk3FkqXA9F-oE8jJJpbrBAGkBqYM_QsgQxFoaCbRj98WBtN2yOgbExBtq3y3rE817dBDDrUBXkW08P2Kj9Icyj0BfNLgkcjmMvZS7Ett3fGPZbyANwPzXpsLxsABHrUY342li9rlBDRyCEta4-mKPFoSPSNR7miDw",
    "token_expiry": "2025-02-18T21:08:21Z"
  },
  "sentinels": {
    "config_sentinel": "/home/ubuntu/.config/gcloud/config_sentinel"
  }
}
2025-02-19 05:08:33,802 INFO     ___FILE_ONLY___ 

2025-02-19 05:08:33,802 DEBUG    root            SDK update checks are disabled.
