2025-02-19 15:58:43,997 DEBUG    root            Loaded Command Group: ['gcloud', 'config']
2025-02-19 15:58:44,000 DEBUG    root            Loaded Command Group: ['gcloud', 'config', 'config_helper']
2025-02-19 15:58:44,001 DEBUG    root            Running [gcloud.config.config-helper] with arguments: [--format: "json"]
2025-02-19 15:58:44,008 DEBUG    root            Chosen display Format:default json
2025-02-19 15:58:44,008 INFO     root            Display format: "default json"
2025-02-19 15:58:44,020 INFO     ___FILE_ONLY___ {
  "configuration": {
    "active_configuration": "default",
    "properties": {
      "core": {
        "account": "1201ljhun@gmail.com",
        "disable_usage_reporting": "True",
        "project": "peppy-arcadia-432311-g5"
      }
    }
  },
  "credential": {
    "access_token": "ya29.a0AXeO80SSGcmMpA7fwuONpHSIrpChIM7Hqbhj8ecU8ymLAsLfFmK_4z7Dbv-WtSrVTp5V5SAKPkOj9DTCwV7IrfSMSDT5PbmfJalreS7KbAa3fq_8X0-Q0vfSl1jyj9TH-IViD59k0iegUj3Axp5zMZKND7GQFR7bmCHYMhZZ_azrBcEcaCgYKAZQSARISFQHGX2Mi-POQdjxeMmh3s11kAvFBqw0183",
    "id_token": "eyJhbGciOiJSUzI1NiIsImtpZCI6IjVkMTJhYjc4MmNiNjA5NjI4NWY2OWU0OGFlYTk5MDc5YmI1OWNiODYiLCJ0eXAiOiJKV1QifQ.eyJpc3MiOiJodHRwczovL2FjY291bnRzLmdvb2dsZS5jb20iLCJhenAiOiIzMjU1NTk0MDU1OS5hcHBzLmdvb2dsZXVzZXJjb250ZW50LmNvbSIsImF1ZCI6IjMyNTU1OTQwNTU5LmFwcHMuZ29vZ2xldXNlcmNvbnRlbnQuY29tIiwic3ViIjoiMTA1MDk2MzU3NDMwMjQzNjQxMTQxIiwiZW1haWwiOiIxMjAxbGpodW5AZ21haWwuY29tIiwiZW1haWxfdmVyaWZpZWQiOnRydWUsImF0X2hhc2giOiJJN3RDZS00bllxcnFFdF8tYl9hOUxRIiwiaWF0IjoxNzM5OTQ4Mjk0LCJleHAiOjE3Mzk5NTE4OTR9.WFBfAOasWSzQ-KXHW7ceCr6jM_5Te392fPBJUXq2Bg4zgLFcr0Stg7E91wRBcUQQCDtFPsMmx6XvK6eopo6oZQt2a5lIcYfqKsCDFtp-rWNJV_9O7ef8c1umV8gZEyx2hYT-dg9b4Qpo57ccTqv9MrSH_gg9wJ5mkB-THVC2rB6oottyeu-bnbzue8sM-coGzGx8R4j-1cxkyZmyD75lLqt2BRehRwVo8LDLSXZE1jO_4uRXwjXZ_VglDT6PF7aQpRY-aSr4H1V_mGbeNR8mwbOabw96pPmAULiBGM0qa3QIIYJ7_eKjYGpL9LBo3lfF4bQpzvTBIwOvsM7jCzb41g",
    "token_expiry": "2025-02-19T07:58:12Z"
  },
  "sentinels": {
    "config_sentinel": "/home/ubuntu/.config/gcloud/config_sentinel"
  }
}
2025-02-19 15:58:44,020 INFO     ___FILE_ONLY___ 

2025-02-19 15:58:44,020 DEBUG    root            SDK update checks are disabled.
