2025-02-19 18:59:57,009 DEBUG    root            Loaded Command Group: ['gcloud', 'config']
2025-02-19 18:59:57,011 DEBUG    root            Loaded Command Group: ['gcloud', 'config', 'config_helper']
2025-02-19 18:59:57,012 DEBUG    root            Running [gcloud.config.config-helper] with arguments: [--format: "json"]
2025-02-19 18:59:57,019 DEBUG    root            Chosen display Format:default json
2025-02-19 18:59:57,019 INFO     root            Display format: "default json"
2025-02-19 18:59:57,032 INFO     ___FILE_ONLY___ {
  "configuration": {
    "active_configuration": "default",
    "properties": {
      "core": {
        "account": "1201ljhun@gmail.com",
        "disable_usage_reporting": "True",
        "project": "peppy-arcadia-432311-g5"
      }
    }
  },
  "credential": {
    "access_token": "ya29.a0AXeO80QZ3onXszI_VW7Z48WObCxKwWI5ggNYIqQDUwZEX7Th2C_mXWjGKL3euLp-SBh2LeSDdAK-t2M_N41b0cWk6ZA97IY51khQid-8GYLtnCH-C4-Ac5XRFKeJ47W4BJSRi0TUru9hMbDPc7_YGCx7nYCtD5_VLuz2xpqNBndAVPGsaCgYKAU0SARISFQHGX2MiAqYDkXdw5jnjHsdEJpvaJw0183",
    "id_token": "eyJhbGciOiJSUzI1NiIsImtpZCI6IjVkMTJhYjc4MmNiNjA5NjI4NWY2OWU0OGFlYTk5MDc5YmI1OWNiODYiLCJ0eXAiOiJKV1QifQ.eyJpc3MiOiJodHRwczovL2FjY291bnRzLmdvb2dsZS5jb20iLCJhenAiOiIzMjU1NTk0MDU1OS5hcHBzLmdvb2dsZXVzZXJjb250ZW50LmNvbSIsImF1ZCI6IjMyNTU1OTQwNTU5LmFwcHMuZ29vZ2xldXNlcmNvbnRlbnQuY29tIiwic3ViIjoiMTA1MDk2MzU3NDMwMjQzNjQxMTQxIiwiZW1haWwiOiIxMjAxbGpodW5AZ21haWwuY29tIiwiZW1haWxfdmVyaWZpZWQiOnRydWUsImF0X2hhc2giOiI2NnBEc0dRemNVdi1pSC1ESTN3blp3IiwiaWF0IjoxNzM5OTU2NjE2LCJleHAiOjE3Mzk5NjAyMTZ9.scmCvDHrBhPkmTN-h27nd_DXtL5JMY1Dp_b7BY7TivnLp2Az5XqcDA2vs8zsezLt7msATzegvIchTJAZWIC5cc7cIS3wQieyGDRpzqLBeszgDkFa0hLPAWt0UzNcE_-w5iASczdTUZOmCMXNHsNIN-l4b7Qdt_YE1H2QDoJWDxM1arrJlkc6R9mQfrz4xEjxPcBb33YQd8sz04BtOqMRvZn9S3e9XB4lhzYyQ17QqtfhJeaH8EE-6zBu0yYJjEbnU9sEuGvACIHxWOrT6osW8v7N7U6s--tSEnBx00Gygtg5bYuYKxVuDZStKn7zVZEFbDr9cYqJCr3bFCSMNFuP4Q",
    "token_expiry": "2025-02-19T10:16:55Z"
  },
  "sentinels": {
    "config_sentinel": "/home/ubuntu/.config/gcloud/config_sentinel"
  }
}
2025-02-19 18:59:57,032 INFO     ___FILE_ONLY___ 

2025-02-19 18:59:57,032 DEBUG    root            SDK update checks are disabled.
