2025-02-19 19:19:59,280 DEBUG    root            Loaded Command Group: ['gcloud', 'compute']
2025-02-19 19:19:59,282 DEBUG    root            Loaded Command Group: ['gcloud', 'compute', 'routes']
2025-02-19 19:19:59,288 DEBUG    root            Loaded Command Group: ['gcloud', 'compute', 'routes', 'list']
2025-02-19 19:19:59,290 DEBUG    root            Running [gcloud.compute.routes.list] with arguments: [--filter: "destRange=10.0.2.0/24 OR destRange=10.0.3.0/24"]
2025-02-19 19:19:59,394 INFO     root            client_filter='destRange=10.0.2.0/24 OR destRange=10.0.3.0/24' server_filter=None
2025-02-19 19:19:59,395 INFO     root            client_filter='(destRange=10.0.2.0/24 OR destRange=10.0.3.0/24)' server_filter=None
2025-02-19 19:19:59,395 DEBUG    root            Chosen display Format:    table(
      name,
      network.basename(),
      destRange,
      firstof(
          nextHopInstance,
          nextHopGateway,
          nextHopIp,
          nextHopVpnTunnel,
          nextHopPeering,
          nextHopNetwork,
          nextHopHub).scope()
        :label=NEXT_HOP,
      priority
    )
2025-02-19 19:19:59,396 INFO     root            Display format: "    table(
      name,
      network.basename(),
      destRange,
      firstof(
          nextHopInstance,
          nextHopGateway,
          nextHopIp,
          nextHopVpnTunnel,
          nextHopPeering,
          nextHopNetwork,
          nextHopHub).scope()
        :label=NEXT_HOP,
      priority
    )"
2025-02-19 19:19:59,398 DEBUG    urllib3.connectionpool Starting new HTTPS connection (1): compute.googleapis.com:443
2025-02-19 19:19:59,909 DEBUG    urllib3.connectionpool https://compute.googleapis.com:443 "GET /compute/v1/projects/peppy-arcadia-432311-g5/global/routes?alt=json&maxResults=500 HTTP/1.1" 200 None
2025-02-19 19:19:59,938 INFO     ___FILE_ONLY___ NAME
2025-02-19 19:19:59,939 INFO     ___FILE_ONLY___                                  
2025-02-19 19:19:59,939 INFO     ___FILE_ONLY___ NETWORK
2025-02-19 19:19:59,939 INFO     ___FILE_ONLY___      
2025-02-19 19:19:59,939 INFO     ___FILE_ONLY___ DEST_RANGE
2025-02-19 19:19:59,939 INFO     ___FILE_ONLY___    
2025-02-19 19:19:59,939 INFO     ___FILE_ONLY___ NEXT_HOP
2025-02-19 19:19:59,939 INFO     ___FILE_ONLY___                                      
2025-02-19 19:19:59,939 INFO     ___FILE_ONLY___ PRIORITY
2025-02-19 19:19:59,939 INFO     ___FILE_ONLY___ 

2025-02-19 19:19:59,939 INFO     ___FILE_ONLY___ gcp-to-aws-route-10-0-2-0-24
2025-02-19 19:19:59,939 INFO     ___FILE_ONLY___          
2025-02-19 19:19:59,939 INFO     ___FILE_ONLY___ gcp-dr-vpc
2025-02-19 19:19:59,939 INFO     ___FILE_ONLY___   
2025-02-19 19:19:59,939 INFO     ___FILE_ONLY___ 10.0.2.0/24
2025-02-19 19:19:59,939 INFO     ___FILE_ONLY___   
2025-02-19 19:19:59,939 INFO     ___FILE_ONLY___ asia-northeast3/vpnTunnels/aws-to-gcp-vpn-1
2025-02-19 19:19:59,939 INFO     ___FILE_ONLY___   
2025-02-19 19:19:59,939 INFO     ___FILE_ONLY___ 1000
2025-02-19 19:19:59,939 INFO     ___FILE_ONLY___ 

2025-02-19 19:19:59,939 INFO     ___FILE_ONLY___ gcp-to-aws-route-10-0-3-0-24
2025-02-19 19:19:59,939 INFO     ___FILE_ONLY___          
2025-02-19 19:19:59,939 INFO     ___FILE_ONLY___ gcp-dr-vpc
2025-02-19 19:19:59,939 INFO     ___FILE_ONLY___   
2025-02-19 19:19:59,939 INFO     ___FILE_ONLY___ 10.0.3.0/24
2025-02-19 19:19:59,939 INFO     ___FILE_ONLY___   
2025-02-19 19:19:59,939 INFO     ___FILE_ONLY___ asia-northeast3/vpnTunnels/aws-to-gcp-vpn-1
2025-02-19 19:19:59,939 INFO     ___FILE_ONLY___   
2025-02-19 19:19:59,939 INFO     ___FILE_ONLY___ 1000
2025-02-19 19:19:59,939 INFO     ___FILE_ONLY___ 

2025-02-19 19:19:59,939 INFO     ___FILE_ONLY___ gcp-to-aws-route-backup-10-0-2-0-24
2025-02-19 19:19:59,939 INFO     ___FILE_ONLY___   
2025-02-19 19:19:59,939 INFO     ___FILE_ONLY___ gcp-dr-vpc
2025-02-19 19:19:59,939 INFO     ___FILE_ONLY___   
2025-02-19 19:19:59,939 INFO     ___FILE_ONLY___ 10.0.2.0/24
2025-02-19 19:19:59,939 INFO     ___FILE_ONLY___   
2025-02-19 19:19:59,939 INFO     ___FILE_ONLY___ asia-northeast3/vpnTunnels/aws-to-gcp-vpn-2
2025-02-19 19:19:59,939 INFO     ___FILE_ONLY___   
2025-02-19 19:19:59,939 INFO     ___FILE_ONLY___ 2000
2025-02-19 19:19:59,939 INFO     ___FILE_ONLY___ 

2025-02-19 19:19:59,939 INFO     ___FILE_ONLY___ gcp-to-aws-route-backup-10-0-3-0-24
2025-02-19 19:19:59,939 INFO     ___FILE_ONLY___   
2025-02-19 19:19:59,939 INFO     ___FILE_ONLY___ gcp-dr-vpc
2025-02-19 19:19:59,940 INFO     ___FILE_ONLY___   
2025-02-19 19:19:59,940 INFO     ___FILE_ONLY___ 10.0.3.0/24
2025-02-19 19:19:59,940 INFO     ___FILE_ONLY___   
2025-02-19 19:19:59,940 INFO     ___FILE_ONLY___ asia-northeast3/vpnTunnels/aws-to-gcp-vpn-2
2025-02-19 19:19:59,940 INFO     ___FILE_ONLY___   
2025-02-19 19:19:59,940 INFO     ___FILE_ONLY___ 2000
2025-02-19 19:19:59,940 INFO     ___FILE_ONLY___ 

2025-02-19 19:19:59,940 DEBUG    root            SDK update checks are disabled.
