2025-02-19 23:18:27,995 DEBUG    root            Loaded Command Group: ['gcloud', 'config']
2025-02-19 23:18:27,999 DEBUG    root            Loaded Command Group: ['gcloud', 'config', 'config_helper']
2025-02-19 23:18:28,000 DEBUG    root            Running [gcloud.config.config-helper] with arguments: [--format: "json"]
2025-02-19 23:18:28,011 DEBUG    root            Chosen display Format:default json
2025-02-19 23:18:28,011 INFO     root            Display format: "default json"
2025-02-19 23:18:28,023 INFO     ___FILE_ONLY___ {
  "configuration": {
    "active_configuration": "default",
    "properties": {
      "core": {
        "account": "1201ljhun@gmail.com",
        "disable_usage_reporting": "True",
        "project": "peppy-arcadia-432311-g5"
      }
    }
  },
  "credential": {
    "access_token": "ya29.a0AXeO80T5FVv-p2QoughGsTPq6m7xOu69i_TSugVuLkNH6WJp37vV6eY1WtcX8OyxNk5JdpQQP61KYcwmOPCT_8TREub9wR-w_XSoOEyvUsfPn9oXk4tBM8v0OV6VEkUmBxQKzAvQPHsa2kom1DbW-rkauZ75vV4rXE06Y4hVQqTi15KIaCgYKAVISARISFQHGX2MiS8brlEKJzMEvKptLVBH6ZQ0183",
    "id_token": "eyJhbGciOiJSUzI1NiIsImtpZCI6IjVkMTJhYjc4MmNiNjA5NjI4NWY2OWU0OGFlYTk5MDc5YmI1OWNiODYiLCJ0eXAiOiJKV1QifQ.eyJpc3MiOiJodHRwczovL2FjY291bnRzLmdvb2dsZS5jb20iLCJhenAiOiIzMjU1NTk0MDU1OS5hcHBzLmdvb2dsZXVzZXJjb250ZW50LmNvbSIsImF1ZCI6IjMyNTU1OTQwNTU5LmFwcHMuZ29vZ2xldXNlcmNvbnRlbnQuY29tIiwic3ViIjoiMTA1MDk2MzU3NDMwMjQzNjQxMTQxIiwiZW1haWwiOiIxMjAxbGpodW5AZ21haWwuY29tIiwiZW1haWxfdmVyaWZpZWQiOnRydWUsImF0X2hhc2giOiI5RUNtOVUwd3VJMF9Lc0ZHcFlXbE93IiwiaWF0IjoxNzM5OTc0MjczLCJleHAiOjE3Mzk5Nzc4NzN9.hWlmRL7SSmRBmShgdxh4OEXBQA6J5dkNstjVayamKeJaFHwGclYJuqOoyOnP72uiXPrL0IIuUJxZJy9xZDgPFjof1rquwY_mZcjoe19Aki2cqdE1MMcMJ_G-_y2TLGF8p1dWcubExKhafsD7NQ7kRmBw12IS0-0mf813jOuZOhy0kZT3MukKE9Vf7e1v3TothcLKV1m-QTUsY9VZRIbqDSEyLKgygbX6UBS9sIJZrOPZzK3iuvG5oHXjIVoeUWXWcQ-AhloslhO2GAS3NMmUPPyy_mfGMQ27vsl2MzRmn25ymVJkrPx1lwKBNTf9d-9DB8nQJhE0lTBMOOyL-eNkWg",
    "token_expiry": "2025-02-19T15:11:12Z"
  },
  "sentinels": {
    "config_sentinel": "/home/ubuntu/.config/gcloud/config_sentinel"
  }
}
2025-02-19 23:18:28,023 INFO     ___FILE_ONLY___ 

2025-02-19 23:18:28,024 DEBUG    root            SDK update checks are disabled.
