2025-02-23 01:54:52,068 DEBUG    root            Loaded Command Group: ['gcloud', 'config']
2025-02-23 01:54:52,071 DEBUG    root            Loaded Command Group: ['gcloud', 'config', 'config_helper']
2025-02-23 01:54:52,072 DEBUG    root            Running [gcloud.config.config-helper] with arguments: [--format: "json"]
2025-02-23 01:54:52,079 DEBUG    root            Chosen display Format:default json
2025-02-23 01:54:52,079 INFO     root            Display format: "default json"
2025-02-23 01:54:52,094 INFO     ___FILE_ONLY___ {
  "configuration": {
    "active_configuration": "default",
    "properties": {
      "core": {
        "account": "1201ljhun@gmail.com",
        "disable_usage_reporting": "True",
        "project": "peppy-arcadia-432311-g5"
      }
    }
  },
  "credential": {
    "access_token": "ya29.a0AXeO80RrlnjijOiiFd7-SMcdWRWlc3v-3QFdUI4IpHISOmKsVlIz-ru3pT9Bg0Bvx1ipJMQ5BViTn7ywTS7JOFC_gNoJJm3nY3Z49aReLRqrjDqv1wbQpW92nlxpAMzefxUBZ_iPSgSiBayUbYa3CIKUrUUqTErXnrZYCJrZBKmUcXfhaCgYKAXoSARISFQHGX2MisSf8VrenA2OgRl8FceBfQw0183",
    "id_token": "eyJhbGciOiJSUzI1NiIsImtpZCI6Ijc2M2Y3YzRjZDI2YTFlYjJiMWIzOWE4OGY0NDM0ZDFmNGQ5YTM2OGIiLCJ0eXAiOiJKV1QifQ.eyJpc3MiOiJodHRwczovL2FjY291bnRzLmdvb2dsZS5jb20iLCJhenAiOiIzMjU1NTk0MDU1OS5hcHBzLmdvb2dsZXVzZXJjb250ZW50LmNvbSIsImF1ZCI6IjMyNTU1OTQwNTU5LmFwcHMuZ29vZ2xldXNlcmNvbnRlbnQuY29tIiwic3ViIjoiMTA1MDk2MzU3NDMwMjQzNjQxMTQxIiwiZW1haWwiOiIxMjAxbGpodW5AZ21haWwuY29tIiwiZW1haWxfdmVyaWZpZWQiOnRydWUsImF0X2hhc2giOiJTTEp0NVg5NDYtNG5IWmVzWVNlS053IiwiaWF0IjoxNzQwMjQzMjg3LCJleHAiOjE3NDAyNDY4ODd9.dtFy39D16rdRW9EgiVv9H3tdW3-kDBQlfXaRCeqsSw8qxWe3gnJQfVvYjZpt9d6AJ9nnkfZqABpmikllliwGHSpH74TRxbvmMUFM9zX_a6RBE12bw4VBUwHCyXslO5YATWdvEf6LYIqhGwjISShwoKVqIgR4a9LmhiBTrlM2qPW6cCzhd4cq0mF3k_BQPNyKWWSugi6K7MYOuykZQpvyl7IpmQW5BP_fndTJ-MmR67bJ90Kgvak3vH9CaoqK4u5WxuQXLc_FBpdD7AKWAAK752a4rb8Hy6SwXbgg97eFHdRVu-apjUJOf7lnAvpPlb4Mli0jIvr7pHHWsbHxz15IVA",
    "token_expiry": "2025-02-22T17:54:46Z"
  },
  "sentinels": {
    "config_sentinel": "/home/ubuntu/.config/gcloud/config_sentinel"
  }
}
2025-02-23 01:54:52,094 INFO     ___FILE_ONLY___ 

2025-02-23 01:54:52,094 DEBUG    root            SDK update checks are disabled.
