2025-02-18 21:34:31,192 DEBUG    root            Loaded Command Group: ['gcloud', 'config']
2025-02-18 21:34:31,194 DEBUG    root            Loaded Command Group: ['gcloud', 'config', 'config_helper']
2025-02-18 21:34:31,195 DEBUG    root            Running [gcloud.config.config-helper] with arguments: [--format: "json"]
2025-02-18 21:34:31,204 DEBUG    root            Chosen display Format:default json
2025-02-18 21:34:31,204 INFO     root            Display format: "default json"
2025-02-18 21:34:31,214 INFO     ___FILE_ONLY___ {
  "configuration": {
    "active_configuration": "default",
    "properties": {
      "core": {
        "account": "1201ljhun@gmail.com",
        "disable_usage_reporting": "True",
        "project": "peppy-arcadia-432311-g5"
      }
    }
  },
  "credential": {
    "access_token": "ya29.a0AXeO80Q-hWEuVQlstm82tcn20NdYSY5omQ0Se72VgQV2UpVl3Q_yiExGnPOsxEX48rZgKaTjuarZRm71aSI-1-yEbuJ-kLGo5ioRnbylNhRJupKDR5c2LiLy_P60nlWXJVCh2toMUkxEGuhCrn8G2VriBKsU9cDNQJoa6WWQqthe0xEYaCgYKARgSARISFQHGX2MiA-oD4Uuo9ffzQ7iRyTF-Cg0183",
    "id_token": "eyJhbGciOiJSUzI1NiIsImtpZCI6IjVkMTJhYjc4MmNiNjA5NjI4NWY2OWU0OGFlYTk5MDc5YmI1OWNiODYiLCJ0eXAiOiJKV1QifQ.eyJpc3MiOiJodHRwczovL2FjY291bnRzLmdvb2dsZS5jb20iLCJhenAiOiIzMjU1NTk0MDU1OS5hcHBzLmdvb2dsZXVzZXJjb250ZW50LmNvbSIsImF1ZCI6IjMyNTU1OTQwNTU5LmFwcHMuZ29vZ2xldXNlcmNvbnRlbnQuY29tIiwic3ViIjoiMTA1MDk2MzU3NDMwMjQzNjQxMTQxIiwiZW1haWwiOiIxMjAxbGpodW5AZ21haWwuY29tIiwiZW1haWxfdmVyaWZpZWQiOnRydWUsImF0X2hhc2giOiJlVUZDbFl3NGlvWlhvSmdER0NEbWh3IiwiaWF0IjoxNzM5ODgxNTc3LCJleHAiOjE3Mzk4ODUxNzd9.uCrMlvCikJpaqlgtMk99nMGoxO6YhrB_igJHEuqPVOhY-48q33XY-_mjkJf_FB2JeoQJyBXMebrpE-Kb2Cj5l3wXSPQsERsUxg_tQV044Xch6vx5nGl_-ErejXpNtYKHSJ60IZLaYyr7SiCH7MoN8D_fjUyDSlnYXlUTWpJO9qTPYMPzWRZo-w3WY9htt-2AZEhq2hBuMLujgXRVAXo-OcTIxEcRTRVphOJBo2GaW8Bc1f95BbcdltDZsUBHQfHcV1HGrWnwnkQbeDFb-pD2RgRoM0iqOGmuwkrQr_lQVGAmvVR48lcCzOjRofIU8YVhiSaqbuJCPos4LtV_TkeQMA",
    "token_expiry": "2025-02-18T13:26:15Z"
  },
  "sentinels": {
    "config_sentinel": "/home/ubuntu/.config/gcloud/config_sentinel"
  }
}
2025-02-18 21:34:31,214 INFO     ___FILE_ONLY___ 

2025-02-18 21:34:31,214 DEBUG    root            SDK update checks are disabled.
