2025-02-22 13:22:05,233 DEBUG    root            Loaded Command Group: ['gcloud', 'container', 'node_pools']
2025-02-22 13:22:05,234 DEBUG    root            Loaded Command Group: ['gcloud', 'container', 'node-pools', 'delete']
2025-02-22 13:22:05,258 DEBUG    google.auth.transport.requests Making request: POST https://oauth2.googleapis.com/token
2025-02-22 13:22:05,259 DEBUG    urllib3.connectionpool Starting new HTTPS connection (1): oauth2.googleapis.com:443
2025-02-22 13:22:05,570 DEBUG    urllib3.connectionpool https://oauth2.googleapis.com:443 "POST /token HTTP/1.1" 200 None
2025-02-22 13:22:05,596 DEBUG    root            Running [gcloud.container.node-pools.delete] with arguments: [--cluster: "gcp-dr-gke", --quiet: "True", --region: "asia-northeast3", NAME: "default-pool"]
2025-02-22 13:22:05,597 DEBUG    urllib3.connectionpool Starting new HTTPS connection (1): container.googleapis.com:443
2025-02-22 13:22:05,799 DEBUG    urllib3.connectionpool https://container.googleapis.com:443 "GET /v1/projects/peppy-arcadia-432311-g5/locations/asia-northeast3/clusters/gcp-dr-gke/nodePools/default-pool?alt=json HTTP/1.1" 200 None
2025-02-22 13:22:05,801 DEBUG    urllib3.connectionpool Starting new HTTPS connection (1): container.googleapis.com:443
2025-02-22 13:22:06,107 DEBUG    urllib3.connectionpool https://container.googleapis.com:443 "DELETE /v1/projects/peppy-arcadia-432311-g5/locations/asia-northeast3/clusters/gcp-dr-gke/nodePools/default-pool?alt=json HTTP/1.1" 200 None
2025-02-22 13:22:06,108 INFO     ___FILE_ONLY___ Deleting node pool default-pool...
2025-02-22 13:22:06,110 DEBUG    urllib3.connectionpool Starting new HTTPS connection (1): container.googleapis.com:443
2025-02-22 13:22:06,271 DEBUG    urllib3.connectionpool https://container.googleapis.com:443 "GET /v1/projects/peppy-arcadia-432311-g5/locations/asia-northeast3/operations/operation-1740198126127-54667622-fdfd-4023-9d15-11b1766063a9?alt=json HTTP/1.1" 200 None
2025-02-22 13:22:11,277 DEBUG    urllib3.connectionpool Starting new HTTPS connection (1): container.googleapis.com:443
2025-02-22 13:22:11,407 DEBUG    urllib3.connectionpool https://container.googleapis.com:443 "GET /v1/projects/peppy-arcadia-432311-g5/locations/asia-northeast3/operations/operation-1740198126127-54667622-fdfd-4023-9d15-11b1766063a9?alt=json HTTP/1.1" 200 None
2025-02-22 13:22:16,413 DEBUG    urllib3.connectionpool Starting new HTTPS connection (1): container.googleapis.com:443
2025-02-22 13:22:16,549 DEBUG    urllib3.connectionpool https://container.googleapis.com:443 "GET /v1/projects/peppy-arcadia-432311-g5/locations/asia-northeast3/operations/operation-1740198126127-54667622-fdfd-4023-9d15-11b1766063a9?alt=json HTTP/1.1" 200 None
2025-02-22 13:22:21,555 DEBUG    urllib3.connectionpool Starting new HTTPS connection (1): container.googleapis.com:443
2025-02-22 13:22:21,785 DEBUG    urllib3.connectionpool https://container.googleapis.com:443 "GET /v1/projects/peppy-arcadia-432311-g5/locations/asia-northeast3/operations/operation-1740198126127-54667622-fdfd-4023-9d15-11b1766063a9?alt=json HTTP/1.1" 200 None
2025-02-22 13:22:26,792 DEBUG    urllib3.connectionpool Starting new HTTPS connection (1): container.googleapis.com:443
2025-02-22 13:22:26,931 DEBUG    urllib3.connectionpool https://container.googleapis.com:443 "GET /v1/projects/peppy-arcadia-432311-g5/locations/asia-northeast3/operations/operation-1740198126127-54667622-fdfd-4023-9d15-11b1766063a9?alt=json HTTP/1.1" 200 None
2025-02-22 13:22:31,936 DEBUG    urllib3.connectionpool Starting new HTTPS connection (1): container.googleapis.com:443
2025-02-22 13:22:32,075 DEBUG    urllib3.connectionpool https://container.googleapis.com:443 "GET /v1/projects/peppy-arcadia-432311-g5/locations/asia-northeast3/operations/operation-1740198126127-54667622-fdfd-4023-9d15-11b1766063a9?alt=json HTTP/1.1" 200 None
2025-02-22 13:22:37,082 DEBUG    urllib3.connectionpool Starting new HTTPS connection (1): container.googleapis.com:443
2025-02-22 13:22:37,292 DEBUG    urllib3.connectionpool https://container.googleapis.com:443 "GET /v1/projects/peppy-arcadia-432311-g5/locations/asia-northeast3/operations/operation-1740198126127-54667622-fdfd-4023-9d15-11b1766063a9?alt=json HTTP/1.1" 200 None
2025-02-22 13:22:42,298 DEBUG    urllib3.connectionpool Starting new HTTPS connection (1): container.googleapis.com:443
2025-02-22 13:22:42,388 DEBUG    urllib3.connectionpool https://container.googleapis.com:443 "GET /v1/projects/peppy-arcadia-432311-g5/locations/asia-northeast3/operations/operation-1740198126127-54667622-fdfd-4023-9d15-11b1766063a9?alt=json HTTP/1.1" 200 None
2025-02-22 13:22:47,390 DEBUG    urllib3.connectionpool Starting new HTTPS connection (1): container.googleapis.com:443
2025-02-22 13:22:47,473 DEBUG    urllib3.connectionpool https://container.googleapis.com:443 "GET /v1/projects/peppy-arcadia-432311-g5/locations/asia-northeast3/operations/operation-1740198126127-54667622-fdfd-4023-9d15-11b1766063a9?alt=json HTTP/1.1" 200 None
2025-02-22 13:22:52,480 DEBUG    urllib3.connectionpool Starting new HTTPS connection (1): container.googleapis.com:443
2025-02-22 13:22:52,709 DEBUG    urllib3.connectionpool https://container.googleapis.com:443 "GET /v1/projects/peppy-arcadia-432311-g5/locations/asia-northeast3/operations/operation-1740198126127-54667622-fdfd-4023-9d15-11b1766063a9?alt=json HTTP/1.1" 200 None
2025-02-22 13:22:57,714 DEBUG    urllib3.connectionpool Starting new HTTPS connection (1): container.googleapis.com:443
2025-02-22 13:22:57,849 DEBUG    urllib3.connectionpool https://container.googleapis.com:443 "GET /v1/projects/peppy-arcadia-432311-g5/locations/asia-northeast3/operations/operation-1740198126127-54667622-fdfd-4023-9d15-11b1766063a9?alt=json HTTP/1.1" 200 None
2025-02-22 13:23:02,857 DEBUG    urllib3.connectionpool Starting new HTTPS connection (1): container.googleapis.com:443
2025-02-22 13:23:02,958 DEBUG    urllib3.connectionpool https://container.googleapis.com:443 "GET /v1/projects/peppy-arcadia-432311-g5/locations/asia-northeast3/operations/operation-1740198126127-54667622-fdfd-4023-9d15-11b1766063a9?alt=json HTTP/1.1" 200 None
2025-02-22 13:23:07,964 DEBUG    urllib3.connectionpool Starting new HTTPS connection (1): container.googleapis.com:443
2025-02-22 13:23:08,137 DEBUG    urllib3.connectionpool https://container.googleapis.com:443 "GET /v1/projects/peppy-arcadia-432311-g5/locations/asia-northeast3/operations/operation-1740198126127-54667622-fdfd-4023-9d15-11b1766063a9?alt=json HTTP/1.1" 200 None
2025-02-22 13:23:13,144 DEBUG    urllib3.connectionpool Starting new HTTPS connection (1): container.googleapis.com:443
2025-02-22 13:23:13,276 DEBUG    urllib3.connectionpool https://container.googleapis.com:443 "GET /v1/projects/peppy-arcadia-432311-g5/locations/asia-northeast3/operations/operation-1740198126127-54667622-fdfd-4023-9d15-11b1766063a9?alt=json HTTP/1.1" 200 None
2025-02-22 13:23:18,281 DEBUG    urllib3.connectionpool Starting new HTTPS connection (1): container.googleapis.com:443
2025-02-22 13:23:18,419 DEBUG    urllib3.connectionpool https://container.googleapis.com:443 "GET /v1/projects/peppy-arcadia-432311-g5/locations/asia-northeast3/operations/operation-1740198126127-54667622-fdfd-4023-9d15-11b1766063a9?alt=json HTTP/1.1" 200 None
2025-02-22 13:23:23,422 DEBUG    urllib3.connectionpool Starting new HTTPS connection (1): container.googleapis.com:443
2025-02-22 13:23:23,628 DEBUG    urllib3.connectionpool https://container.googleapis.com:443 "GET /v1/projects/peppy-arcadia-432311-g5/locations/asia-northeast3/operations/operation-1740198126127-54667622-fdfd-4023-9d15-11b1766063a9?alt=json HTTP/1.1" 200 None
2025-02-22 13:23:28,634 DEBUG    urllib3.connectionpool Starting new HTTPS connection (1): container.googleapis.com:443
2025-02-22 13:23:28,722 DEBUG    urllib3.connectionpool https://container.googleapis.com:443 "GET /v1/projects/peppy-arcadia-432311-g5/locations/asia-northeast3/operations/operation-1740198126127-54667622-fdfd-4023-9d15-11b1766063a9?alt=json HTTP/1.1" 200 None
2025-02-22 13:23:33,728 DEBUG    urllib3.connectionpool Starting new HTTPS connection (1): container.googleapis.com:443
2025-02-22 13:23:33,864 DEBUG    urllib3.connectionpool https://container.googleapis.com:443 "GET /v1/projects/peppy-arcadia-432311-g5/locations/asia-northeast3/operations/operation-1740198126127-54667622-fdfd-4023-9d15-11b1766063a9?alt=json HTTP/1.1" 200 None
2025-02-22 13:23:38,868 DEBUG    urllib3.connectionpool Starting new HTTPS connection (1): container.googleapis.com:443
2025-02-22 13:23:39,045 DEBUG    urllib3.connectionpool https://container.googleapis.com:443 "GET /v1/projects/peppy-arcadia-432311-g5/locations/asia-northeast3/operations/operation-1740198126127-54667622-fdfd-4023-9d15-11b1766063a9?alt=json HTTP/1.1" 200 None
2025-02-22 13:23:44,051 DEBUG    urllib3.connectionpool Starting new HTTPS connection (1): container.googleapis.com:443
2025-02-22 13:23:44,185 DEBUG    urllib3.connectionpool https://container.googleapis.com:443 "GET /v1/projects/peppy-arcadia-432311-g5/locations/asia-northeast3/operations/operation-1740198126127-54667622-fdfd-4023-9d15-11b1766063a9?alt=json HTTP/1.1" 200 None
2025-02-22 13:23:49,190 DEBUG    urllib3.connectionpool Starting new HTTPS connection (1): container.googleapis.com:443
2025-02-22 13:23:49,281 DEBUG    urllib3.connectionpool https://container.googleapis.com:443 "GET /v1/projects/peppy-arcadia-432311-g5/locations/asia-northeast3/operations/operation-1740198126127-54667622-fdfd-4023-9d15-11b1766063a9?alt=json HTTP/1.1" 200 None
2025-02-22 13:23:54,287 DEBUG    urllib3.connectionpool Starting new HTTPS connection (1): container.googleapis.com:443
2025-02-22 13:23:54,513 DEBUG    urllib3.connectionpool https://container.googleapis.com:443 "GET /v1/projects/peppy-arcadia-432311-g5/locations/asia-northeast3/operations/operation-1740198126127-54667622-fdfd-4023-9d15-11b1766063a9?alt=json HTTP/1.1" 200 None
2025-02-22 13:23:59,519 DEBUG    urllib3.connectionpool Starting new HTTPS connection (1): container.googleapis.com:443
2025-02-22 13:23:59,664 DEBUG    urllib3.connectionpool https://container.googleapis.com:443 "GET /v1/projects/peppy-arcadia-432311-g5/locations/asia-northeast3/operations/operation-1740198126127-54667622-fdfd-4023-9d15-11b1766063a9?alt=json HTTP/1.1" 200 None
2025-02-22 13:24:04,668 DEBUG    urllib3.connectionpool Starting new HTTPS connection (1): container.googleapis.com:443
2025-02-22 13:24:04,763 DEBUG    urllib3.connectionpool https://container.googleapis.com:443 "GET /v1/projects/peppy-arcadia-432311-g5/locations/asia-northeast3/operations/operation-1740198126127-54667622-fdfd-4023-9d15-11b1766063a9?alt=json HTTP/1.1" 200 None
2025-02-22 13:24:09,769 DEBUG    urllib3.connectionpool Starting new HTTPS connection (1): container.googleapis.com:443
2025-02-22 13:24:09,965 DEBUG    urllib3.connectionpool https://container.googleapis.com:443 "GET /v1/projects/peppy-arcadia-432311-g5/locations/asia-northeast3/operations/operation-1740198126127-54667622-fdfd-4023-9d15-11b1766063a9?alt=json HTTP/1.1" 200 None
2025-02-22 13:24:14,970 DEBUG    urllib3.connectionpool Starting new HTTPS connection (1): container.googleapis.com:443
2025-02-22 13:24:15,101 DEBUG    urllib3.connectionpool https://container.googleapis.com:443 "GET /v1/projects/peppy-arcadia-432311-g5/locations/asia-northeast3/operations/operation-1740198126127-54667622-fdfd-4023-9d15-11b1766063a9?alt=json HTTP/1.1" 200 None
2025-02-22 13:24:20,104 DEBUG    urllib3.connectionpool Starting new HTTPS connection (1): container.googleapis.com:443
2025-02-22 13:24:20,226 DEBUG    urllib3.connectionpool https://container.googleapis.com:443 "GET /v1/projects/peppy-arcadia-432311-g5/locations/asia-northeast3/operations/operation-1740198126127-54667622-fdfd-4023-9d15-11b1766063a9?alt=json HTTP/1.1" 200 None
2025-02-22 13:24:25,232 DEBUG    urllib3.connectionpool Starting new HTTPS connection (1): container.googleapis.com:443
2025-02-22 13:24:25,441 DEBUG    urllib3.connectionpool https://container.googleapis.com:443 "GET /v1/projects/peppy-arcadia-432311-g5/locations/asia-northeast3/operations/operation-1740198126127-54667622-fdfd-4023-9d15-11b1766063a9?alt=json HTTP/1.1" 200 None
2025-02-22 13:24:30,449 DEBUG    urllib3.connectionpool Starting new HTTPS connection (1): container.googleapis.com:443
2025-02-22 13:24:30,585 DEBUG    urllib3.connectionpool https://container.googleapis.com:443 "GET /v1/projects/peppy-arcadia-432311-g5/locations/asia-northeast3/operations/operation-1740198126127-54667622-fdfd-4023-9d15-11b1766063a9?alt=json HTTP/1.1" 200 None
2025-02-22 13:24:35,593 DEBUG    urllib3.connectionpool Starting new HTTPS connection (1): container.googleapis.com:443
2025-02-22 13:24:35,725 DEBUG    urllib3.connectionpool https://container.googleapis.com:443 "GET /v1/projects/peppy-arcadia-432311-g5/locations/asia-northeast3/operations/operation-1740198126127-54667622-fdfd-4023-9d15-11b1766063a9?alt=json HTTP/1.1" 200 None
2025-02-22 13:24:40,732 DEBUG    urllib3.connectionpool Starting new HTTPS connection (1): container.googleapis.com:443
2025-02-22 13:24:40,930 DEBUG    urllib3.connectionpool https://container.googleapis.com:443 "GET /v1/projects/peppy-arcadia-432311-g5/locations/asia-northeast3/operations/operation-1740198126127-54667622-fdfd-4023-9d15-11b1766063a9?alt=json HTTP/1.1" 200 None
2025-02-22 13:24:45,936 DEBUG    urllib3.connectionpool Starting new HTTPS connection (1): container.googleapis.com:443
2025-02-22 13:24:46,076 DEBUG    urllib3.connectionpool https://container.googleapis.com:443 "GET /v1/projects/peppy-arcadia-432311-g5/locations/asia-northeast3/operations/operation-1740198126127-54667622-fdfd-4023-9d15-11b1766063a9?alt=json HTTP/1.1" 200 None
2025-02-22 13:24:51,082 DEBUG    urllib3.connectionpool Starting new HTTPS connection (1): container.googleapis.com:443
2025-02-22 13:24:51,214 DEBUG    urllib3.connectionpool https://container.googleapis.com:443 "GET /v1/projects/peppy-arcadia-432311-g5/locations/asia-northeast3/operations/operation-1740198126127-54667622-fdfd-4023-9d15-11b1766063a9?alt=json HTTP/1.1" 200 None
2025-02-22 13:24:56,219 DEBUG    urllib3.connectionpool Starting new HTTPS connection (1): container.googleapis.com:443
2025-02-22 13:24:56,438 DEBUG    urllib3.connectionpool https://container.googleapis.com:443 "GET /v1/projects/peppy-arcadia-432311-g5/locations/asia-northeast3/operations/operation-1740198126127-54667622-fdfd-4023-9d15-11b1766063a9?alt=json HTTP/1.1" 200 None
2025-02-22 13:25:01,443 DEBUG    urllib3.connectionpool Starting new HTTPS connection (1): container.googleapis.com:443
2025-02-22 13:25:01,539 DEBUG    urllib3.connectionpool https://container.googleapis.com:443 "GET /v1/projects/peppy-arcadia-432311-g5/locations/asia-northeast3/operations/operation-1740198126127-54667622-fdfd-4023-9d15-11b1766063a9?alt=json HTTP/1.1" 200 None
2025-02-22 13:25:06,544 DEBUG    urllib3.connectionpool Starting new HTTPS connection (1): container.googleapis.com:443
2025-02-22 13:25:06,676 DEBUG    urllib3.connectionpool https://container.googleapis.com:443 "GET /v1/projects/peppy-arcadia-432311-g5/locations/asia-northeast3/operations/operation-1740198126127-54667622-fdfd-4023-9d15-11b1766063a9?alt=json HTTP/1.1" 200 None
2025-02-22 13:25:11,681 DEBUG    urllib3.connectionpool Starting new HTTPS connection (1): container.googleapis.com:443
2025-02-22 13:25:11,886 DEBUG    urllib3.connectionpool https://container.googleapis.com:443 "GET /v1/projects/peppy-arcadia-432311-g5/locations/asia-northeast3/operations/operation-1740198126127-54667622-fdfd-4023-9d15-11b1766063a9?alt=json HTTP/1.1" 200 None
2025-02-22 13:25:16,890 DEBUG    urllib3.connectionpool Starting new HTTPS connection (1): container.googleapis.com:443
2025-02-22 13:25:17,013 DEBUG    urllib3.connectionpool https://container.googleapis.com:443 "GET /v1/projects/peppy-arcadia-432311-g5/locations/asia-northeast3/operations/operation-1740198126127-54667622-fdfd-4023-9d15-11b1766063a9?alt=json HTTP/1.1" 200 None
2025-02-22 13:25:22,017 DEBUG    urllib3.connectionpool Starting new HTTPS connection (1): container.googleapis.com:443
2025-02-22 13:25:22,108 DEBUG    urllib3.connectionpool https://container.googleapis.com:443 "GET /v1/projects/peppy-arcadia-432311-g5/locations/asia-northeast3/operations/operation-1740198126127-54667622-fdfd-4023-9d15-11b1766063a9?alt=json HTTP/1.1" 200 None
2025-02-22 13:25:27,112 DEBUG    urllib3.connectionpool Starting new HTTPS connection (1): container.googleapis.com:443
2025-02-22 13:25:27,282 DEBUG    urllib3.connectionpool https://container.googleapis.com:443 "GET /v1/projects/peppy-arcadia-432311-g5/locations/asia-northeast3/operations/operation-1740198126127-54667622-fdfd-4023-9d15-11b1766063a9?alt=json HTTP/1.1" 200 None
2025-02-22 13:25:32,289 DEBUG    urllib3.connectionpool Starting new HTTPS connection (1): container.googleapis.com:443
2025-02-22 13:25:32,434 DEBUG    urllib3.connectionpool https://container.googleapis.com:443 "GET /v1/projects/peppy-arcadia-432311-g5/locations/asia-northeast3/operations/operation-1740198126127-54667622-fdfd-4023-9d15-11b1766063a9?alt=json HTTP/1.1" 200 None
2025-02-22 13:25:37,441 DEBUG    urllib3.connectionpool Starting new HTTPS connection (1): container.googleapis.com:443
2025-02-22 13:25:37,579 DEBUG    urllib3.connectionpool https://container.googleapis.com:443 "GET /v1/projects/peppy-arcadia-432311-g5/locations/asia-northeast3/operations/operation-1740198126127-54667622-fdfd-4023-9d15-11b1766063a9?alt=json HTTP/1.1" 200 None
2025-02-22 13:25:42,586 DEBUG    urllib3.connectionpool Starting new HTTPS connection (1): container.googleapis.com:443
2025-02-22 13:25:42,754 DEBUG    urllib3.connectionpool https://container.googleapis.com:443 "GET /v1/projects/peppy-arcadia-432311-g5/locations/asia-northeast3/operations/operation-1740198126127-54667622-fdfd-4023-9d15-11b1766063a9?alt=json HTTP/1.1" 200 None
2025-02-22 13:25:47,760 DEBUG    urllib3.connectionpool Starting new HTTPS connection (1): container.googleapis.com:443
2025-02-22 13:25:47,888 DEBUG    urllib3.connectionpool https://container.googleapis.com:443 "GET /v1/projects/peppy-arcadia-432311-g5/locations/asia-northeast3/operations/operation-1740198126127-54667622-fdfd-4023-9d15-11b1766063a9?alt=json HTTP/1.1" 200 None
2025-02-22 13:25:52,893 DEBUG    urllib3.connectionpool Starting new HTTPS connection (1): container.googleapis.com:443
2025-02-22 13:25:53,029 DEBUG    urllib3.connectionpool https://container.googleapis.com:443 "GET /v1/projects/peppy-arcadia-432311-g5/locations/asia-northeast3/operations/operation-1740198126127-54667622-fdfd-4023-9d15-11b1766063a9?alt=json HTTP/1.1" 200 None
2025-02-22 13:25:58,034 DEBUG    urllib3.connectionpool Starting new HTTPS connection (1): container.googleapis.com:443
2025-02-22 13:25:58,245 DEBUG    urllib3.connectionpool https://container.googleapis.com:443 "GET /v1/projects/peppy-arcadia-432311-g5/locations/asia-northeast3/operations/operation-1740198126127-54667622-fdfd-4023-9d15-11b1766063a9?alt=json HTTP/1.1" 200 None
2025-02-22 13:26:03,253 DEBUG    urllib3.connectionpool Starting new HTTPS connection (1): container.googleapis.com:443
2025-02-22 13:26:03,431 DEBUG    urllib3.connectionpool https://container.googleapis.com:443 "GET /v1/projects/peppy-arcadia-432311-g5/locations/asia-northeast3/operations/operation-1740198126127-54667622-fdfd-4023-9d15-11b1766063a9?alt=json HTTP/1.1" 200 None
2025-02-22 13:26:08,437 DEBUG    urllib3.connectionpool Starting new HTTPS connection (1): container.googleapis.com:443
2025-02-22 13:26:08,566 DEBUG    urllib3.connectionpool https://container.googleapis.com:443 "GET /v1/projects/peppy-arcadia-432311-g5/locations/asia-northeast3/operations/operation-1740198126127-54667622-fdfd-4023-9d15-11b1766063a9?alt=json HTTP/1.1" 200 None
2025-02-22 13:26:13,723 DEBUG    urllib3.connectionpool Starting new HTTPS connection (1): container.googleapis.com:443
2025-02-22 13:26:13,926 DEBUG    urllib3.connectionpool https://container.googleapis.com:443 "GET /v1/projects/peppy-arcadia-432311-g5/locations/asia-northeast3/operations/operation-1740198126127-54667622-fdfd-4023-9d15-11b1766063a9?alt=json HTTP/1.1" 200 None
2025-02-22 13:26:18,932 DEBUG    urllib3.connectionpool Starting new HTTPS connection (1): container.googleapis.com:443
2025-02-22 13:26:19,023 DEBUG    urllib3.connectionpool https://container.googleapis.com:443 "GET /v1/projects/peppy-arcadia-432311-g5/locations/asia-northeast3/operations/operation-1740198126127-54667622-fdfd-4023-9d15-11b1766063a9?alt=json HTTP/1.1" 200 None
2025-02-22 13:26:19,026 INFO     root            Operation <Operation
 clusterConditions: []
 endTime: '2025-02-22T04:26:16.820996631Z'
 name: 'operation-1740198126127-54667622-fdfd-4023-9d15-11b1766063a9'
 nodepoolConditions: []
 operationType: OperationTypeValueValuesEnum(DELETE_NODE_POOL, 8)
 selfLink: 'https://container.googleapis.com/v1/projects/134982172036/locations/asia-northeast3/operations/operation-1740198126127-54667622-fdfd-4023-9d15-11b1766063a9'
 startTime: '2025-02-22T04:22:06.127626629Z'
 status: StatusValueValuesEnum(DONE, 3)
 targetLink: 'https://container.googleapis.com/v1/projects/134982172036/locations/asia-northeast3/clusters/gcp-dr-gke/nodePools/default-pool'
 zone: 'asia-northeast3'> finished after 2.53e+02 seconds
2025-02-22 13:26:19,088 INFO     ___FILE_ONLY___ Deleted [https://container.googleapis.com/v1/projects/peppy-arcadia-432311-g5/zones/asia-northeast3/clusters/gcp-dr-gke/nodePools/default-pool].

2025-02-22 13:26:19,089 DEBUG    root            Chosen display Format:none
2025-02-22 13:26:19,089 INFO     root            Display format: "none"
2025-02-22 13:26:19,112 DEBUG    root            SDK update checks are disabled.
