2025-02-22 13:53:56,575 DEBUG    root            Loaded Command Group: ['gcloud', 'logging']
2025-02-22 13:53:56,591 DEBUG    root            Loaded Command Group: ['gcloud', 'logging', 'read']
2025-02-22 13:53:56,594 DEBUG    root            Running [gcloud.logging.read] with arguments: [--limit: "10", LOG_FILTER: "resource.type="http_load_balancer""]
2025-02-22 13:53:56,621 DEBUG    root            Chosen display Format:default
2025-02-22 13:53:56,622 INFO     root            Display format: "default"
2025-02-22 13:53:56,623 DEBUG    urllib3.connectionpool Starting new HTTPS connection (1): logging.googleapis.com:443
2025-02-22 13:53:59,776 DEBUG    urllib3.connectionpool https://logging.googleapis.com:443 "POST /v2/entries:list?alt=json HTTP/1.1" 200 None
2025-02-22 13:53:59,810 INFO     ___FILE_ONLY___ ---
2025-02-22 13:53:59,810 INFO     ___FILE_ONLY___ 

2025-02-22 13:53:59,810 INFO     ___FILE_ONLY___ httpRequest
2025-02-22 13:53:59,813 INFO     ___FILE_ONLY___ :
2025-02-22 13:53:59,813 INFO     ___FILE_ONLY___ 

2025-02-22 13:53:59,815 INFO     ___FILE_ONLY___   
2025-02-22 13:53:59,816 INFO     ___FILE_ONLY___ latency
2025-02-22 13:53:59,816 INFO     ___FILE_ONLY___ :
2025-02-22 13:53:59,816 INFO     ___FILE_ONLY___  
2025-02-22 13:53:59,816 INFO     ___FILE_ONLY___ 0.173315s
2025-02-22 13:53:59,816 INFO     ___FILE_ONLY___ 

2025-02-22 13:53:59,816 INFO     ___FILE_ONLY___   
2025-02-22 13:53:59,816 INFO     ___FILE_ONLY___ remoteIp
2025-02-22 13:53:59,816 INFO     ___FILE_ONLY___ :
2025-02-22 13:53:59,816 INFO     ___FILE_ONLY___  
2025-02-22 13:53:59,818 INFO     ___FILE_ONLY___ 172.212.103.131
2025-02-22 13:53:59,818 INFO     ___FILE_ONLY___ 

2025-02-22 13:53:59,818 INFO     ___FILE_ONLY___   
2025-02-22 13:53:59,818 INFO     ___FILE_ONLY___ requestMethod
2025-02-22 13:53:59,819 INFO     ___FILE_ONLY___ :
2025-02-22 13:53:59,819 INFO     ___FILE_ONLY___  
2025-02-22 13:53:59,819 INFO     ___FILE_ONLY___ GET
2025-02-22 13:53:59,819 INFO     ___FILE_ONLY___ 

2025-02-22 13:53:59,824 INFO     ___FILE_ONLY___   
2025-02-22 13:53:59,824 INFO     ___FILE_ONLY___ requestSize
2025-02-22 13:53:59,825 INFO     ___FILE_ONLY___ :
2025-02-22 13:53:59,825 INFO     ___FILE_ONLY___  '
2025-02-22 13:53:59,825 INFO     ___FILE_ONLY___ 254
2025-02-22 13:53:59,825 INFO     ___FILE_ONLY___ '
2025-02-22 13:53:59,825 INFO     ___FILE_ONLY___ 

2025-02-22 13:53:59,825 INFO     ___FILE_ONLY___   
2025-02-22 13:53:59,825 INFO     ___FILE_ONLY___ requestUrl
2025-02-22 13:53:59,825 INFO     ___FILE_ONLY___ :
2025-02-22 13:53:59,825 INFO     ___FILE_ONLY___  
2025-02-22 13:53:59,825 INFO     ___FILE_ONLY___ https://34.160.195.229/owa/auth/x.js
2025-02-22 13:53:59,825 INFO     ___FILE_ONLY___ 

2025-02-22 13:53:59,825 INFO     ___FILE_ONLY___   
2025-02-22 13:53:59,825 INFO     ___FILE_ONLY___ responseSize
2025-02-22 13:53:59,825 INFO     ___FILE_ONLY___ :
2025-02-22 13:53:59,825 INFO     ___FILE_ONLY___  '
2025-02-22 13:53:59,825 INFO     ___FILE_ONLY___ 272
2025-02-22 13:53:59,825 INFO     ___FILE_ONLY___ '
2025-02-22 13:53:59,825 INFO     ___FILE_ONLY___ 

2025-02-22 13:53:59,825 INFO     ___FILE_ONLY___   
2025-02-22 13:53:59,825 INFO     ___FILE_ONLY___ serverIp
2025-02-22 13:53:59,825 INFO     ___FILE_ONLY___ :
2025-02-22 13:53:59,825 INFO     ___FILE_ONLY___  
2025-02-22 13:53:59,825 INFO     ___FILE_ONLY___ 10.4.4.8
2025-02-22 13:53:59,826 INFO     ___FILE_ONLY___ 

2025-02-22 13:53:59,826 INFO     ___FILE_ONLY___   
2025-02-22 13:53:59,826 INFO     ___FILE_ONLY___ status
2025-02-22 13:53:59,826 INFO     ___FILE_ONLY___ :
2025-02-22 13:53:59,826 INFO     ___FILE_ONLY___  
2025-02-22 13:53:59,826 INFO     ___FILE_ONLY___ 404
2025-02-22 13:53:59,826 INFO     ___FILE_ONLY___ 

2025-02-22 13:53:59,826 INFO     ___FILE_ONLY___   
2025-02-22 13:53:59,826 INFO     ___FILE_ONLY___ userAgent
2025-02-22 13:53:59,826 INFO     ___FILE_ONLY___ :
2025-02-22 13:53:59,826 INFO     ___FILE_ONLY___  
2025-02-22 13:53:59,826 INFO     ___FILE_ONLY___ Mozilla/5.0
2025-02-22 13:53:59,826 INFO     ___FILE_ONLY___  
2025-02-22 13:53:59,826 INFO     ___FILE_ONLY___ zgrab/0.x
2025-02-22 13:53:59,826 INFO     ___FILE_ONLY___ 

2025-02-22 13:53:59,826 INFO     ___FILE_ONLY___ insertId
2025-02-22 13:53:59,826 INFO     ___FILE_ONLY___ :
2025-02-22 13:53:59,826 INFO     ___FILE_ONLY___  
2025-02-22 13:53:59,826 INFO     ___FILE_ONLY___ p9v6fbfikae3n
2025-02-22 13:53:59,826 INFO     ___FILE_ONLY___ 

2025-02-22 13:53:59,826 INFO     ___FILE_ONLY___ jsonPayload
2025-02-22 13:53:59,826 INFO     ___FILE_ONLY___ :
2025-02-22 13:53:59,826 INFO     ___FILE_ONLY___ 

2025-02-22 13:53:59,826 INFO     ___FILE_ONLY___   
2025-02-22 13:53:59,827 INFO     ___FILE_ONLY___ '
2025-02-22 13:53:59,827 INFO     ___FILE_ONLY___ @type
2025-02-22 13:53:59,827 INFO     ___FILE_ONLY___ '
2025-02-22 13:53:59,827 INFO     ___FILE_ONLY___ :
2025-02-22 13:53:59,827 INFO     ___FILE_ONLY___  
2025-02-22 13:53:59,827 INFO     ___FILE_ONLY___ type.googleapis.com/google.cloud.loadbalancing.type.LoadBalancerLogEntry
2025-02-22 13:53:59,827 INFO     ___FILE_ONLY___ 

2025-02-22 13:53:59,827 INFO     ___FILE_ONLY___   
2025-02-22 13:53:59,827 INFO     ___FILE_ONLY___ backendTargetProjectNumber
2025-02-22 13:53:59,827 INFO     ___FILE_ONLY___ :
2025-02-22 13:53:59,827 INFO     ___FILE_ONLY___  
2025-02-22 13:53:59,827 INFO     ___FILE_ONLY___ projects/134982172036
2025-02-22 13:53:59,827 INFO     ___FILE_ONLY___ 

2025-02-22 13:53:59,827 INFO     ___FILE_ONLY___   
2025-02-22 13:53:59,827 INFO     ___FILE_ONLY___ cacheDecision
2025-02-22 13:53:59,827 INFO     ___FILE_ONLY___ :
2025-02-22 13:53:59,827 INFO     ___FILE_ONLY___ 

2025-02-22 13:53:59,827 INFO     ___FILE_ONLY___   
2025-02-22 13:53:59,827 INFO     ___FILE_ONLY___ -
2025-02-22 13:53:59,827 INFO     ___FILE_ONLY___  
2025-02-22 13:53:59,827 INFO     ___FILE_ONLY___ RESPONSE_HAS_CONTENT_TYPE
2025-02-22 13:53:59,827 INFO     ___FILE_ONLY___ 

2025-02-22 13:53:59,827 INFO     ___FILE_ONLY___   
2025-02-22 13:53:59,827 INFO     ___FILE_ONLY___ -
2025-02-22 13:53:59,827 INFO     ___FILE_ONLY___  
2025-02-22 13:53:59,827 INFO     ___FILE_ONLY___ CACHE_MODE_USE_ORIGIN_HEADERS
2025-02-22 13:53:59,827 INFO     ___FILE_ONLY___ 

2025-02-22 13:53:59,827 INFO     ___FILE_ONLY___   
2025-02-22 13:53:59,827 INFO     ___FILE_ONLY___ remoteIp
2025-02-22 13:53:59,827 INFO     ___FILE_ONLY___ :
2025-02-22 13:53:59,827 INFO     ___FILE_ONLY___  
2025-02-22 13:53:59,827 INFO     ___FILE_ONLY___ 172.212.103.131
2025-02-22 13:53:59,827 INFO     ___FILE_ONLY___ 

2025-02-22 13:53:59,827 INFO     ___FILE_ONLY___   
2025-02-22 13:53:59,828 INFO     ___FILE_ONLY___ statusDetails
2025-02-22 13:53:59,828 INFO     ___FILE_ONLY___ :
2025-02-22 13:53:59,828 INFO     ___FILE_ONLY___  
2025-02-22 13:53:59,828 INFO     ___FILE_ONLY___ response_sent_by_backend
2025-02-22 13:53:59,828 INFO     ___FILE_ONLY___ 

2025-02-22 13:53:59,828 INFO     ___FILE_ONLY___ logName
2025-02-22 13:53:59,828 INFO     ___FILE_ONLY___ :
2025-02-22 13:53:59,828 INFO     ___FILE_ONLY___  
2025-02-22 13:53:59,828 INFO     ___FILE_ONLY___ projects/peppy-arcadia-432311-g5/logs/requests
2025-02-22 13:53:59,828 INFO     ___FILE_ONLY___ 

2025-02-22 13:53:59,828 INFO     ___FILE_ONLY___ receiveTimestamp
2025-02-22 13:53:59,828 INFO     ___FILE_ONLY___ :
2025-02-22 13:53:59,828 INFO     ___FILE_ONLY___  '
2025-02-22 13:53:59,828 INFO     ___FILE_ONLY___ 2025-02-22T04:46:41.068566998Z
2025-02-22 13:53:59,828 INFO     ___FILE_ONLY___ '
2025-02-22 13:53:59,828 INFO     ___FILE_ONLY___ 

2025-02-22 13:53:59,828 INFO     ___FILE_ONLY___ resource
2025-02-22 13:53:59,828 INFO     ___FILE_ONLY___ :
2025-02-22 13:53:59,828 INFO     ___FILE_ONLY___ 

2025-02-22 13:53:59,828 INFO     ___FILE_ONLY___   
2025-02-22 13:53:59,828 INFO     ___FILE_ONLY___ labels
2025-02-22 13:53:59,828 INFO     ___FILE_ONLY___ :
2025-02-22 13:53:59,828 INFO     ___FILE_ONLY___ 

2025-02-22 13:53:59,828 INFO     ___FILE_ONLY___     
2025-02-22 13:53:59,828 INFO     ___FILE_ONLY___ backend_service_name
2025-02-22 13:53:59,828 INFO     ___FILE_ONLY___ :
2025-02-22 13:53:59,828 INFO     ___FILE_ONLY___  
2025-02-22 13:53:59,828 INFO     ___FILE_ONLY___ k8s1-78382c12-kube-system-default-http-backend-80-090786d0
2025-02-22 13:53:59,828 INFO     ___FILE_ONLY___ 

2025-02-22 13:53:59,828 INFO     ___FILE_ONLY___     
2025-02-22 13:53:59,829 INFO     ___FILE_ONLY___ forwarding_rule_name
2025-02-22 13:53:59,829 INFO     ___FILE_ONLY___ :
2025-02-22 13:53:59,829 INFO     ___FILE_ONLY___  
2025-02-22 13:53:59,829 INFO     ___FILE_ONLY___ k8s2-fs-x12dacqn-default-app-ingress-7crmedbp
2025-02-22 13:53:59,829 INFO     ___FILE_ONLY___ 

2025-02-22 13:53:59,829 INFO     ___FILE_ONLY___     
2025-02-22 13:53:59,829 INFO     ___FILE_ONLY___ project_id
2025-02-22 13:53:59,829 INFO     ___FILE_ONLY___ :
2025-02-22 13:53:59,829 INFO     ___FILE_ONLY___  
2025-02-22 13:53:59,829 INFO     ___FILE_ONLY___ peppy-arcadia-432311-g5
2025-02-22 13:53:59,829 INFO     ___FILE_ONLY___ 

2025-02-22 13:53:59,829 INFO     ___FILE_ONLY___     
2025-02-22 13:53:59,829 INFO     ___FILE_ONLY___ target_proxy_name
2025-02-22 13:53:59,829 INFO     ___FILE_ONLY___ :
2025-02-22 13:53:59,829 INFO     ___FILE_ONLY___  
2025-02-22 13:53:59,829 INFO     ___FILE_ONLY___ k8s2-ts-x12dacqn-default-app-ingress-7crmedbp
2025-02-22 13:53:59,829 INFO     ___FILE_ONLY___ 

2025-02-22 13:53:59,829 INFO     ___FILE_ONLY___     
2025-02-22 13:53:59,829 INFO     ___FILE_ONLY___ url_map_name
2025-02-22 13:53:59,829 INFO     ___FILE_ONLY___ :
2025-02-22 13:53:59,829 INFO     ___FILE_ONLY___  
2025-02-22 13:53:59,829 INFO     ___FILE_ONLY___ k8s2-um-x12dacqn-default-app-ingress-7crmedbp
2025-02-22 13:53:59,829 INFO     ___FILE_ONLY___ 

2025-02-22 13:53:59,829 INFO     ___FILE_ONLY___     
2025-02-22 13:53:59,829 INFO     ___FILE_ONLY___ zone
2025-02-22 13:53:59,829 INFO     ___FILE_ONLY___ :
2025-02-22 13:53:59,829 INFO     ___FILE_ONLY___  
2025-02-22 13:53:59,829 INFO     ___FILE_ONLY___ global
2025-02-22 13:53:59,829 INFO     ___FILE_ONLY___ 

2025-02-22 13:53:59,829 INFO     ___FILE_ONLY___   
2025-02-22 13:53:59,829 INFO     ___FILE_ONLY___ type
2025-02-22 13:53:59,829 INFO     ___FILE_ONLY___ :
2025-02-22 13:53:59,829 INFO     ___FILE_ONLY___  
2025-02-22 13:53:59,829 INFO     ___FILE_ONLY___ http_load_balancer
2025-02-22 13:53:59,830 INFO     ___FILE_ONLY___ 

2025-02-22 13:53:59,830 INFO     ___FILE_ONLY___ severity
2025-02-22 13:53:59,830 INFO     ___FILE_ONLY___ :
2025-02-22 13:53:59,830 INFO     ___FILE_ONLY___  
2025-02-22 13:53:59,830 INFO     ___FILE_ONLY___ WARNING
2025-02-22 13:53:59,830 INFO     ___FILE_ONLY___ 

2025-02-22 13:53:59,830 INFO     ___FILE_ONLY___ spanId
2025-02-22 13:53:59,830 INFO     ___FILE_ONLY___ :
2025-02-22 13:53:59,830 INFO     ___FILE_ONLY___  
2025-02-22 13:53:59,830 INFO     ___FILE_ONLY___ f710f34419805787
2025-02-22 13:53:59,830 INFO     ___FILE_ONLY___ 

2025-02-22 13:53:59,830 INFO     ___FILE_ONLY___ timestamp
2025-02-22 13:53:59,830 INFO     ___FILE_ONLY___ :
2025-02-22 13:53:59,830 INFO     ___FILE_ONLY___  '
2025-02-22 13:53:59,830 INFO     ___FILE_ONLY___ 2025-02-22T04:46:39.237946Z
2025-02-22 13:53:59,830 INFO     ___FILE_ONLY___ '
2025-02-22 13:53:59,830 INFO     ___FILE_ONLY___ 

2025-02-22 13:53:59,830 INFO     ___FILE_ONLY___ trace
2025-02-22 13:53:59,830 INFO     ___FILE_ONLY___ :
2025-02-22 13:53:59,830 INFO     ___FILE_ONLY___  
2025-02-22 13:53:59,830 INFO     ___FILE_ONLY___ projects/peppy-arcadia-432311-g5/traces/28bbfcdcb51d2fc8fd6591a7cd8ac58e
2025-02-22 13:53:59,830 INFO     ___FILE_ONLY___ 

2025-02-22 13:53:59,831 INFO     ___FILE_ONLY___ ---
2025-02-22 13:53:59,831 INFO     ___FILE_ONLY___ 

2025-02-22 13:53:59,832 INFO     ___FILE_ONLY___ httpRequest
2025-02-22 13:53:59,832 INFO     ___FILE_ONLY___ :
2025-02-22 13:53:59,832 INFO     ___FILE_ONLY___ 

2025-02-22 13:53:59,832 INFO     ___FILE_ONLY___   
2025-02-22 13:53:59,832 INFO     ___FILE_ONLY___ cacheFillBytes
2025-02-22 13:53:59,832 INFO     ___FILE_ONLY___ :
2025-02-22 13:53:59,832 INFO     ___FILE_ONLY___  '
2025-02-22 13:53:59,832 INFO     ___FILE_ONLY___ 6247
2025-02-22 13:53:59,832 INFO     ___FILE_ONLY___ '
2025-02-22 13:53:59,832 INFO     ___FILE_ONLY___ 

2025-02-22 13:53:59,832 INFO     ___FILE_ONLY___   
2025-02-22 13:53:59,832 INFO     ___FILE_ONLY___ cacheLookup
2025-02-22 13:53:59,832 INFO     ___FILE_ONLY___ :
2025-02-22 13:53:59,832 INFO     ___FILE_ONLY___  
2025-02-22 13:53:59,832 INFO     ___FILE_ONLY___ true
2025-02-22 13:53:59,832 INFO     ___FILE_ONLY___ 

2025-02-22 13:53:59,832 INFO     ___FILE_ONLY___   
2025-02-22 13:53:59,832 INFO     ___FILE_ONLY___ latency
2025-02-22 13:53:59,832 INFO     ___FILE_ONLY___ :
2025-02-22 13:53:59,832 INFO     ___FILE_ONLY___  
2025-02-22 13:53:59,832 INFO     ___FILE_ONLY___ 0.296419s
2025-02-22 13:53:59,832 INFO     ___FILE_ONLY___ 

2025-02-22 13:53:59,832 INFO     ___FILE_ONLY___   
2025-02-22 13:53:59,832 INFO     ___FILE_ONLY___ remoteIp
2025-02-22 13:53:59,832 INFO     ___FILE_ONLY___ :
2025-02-22 13:53:59,832 INFO     ___FILE_ONLY___  
2025-02-22 13:53:59,832 INFO     ___FILE_ONLY___ 193.68.89.10
2025-02-22 13:53:59,832 INFO     ___FILE_ONLY___ 

2025-02-22 13:53:59,832 INFO     ___FILE_ONLY___   
2025-02-22 13:53:59,832 INFO     ___FILE_ONLY___ requestMethod
2025-02-22 13:53:59,833 INFO     ___FILE_ONLY___ :
2025-02-22 13:53:59,833 INFO     ___FILE_ONLY___  
2025-02-22 13:53:59,833 INFO     ___FILE_ONLY___ GET
2025-02-22 13:53:59,833 INFO     ___FILE_ONLY___ 

2025-02-22 13:53:59,833 INFO     ___FILE_ONLY___   
2025-02-22 13:53:59,833 INFO     ___FILE_ONLY___ requestSize
2025-02-22 13:53:59,833 INFO     ___FILE_ONLY___ :
2025-02-22 13:53:59,833 INFO     ___FILE_ONLY___  '
2025-02-22 13:53:59,833 INFO     ___FILE_ONLY___ 427
2025-02-22 13:53:59,833 INFO     ___FILE_ONLY___ '
2025-02-22 13:53:59,833 INFO     ___FILE_ONLY___ 

2025-02-22 13:53:59,833 INFO     ___FILE_ONLY___   
2025-02-22 13:53:59,833 INFO     ___FILE_ONLY___ requestUrl
2025-02-22 13:53:59,833 INFO     ___FILE_ONLY___ :
2025-02-22 13:53:59,833 INFO     ___FILE_ONLY___  
2025-02-22 13:53:59,833 INFO     ___FILE_ONLY___ http://34.144.230.93/
2025-02-22 13:53:59,833 INFO     ___FILE_ONLY___ 

2025-02-22 13:53:59,833 INFO     ___FILE_ONLY___   
2025-02-22 13:53:59,833 INFO     ___FILE_ONLY___ responseSize
2025-02-22 13:53:59,833 INFO     ___FILE_ONLY___ :
2025-02-22 13:53:59,833 INFO     ___FILE_ONLY___  '
2025-02-22 13:53:59,833 INFO     ___FILE_ONLY___ 6247
2025-02-22 13:53:59,833 INFO     ___FILE_ONLY___ '
2025-02-22 13:53:59,833 INFO     ___FILE_ONLY___ 

2025-02-22 13:53:59,833 INFO     ___FILE_ONLY___   
2025-02-22 13:53:59,833 INFO     ___FILE_ONLY___ status
2025-02-22 13:53:59,833 INFO     ___FILE_ONLY___ :
2025-02-22 13:53:59,833 INFO     ___FILE_ONLY___  
2025-02-22 13:53:59,833 INFO     ___FILE_ONLY___ 200
2025-02-22 13:53:59,833 INFO     ___FILE_ONLY___ 

2025-02-22 13:53:59,833 INFO     ___FILE_ONLY___   
2025-02-22 13:53:59,833 INFO     ___FILE_ONLY___ userAgent
2025-02-22 13:53:59,833 INFO     ___FILE_ONLY___ :
2025-02-22 13:53:59,833 INFO     ___FILE_ONLY___  
2025-02-22 13:53:59,833 INFO     ___FILE_ONLY___ Mozilla/5.0
2025-02-22 13:53:59,834 INFO     ___FILE_ONLY___  
2025-02-22 13:53:59,834 INFO     ___FILE_ONLY___ (Windows
2025-02-22 13:53:59,834 INFO     ___FILE_ONLY___  
2025-02-22 13:53:59,834 INFO     ___FILE_ONLY___ NT
2025-02-22 13:53:59,834 INFO     ___FILE_ONLY___  
2025-02-22 13:53:59,834 INFO     ___FILE_ONLY___ 10.0;
2025-02-22 13:53:59,834 INFO     ___FILE_ONLY___  
2025-02-22 13:53:59,834 INFO     ___FILE_ONLY___ Win64;
2025-02-22 13:53:59,834 INFO     ___FILE_ONLY___  
2025-02-22 13:53:59,834 INFO     ___FILE_ONLY___ x64)
2025-02-22 13:53:59,834 INFO     ___FILE_ONLY___  
2025-02-22 13:53:59,834 INFO     ___FILE_ONLY___ AppleWebKit/537.36
2025-02-22 13:53:59,834 INFO     ___FILE_ONLY___  
2025-02-22 13:53:59,834 INFO     ___FILE_ONLY___ (KHTML,
2025-02-22 13:53:59,834 INFO     ___FILE_ONLY___ 

2025-02-22 13:53:59,834 INFO     ___FILE_ONLY___     
2025-02-22 13:53:59,834 INFO     ___FILE_ONLY___ like
2025-02-22 13:53:59,834 INFO     ___FILE_ONLY___  
2025-02-22 13:53:59,834 INFO     ___FILE_ONLY___ Gecko)
2025-02-22 13:53:59,834 INFO     ___FILE_ONLY___  
2025-02-22 13:53:59,834 INFO     ___FILE_ONLY___ Chrome/90.0.4430.85
2025-02-22 13:53:59,834 INFO     ___FILE_ONLY___  
2025-02-22 13:53:59,834 INFO     ___FILE_ONLY___ Safari/537.36
2025-02-22 13:53:59,834 INFO     ___FILE_ONLY___  
2025-02-22 13:53:59,834 INFO     ___FILE_ONLY___ Edg/90.0.818.46
2025-02-22 13:53:59,834 INFO     ___FILE_ONLY___ 

2025-02-22 13:53:59,834 INFO     ___FILE_ONLY___ insertId
2025-02-22 13:53:59,834 INFO     ___FILE_ONLY___ :
2025-02-22 13:53:59,834 INFO     ___FILE_ONLY___  
2025-02-22 13:53:59,834 INFO     ___FILE_ONLY___ 1lh6ny5fbzwvcr
2025-02-22 13:53:59,834 INFO     ___FILE_ONLY___ 

2025-02-22 13:53:59,834 INFO     ___FILE_ONLY___ jsonPayload
2025-02-22 13:53:59,834 INFO     ___FILE_ONLY___ :
2025-02-22 13:53:59,834 INFO     ___FILE_ONLY___ 

2025-02-22 13:53:59,834 INFO     ___FILE_ONLY___   
2025-02-22 13:53:59,834 INFO     ___FILE_ONLY___ '
2025-02-22 13:53:59,834 INFO     ___FILE_ONLY___ @type
2025-02-22 13:53:59,834 INFO     ___FILE_ONLY___ '
2025-02-22 13:53:59,834 INFO     ___FILE_ONLY___ :
2025-02-22 13:53:59,834 INFO     ___FILE_ONLY___  
2025-02-22 13:53:59,834 INFO     ___FILE_ONLY___ type.googleapis.com/google.cloud.loadbalancing.type.LoadBalancerLogEntry
2025-02-22 13:53:59,834 INFO     ___FILE_ONLY___ 

2025-02-22 13:53:59,834 INFO     ___FILE_ONLY___   
2025-02-22 13:53:59,835 INFO     ___FILE_ONLY___ backendTargetProjectNumber
2025-02-22 13:53:59,835 INFO     ___FILE_ONLY___ :
2025-02-22 13:53:59,835 INFO     ___FILE_ONLY___  
2025-02-22 13:53:59,835 INFO     ___FILE_ONLY___ projects/134982172036
2025-02-22 13:53:59,835 INFO     ___FILE_ONLY___ 

2025-02-22 13:53:59,835 INFO     ___FILE_ONLY___   
2025-02-22 13:53:59,835 INFO     ___FILE_ONLY___ cacheDecision
2025-02-22 13:53:59,835 INFO     ___FILE_ONLY___ :
2025-02-22 13:53:59,835 INFO     ___FILE_ONLY___ 

2025-02-22 13:53:59,835 INFO     ___FILE_ONLY___   
2025-02-22 13:53:59,835 INFO     ___FILE_ONLY___ -
2025-02-22 13:53:59,835 INFO     ___FILE_ONLY___  
2025-02-22 13:53:59,835 INFO     ___FILE_ONLY___ RESPONSE_HAS_CACHE_CONTROL
2025-02-22 13:53:59,835 INFO     ___FILE_ONLY___ 

2025-02-22 13:53:59,835 INFO     ___FILE_ONLY___   
2025-02-22 13:53:59,835 INFO     ___FILE_ONLY___ -
2025-02-22 13:53:59,835 INFO     ___FILE_ONLY___  
2025-02-22 13:53:59,835 INFO     ___FILE_ONLY___ RESPONSE_CACHE_CONTROL_PUBLIC
2025-02-22 13:53:59,835 INFO     ___FILE_ONLY___ 

2025-02-22 13:53:59,835 INFO     ___FILE_ONLY___   
2025-02-22 13:53:59,835 INFO     ___FILE_ONLY___ -
2025-02-22 13:53:59,835 INFO     ___FILE_ONLY___  
2025-02-22 13:53:59,835 INFO     ___FILE_ONLY___ RESPONSE_HAS_ETAG
2025-02-22 13:53:59,835 INFO     ___FILE_ONLY___ 

2025-02-22 13:53:59,835 INFO     ___FILE_ONLY___   
2025-02-22 13:53:59,835 INFO     ___FILE_ONLY___ -
2025-02-22 13:53:59,835 INFO     ___FILE_ONLY___  
2025-02-22 13:53:59,835 INFO     ___FILE_ONLY___ RESPONSE_HAS_LAST_MODIFIED
2025-02-22 13:53:59,835 INFO     ___FILE_ONLY___ 

2025-02-22 13:53:59,835 INFO     ___FILE_ONLY___   
2025-02-22 13:53:59,835 INFO     ___FILE_ONLY___ -
2025-02-22 13:53:59,835 INFO     ___FILE_ONLY___  
2025-02-22 13:53:59,835 INFO     ___FILE_ONLY___ RESPONSE_HAS_EXPIRES
2025-02-22 13:53:59,835 INFO     ___FILE_ONLY___ 

2025-02-22 13:53:59,836 INFO     ___FILE_ONLY___   
2025-02-22 13:53:59,836 INFO     ___FILE_ONLY___ -
2025-02-22 13:53:59,836 INFO     ___FILE_ONLY___  
2025-02-22 13:53:59,836 INFO     ___FILE_ONLY___ RESPONSE_HAS_CONTENT_TYPE
2025-02-22 13:53:59,836 INFO     ___FILE_ONLY___ 

2025-02-22 13:53:59,836 INFO     ___FILE_ONLY___   
2025-02-22 13:53:59,836 INFO     ___FILE_ONLY___ -
2025-02-22 13:53:59,836 INFO     ___FILE_ONLY___  
2025-02-22 13:53:59,836 INFO     ___FILE_ONLY___ CACHE_MODE_CACHE_ALL_STATIC
2025-02-22 13:53:59,836 INFO     ___FILE_ONLY___ 

2025-02-22 13:53:59,836 INFO     ___FILE_ONLY___   
2025-02-22 13:53:59,836 INFO     ___FILE_ONLY___ cacheId
2025-02-22 13:53:59,836 INFO     ___FILE_ONLY___ :
2025-02-22 13:53:59,836 INFO     ___FILE_ONLY___  
2025-02-22 13:53:59,836 INFO     ___FILE_ONLY___ AMS-5232d789
2025-02-22 13:53:59,836 INFO     ___FILE_ONLY___ 

2025-02-22 13:53:59,836 INFO     ___FILE_ONLY___   
2025-02-22 13:53:59,836 INFO     ___FILE_ONLY___ remoteIp
2025-02-22 13:53:59,836 INFO     ___FILE_ONLY___ :
2025-02-22 13:53:59,836 INFO     ___FILE_ONLY___  
2025-02-22 13:53:59,836 INFO     ___FILE_ONLY___ 193.68.89.10
2025-02-22 13:53:59,836 INFO     ___FILE_ONLY___ 

2025-02-22 13:53:59,836 INFO     ___FILE_ONLY___   
2025-02-22 13:53:59,836 INFO     ___FILE_ONLY___ statusDetails
2025-02-22 13:53:59,836 INFO     ___FILE_ONLY___ :
2025-02-22 13:53:59,836 INFO     ___FILE_ONLY___  
2025-02-22 13:53:59,836 INFO     ___FILE_ONLY___ response_sent_by_backend
2025-02-22 13:53:59,836 INFO     ___FILE_ONLY___ 

2025-02-22 13:53:59,836 INFO     ___FILE_ONLY___ logName
2025-02-22 13:53:59,836 INFO     ___FILE_ONLY___ :
2025-02-22 13:53:59,836 INFO     ___FILE_ONLY___  
2025-02-22 13:53:59,836 INFO     ___FILE_ONLY___ projects/peppy-arcadia-432311-g5/logs/requests
2025-02-22 13:53:59,836 INFO     ___FILE_ONLY___ 

2025-02-22 13:53:59,836 INFO     ___FILE_ONLY___ receiveTimestamp
2025-02-22 13:53:59,837 INFO     ___FILE_ONLY___ :
2025-02-22 13:53:59,837 INFO     ___FILE_ONLY___  '
2025-02-22 13:53:59,837 INFO     ___FILE_ONLY___ 2025-02-22T04:42:52.607393159Z
2025-02-22 13:53:59,837 INFO     ___FILE_ONLY___ '
2025-02-22 13:53:59,837 INFO     ___FILE_ONLY___ 

2025-02-22 13:53:59,837 INFO     ___FILE_ONLY___ resource
2025-02-22 13:53:59,837 INFO     ___FILE_ONLY___ :
2025-02-22 13:53:59,837 INFO     ___FILE_ONLY___ 

2025-02-22 13:53:59,837 INFO     ___FILE_ONLY___   
2025-02-22 13:53:59,837 INFO     ___FILE_ONLY___ labels
2025-02-22 13:53:59,837 INFO     ___FILE_ONLY___ :
2025-02-22 13:53:59,837 INFO     ___FILE_ONLY___ 

2025-02-22 13:53:59,837 INFO     ___FILE_ONLY___     
2025-02-22 13:53:59,837 INFO     ___FILE_ONLY___ backend_service_name
2025-02-22 13:53:59,837 INFO     ___FILE_ONLY___ :
2025-02-22 13:53:59,837 INFO     ___FILE_ONLY___  
2025-02-22 13:53:59,837 INFO     ___FILE_ONLY___ gcs-backend
2025-02-22 13:53:59,837 INFO     ___FILE_ONLY___ 

2025-02-22 13:53:59,837 INFO     ___FILE_ONLY___     
2025-02-22 13:53:59,837 INFO     ___FILE_ONLY___ forwarding_rule_name
2025-02-22 13:53:59,837 INFO     ___FILE_ONLY___ :
2025-02-22 13:53:59,837 INFO     ___FILE_ONLY___  
2025-02-22 13:53:59,837 INFO     ___FILE_ONLY___ lb-http-forwarding-rule
2025-02-22 13:53:59,837 INFO     ___FILE_ONLY___ 

2025-02-22 13:53:59,837 INFO     ___FILE_ONLY___     
2025-02-22 13:53:59,837 INFO     ___FILE_ONLY___ project_id
2025-02-22 13:53:59,837 INFO     ___FILE_ONLY___ :
2025-02-22 13:53:59,837 INFO     ___FILE_ONLY___  
2025-02-22 13:53:59,837 INFO     ___FILE_ONLY___ peppy-arcadia-432311-g5
2025-02-22 13:53:59,838 INFO     ___FILE_ONLY___ 

2025-02-22 13:53:59,838 INFO     ___FILE_ONLY___     
2025-02-22 13:53:59,838 INFO     ___FILE_ONLY___ target_proxy_name
2025-02-22 13:53:59,838 INFO     ___FILE_ONLY___ :
2025-02-22 13:53:59,838 INFO     ___FILE_ONLY___  
2025-02-22 13:53:59,838 INFO     ___FILE_ONLY___ lb-http-proxy
2025-02-22 13:53:59,838 INFO     ___FILE_ONLY___ 

2025-02-22 13:53:59,838 INFO     ___FILE_ONLY___     
2025-02-22 13:53:59,838 INFO     ___FILE_ONLY___ url_map_name
2025-02-22 13:53:59,838 INFO     ___FILE_ONLY___ :
2025-02-22 13:53:59,838 INFO     ___FILE_ONLY___  
2025-02-22 13:53:59,838 INFO     ___FILE_ONLY___ lb-url-map
2025-02-22 13:53:59,838 INFO     ___FILE_ONLY___ 

2025-02-22 13:53:59,838 INFO     ___FILE_ONLY___     
2025-02-22 13:53:59,839 INFO     ___FILE_ONLY___ zone
2025-02-22 13:53:59,839 INFO     ___FILE_ONLY___ :
2025-02-22 13:53:59,839 INFO     ___FILE_ONLY___  
2025-02-22 13:53:59,839 INFO     ___FILE_ONLY___ global
2025-02-22 13:53:59,839 INFO     ___FILE_ONLY___ 

2025-02-22 13:53:59,839 INFO     ___FILE_ONLY___   
2025-02-22 13:53:59,839 INFO     ___FILE_ONLY___ type
2025-02-22 13:53:59,839 INFO     ___FILE_ONLY___ :
2025-02-22 13:53:59,839 INFO     ___FILE_ONLY___  
2025-02-22 13:53:59,839 INFO     ___FILE_ONLY___ http_load_balancer
2025-02-22 13:53:59,839 INFO     ___FILE_ONLY___ 

2025-02-22 13:53:59,839 INFO     ___FILE_ONLY___ severity
2025-02-22 13:53:59,839 INFO     ___FILE_ONLY___ :
2025-02-22 13:53:59,839 INFO     ___FILE_ONLY___  
2025-02-22 13:53:59,839 INFO     ___FILE_ONLY___ INFO
2025-02-22 13:53:59,839 INFO     ___FILE_ONLY___ 

2025-02-22 13:53:59,839 INFO     ___FILE_ONLY___ spanId
2025-02-22 13:53:59,839 INFO     ___FILE_ONLY___ :
2025-02-22 13:53:59,839 INFO     ___FILE_ONLY___  
2025-02-22 13:53:59,839 INFO     ___FILE_ONLY___ b3363b72a6070201
2025-02-22 13:53:59,839 INFO     ___FILE_ONLY___ 

2025-02-22 13:53:59,839 INFO     ___FILE_ONLY___ timestamp
2025-02-22 13:53:59,839 INFO     ___FILE_ONLY___ :
2025-02-22 13:53:59,839 INFO     ___FILE_ONLY___  '
2025-02-22 13:53:59,839 INFO     ___FILE_ONLY___ 2025-02-22T04:42:51.227639Z
2025-02-22 13:53:59,839 INFO     ___FILE_ONLY___ '
2025-02-22 13:53:59,839 INFO     ___FILE_ONLY___ 

2025-02-22 13:53:59,839 INFO     ___FILE_ONLY___ trace
2025-02-22 13:53:59,839 INFO     ___FILE_ONLY___ :
2025-02-22 13:53:59,839 INFO     ___FILE_ONLY___  
2025-02-22 13:53:59,839 INFO     ___FILE_ONLY___ projects/peppy-arcadia-432311-g5/traces/2239a129910a780b5de0d261f6643838
2025-02-22 13:53:59,839 INFO     ___FILE_ONLY___ 

2025-02-22 13:53:59,840 INFO     ___FILE_ONLY___ ---
2025-02-22 13:53:59,840 INFO     ___FILE_ONLY___ 

2025-02-22 13:53:59,841 INFO     ___FILE_ONLY___ httpRequest
2025-02-22 13:53:59,841 INFO     ___FILE_ONLY___ :
2025-02-22 13:53:59,841 INFO     ___FILE_ONLY___ 

2025-02-22 13:53:59,841 INFO     ___FILE_ONLY___   
2025-02-22 13:53:59,841 INFO     ___FILE_ONLY___ latency
2025-02-22 13:53:59,841 INFO     ___FILE_ONLY___ :
2025-02-22 13:53:59,841 INFO     ___FILE_ONLY___  
2025-02-22 13:53:59,841 INFO     ___FILE_ONLY___ 0.100750s
2025-02-22 13:53:59,841 INFO     ___FILE_ONLY___ 

2025-02-22 13:53:59,841 INFO     ___FILE_ONLY___   
2025-02-22 13:53:59,841 INFO     ___FILE_ONLY___ remoteIp
2025-02-22 13:53:59,841 INFO     ___FILE_ONLY___ :
2025-02-22 13:53:59,841 INFO     ___FILE_ONLY___  
2025-02-22 13:53:59,841 INFO     ___FILE_ONLY___ 47.89.230.62
2025-02-22 13:53:59,841 INFO     ___FILE_ONLY___ 

2025-02-22 13:53:59,841 INFO     ___FILE_ONLY___   
2025-02-22 13:53:59,841 INFO     ___FILE_ONLY___ requestMethod
2025-02-22 13:53:59,841 INFO     ___FILE_ONLY___ :
2025-02-22 13:53:59,841 INFO     ___FILE_ONLY___  
2025-02-22 13:53:59,841 INFO     ___FILE_ONLY___ GET
2025-02-22 13:53:59,841 INFO     ___FILE_ONLY___ 

2025-02-22 13:53:59,841 INFO     ___FILE_ONLY___   
2025-02-22 13:53:59,841 INFO     ___FILE_ONLY___ requestSize
2025-02-22 13:53:59,841 INFO     ___FILE_ONLY___ :
2025-02-22 13:53:59,841 INFO     ___FILE_ONLY___  '
2025-02-22 13:53:59,841 INFO     ___FILE_ONLY___ 246
2025-02-22 13:53:59,842 INFO     ___FILE_ONLY___ '
2025-02-22 13:53:59,843 INFO     ___FILE_ONLY___ 

2025-02-22 13:53:59,843 INFO     ___FILE_ONLY___   
2025-02-22 13:53:59,843 INFO     ___FILE_ONLY___ responseSize
2025-02-22 13:53:59,843 INFO     ___FILE_ONLY___ :
2025-02-22 13:53:59,843 INFO     ___FILE_ONLY___  '
2025-02-22 13:53:59,843 INFO     ___FILE_ONLY___ 429
2025-02-22 13:53:59,843 INFO     ___FILE_ONLY___ '
2025-02-22 13:53:59,843 INFO     ___FILE_ONLY___ 

2025-02-22 13:53:59,843 INFO     ___FILE_ONLY___   
2025-02-22 13:53:59,843 INFO     ___FILE_ONLY___ status
2025-02-22 13:53:59,843 INFO     ___FILE_ONLY___ :
2025-02-22 13:53:59,843 INFO     ___FILE_ONLY___  
2025-02-22 13:53:59,843 INFO     ___FILE_ONLY___ 400
2025-02-22 13:53:59,843 INFO     ___FILE_ONLY___ 

2025-02-22 13:53:59,843 INFO     ___FILE_ONLY___   
2025-02-22 13:53:59,844 INFO     ___FILE_ONLY___ userAgent
2025-02-22 13:53:59,844 INFO     ___FILE_ONLY___ :
2025-02-22 13:53:59,844 INFO     ___FILE_ONLY___  
2025-02-22 13:53:59,844 INFO     ___FILE_ONLY___ Custom-AsyncHttpClient
2025-02-22 13:53:59,844 INFO     ___FILE_ONLY___ 

2025-02-22 13:53:59,844 INFO     ___FILE_ONLY___ insertId
2025-02-22 13:53:59,844 INFO     ___FILE_ONLY___ :
2025-02-22 13:53:59,844 INFO     ___FILE_ONLY___  
2025-02-22 13:53:59,844 INFO     ___FILE_ONLY___ 1t8xbaff9marqh
2025-02-22 13:53:59,844 INFO     ___FILE_ONLY___ 

2025-02-22 13:53:59,844 INFO     ___FILE_ONLY___ jsonPayload
2025-02-22 13:53:59,844 INFO     ___FILE_ONLY___ :
2025-02-22 13:53:59,844 INFO     ___FILE_ONLY___ 

2025-02-22 13:53:59,844 INFO     ___FILE_ONLY___   
2025-02-22 13:53:59,844 INFO     ___FILE_ONLY___ '
2025-02-22 13:53:59,844 INFO     ___FILE_ONLY___ @type
2025-02-22 13:53:59,844 INFO     ___FILE_ONLY___ '
2025-02-22 13:53:59,844 INFO     ___FILE_ONLY___ :
2025-02-22 13:53:59,844 INFO     ___FILE_ONLY___  
2025-02-22 13:53:59,844 INFO     ___FILE_ONLY___ type.googleapis.com/google.cloud.loadbalancing.type.LoadBalancerLogEntry
2025-02-22 13:53:59,844 INFO     ___FILE_ONLY___ 

2025-02-22 13:53:59,844 INFO     ___FILE_ONLY___   
2025-02-22 13:53:59,844 INFO     ___FILE_ONLY___ backendTargetProjectNumber
2025-02-22 13:53:59,844 INFO     ___FILE_ONLY___ :
2025-02-22 13:53:59,844 INFO     ___FILE_ONLY___  
2025-02-22 13:53:59,844 INFO     ___FILE_ONLY___ projects/134982172036
2025-02-22 13:53:59,844 INFO     ___FILE_ONLY___ 

2025-02-22 13:53:59,844 INFO     ___FILE_ONLY___   
2025-02-22 13:53:59,844 INFO     ___FILE_ONLY___ remoteIp
2025-02-22 13:53:59,845 INFO     ___FILE_ONLY___ :
2025-02-22 13:53:59,845 INFO     ___FILE_ONLY___  
2025-02-22 13:53:59,845 INFO     ___FILE_ONLY___ 47.89.230.62
2025-02-22 13:53:59,845 INFO     ___FILE_ONLY___ 

2025-02-22 13:53:59,845 INFO     ___FILE_ONLY___   
2025-02-22 13:53:59,845 INFO     ___FILE_ONLY___ statusDetails
2025-02-22 13:53:59,845 INFO     ___FILE_ONLY___ :
2025-02-22 13:53:59,845 INFO     ___FILE_ONLY___  
2025-02-22 13:53:59,845 INFO     ___FILE_ONLY___ body_not_allowed
2025-02-22 13:53:59,845 INFO     ___FILE_ONLY___ 

2025-02-22 13:53:59,845 INFO     ___FILE_ONLY___ logName
2025-02-22 13:53:59,845 INFO     ___FILE_ONLY___ :
2025-02-22 13:53:59,845 INFO     ___FILE_ONLY___  
2025-02-22 13:53:59,845 INFO     ___FILE_ONLY___ projects/peppy-arcadia-432311-g5/logs/requests
2025-02-22 13:53:59,845 INFO     ___FILE_ONLY___ 

2025-02-22 13:53:59,845 INFO     ___FILE_ONLY___ receiveTimestamp
2025-02-22 13:53:59,845 INFO     ___FILE_ONLY___ :
2025-02-22 13:53:59,845 INFO     ___FILE_ONLY___  '
2025-02-22 13:53:59,845 INFO     ___FILE_ONLY___ 2025-02-22T04:41:25.600599068Z
2025-02-22 13:53:59,845 INFO     ___FILE_ONLY___ '
2025-02-22 13:53:59,845 INFO     ___FILE_ONLY___ 

2025-02-22 13:53:59,845 INFO     ___FILE_ONLY___ resource
2025-02-22 13:53:59,845 INFO     ___FILE_ONLY___ :
2025-02-22 13:53:59,845 INFO     ___FILE_ONLY___ 

2025-02-22 13:53:59,845 INFO     ___FILE_ONLY___   
2025-02-22 13:53:59,845 INFO     ___FILE_ONLY___ labels
2025-02-22 13:53:59,846 INFO     ___FILE_ONLY___ :
2025-02-22 13:53:59,846 INFO     ___FILE_ONLY___ 

2025-02-22 13:53:59,846 INFO     ___FILE_ONLY___     
2025-02-22 13:53:59,846 INFO     ___FILE_ONLY___ backend_service_name
2025-02-22 13:53:59,846 INFO     ___FILE_ONLY___ :
2025-02-22 13:53:59,846 INFO     ___FILE_ONLY___  '
2025-02-22 13:53:59,846 INFO     ___FILE_ONLY___ '
2025-02-22 13:53:59,846 INFO     ___FILE_ONLY___ 

2025-02-22 13:53:59,846 INFO     ___FILE_ONLY___     
2025-02-22 13:53:59,846 INFO     ___FILE_ONLY___ forwarding_rule_name
2025-02-22 13:53:59,846 INFO     ___FILE_ONLY___ :
2025-02-22 13:53:59,846 INFO     ___FILE_ONLY___  
2025-02-22 13:53:59,846 INFO     ___FILE_ONLY___ k8s2-fs-x12dacqn-default-app-ingress-7crmedbp
2025-02-22 13:53:59,846 INFO     ___FILE_ONLY___ 

2025-02-22 13:53:59,846 INFO     ___FILE_ONLY___     
2025-02-22 13:53:59,846 INFO     ___FILE_ONLY___ project_id
2025-02-22 13:53:59,846 INFO     ___FILE_ONLY___ :
2025-02-22 13:53:59,846 INFO     ___FILE_ONLY___  
2025-02-22 13:53:59,846 INFO     ___FILE_ONLY___ peppy-arcadia-432311-g5
2025-02-22 13:53:59,846 INFO     ___FILE_ONLY___ 

2025-02-22 13:53:59,846 INFO     ___FILE_ONLY___     
2025-02-22 13:53:59,846 INFO     ___FILE_ONLY___ target_proxy_name
2025-02-22 13:53:59,846 INFO     ___FILE_ONLY___ :
2025-02-22 13:53:59,846 INFO     ___FILE_ONLY___  '
2025-02-22 13:53:59,846 INFO     ___FILE_ONLY___ '
2025-02-22 13:53:59,846 INFO     ___FILE_ONLY___ 

2025-02-22 13:53:59,846 INFO     ___FILE_ONLY___     
2025-02-22 13:53:59,846 INFO     ___FILE_ONLY___ url_map_name
2025-02-22 13:53:59,846 INFO     ___FILE_ONLY___ :
2025-02-22 13:53:59,846 INFO     ___FILE_ONLY___  '
2025-02-22 13:53:59,846 INFO     ___FILE_ONLY___ '
2025-02-22 13:53:59,847 INFO     ___FILE_ONLY___ 

2025-02-22 13:53:59,847 INFO     ___FILE_ONLY___     
2025-02-22 13:53:59,847 INFO     ___FILE_ONLY___ zone
2025-02-22 13:53:59,847 INFO     ___FILE_ONLY___ :
2025-02-22 13:53:59,847 INFO     ___FILE_ONLY___  
2025-02-22 13:53:59,847 INFO     ___FILE_ONLY___ global
2025-02-22 13:53:59,847 INFO     ___FILE_ONLY___ 

2025-02-22 13:53:59,847 INFO     ___FILE_ONLY___   
2025-02-22 13:53:59,847 INFO     ___FILE_ONLY___ type
2025-02-22 13:53:59,847 INFO     ___FILE_ONLY___ :
2025-02-22 13:53:59,847 INFO     ___FILE_ONLY___  
2025-02-22 13:53:59,847 INFO     ___FILE_ONLY___ http_load_balancer
2025-02-22 13:53:59,847 INFO     ___FILE_ONLY___ 

2025-02-22 13:53:59,847 INFO     ___FILE_ONLY___ severity
2025-02-22 13:53:59,847 INFO     ___FILE_ONLY___ :
2025-02-22 13:53:59,847 INFO     ___FILE_ONLY___  
2025-02-22 13:53:59,847 INFO     ___FILE_ONLY___ WARNING
2025-02-22 13:53:59,847 INFO     ___FILE_ONLY___ 

2025-02-22 13:53:59,847 INFO     ___FILE_ONLY___ timestamp
2025-02-22 13:53:59,847 INFO     ___FILE_ONLY___ :
2025-02-22 13:53:59,847 INFO     ___FILE_ONLY___  '
2025-02-22 13:53:59,847 INFO     ___FILE_ONLY___ 2025-02-22T04:41:24.253387Z
2025-02-22 13:53:59,847 INFO     ___FILE_ONLY___ '
2025-02-22 13:53:59,847 INFO     ___FILE_ONLY___ 

2025-02-22 13:53:59,848 INFO     ___FILE_ONLY___ ---
2025-02-22 13:53:59,848 INFO     ___FILE_ONLY___ 

2025-02-22 13:53:59,848 INFO     ___FILE_ONLY___ httpRequest
2025-02-22 13:53:59,848 INFO     ___FILE_ONLY___ :
2025-02-22 13:53:59,848 INFO     ___FILE_ONLY___ 

2025-02-22 13:53:59,848 INFO     ___FILE_ONLY___   
2025-02-22 13:53:59,848 INFO     ___FILE_ONLY___ latency
2025-02-22 13:53:59,849 INFO     ___FILE_ONLY___ :
2025-02-22 13:53:59,849 INFO     ___FILE_ONLY___  
2025-02-22 13:53:59,849 INFO     ___FILE_ONLY___ 0.258003s
2025-02-22 13:53:59,849 INFO     ___FILE_ONLY___ 

2025-02-22 13:53:59,849 INFO     ___FILE_ONLY___   
2025-02-22 13:53:59,849 INFO     ___FILE_ONLY___ remoteIp
2025-02-22 13:53:59,849 INFO     ___FILE_ONLY___ :
2025-02-22 13:53:59,849 INFO     ___FILE_ONLY___  
2025-02-22 13:53:59,849 INFO     ___FILE_ONLY___ 193.68.89.10
2025-02-22 13:53:59,849 INFO     ___FILE_ONLY___ 

2025-02-22 13:53:59,849 INFO     ___FILE_ONLY___   
2025-02-22 13:53:59,849 INFO     ___FILE_ONLY___ requestMethod
2025-02-22 13:53:59,849 INFO     ___FILE_ONLY___ :
2025-02-22 13:53:59,849 INFO     ___FILE_ONLY___  
2025-02-22 13:53:59,849 INFO     ___FILE_ONLY___ GET
2025-02-22 13:53:59,849 INFO     ___FILE_ONLY___ 

2025-02-22 13:53:59,849 INFO     ___FILE_ONLY___   
2025-02-22 13:53:59,849 INFO     ___FILE_ONLY___ requestSize
2025-02-22 13:53:59,849 INFO     ___FILE_ONLY___ :
2025-02-22 13:53:59,849 INFO     ___FILE_ONLY___  '
2025-02-22 13:53:59,849 INFO     ___FILE_ONLY___ 428
2025-02-22 13:53:59,849 INFO     ___FILE_ONLY___ '
2025-02-22 13:53:59,849 INFO     ___FILE_ONLY___ 

2025-02-22 13:53:59,849 INFO     ___FILE_ONLY___   
2025-02-22 13:53:59,849 INFO     ___FILE_ONLY___ requestUrl
2025-02-22 13:53:59,849 INFO     ___FILE_ONLY___ :
2025-02-22 13:53:59,849 INFO     ___FILE_ONLY___  
2025-02-22 13:53:59,849 INFO     ___FILE_ONLY___ http://34.160.195.229/
2025-02-22 13:53:59,849 INFO     ___FILE_ONLY___ 

2025-02-22 13:53:59,849 INFO     ___FILE_ONLY___   
2025-02-22 13:53:59,849 INFO     ___FILE_ONLY___ responseSize
2025-02-22 13:53:59,849 INFO     ___FILE_ONLY___ :
2025-02-22 13:53:59,849 INFO     ___FILE_ONLY___  '
2025-02-22 13:53:59,849 INFO     ___FILE_ONLY___ 215
2025-02-22 13:53:59,849 INFO     ___FILE_ONLY___ '
2025-02-22 13:53:59,850 INFO     ___FILE_ONLY___ 

2025-02-22 13:53:59,850 INFO     ___FILE_ONLY___   
2025-02-22 13:53:59,850 INFO     ___FILE_ONLY___ serverIp
2025-02-22 13:53:59,850 INFO     ___FILE_ONLY___ :
2025-02-22 13:53:59,850 INFO     ___FILE_ONLY___  
2025-02-22 13:53:59,850 INFO     ___FILE_ONLY___ 10.4.4.8
2025-02-22 13:53:59,850 INFO     ___FILE_ONLY___ 

2025-02-22 13:53:59,850 INFO     ___FILE_ONLY___   
2025-02-22 13:53:59,850 INFO     ___FILE_ONLY___ status
2025-02-22 13:53:59,850 INFO     ___FILE_ONLY___ :
2025-02-22 13:53:59,850 INFO     ___FILE_ONLY___  
2025-02-22 13:53:59,850 INFO     ___FILE_ONLY___ 404
2025-02-22 13:53:59,850 INFO     ___FILE_ONLY___ 

2025-02-22 13:53:59,850 INFO     ___FILE_ONLY___   
2025-02-22 13:53:59,850 INFO     ___FILE_ONLY___ userAgent
2025-02-22 13:53:59,850 INFO     ___FILE_ONLY___ :
2025-02-22 13:53:59,850 INFO     ___FILE_ONLY___  
2025-02-22 13:53:59,850 INFO     ___FILE_ONLY___ Mozilla/5.0
2025-02-22 13:53:59,850 INFO     ___FILE_ONLY___  
2025-02-22 13:53:59,850 INFO     ___FILE_ONLY___ (Windows
2025-02-22 13:53:59,850 INFO     ___FILE_ONLY___  
2025-02-22 13:53:59,850 INFO     ___FILE_ONLY___ NT
2025-02-22 13:53:59,850 INFO     ___FILE_ONLY___  
2025-02-22 13:53:59,850 INFO     ___FILE_ONLY___ 10.0;
2025-02-22 13:53:59,850 INFO     ___FILE_ONLY___  
2025-02-22 13:53:59,850 INFO     ___FILE_ONLY___ Win64;
2025-02-22 13:53:59,850 INFO     ___FILE_ONLY___  
2025-02-22 13:53:59,850 INFO     ___FILE_ONLY___ x64)
2025-02-22 13:53:59,850 INFO     ___FILE_ONLY___  
2025-02-22 13:53:59,850 INFO     ___FILE_ONLY___ AppleWebKit/537.36
2025-02-22 13:53:59,850 INFO     ___FILE_ONLY___  
2025-02-22 13:53:59,850 INFO     ___FILE_ONLY___ (KHTML,
2025-02-22 13:53:59,850 INFO     ___FILE_ONLY___ 

2025-02-22 13:53:59,850 INFO     ___FILE_ONLY___     
2025-02-22 13:53:59,850 INFO     ___FILE_ONLY___ like
2025-02-22 13:53:59,850 INFO     ___FILE_ONLY___  
2025-02-22 13:53:59,850 INFO     ___FILE_ONLY___ Gecko)
2025-02-22 13:53:59,850 INFO     ___FILE_ONLY___  
2025-02-22 13:53:59,850 INFO     ___FILE_ONLY___ Chrome/90.0.4430.85
2025-02-22 13:53:59,850 INFO     ___FILE_ONLY___  
2025-02-22 13:53:59,850 INFO     ___FILE_ONLY___ Safari/537.36
2025-02-22 13:53:59,850 INFO     ___FILE_ONLY___  
2025-02-22 13:53:59,850 INFO     ___FILE_ONLY___ Edg/90.0.818.46
2025-02-22 13:53:59,850 INFO     ___FILE_ONLY___ 

2025-02-22 13:53:59,851 INFO     ___FILE_ONLY___ insertId
2025-02-22 13:53:59,851 INFO     ___FILE_ONLY___ :
2025-02-22 13:53:59,851 INFO     ___FILE_ONLY___  
2025-02-22 13:53:59,851 INFO     ___FILE_ONLY___ 1mjycopf7cer1r
2025-02-22 13:53:59,851 INFO     ___FILE_ONLY___ 

2025-02-22 13:53:59,851 INFO     ___FILE_ONLY___ jsonPayload
2025-02-22 13:53:59,851 INFO     ___FILE_ONLY___ :
2025-02-22 13:53:59,851 INFO     ___FILE_ONLY___ 

2025-02-22 13:53:59,851 INFO     ___FILE_ONLY___   
2025-02-22 13:53:59,851 INFO     ___FILE_ONLY___ '
2025-02-22 13:53:59,851 INFO     ___FILE_ONLY___ @type
2025-02-22 13:53:59,851 INFO     ___FILE_ONLY___ '
2025-02-22 13:53:59,851 INFO     ___FILE_ONLY___ :
2025-02-22 13:53:59,851 INFO     ___FILE_ONLY___  
2025-02-22 13:53:59,851 INFO     ___FILE_ONLY___ type.googleapis.com/google.cloud.loadbalancing.type.LoadBalancerLogEntry
2025-02-22 13:53:59,851 INFO     ___FILE_ONLY___ 

2025-02-22 13:53:59,851 INFO     ___FILE_ONLY___   
2025-02-22 13:53:59,851 INFO     ___FILE_ONLY___ backendTargetProjectNumber
2025-02-22 13:53:59,851 INFO     ___FILE_ONLY___ :
2025-02-22 13:53:59,851 INFO     ___FILE_ONLY___  
2025-02-22 13:53:59,851 INFO     ___FILE_ONLY___ projects/134982172036
2025-02-22 13:53:59,851 INFO     ___FILE_ONLY___ 

2025-02-22 13:53:59,851 INFO     ___FILE_ONLY___   
2025-02-22 13:53:59,851 INFO     ___FILE_ONLY___ cacheDecision
2025-02-22 13:53:59,851 INFO     ___FILE_ONLY___ :
2025-02-22 13:53:59,851 INFO     ___FILE_ONLY___ 

2025-02-22 13:53:59,851 INFO     ___FILE_ONLY___   
2025-02-22 13:53:59,851 INFO     ___FILE_ONLY___ -
2025-02-22 13:53:59,851 INFO     ___FILE_ONLY___  
2025-02-22 13:53:59,851 INFO     ___FILE_ONLY___ RESPONSE_HAS_CONTENT_TYPE
2025-02-22 13:53:59,851 INFO     ___FILE_ONLY___ 

2025-02-22 13:53:59,851 INFO     ___FILE_ONLY___   
2025-02-22 13:53:59,851 INFO     ___FILE_ONLY___ -
2025-02-22 13:53:59,852 INFO     ___FILE_ONLY___  
2025-02-22 13:53:59,852 INFO     ___FILE_ONLY___ CACHE_MODE_USE_ORIGIN_HEADERS
2025-02-22 13:53:59,852 INFO     ___FILE_ONLY___ 

2025-02-22 13:53:59,852 INFO     ___FILE_ONLY___   
2025-02-22 13:53:59,852 INFO     ___FILE_ONLY___ remoteIp
2025-02-22 13:53:59,852 INFO     ___FILE_ONLY___ :
2025-02-22 13:53:59,852 INFO     ___FILE_ONLY___  
2025-02-22 13:53:59,852 INFO     ___FILE_ONLY___ 193.68.89.10
2025-02-22 13:53:59,852 INFO     ___FILE_ONLY___ 

2025-02-22 13:53:59,852 INFO     ___FILE_ONLY___   
2025-02-22 13:53:59,852 INFO     ___FILE_ONLY___ statusDetails
2025-02-22 13:53:59,852 INFO     ___FILE_ONLY___ :
2025-02-22 13:53:59,852 INFO     ___FILE_ONLY___  
2025-02-22 13:53:59,852 INFO     ___FILE_ONLY___ response_sent_by_backend
2025-02-22 13:53:59,852 INFO     ___FILE_ONLY___ 

2025-02-22 13:53:59,852 INFO     ___FILE_ONLY___ logName
2025-02-22 13:53:59,852 INFO     ___FILE_ONLY___ :
2025-02-22 13:53:59,852 INFO     ___FILE_ONLY___  
2025-02-22 13:53:59,852 INFO     ___FILE_ONLY___ projects/peppy-arcadia-432311-g5/logs/requests
2025-02-22 13:53:59,852 INFO     ___FILE_ONLY___ 

2025-02-22 13:53:59,852 INFO     ___FILE_ONLY___ receiveTimestamp
2025-02-22 13:53:59,852 INFO     ___FILE_ONLY___ :
2025-02-22 13:53:59,852 INFO     ___FILE_ONLY___  '
2025-02-22 13:53:59,852 INFO     ___FILE_ONLY___ 2025-02-22T04:41:22.523703312Z
2025-02-22 13:53:59,852 INFO     ___FILE_ONLY___ '
2025-02-22 13:53:59,852 INFO     ___FILE_ONLY___ 

2025-02-22 13:53:59,852 INFO     ___FILE_ONLY___ resource
2025-02-22 13:53:59,852 INFO     ___FILE_ONLY___ :
2025-02-22 13:53:59,852 INFO     ___FILE_ONLY___ 

2025-02-22 13:53:59,852 INFO     ___FILE_ONLY___   
2025-02-22 13:53:59,853 INFO     ___FILE_ONLY___ labels
2025-02-22 13:53:59,853 INFO     ___FILE_ONLY___ :
2025-02-22 13:53:59,853 INFO     ___FILE_ONLY___ 

2025-02-22 13:53:59,853 INFO     ___FILE_ONLY___     
2025-02-22 13:53:59,853 INFO     ___FILE_ONLY___ backend_service_name
2025-02-22 13:53:59,853 INFO     ___FILE_ONLY___ :
2025-02-22 13:53:59,853 INFO     ___FILE_ONLY___  
2025-02-22 13:53:59,853 INFO     ___FILE_ONLY___ k8s1-78382c12-kube-system-default-http-backend-80-090786d0
2025-02-22 13:53:59,853 INFO     ___FILE_ONLY___ 

2025-02-22 13:53:59,853 INFO     ___FILE_ONLY___     
2025-02-22 13:53:59,853 INFO     ___FILE_ONLY___ forwarding_rule_name
2025-02-22 13:53:59,853 INFO     ___FILE_ONLY___ :
2025-02-22 13:53:59,853 INFO     ___FILE_ONLY___  
2025-02-22 13:53:59,853 INFO     ___FILE_ONLY___ k8s2-fr-x12dacqn-default-app-ingress-7crmedbp
2025-02-22 13:53:59,853 INFO     ___FILE_ONLY___ 

2025-02-22 13:53:59,853 INFO     ___FILE_ONLY___     
2025-02-22 13:53:59,853 INFO     ___FILE_ONLY___ project_id
2025-02-22 13:53:59,853 INFO     ___FILE_ONLY___ :
2025-02-22 13:53:59,853 INFO     ___FILE_ONLY___  
2025-02-22 13:53:59,853 INFO     ___FILE_ONLY___ peppy-arcadia-432311-g5
2025-02-22 13:53:59,853 INFO     ___FILE_ONLY___ 

2025-02-22 13:53:59,853 INFO     ___FILE_ONLY___     
2025-02-22 13:53:59,853 INFO     ___FILE_ONLY___ target_proxy_name
2025-02-22 13:53:59,853 INFO     ___FILE_ONLY___ :
2025-02-22 13:53:59,853 INFO     ___FILE_ONLY___  
2025-02-22 13:53:59,853 INFO     ___FILE_ONLY___ k8s2-tp-x12dacqn-default-app-ingress-7crmedbp
2025-02-22 13:53:59,853 INFO     ___FILE_ONLY___ 

2025-02-22 13:53:59,853 INFO     ___FILE_ONLY___     
2025-02-22 13:53:59,853 INFO     ___FILE_ONLY___ url_map_name
2025-02-22 13:53:59,853 INFO     ___FILE_ONLY___ :
2025-02-22 13:53:59,853 INFO     ___FILE_ONLY___  
2025-02-22 13:53:59,853 INFO     ___FILE_ONLY___ k8s2-um-x12dacqn-default-app-ingress-7crmedbp
2025-02-22 13:53:59,853 INFO     ___FILE_ONLY___ 

2025-02-22 13:53:59,854 INFO     ___FILE_ONLY___     
2025-02-22 13:53:59,854 INFO     ___FILE_ONLY___ zone
2025-02-22 13:53:59,854 INFO     ___FILE_ONLY___ :
2025-02-22 13:53:59,854 INFO     ___FILE_ONLY___  
2025-02-22 13:53:59,854 INFO     ___FILE_ONLY___ global
2025-02-22 13:53:59,854 INFO     ___FILE_ONLY___ 

2025-02-22 13:53:59,854 INFO     ___FILE_ONLY___   
2025-02-22 13:53:59,854 INFO     ___FILE_ONLY___ type
2025-02-22 13:53:59,854 INFO     ___FILE_ONLY___ :
2025-02-22 13:53:59,854 INFO     ___FILE_ONLY___  
2025-02-22 13:53:59,854 INFO     ___FILE_ONLY___ http_load_balancer
2025-02-22 13:53:59,854 INFO     ___FILE_ONLY___ 

2025-02-22 13:53:59,854 INFO     ___FILE_ONLY___ severity
2025-02-22 13:53:59,854 INFO     ___FILE_ONLY___ :
2025-02-22 13:53:59,854 INFO     ___FILE_ONLY___  
2025-02-22 13:53:59,854 INFO     ___FILE_ONLY___ WARNING
2025-02-22 13:53:59,855 INFO     ___FILE_ONLY___ 

2025-02-22 13:53:59,855 INFO     ___FILE_ONLY___ spanId
2025-02-22 13:53:59,855 INFO     ___FILE_ONLY___ :
2025-02-22 13:53:59,855 INFO     ___FILE_ONLY___  
2025-02-22 13:53:59,855 INFO     ___FILE_ONLY___ c956f97cfa950f40
2025-02-22 13:53:59,855 INFO     ___FILE_ONLY___ 

2025-02-22 13:53:59,856 INFO     ___FILE_ONLY___ timestamp
2025-02-22 13:53:59,856 INFO     ___FILE_ONLY___ :
2025-02-22 13:53:59,856 INFO     ___FILE_ONLY___  '
2025-02-22 13:53:59,856 INFO     ___FILE_ONLY___ 2025-02-22T04:41:20.635429Z
2025-02-22 13:53:59,856 INFO     ___FILE_ONLY___ '
2025-02-22 13:53:59,856 INFO     ___FILE_ONLY___ 

2025-02-22 13:53:59,856 INFO     ___FILE_ONLY___ trace
2025-02-22 13:53:59,856 INFO     ___FILE_ONLY___ :
2025-02-22 13:53:59,856 INFO     ___FILE_ONLY___  
2025-02-22 13:53:59,856 INFO     ___FILE_ONLY___ projects/peppy-arcadia-432311-g5/traces/2b12f3aed630158f82e58bccc4dd94d6
2025-02-22 13:53:59,856 INFO     ___FILE_ONLY___ 

2025-02-22 13:53:59,857 INFO     ___FILE_ONLY___ ---
2025-02-22 13:53:59,857 INFO     ___FILE_ONLY___ 

2025-02-22 13:53:59,857 INFO     ___FILE_ONLY___ httpRequest
2025-02-22 13:53:59,857 INFO     ___FILE_ONLY___ :
2025-02-22 13:53:59,857 INFO     ___FILE_ONLY___ 

2025-02-22 13:53:59,857 INFO     ___FILE_ONLY___   
2025-02-22 13:53:59,857 INFO     ___FILE_ONLY___ latency
2025-02-22 13:53:59,857 INFO     ___FILE_ONLY___ :
2025-02-22 13:53:59,857 INFO     ___FILE_ONLY___  
2025-02-22 13:53:59,857 INFO     ___FILE_ONLY___ 0.100109s
2025-02-22 13:53:59,857 INFO     ___FILE_ONLY___ 

2025-02-22 13:53:59,857 INFO     ___FILE_ONLY___   
2025-02-22 13:53:59,857 INFO     ___FILE_ONLY___ remoteIp
2025-02-22 13:53:59,857 INFO     ___FILE_ONLY___ :
2025-02-22 13:53:59,858 INFO     ___FILE_ONLY___  
2025-02-22 13:53:59,858 INFO     ___FILE_ONLY___ 47.89.230.62
2025-02-22 13:53:59,858 INFO     ___FILE_ONLY___ 

2025-02-22 13:53:59,858 INFO     ___FILE_ONLY___   
2025-02-22 13:53:59,859 INFO     ___FILE_ONLY___ requestMethod
2025-02-22 13:53:59,859 INFO     ___FILE_ONLY___ :
2025-02-22 13:53:59,859 INFO     ___FILE_ONLY___  
2025-02-22 13:53:59,859 INFO     ___FILE_ONLY___ GET
2025-02-22 13:53:59,859 INFO     ___FILE_ONLY___ 

2025-02-22 13:53:59,859 INFO     ___FILE_ONLY___   
2025-02-22 13:53:59,859 INFO     ___FILE_ONLY___ requestSize
2025-02-22 13:53:59,859 INFO     ___FILE_ONLY___ :
2025-02-22 13:53:59,859 INFO     ___FILE_ONLY___  '
2025-02-22 13:53:59,859 INFO     ___FILE_ONLY___ 247
2025-02-22 13:53:59,859 INFO     ___FILE_ONLY___ '
2025-02-22 13:53:59,859 INFO     ___FILE_ONLY___ 

2025-02-22 13:53:59,859 INFO     ___FILE_ONLY___   
2025-02-22 13:53:59,859 INFO     ___FILE_ONLY___ responseSize
2025-02-22 13:53:59,859 INFO     ___FILE_ONLY___ :
2025-02-22 13:53:59,859 INFO     ___FILE_ONLY___  '
2025-02-22 13:53:59,859 INFO     ___FILE_ONLY___ 429
2025-02-22 13:53:59,859 INFO     ___FILE_ONLY___ '
2025-02-22 13:53:59,859 INFO     ___FILE_ONLY___ 

2025-02-22 13:53:59,859 INFO     ___FILE_ONLY___   
2025-02-22 13:53:59,859 INFO     ___FILE_ONLY___ status
2025-02-22 13:53:59,859 INFO     ___FILE_ONLY___ :
2025-02-22 13:53:59,859 INFO     ___FILE_ONLY___  
2025-02-22 13:53:59,859 INFO     ___FILE_ONLY___ 400
2025-02-22 13:53:59,859 INFO     ___FILE_ONLY___ 

2025-02-22 13:53:59,859 INFO     ___FILE_ONLY___   
2025-02-22 13:53:59,859 INFO     ___FILE_ONLY___ userAgent
2025-02-22 13:53:59,859 INFO     ___FILE_ONLY___ :
2025-02-22 13:53:59,860 INFO     ___FILE_ONLY___  
2025-02-22 13:53:59,860 INFO     ___FILE_ONLY___ Custom-AsyncHttpClient
2025-02-22 13:53:59,860 INFO     ___FILE_ONLY___ 

2025-02-22 13:53:59,860 INFO     ___FILE_ONLY___ insertId
2025-02-22 13:53:59,860 INFO     ___FILE_ONLY___ :
2025-02-22 13:53:59,860 INFO     ___FILE_ONLY___  
2025-02-22 13:53:59,860 INFO     ___FILE_ONLY___ 3vwq19f96fjxr
2025-02-22 13:53:59,860 INFO     ___FILE_ONLY___ 

2025-02-22 13:53:59,860 INFO     ___FILE_ONLY___ jsonPayload
2025-02-22 13:53:59,860 INFO     ___FILE_ONLY___ :
2025-02-22 13:53:59,860 INFO     ___FILE_ONLY___ 

2025-02-22 13:53:59,860 INFO     ___FILE_ONLY___   
2025-02-22 13:53:59,860 INFO     ___FILE_ONLY___ '
2025-02-22 13:53:59,860 INFO     ___FILE_ONLY___ @type
2025-02-22 13:53:59,860 INFO     ___FILE_ONLY___ '
2025-02-22 13:53:59,860 INFO     ___FILE_ONLY___ :
2025-02-22 13:53:59,860 INFO     ___FILE_ONLY___  
2025-02-22 13:53:59,860 INFO     ___FILE_ONLY___ type.googleapis.com/google.cloud.loadbalancing.type.LoadBalancerLogEntry
2025-02-22 13:53:59,860 INFO     ___FILE_ONLY___ 

2025-02-22 13:53:59,860 INFO     ___FILE_ONLY___   
2025-02-22 13:53:59,860 INFO     ___FILE_ONLY___ backendTargetProjectNumber
2025-02-22 13:53:59,860 INFO     ___FILE_ONLY___ :
2025-02-22 13:53:59,860 INFO     ___FILE_ONLY___  
2025-02-22 13:53:59,860 INFO     ___FILE_ONLY___ projects/134982172036
2025-02-22 13:53:59,860 INFO     ___FILE_ONLY___ 

2025-02-22 13:53:59,860 INFO     ___FILE_ONLY___   
2025-02-22 13:53:59,860 INFO     ___FILE_ONLY___ remoteIp
2025-02-22 13:53:59,860 INFO     ___FILE_ONLY___ :
2025-02-22 13:53:59,860 INFO     ___FILE_ONLY___  
2025-02-22 13:53:59,860 INFO     ___FILE_ONLY___ 47.89.230.62
2025-02-22 13:53:59,860 INFO     ___FILE_ONLY___ 

2025-02-22 13:53:59,860 INFO     ___FILE_ONLY___   
2025-02-22 13:53:59,861 INFO     ___FILE_ONLY___ statusDetails
2025-02-22 13:53:59,861 INFO     ___FILE_ONLY___ :
2025-02-22 13:53:59,861 INFO     ___FILE_ONLY___  
2025-02-22 13:53:59,861 INFO     ___FILE_ONLY___ body_not_allowed
2025-02-22 13:53:59,861 INFO     ___FILE_ONLY___ 

2025-02-22 13:53:59,861 INFO     ___FILE_ONLY___ logName
2025-02-22 13:53:59,861 INFO     ___FILE_ONLY___ :
2025-02-22 13:53:59,861 INFO     ___FILE_ONLY___  
2025-02-22 13:53:59,861 INFO     ___FILE_ONLY___ projects/peppy-arcadia-432311-g5/logs/requests
2025-02-22 13:53:59,861 INFO     ___FILE_ONLY___ 

2025-02-22 13:53:59,861 INFO     ___FILE_ONLY___ receiveTimestamp
2025-02-22 13:53:59,861 INFO     ___FILE_ONLY___ :
2025-02-22 13:53:59,861 INFO     ___FILE_ONLY___  '
2025-02-22 13:53:59,861 INFO     ___FILE_ONLY___ 2025-02-22T04:41:18.129932452Z
2025-02-22 13:53:59,861 INFO     ___FILE_ONLY___ '
2025-02-22 13:53:59,861 INFO     ___FILE_ONLY___ 

2025-02-22 13:53:59,861 INFO     ___FILE_ONLY___ resource
2025-02-22 13:53:59,861 INFO     ___FILE_ONLY___ :
2025-02-22 13:53:59,861 INFO     ___FILE_ONLY___ 

2025-02-22 13:53:59,862 INFO     ___FILE_ONLY___   
2025-02-22 13:53:59,862 INFO     ___FILE_ONLY___ labels
2025-02-22 13:53:59,862 INFO     ___FILE_ONLY___ :
2025-02-22 13:53:59,862 INFO     ___FILE_ONLY___ 

2025-02-22 13:53:59,862 INFO     ___FILE_ONLY___     
2025-02-22 13:53:59,862 INFO     ___FILE_ONLY___ backend_service_name
2025-02-22 13:53:59,862 INFO     ___FILE_ONLY___ :
2025-02-22 13:53:59,862 INFO     ___FILE_ONLY___  '
2025-02-22 13:53:59,862 INFO     ___FILE_ONLY___ '
2025-02-22 13:53:59,862 INFO     ___FILE_ONLY___ 

2025-02-22 13:53:59,862 INFO     ___FILE_ONLY___     
2025-02-22 13:53:59,862 INFO     ___FILE_ONLY___ forwarding_rule_name
2025-02-22 13:53:59,862 INFO     ___FILE_ONLY___ :
2025-02-22 13:53:59,862 INFO     ___FILE_ONLY___  
2025-02-22 13:53:59,862 INFO     ___FILE_ONLY___ k8s2-fs-x12dacqn-default-app-ingress-7crmedbp
2025-02-22 13:53:59,862 INFO     ___FILE_ONLY___ 

2025-02-22 13:53:59,862 INFO     ___FILE_ONLY___     
2025-02-22 13:53:59,862 INFO     ___FILE_ONLY___ project_id
2025-02-22 13:53:59,862 INFO     ___FILE_ONLY___ :
2025-02-22 13:53:59,863 INFO     ___FILE_ONLY___  
2025-02-22 13:53:59,863 INFO     ___FILE_ONLY___ peppy-arcadia-432311-g5
2025-02-22 13:53:59,863 INFO     ___FILE_ONLY___ 

2025-02-22 13:53:59,863 INFO     ___FILE_ONLY___     
2025-02-22 13:53:59,863 INFO     ___FILE_ONLY___ target_proxy_name
2025-02-22 13:53:59,863 INFO     ___FILE_ONLY___ :
2025-02-22 13:53:59,863 INFO     ___FILE_ONLY___  '
2025-02-22 13:53:59,863 INFO     ___FILE_ONLY___ '
2025-02-22 13:53:59,863 INFO     ___FILE_ONLY___ 

2025-02-22 13:53:59,863 INFO     ___FILE_ONLY___     
2025-02-22 13:53:59,863 INFO     ___FILE_ONLY___ url_map_name
2025-02-22 13:53:59,863 INFO     ___FILE_ONLY___ :
2025-02-22 13:53:59,863 INFO     ___FILE_ONLY___  '
2025-02-22 13:53:59,863 INFO     ___FILE_ONLY___ '
2025-02-22 13:53:59,863 INFO     ___FILE_ONLY___ 

2025-02-22 13:53:59,863 INFO     ___FILE_ONLY___     
2025-02-22 13:53:59,863 INFO     ___FILE_ONLY___ zone
2025-02-22 13:53:59,863 INFO     ___FILE_ONLY___ :
2025-02-22 13:53:59,863 INFO     ___FILE_ONLY___  
2025-02-22 13:53:59,863 INFO     ___FILE_ONLY___ global
2025-02-22 13:53:59,863 INFO     ___FILE_ONLY___ 

2025-02-22 13:53:59,863 INFO     ___FILE_ONLY___   
2025-02-22 13:53:59,864 INFO     ___FILE_ONLY___ type
2025-02-22 13:53:59,864 INFO     ___FILE_ONLY___ :
2025-02-22 13:53:59,864 INFO     ___FILE_ONLY___  
2025-02-22 13:53:59,864 INFO     ___FILE_ONLY___ http_load_balancer
2025-02-22 13:53:59,864 INFO     ___FILE_ONLY___ 

2025-02-22 13:53:59,864 INFO     ___FILE_ONLY___ severity
2025-02-22 13:53:59,864 INFO     ___FILE_ONLY___ :
2025-02-22 13:53:59,864 INFO     ___FILE_ONLY___  
2025-02-22 13:53:59,864 INFO     ___FILE_ONLY___ WARNING
2025-02-22 13:53:59,864 INFO     ___FILE_ONLY___ 

2025-02-22 13:53:59,864 INFO     ___FILE_ONLY___ timestamp
2025-02-22 13:53:59,864 INFO     ___FILE_ONLY___ :
2025-02-22 13:53:59,864 INFO     ___FILE_ONLY___  '
2025-02-22 13:53:59,864 INFO     ___FILE_ONLY___ 2025-02-22T04:41:11.791576Z
2025-02-22 13:53:59,864 INFO     ___FILE_ONLY___ '
2025-02-22 13:53:59,864 INFO     ___FILE_ONLY___ 

2025-02-22 13:53:59,865 INFO     ___FILE_ONLY___ ---
2025-02-22 13:53:59,865 INFO     ___FILE_ONLY___ 

2025-02-22 13:53:59,865 INFO     ___FILE_ONLY___ httpRequest
2025-02-22 13:53:59,865 INFO     ___FILE_ONLY___ :
2025-02-22 13:53:59,865 INFO     ___FILE_ONLY___ 

2025-02-22 13:53:59,865 INFO     ___FILE_ONLY___   
2025-02-22 13:53:59,865 INFO     ___FILE_ONLY___ latency
2025-02-22 13:53:59,865 INFO     ___FILE_ONLY___ :
2025-02-22 13:53:59,865 INFO     ___FILE_ONLY___  
2025-02-22 13:53:59,865 INFO     ___FILE_ONLY___ 0.100544s
2025-02-22 13:53:59,865 INFO     ___FILE_ONLY___ 

2025-02-22 13:53:59,865 INFO     ___FILE_ONLY___   
2025-02-22 13:53:59,865 INFO     ___FILE_ONLY___ remoteIp
2025-02-22 13:53:59,865 INFO     ___FILE_ONLY___ :
2025-02-22 13:53:59,865 INFO     ___FILE_ONLY___  
2025-02-22 13:53:59,865 INFO     ___FILE_ONLY___ 47.89.230.62
2025-02-22 13:53:59,865 INFO     ___FILE_ONLY___ 

2025-02-22 13:53:59,865 INFO     ___FILE_ONLY___   
2025-02-22 13:53:59,865 INFO     ___FILE_ONLY___ requestMethod
2025-02-22 13:53:59,865 INFO     ___FILE_ONLY___ :
2025-02-22 13:53:59,865 INFO     ___FILE_ONLY___  
2025-02-22 13:53:59,865 INFO     ___FILE_ONLY___ GET
2025-02-22 13:53:59,866 INFO     ___FILE_ONLY___ 

2025-02-22 13:53:59,866 INFO     ___FILE_ONLY___   
2025-02-22 13:53:59,866 INFO     ___FILE_ONLY___ requestSize
2025-02-22 13:53:59,866 INFO     ___FILE_ONLY___ :
2025-02-22 13:53:59,866 INFO     ___FILE_ONLY___  '
2025-02-22 13:53:59,866 INFO     ___FILE_ONLY___ 251
2025-02-22 13:53:59,866 INFO     ___FILE_ONLY___ '
2025-02-22 13:53:59,866 INFO     ___FILE_ONLY___ 

2025-02-22 13:53:59,866 INFO     ___FILE_ONLY___   
2025-02-22 13:53:59,866 INFO     ___FILE_ONLY___ responseSize
2025-02-22 13:53:59,866 INFO     ___FILE_ONLY___ :
2025-02-22 13:53:59,866 INFO     ___FILE_ONLY___  '
2025-02-22 13:53:59,866 INFO     ___FILE_ONLY___ 429
2025-02-22 13:53:59,866 INFO     ___FILE_ONLY___ '
2025-02-22 13:53:59,866 INFO     ___FILE_ONLY___ 

2025-02-22 13:53:59,866 INFO     ___FILE_ONLY___   
2025-02-22 13:53:59,866 INFO     ___FILE_ONLY___ status
2025-02-22 13:53:59,866 INFO     ___FILE_ONLY___ :
2025-02-22 13:53:59,866 INFO     ___FILE_ONLY___  
2025-02-22 13:53:59,866 INFO     ___FILE_ONLY___ 400
2025-02-22 13:53:59,866 INFO     ___FILE_ONLY___ 

2025-02-22 13:53:59,866 INFO     ___FILE_ONLY___   
2025-02-22 13:53:59,866 INFO     ___FILE_ONLY___ userAgent
2025-02-22 13:53:59,866 INFO     ___FILE_ONLY___ :
2025-02-22 13:53:59,866 INFO     ___FILE_ONLY___  
2025-02-22 13:53:59,866 INFO     ___FILE_ONLY___ Custom-AsyncHttpClient
2025-02-22 13:53:59,866 INFO     ___FILE_ONLY___ 

2025-02-22 13:53:59,866 INFO     ___FILE_ONLY___ insertId
2025-02-22 13:53:59,866 INFO     ___FILE_ONLY___ :
2025-02-22 13:53:59,866 INFO     ___FILE_ONLY___  
2025-02-22 13:53:59,866 INFO     ___FILE_ONLY___ p9i7uofd963g5
2025-02-22 13:53:59,866 INFO     ___FILE_ONLY___ 

2025-02-22 13:53:59,866 INFO     ___FILE_ONLY___ jsonPayload
2025-02-22 13:53:59,866 INFO     ___FILE_ONLY___ :
2025-02-22 13:53:59,867 INFO     ___FILE_ONLY___ 

2025-02-22 13:53:59,867 INFO     ___FILE_ONLY___   
2025-02-22 13:53:59,867 INFO     ___FILE_ONLY___ '
2025-02-22 13:53:59,867 INFO     ___FILE_ONLY___ @type
2025-02-22 13:53:59,867 INFO     ___FILE_ONLY___ '
2025-02-22 13:53:59,867 INFO     ___FILE_ONLY___ :
2025-02-22 13:53:59,867 INFO     ___FILE_ONLY___  
2025-02-22 13:53:59,867 INFO     ___FILE_ONLY___ type.googleapis.com/google.cloud.loadbalancing.type.LoadBalancerLogEntry
2025-02-22 13:53:59,867 INFO     ___FILE_ONLY___ 

2025-02-22 13:53:59,867 INFO     ___FILE_ONLY___   
2025-02-22 13:53:59,867 INFO     ___FILE_ONLY___ backendTargetProjectNumber
2025-02-22 13:53:59,867 INFO     ___FILE_ONLY___ :
2025-02-22 13:53:59,867 INFO     ___FILE_ONLY___  
2025-02-22 13:53:59,867 INFO     ___FILE_ONLY___ projects/134982172036
2025-02-22 13:53:59,867 INFO     ___FILE_ONLY___ 

2025-02-22 13:53:59,867 INFO     ___FILE_ONLY___   
2025-02-22 13:53:59,867 INFO     ___FILE_ONLY___ remoteIp
2025-02-22 13:53:59,867 INFO     ___FILE_ONLY___ :
2025-02-22 13:53:59,867 INFO     ___FILE_ONLY___  
2025-02-22 13:53:59,867 INFO     ___FILE_ONLY___ 47.89.230.62
2025-02-22 13:53:59,867 INFO     ___FILE_ONLY___ 

2025-02-22 13:53:59,867 INFO     ___FILE_ONLY___   
2025-02-22 13:53:59,867 INFO     ___FILE_ONLY___ statusDetails
2025-02-22 13:53:59,867 INFO     ___FILE_ONLY___ :
2025-02-22 13:53:59,867 INFO     ___FILE_ONLY___  
2025-02-22 13:53:59,867 INFO     ___FILE_ONLY___ body_not_allowed
2025-02-22 13:53:59,867 INFO     ___FILE_ONLY___ 

2025-02-22 13:53:59,867 INFO     ___FILE_ONLY___ logName
2025-02-22 13:53:59,867 INFO     ___FILE_ONLY___ :
2025-02-22 13:53:59,867 INFO     ___FILE_ONLY___  
2025-02-22 13:53:59,867 INFO     ___FILE_ONLY___ projects/peppy-arcadia-432311-g5/logs/requests
2025-02-22 13:53:59,867 INFO     ___FILE_ONLY___ 

2025-02-22 13:53:59,868 INFO     ___FILE_ONLY___ receiveTimestamp
2025-02-22 13:53:59,868 INFO     ___FILE_ONLY___ :
2025-02-22 13:53:59,868 INFO     ___FILE_ONLY___  '
2025-02-22 13:53:59,868 INFO     ___FILE_ONLY___ 2025-02-22T04:41:09.083515714Z
2025-02-22 13:53:59,868 INFO     ___FILE_ONLY___ '
2025-02-22 13:53:59,868 INFO     ___FILE_ONLY___ 

2025-02-22 13:53:59,868 INFO     ___FILE_ONLY___ resource
2025-02-22 13:53:59,868 INFO     ___FILE_ONLY___ :
2025-02-22 13:53:59,868 INFO     ___FILE_ONLY___ 

2025-02-22 13:53:59,868 INFO     ___FILE_ONLY___   
2025-02-22 13:53:59,868 INFO     ___FILE_ONLY___ labels
2025-02-22 13:53:59,868 INFO     ___FILE_ONLY___ :
2025-02-22 13:53:59,868 INFO     ___FILE_ONLY___ 

2025-02-22 13:53:59,868 INFO     ___FILE_ONLY___     
2025-02-22 13:53:59,868 INFO     ___FILE_ONLY___ backend_service_name
2025-02-22 13:53:59,868 INFO     ___FILE_ONLY___ :
2025-02-22 13:53:59,868 INFO     ___FILE_ONLY___  '
2025-02-22 13:53:59,868 INFO     ___FILE_ONLY___ '
2025-02-22 13:53:59,868 INFO     ___FILE_ONLY___ 

2025-02-22 13:53:59,868 INFO     ___FILE_ONLY___     
2025-02-22 13:53:59,868 INFO     ___FILE_ONLY___ forwarding_rule_name
2025-02-22 13:53:59,868 INFO     ___FILE_ONLY___ :
2025-02-22 13:53:59,868 INFO     ___FILE_ONLY___  
2025-02-22 13:53:59,868 INFO     ___FILE_ONLY___ k8s2-fs-x12dacqn-default-app-ingress-7crmedbp
2025-02-22 13:53:59,868 INFO     ___FILE_ONLY___ 

2025-02-22 13:53:59,868 INFO     ___FILE_ONLY___     
2025-02-22 13:53:59,868 INFO     ___FILE_ONLY___ project_id
2025-02-22 13:53:59,868 INFO     ___FILE_ONLY___ :
2025-02-22 13:53:59,868 INFO     ___FILE_ONLY___  
2025-02-22 13:53:59,868 INFO     ___FILE_ONLY___ peppy-arcadia-432311-g5
2025-02-22 13:53:59,868 INFO     ___FILE_ONLY___ 

2025-02-22 13:53:59,868 INFO     ___FILE_ONLY___     
2025-02-22 13:53:59,869 INFO     ___FILE_ONLY___ target_proxy_name
2025-02-22 13:53:59,869 INFO     ___FILE_ONLY___ :
2025-02-22 13:53:59,869 INFO     ___FILE_ONLY___  '
2025-02-22 13:53:59,869 INFO     ___FILE_ONLY___ '
2025-02-22 13:53:59,869 INFO     ___FILE_ONLY___ 

2025-02-22 13:53:59,869 INFO     ___FILE_ONLY___     
2025-02-22 13:53:59,869 INFO     ___FILE_ONLY___ url_map_name
2025-02-22 13:53:59,869 INFO     ___FILE_ONLY___ :
2025-02-22 13:53:59,869 INFO     ___FILE_ONLY___  '
2025-02-22 13:53:59,869 INFO     ___FILE_ONLY___ '
2025-02-22 13:53:59,869 INFO     ___FILE_ONLY___ 

2025-02-22 13:53:59,869 INFO     ___FILE_ONLY___     
2025-02-22 13:53:59,869 INFO     ___FILE_ONLY___ zone
2025-02-22 13:53:59,869 INFO     ___FILE_ONLY___ :
2025-02-22 13:53:59,869 INFO     ___FILE_ONLY___  
2025-02-22 13:53:59,869 INFO     ___FILE_ONLY___ global
2025-02-22 13:53:59,869 INFO     ___FILE_ONLY___ 

2025-02-22 13:53:59,869 INFO     ___FILE_ONLY___   
2025-02-22 13:53:59,869 INFO     ___FILE_ONLY___ type
2025-02-22 13:53:59,869 INFO     ___FILE_ONLY___ :
2025-02-22 13:53:59,869 INFO     ___FILE_ONLY___  
2025-02-22 13:53:59,869 INFO     ___FILE_ONLY___ http_load_balancer
2025-02-22 13:53:59,869 INFO     ___FILE_ONLY___ 

2025-02-22 13:53:59,869 INFO     ___FILE_ONLY___ severity
2025-02-22 13:53:59,869 INFO     ___FILE_ONLY___ :
2025-02-22 13:53:59,869 INFO     ___FILE_ONLY___  
2025-02-22 13:53:59,869 INFO     ___FILE_ONLY___ WARNING
2025-02-22 13:53:59,869 INFO     ___FILE_ONLY___ 

2025-02-22 13:53:59,869 INFO     ___FILE_ONLY___ timestamp
2025-02-22 13:53:59,869 INFO     ___FILE_ONLY___ :
2025-02-22 13:53:59,869 INFO     ___FILE_ONLY___  '
2025-02-22 13:53:59,869 INFO     ___FILE_ONLY___ 2025-02-22T04:41:08.392624Z
2025-02-22 13:53:59,869 INFO     ___FILE_ONLY___ '
2025-02-22 13:53:59,869 INFO     ___FILE_ONLY___ 

2025-02-22 13:53:59,870 INFO     ___FILE_ONLY___ ---
2025-02-22 13:53:59,870 INFO     ___FILE_ONLY___ 

2025-02-22 13:53:59,870 INFO     ___FILE_ONLY___ httpRequest
2025-02-22 13:53:59,870 INFO     ___FILE_ONLY___ :
2025-02-22 13:53:59,870 INFO     ___FILE_ONLY___ 

2025-02-22 13:53:59,871 INFO     ___FILE_ONLY___   
2025-02-22 13:53:59,871 INFO     ___FILE_ONLY___ latency
2025-02-22 13:53:59,871 INFO     ___FILE_ONLY___ :
2025-02-22 13:53:59,871 INFO     ___FILE_ONLY___  
2025-02-22 13:53:59,871 INFO     ___FILE_ONLY___ 0.100406s
2025-02-22 13:53:59,871 INFO     ___FILE_ONLY___ 

2025-02-22 13:53:59,871 INFO     ___FILE_ONLY___   
2025-02-22 13:53:59,871 INFO     ___FILE_ONLY___ remoteIp
2025-02-22 13:53:59,871 INFO     ___FILE_ONLY___ :
2025-02-22 13:53:59,871 INFO     ___FILE_ONLY___  
2025-02-22 13:53:59,871 INFO     ___FILE_ONLY___ 47.89.230.62
2025-02-22 13:53:59,871 INFO     ___FILE_ONLY___ 

2025-02-22 13:53:59,871 INFO     ___FILE_ONLY___   
2025-02-22 13:53:59,871 INFO     ___FILE_ONLY___ requestMethod
2025-02-22 13:53:59,871 INFO     ___FILE_ONLY___ :
2025-02-22 13:53:59,871 INFO     ___FILE_ONLY___  
2025-02-22 13:53:59,871 INFO     ___FILE_ONLY___ GET
2025-02-22 13:53:59,871 INFO     ___FILE_ONLY___ 

2025-02-22 13:53:59,871 INFO     ___FILE_ONLY___   
2025-02-22 13:53:59,871 INFO     ___FILE_ONLY___ requestSize
2025-02-22 13:53:59,871 INFO     ___FILE_ONLY___ :
2025-02-22 13:53:59,871 INFO     ___FILE_ONLY___  '
2025-02-22 13:53:59,871 INFO     ___FILE_ONLY___ 247
2025-02-22 13:53:59,871 INFO     ___FILE_ONLY___ '
2025-02-22 13:53:59,871 INFO     ___FILE_ONLY___ 

2025-02-22 13:53:59,872 INFO     ___FILE_ONLY___   
2025-02-22 13:53:59,872 INFO     ___FILE_ONLY___ responseSize
2025-02-22 13:53:59,872 INFO     ___FILE_ONLY___ :
2025-02-22 13:53:59,872 INFO     ___FILE_ONLY___  '
2025-02-22 13:53:59,872 INFO     ___FILE_ONLY___ 429
2025-02-22 13:53:59,872 INFO     ___FILE_ONLY___ '
2025-02-22 13:53:59,872 INFO     ___FILE_ONLY___ 

2025-02-22 13:53:59,872 INFO     ___FILE_ONLY___   
2025-02-22 13:53:59,872 INFO     ___FILE_ONLY___ status
2025-02-22 13:53:59,872 INFO     ___FILE_ONLY___ :
2025-02-22 13:53:59,872 INFO     ___FILE_ONLY___  
2025-02-22 13:53:59,872 INFO     ___FILE_ONLY___ 400
2025-02-22 13:53:59,872 INFO     ___FILE_ONLY___ 

2025-02-22 13:53:59,872 INFO     ___FILE_ONLY___   
2025-02-22 13:53:59,872 INFO     ___FILE_ONLY___ userAgent
2025-02-22 13:53:59,872 INFO     ___FILE_ONLY___ :
2025-02-22 13:53:59,872 INFO     ___FILE_ONLY___  
2025-02-22 13:53:59,872 INFO     ___FILE_ONLY___ Custom-AsyncHttpClient
2025-02-22 13:53:59,872 INFO     ___FILE_ONLY___ 

2025-02-22 13:53:59,872 INFO     ___FILE_ONLY___ insertId
2025-02-22 13:53:59,872 INFO     ___FILE_ONLY___ :
2025-02-22 13:53:59,872 INFO     ___FILE_ONLY___  
2025-02-22 13:53:59,872 INFO     ___FILE_ONLY___ d215l1f3crsns
2025-02-22 13:53:59,872 INFO     ___FILE_ONLY___ 

2025-02-22 13:53:59,872 INFO     ___FILE_ONLY___ jsonPayload
2025-02-22 13:53:59,873 INFO     ___FILE_ONLY___ :
2025-02-22 13:53:59,873 INFO     ___FILE_ONLY___ 

2025-02-22 13:53:59,873 INFO     ___FILE_ONLY___   
2025-02-22 13:53:59,873 INFO     ___FILE_ONLY___ '
2025-02-22 13:53:59,873 INFO     ___FILE_ONLY___ @type
2025-02-22 13:53:59,873 INFO     ___FILE_ONLY___ '
2025-02-22 13:53:59,873 INFO     ___FILE_ONLY___ :
2025-02-22 13:53:59,873 INFO     ___FILE_ONLY___  
2025-02-22 13:53:59,873 INFO     ___FILE_ONLY___ type.googleapis.com/google.cloud.loadbalancing.type.LoadBalancerLogEntry
2025-02-22 13:53:59,873 INFO     ___FILE_ONLY___ 

2025-02-22 13:53:59,873 INFO     ___FILE_ONLY___   
2025-02-22 13:53:59,873 INFO     ___FILE_ONLY___ backendTargetProjectNumber
2025-02-22 13:53:59,873 INFO     ___FILE_ONLY___ :
2025-02-22 13:53:59,873 INFO     ___FILE_ONLY___  
2025-02-22 13:53:59,873 INFO     ___FILE_ONLY___ projects/134982172036
2025-02-22 13:53:59,873 INFO     ___FILE_ONLY___ 

2025-02-22 13:53:59,873 INFO     ___FILE_ONLY___   
2025-02-22 13:53:59,873 INFO     ___FILE_ONLY___ remoteIp
2025-02-22 13:53:59,873 INFO     ___FILE_ONLY___ :
2025-02-22 13:53:59,873 INFO     ___FILE_ONLY___  
2025-02-22 13:53:59,873 INFO     ___FILE_ONLY___ 47.89.230.62
2025-02-22 13:53:59,873 INFO     ___FILE_ONLY___ 

2025-02-22 13:53:59,873 INFO     ___FILE_ONLY___   
2025-02-22 13:53:59,873 INFO     ___FILE_ONLY___ statusDetails
2025-02-22 13:53:59,873 INFO     ___FILE_ONLY___ :
2025-02-22 13:53:59,874 INFO     ___FILE_ONLY___  
2025-02-22 13:53:59,874 INFO     ___FILE_ONLY___ body_not_allowed
2025-02-22 13:53:59,874 INFO     ___FILE_ONLY___ 

2025-02-22 13:53:59,874 INFO     ___FILE_ONLY___ logName
2025-02-22 13:53:59,874 INFO     ___FILE_ONLY___ :
2025-02-22 13:53:59,874 INFO     ___FILE_ONLY___  
2025-02-22 13:53:59,874 INFO     ___FILE_ONLY___ projects/peppy-arcadia-432311-g5/logs/requests
2025-02-22 13:53:59,874 INFO     ___FILE_ONLY___ 

2025-02-22 13:53:59,874 INFO     ___FILE_ONLY___ receiveTimestamp
2025-02-22 13:53:59,874 INFO     ___FILE_ONLY___ :
2025-02-22 13:53:59,874 INFO     ___FILE_ONLY___  '
2025-02-22 13:53:59,874 INFO     ___FILE_ONLY___ 2025-02-22T04:41:09.373676697Z
2025-02-22 13:53:59,874 INFO     ___FILE_ONLY___ '
2025-02-22 13:53:59,874 INFO     ___FILE_ONLY___ 

2025-02-22 13:53:59,874 INFO     ___FILE_ONLY___ resource
2025-02-22 13:53:59,874 INFO     ___FILE_ONLY___ :
2025-02-22 13:53:59,874 INFO     ___FILE_ONLY___ 

2025-02-22 13:53:59,874 INFO     ___FILE_ONLY___   
2025-02-22 13:53:59,874 INFO     ___FILE_ONLY___ labels
2025-02-22 13:53:59,874 INFO     ___FILE_ONLY___ :
2025-02-22 13:53:59,874 INFO     ___FILE_ONLY___ 

2025-02-22 13:53:59,874 INFO     ___FILE_ONLY___     
2025-02-22 13:53:59,874 INFO     ___FILE_ONLY___ backend_service_name
2025-02-22 13:53:59,874 INFO     ___FILE_ONLY___ :
2025-02-22 13:53:59,874 INFO     ___FILE_ONLY___  '
2025-02-22 13:53:59,874 INFO     ___FILE_ONLY___ '
2025-02-22 13:53:59,874 INFO     ___FILE_ONLY___ 

2025-02-22 13:53:59,875 INFO     ___FILE_ONLY___     
2025-02-22 13:53:59,875 INFO     ___FILE_ONLY___ forwarding_rule_name
2025-02-22 13:53:59,875 INFO     ___FILE_ONLY___ :
2025-02-22 13:53:59,875 INFO     ___FILE_ONLY___  
2025-02-22 13:53:59,875 INFO     ___FILE_ONLY___ k8s2-fs-x12dacqn-default-app-ingress-7crmedbp
2025-02-22 13:53:59,875 INFO     ___FILE_ONLY___ 

2025-02-22 13:53:59,875 INFO     ___FILE_ONLY___     
2025-02-22 13:53:59,875 INFO     ___FILE_ONLY___ project_id
2025-02-22 13:53:59,875 INFO     ___FILE_ONLY___ :
2025-02-22 13:53:59,875 INFO     ___FILE_ONLY___  
2025-02-22 13:53:59,875 INFO     ___FILE_ONLY___ peppy-arcadia-432311-g5
2025-02-22 13:53:59,875 INFO     ___FILE_ONLY___ 

2025-02-22 13:53:59,875 INFO     ___FILE_ONLY___     
2025-02-22 13:53:59,875 INFO     ___FILE_ONLY___ target_proxy_name
2025-02-22 13:53:59,875 INFO     ___FILE_ONLY___ :
2025-02-22 13:53:59,875 INFO     ___FILE_ONLY___  '
2025-02-22 13:53:59,875 INFO     ___FILE_ONLY___ '
2025-02-22 13:53:59,875 INFO     ___FILE_ONLY___ 

2025-02-22 13:53:59,875 INFO     ___FILE_ONLY___     
2025-02-22 13:53:59,875 INFO     ___FILE_ONLY___ url_map_name
2025-02-22 13:53:59,875 INFO     ___FILE_ONLY___ :
2025-02-22 13:53:59,875 INFO     ___FILE_ONLY___  '
2025-02-22 13:53:59,875 INFO     ___FILE_ONLY___ '
2025-02-22 13:53:59,875 INFO     ___FILE_ONLY___ 

2025-02-22 13:53:59,875 INFO     ___FILE_ONLY___     
2025-02-22 13:53:59,875 INFO     ___FILE_ONLY___ zone
2025-02-22 13:53:59,875 INFO     ___FILE_ONLY___ :
2025-02-22 13:53:59,875 INFO     ___FILE_ONLY___  
2025-02-22 13:53:59,875 INFO     ___FILE_ONLY___ global
2025-02-22 13:53:59,875 INFO     ___FILE_ONLY___ 

2025-02-22 13:53:59,875 INFO     ___FILE_ONLY___   
2025-02-22 13:53:59,876 INFO     ___FILE_ONLY___ type
2025-02-22 13:53:59,876 INFO     ___FILE_ONLY___ :
2025-02-22 13:53:59,876 INFO     ___FILE_ONLY___  
2025-02-22 13:53:59,876 INFO     ___FILE_ONLY___ http_load_balancer
2025-02-22 13:53:59,876 INFO     ___FILE_ONLY___ 

2025-02-22 13:53:59,876 INFO     ___FILE_ONLY___ severity
2025-02-22 13:53:59,876 INFO     ___FILE_ONLY___ :
2025-02-22 13:53:59,876 INFO     ___FILE_ONLY___  
2025-02-22 13:53:59,876 INFO     ___FILE_ONLY___ WARNING
2025-02-22 13:53:59,876 INFO     ___FILE_ONLY___ 

2025-02-22 13:53:59,876 INFO     ___FILE_ONLY___ timestamp
2025-02-22 13:53:59,876 INFO     ___FILE_ONLY___ :
2025-02-22 13:53:59,876 INFO     ___FILE_ONLY___  '
2025-02-22 13:53:59,876 INFO     ___FILE_ONLY___ 2025-02-22T04:41:08.261022Z
2025-02-22 13:53:59,876 INFO     ___FILE_ONLY___ '
2025-02-22 13:53:59,876 INFO     ___FILE_ONLY___ 

2025-02-22 13:53:59,877 INFO     ___FILE_ONLY___ ---
2025-02-22 13:53:59,877 INFO     ___FILE_ONLY___ 

2025-02-22 13:53:59,877 INFO     ___FILE_ONLY___ httpRequest
2025-02-22 13:53:59,877 INFO     ___FILE_ONLY___ :
2025-02-22 13:53:59,877 INFO     ___FILE_ONLY___ 

2025-02-22 13:53:59,878 INFO     ___FILE_ONLY___   
2025-02-22 13:53:59,878 INFO     ___FILE_ONLY___ latency
2025-02-22 13:53:59,878 INFO     ___FILE_ONLY___ :
2025-02-22 13:53:59,878 INFO     ___FILE_ONLY___  
2025-02-22 13:53:59,878 INFO     ___FILE_ONLY___ 0.100299s
2025-02-22 13:53:59,878 INFO     ___FILE_ONLY___ 

2025-02-22 13:53:59,878 INFO     ___FILE_ONLY___   
2025-02-22 13:53:59,878 INFO     ___FILE_ONLY___ remoteIp
2025-02-22 13:53:59,878 INFO     ___FILE_ONLY___ :
2025-02-22 13:53:59,878 INFO     ___FILE_ONLY___  
2025-02-22 13:53:59,878 INFO     ___FILE_ONLY___ 47.89.230.62
2025-02-22 13:53:59,878 INFO     ___FILE_ONLY___ 

2025-02-22 13:53:59,878 INFO     ___FILE_ONLY___   
2025-02-22 13:53:59,878 INFO     ___FILE_ONLY___ requestMethod
2025-02-22 13:53:59,878 INFO     ___FILE_ONLY___ :
2025-02-22 13:53:59,878 INFO     ___FILE_ONLY___  
2025-02-22 13:53:59,878 INFO     ___FILE_ONLY___ GET
2025-02-22 13:53:59,878 INFO     ___FILE_ONLY___ 

2025-02-22 13:53:59,878 INFO     ___FILE_ONLY___   
2025-02-22 13:53:59,878 INFO     ___FILE_ONLY___ requestSize
2025-02-22 13:53:59,879 INFO     ___FILE_ONLY___ :
2025-02-22 13:53:59,879 INFO     ___FILE_ONLY___  '
2025-02-22 13:53:59,879 INFO     ___FILE_ONLY___ 228
2025-02-22 13:53:59,879 INFO     ___FILE_ONLY___ '
2025-02-22 13:53:59,879 INFO     ___FILE_ONLY___ 

2025-02-22 13:53:59,879 INFO     ___FILE_ONLY___   
2025-02-22 13:53:59,879 INFO     ___FILE_ONLY___ responseSize
2025-02-22 13:53:59,879 INFO     ___FILE_ONLY___ :
2025-02-22 13:53:59,879 INFO     ___FILE_ONLY___  '
2025-02-22 13:53:59,879 INFO     ___FILE_ONLY___ 429
2025-02-22 13:53:59,879 INFO     ___FILE_ONLY___ '
2025-02-22 13:53:59,879 INFO     ___FILE_ONLY___ 

2025-02-22 13:53:59,879 INFO     ___FILE_ONLY___   
2025-02-22 13:53:59,879 INFO     ___FILE_ONLY___ status
2025-02-22 13:53:59,879 INFO     ___FILE_ONLY___ :
2025-02-22 13:53:59,879 INFO     ___FILE_ONLY___  
2025-02-22 13:53:59,879 INFO     ___FILE_ONLY___ 400
2025-02-22 13:53:59,879 INFO     ___FILE_ONLY___ 

2025-02-22 13:53:59,879 INFO     ___FILE_ONLY___   
2025-02-22 13:53:59,879 INFO     ___FILE_ONLY___ userAgent
2025-02-22 13:53:59,879 INFO     ___FILE_ONLY___ :
2025-02-22 13:53:59,879 INFO     ___FILE_ONLY___  
2025-02-22 13:53:59,879 INFO     ___FILE_ONLY___ Custom-AsyncHttpClient
2025-02-22 13:53:59,879 INFO     ___FILE_ONLY___ 

2025-02-22 13:53:59,880 INFO     ___FILE_ONLY___ insertId
2025-02-22 13:53:59,880 INFO     ___FILE_ONLY___ :
2025-02-22 13:53:59,880 INFO     ___FILE_ONLY___  
2025-02-22 13:53:59,880 INFO     ___FILE_ONLY___ 1l82beyfaasjdq
2025-02-22 13:53:59,880 INFO     ___FILE_ONLY___ 

2025-02-22 13:53:59,880 INFO     ___FILE_ONLY___ jsonPayload
2025-02-22 13:53:59,880 INFO     ___FILE_ONLY___ :
2025-02-22 13:53:59,880 INFO     ___FILE_ONLY___ 

2025-02-22 13:53:59,880 INFO     ___FILE_ONLY___   
2025-02-22 13:53:59,880 INFO     ___FILE_ONLY___ '
2025-02-22 13:53:59,880 INFO     ___FILE_ONLY___ @type
2025-02-22 13:53:59,880 INFO     ___FILE_ONLY___ '
2025-02-22 13:53:59,880 INFO     ___FILE_ONLY___ :
2025-02-22 13:53:59,880 INFO     ___FILE_ONLY___  
2025-02-22 13:53:59,880 INFO     ___FILE_ONLY___ type.googleapis.com/google.cloud.loadbalancing.type.LoadBalancerLogEntry
2025-02-22 13:53:59,880 INFO     ___FILE_ONLY___ 

2025-02-22 13:53:59,880 INFO     ___FILE_ONLY___   
2025-02-22 13:53:59,880 INFO     ___FILE_ONLY___ backendTargetProjectNumber
2025-02-22 13:53:59,880 INFO     ___FILE_ONLY___ :
2025-02-22 13:53:59,880 INFO     ___FILE_ONLY___  
2025-02-22 13:53:59,880 INFO     ___FILE_ONLY___ projects/134982172036
2025-02-22 13:53:59,880 INFO     ___FILE_ONLY___ 

2025-02-22 13:53:59,880 INFO     ___FILE_ONLY___   
2025-02-22 13:53:59,880 INFO     ___FILE_ONLY___ remoteIp
2025-02-22 13:53:59,880 INFO     ___FILE_ONLY___ :
2025-02-22 13:53:59,880 INFO     ___FILE_ONLY___  
2025-02-22 13:53:59,880 INFO     ___FILE_ONLY___ 47.89.230.62
2025-02-22 13:53:59,880 INFO     ___FILE_ONLY___ 

2025-02-22 13:53:59,880 INFO     ___FILE_ONLY___   
2025-02-22 13:53:59,880 INFO     ___FILE_ONLY___ statusDetails
2025-02-22 13:53:59,880 INFO     ___FILE_ONLY___ :
2025-02-22 13:53:59,881 INFO     ___FILE_ONLY___  
2025-02-22 13:53:59,881 INFO     ___FILE_ONLY___ body_not_allowed
2025-02-22 13:53:59,881 INFO     ___FILE_ONLY___ 

2025-02-22 13:53:59,881 INFO     ___FILE_ONLY___ logName
2025-02-22 13:53:59,881 INFO     ___FILE_ONLY___ :
2025-02-22 13:53:59,881 INFO     ___FILE_ONLY___  
2025-02-22 13:53:59,881 INFO     ___FILE_ONLY___ projects/peppy-arcadia-432311-g5/logs/requests
2025-02-22 13:53:59,881 INFO     ___FILE_ONLY___ 

2025-02-22 13:53:59,881 INFO     ___FILE_ONLY___ receiveTimestamp
2025-02-22 13:53:59,881 INFO     ___FILE_ONLY___ :
2025-02-22 13:53:59,881 INFO     ___FILE_ONLY___  '
2025-02-22 13:53:59,881 INFO     ___FILE_ONLY___ 2025-02-22T04:41:08.828950296Z
2025-02-22 13:53:59,881 INFO     ___FILE_ONLY___ '
2025-02-22 13:53:59,881 INFO     ___FILE_ONLY___ 

2025-02-22 13:53:59,881 INFO     ___FILE_ONLY___ resource
2025-02-22 13:53:59,881 INFO     ___FILE_ONLY___ :
2025-02-22 13:53:59,881 INFO     ___FILE_ONLY___ 

2025-02-22 13:53:59,881 INFO     ___FILE_ONLY___   
2025-02-22 13:53:59,881 INFO     ___FILE_ONLY___ labels
2025-02-22 13:53:59,881 INFO     ___FILE_ONLY___ :
2025-02-22 13:53:59,881 INFO     ___FILE_ONLY___ 

2025-02-22 13:53:59,881 INFO     ___FILE_ONLY___     
2025-02-22 13:53:59,881 INFO     ___FILE_ONLY___ backend_service_name
2025-02-22 13:53:59,881 INFO     ___FILE_ONLY___ :
2025-02-22 13:53:59,881 INFO     ___FILE_ONLY___  '
2025-02-22 13:53:59,881 INFO     ___FILE_ONLY___ '
2025-02-22 13:53:59,881 INFO     ___FILE_ONLY___ 

2025-02-22 13:53:59,882 INFO     ___FILE_ONLY___     
2025-02-22 13:53:59,882 INFO     ___FILE_ONLY___ forwarding_rule_name
2025-02-22 13:53:59,882 INFO     ___FILE_ONLY___ :
2025-02-22 13:53:59,882 INFO     ___FILE_ONLY___  
2025-02-22 13:53:59,882 INFO     ___FILE_ONLY___ k8s2-fs-x12dacqn-default-app-ingress-7crmedbp
2025-02-22 13:53:59,882 INFO     ___FILE_ONLY___ 

2025-02-22 13:53:59,882 INFO     ___FILE_ONLY___     
2025-02-22 13:53:59,882 INFO     ___FILE_ONLY___ project_id
2025-02-22 13:53:59,882 INFO     ___FILE_ONLY___ :
2025-02-22 13:53:59,882 INFO     ___FILE_ONLY___  
2025-02-22 13:53:59,882 INFO     ___FILE_ONLY___ peppy-arcadia-432311-g5
2025-02-22 13:53:59,882 INFO     ___FILE_ONLY___ 

2025-02-22 13:53:59,882 INFO     ___FILE_ONLY___     
2025-02-22 13:53:59,882 INFO     ___FILE_ONLY___ target_proxy_name
2025-02-22 13:53:59,882 INFO     ___FILE_ONLY___ :
2025-02-22 13:53:59,882 INFO     ___FILE_ONLY___  '
2025-02-22 13:53:59,882 INFO     ___FILE_ONLY___ '
2025-02-22 13:53:59,883 INFO     ___FILE_ONLY___ 

2025-02-22 13:53:59,883 INFO     ___FILE_ONLY___     
2025-02-22 13:53:59,883 INFO     ___FILE_ONLY___ url_map_name
2025-02-22 13:53:59,883 INFO     ___FILE_ONLY___ :
2025-02-22 13:53:59,883 INFO     ___FILE_ONLY___  '
2025-02-22 13:53:59,883 INFO     ___FILE_ONLY___ '
2025-02-22 13:53:59,883 INFO     ___FILE_ONLY___ 

2025-02-22 13:53:59,883 INFO     ___FILE_ONLY___     
2025-02-22 13:53:59,883 INFO     ___FILE_ONLY___ zone
2025-02-22 13:53:59,883 INFO     ___FILE_ONLY___ :
2025-02-22 13:53:59,883 INFO     ___FILE_ONLY___  
2025-02-22 13:53:59,883 INFO     ___FILE_ONLY___ global
2025-02-22 13:53:59,883 INFO     ___FILE_ONLY___ 

2025-02-22 13:53:59,884 INFO     ___FILE_ONLY___   
2025-02-22 13:53:59,884 INFO     ___FILE_ONLY___ type
2025-02-22 13:53:59,884 INFO     ___FILE_ONLY___ :
2025-02-22 13:53:59,884 INFO     ___FILE_ONLY___  
2025-02-22 13:53:59,884 INFO     ___FILE_ONLY___ http_load_balancer
2025-02-22 13:53:59,884 INFO     ___FILE_ONLY___ 

2025-02-22 13:53:59,884 INFO     ___FILE_ONLY___ severity
2025-02-22 13:53:59,884 INFO     ___FILE_ONLY___ :
2025-02-22 13:53:59,884 INFO     ___FILE_ONLY___  
2025-02-22 13:53:59,884 INFO     ___FILE_ONLY___ WARNING
2025-02-22 13:53:59,884 INFO     ___FILE_ONLY___ 

2025-02-22 13:53:59,884 INFO     ___FILE_ONLY___ timestamp
2025-02-22 13:53:59,884 INFO     ___FILE_ONLY___ :
2025-02-22 13:53:59,884 INFO     ___FILE_ONLY___  '
2025-02-22 13:53:59,884 INFO     ___FILE_ONLY___ 2025-02-22T04:41:08.129681Z
2025-02-22 13:53:59,884 INFO     ___FILE_ONLY___ '
2025-02-22 13:53:59,884 INFO     ___FILE_ONLY___ 

2025-02-22 13:53:59,885 INFO     ___FILE_ONLY___ ---
2025-02-22 13:53:59,885 INFO     ___FILE_ONLY___ 

2025-02-22 13:53:59,885 INFO     ___FILE_ONLY___ httpRequest
2025-02-22 13:53:59,885 INFO     ___FILE_ONLY___ :
2025-02-22 13:53:59,885 INFO     ___FILE_ONLY___ 

2025-02-22 13:53:59,885 INFO     ___FILE_ONLY___   
2025-02-22 13:53:59,885 INFO     ___FILE_ONLY___ latency
2025-02-22 13:53:59,885 INFO     ___FILE_ONLY___ :
2025-02-22 13:53:59,885 INFO     ___FILE_ONLY___  
2025-02-22 13:53:59,885 INFO     ___FILE_ONLY___ 0.100587s
2025-02-22 13:53:59,885 INFO     ___FILE_ONLY___ 

2025-02-22 13:53:59,885 INFO     ___FILE_ONLY___   
2025-02-22 13:53:59,885 INFO     ___FILE_ONLY___ remoteIp
2025-02-22 13:53:59,885 INFO     ___FILE_ONLY___ :
2025-02-22 13:53:59,885 INFO     ___FILE_ONLY___  
2025-02-22 13:53:59,885 INFO     ___FILE_ONLY___ 47.89.230.62
2025-02-22 13:53:59,885 INFO     ___FILE_ONLY___ 

2025-02-22 13:53:59,885 INFO     ___FILE_ONLY___   
2025-02-22 13:53:59,885 INFO     ___FILE_ONLY___ requestMethod
2025-02-22 13:53:59,885 INFO     ___FILE_ONLY___ :
2025-02-22 13:53:59,885 INFO     ___FILE_ONLY___  
2025-02-22 13:53:59,885 INFO     ___FILE_ONLY___ GET
2025-02-22 13:53:59,885 INFO     ___FILE_ONLY___ 

2025-02-22 13:53:59,885 INFO     ___FILE_ONLY___   
2025-02-22 13:53:59,886 INFO     ___FILE_ONLY___ requestSize
2025-02-22 13:53:59,886 INFO     ___FILE_ONLY___ :
2025-02-22 13:53:59,886 INFO     ___FILE_ONLY___  '
2025-02-22 13:53:59,886 INFO     ___FILE_ONLY___ 232
2025-02-22 13:53:59,886 INFO     ___FILE_ONLY___ '
2025-02-22 13:53:59,886 INFO     ___FILE_ONLY___ 

2025-02-22 13:53:59,886 INFO     ___FILE_ONLY___   
2025-02-22 13:53:59,886 INFO     ___FILE_ONLY___ responseSize
2025-02-22 13:53:59,886 INFO     ___FILE_ONLY___ :
2025-02-22 13:53:59,886 INFO     ___FILE_ONLY___  '
2025-02-22 13:53:59,886 INFO     ___FILE_ONLY___ 429
2025-02-22 13:53:59,886 INFO     ___FILE_ONLY___ '
2025-02-22 13:53:59,886 INFO     ___FILE_ONLY___ 

2025-02-22 13:53:59,886 INFO     ___FILE_ONLY___   
2025-02-22 13:53:59,886 INFO     ___FILE_ONLY___ status
2025-02-22 13:53:59,886 INFO     ___FILE_ONLY___ :
2025-02-22 13:53:59,886 INFO     ___FILE_ONLY___  
2025-02-22 13:53:59,886 INFO     ___FILE_ONLY___ 400
2025-02-22 13:53:59,886 INFO     ___FILE_ONLY___ 

2025-02-22 13:53:59,886 INFO     ___FILE_ONLY___   
2025-02-22 13:53:59,886 INFO     ___FILE_ONLY___ userAgent
2025-02-22 13:53:59,886 INFO     ___FILE_ONLY___ :
2025-02-22 13:53:59,886 INFO     ___FILE_ONLY___  
2025-02-22 13:53:59,886 INFO     ___FILE_ONLY___ Custom-AsyncHttpClient
2025-02-22 13:53:59,886 INFO     ___FILE_ONLY___ 

2025-02-22 13:53:59,886 INFO     ___FILE_ONLY___ insertId
2025-02-22 13:53:59,886 INFO     ___FILE_ONLY___ :
2025-02-22 13:53:59,886 INFO     ___FILE_ONLY___  
2025-02-22 13:53:59,886 INFO     ___FILE_ONLY___ 9hv6txfakm9kc
2025-02-22 13:53:59,886 INFO     ___FILE_ONLY___ 

2025-02-22 13:53:59,886 INFO     ___FILE_ONLY___ jsonPayload
2025-02-22 13:53:59,886 INFO     ___FILE_ONLY___ :
2025-02-22 13:53:59,886 INFO     ___FILE_ONLY___ 

2025-02-22 13:53:59,887 INFO     ___FILE_ONLY___   
2025-02-22 13:53:59,887 INFO     ___FILE_ONLY___ '
2025-02-22 13:53:59,887 INFO     ___FILE_ONLY___ @type
2025-02-22 13:53:59,887 INFO     ___FILE_ONLY___ '
2025-02-22 13:53:59,887 INFO     ___FILE_ONLY___ :
2025-02-22 13:53:59,887 INFO     ___FILE_ONLY___  
2025-02-22 13:53:59,887 INFO     ___FILE_ONLY___ type.googleapis.com/google.cloud.loadbalancing.type.LoadBalancerLogEntry
2025-02-22 13:53:59,887 INFO     ___FILE_ONLY___ 

2025-02-22 13:53:59,887 INFO     ___FILE_ONLY___   
2025-02-22 13:53:59,887 INFO     ___FILE_ONLY___ backendTargetProjectNumber
2025-02-22 13:53:59,887 INFO     ___FILE_ONLY___ :
2025-02-22 13:53:59,887 INFO     ___FILE_ONLY___  
2025-02-22 13:53:59,887 INFO     ___FILE_ONLY___ projects/134982172036
2025-02-22 13:53:59,887 INFO     ___FILE_ONLY___ 

2025-02-22 13:53:59,887 INFO     ___FILE_ONLY___   
2025-02-22 13:53:59,887 INFO     ___FILE_ONLY___ remoteIp
2025-02-22 13:53:59,887 INFO     ___FILE_ONLY___ :
2025-02-22 13:53:59,887 INFO     ___FILE_ONLY___  
2025-02-22 13:53:59,887 INFO     ___FILE_ONLY___ 47.89.230.62
2025-02-22 13:53:59,887 INFO     ___FILE_ONLY___ 

2025-02-22 13:53:59,887 INFO     ___FILE_ONLY___   
2025-02-22 13:53:59,887 INFO     ___FILE_ONLY___ statusDetails
2025-02-22 13:53:59,887 INFO     ___FILE_ONLY___ :
2025-02-22 13:53:59,887 INFO     ___FILE_ONLY___  
2025-02-22 13:53:59,887 INFO     ___FILE_ONLY___ body_not_allowed
2025-02-22 13:53:59,887 INFO     ___FILE_ONLY___ 

2025-02-22 13:53:59,887 INFO     ___FILE_ONLY___ logName
2025-02-22 13:53:59,887 INFO     ___FILE_ONLY___ :
2025-02-22 13:53:59,887 INFO     ___FILE_ONLY___  
2025-02-22 13:53:59,887 INFO     ___FILE_ONLY___ projects/peppy-arcadia-432311-g5/logs/requests
2025-02-22 13:53:59,887 INFO     ___FILE_ONLY___ 

2025-02-22 13:53:59,887 INFO     ___FILE_ONLY___ receiveTimestamp
2025-02-22 13:53:59,888 INFO     ___FILE_ONLY___ :
2025-02-22 13:53:59,888 INFO     ___FILE_ONLY___  '
2025-02-22 13:53:59,888 INFO     ___FILE_ONLY___ 2025-02-22T04:41:08.619827466Z
2025-02-22 13:53:59,888 INFO     ___FILE_ONLY___ '
2025-02-22 13:53:59,888 INFO     ___FILE_ONLY___ 

2025-02-22 13:53:59,888 INFO     ___FILE_ONLY___ resource
2025-02-22 13:53:59,888 INFO     ___FILE_ONLY___ :
2025-02-22 13:53:59,888 INFO     ___FILE_ONLY___ 

2025-02-22 13:53:59,888 INFO     ___FILE_ONLY___   
2025-02-22 13:53:59,888 INFO     ___FILE_ONLY___ labels
2025-02-22 13:53:59,888 INFO     ___FILE_ONLY___ :
2025-02-22 13:53:59,888 INFO     ___FILE_ONLY___ 

2025-02-22 13:53:59,888 INFO     ___FILE_ONLY___     
2025-02-22 13:53:59,888 INFO     ___FILE_ONLY___ backend_service_name
2025-02-22 13:53:59,888 INFO     ___FILE_ONLY___ :
2025-02-22 13:53:59,888 INFO     ___FILE_ONLY___  '
2025-02-22 13:53:59,888 INFO     ___FILE_ONLY___ '
2025-02-22 13:53:59,888 INFO     ___FILE_ONLY___ 

2025-02-22 13:53:59,888 INFO     ___FILE_ONLY___     
2025-02-22 13:53:59,888 INFO     ___FILE_ONLY___ forwarding_rule_name
2025-02-22 13:53:59,888 INFO     ___FILE_ONLY___ :
2025-02-22 13:53:59,888 INFO     ___FILE_ONLY___  
2025-02-22 13:53:59,888 INFO     ___FILE_ONLY___ k8s2-fs-x12dacqn-default-app-ingress-7crmedbp
2025-02-22 13:53:59,888 INFO     ___FILE_ONLY___ 

2025-02-22 13:53:59,888 INFO     ___FILE_ONLY___     
2025-02-22 13:53:59,888 INFO     ___FILE_ONLY___ project_id
2025-02-22 13:53:59,888 INFO     ___FILE_ONLY___ :
2025-02-22 13:53:59,889 INFO     ___FILE_ONLY___  
2025-02-22 13:53:59,889 INFO     ___FILE_ONLY___ peppy-arcadia-432311-g5
2025-02-22 13:53:59,889 INFO     ___FILE_ONLY___ 

2025-02-22 13:53:59,889 INFO     ___FILE_ONLY___     
2025-02-22 13:53:59,889 INFO     ___FILE_ONLY___ target_proxy_name
2025-02-22 13:53:59,889 INFO     ___FILE_ONLY___ :
2025-02-22 13:53:59,889 INFO     ___FILE_ONLY___  '
2025-02-22 13:53:59,889 INFO     ___FILE_ONLY___ '
2025-02-22 13:53:59,889 INFO     ___FILE_ONLY___ 

2025-02-22 13:53:59,889 INFO     ___FILE_ONLY___     
2025-02-22 13:53:59,889 INFO     ___FILE_ONLY___ url_map_name
2025-02-22 13:53:59,889 INFO     ___FILE_ONLY___ :
2025-02-22 13:53:59,889 INFO     ___FILE_ONLY___  '
2025-02-22 13:53:59,889 INFO     ___FILE_ONLY___ '
2025-02-22 13:53:59,889 INFO     ___FILE_ONLY___ 

2025-02-22 13:53:59,889 INFO     ___FILE_ONLY___     
2025-02-22 13:53:59,889 INFO     ___FILE_ONLY___ zone
2025-02-22 13:53:59,889 INFO     ___FILE_ONLY___ :
2025-02-22 13:53:59,889 INFO     ___FILE_ONLY___  
2025-02-22 13:53:59,889 INFO     ___FILE_ONLY___ global
2025-02-22 13:53:59,889 INFO     ___FILE_ONLY___ 

2025-02-22 13:53:59,889 INFO     ___FILE_ONLY___   
2025-02-22 13:53:59,889 INFO     ___FILE_ONLY___ type
2025-02-22 13:53:59,889 INFO     ___FILE_ONLY___ :
2025-02-22 13:53:59,889 INFO     ___FILE_ONLY___  
2025-02-22 13:53:59,889 INFO     ___FILE_ONLY___ http_load_balancer
2025-02-22 13:53:59,889 INFO     ___FILE_ONLY___ 

2025-02-22 13:53:59,889 INFO     ___FILE_ONLY___ severity
2025-02-22 13:53:59,889 INFO     ___FILE_ONLY___ :
2025-02-22 13:53:59,889 INFO     ___FILE_ONLY___  
2025-02-22 13:53:59,890 INFO     ___FILE_ONLY___ WARNING
2025-02-22 13:53:59,890 INFO     ___FILE_ONLY___ 

2025-02-22 13:53:59,890 INFO     ___FILE_ONLY___ timestamp
2025-02-22 13:53:59,890 INFO     ___FILE_ONLY___ :
2025-02-22 13:53:59,890 INFO     ___FILE_ONLY___  '
2025-02-22 13:53:59,890 INFO     ___FILE_ONLY___ 2025-02-22T04:41:07.958096Z
2025-02-22 13:53:59,890 INFO     ___FILE_ONLY___ '
2025-02-22 13:53:59,890 INFO     ___FILE_ONLY___ 

2025-02-22 13:53:59,891 INFO     ___FILE_ONLY___ ---
2025-02-22 13:53:59,891 INFO     ___FILE_ONLY___ 

2025-02-22 13:53:59,891 INFO     ___FILE_ONLY___ httpRequest
2025-02-22 13:53:59,891 INFO     ___FILE_ONLY___ :
2025-02-22 13:53:59,891 INFO     ___FILE_ONLY___ 

2025-02-22 13:53:59,891 INFO     ___FILE_ONLY___   
2025-02-22 13:53:59,891 INFO     ___FILE_ONLY___ latency
2025-02-22 13:53:59,891 INFO     ___FILE_ONLY___ :
2025-02-22 13:53:59,891 INFO     ___FILE_ONLY___  
2025-02-22 13:53:59,891 INFO     ___FILE_ONLY___ 0.100146s
2025-02-22 13:53:59,891 INFO     ___FILE_ONLY___ 

2025-02-22 13:53:59,891 INFO     ___FILE_ONLY___   
2025-02-22 13:53:59,891 INFO     ___FILE_ONLY___ remoteIp
2025-02-22 13:53:59,891 INFO     ___FILE_ONLY___ :
2025-02-22 13:53:59,891 INFO     ___FILE_ONLY___  
2025-02-22 13:53:59,891 INFO     ___FILE_ONLY___ 47.89.230.62
2025-02-22 13:53:59,891 INFO     ___FILE_ONLY___ 

2025-02-22 13:53:59,891 INFO     ___FILE_ONLY___   
2025-02-22 13:53:59,891 INFO     ___FILE_ONLY___ requestMethod
2025-02-22 13:53:59,891 INFO     ___FILE_ONLY___ :
2025-02-22 13:53:59,891 INFO     ___FILE_ONLY___  
2025-02-22 13:53:59,891 INFO     ___FILE_ONLY___ GET
2025-02-22 13:53:59,891 INFO     ___FILE_ONLY___ 

2025-02-22 13:53:59,891 INFO     ___FILE_ONLY___   
2025-02-22 13:53:59,891 INFO     ___FILE_ONLY___ requestSize
2025-02-22 13:53:59,891 INFO     ___FILE_ONLY___ :
2025-02-22 13:53:59,891 INFO     ___FILE_ONLY___  '
2025-02-22 13:53:59,891 INFO     ___FILE_ONLY___ 236
2025-02-22 13:53:59,891 INFO     ___FILE_ONLY___ '
2025-02-22 13:53:59,891 INFO     ___FILE_ONLY___ 

2025-02-22 13:53:59,892 INFO     ___FILE_ONLY___   
2025-02-22 13:53:59,892 INFO     ___FILE_ONLY___ responseSize
2025-02-22 13:53:59,892 INFO     ___FILE_ONLY___ :
2025-02-22 13:53:59,892 INFO     ___FILE_ONLY___  '
2025-02-22 13:53:59,892 INFO     ___FILE_ONLY___ 429
2025-02-22 13:53:59,892 INFO     ___FILE_ONLY___ '
2025-02-22 13:53:59,892 INFO     ___FILE_ONLY___ 

2025-02-22 13:53:59,892 INFO     ___FILE_ONLY___   
2025-02-22 13:53:59,892 INFO     ___FILE_ONLY___ status
2025-02-22 13:53:59,892 INFO     ___FILE_ONLY___ :
2025-02-22 13:53:59,892 INFO     ___FILE_ONLY___  
2025-02-22 13:53:59,892 INFO     ___FILE_ONLY___ 400
2025-02-22 13:53:59,892 INFO     ___FILE_ONLY___ 

2025-02-22 13:53:59,892 INFO     ___FILE_ONLY___   
2025-02-22 13:53:59,892 INFO     ___FILE_ONLY___ userAgent
2025-02-22 13:53:59,892 INFO     ___FILE_ONLY___ :
2025-02-22 13:53:59,892 INFO     ___FILE_ONLY___  
2025-02-22 13:53:59,892 INFO     ___FILE_ONLY___ Custom-AsyncHttpClient
2025-02-22 13:53:59,892 INFO     ___FILE_ONLY___ 

2025-02-22 13:53:59,892 INFO     ___FILE_ONLY___ insertId
2025-02-22 13:53:59,892 INFO     ___FILE_ONLY___ :
2025-02-22 13:53:59,892 INFO     ___FILE_ONLY___  
2025-02-22 13:53:59,892 INFO     ___FILE_ONLY___ 18enskzf8yjb8v
2025-02-22 13:53:59,892 INFO     ___FILE_ONLY___ 

2025-02-22 13:53:59,892 INFO     ___FILE_ONLY___ jsonPayload
2025-02-22 13:53:59,892 INFO     ___FILE_ONLY___ :
2025-02-22 13:53:59,893 INFO     ___FILE_ONLY___ 

2025-02-22 13:53:59,893 INFO     ___FILE_ONLY___   
2025-02-22 13:53:59,893 INFO     ___FILE_ONLY___ '
2025-02-22 13:53:59,893 INFO     ___FILE_ONLY___ @type
2025-02-22 13:53:59,893 INFO     ___FILE_ONLY___ '
2025-02-22 13:53:59,893 INFO     ___FILE_ONLY___ :
2025-02-22 13:53:59,893 INFO     ___FILE_ONLY___  
2025-02-22 13:53:59,893 INFO     ___FILE_ONLY___ type.googleapis.com/google.cloud.loadbalancing.type.LoadBalancerLogEntry
2025-02-22 13:53:59,893 INFO     ___FILE_ONLY___ 

2025-02-22 13:53:59,893 INFO     ___FILE_ONLY___   
2025-02-22 13:53:59,893 INFO     ___FILE_ONLY___ backendTargetProjectNumber
2025-02-22 13:53:59,893 INFO     ___FILE_ONLY___ :
2025-02-22 13:53:59,893 INFO     ___FILE_ONLY___  
2025-02-22 13:53:59,893 INFO     ___FILE_ONLY___ projects/134982172036
2025-02-22 13:53:59,893 INFO     ___FILE_ONLY___ 

2025-02-22 13:53:59,893 INFO     ___FILE_ONLY___   
2025-02-22 13:53:59,893 INFO     ___FILE_ONLY___ remoteIp
2025-02-22 13:53:59,893 INFO     ___FILE_ONLY___ :
2025-02-22 13:53:59,893 INFO     ___FILE_ONLY___  
2025-02-22 13:53:59,893 INFO     ___FILE_ONLY___ 47.89.230.62
2025-02-22 13:53:59,893 INFO     ___FILE_ONLY___ 

2025-02-22 13:53:59,893 INFO     ___FILE_ONLY___   
2025-02-22 13:53:59,893 INFO     ___FILE_ONLY___ statusDetails
2025-02-22 13:53:59,893 INFO     ___FILE_ONLY___ :
2025-02-22 13:53:59,893 INFO     ___FILE_ONLY___  
2025-02-22 13:53:59,893 INFO     ___FILE_ONLY___ body_not_allowed
2025-02-22 13:53:59,893 INFO     ___FILE_ONLY___ 

2025-02-22 13:53:59,893 INFO     ___FILE_ONLY___ logName
2025-02-22 13:53:59,893 INFO     ___FILE_ONLY___ :
2025-02-22 13:53:59,893 INFO     ___FILE_ONLY___  
2025-02-22 13:53:59,894 INFO     ___FILE_ONLY___ projects/peppy-arcadia-432311-g5/logs/requests
2025-02-22 13:53:59,894 INFO     ___FILE_ONLY___ 

2025-02-22 13:53:59,894 INFO     ___FILE_ONLY___ receiveTimestamp
2025-02-22 13:53:59,894 INFO     ___FILE_ONLY___ :
2025-02-22 13:53:59,894 INFO     ___FILE_ONLY___  '
2025-02-22 13:53:59,894 INFO     ___FILE_ONLY___ 2025-02-22T04:41:08.338597762Z
2025-02-22 13:53:59,894 INFO     ___FILE_ONLY___ '
2025-02-22 13:53:59,894 INFO     ___FILE_ONLY___ 

2025-02-22 13:53:59,894 INFO     ___FILE_ONLY___ resource
2025-02-22 13:53:59,894 INFO     ___FILE_ONLY___ :
2025-02-22 13:53:59,894 INFO     ___FILE_ONLY___ 

2025-02-22 13:53:59,894 INFO     ___FILE_ONLY___   
2025-02-22 13:53:59,894 INFO     ___FILE_ONLY___ labels
2025-02-22 13:53:59,894 INFO     ___FILE_ONLY___ :
2025-02-22 13:53:59,894 INFO     ___FILE_ONLY___ 

2025-02-22 13:53:59,894 INFO     ___FILE_ONLY___     
2025-02-22 13:53:59,894 INFO     ___FILE_ONLY___ backend_service_name
2025-02-22 13:53:59,894 INFO     ___FILE_ONLY___ :
2025-02-22 13:53:59,894 INFO     ___FILE_ONLY___  '
2025-02-22 13:53:59,894 INFO     ___FILE_ONLY___ '
2025-02-22 13:53:59,894 INFO     ___FILE_ONLY___ 

2025-02-22 13:53:59,894 INFO     ___FILE_ONLY___     
2025-02-22 13:53:59,894 INFO     ___FILE_ONLY___ forwarding_rule_name
2025-02-22 13:53:59,894 INFO     ___FILE_ONLY___ :
2025-02-22 13:53:59,894 INFO     ___FILE_ONLY___  
2025-02-22 13:53:59,894 INFO     ___FILE_ONLY___ k8s2-fs-x12dacqn-default-app-ingress-7crmedbp
2025-02-22 13:53:59,894 INFO     ___FILE_ONLY___ 

2025-02-22 13:53:59,895 INFO     ___FILE_ONLY___     
2025-02-22 13:53:59,895 INFO     ___FILE_ONLY___ project_id
2025-02-22 13:53:59,895 INFO     ___FILE_ONLY___ :
2025-02-22 13:53:59,895 INFO     ___FILE_ONLY___  
2025-02-22 13:53:59,895 INFO     ___FILE_ONLY___ peppy-arcadia-432311-g5
2025-02-22 13:53:59,895 INFO     ___FILE_ONLY___ 

2025-02-22 13:53:59,895 INFO     ___FILE_ONLY___     
2025-02-22 13:53:59,895 INFO     ___FILE_ONLY___ target_proxy_name
2025-02-22 13:53:59,895 INFO     ___FILE_ONLY___ :
2025-02-22 13:53:59,895 INFO     ___FILE_ONLY___  '
2025-02-22 13:53:59,895 INFO     ___FILE_ONLY___ '
2025-02-22 13:53:59,895 INFO     ___FILE_ONLY___ 

2025-02-22 13:53:59,895 INFO     ___FILE_ONLY___     
2025-02-22 13:53:59,895 INFO     ___FILE_ONLY___ url_map_name
2025-02-22 13:53:59,895 INFO     ___FILE_ONLY___ :
2025-02-22 13:53:59,895 INFO     ___FILE_ONLY___  '
2025-02-22 13:53:59,895 INFO     ___FILE_ONLY___ '
2025-02-22 13:53:59,895 INFO     ___FILE_ONLY___ 

2025-02-22 13:53:59,895 INFO     ___FILE_ONLY___     
2025-02-22 13:53:59,895 INFO     ___FILE_ONLY___ zone
2025-02-22 13:53:59,895 INFO     ___FILE_ONLY___ :
2025-02-22 13:53:59,895 INFO     ___FILE_ONLY___  
2025-02-22 13:53:59,895 INFO     ___FILE_ONLY___ global
2025-02-22 13:53:59,895 INFO     ___FILE_ONLY___ 

2025-02-22 13:53:59,895 INFO     ___FILE_ONLY___   
2025-02-22 13:53:59,895 INFO     ___FILE_ONLY___ type
2025-02-22 13:53:59,895 INFO     ___FILE_ONLY___ :
2025-02-22 13:53:59,895 INFO     ___FILE_ONLY___  
2025-02-22 13:53:59,896 INFO     ___FILE_ONLY___ http_load_balancer
2025-02-22 13:53:59,896 INFO     ___FILE_ONLY___ 

2025-02-22 13:53:59,896 INFO     ___FILE_ONLY___ severity
2025-02-22 13:53:59,896 INFO     ___FILE_ONLY___ :
2025-02-22 13:53:59,896 INFO     ___FILE_ONLY___  
2025-02-22 13:53:59,896 INFO     ___FILE_ONLY___ WARNING
2025-02-22 13:53:59,896 INFO     ___FILE_ONLY___ 

2025-02-22 13:53:59,896 INFO     ___FILE_ONLY___ timestamp
2025-02-22 13:53:59,896 INFO     ___FILE_ONLY___ :
2025-02-22 13:53:59,896 INFO     ___FILE_ONLY___  '
2025-02-22 13:53:59,896 INFO     ___FILE_ONLY___ 2025-02-22T04:41:07.772962Z
2025-02-22 13:53:59,896 INFO     ___FILE_ONLY___ '
2025-02-22 13:53:59,896 INFO     ___FILE_ONLY___ 

2025-02-22 13:53:59,896 DEBUG    root            SDK update checks are disabled.
