2025-02-22 13:51:37,840 DEBUG    root            Loaded Command Group: ['gcloud', 'config']
2025-02-22 13:51:37,842 DEBUG    root            Loaded Command Group: ['gcloud', 'config', 'config_helper']
2025-02-22 13:51:37,843 DEBUG    root            Running [gcloud.config.config-helper] with arguments: [--format: "json"]
2025-02-22 13:51:37,851 DEBUG    root            Chosen display Format:default json
2025-02-22 13:51:37,851 INFO     root            Display format: "default json"
2025-02-22 13:51:37,868 INFO     ___FILE_ONLY___ {
  "configuration": {
    "active_configuration": "default",
    "properties": {
      "core": {
        "account": "1201ljhun@gmail.com",
        "disable_usage_reporting": "True",
        "project": "peppy-arcadia-432311-g5"
      }
    }
  },
  "credential": {
    "access_token": "ya29.a0AXeO80QiJBNw0vpi5V7ZyMIrMxsFuKObNoh1Q1sU_-OhIoVIMmFsqhYViqMxy_rr2tCz8AnS3p8x9yRyL4yQGdcQTHVv_qSdMNtvtgniYVhmWiPvZJxoDA9K0IPkUcX67bv_wUeY1ZBY-bkhSg3QrkhblVfM44AwDbEJMXLgQ_EqDLfTaCgYKAcgSARISFQHGX2MiYY7enVq2jAg-cLqSPhy0fQ0183",
    "id_token": "eyJhbGciOiJSUzI1NiIsImtpZCI6Ijc2M2Y3YzRjZDI2YTFlYjJiMWIzOWE4OGY0NDM0ZDFmNGQ5YTM2OGIiLCJ0eXAiOiJKV1QifQ.eyJpc3MiOiJodHRwczovL2FjY291bnRzLmdvb2dsZS5jb20iLCJhenAiOiIzMjU1NTk0MDU1OS5hcHBzLmdvb2dsZXVzZXJjb250ZW50LmNvbSIsImF1ZCI6IjMyNTU1OTQwNTU5LmFwcHMuZ29vZ2xldXNlcmNvbnRlbnQuY29tIiwic3ViIjoiMTA1MDk2MzU3NDMwMjQzNjQxMTQxIiwiZW1haWwiOiIxMjAxbGpodW5AZ21haWwuY29tIiwiZW1haWxfdmVyaWZpZWQiOnRydWUsImF0X2hhc2giOiJQRjV6VDV6WGViUVFjb0dtR0RESjJRIiwiaWF0IjoxNzQwMTk4MTI1LCJleHAiOjE3NDAyMDE3MjV9.B9Vmm3XwoVMtvTkOTkG3OX83shKuaFHIaV2aXaPaK0eWg1BuVRIHMBQ5fci8lLSduPUxf4iv8UCIFrQA4VmPofKtTcClzWK-ypLkfL0sQ2Z7YD-m5LbHa8stlDGmiVeK0PQC8DK9Eyk3LLN5CXmBR-PlU8VWOa6Jgd4jdvuCETcQniRsEmjDXosvMEEq-fXUhajuPc_qKLZeOvjOYh6-S03TUjKjP5n5oqNfS44d5YYEycD8-3340afWgy70J4Sh5ZIymZMuhObML1BialUPiw3Y0Pd7NtIcRA4IZG9il4Ui1qFrqE-duk-GIMTzpDNiGVKn0fHt86vQS_jfC-Eh_g",
    "token_expiry": "2025-02-22T05:22:04Z"
  },
  "sentinels": {
    "config_sentinel": "/home/ubuntu/.config/gcloud/config_sentinel"
  }
}
2025-02-22 13:51:37,868 INFO     ___FILE_ONLY___ 

2025-02-22 13:51:37,868 DEBUG    root            SDK update checks are disabled.
