2025-02-22 13:53:01,817 DEBUG    root            Loaded Command Group: ['gcloud', 'compute']
2025-02-22 13:53:01,819 DEBUG    root            Loaded Command Group: ['gcloud', 'compute', 'addresses']
2025-02-22 13:53:01,827 DEBUG    root            Loaded Command Group: ['gcloud', 'compute', 'addresses', 'list']
2025-02-22 13:53:01,829 DEBUG    root            Running [gcloud.compute.addresses.list] with arguments: [--global: "True"]
2025-02-22 13:53:01,922 DEBUG    root            Chosen display Format:        table(
          name,
          address_range():label=ADDRESS/RANGE,
          address_type:label=TYPE,
          purpose,
          network.basename(),
          region.basename(),
          subnetwork.basename():label=SUBNET,
          status
        )
2025-02-22 13:53:01,922 INFO     root            Display format: "        table(
          name,
          address_range():label=ADDRESS/RANGE,
          address_type:label=TYPE,
          purpose,
          network.basename(),
          region.basename(),
          subnetwork.basename():label=SUBNET,
          status
        )"
2025-02-22 13:53:01,924 DEBUG    urllib3.connectionpool Starting new HTTPS connection (1): compute.googleapis.com:443
2025-02-22 13:53:02,475 DEBUG    urllib3.connectionpool https://compute.googleapis.com:443 "GET /compute/v1/projects/peppy-arcadia-432311-g5/global/addresses?alt=json&maxResults=500 HTTP/1.1" 200 None
2025-02-22 13:53:02,500 INFO     root            cache collection=compute.addresses api_version=v1 params=['project', 'region', 'address']
2025-02-22 13:53:02,500 INFO     root            cache collection=compute.globalAddresses api_version=v1 params=['project', 'address']
2025-02-22 13:53:02,519 INFO     ___FILE_ONLY___ NAME
2025-02-22 13:53:02,520 INFO     ___FILE_ONLY___                        
2025-02-22 13:53:02,520 INFO     ___FILE_ONLY___ ADDRESS/RANGE
2025-02-22 13:53:02,520 INFO     ___FILE_ONLY___    
2025-02-22 13:53:02,520 INFO     ___FILE_ONLY___ TYPE
2025-02-22 13:53:02,520 INFO     ___FILE_ONLY___       
2025-02-22 13:53:02,520 INFO     ___FILE_ONLY___ PURPOSE
2025-02-22 13:53:02,520 INFO     ___FILE_ONLY___       
2025-02-22 13:53:02,520 INFO     ___FILE_ONLY___ NETWORK
2025-02-22 13:53:02,520 INFO     ___FILE_ONLY___      
2025-02-22 13:53:02,520 INFO     ___FILE_ONLY___ REGION
2025-02-22 13:53:02,520 INFO     ___FILE_ONLY___   
2025-02-22 13:53:02,520 INFO     ___FILE_ONLY___ SUBNET
2025-02-22 13:53:02,520 INFO     ___FILE_ONLY___   
2025-02-22 13:53:02,520 INFO     ___FILE_ONLY___ STATUS
2025-02-22 13:53:02,520 INFO     ___FILE_ONLY___ 

2025-02-22 13:53:02,520 INFO     ___FILE_ONLY___ cloudsql-private-ip-range
2025-02-22 13:53:02,520 INFO     ___FILE_ONLY___   
2025-02-22 13:53:02,520 INFO     ___FILE_ONLY___ 10.200.0.0/16
2025-02-22 13:53:02,520 INFO     ___FILE_ONLY___    
2025-02-22 13:53:02,520 INFO     ___FILE_ONLY___ INTERNAL
2025-02-22 13:53:02,520 INFO     ___FILE_ONLY___   
2025-02-22 13:53:02,520 INFO     ___FILE_ONLY___ VPC_PEERING
2025-02-22 13:53:02,520 INFO     ___FILE_ONLY___   
2025-02-22 13:53:02,520 INFO     ___FILE_ONLY___ gcp-dr-vpc
2025-02-22 13:53:02,520 INFO     ___FILE_ONLY___                   
2025-02-22 13:53:02,520 INFO     ___FILE_ONLY___ RESERVED
2025-02-22 13:53:02,520 INFO     ___FILE_ONLY___ 

2025-02-22 13:53:02,520 INFO     ___FILE_ONLY___ my-ingress-ip
2025-02-22 13:53:02,520 INFO     ___FILE_ONLY___               
2025-02-22 13:53:02,520 INFO     ___FILE_ONLY___ 34.160.195.229
2025-02-22 13:53:02,520 INFO     ___FILE_ONLY___   
2025-02-22 13:53:02,520 INFO     ___FILE_ONLY___ EXTERNAL
2025-02-22 13:53:02,520 INFO     ___FILE_ONLY___                                            
2025-02-22 13:53:02,520 INFO     ___FILE_ONLY___ IN_USE
2025-02-22 13:53:02,520 INFO     ___FILE_ONLY___ 

2025-02-22 13:53:02,520 DEBUG    root            SDK update checks are disabled.
