2025-02-22 14:44:20,309 DEBUG    root            Loaded Command Group: ['gcloud', 'compute']
2025-02-22 14:44:20,310 DEBUG    root            Loaded Command Group: ['gcloud', 'compute', 'target_http_proxies']
2025-02-22 14:44:20,324 DEBUG    root            Loaded Command Group: ['gcloud', 'compute', 'target-http-proxies', 'create']
2025-02-22 14:44:20,325 DEBUG    root            Running [gcloud.compute.target-http-proxies.create] with arguments: [--url-map: "lb-http-to-https", NAME: "lb-http-proxy"]
2025-02-22 14:44:20,410 DEBUG    urllib3.connectionpool Starting new HTTPS connection (1): compute.googleapis.com:443
2025-02-22 14:44:20,998 DEBUG    urllib3.connectionpool https://compute.googleapis.com:443 "POST /compute/v1/projects/peppy-arcadia-432311-g5/global/targetHttpProxies?alt=json HTTP/1.1" 409 None
2025-02-22 14:44:21,001 DEBUG    root            Chosen display Format:list[title="Could not fetch resource:",always-display-title]
2025-02-22 14:44:21,001 DEBUG    root            (gcloud.compute.target-http-proxies.create) Could not fetch resource:
 - The resource 'projects/peppy-arcadia-432311-g5/global/targetHttpProxies/lb-http-proxy' already exists
Traceback (most recent call last):
  File "/usr/bin/../lib/google-cloud-sdk/lib/googlecloudsdk/calliope/cli.py", line 998, in Execute
    resources = calliope_command.Run(cli=self, args=args)
                ^^^^^^^^^^^^^^^^^^^^^^^^^^^^^^^^^^^^^^^^^
  File "/usr/bin/../lib/google-cloud-sdk/lib/googlecloudsdk/calliope/backend.py", line 934, in Run
    resources = command_instance.Run(args)
                ^^^^^^^^^^^^^^^^^^^^^^^^^^
  File "/usr/bin/../lib/google-cloud-sdk/lib/surface/compute/target_http_proxies/create.py", line 140, in Run
    return _Run(
           ^^^^^
  File "/usr/bin/../lib/google-cloud-sdk/lib/surface/compute/target_http_proxies/create.py", line 110, in _Run
    return client.MakeRequests([(collection, 'Insert', request)])
           ^^^^^^^^^^^^^^^^^^^^^^^^^^^^^^^^^^^^^^^^^^^^^^^^^^^^^^
  File "/usr/bin/../lib/google-cloud-sdk/lib/googlecloudsdk/api_lib/compute/client_adapter.py", line 145, in MakeRequests
    utils.RaiseToolException(
  File "/usr/bin/../lib/google-cloud-sdk/lib/googlecloudsdk/api_lib/compute/utils.py", line 139, in RaiseToolException
    RaiseException(problems, calliope_exceptions.ToolException, error_message)
  File "/usr/bin/../lib/google-cloud-sdk/lib/googlecloudsdk/api_lib/compute/utils.py", line 148, in RaiseException
    raise exception(
googlecloudsdk.calliope.exceptions.ToolException: Could not fetch resource:
 - The resource 'projects/peppy-arcadia-432311-g5/global/targetHttpProxies/lb-http-proxy' already exists

2025-02-22 14:44:21,012 ERROR    root            (gcloud.compute.target-http-proxies.create) Could not fetch resource:
 - The resource 'projects/peppy-arcadia-432311-g5/global/targetHttpProxies/lb-http-proxy' already exists

