2025-02-22 14:42:28,247 DEBUG    root            Loaded Command Group: ['gcloud', 'compute']
2025-02-22 14:42:28,249 DEBUG    root            Loaded Command Group: ['gcloud', 'compute', 'forwarding_rules']
2025-02-22 14:42:28,258 DEBUG    root            Loaded Command Group: ['gcloud', 'compute', 'target_ssl_proxies']
2025-02-22 14:42:28,261 DEBUG    root            Loaded Command Group: ['gcloud', 'compute', 'instance_groups']
2025-02-22 14:42:28,264 DEBUG    root            Loaded Command Group: ['gcloud', 'compute', 'operations']
2025-02-22 14:42:28,265 DEBUG    root            Loaded Command Group: ['gcloud', 'compute', 'os_login']
2025-02-22 14:42:28,294 DEBUG    root            Loaded Command Group: ['gcloud', 'compute', 'start_iap_tunnel']
2025-02-22 14:42:28,295 DEBUG    root            Loaded Command Group: ['gcloud', 'compute', 'machine_types']
2025-02-22 14:42:28,297 DEBUG    root            Loaded Command Group: ['gcloud', 'compute', 'https_health_checks']
2025-02-22 14:42:28,299 DEBUG    root            No implementation for release track [GA] for element: [/usr/bin/../lib/google-cloud-sdk/lib/surface/compute/org_security_policies]
2025-02-22 14:42:28,299 DEBUG    root            Loaded Command Group: ['gcloud', 'compute', 'storage_pools']
2025-02-22 14:42:28,301 DEBUG    root            Loaded Command Group: ['gcloud', 'compute', 'disks']
2025-02-22 14:42:28,304 DEBUG    root            Loaded Command Group: ['gcloud', 'compute', 'scp']
2025-02-22 14:42:28,305 DEBUG    root            Loaded Command Group: ['gcloud', 'compute', 'http_health_checks']
2025-02-22 14:42:28,306 DEBUG    root            Loaded Command Group: ['gcloud', 'compute', 'project_info']
2025-02-22 14:42:28,308 DEBUG    root            No implementation for release track [GA] for element: [/usr/bin/../lib/google-cloud-sdk/lib/surface/compute/future_reservations]
2025-02-22 14:42:28,308 DEBUG    root            Loaded Command Group: ['gcloud', 'compute', 'target_grpc_proxies']
2025-02-22 14:42:28,310 DEBUG    root            Loaded Command Group: ['gcloud', 'compute', 'public_advertised_prefixes']
2025-02-22 14:42:28,312 DEBUG    root            Loaded Command Group: ['gcloud', 'compute', 'target_vpn_gateways']
2025-02-22 14:42:28,313 DEBUG    root            Loaded Command Group: ['gcloud', 'compute', 'network_profiles']
2025-02-22 14:42:28,315 DEBUG    root            Loaded Command Group: ['gcloud', 'compute', 'public_delegated_prefixes']
2025-02-22 14:42:28,316 DEBUG    root            Loaded Command Group: ['gcloud', 'compute', 'routes']
2025-02-22 14:42:28,317 DEBUG    root            Loaded Command Group: ['gcloud', 'compute', 'external_vpn_gateways']
2025-02-22 14:42:28,318 DEBUG    root            Loaded Command Group: ['gcloud', 'compute', 'networks']
2025-02-22 14:42:28,319 DEBUG    root            Loaded Command Group: ['gcloud', 'compute', 'network_attachments']
2025-02-22 14:42:28,320 DEBUG    root            Loaded Command Group: ['gcloud', 'compute', 'resource_policies']
2025-02-22 14:42:28,322 DEBUG    root            Loaded Command Group: ['gcloud', 'compute', 'disk_types']
2025-02-22 14:42:28,324 DEBUG    root            Loaded Command Group: ['gcloud', 'compute', 'config_ssh']
2025-02-22 14:42:28,326 DEBUG    root            No implementation for release track [GA] for element: [/usr/bin/../lib/google-cloud-sdk/lib/surface/compute/instance_settings]
2025-02-22 14:42:28,326 DEBUG    root            Loaded Command Group: ['gcloud', 'compute', 'project_zonal_metadata']
2025-02-22 14:42:28,327 DEBUG    root            Loaded Command Group: ['gcloud', 'compute', 'routers']
2025-02-22 14:42:28,329 DEBUG    root            Loaded Command Group: ['gcloud', 'compute', 'addresses']
2025-02-22 14:42:28,329 DEBUG    root            Loaded Command Group: ['gcloud', 'compute', 'target_http_proxies']
2025-02-22 14:42:28,330 DEBUG    root            Loaded Command Group: ['gcloud', 'compute', 'firewall_rules']
2025-02-22 14:42:28,331 DEBUG    root            Loaded Command Group: ['gcloud', 'compute', 'tpus']
2025-02-22 14:42:28,334 DEBUG    root            Loaded Command Group: ['gcloud', 'compute', 'snapshots']
2025-02-22 14:42:28,336 DEBUG    root            Loaded Command Group: ['gcloud', 'compute', 'network_edge_security_services']
2025-02-22 14:42:28,337 DEBUG    root            Loaded Command Group: ['gcloud', 'compute', 'images']
2025-02-22 14:42:28,338 DEBUG    root            Loaded Command Group: ['gcloud', 'compute', 'snapshot_settings']
2025-02-22 14:42:28,339 DEBUG    root            Loaded Command Group: ['gcloud', 'compute', 'instance_templates']
2025-02-22 14:42:28,355 DEBUG    root            Loaded Command Group: ['gcloud', 'compute', 'ssh']
2025-02-22 14:42:28,357 DEBUG    root            Loaded Command Group: ['gcloud', 'compute', 'target_tcp_proxies']
2025-02-22 14:42:28,359 DEBUG    root            Loaded Command Group: ['gcloud', 'compute', 'commitments']
2025-02-22 14:42:28,360 DEBUG    root            Loaded Command Group: ['gcloud', 'compute', 'sole_tenancy']
2025-02-22 14:42:28,403 DEBUG    root            Loaded Command Group: ['gcloud', 'compute', 'connect_to_serial_port']
2025-02-22 14:42:28,404 DEBUG    root            Loaded Command Group: ['gcloud', 'compute', 'shared_vpc']
2025-02-22 14:42:28,406 DEBUG    root            Loaded Command Group: ['gcloud', 'compute', 'sign_url']
2025-02-22 14:42:28,407 DEBUG    root            Loaded Command Group: ['gcloud', 'compute', 'machine_images']
2025-02-22 14:42:28,408 DEBUG    root            Loaded Command Group: ['gcloud', 'compute', 'target_pools']
2025-02-22 14:42:28,410 DEBUG    root            Loaded Command Group: ['gcloud', 'compute', 'interconnects']
2025-02-22 14:42:28,412 DEBUG    root            Loaded Command Group: ['gcloud', 'compute', 'zones']
2025-02-22 14:42:28,413 DEBUG    root            Loaded Command Group: ['gcloud', 'compute', 'target_instances']
2025-02-22 14:42:28,415 DEBUG    root            Loaded Command Group: ['gcloud', 'compute', 'health_checks']
2025-02-22 14:42:28,417 DEBUG    root            Loaded Command Group: ['gcloud', 'compute', 'reset_windows_password']
2025-02-22 14:42:28,418 DEBUG    root            Loaded Command Group: ['gcloud', 'compute', 'diagnose']
2025-02-22 14:42:28,419 DEBUG    root            Loaded Command Group: ['gcloud', 'compute', 'security_policies']
2025-02-22 14:42:28,420 DEBUG    root            Loaded Command Group: ['gcloud', 'compute', 'vpn_gateways']
2025-02-22 14:42:28,422 DEBUG    root            Loaded Command Group: ['gcloud', 'compute', 'instant_snapshots']
2025-02-22 14:42:28,423 DEBUG    root            Loaded Command Group: ['gcloud', 'compute', 'vpn_tunnels']
2025-02-22 14:42:28,424 DEBUG    root            Loaded Command Group: ['gcloud', 'compute', 'backend_buckets']
2025-02-22 14:42:28,425 DEBUG    root            Loaded Command Group: ['gcloud', 'compute', 'network_endpoint_groups']
2025-02-22 14:42:28,427 DEBUG    root            Loaded Command Group: ['gcloud', 'compute', 'target_https_proxies']
2025-02-22 14:42:28,427 DEBUG    root            Loaded Command Group: ['gcloud', 'compute', 'url_maps']
2025-02-22 14:42:28,428 DEBUG    root            Loaded Command Group: ['gcloud', 'compute', 'os_config']
2025-02-22 14:42:28,431 DEBUG    root            Loaded Command Group: ['gcloud', 'compute', 'firewall_policies']
2025-02-22 14:42:28,433 DEBUG    root            Loaded Command Group: ['gcloud', 'compute', 'reservations']
2025-02-22 14:42:28,435 DEBUG    root            Loaded Command Group: ['gcloud', 'compute', 'storage_pool_types']
2025-02-22 14:42:28,436 DEBUG    root            No implementation for release track [GA] for element: [/usr/bin/../lib/google-cloud-sdk/lib/surface/compute/disk_settings]
2025-02-22 14:42:28,436 DEBUG    root            Loaded Command Group: ['gcloud', 'compute', 'network_firewall_policies']
2025-02-22 14:42:28,438 DEBUG    root            No implementation for release track [GA] for element: [/usr/bin/../lib/google-cloud-sdk/lib/surface/compute/queued_resources]
2025-02-22 14:42:28,438 DEBUG    root            Loaded Command Group: ['gcloud', 'compute', 'copy_files']
2025-02-22 14:42:28,440 DEBUG    root            Loaded Command Group: ['gcloud', 'compute', 'accelerator_types']
2025-02-22 14:42:28,442 DEBUG    root            Loaded Command Group: ['gcloud', 'compute', 'regions']
2025-02-22 14:42:28,443 DEBUG    root            Loaded Command Group: ['gcloud', 'compute', 'service_attachments']
2025-02-22 14:42:28,444 DEBUG    root            Loaded Command Group: ['gcloud', 'compute', 'ssl_certificates']
2025-02-22 14:42:28,445 DEBUG    root            Loaded Command Group: ['gcloud', 'compute', 'instances']
2025-02-22 14:42:28,447 DEBUG    root            Loaded Command Group: ['gcloud', 'compute', 'packet_mirrorings']
2025-02-22 14:42:28,449 DEBUG    root            Loaded Command Group: ['gcloud', 'compute', 'ssl_policies']
2025-02-22 14:42:28,450 DEBUG    root            Loaded Command Group: ['gcloud', 'compute', 'backend_services']
2025-02-22 14:42:28,451 DEBUG    root            Loaded Command Group: ['gcloud', 'alpha', 'compute']
2025-02-22 14:42:28,452 DEBUG    root            Loaded Command Group: ['gcloud', 'beta', 'compute']
2025-02-22 14:42:28,453 DEBUG    root            No implementation for release track [PREVIEW] for element: [/usr/bin/../lib/google-cloud-sdk/lib/surface/compute]
2025-02-22 14:42:28,453 ERROR    root            (gcloud.compute) Invalid choice: 'global-forwarding-rules'.
