2025-02-22 14:43:03,754 DEBUG    root            Loaded Command Group: ['gcloud', 'compute']
2025-02-22 14:43:03,756 DEBUG    root            Loaded Command Group: ['gcloud', 'compute', 'forwarding_rules']
2025-02-22 14:43:03,763 DEBUG    root            Loaded Command Group: ['gcloud', 'compute', 'forwarding-rules', 'create']
2025-02-22 14:43:03,765 DEBUG    root            Running [gcloud.compute.forwarding-rules.create] with arguments: [--global: "True", --ports: "<googlecloudsdk.command_lib.compute.forwarding_rules.flags.PortRangesWithAll object at 0x7f65705eab10>", --target-http-proxy: "http-redirect-proxy", NAME: "lb-http-forwarding-rule"]
2025-02-22 14:43:03,874 DEBUG    urllib3.connectionpool Starting new HTTPS connection (1): compute.googleapis.com:443
2025-02-22 14:43:04,451 DEBUG    urllib3.connectionpool https://compute.googleapis.com:443 "POST /compute/v1/projects/peppy-arcadia-432311-g5/global/forwardingRules?alt=json HTTP/1.1" 409 None
2025-02-22 14:43:04,455 DEBUG    root            Chosen display Format:list[title="Could not fetch resource:",always-display-title]
2025-02-22 14:43:04,455 DEBUG    root            (gcloud.compute.forwarding-rules.create) Could not fetch resource:
 - The resource 'projects/peppy-arcadia-432311-g5/global/forwardingRules/lb-http-forwarding-rule' already exists
Traceback (most recent call last):
  File "/usr/bin/../lib/google-cloud-sdk/lib/googlecloudsdk/calliope/cli.py", line 998, in Execute
    resources = calliope_command.Run(cli=self, args=args)
                ^^^^^^^^^^^^^^^^^^^^^^^^^^^^^^^^^^^^^^^^^
  File "/usr/bin/../lib/google-cloud-sdk/lib/googlecloudsdk/calliope/backend.py", line 934, in Run
    resources = command_instance.Run(args)
                ^^^^^^^^^^^^^^^^^^^^^^^^^^
  File "/usr/bin/../lib/google-cloud-sdk/lib/surface/compute/forwarding_rules/create.py", line 555, in Run
    ).Run(args)
      ^^^^^^^^^
  File "/usr/bin/../lib/google-cloud-sdk/lib/surface/compute/forwarding_rules/create.py", line 119, in Run
    return client.MakeRequests(requests)
           ^^^^^^^^^^^^^^^^^^^^^^^^^^^^^
  File "/usr/bin/../lib/google-cloud-sdk/lib/googlecloudsdk/api_lib/compute/client_adapter.py", line 145, in MakeRequests
    utils.RaiseToolException(
  File "/usr/bin/../lib/google-cloud-sdk/lib/googlecloudsdk/api_lib/compute/utils.py", line 139, in RaiseToolException
    RaiseException(problems, calliope_exceptions.ToolException, error_message)
  File "/usr/bin/../lib/google-cloud-sdk/lib/googlecloudsdk/api_lib/compute/utils.py", line 148, in RaiseException
    raise exception(
googlecloudsdk.calliope.exceptions.ToolException: Could not fetch resource:
 - The resource 'projects/peppy-arcadia-432311-g5/global/forwardingRules/lb-http-forwarding-rule' already exists

2025-02-22 14:43:04,467 ERROR    root            (gcloud.compute.forwarding-rules.create) Could not fetch resource:
 - The resource 'projects/peppy-arcadia-432311-g5/global/forwardingRules/lb-http-forwarding-rule' already exists

