2025-02-22 16:10:37,095 DEBUG    root            Loaded Command Group: ['gcloud', 'compute']
2025-02-22 16:10:37,098 DEBUG    root            Loaded Command Group: ['gcloud', 'compute', 'target_http_proxies']
2025-02-22 16:10:37,114 DEBUG    root            Loaded Command Group: ['gcloud', 'compute', 'target-http-proxies', 'describe']
2025-02-22 16:10:37,117 DEBUG    root            Running [gcloud.compute.target-http-proxies.describe] with arguments: [NAME: "lb-http-forwarding-rule"]
2025-02-22 16:10:37,303 DEBUG    urllib3.connectionpool Starting new HTTPS connection (1): compute.googleapis.com:443
2025-02-22 16:10:37,875 DEBUG    urllib3.connectionpool https://compute.googleapis.com:443 "GET /compute/v1/projects/peppy-arcadia-432311-g5/global/targetHttpProxies/lb-http-forwarding-rule?alt=json HTTP/1.1" 404 None
2025-02-22 16:10:37,880 DEBUG    root            Chosen display Format:list[title="Could not fetch resource:",always-display-title]
2025-02-22 16:10:37,881 DEBUG    root            (gcloud.compute.target-http-proxies.describe) Could not fetch resource:
 - The resource 'projects/peppy-arcadia-432311-g5/global/targetHttpProxies/lb-http-forwarding-rule' was not found
Traceback (most recent call last):
  File "/usr/bin/../lib/google-cloud-sdk/lib/googlecloudsdk/calliope/cli.py", line 998, in Execute
    resources = calliope_command.Run(cli=self, args=args)
                ^^^^^^^^^^^^^^^^^^^^^^^^^^^^^^^^^^^^^^^^^
  File "/usr/bin/../lib/google-cloud-sdk/lib/googlecloudsdk/calliope/backend.py", line 934, in Run
    resources = command_instance.Run(args)
                ^^^^^^^^^^^^^^^^^^^^^^^^^^
  File "/usr/bin/../lib/google-cloud-sdk/lib/surface/compute/target_http_proxies/describe.py", line 87, in Run
    return _Run(holder, target_http_proxy_ref)
           ^^^^^^^^^^^^^^^^^^^^^^^^^^^^^^^^^^^
  File "/usr/bin/../lib/google-cloud-sdk/lib/surface/compute/target_http_proxies/describe.py", line 64, in _Run
    return client.MakeRequests([(collection, 'Get', request)])[0]
           ^^^^^^^^^^^^^^^^^^^^^^^^^^^^^^^^^^^^^^^^^^^^^^^^^^^
  File "/usr/bin/../lib/google-cloud-sdk/lib/googlecloudsdk/api_lib/compute/client_adapter.py", line 145, in MakeRequests
    utils.RaiseToolException(
  File "/usr/bin/../lib/google-cloud-sdk/lib/googlecloudsdk/api_lib/compute/utils.py", line 139, in RaiseToolException
    RaiseException(problems, calliope_exceptions.ToolException, error_message)
  File "/usr/bin/../lib/google-cloud-sdk/lib/googlecloudsdk/api_lib/compute/utils.py", line 148, in RaiseException
    raise exception(
googlecloudsdk.calliope.exceptions.ToolException: Could not fetch resource:
 - The resource 'projects/peppy-arcadia-432311-g5/global/targetHttpProxies/lb-http-forwarding-rule' was not found

2025-02-22 16:10:37,888 ERROR    root            (gcloud.compute.target-http-proxies.describe) Could not fetch resource:
 - The resource 'projects/peppy-arcadia-432311-g5/global/targetHttpProxies/lb-http-forwarding-rule' was not found

