2025-02-22 17:03:46,223 DEBUG    root            Loaded Command Group: ['gcloud', 'config']
2025-02-22 17:03:46,224 DEBUG    root            Loaded Command Group: ['gcloud', 'config', 'config_helper']
2025-02-22 17:03:46,226 DEBUG    root            Running [gcloud.config.config-helper] with arguments: [--format: "json"]
2025-02-22 17:03:46,249 DEBUG    root            Chosen display Format:default json
2025-02-22 17:03:46,250 INFO     root            Display format: "default json"
2025-02-22 17:03:46,264 INFO     ___FILE_ONLY___ {
  "configuration": {
    "active_configuration": "default",
    "properties": {
      "core": {
        "account": "1201ljhun@gmail.com",
        "disable_usage_reporting": "True",
        "project": "peppy-arcadia-432311-g5"
      }
    }
  },
  "credential": {
    "access_token": "ya29.a0AXeO80S7wdPL2PMmeRdchTtegurnKG33ZT_B5Nas1JTXsOouH0JaJmOlewQ9us4vMuNWL0WQP7uyp7GMgGjFNeqhLTOnK3y4KcYxcZvgnhIlkYeCPENP2tg5f0qYCs0dfyTkxF8lkuXTXx-ElvdP_nh9XXhrEGyUeTSWgcF9pmiYfpMvaCgYKAasSARISFQHGX2Mi3M8LkQA1LQxG8fOqqmGK4Q0183",
    "id_token": "eyJhbGciOiJSUzI1NiIsImtpZCI6Ijc2M2Y3YzRjZDI2YTFlYjJiMWIzOWE4OGY0NDM0ZDFmNGQ5YTM2OGIiLCJ0eXAiOiJKV1QifQ.eyJpc3MiOiJodHRwczovL2FjY291bnRzLmdvb2dsZS5jb20iLCJhenAiOiIzMjU1NTk0MDU1OS5hcHBzLmdvb2dsZXVzZXJjb250ZW50LmNvbSIsImF1ZCI6IjMyNTU1OTQwNTU5LmFwcHMuZ29vZ2xldXNlcmNvbnRlbnQuY29tIiwic3ViIjoiMTA1MDk2MzU3NDMwMjQzNjQxMTQxIiwiZW1haWwiOiIxMjAxbGpodW5AZ21haWwuY29tIiwiZW1haWxfdmVyaWZpZWQiOnRydWUsImF0X2hhc2giOiJqQWpWVzRKbzB3WDk1aVVxU1dUT3NBIiwiaWF0IjoxNzQwMjEwNTgyLCJleHAiOjE3NDAyMTQxODJ9.ek4mRMlcJ9fWL_n2lbgrAi42xiysIbKvyI-yNmi0fniIhMXXRyvQiuBSRtOG60B5Jsr2y6MycNXXKQXkhjG85WKRCIz1gz8qMr4jdL47fqP2wbiwlhgMorryChCDcmTEYZVgHEIg5JcEDNvLaGBQz1MOApX07NdvMObe-ENjyDblRyfBFNiG62jiz3pVl2g1qhaz783BsheJRCG09Gwie-SiEepU6ubicI7iWNuFwTzpyNfq3gMWnqrrTSlu7WLiQYskTAidsU_33d4sWheGCddDDiJxL-VRwR2ZgjpeS5Ce8ULNgOa5ZnQlxgA1fzhwHyxgBBhouriN__aVgNXqZw",
    "token_expiry": "2025-02-22T08:49:41Z"
  },
  "sentinels": {
    "config_sentinel": "/home/ubuntu/.config/gcloud/config_sentinel"
  }
}
2025-02-22 17:03:46,264 INFO     ___FILE_ONLY___ 

2025-02-22 17:03:46,264 DEBUG    root            SDK update checks are disabled.
