2025-02-22 17:21:59,588 DEBUG    root            Loaded Command Group: ['gcloud', 'compute']
2025-02-22 17:21:59,592 DEBUG    root            Loaded Command Group: ['gcloud', 'compute', 'ssl_certificates']
2025-02-22 17:21:59,606 DEBUG    root            Loaded Command Group: ['gcloud', 'compute', 'ssl-certificates', 'describe']
2025-02-22 17:21:59,614 DEBUG    root            Running [gcloud.compute.ssl-certificates.describe] with arguments: [NAME: "lb-managed-cert"]
2025-02-22 17:21:59,857 DEBUG    urllib3.connectionpool Starting new HTTPS connection (1): compute.googleapis.com:443
2025-02-22 17:22:00,427 DEBUG    urllib3.connectionpool https://compute.googleapis.com:443 "GET /compute/v1/projects/peppy-arcadia-432311-g5/global/sslCertificates/lb-managed-cert?alt=json HTTP/1.1" 200 None
2025-02-22 17:22:00,431 DEBUG    root            Chosen display Format:default
2025-02-22 17:22:00,432 INFO     root            Display format: "default"
2025-02-22 17:22:00,453 INFO     ___FILE_ONLY___ creationTimestamp
2025-02-22 17:22:00,453 INFO     ___FILE_ONLY___ :
2025-02-22 17:22:00,453 INFO     ___FILE_ONLY___  '
2025-02-22 17:22:00,453 INFO     ___FILE_ONLY___ 2025-02-21T23:48:06.110-08:00
2025-02-22 17:22:00,453 INFO     ___FILE_ONLY___ '
2025-02-22 17:22:00,453 INFO     ___FILE_ONLY___ 

2025-02-22 17:22:00,454 INFO     ___FILE_ONLY___ id
2025-02-22 17:22:00,454 INFO     ___FILE_ONLY___ :
2025-02-22 17:22:00,454 INFO     ___FILE_ONLY___  '
2025-02-22 17:22:00,454 INFO     ___FILE_ONLY___ 2576575395353870297
2025-02-22 17:22:00,454 INFO     ___FILE_ONLY___ '
2025-02-22 17:22:00,454 INFO     ___FILE_ONLY___ 

2025-02-22 17:22:00,454 INFO     ___FILE_ONLY___ kind
2025-02-22 17:22:00,454 INFO     ___FILE_ONLY___ :
2025-02-22 17:22:00,455 INFO     ___FILE_ONLY___  
2025-02-22 17:22:00,455 INFO     ___FILE_ONLY___ compute#sslCertificate
2025-02-22 17:22:00,455 INFO     ___FILE_ONLY___ 

2025-02-22 17:22:00,455 INFO     ___FILE_ONLY___ managed
2025-02-22 17:22:00,455 INFO     ___FILE_ONLY___ :
2025-02-22 17:22:00,455 INFO     ___FILE_ONLY___ 

2025-02-22 17:22:00,455 INFO     ___FILE_ONLY___   
2025-02-22 17:22:00,455 INFO     ___FILE_ONLY___ domainStatus
2025-02-22 17:22:00,455 INFO     ___FILE_ONLY___ :
2025-02-22 17:22:00,456 INFO     ___FILE_ONLY___ 

2025-02-22 17:22:00,456 INFO     ___FILE_ONLY___     
2025-02-22 17:22:00,456 INFO     ___FILE_ONLY___ ljhun.shop
2025-02-22 17:22:00,456 INFO     ___FILE_ONLY___ :
2025-02-22 17:22:00,456 INFO     ___FILE_ONLY___  
2025-02-22 17:22:00,456 INFO     ___FILE_ONLY___ ACTIVE
2025-02-22 17:22:00,456 INFO     ___FILE_ONLY___ 

2025-02-22 17:22:00,456 INFO     ___FILE_ONLY___     
2025-02-22 17:22:00,456 INFO     ___FILE_ONLY___ www.ljhun.shop
2025-02-22 17:22:00,456 INFO     ___FILE_ONLY___ :
2025-02-22 17:22:00,456 INFO     ___FILE_ONLY___  
2025-02-22 17:22:00,456 INFO     ___FILE_ONLY___ ACTIVE
2025-02-22 17:22:00,456 INFO     ___FILE_ONLY___ 

2025-02-22 17:22:00,457 INFO     ___FILE_ONLY___   
2025-02-22 17:22:00,457 INFO     ___FILE_ONLY___ domains
2025-02-22 17:22:00,457 INFO     ___FILE_ONLY___ :
2025-02-22 17:22:00,457 INFO     ___FILE_ONLY___ 

2025-02-22 17:22:00,457 INFO     ___FILE_ONLY___   
2025-02-22 17:22:00,457 INFO     ___FILE_ONLY___ -
2025-02-22 17:22:00,457 INFO     ___FILE_ONLY___  
2025-02-22 17:22:00,457 INFO     ___FILE_ONLY___ ljhun.shop
2025-02-22 17:22:00,457 INFO     ___FILE_ONLY___ 

2025-02-22 17:22:00,457 INFO     ___FILE_ONLY___   
2025-02-22 17:22:00,457 INFO     ___FILE_ONLY___ -
2025-02-22 17:22:00,457 INFO     ___FILE_ONLY___  
2025-02-22 17:22:00,458 INFO     ___FILE_ONLY___ www.ljhun.shop
2025-02-22 17:22:00,458 INFO     ___FILE_ONLY___ 

2025-02-22 17:22:00,458 INFO     ___FILE_ONLY___   
2025-02-22 17:22:00,458 INFO     ___FILE_ONLY___ status
2025-02-22 17:22:00,458 INFO     ___FILE_ONLY___ :
2025-02-22 17:22:00,458 INFO     ___FILE_ONLY___  
2025-02-22 17:22:00,458 INFO     ___FILE_ONLY___ PROVISIONING
2025-02-22 17:22:00,458 INFO     ___FILE_ONLY___ 

2025-02-22 17:22:00,458 INFO     ___FILE_ONLY___ name
2025-02-22 17:22:00,459 INFO     ___FILE_ONLY___ :
2025-02-22 17:22:00,459 INFO     ___FILE_ONLY___  
2025-02-22 17:22:00,459 INFO     ___FILE_ONLY___ lb-managed-cert
2025-02-22 17:22:00,459 INFO     ___FILE_ONLY___ 

2025-02-22 17:22:00,459 INFO     ___FILE_ONLY___ selfLink
2025-02-22 17:22:00,459 INFO     ___FILE_ONLY___ :
2025-02-22 17:22:00,459 INFO     ___FILE_ONLY___  
2025-02-22 17:22:00,459 INFO     ___FILE_ONLY___ https://www.googleapis.com/compute/v1/projects/peppy-arcadia-432311-g5/global/sslCertificates/lb-managed-cert
2025-02-22 17:22:00,459 INFO     ___FILE_ONLY___ 

2025-02-22 17:22:00,460 INFO     ___FILE_ONLY___ type
2025-02-22 17:22:00,460 INFO     ___FILE_ONLY___ :
2025-02-22 17:22:00,460 INFO     ___FILE_ONLY___  
2025-02-22 17:22:00,460 INFO     ___FILE_ONLY___ MANAGED
2025-02-22 17:22:00,468 INFO     ___FILE_ONLY___ 

2025-02-22 17:22:00,469 DEBUG    root            SDK update checks are disabled.
