2025-02-22 17:57:34,892 DEBUG    root            Loaded Command Group: ['gcloud', 'compute']
2025-02-22 17:57:34,895 DEBUG    root            Loaded Command Group: ['gcloud', 'compute', 'target_https_proxies']
2025-02-22 17:57:34,903 DEBUG    root            Loaded Command Group: ['gcloud', 'compute', 'target-https-proxies', 'describe']
2025-02-22 17:57:34,906 DEBUG    root            Running [gcloud.compute.target-https-proxies.describe] with arguments: [NAME: "lb-https-proxy"]
2025-02-22 17:57:35,047 DEBUG    urllib3.connectionpool Starting new HTTPS connection (1): compute.googleapis.com:443
2025-02-22 17:57:35,663 DEBUG    urllib3.connectionpool https://compute.googleapis.com:443 "GET /compute/v1/projects/peppy-arcadia-432311-g5/global/targetHttpsProxies/lb-https-proxy?alt=json HTTP/1.1" 200 None
2025-02-22 17:57:35,667 DEBUG    root            Chosen display Format:default
2025-02-22 17:57:35,668 INFO     root            Display format: "default"
2025-02-22 17:57:35,686 INFO     ___FILE_ONLY___ creationTimestamp
2025-02-22 17:57:35,686 INFO     ___FILE_ONLY___ :
2025-02-22 17:57:35,686 INFO     ___FILE_ONLY___  '
2025-02-22 17:57:35,687 INFO     ___FILE_ONLY___ 2025-02-21T23:51:56.541-08:00
2025-02-22 17:57:35,687 INFO     ___FILE_ONLY___ '
2025-02-22 17:57:35,687 INFO     ___FILE_ONLY___ 

2025-02-22 17:57:35,687 INFO     ___FILE_ONLY___ fingerprint
2025-02-22 17:57:35,687 INFO     ___FILE_ONLY___ :
2025-02-22 17:57:35,687 INFO     ___FILE_ONLY___  
2025-02-22 17:57:35,687 INFO     ___FILE_ONLY___ 0wdF5sxfaZc=
2025-02-22 17:57:35,687 INFO     ___FILE_ONLY___ 

2025-02-22 17:57:35,687 INFO     ___FILE_ONLY___ id
2025-02-22 17:57:35,687 INFO     ___FILE_ONLY___ :
2025-02-22 17:57:35,687 INFO     ___FILE_ONLY___  '
2025-02-22 17:57:35,687 INFO     ___FILE_ONLY___ 7031102727855029491
2025-02-22 17:57:35,687 INFO     ___FILE_ONLY___ '
2025-02-22 17:57:35,687 INFO     ___FILE_ONLY___ 

2025-02-22 17:57:35,687 INFO     ___FILE_ONLY___ kind
2025-02-22 17:57:35,687 INFO     ___FILE_ONLY___ :
2025-02-22 17:57:35,687 INFO     ___FILE_ONLY___  
2025-02-22 17:57:35,687 INFO     ___FILE_ONLY___ compute#targetHttpsProxy
2025-02-22 17:57:35,688 INFO     ___FILE_ONLY___ 

2025-02-22 17:57:35,688 INFO     ___FILE_ONLY___ name
2025-02-22 17:57:35,688 INFO     ___FILE_ONLY___ :
2025-02-22 17:57:35,688 INFO     ___FILE_ONLY___  
2025-02-22 17:57:35,688 INFO     ___FILE_ONLY___ lb-https-proxy
2025-02-22 17:57:35,688 INFO     ___FILE_ONLY___ 

2025-02-22 17:57:35,688 INFO     ___FILE_ONLY___ quicOverride
2025-02-22 17:57:35,688 INFO     ___FILE_ONLY___ :
2025-02-22 17:57:35,688 INFO     ___FILE_ONLY___  
2025-02-22 17:57:35,688 INFO     ___FILE_ONLY___ NONE
2025-02-22 17:57:35,688 INFO     ___FILE_ONLY___ 

2025-02-22 17:57:35,688 INFO     ___FILE_ONLY___ selfLink
2025-02-22 17:57:35,688 INFO     ___FILE_ONLY___ :
2025-02-22 17:57:35,688 INFO     ___FILE_ONLY___  
2025-02-22 17:57:35,688 INFO     ___FILE_ONLY___ https://www.googleapis.com/compute/v1/projects/peppy-arcadia-432311-g5/global/targetHttpsProxies/lb-https-proxy
2025-02-22 17:57:35,688 INFO     ___FILE_ONLY___ 

2025-02-22 17:57:35,688 INFO     ___FILE_ONLY___ sslCertificates
2025-02-22 17:57:35,689 INFO     ___FILE_ONLY___ :
2025-02-22 17:57:35,689 INFO     ___FILE_ONLY___ 

2025-02-22 17:57:35,689 INFO     ___FILE_ONLY___ -
2025-02-22 17:57:35,689 INFO     ___FILE_ONLY___  
2025-02-22 17:57:35,689 INFO     ___FILE_ONLY___ https://www.googleapis.com/compute/v1/projects/peppy-arcadia-432311-g5/global/sslCertificates/lb-managed-cert
2025-02-22 17:57:35,689 INFO     ___FILE_ONLY___ 

2025-02-22 17:57:35,689 INFO     ___FILE_ONLY___ tlsEarlyData
2025-02-22 17:57:35,689 INFO     ___FILE_ONLY___ :
2025-02-22 17:57:35,689 INFO     ___FILE_ONLY___  
2025-02-22 17:57:35,689 INFO     ___FILE_ONLY___ DISABLED
2025-02-22 17:57:35,689 INFO     ___FILE_ONLY___ 

2025-02-22 17:57:35,689 INFO     ___FILE_ONLY___ urlMap
2025-02-22 17:57:35,689 INFO     ___FILE_ONLY___ :
2025-02-22 17:57:35,689 INFO     ___FILE_ONLY___  
2025-02-22 17:57:35,689 INFO     ___FILE_ONLY___ https://www.googleapis.com/compute/v1/projects/peppy-arcadia-432311-g5/global/urlMaps/lb-url-map
2025-02-22 17:57:35,689 INFO     ___FILE_ONLY___ 

2025-02-22 17:57:35,690 DEBUG    root            SDK update checks are disabled.
