2025-02-22 19:23:54,288 DEBUG    root            Loaded Command Group: ['gcloud', 'compute']
2025-02-22 19:23:54,292 DEBUG    root            Loaded Command Group: ['gcloud', 'compute', 'ssl_certificates']
2025-02-22 19:23:54,307 DEBUG    root            Loaded Command Group: ['gcloud', 'compute', 'ssl-certificates', 'describe']
2025-02-22 19:23:54,310 DEBUG    root            Running [gcloud.compute.ssl-certificates.describe] with arguments: [NAME: "lb-managed-cert"]
2025-02-22 19:23:54,423 DEBUG    google.auth.transport.requests Making request: POST https://oauth2.googleapis.com/token
2025-02-22 19:23:54,425 DEBUG    urllib3.connectionpool Starting new HTTPS connection (1): oauth2.googleapis.com:443
2025-02-22 19:23:54,799 DEBUG    urllib3.connectionpool https://oauth2.googleapis.com:443 "POST /token HTTP/1.1" 200 None
2025-02-22 19:23:55,046 DEBUG    urllib3.connectionpool Starting new HTTPS connection (1): compute.googleapis.com:443
2025-02-22 19:23:55,647 DEBUG    urllib3.connectionpool https://compute.googleapis.com:443 "GET /compute/v1/projects/peppy-arcadia-432311-g5/global/sslCertificates/lb-managed-cert?alt=json HTTP/1.1" 200 None
2025-02-22 19:23:55,652 DEBUG    root            Chosen display Format:default
2025-02-22 19:23:55,653 INFO     root            Display format: "default"
2025-02-22 19:23:55,686 INFO     ___FILE_ONLY___ certificate
2025-02-22 19:23:55,686 INFO     ___FILE_ONLY___ :
2025-02-22 19:23:55,691 INFO     ___FILE_ONLY___  |
2025-02-22 19:23:55,691 INFO     ___FILE_ONLY___ 

2025-02-22 19:23:55,691 INFO     ___FILE_ONLY___   
2025-02-22 19:23:55,691 INFO     ___FILE_ONLY___ -----BEGIN CERTIFICATE-----
2025-02-22 19:23:55,691 INFO     ___FILE_ONLY___ 

2025-02-22 19:23:55,692 INFO     ___FILE_ONLY___   
2025-02-22 19:23:55,692 INFO     ___FILE_ONLY___ MIIFMDCCBBigAwIBAgIRALzUZSsFXVbrEIJLRTOM66YwDQYJKoZIhvcNAQELBQAw
2025-02-22 19:23:55,692 INFO     ___FILE_ONLY___ 

2025-02-22 19:23:55,692 INFO     ___FILE_ONLY___   
2025-02-22 19:23:55,692 INFO     ___FILE_ONLY___ OzELMAkGA1UEBhMCVVMxHjAcBgNVBAoTFUdvb2dsZSBUcnVzdCBTZXJ2aWNlczEM
2025-02-22 19:23:55,692 INFO     ___FILE_ONLY___ 

2025-02-22 19:23:55,692 INFO     ___FILE_ONLY___   
2025-02-22 19:23:55,693 INFO     ___FILE_ONLY___ MAoGA1UEAxMDV1IzMB4XDTI1MDIyMjA3MjY0MVoXDTI1MDUyMzA4MjAxNFowFTET
2025-02-22 19:23:55,693 INFO     ___FILE_ONLY___ 

2025-02-22 19:23:55,693 INFO     ___FILE_ONLY___   
2025-02-22 19:23:55,693 INFO     ___FILE_ONLY___ MBEGA1UEAxMKbGpodW4uc2hvcDCCASIwDQYJKoZIhvcNAQEBBQADggEPADCCAQoC
2025-02-22 19:23:55,693 INFO     ___FILE_ONLY___ 

2025-02-22 19:23:55,693 INFO     ___FILE_ONLY___   
2025-02-22 19:23:55,693 INFO     ___FILE_ONLY___ ggEBAMEkpAqJCEpxszDTMvU0mw7QkSXYKPrmC3Wt7w97aRwNHANV5BY7tdTMkrkS
2025-02-22 19:23:55,693 INFO     ___FILE_ONLY___ 

2025-02-22 19:23:55,693 INFO     ___FILE_ONLY___   
2025-02-22 19:23:55,694 INFO     ___FILE_ONLY___ jx6OU8D9ZHGK6Gb9w2sms5MpHPlkZsMiGFBXOlz340wfOFpfIzjq/rf7oUTYa6Nb
2025-02-22 19:23:55,694 INFO     ___FILE_ONLY___ 

2025-02-22 19:23:55,694 INFO     ___FILE_ONLY___   
2025-02-22 19:23:55,694 INFO     ___FILE_ONLY___ 9syqaW2eGrkhKOA6CwpDXr06higLnE7KUvv/ZgSorbNW5pESNNqYMdG8mTRBxrel
2025-02-22 19:23:55,694 INFO     ___FILE_ONLY___ 

2025-02-22 19:23:55,694 INFO     ___FILE_ONLY___   
2025-02-22 19:23:55,694 INFO     ___FILE_ONLY___ YEa85ID/FcyuZdvltRQ0b9bCHxFupeosu6Ol0b0y50aeDMTbBHxL8EG21gLKol1e
2025-02-22 19:23:55,694 INFO     ___FILE_ONLY___ 

2025-02-22 19:23:55,694 INFO     ___FILE_ONLY___   
2025-02-22 19:23:55,695 INFO     ___FILE_ONLY___ L3iEcSRsL/pDI4otQ8JGWtgvohmzavAromHuPc4i5pfTeEjFqNRVgatir8xoePf2
2025-02-22 19:23:55,695 INFO     ___FILE_ONLY___ 

2025-02-22 19:23:55,695 INFO     ___FILE_ONLY___   
2025-02-22 19:23:55,695 INFO     ___FILE_ONLY___ 3EcqpFvFH3Qx6qDLGka5lbjFMCMCAwEAAaOCAlMwggJPMA4GA1UdDwEB/wQEAwIF
2025-02-22 19:23:55,695 INFO     ___FILE_ONLY___ 

2025-02-22 19:23:55,695 INFO     ___FILE_ONLY___   
2025-02-22 19:23:55,695 INFO     ___FILE_ONLY___ oDATBgNVHSUEDDAKBggrBgEFBQcDATAMBgNVHRMBAf8EAjAAMB0GA1UdDgQWBBQ2
2025-02-22 19:23:55,695 INFO     ___FILE_ONLY___ 

2025-02-22 19:23:55,695 INFO     ___FILE_ONLY___   
2025-02-22 19:23:55,695 INFO     ___FILE_ONLY___ 6m0EL8CKuOk8/30ZDQqK6mtQMjAfBgNVHSMEGDAWgBTHgfX9jojZADxNY6JQMSSg
2025-02-22 19:23:55,696 INFO     ___FILE_ONLY___ 

2025-02-22 19:23:55,696 INFO     ___FILE_ONLY___   
2025-02-22 19:23:55,696 INFO     ___FILE_ONLY___ ziP+IzBeBggrBgEFBQcBAQRSMFAwJwYIKwYBBQUHMAGGG2h0dHA6Ly9vLnBraS5n
2025-02-22 19:23:55,696 INFO     ___FILE_ONLY___ 

2025-02-22 19:23:55,696 INFO     ___FILE_ONLY___   
2025-02-22 19:23:55,696 INFO     ___FILE_ONLY___ b29nL3Mvd3IzL3ZOUTAlBggrBgEFBQcwAoYZaHR0cDovL2kucGtpLmdvb2cvd3Iz
2025-02-22 19:23:55,696 INFO     ___FILE_ONLY___ 

2025-02-22 19:23:55,696 INFO     ___FILE_ONLY___   
2025-02-22 19:23:55,696 INFO     ___FILE_ONLY___ LmNydDAlBgNVHREEHjAcggpsamh1bi5zaG9wgg53d3cubGpodW4uc2hvcDATBgNV
2025-02-22 19:23:55,696 INFO     ___FILE_ONLY___ 

2025-02-22 19:23:55,697 INFO     ___FILE_ONLY___   
2025-02-22 19:23:55,697 INFO     ___FILE_ONLY___ HSAEDDAKMAgGBmeBDAECATA2BgNVHR8ELzAtMCugKaAnhiVodHRwOi8vYy5wa2ku
2025-02-22 19:23:55,697 INFO     ___FILE_ONLY___ 

2025-02-22 19:23:55,697 INFO     ___FILE_ONLY___   
2025-02-22 19:23:55,697 INFO     ___FILE_ONLY___ Z29vZy93cjMvaVB4cXVaYnh6N3cuY3JsMIIBBAYKKwYBBAHWeQIEAgSB9QSB8gDw
2025-02-22 19:23:55,697 INFO     ___FILE_ONLY___ 

2025-02-22 19:23:55,697 INFO     ___FILE_ONLY___   
2025-02-22 19:23:55,698 INFO     ___FILE_ONLY___ AHUAzxFW7tUufK/zh1vZaS6b6RpxZ0qwF+ysAdJbd87MOwgAAAGVLMQRSgAABAMA
2025-02-22 19:23:55,698 INFO     ___FILE_ONLY___ 

2025-02-22 19:23:55,698 INFO     ___FILE_ONLY___   
2025-02-22 19:23:55,698 INFO     ___FILE_ONLY___ RjBEAiAu7oGW3KBciXtEjAd4EnVbv7TIWqs8t8cuQGBqnwnzVgIgViMXt+CgdQVG
2025-02-22 19:23:55,698 INFO     ___FILE_ONLY___ 

2025-02-22 19:23:55,698 INFO     ___FILE_ONLY___   
2025-02-22 19:23:55,698 INFO     ___FILE_ONLY___ gZO3sukDXOyIS+TXZgN0K3MERjxbpr8AdwDM+w9qhXEJZf6Vm1PO6bJ8IumFXA2X
2025-02-22 19:23:55,698 INFO     ___FILE_ONLY___ 

2025-02-22 19:23:55,698 INFO     ___FILE_ONLY___   
2025-02-22 19:23:55,698 INFO     ___FILE_ONLY___ jbapflTA/kwNsAAAAZUsxBFPAAAEAwBIMEYCIQCb0Jy4CF4+rgrPBG1u8BEFKWkT
2025-02-22 19:23:55,698 INFO     ___FILE_ONLY___ 

2025-02-22 19:23:55,700 INFO     ___FILE_ONLY___   
2025-02-22 19:23:55,700 INFO     ___FILE_ONLY___ Zj86ZUREpr8mqsv/CQIhAKTQ5jlzQ3Hqie9fg3NdUec1XNNkeQB0UNk44o20VEA0
2025-02-22 19:23:55,701 INFO     ___FILE_ONLY___ 

2025-02-22 19:23:55,701 INFO     ___FILE_ONLY___   
2025-02-22 19:23:55,701 INFO     ___FILE_ONLY___ MA0GCSqGSIb3DQEBCwUAA4IBAQAO4L/YSBWnFfFzPEdo3X2P4TmapoG4VVZhwmw+
2025-02-22 19:23:55,701 INFO     ___FILE_ONLY___ 

2025-02-22 19:23:55,701 INFO     ___FILE_ONLY___   
2025-02-22 19:23:55,701 INFO     ___FILE_ONLY___ 78iprD27rCX/oVr+a08cPmr9zyIf6GNsgcHfti+LV6PXVuL3ewBQJcIEQUR9wpKh
2025-02-22 19:23:55,701 INFO     ___FILE_ONLY___ 

2025-02-22 19:23:55,701 INFO     ___FILE_ONLY___   
2025-02-22 19:23:55,701 INFO     ___FILE_ONLY___ AMOM9trE/9Ro4s+RccoX41LW8jw93HRIC+dBWy69ung6FMRowCRc32WppECgZyJ2
2025-02-22 19:23:55,701 INFO     ___FILE_ONLY___ 

2025-02-22 19:23:55,701 INFO     ___FILE_ONLY___   
2025-02-22 19:23:55,701 INFO     ___FILE_ONLY___ MFDmyxPiWC2VOoFhYpg2efDxnVBf7Jj7fiHKfewPMWvm5jlDVniXfKx20q7jvujG
2025-02-22 19:23:55,701 INFO     ___FILE_ONLY___ 

2025-02-22 19:23:55,701 INFO     ___FILE_ONLY___   
2025-02-22 19:23:55,701 INFO     ___FILE_ONLY___ zKszv1EOZaE5cnpu4p/C1sgw3aY4Y/VdCEj1xerZF+nShGEnEUmHEYI4fWvrGmQB
2025-02-22 19:23:55,701 INFO     ___FILE_ONLY___ 

2025-02-22 19:23:55,701 INFO     ___FILE_ONLY___   
2025-02-22 19:23:55,702 INFO     ___FILE_ONLY___ 3xu23vveoGnVdn15Fegd2aiPueXBJueVk6wn99f/LVmxnmpm
2025-02-22 19:23:55,702 INFO     ___FILE_ONLY___ 

2025-02-22 19:23:55,702 INFO     ___FILE_ONLY___   
2025-02-22 19:23:55,702 INFO     ___FILE_ONLY___ -----END CERTIFICATE-----
2025-02-22 19:23:55,702 INFO     ___FILE_ONLY___ 

2025-02-22 19:23:55,702 INFO     ___FILE_ONLY___   
2025-02-22 19:23:55,702 INFO     ___FILE_ONLY___ -----BEGIN CERTIFICATE-----
2025-02-22 19:23:55,702 INFO     ___FILE_ONLY___ 

2025-02-22 19:23:55,702 INFO     ___FILE_ONLY___   
2025-02-22 19:23:55,702 INFO     ___FILE_ONLY___ MIIFCzCCAvOgAwIBAgIQf/AFqRVo1jq8IoYWhKpLWjANBgkqhkiG9w0BAQsFADBH
2025-02-22 19:23:55,702 INFO     ___FILE_ONLY___ 

2025-02-22 19:23:55,702 INFO     ___FILE_ONLY___   
2025-02-22 19:23:55,702 INFO     ___FILE_ONLY___ MQswCQYDVQQGEwJVUzEiMCAGA1UEChMZR29vZ2xlIFRydXN0IFNlcnZpY2VzIExM
2025-02-22 19:23:55,702 INFO     ___FILE_ONLY___ 

2025-02-22 19:23:55,702 INFO     ___FILE_ONLY___   
2025-02-22 19:23:55,702 INFO     ___FILE_ONLY___ QzEUMBIGA1UEAxMLR1RTIFJvb3QgUjEwHhcNMjMxMjEzMDkwMDAwWhcNMjkwMjIw
2025-02-22 19:23:55,702 INFO     ___FILE_ONLY___ 

2025-02-22 19:23:55,703 INFO     ___FILE_ONLY___   
2025-02-22 19:23:55,703 INFO     ___FILE_ONLY___ MTQwMDAwWjA7MQswCQYDVQQGEwJVUzEeMBwGA1UEChMVR29vZ2xlIFRydXN0IFNl
2025-02-22 19:23:55,703 INFO     ___FILE_ONLY___ 

2025-02-22 19:23:55,703 INFO     ___FILE_ONLY___   
2025-02-22 19:23:55,703 INFO     ___FILE_ONLY___ cnZpY2VzMQwwCgYDVQQDEwNXUjMwggEiMA0GCSqGSIb3DQEBAQUAA4IBDwAwggEK
2025-02-22 19:23:55,703 INFO     ___FILE_ONLY___ 

2025-02-22 19:23:55,703 INFO     ___FILE_ONLY___   
2025-02-22 19:23:55,703 INFO     ___FILE_ONLY___ AoIBAQCPNHWHr4RyFI0HEJFvA6zx1Ag1mhnymxiJNGyYj3rU3eoF6N4bfIxUErp5
2025-02-22 19:23:55,703 INFO     ___FILE_ONLY___ 

2025-02-22 19:23:55,703 INFO     ___FILE_ONLY___   
2025-02-22 19:23:55,703 INFO     ___FILE_ONLY___ ivsYDQ18nPO9OOSoXsYzy0aJb0ag6TdjjdzM1ZdOMq17HSMFufV7SUOY0LxXx1N4
2025-02-22 19:23:55,703 INFO     ___FILE_ONLY___ 

2025-02-22 19:23:55,703 INFO     ___FILE_ONLY___   
2025-02-22 19:23:55,704 INFO     ___FILE_ONLY___ GLHtp1SyfIa+8FRFvIe6mVkd9LjbAPuBT0YrYl6xOqUqFyOsor7FjuVe/XEefaS0
2025-02-22 19:23:55,704 INFO     ___FILE_ONLY___ 

2025-02-22 19:23:55,704 INFO     ___FILE_ONLY___   
2025-02-22 19:23:55,704 INFO     ___FILE_ONLY___ I30EUrI00t+ZrIfGTFlf+OZPjnWSwrIwRpLQtg3H5Iln/z9UlCdl4wHISiyEL2Vf
2025-02-22 19:23:55,704 INFO     ___FILE_ONLY___ 

2025-02-22 19:23:55,704 INFO     ___FILE_ONLY___   
2025-02-22 19:23:55,705 INFO     ___FILE_ONLY___ za1c/aatQVvcTD8XlpF9qdg8Uyoc0ObUd+ZDSsK3+Eiiza1jtSVrlnIdgUVvhmnE
2025-02-22 19:23:55,705 INFO     ___FILE_ONLY___ 

2025-02-22 19:23:55,705 INFO     ___FILE_ONLY___   
2025-02-22 19:23:55,705 INFO     ___FILE_ONLY___ 5OZ4TDHmoX+nAXMKh++HiXLM08WNAgMBAAGjgf4wgfswDgYDVR0PAQH/BAQDAgGG
2025-02-22 19:23:55,705 INFO     ___FILE_ONLY___ 

2025-02-22 19:23:55,705 INFO     ___FILE_ONLY___   
2025-02-22 19:23:55,705 INFO     ___FILE_ONLY___ MB0GA1UdJQQWMBQGCCsGAQUFBwMBBggrBgEFBQcDAjASBgNVHRMBAf8ECDAGAQH/
2025-02-22 19:23:55,705 INFO     ___FILE_ONLY___ 

2025-02-22 19:23:55,705 INFO     ___FILE_ONLY___   
2025-02-22 19:23:55,705 INFO     ___FILE_ONLY___ AgEAMB0GA1UdDgQWBBTHgfX9jojZADxNY6JQMSSgziP+IzAfBgNVHSMEGDAWgBTk
2025-02-22 19:23:55,705 INFO     ___FILE_ONLY___ 

2025-02-22 19:23:55,705 INFO     ___FILE_ONLY___   
2025-02-22 19:23:55,705 INFO     ___FILE_ONLY___ rysmcRorSCeFL1JmLO/wiRNxPjA0BggrBgEFBQcBAQQoMCYwJAYIKwYBBQUHMAKG
2025-02-22 19:23:55,705 INFO     ___FILE_ONLY___ 

2025-02-22 19:23:55,705 INFO     ___FILE_ONLY___   
2025-02-22 19:23:55,706 INFO     ___FILE_ONLY___ GGh0dHA6Ly9pLnBraS5nb29nL3IxLmNydDArBgNVHR8EJDAiMCCgHqAchhpodHRw
2025-02-22 19:23:55,706 INFO     ___FILE_ONLY___ 

2025-02-22 19:23:55,706 INFO     ___FILE_ONLY___   
2025-02-22 19:23:55,706 INFO     ___FILE_ONLY___ Oi8vYy5wa2kuZ29vZy9yL3IxLmNybDATBgNVHSAEDDAKMAgGBmeBDAECATANBgkq
2025-02-22 19:23:55,706 INFO     ___FILE_ONLY___ 

2025-02-22 19:23:55,706 INFO     ___FILE_ONLY___   
2025-02-22 19:23:55,706 INFO     ___FILE_ONLY___ hkiG9w0BAQsFAAOCAgEAnI1DlJQzSKcWbyXXrJSsgKMo6KG74TMqhsuTg67a0FX0
2025-02-22 19:23:55,706 INFO     ___FILE_ONLY___ 

2025-02-22 19:23:55,706 INFO     ___FILE_ONLY___   
2025-02-22 19:23:55,706 INFO     ___FILE_ONLY___ 2752+eiJb5YsOJc8DVOHalwpOvbuPdl5BuAEgIK4Va7l9j3J9M1/EjeWjGTM3Ros
2025-02-22 19:23:55,706 INFO     ___FILE_ONLY___ 

2025-02-22 19:23:55,707 INFO     ___FILE_ONLY___   
2025-02-22 19:23:55,707 INFO     ___FILE_ONLY___ zmBJGu82oz6EWi5q75xeF+onJmh2Hm98a/yJAI/mODXq5LofYcQ9AffKP9ZMZu+Y
2025-02-22 19:23:55,707 INFO     ___FILE_ONLY___ 

2025-02-22 19:23:55,707 INFO     ___FILE_ONLY___   
2025-02-22 19:23:55,707 INFO     ___FILE_ONLY___ wW+/qHqyX2JhaOntvl7i8S+l1Y8CcKEqM1NFK4s4EBYPRFjZDawOHX7fSchbSMVP
2025-02-22 19:23:55,707 INFO     ___FILE_ONLY___ 

2025-02-22 19:23:55,707 INFO     ___FILE_ONLY___   
2025-02-22 19:23:55,707 INFO     ___FILE_ONLY___ n5Nu04lrU6xufuZqRosEQw2o0UAyzDoyA52NXzJTWr1G2FVg/0A9hdrQ/6fe9G31
2025-02-22 19:23:55,707 INFO     ___FILE_ONLY___ 

2025-02-22 19:23:55,707 INFO     ___FILE_ONLY___   
2025-02-22 19:23:55,707 INFO     ___FILE_ONLY___ 67zKxNqXErs6MpHttEouGbpm2ftzrmcvruYxTfxc4G2GwBi3LFLozNpy042gDfXB
2025-02-22 19:23:55,707 INFO     ___FILE_ONLY___ 

2025-02-22 19:23:55,707 INFO     ___FILE_ONLY___   
2025-02-22 19:23:55,707 INFO     ___FILE_ONLY___ zDyn1staWsy7+QnzMlR59Fz6jBOk5R4LT+ma0+KjnfRhMh5T2ucm69HkvNQtDZlV
2025-02-22 19:23:55,707 INFO     ___FILE_ONLY___ 

2025-02-22 19:23:55,707 INFO     ___FILE_ONLY___   
2025-02-22 19:23:55,708 INFO     ___FILE_ONLY___ a1tLUlzs0zLEdQSehTCjZ6SYsGt2bMVK6dvtxzcyCP0QDUFnNXCwgw12+mGSkAuj
2025-02-22 19:23:55,708 INFO     ___FILE_ONLY___ 

2025-02-22 19:23:55,708 INFO     ___FILE_ONLY___   
2025-02-22 19:23:55,708 INFO     ___FILE_ONLY___ 4ORi8kMRpnL8UEjkNbdw9KL1eYbEC3D0GPue2Yk2AGhxkmcdm1BoOp05kYw/Nnqg
2025-02-22 19:23:55,708 INFO     ___FILE_ONLY___ 

2025-02-22 19:23:55,708 INFO     ___FILE_ONLY___   
2025-02-22 19:23:55,710 INFO     ___FILE_ONLY___ h7QV8DKyBTUHbjH0pXlLiOsSOY+CLh1eTM+Do6rSjqGnDQeUXylZmPCmuveaw38I
2025-02-22 19:23:55,711 INFO     ___FILE_ONLY___ 

2025-02-22 19:23:55,711 INFO     ___FILE_ONLY___   
2025-02-22 19:23:55,712 INFO     ___FILE_ONLY___ VnBaa6Eiz6pngZ1u6OeO/1UzfhmyTm0n0G+9JZ3KS2Mq08isNgXHLnhlHJaphpE=
2025-02-22 19:23:55,712 INFO     ___FILE_ONLY___ 

2025-02-22 19:23:55,712 INFO     ___FILE_ONLY___   
2025-02-22 19:23:55,712 INFO     ___FILE_ONLY___ -----END CERTIFICATE-----
2025-02-22 19:23:55,712 INFO     ___FILE_ONLY___ 

2025-02-22 19:23:55,712 INFO     ___FILE_ONLY___   
2025-02-22 19:23:55,712 INFO     ___FILE_ONLY___ -----BEGIN CERTIFICATE-----
2025-02-22 19:23:55,712 INFO     ___FILE_ONLY___ 

2025-02-22 19:23:55,712 INFO     ___FILE_ONLY___   
2025-02-22 19:23:55,712 INFO     ___FILE_ONLY___ MIIFYjCCBEqgAwIBAgIQd70NbNs2+RrqIQ/E8FjTDTANBgkqhkiG9w0BAQsFADBX
2025-02-22 19:23:55,712 INFO     ___FILE_ONLY___ 

2025-02-22 19:23:55,712 INFO     ___FILE_ONLY___   
2025-02-22 19:23:55,712 INFO     ___FILE_ONLY___ MQswCQYDVQQGEwJCRTEZMBcGA1UEChMQR2xvYmFsU2lnbiBudi1zYTEQMA4GA1UE
2025-02-22 19:23:55,712 INFO     ___FILE_ONLY___ 

2025-02-22 19:23:55,712 INFO     ___FILE_ONLY___   
2025-02-22 19:23:55,713 INFO     ___FILE_ONLY___ CxMHUm9vdCBDQTEbMBkGA1UEAxMSR2xvYmFsU2lnbiBSb290IENBMB4XDTIwMDYx
2025-02-22 19:23:55,713 INFO     ___FILE_ONLY___ 

2025-02-22 19:23:55,713 INFO     ___FILE_ONLY___   
2025-02-22 19:23:55,713 INFO     ___FILE_ONLY___ OTAwMDA0MloXDTI4MDEyODAwMDA0MlowRzELMAkGA1UEBhMCVVMxIjAgBgNVBAoT
2025-02-22 19:23:55,713 INFO     ___FILE_ONLY___ 

2025-02-22 19:23:55,713 INFO     ___FILE_ONLY___   
2025-02-22 19:23:55,713 INFO     ___FILE_ONLY___ GUdvb2dsZSBUcnVzdCBTZXJ2aWNlcyBMTEMxFDASBgNVBAMTC0dUUyBSb290IFIx
2025-02-22 19:23:55,713 INFO     ___FILE_ONLY___ 

2025-02-22 19:23:55,714 INFO     ___FILE_ONLY___   
2025-02-22 19:23:55,714 INFO     ___FILE_ONLY___ MIICIjANBgkqhkiG9w0BAQEFAAOCAg8AMIICCgKCAgEAthECix7joXebO9y/lD63
2025-02-22 19:23:55,714 INFO     ___FILE_ONLY___ 

2025-02-22 19:23:55,715 INFO     ___FILE_ONLY___   
2025-02-22 19:23:55,715 INFO     ___FILE_ONLY___ ladAPKH9gvl9MgaCcfb2jH/76Nu8ai6Xl6OMS/kr9rH5zoQdsfnFl97vufKj6bwS
2025-02-22 19:23:55,715 INFO     ___FILE_ONLY___ 

2025-02-22 19:23:55,715 INFO     ___FILE_ONLY___   
2025-02-22 19:23:55,715 INFO     ___FILE_ONLY___ iV6nqlKr+CMny6SxnGPb15l+8Ape62im9MZaRw1NEDPjTrETo8gYbEvs/AmQ351k
2025-02-22 19:23:55,716 INFO     ___FILE_ONLY___ 

2025-02-22 19:23:55,716 INFO     ___FILE_ONLY___   
2025-02-22 19:23:55,716 INFO     ___FILE_ONLY___ KSUjB6G00j0uYODP0gmHu81I8E3CwnqIiru6z1kZ1q+PsAewnjHxgsHA3y6mbWwZ
2025-02-22 19:23:55,716 INFO     ___FILE_ONLY___ 

2025-02-22 19:23:55,716 INFO     ___FILE_ONLY___   
2025-02-22 19:23:55,716 INFO     ___FILE_ONLY___ DrXYfiYaRQM9sHmklCitD38m5agI/pboPGiUU+6DOogrFZYJsuB6jC511pzrp1Zk
2025-02-22 19:23:55,716 INFO     ___FILE_ONLY___ 

2025-02-22 19:23:55,716 INFO     ___FILE_ONLY___   
2025-02-22 19:23:55,716 INFO     ___FILE_ONLY___ j5ZPaK49l8KEj8C8QMALXL32h7M1bKwYUH+E4EzNktMg6TO8UpmvMrUpsyUqtEj5
2025-02-22 19:23:55,716 INFO     ___FILE_ONLY___ 

2025-02-22 19:23:55,716 INFO     ___FILE_ONLY___   
2025-02-22 19:23:55,716 INFO     ___FILE_ONLY___ cuHKZPfmghCN6J3Cioj6OGaK/GP5Afl4/Xtcd/p2h/rs37EOeZVXtL0m79YB0esW
2025-02-22 19:23:55,716 INFO     ___FILE_ONLY___ 

2025-02-22 19:23:55,716 INFO     ___FILE_ONLY___   
2025-02-22 19:23:55,717 INFO     ___FILE_ONLY___ CruOC7XFxYpVq9Os6pFLKcwZpDIlTirxZUTQAs6qzkm06p98g7BAe+dDq6dso499
2025-02-22 19:23:55,717 INFO     ___FILE_ONLY___ 

2025-02-22 19:23:55,717 INFO     ___FILE_ONLY___   
2025-02-22 19:23:55,717 INFO     ___FILE_ONLY___ iYH6TKX/1Y7DzkvgtdizjkXPdsDtQCv9Uw+wp9U7DbGKogPeMa3Md+pvez7W35Ei
2025-02-22 19:23:55,717 INFO     ___FILE_ONLY___ 

2025-02-22 19:23:55,717 INFO     ___FILE_ONLY___   
2025-02-22 19:23:55,717 INFO     ___FILE_ONLY___ Eua++tgy/BBjFFFy3l3WFpO9KWgz7zpm7AeKJt8T11dleCfeXkkUAKIAf5qoIbap
2025-02-22 19:23:55,717 INFO     ___FILE_ONLY___ 

2025-02-22 19:23:55,717 INFO     ___FILE_ONLY___   
2025-02-22 19:23:55,717 INFO     ___FILE_ONLY___ sZWwpbkNFhHax2xIPEDgfg1azVY80ZcFuctL7TlLnMQ/0lUTbiSw1nH69MG6zO0b
2025-02-22 19:23:55,717 INFO     ___FILE_ONLY___ 

2025-02-22 19:23:55,717 INFO     ___FILE_ONLY___   
2025-02-22 19:23:55,718 INFO     ___FILE_ONLY___ 9f6BQdgAmD06yK56mDcYBZUCAwEAAaOCATgwggE0MA4GA1UdDwEB/wQEAwIBhjAP
2025-02-22 19:23:55,718 INFO     ___FILE_ONLY___ 

2025-02-22 19:23:55,718 INFO     ___FILE_ONLY___   
2025-02-22 19:23:55,718 INFO     ___FILE_ONLY___ BgNVHRMBAf8EBTADAQH/MB0GA1UdDgQWBBTkrysmcRorSCeFL1JmLO/wiRNxPjAf
2025-02-22 19:23:55,718 INFO     ___FILE_ONLY___ 

2025-02-22 19:23:55,718 INFO     ___FILE_ONLY___   
2025-02-22 19:23:55,718 INFO     ___FILE_ONLY___ BgNVHSMEGDAWgBRge2YaRQ2XyolQL30EzTSo//z9SzBgBggrBgEFBQcBAQRUMFIw
2025-02-22 19:23:55,718 INFO     ___FILE_ONLY___ 

2025-02-22 19:23:55,718 INFO     ___FILE_ONLY___   
2025-02-22 19:23:55,718 INFO     ___FILE_ONLY___ JQYIKwYBBQUHMAGGGWh0dHA6Ly9vY3NwLnBraS5nb29nL2dzcjEwKQYIKwYBBQUH
2025-02-22 19:23:55,718 INFO     ___FILE_ONLY___ 

2025-02-22 19:23:55,718 INFO     ___FILE_ONLY___   
2025-02-22 19:23:55,718 INFO     ___FILE_ONLY___ MAKGHWh0dHA6Ly9wa2kuZ29vZy9nc3IxL2dzcjEuY3J0MDIGA1UdHwQrMCkwJ6Al
2025-02-22 19:23:55,718 INFO     ___FILE_ONLY___ 

2025-02-22 19:23:55,718 INFO     ___FILE_ONLY___   
2025-02-22 19:23:55,718 INFO     ___FILE_ONLY___ oCOGIWh0dHA6Ly9jcmwucGtpLmdvb2cvZ3NyMS9nc3IxLmNybDA7BgNVHSAENDAy
2025-02-22 19:23:55,718 INFO     ___FILE_ONLY___ 

2025-02-22 19:23:55,719 INFO     ___FILE_ONLY___   
2025-02-22 19:23:55,719 INFO     ___FILE_ONLY___ MAgGBmeBDAECATAIBgZngQwBAgIwDQYLKwYBBAHWeQIFAwIwDQYLKwYBBAHWeQIF
2025-02-22 19:23:55,719 INFO     ___FILE_ONLY___ 

2025-02-22 19:23:55,719 INFO     ___FILE_ONLY___   
2025-02-22 19:23:55,719 INFO     ___FILE_ONLY___ AwMwDQYJKoZIhvcNAQELBQADggEBADSkHrEoo9C0dhemMXoh6dFSPsjbdBZBiLg9
2025-02-22 19:23:55,719 INFO     ___FILE_ONLY___ 

2025-02-22 19:23:55,719 INFO     ___FILE_ONLY___   
2025-02-22 19:23:55,719 INFO     ___FILE_ONLY___ NR3t5P+T4Vxfq7vqfM/b5A3Ri1fyJm9bvhdGaJQ3b2t6yMAYN/olUazsaL+yyEn9
2025-02-22 19:23:55,719 INFO     ___FILE_ONLY___ 

2025-02-22 19:23:55,719 INFO     ___FILE_ONLY___   
2025-02-22 19:23:55,719 INFO     ___FILE_ONLY___ WprKASOshIArAoyZl+tJaox118fessmXn1hIVw41oeQa1v1vg4Fv74zPl6/AhSrw
2025-02-22 19:23:55,719 INFO     ___FILE_ONLY___ 

2025-02-22 19:23:55,719 INFO     ___FILE_ONLY___   
2025-02-22 19:23:55,719 INFO     ___FILE_ONLY___ 9U5pCZEt4Wi4wStz6dTZ/CLANx8LZh1J7QJVj2fhMtfTJr9w4z30Z209fOU0iOMy
2025-02-22 19:23:55,719 INFO     ___FILE_ONLY___ 

2025-02-22 19:23:55,719 INFO     ___FILE_ONLY___   
2025-02-22 19:23:55,720 INFO     ___FILE_ONLY___ +qduBmpvvYuR7hZL6Dupszfnw0Skfths18dG9ZKb59UhvmaSGZRVbNQpsg3BZlvi
2025-02-22 19:23:55,720 INFO     ___FILE_ONLY___ 

2025-02-22 19:23:55,720 INFO     ___FILE_ONLY___   
2025-02-22 19:23:55,720 INFO     ___FILE_ONLY___ d0lIKO2d1xozclOzgjXPYovJJIultzkMu34qQb9Sz/yilrbCgj8=
2025-02-22 19:23:55,720 INFO     ___FILE_ONLY___ 

2025-02-22 19:23:55,720 INFO     ___FILE_ONLY___   
2025-02-22 19:23:55,720 INFO     ___FILE_ONLY___ -----END CERTIFICATE-----
2025-02-22 19:23:55,720 INFO     ___FILE_ONLY___ 

2025-02-22 19:23:55,720 INFO     ___FILE_ONLY___ creationTimestamp
2025-02-22 19:23:55,721 INFO     ___FILE_ONLY___ :
2025-02-22 19:23:55,721 INFO     ___FILE_ONLY___  '
2025-02-22 19:23:55,721 INFO     ___FILE_ONLY___ 2025-02-21T23:48:06.110-08:00
2025-02-22 19:23:55,721 INFO     ___FILE_ONLY___ '
2025-02-22 19:23:55,721 INFO     ___FILE_ONLY___ 

2025-02-22 19:23:55,722 INFO     ___FILE_ONLY___ expireTime
2025-02-22 19:23:55,722 INFO     ___FILE_ONLY___ :
2025-02-22 19:23:55,722 INFO     ___FILE_ONLY___  '
2025-02-22 19:23:55,722 INFO     ___FILE_ONLY___ 2025-05-23T01:20:14.000-07:00
2025-02-22 19:23:55,722 INFO     ___FILE_ONLY___ '
2025-02-22 19:23:55,722 INFO     ___FILE_ONLY___ 

2025-02-22 19:23:55,722 INFO     ___FILE_ONLY___ id
2025-02-22 19:23:55,722 INFO     ___FILE_ONLY___ :
2025-02-22 19:23:55,722 INFO     ___FILE_ONLY___  '
2025-02-22 19:23:55,722 INFO     ___FILE_ONLY___ 2576575395353870297
2025-02-22 19:23:55,722 INFO     ___FILE_ONLY___ '
2025-02-22 19:23:55,722 INFO     ___FILE_ONLY___ 

2025-02-22 19:23:55,723 INFO     ___FILE_ONLY___ kind
2025-02-22 19:23:55,723 INFO     ___FILE_ONLY___ :
2025-02-22 19:23:55,723 INFO     ___FILE_ONLY___  
2025-02-22 19:23:55,723 INFO     ___FILE_ONLY___ compute#sslCertificate
2025-02-22 19:23:55,723 INFO     ___FILE_ONLY___ 

2025-02-22 19:23:55,723 INFO     ___FILE_ONLY___ managed
2025-02-22 19:23:55,723 INFO     ___FILE_ONLY___ :
2025-02-22 19:23:55,723 INFO     ___FILE_ONLY___ 

2025-02-22 19:23:55,733 INFO     ___FILE_ONLY___   
2025-02-22 19:23:55,734 INFO     ___FILE_ONLY___ domainStatus
2025-02-22 19:23:55,734 INFO     ___FILE_ONLY___ :
2025-02-22 19:23:55,734 INFO     ___FILE_ONLY___ 

2025-02-22 19:23:55,734 INFO     ___FILE_ONLY___     
2025-02-22 19:23:55,734 INFO     ___FILE_ONLY___ ljhun.shop
2025-02-22 19:23:55,734 INFO     ___FILE_ONLY___ :
2025-02-22 19:23:55,734 INFO     ___FILE_ONLY___  
2025-02-22 19:23:55,735 INFO     ___FILE_ONLY___ ACTIVE
2025-02-22 19:23:55,735 INFO     ___FILE_ONLY___ 

2025-02-22 19:23:55,735 INFO     ___FILE_ONLY___     
2025-02-22 19:23:55,735 INFO     ___FILE_ONLY___ www.ljhun.shop
2025-02-22 19:23:55,735 INFO     ___FILE_ONLY___ :
2025-02-22 19:23:55,735 INFO     ___FILE_ONLY___  
2025-02-22 19:23:55,735 INFO     ___FILE_ONLY___ ACTIVE
2025-02-22 19:23:55,735 INFO     ___FILE_ONLY___ 

2025-02-22 19:23:55,735 INFO     ___FILE_ONLY___   
2025-02-22 19:23:55,735 INFO     ___FILE_ONLY___ domains
2025-02-22 19:23:55,735 INFO     ___FILE_ONLY___ :
2025-02-22 19:23:55,735 INFO     ___FILE_ONLY___ 

2025-02-22 19:23:55,736 INFO     ___FILE_ONLY___   
2025-02-22 19:23:55,736 INFO     ___FILE_ONLY___ -
2025-02-22 19:23:55,736 INFO     ___FILE_ONLY___  
2025-02-22 19:23:55,736 INFO     ___FILE_ONLY___ ljhun.shop
2025-02-22 19:23:55,736 INFO     ___FILE_ONLY___ 

2025-02-22 19:23:55,736 INFO     ___FILE_ONLY___   
2025-02-22 19:23:55,736 INFO     ___FILE_ONLY___ -
2025-02-22 19:23:55,736 INFO     ___FILE_ONLY___  
2025-02-22 19:23:55,736 INFO     ___FILE_ONLY___ www.ljhun.shop
2025-02-22 19:23:55,736 INFO     ___FILE_ONLY___ 

2025-02-22 19:23:55,736 INFO     ___FILE_ONLY___   
2025-02-22 19:23:55,736 INFO     ___FILE_ONLY___ status
2025-02-22 19:23:55,737 INFO     ___FILE_ONLY___ :
2025-02-22 19:23:55,737 INFO     ___FILE_ONLY___  
2025-02-22 19:23:55,737 INFO     ___FILE_ONLY___ ACTIVE
2025-02-22 19:23:55,737 INFO     ___FILE_ONLY___ 

2025-02-22 19:23:55,737 INFO     ___FILE_ONLY___ name
2025-02-22 19:23:55,737 INFO     ___FILE_ONLY___ :
2025-02-22 19:23:55,737 INFO     ___FILE_ONLY___  
2025-02-22 19:23:55,737 INFO     ___FILE_ONLY___ lb-managed-cert
2025-02-22 19:23:55,737 INFO     ___FILE_ONLY___ 

2025-02-22 19:23:55,738 INFO     ___FILE_ONLY___ selfLink
2025-02-22 19:23:55,738 INFO     ___FILE_ONLY___ :
2025-02-22 19:23:55,738 INFO     ___FILE_ONLY___  
2025-02-22 19:23:55,738 INFO     ___FILE_ONLY___ https://www.googleapis.com/compute/v1/projects/peppy-arcadia-432311-g5/global/sslCertificates/lb-managed-cert
2025-02-22 19:23:55,738 INFO     ___FILE_ONLY___ 

2025-02-22 19:23:55,738 INFO     ___FILE_ONLY___ subjectAlternativeNames
2025-02-22 19:23:55,738 INFO     ___FILE_ONLY___ :
2025-02-22 19:23:55,738 INFO     ___FILE_ONLY___ 

2025-02-22 19:23:55,738 INFO     ___FILE_ONLY___ -
2025-02-22 19:23:55,738 INFO     ___FILE_ONLY___  
2025-02-22 19:23:55,738 INFO     ___FILE_ONLY___ ljhun.shop
2025-02-22 19:23:55,738 INFO     ___FILE_ONLY___ 

2025-02-22 19:23:55,739 INFO     ___FILE_ONLY___ -
2025-02-22 19:23:55,739 INFO     ___FILE_ONLY___  
2025-02-22 19:23:55,739 INFO     ___FILE_ONLY___ www.ljhun.shop
2025-02-22 19:23:55,739 INFO     ___FILE_ONLY___ 

2025-02-22 19:23:55,749 INFO     ___FILE_ONLY___ type
2025-02-22 19:23:55,749 INFO     ___FILE_ONLY___ :
2025-02-22 19:23:55,749 INFO     ___FILE_ONLY___  
2025-02-22 19:23:55,750 INFO     ___FILE_ONLY___ MANAGED
2025-02-22 19:23:55,750 INFO     ___FILE_ONLY___ 

2025-02-22 19:23:55,750 DEBUG    root            SDK update checks are disabled.
