2025-01-22 00:14:19,615 DEBUG    root            Loaded Command Group: ['gcloud', 'config']
2025-01-22 00:14:19,618 DEBUG    root            Loaded Command Group: ['gcloud', 'config', 'config_helper']
2025-01-22 00:14:19,620 DEBUG    root            Running [gcloud.config.config-helper] with arguments: [--format: "json"]
2025-01-22 00:14:19,675 DEBUG    google.auth.transport.requests Making request: POST https://oauth2.googleapis.com/token
2025-01-22 00:14:19,679 DEBUG    urllib3.connectionpool Starting new HTTPS connection (1): oauth2.googleapis.com:443
2025-01-22 00:14:20,116 DEBUG    urllib3.connectionpool https://oauth2.googleapis.com:443 "POST /token HTTP/1.1" 200 None
2025-01-22 00:14:20,142 DEBUG    root            Chosen display Format:default json
2025-01-22 00:14:20,142 INFO     root            Display format: "default json"
2025-01-22 00:14:20,182 INFO     ___FILE_ONLY___ {
  "configuration": {
    "active_configuration": "default",
    "properties": {
      "core": {
        "account": "1201ljhun@gmail.com",
        "disable_usage_reporting": "True",
        "project": "peppy-arcadia-432311-g5"
      }
    }
  },
  "credential": {
    "access_token": "ya29.a0ARW5m74WUDeBkGNQHuu5w0jqtvJMq83I60NC5ggn3wFMg1VbEIGiNjnXaPe_DbvIIrujLvbEzQ_Yr-PrrqogKhcjby2zFfAM2BXF_PdVKBXFDC4Ew_WPpyaSM59z5HAPb9NMkLkvf0Pw6mydpyTRv2AtY-Ozn34ftycNOBljwQyD0bcaCgYKAZoSARISFQHGX2MitSMO2ewrhsSxL5ZiBngCaQ0182",
    "id_token": "eyJhbGciOiJSUzI1NiIsImtpZCI6IjYzMzdiZTYzNjRmMzgyNDAwOGQwZTkwMDNmNTBiYjZiNDNkNWE5YzYiLCJ0eXAiOiJKV1QifQ.eyJpc3MiOiJodHRwczovL2FjY291bnRzLmdvb2dsZS5jb20iLCJhenAiOiIzMjU1NTk0MDU1OS5hcHBzLmdvb2dsZXVzZXJjb250ZW50LmNvbSIsImF1ZCI6IjMyNTU1OTQwNTU5LmFwcHMuZ29vZ2xldXNlcmNvbnRlbnQuY29tIiwic3ViIjoiMTA1MDk2MzU3NDMwMjQzNjQxMTQxIiwiZW1haWwiOiIxMjAxbGpodW5AZ21haWwuY29tIiwiZW1haWxfdmVyaWZpZWQiOnRydWUsImF0X2hhc2giOiIxUDl4STM2STJMb1BzQVI2ZEhZU2JBIiwiaWF0IjoxNzM3NDcyNDYwLCJleHAiOjE3Mzc0NzYwNjB9.Yw3ceFDMpQnAqtWkHz9VvbHfCQSYBGos7j9ulM3xPOnwmpjlCHBkdoUzOLJat9dTNgIXoV1C8SpZ3B7I8s0DItW97ADyr7Qx80X7NTIbiy64h6lwL0lYLTz7t9hHs4AJENoqWr2vqxOcCfRDhTr3BHPMflq2MFXqXd33aAEwwsxRM8KoyOQhhgwB2r6h1LpBB_dlFlXhPXbovupD2CN4SGljQ0w50FX_kJ49RGZ-s7Xukygw6mrKP0EstJDaLxS_tve0CH-inz-iak4tA1JfgJmBMMPQkmayCnF69wZvbEHG5U0SCcPK41tJ3aMqhu6YsPJvbEC6_-yk30wETC8Ysw",
    "token_expiry": "2025-01-21T16:14:19Z"
  },
  "sentinels": {
    "config_sentinel": "/home/ubuntu/.config/gcloud/config_sentinel"
  }
}
2025-01-22 00:14:20,182 INFO     ___FILE_ONLY___ 

2025-01-22 00:14:20,183 DEBUG    root            SDK update checks are disabled.
