2025-01-22 00:30:44,046 DEBUG    root            Loaded Command Group: ['gcloud', 'compute']
2025-01-22 00:30:44,083 DEBUG    root            Loaded Command Group: ['gcloud', 'compute', 'network_endpoint_groups']
2025-01-22 00:30:44,113 DEBUG    root            Loaded Command Group: ['gcloud', 'compute', 'network-endpoint-groups', 'list']
2025-01-22 00:30:44,119 DEBUG    root            Running [gcloud.compute.network-endpoint-groups.list] with arguments: [--filter: "name~'app-one-service'"]
2025-01-22 00:30:44,458 INFO     root            client_filter=None server_filter='name eq ".*(app-one-service).*"'
2025-01-22 00:30:44,459 DEBUG    root            Chosen display Format:        table(
            name,
            uri().scope().segment(-3).yesno(no="global"):label=LOCATION,
            networkEndpointType:label=ENDPOINT_TYPE,
            size
            )
        
2025-01-22 00:30:44,459 INFO     root            Display format: "        table(
            name,
            uri().scope().segment(-3).yesno(no="global"):label=LOCATION,
            networkEndpointType:label=ENDPOINT_TYPE,
            size
            )
        "
2025-01-22 00:30:44,462 DEBUG    urllib3.connectionpool Starting new HTTPS connection (1): compute.googleapis.com:443
2025-01-22 00:30:45,157 DEBUG    urllib3.connectionpool https://compute.googleapis.com:443 "GET /compute/v1/projects/peppy-arcadia-432311-g5/aggregated/networkEndpointGroups?alt=json&includeAllScopes=True&maxResults=500&returnPartialSuccess=True HTTP/1.1" 200 None
2025-01-22 00:30:45,222 INFO     ___FILE_ONLY___ Listed 0 items.

2025-01-22 00:30:45,222 DEBUG    root            SDK update checks are disabled.
