2025-01-22 01:46:58,524 DEBUG    root            Loaded Command Group: ['gcloud', 'config']
2025-01-22 01:46:58,531 DEBUG    root            Loaded Command Group: ['gcloud', 'config', 'config_helper']
2025-01-22 01:46:58,533 DEBUG    root            Running [gcloud.config.config-helper] with arguments: [--format: "json"]
2025-01-22 01:46:58,552 DEBUG    root            Chosen display Format:default json
2025-01-22 01:46:58,553 INFO     root            Display format: "default json"
2025-01-22 01:46:58,571 INFO     ___FILE_ONLY___ {
  "configuration": {
    "active_configuration": "default",
    "properties": {
      "core": {
        "account": "1201ljhun@gmail.com",
        "disable_usage_reporting": "True",
        "project": "peppy-arcadia-432311-g5"
      }
    }
  },
  "credential": {
    "access_token": "ya29.a0ARW5m77wPQmNXUllUe3SzNNd2NDdvu4C9WrLqA9EEX55fxYuWcmRa1-1GINDEnHnhQF37QCMKnJU28HNu0KGFPG8fSQrSHQ1xvwvCqrgaiVmNno4x_X30CIIlGihSiLw13_sN512LMjkmPku1RpnvVn0bqk1dLDbwNfypFrgJ1www0IaCgYKASQSARISFQHGX2MitEEX0Q0u7x61MqlGv4IjGA0182",
    "id_token": "eyJhbGciOiJSUzI1NiIsImtpZCI6IjYzMzdiZTYzNjRmMzgyNDAwOGQwZTkwMDNmNTBiYjZiNDNkNWE5YzYiLCJ0eXAiOiJKV1QifQ.eyJpc3MiOiJodHRwczovL2FjY291bnRzLmdvb2dsZS5jb20iLCJhenAiOiIzMjU1NTk0MDU1OS5hcHBzLmdvb2dsZXVzZXJjb250ZW50LmNvbSIsImF1ZCI6IjMyNTU1OTQwNTU5LmFwcHMuZ29vZ2xldXNlcmNvbnRlbnQuY29tIiwic3ViIjoiMTA1MDk2MzU3NDMwMjQzNjQxMTQxIiwiZW1haWwiOiIxMjAxbGpodW5AZ21haWwuY29tIiwiZW1haWxfdmVyaWZpZWQiOnRydWUsImF0X2hhc2giOiI5UjQzR1p3VG1aZ3h0ZXZGWmlMczRnIiwiaWF0IjoxNzM3NDc3NTQzLCJleHAiOjE3Mzc0ODExNDN9.EDXE30P3W1xm24bcwal5y9yl7VtYbmHdEpGTYxaS45ycZ1Jdiiz-WKdHKuzswlP2yP2Vte5-xblDBARbfeIhHjX4fn-OC4EumXV68TovWq0z23NC5OJK4GGoca_G-SJqlofZgdq5jCCuv_LUAyev-ke2D5SJ2ivVWMvBGPBbHqfDtBILgGGVheKj8LKX5kiX7z-vVEa_bvHUwP7Wos30qpf-erVv75Qqw4mHWg2zCsImrT4Om8cUakHXogJo3mjbzOVjRh0r9qTSe7wj_vGLMDKmm_a5-lVPgML57hy0_K8_N-URGVu6c4PNdhDq_FB5pN-oX1BCsA6R7svAymE40g",
    "token_expiry": "2025-01-21T17:39:02Z"
  },
  "sentinels": {
    "config_sentinel": "/home/ubuntu/.config/gcloud/config_sentinel"
  }
}
2025-01-22 01:46:58,571 INFO     ___FILE_ONLY___ 

2025-01-22 01:46:58,571 DEBUG    root            SDK update checks are disabled.
