2025-01-22 02:17:23,061 DEBUG    root            Loaded Command Group: ['gcloud', 'compute']
2025-01-22 02:17:23,065 DEBUG    root            Loaded Command Group: ['gcloud', 'compute', 'backend_services']
2025-01-22 02:17:23,105 DEBUG    root            Loaded Command Group: ['gcloud', 'compute', 'backend-services', 'get_health']
2025-01-22 02:17:23,108 DEBUG    root            Running [gcloud.compute.backend-services.get-health] with arguments: [--global: "True", BACKEND_SERVICE_NAME: "k8s-be-32040--08fdd539ab0f5ff8"]
2025-01-22 02:17:23,310 DEBUG    root            Chosen display Format:default
2025-01-22 02:17:23,311 INFO     root            Display format: "default"
2025-01-22 02:17:23,313 DEBUG    urllib3.connectionpool Starting new HTTPS connection (1): compute.googleapis.com:443
2025-01-22 02:17:23,876 DEBUG    urllib3.connectionpool https://compute.googleapis.com:443 "GET /compute/v1/projects/peppy-arcadia-432311-g5/global/backendServices/k8s-be-32040--08fdd539ab0f5ff8?alt=json HTTP/1.1" 200 None
2025-01-22 02:17:23,885 DEBUG    urllib3.connectionpool Starting new HTTPS connection (1): compute.googleapis.com:443
2025-01-22 02:17:26,544 DEBUG    urllib3.connectionpool https://compute.googleapis.com:443 "POST /compute/v1/projects/peppy-arcadia-432311-g5/global/backendServices/k8s-be-32040--08fdd539ab0f5ff8/getHealth?alt=json HTTP/1.1" 200 None
2025-01-22 02:17:26,583 INFO     ___FILE_ONLY___ ---
2025-01-22 02:17:26,584 INFO     ___FILE_ONLY___ 

2025-01-22 02:17:26,584 INFO     ___FILE_ONLY___ backend
2025-01-22 02:17:26,584 INFO     ___FILE_ONLY___ :
2025-01-22 02:17:26,585 INFO     ___FILE_ONLY___  
2025-01-22 02:17:26,585 INFO     ___FILE_ONLY___ https://www.googleapis.com/compute/v1/projects/peppy-arcadia-432311-g5/zones/asia-northeast3-a/instanceGroups/k8s-ig--08fdd539ab0f5ff8
2025-01-22 02:17:26,585 INFO     ___FILE_ONLY___ 

2025-01-22 02:17:26,585 INFO     ___FILE_ONLY___ status
2025-01-22 02:17:26,585 INFO     ___FILE_ONLY___ :
2025-01-22 02:17:26,585 INFO     ___FILE_ONLY___ 

2025-01-22 02:17:26,585 INFO     ___FILE_ONLY___   
2025-01-22 02:17:26,586 INFO     ___FILE_ONLY___ healthStatus
2025-01-22 02:17:26,586 INFO     ___FILE_ONLY___ :
2025-01-22 02:17:26,586 INFO     ___FILE_ONLY___ 

2025-01-22 02:17:26,586 INFO     ___FILE_ONLY___   
2025-01-22 02:17:26,586 INFO     ___FILE_ONLY___ -
2025-01-22 02:17:26,586 INFO     ___FILE_ONLY___  
2025-01-22 02:17:26,586 INFO     ___FILE_ONLY___ healthState
2025-01-22 02:17:26,586 INFO     ___FILE_ONLY___ :
2025-01-22 02:17:26,586 INFO     ___FILE_ONLY___  
2025-01-22 02:17:26,586 INFO     ___FILE_ONLY___ UNHEALTHY
2025-01-22 02:17:26,587 INFO     ___FILE_ONLY___ 

2025-01-22 02:17:26,587 INFO     ___FILE_ONLY___     
2025-01-22 02:17:26,587 INFO     ___FILE_ONLY___ instance
2025-01-22 02:17:26,587 INFO     ___FILE_ONLY___ :
2025-01-22 02:17:26,587 INFO     ___FILE_ONLY___  
2025-01-22 02:17:26,587 INFO     ___FILE_ONLY___ https://www.googleapis.com/compute/v1/projects/peppy-arcadia-432311-g5/zones/asia-northeast3-a/instances/gke-gcp-dr-gke-gcp-dr-gke-nodepool-a2b7178a-4wzb
2025-01-22 02:17:26,587 INFO     ___FILE_ONLY___ 

2025-01-22 02:17:26,587 INFO     ___FILE_ONLY___     
2025-01-22 02:17:26,588 INFO     ___FILE_ONLY___ ipAddress
2025-01-22 02:17:26,590 INFO     ___FILE_ONLY___ :
2025-01-22 02:17:26,590 INFO     ___FILE_ONLY___  
2025-01-22 02:17:26,590 INFO     ___FILE_ONLY___ 10.0.1.14
2025-01-22 02:17:26,590 INFO     ___FILE_ONLY___ 

2025-01-22 02:17:26,590 INFO     ___FILE_ONLY___     
2025-01-22 02:17:26,590 INFO     ___FILE_ONLY___ port
2025-01-22 02:17:26,591 INFO     ___FILE_ONLY___ :
2025-01-22 02:17:26,591 INFO     ___FILE_ONLY___  
2025-01-22 02:17:26,591 INFO     ___FILE_ONLY___ 32040
2025-01-22 02:17:26,591 INFO     ___FILE_ONLY___ 

2025-01-22 02:17:26,591 INFO     ___FILE_ONLY___   
2025-01-22 02:17:26,591 INFO     ___FILE_ONLY___ -
2025-01-22 02:17:26,591 INFO     ___FILE_ONLY___  
2025-01-22 02:17:26,591 INFO     ___FILE_ONLY___ healthState
2025-01-22 02:17:26,591 INFO     ___FILE_ONLY___ :
2025-01-22 02:17:26,591 INFO     ___FILE_ONLY___  
2025-01-22 02:17:26,592 INFO     ___FILE_ONLY___ UNHEALTHY
2025-01-22 02:17:26,592 INFO     ___FILE_ONLY___ 

2025-01-22 02:17:26,592 INFO     ___FILE_ONLY___     
2025-01-22 02:17:26,592 INFO     ___FILE_ONLY___ instance
2025-01-22 02:17:26,592 INFO     ___FILE_ONLY___ :
2025-01-22 02:17:26,592 INFO     ___FILE_ONLY___  
2025-01-22 02:17:26,592 INFO     ___FILE_ONLY___ https://www.googleapis.com/compute/v1/projects/peppy-arcadia-432311-g5/zones/asia-northeast3-a/instances/gke-gcp-dr-gke-gcp-dr-gke-nodepool-a2b7178a-gwjr
2025-01-22 02:17:26,592 INFO     ___FILE_ONLY___ 

2025-01-22 02:17:26,592 INFO     ___FILE_ONLY___     
2025-01-22 02:17:26,593 INFO     ___FILE_ONLY___ ipAddress
2025-01-22 02:17:26,593 INFO     ___FILE_ONLY___ :
2025-01-22 02:17:26,593 INFO     ___FILE_ONLY___  
2025-01-22 02:17:26,593 INFO     ___FILE_ONLY___ 10.0.1.15
2025-01-22 02:17:26,593 INFO     ___FILE_ONLY___ 

2025-01-22 02:17:26,593 INFO     ___FILE_ONLY___     
2025-01-22 02:17:26,606 INFO     ___FILE_ONLY___ port
2025-01-22 02:17:26,606 INFO     ___FILE_ONLY___ :
2025-01-22 02:17:26,607 INFO     ___FILE_ONLY___  
2025-01-22 02:17:26,607 INFO     ___FILE_ONLY___ 32040
2025-01-22 02:17:26,607 INFO     ___FILE_ONLY___ 

2025-01-22 02:17:26,607 INFO     ___FILE_ONLY___   
2025-01-22 02:17:26,607 INFO     ___FILE_ONLY___ kind
2025-01-22 02:17:26,607 INFO     ___FILE_ONLY___ :
2025-01-22 02:17:26,607 INFO     ___FILE_ONLY___  
2025-01-22 02:17:26,608 INFO     ___FILE_ONLY___ compute#backendServiceGroupHealth
2025-01-22 02:17:26,608 INFO     ___FILE_ONLY___ 

2025-01-22 02:17:26,613 DEBUG    urllib3.connectionpool Starting new HTTPS connection (1): compute.googleapis.com:443
2025-01-22 02:17:29,923 DEBUG    urllib3.connectionpool https://compute.googleapis.com:443 "POST /compute/v1/projects/peppy-arcadia-432311-g5/global/backendServices/k8s-be-32040--08fdd539ab0f5ff8/getHealth?alt=json HTTP/1.1" 200 None
2025-01-22 02:17:29,928 INFO     ___FILE_ONLY___ ---
2025-01-22 02:17:29,928 INFO     ___FILE_ONLY___ 

2025-01-22 02:17:29,929 INFO     ___FILE_ONLY___ backend
2025-01-22 02:17:29,929 INFO     ___FILE_ONLY___ :
2025-01-22 02:17:29,929 INFO     ___FILE_ONLY___  
2025-01-22 02:17:29,929 INFO     ___FILE_ONLY___ https://www.googleapis.com/compute/v1/projects/peppy-arcadia-432311-g5/zones/asia-northeast3-b/instanceGroups/k8s-ig--08fdd539ab0f5ff8
2025-01-22 02:17:29,929 INFO     ___FILE_ONLY___ 

2025-01-22 02:17:29,929 INFO     ___FILE_ONLY___ status
2025-01-22 02:17:29,929 INFO     ___FILE_ONLY___ :
2025-01-22 02:17:29,929 INFO     ___FILE_ONLY___ 

2025-01-22 02:17:29,930 INFO     ___FILE_ONLY___   
2025-01-22 02:17:29,930 INFO     ___FILE_ONLY___ healthStatus
2025-01-22 02:17:29,930 INFO     ___FILE_ONLY___ :
2025-01-22 02:17:29,930 INFO     ___FILE_ONLY___ 

2025-01-22 02:17:29,930 INFO     ___FILE_ONLY___   
2025-01-22 02:17:29,930 INFO     ___FILE_ONLY___ -
2025-01-22 02:17:29,930 INFO     ___FILE_ONLY___  
2025-01-22 02:17:29,930 INFO     ___FILE_ONLY___ healthState
2025-01-22 02:17:29,930 INFO     ___FILE_ONLY___ :
2025-01-22 02:17:29,930 INFO     ___FILE_ONLY___  
2025-01-22 02:17:29,930 INFO     ___FILE_ONLY___ UNHEALTHY
2025-01-22 02:17:29,930 INFO     ___FILE_ONLY___ 

2025-01-22 02:17:29,930 INFO     ___FILE_ONLY___     
2025-01-22 02:17:29,931 INFO     ___FILE_ONLY___ instance
2025-01-22 02:17:29,931 INFO     ___FILE_ONLY___ :
2025-01-22 02:17:29,931 INFO     ___FILE_ONLY___  
2025-01-22 02:17:29,931 INFO     ___FILE_ONLY___ https://www.googleapis.com/compute/v1/projects/peppy-arcadia-432311-g5/zones/asia-northeast3-b/instances/gke-gcp-dr-gke-gcp-dr-gke-nodepool-ae2b4535-crjm
2025-01-22 02:17:29,931 INFO     ___FILE_ONLY___ 

2025-01-22 02:17:29,931 INFO     ___FILE_ONLY___     
2025-01-22 02:17:29,931 INFO     ___FILE_ONLY___ ipAddress
2025-01-22 02:17:29,931 INFO     ___FILE_ONLY___ :
2025-01-22 02:17:29,931 INFO     ___FILE_ONLY___  
2025-01-22 02:17:29,931 INFO     ___FILE_ONLY___ 10.0.1.16
2025-01-22 02:17:29,931 INFO     ___FILE_ONLY___ 

2025-01-22 02:17:29,931 INFO     ___FILE_ONLY___     
2025-01-22 02:17:29,932 INFO     ___FILE_ONLY___ port
2025-01-22 02:17:29,932 INFO     ___FILE_ONLY___ :
2025-01-22 02:17:29,932 INFO     ___FILE_ONLY___  
2025-01-22 02:17:29,932 INFO     ___FILE_ONLY___ 32040
2025-01-22 02:17:29,932 INFO     ___FILE_ONLY___ 

2025-01-22 02:17:29,932 INFO     ___FILE_ONLY___   
2025-01-22 02:17:29,932 INFO     ___FILE_ONLY___ -
2025-01-22 02:17:29,932 INFO     ___FILE_ONLY___  
2025-01-22 02:17:29,932 INFO     ___FILE_ONLY___ healthState
2025-01-22 02:17:29,932 INFO     ___FILE_ONLY___ :
2025-01-22 02:17:29,932 INFO     ___FILE_ONLY___  
2025-01-22 02:17:29,932 INFO     ___FILE_ONLY___ UNHEALTHY
2025-01-22 02:17:29,932 INFO     ___FILE_ONLY___ 

2025-01-22 02:17:29,932 INFO     ___FILE_ONLY___     
2025-01-22 02:17:29,932 INFO     ___FILE_ONLY___ instance
2025-01-22 02:17:29,932 INFO     ___FILE_ONLY___ :
2025-01-22 02:17:29,933 INFO     ___FILE_ONLY___  
2025-01-22 02:17:29,933 INFO     ___FILE_ONLY___ https://www.googleapis.com/compute/v1/projects/peppy-arcadia-432311-g5/zones/asia-northeast3-b/instances/gke-gcp-dr-gke-gcp-dr-gke-nodepool-ae2b4535-zqr6
2025-01-22 02:17:29,933 INFO     ___FILE_ONLY___ 

2025-01-22 02:17:29,933 INFO     ___FILE_ONLY___     
2025-01-22 02:17:29,933 INFO     ___FILE_ONLY___ ipAddress
2025-01-22 02:17:29,933 INFO     ___FILE_ONLY___ :
2025-01-22 02:17:29,933 INFO     ___FILE_ONLY___  
2025-01-22 02:17:29,933 INFO     ___FILE_ONLY___ 10.0.1.17
2025-01-22 02:17:29,933 INFO     ___FILE_ONLY___ 

2025-01-22 02:17:29,933 INFO     ___FILE_ONLY___     
2025-01-22 02:17:29,933 INFO     ___FILE_ONLY___ port
2025-01-22 02:17:29,933 INFO     ___FILE_ONLY___ :
2025-01-22 02:17:29,933 INFO     ___FILE_ONLY___  
2025-01-22 02:17:29,934 INFO     ___FILE_ONLY___ 32040
2025-01-22 02:17:29,934 INFO     ___FILE_ONLY___ 

2025-01-22 02:17:29,934 INFO     ___FILE_ONLY___   
2025-01-22 02:17:29,934 INFO     ___FILE_ONLY___ kind
2025-01-22 02:17:29,935 INFO     ___FILE_ONLY___ :
2025-01-22 02:17:29,935 INFO     ___FILE_ONLY___  
2025-01-22 02:17:29,935 INFO     ___FILE_ONLY___ compute#backendServiceGroupHealth
2025-01-22 02:17:29,935 INFO     ___FILE_ONLY___ 

2025-01-22 02:17:29,941 DEBUG    urllib3.connectionpool Starting new HTTPS connection (1): compute.googleapis.com:443
2025-01-22 02:17:33,128 DEBUG    urllib3.connectionpool https://compute.googleapis.com:443 "POST /compute/v1/projects/peppy-arcadia-432311-g5/global/backendServices/k8s-be-32040--08fdd539ab0f5ff8/getHealth?alt=json HTTP/1.1" 200 None
2025-01-22 02:17:33,133 INFO     ___FILE_ONLY___ ---
2025-01-22 02:17:33,134 INFO     ___FILE_ONLY___ 

2025-01-22 02:17:33,134 INFO     ___FILE_ONLY___ backend
2025-01-22 02:17:33,134 INFO     ___FILE_ONLY___ :
2025-01-22 02:17:33,135 INFO     ___FILE_ONLY___  
2025-01-22 02:17:33,135 INFO     ___FILE_ONLY___ https://www.googleapis.com/compute/v1/projects/peppy-arcadia-432311-g5/zones/asia-northeast3-c/instanceGroups/k8s-ig--08fdd539ab0f5ff8
2025-01-22 02:17:33,135 INFO     ___FILE_ONLY___ 

2025-01-22 02:17:33,135 INFO     ___FILE_ONLY___ status
2025-01-22 02:17:33,135 INFO     ___FILE_ONLY___ :
2025-01-22 02:17:33,136 INFO     ___FILE_ONLY___ 

2025-01-22 02:17:33,136 INFO     ___FILE_ONLY___   
2025-01-22 02:17:33,136 INFO     ___FILE_ONLY___ kind
2025-01-22 02:17:33,136 INFO     ___FILE_ONLY___ :
2025-01-22 02:17:33,136 INFO     ___FILE_ONLY___  
2025-01-22 02:17:33,136 INFO     ___FILE_ONLY___ compute#backendServiceGroupHealth
2025-01-22 02:17:33,136 INFO     ___FILE_ONLY___ 

2025-01-22 02:17:33,137 DEBUG    root            SDK update checks are disabled.
