2025-01-22 02:30:35,156 DEBUG    root            Loaded Command Group: ['gcloud', 'compute']
2025-01-22 02:30:35,168 DEBUG    root            Loaded Command Group: ['gcloud', 'compute', 'backend_services']
2025-01-22 02:30:35,186 DEBUG    root            Loaded Command Group: ['gcloud', 'compute', 'backend-services', 'describe']
2025-01-22 02:30:35,189 DEBUG    root            Running [gcloud.compute.backend-services.describe] with arguments: [--global: "True", BACKEND_SERVICE_NAME: "k8s-be-32040--08fdd539ab0f5ff8"]
2025-01-22 02:30:35,385 DEBUG    urllib3.connectionpool Starting new HTTPS connection (1): compute.googleapis.com:443
2025-01-22 02:30:35,938 DEBUG    urllib3.connectionpool https://compute.googleapis.com:443 "GET /compute/v1/projects/peppy-arcadia-432311-g5/global/backendServices/k8s-be-32040--08fdd539ab0f5ff8?alt=json HTTP/1.1" 200 None
2025-01-22 02:30:35,946 DEBUG    root            Chosen display Format:default
2025-01-22 02:30:35,947 INFO     root            Display format: "default"
2025-01-22 02:30:35,984 INFO     ___FILE_ONLY___ affinityCookieTtlSec
2025-01-22 02:30:35,985 INFO     ___FILE_ONLY___ :
2025-01-22 02:30:35,985 INFO     ___FILE_ONLY___  
2025-01-22 02:30:35,985 INFO     ___FILE_ONLY___ 0
2025-01-22 02:30:35,985 INFO     ___FILE_ONLY___ 

2025-01-22 02:30:35,985 INFO     ___FILE_ONLY___ backends
2025-01-22 02:30:35,985 INFO     ___FILE_ONLY___ :
2025-01-22 02:30:35,985 INFO     ___FILE_ONLY___ 

2025-01-22 02:30:35,986 INFO     ___FILE_ONLY___ -
2025-01-22 02:30:35,986 INFO     ___FILE_ONLY___  
2025-01-22 02:30:35,986 INFO     ___FILE_ONLY___ balancingMode
2025-01-22 02:30:35,986 INFO     ___FILE_ONLY___ :
2025-01-22 02:30:35,986 INFO     ___FILE_ONLY___  
2025-01-22 02:30:35,986 INFO     ___FILE_ONLY___ RATE
2025-01-22 02:30:35,986 INFO     ___FILE_ONLY___ 

2025-01-22 02:30:35,986 INFO     ___FILE_ONLY___   
2025-01-22 02:30:35,986 INFO     ___FILE_ONLY___ capacityScaler
2025-01-22 02:30:35,986 INFO     ___FILE_ONLY___ :
2025-01-22 02:30:35,986 INFO     ___FILE_ONLY___  
2025-01-22 02:30:35,987 INFO     ___FILE_ONLY___ 1.0
2025-01-22 02:30:35,987 INFO     ___FILE_ONLY___ 

2025-01-22 02:30:35,987 INFO     ___FILE_ONLY___   
2025-01-22 02:30:35,987 INFO     ___FILE_ONLY___ group
2025-01-22 02:30:35,987 INFO     ___FILE_ONLY___ :
2025-01-22 02:30:35,987 INFO     ___FILE_ONLY___  
2025-01-22 02:30:35,987 INFO     ___FILE_ONLY___ https://www.googleapis.com/compute/v1/projects/peppy-arcadia-432311-g5/zones/asia-northeast3-a/instanceGroups/k8s-ig--08fdd539ab0f5ff8
2025-01-22 02:30:35,987 INFO     ___FILE_ONLY___ 

2025-01-22 02:30:35,987 INFO     ___FILE_ONLY___   
2025-01-22 02:30:35,988 INFO     ___FILE_ONLY___ maxRatePerInstance
2025-01-22 02:30:35,988 INFO     ___FILE_ONLY___ :
2025-01-22 02:30:35,988 INFO     ___FILE_ONLY___  
2025-01-22 02:30:35,988 INFO     ___FILE_ONLY___ 1.0
2025-01-22 02:30:35,988 INFO     ___FILE_ONLY___ 

2025-01-22 02:30:35,988 INFO     ___FILE_ONLY___ -
2025-01-22 02:30:35,988 INFO     ___FILE_ONLY___  
2025-01-22 02:30:35,988 INFO     ___FILE_ONLY___ balancingMode
2025-01-22 02:30:35,988 INFO     ___FILE_ONLY___ :
2025-01-22 02:30:35,988 INFO     ___FILE_ONLY___  
2025-01-22 02:30:35,989 INFO     ___FILE_ONLY___ RATE
2025-01-22 02:30:35,989 INFO     ___FILE_ONLY___ 

2025-01-22 02:30:35,991 INFO     ___FILE_ONLY___   
2025-01-22 02:30:35,991 INFO     ___FILE_ONLY___ capacityScaler
2025-01-22 02:30:35,991 INFO     ___FILE_ONLY___ :
2025-01-22 02:30:35,992 INFO     ___FILE_ONLY___  
2025-01-22 02:30:35,992 INFO     ___FILE_ONLY___ 1.0
2025-01-22 02:30:35,992 INFO     ___FILE_ONLY___ 

2025-01-22 02:30:35,992 INFO     ___FILE_ONLY___   
2025-01-22 02:30:35,994 INFO     ___FILE_ONLY___ group
2025-01-22 02:30:35,994 INFO     ___FILE_ONLY___ :
2025-01-22 02:30:35,995 INFO     ___FILE_ONLY___  
2025-01-22 02:30:35,995 INFO     ___FILE_ONLY___ https://www.googleapis.com/compute/v1/projects/peppy-arcadia-432311-g5/zones/asia-northeast3-b/instanceGroups/k8s-ig--08fdd539ab0f5ff8
2025-01-22 02:30:35,995 INFO     ___FILE_ONLY___ 

2025-01-22 02:30:35,995 INFO     ___FILE_ONLY___   
2025-01-22 02:30:35,995 INFO     ___FILE_ONLY___ maxRatePerInstance
2025-01-22 02:30:35,996 INFO     ___FILE_ONLY___ :
2025-01-22 02:30:35,996 INFO     ___FILE_ONLY___  
2025-01-22 02:30:35,996 INFO     ___FILE_ONLY___ 1.0
2025-01-22 02:30:35,996 INFO     ___FILE_ONLY___ 

2025-01-22 02:30:35,996 INFO     ___FILE_ONLY___ -
2025-01-22 02:30:35,996 INFO     ___FILE_ONLY___  
2025-01-22 02:30:35,996 INFO     ___FILE_ONLY___ balancingMode
2025-01-22 02:30:35,996 INFO     ___FILE_ONLY___ :
2025-01-22 02:30:35,996 INFO     ___FILE_ONLY___  
2025-01-22 02:30:35,997 INFO     ___FILE_ONLY___ RATE
2025-01-22 02:30:35,997 INFO     ___FILE_ONLY___ 

2025-01-22 02:30:35,997 INFO     ___FILE_ONLY___   
2025-01-22 02:30:35,997 INFO     ___FILE_ONLY___ capacityScaler
2025-01-22 02:30:35,998 INFO     ___FILE_ONLY___ :
2025-01-22 02:30:35,998 INFO     ___FILE_ONLY___  
2025-01-22 02:30:35,998 INFO     ___FILE_ONLY___ 1.0
2025-01-22 02:30:35,998 INFO     ___FILE_ONLY___ 

2025-01-22 02:30:35,998 INFO     ___FILE_ONLY___   
2025-01-22 02:30:35,998 INFO     ___FILE_ONLY___ group
2025-01-22 02:30:35,998 INFO     ___FILE_ONLY___ :
2025-01-22 02:30:35,998 INFO     ___FILE_ONLY___  
2025-01-22 02:30:35,998 INFO     ___FILE_ONLY___ https://www.googleapis.com/compute/v1/projects/peppy-arcadia-432311-g5/zones/asia-northeast3-c/instanceGroups/k8s-ig--08fdd539ab0f5ff8
2025-01-22 02:30:35,998 INFO     ___FILE_ONLY___ 

2025-01-22 02:30:35,998 INFO     ___FILE_ONLY___   
2025-01-22 02:30:35,999 INFO     ___FILE_ONLY___ maxRatePerInstance
2025-01-22 02:30:35,999 INFO     ___FILE_ONLY___ :
2025-01-22 02:30:35,999 INFO     ___FILE_ONLY___  
2025-01-22 02:30:35,999 INFO     ___FILE_ONLY___ 1.0
2025-01-22 02:30:35,999 INFO     ___FILE_ONLY___ 

2025-01-22 02:30:35,999 INFO     ___FILE_ONLY___ connectionDraining
2025-01-22 02:30:35,999 INFO     ___FILE_ONLY___ :
2025-01-22 02:30:35,999 INFO     ___FILE_ONLY___ 

2025-01-22 02:30:35,999 INFO     ___FILE_ONLY___   
2025-01-22 02:30:35,999 INFO     ___FILE_ONLY___ drainingTimeoutSec
2025-01-22 02:30:35,999 INFO     ___FILE_ONLY___ :
2025-01-22 02:30:35,999 INFO     ___FILE_ONLY___  
2025-01-22 02:30:35,999 INFO     ___FILE_ONLY___ 0
2025-01-22 02:30:36,000 INFO     ___FILE_ONLY___ 

2025-01-22 02:30:36,000 INFO     ___FILE_ONLY___ creationTimestamp
2025-01-22 02:30:36,000 INFO     ___FILE_ONLY___ :
2025-01-22 02:30:36,000 INFO     ___FILE_ONLY___  '
2025-01-22 02:30:36,001 INFO     ___FILE_ONLY___ 2025-01-21T08:38:50.096-08:00
2025-01-22 02:30:36,001 INFO     ___FILE_ONLY___ '
2025-01-22 02:30:36,001 INFO     ___FILE_ONLY___ 

2025-01-22 02:30:36,001 INFO     ___FILE_ONLY___ description
2025-01-22 02:30:36,001 INFO     ___FILE_ONLY___ :
2025-01-22 02:30:36,001 INFO     ___FILE_ONLY___  '
2025-01-22 02:30:36,001 INFO     ___FILE_ONLY___ {"kubernetes.io/service-name":"default/app-one-service","kubernetes.io/service-port":"\u0026ServiceBackendPort{Name:,Number:80,}"}
2025-01-22 02:30:36,001 INFO     ___FILE_ONLY___ '
2025-01-22 02:30:36,001 INFO     ___FILE_ONLY___ 

2025-01-22 02:30:36,001 INFO     ___FILE_ONLY___ enableCDN
2025-01-22 02:30:36,002 INFO     ___FILE_ONLY___ :
2025-01-22 02:30:36,002 INFO     ___FILE_ONLY___  
2025-01-22 02:30:36,002 INFO     ___FILE_ONLY___ false
2025-01-22 02:30:36,002 INFO     ___FILE_ONLY___ 

2025-01-22 02:30:36,002 INFO     ___FILE_ONLY___ fingerprint
2025-01-22 02:30:36,002 INFO     ___FILE_ONLY___ :
2025-01-22 02:30:36,002 INFO     ___FILE_ONLY___  
2025-01-22 02:30:36,002 INFO     ___FILE_ONLY___ nBIqLjlwOZY=
2025-01-22 02:30:36,002 INFO     ___FILE_ONLY___ 

2025-01-22 02:30:36,002 INFO     ___FILE_ONLY___ healthChecks
2025-01-22 02:30:36,002 INFO     ___FILE_ONLY___ :
2025-01-22 02:30:36,003 INFO     ___FILE_ONLY___ 

2025-01-22 02:30:36,003 INFO     ___FILE_ONLY___ -
2025-01-22 02:30:36,003 INFO     ___FILE_ONLY___  
2025-01-22 02:30:36,003 INFO     ___FILE_ONLY___ https://www.googleapis.com/compute/v1/projects/peppy-arcadia-432311-g5/global/healthChecks/k8s-be-32040--08fdd539ab0f5ff8
2025-01-22 02:30:36,003 INFO     ___FILE_ONLY___ 

2025-01-22 02:30:36,003 INFO     ___FILE_ONLY___ id
2025-01-22 02:30:36,003 INFO     ___FILE_ONLY___ :
2025-01-22 02:30:36,003 INFO     ___FILE_ONLY___  '
2025-01-22 02:30:36,008 INFO     ___FILE_ONLY___ 1300224497825248117
2025-01-22 02:30:36,008 INFO     ___FILE_ONLY___ '
2025-01-22 02:30:36,008 INFO     ___FILE_ONLY___ 

2025-01-22 02:30:36,008 INFO     ___FILE_ONLY___ kind
2025-01-22 02:30:36,009 INFO     ___FILE_ONLY___ :
2025-01-22 02:30:36,014 INFO     ___FILE_ONLY___  
2025-01-22 02:30:36,015 INFO     ___FILE_ONLY___ compute#backendService
2025-01-22 02:30:36,015 INFO     ___FILE_ONLY___ 

2025-01-22 02:30:36,015 INFO     ___FILE_ONLY___ loadBalancingScheme
2025-01-22 02:30:36,015 INFO     ___FILE_ONLY___ :
2025-01-22 02:30:36,015 INFO     ___FILE_ONLY___  
2025-01-22 02:30:36,016 INFO     ___FILE_ONLY___ EXTERNAL
2025-01-22 02:30:36,016 INFO     ___FILE_ONLY___ 

2025-01-22 02:30:36,016 INFO     ___FILE_ONLY___ logConfig
2025-01-22 02:30:36,016 INFO     ___FILE_ONLY___ :
2025-01-22 02:30:36,016 INFO     ___FILE_ONLY___ 

2025-01-22 02:30:36,016 INFO     ___FILE_ONLY___   
2025-01-22 02:30:36,016 INFO     ___FILE_ONLY___ enable
2025-01-22 02:30:36,016 INFO     ___FILE_ONLY___ :
2025-01-22 02:30:36,017 INFO     ___FILE_ONLY___  
2025-01-22 02:30:36,017 INFO     ___FILE_ONLY___ true
2025-01-22 02:30:36,017 INFO     ___FILE_ONLY___ 

2025-01-22 02:30:36,017 INFO     ___FILE_ONLY___   
2025-01-22 02:30:36,017 INFO     ___FILE_ONLY___ optionalMode
2025-01-22 02:30:36,017 INFO     ___FILE_ONLY___ :
2025-01-22 02:30:36,017 INFO     ___FILE_ONLY___  
2025-01-22 02:30:36,017 INFO     ___FILE_ONLY___ EXCLUDE_ALL_OPTIONAL
2025-01-22 02:30:36,017 INFO     ___FILE_ONLY___ 

2025-01-22 02:30:36,017 INFO     ___FILE_ONLY___   
2025-01-22 02:30:36,018 INFO     ___FILE_ONLY___ sampleRate
2025-01-22 02:30:36,018 INFO     ___FILE_ONLY___ :
2025-01-22 02:30:36,018 INFO     ___FILE_ONLY___  
2025-01-22 02:30:36,018 INFO     ___FILE_ONLY___ 1.0
2025-01-22 02:30:36,018 INFO     ___FILE_ONLY___ 

2025-01-22 02:30:36,018 INFO     ___FILE_ONLY___ name
2025-01-22 02:30:36,018 INFO     ___FILE_ONLY___ :
2025-01-22 02:30:36,018 INFO     ___FILE_ONLY___  
2025-01-22 02:30:36,018 INFO     ___FILE_ONLY___ k8s-be-32040--08fdd539ab0f5ff8
2025-01-22 02:30:36,019 INFO     ___FILE_ONLY___ 

2025-01-22 02:30:36,019 INFO     ___FILE_ONLY___ port
2025-01-22 02:30:36,019 INFO     ___FILE_ONLY___ :
2025-01-22 02:30:36,019 INFO     ___FILE_ONLY___  
2025-01-22 02:30:36,019 INFO     ___FILE_ONLY___ 32040
2025-01-22 02:30:36,019 INFO     ___FILE_ONLY___ 

2025-01-22 02:30:36,019 INFO     ___FILE_ONLY___ portName
2025-01-22 02:30:36,019 INFO     ___FILE_ONLY___ :
2025-01-22 02:30:36,019 INFO     ___FILE_ONLY___  
2025-01-22 02:30:36,020 INFO     ___FILE_ONLY___ port32040
2025-01-22 02:30:36,020 INFO     ___FILE_ONLY___ 

2025-01-22 02:30:36,020 INFO     ___FILE_ONLY___ protocol
2025-01-22 02:30:36,020 INFO     ___FILE_ONLY___ :
2025-01-22 02:30:36,020 INFO     ___FILE_ONLY___  
2025-01-22 02:30:36,020 INFO     ___FILE_ONLY___ HTTP
2025-01-22 02:30:36,020 INFO     ___FILE_ONLY___ 

2025-01-22 02:30:36,020 INFO     ___FILE_ONLY___ selfLink
2025-01-22 02:30:36,020 INFO     ___FILE_ONLY___ :
2025-01-22 02:30:36,021 INFO     ___FILE_ONLY___  
2025-01-22 02:30:36,021 INFO     ___FILE_ONLY___ https://www.googleapis.com/compute/v1/projects/peppy-arcadia-432311-g5/global/backendServices/k8s-be-32040--08fdd539ab0f5ff8
2025-01-22 02:30:36,021 INFO     ___FILE_ONLY___ 

2025-01-22 02:30:36,021 INFO     ___FILE_ONLY___ sessionAffinity
2025-01-22 02:30:36,021 INFO     ___FILE_ONLY___ :
2025-01-22 02:30:36,021 INFO     ___FILE_ONLY___  
2025-01-22 02:30:36,021 INFO     ___FILE_ONLY___ NONE
2025-01-22 02:30:36,021 INFO     ___FILE_ONLY___ 

2025-01-22 02:30:36,021 INFO     ___FILE_ONLY___ timeoutSec
2025-01-22 02:30:36,022 INFO     ___FILE_ONLY___ :
2025-01-22 02:30:36,022 INFO     ___FILE_ONLY___  
2025-01-22 02:30:36,022 INFO     ___FILE_ONLY___ 30
2025-01-22 02:30:36,022 INFO     ___FILE_ONLY___ 

2025-01-22 02:30:36,022 INFO     ___FILE_ONLY___ usedBy
2025-01-22 02:30:36,022 INFO     ___FILE_ONLY___ :
2025-01-22 02:30:36,022 INFO     ___FILE_ONLY___ 

2025-01-22 02:30:36,022 INFO     ___FILE_ONLY___ -
2025-01-22 02:30:36,022 INFO     ___FILE_ONLY___  
2025-01-22 02:30:36,023 INFO     ___FILE_ONLY___ reference
2025-01-22 02:30:36,023 INFO     ___FILE_ONLY___ :
2025-01-22 02:30:36,023 INFO     ___FILE_ONLY___  
2025-01-22 02:30:36,023 INFO     ___FILE_ONLY___ https://www.googleapis.com/compute/v1/projects/peppy-arcadia-432311-g5/global/urlMaps/k8s2-um-q8v1muts-default-app-ingress-z10wnwnc
2025-01-22 02:30:36,023 INFO     ___FILE_ONLY___ 

2025-01-22 02:30:36,024 DEBUG    root            SDK update checks are disabled.
