2025-01-22 02:33:52,819 DEBUG    root            Loaded Command Group: ['gcloud', 'compute']
2025-01-22 02:33:52,822 DEBUG    root            Loaded Command Group: ['gcloud', 'compute', 'backend_services']
2025-01-22 02:33:52,869 DEBUG    root            Loaded Command Group: ['gcloud', 'compute', 'backend-services', 'get_health']
2025-01-22 02:33:52,874 DEBUG    root            Running [gcloud.compute.backend-services.get-health] with arguments: [--global: "True", BACKEND_SERVICE_NAME: "k8s-be-32040--08fdd539ab0f5ff8"]
2025-01-22 02:33:53,044 DEBUG    root            Chosen display Format:default
2025-01-22 02:33:53,045 INFO     root            Display format: "default"
2025-01-22 02:33:53,048 DEBUG    urllib3.connectionpool Starting new HTTPS connection (1): compute.googleapis.com:443
2025-01-22 02:33:53,599 DEBUG    urllib3.connectionpool https://compute.googleapis.com:443 "GET /compute/v1/projects/peppy-arcadia-432311-g5/global/backendServices/k8s-be-32040--08fdd539ab0f5ff8?alt=json HTTP/1.1" 200 None
2025-01-22 02:33:53,609 DEBUG    urllib3.connectionpool Starting new HTTPS connection (1): compute.googleapis.com:443
2025-01-22 02:33:54,106 DEBUG    urllib3.connectionpool https://compute.googleapis.com:443 "POST /compute/v1/projects/peppy-arcadia-432311-g5/global/backendServices/k8s-be-32040--08fdd539ab0f5ff8/getHealth?alt=json HTTP/1.1" 404 None
2025-01-22 02:33:54,112 DEBUG    urllib3.connectionpool Starting new HTTPS connection (1): compute.googleapis.com:443
2025-01-22 02:33:54,570 DEBUG    urllib3.connectionpool https://compute.googleapis.com:443 "POST /compute/v1/projects/peppy-arcadia-432311-g5/global/backendServices/k8s-be-32040--08fdd539ab0f5ff8/getHealth?alt=json HTTP/1.1" 404 None
2025-01-22 02:33:54,582 DEBUG    urllib3.connectionpool Starting new HTTPS connection (1): compute.googleapis.com:443
2025-01-22 02:33:55,084 DEBUG    urllib3.connectionpool https://compute.googleapis.com:443 "POST /compute/v1/projects/peppy-arcadia-432311-g5/global/backendServices/k8s-be-32040--08fdd539ab0f5ff8/getHealth?alt=json HTTP/1.1" 404 None
2025-01-22 02:33:55,088 DEBUG    root            Chosen display Format:list[title="Could not get health for some groups:",always-display-title]
2025-01-22 02:33:55,088 DEBUG    root            (gcloud.compute.backend-services.get-health) Could not get health for some groups:
 - The resource 'projects/peppy-arcadia-432311-g5/global/backendServices/k8s-be-32040--08fdd539ab0f5ff8' was not found
Traceback (most recent call last):
  File "/usr/bin/../lib/google-cloud-sdk/lib/googlecloudsdk/calliope/cli.py", line 998, in Execute
    resources = calliope_command.Run(cli=self, args=args)
                ^^^^^^^^^^^^^^^^^^^^^^^^^^^^^^^^^^^^^^^^^
  File "/usr/bin/../lib/google-cloud-sdk/lib/googlecloudsdk/calliope/backend.py", line 937, in Run
    ).Display()
      ^^^^^^^^^
  File "/usr/bin/../lib/google-cloud-sdk/lib/googlecloudsdk/calliope/display.py", line 507, in Display
    self._printer.Print(self._resources)
  File "/usr/bin/../lib/google-cloud-sdk/lib/googlecloudsdk/core/resource/resource_printer_base.py", line 301, in Print
    for resource in resources:
  File "/usr/bin/../lib/google-cloud-sdk/lib/googlecloudsdk/api_lib/compute/backend_services/client.py", line 195, in GetHealth
    utils.RaiseToolException(
  File "/usr/bin/../lib/google-cloud-sdk/lib/googlecloudsdk/api_lib/compute/utils.py", line 139, in RaiseToolException
    RaiseException(problems, calliope_exceptions.ToolException, error_message)
  File "/usr/bin/../lib/google-cloud-sdk/lib/googlecloudsdk/api_lib/compute/utils.py", line 148, in RaiseException
    raise exception(
googlecloudsdk.calliope.exceptions.ToolException: Could not get health for some groups:
 - The resource 'projects/peppy-arcadia-432311-g5/global/backendServices/k8s-be-32040--08fdd539ab0f5ff8' was not found

2025-01-22 02:33:55,106 ERROR    root            (gcloud.compute.backend-services.get-health) Could not get health for some groups:
 - The resource 'projects/peppy-arcadia-432311-g5/global/backendServices/k8s-be-32040--08fdd539ab0f5ff8' was not found

