2025-01-22 02:31:52,755 DEBUG    root            Loaded Command Group: ['gcloud', 'compute']
2025-01-22 02:31:52,768 DEBUG    root            Loaded Command Group: ['gcloud', 'compute', 'health_checks']
2025-01-22 02:31:52,787 DEBUG    root            Loaded Command Group: ['gcloud', 'compute', 'health-checks', 'describe']
2025-01-22 02:31:52,790 DEBUG    root            Running [gcloud.compute.health-checks.describe] with arguments: [NAME: "k8s-be-32040--08fdd539ab0f5ff8"]
2025-01-22 02:31:52,979 DEBUG    urllib3.connectionpool Starting new HTTPS connection (1): compute.googleapis.com:443
2025-01-22 02:31:53,550 DEBUG    urllib3.connectionpool https://compute.googleapis.com:443 "GET /compute/v1/projects/peppy-arcadia-432311-g5/global/healthChecks/k8s-be-32040--08fdd539ab0f5ff8?alt=json HTTP/1.1" 200 None
2025-01-22 02:31:53,555 DEBUG    root            Chosen display Format:default
2025-01-22 02:31:53,556 INFO     root            Display format: "default"
2025-01-22 02:31:53,584 INFO     ___FILE_ONLY___ checkIntervalSec
2025-01-22 02:31:53,584 INFO     ___FILE_ONLY___ :
2025-01-22 02:31:53,584 INFO     ___FILE_ONLY___  
2025-01-22 02:31:53,584 INFO     ___FILE_ONLY___ 60
2025-01-22 02:31:53,584 INFO     ___FILE_ONLY___ 

2025-01-22 02:31:53,584 INFO     ___FILE_ONLY___ creationTimestamp
2025-01-22 02:31:53,585 INFO     ___FILE_ONLY___ :
2025-01-22 02:31:53,585 INFO     ___FILE_ONLY___  '
2025-01-22 02:31:53,585 INFO     ___FILE_ONLY___ 2025-01-21T08:38:47.258-08:00
2025-01-22 02:31:53,586 INFO     ___FILE_ONLY___ '
2025-01-22 02:31:53,586 INFO     ___FILE_ONLY___ 

2025-01-22 02:31:53,586 INFO     ___FILE_ONLY___ description
2025-01-22 02:31:53,586 INFO     ___FILE_ONLY___ :
2025-01-22 02:31:53,586 INFO     ___FILE_ONLY___  
2025-01-22 02:31:53,586 INFO     ___FILE_ONLY___ Default
2025-01-22 02:31:53,586 INFO     ___FILE_ONLY___  
2025-01-22 02:31:53,586 INFO     ___FILE_ONLY___ kubernetes
2025-01-22 02:31:53,586 INFO     ___FILE_ONLY___  
2025-01-22 02:31:53,586 INFO     ___FILE_ONLY___ L7
2025-01-22 02:31:53,586 INFO     ___FILE_ONLY___  
2025-01-22 02:31:53,587 INFO     ___FILE_ONLY___ Loadbalancing
2025-01-22 02:31:53,587 INFO     ___FILE_ONLY___  
2025-01-22 02:31:53,587 INFO     ___FILE_ONLY___ health
2025-01-22 02:31:53,587 INFO     ___FILE_ONLY___  
2025-01-22 02:31:53,587 INFO     ___FILE_ONLY___ check.
2025-01-22 02:31:53,587 INFO     ___FILE_ONLY___ 

2025-01-22 02:31:53,587 INFO     ___FILE_ONLY___ healthyThreshold
2025-01-22 02:31:53,587 INFO     ___FILE_ONLY___ :
2025-01-22 02:31:53,587 INFO     ___FILE_ONLY___  
2025-01-22 02:31:53,587 INFO     ___FILE_ONLY___ 1
2025-01-22 02:31:53,587 INFO     ___FILE_ONLY___ 

2025-01-22 02:31:53,588 INFO     ___FILE_ONLY___ httpHealthCheck
2025-01-22 02:31:53,588 INFO     ___FILE_ONLY___ :
2025-01-22 02:31:53,588 INFO     ___FILE_ONLY___ 

2025-01-22 02:31:53,588 INFO     ___FILE_ONLY___   
2025-01-22 02:31:53,588 INFO     ___FILE_ONLY___ port
2025-01-22 02:31:53,588 INFO     ___FILE_ONLY___ :
2025-01-22 02:31:53,589 INFO     ___FILE_ONLY___  
2025-01-22 02:31:53,589 INFO     ___FILE_ONLY___ 32040
2025-01-22 02:31:53,589 INFO     ___FILE_ONLY___ 

2025-01-22 02:31:53,589 INFO     ___FILE_ONLY___   
2025-01-22 02:31:53,590 INFO     ___FILE_ONLY___ proxyHeader
2025-01-22 02:31:53,590 INFO     ___FILE_ONLY___ :
2025-01-22 02:31:53,591 INFO     ___FILE_ONLY___  
2025-01-22 02:31:53,591 INFO     ___FILE_ONLY___ NONE
2025-01-22 02:31:53,591 INFO     ___FILE_ONLY___ 

2025-01-22 02:31:53,591 INFO     ___FILE_ONLY___   
2025-01-22 02:31:53,591 INFO     ___FILE_ONLY___ requestPath
2025-01-22 02:31:53,592 INFO     ___FILE_ONLY___ :
2025-01-22 02:31:53,592 INFO     ___FILE_ONLY___  
2025-01-22 02:31:53,593 INFO     ___FILE_ONLY___ /
2025-01-22 02:31:53,593 INFO     ___FILE_ONLY___ 

2025-01-22 02:31:53,593 INFO     ___FILE_ONLY___ id
2025-01-22 02:31:53,594 INFO     ___FILE_ONLY___ :
2025-01-22 02:31:53,594 INFO     ___FILE_ONLY___  '
2025-01-22 02:31:53,594 INFO     ___FILE_ONLY___ 6513552812136362872
2025-01-22 02:31:53,594 INFO     ___FILE_ONLY___ '
2025-01-22 02:31:53,594 INFO     ___FILE_ONLY___ 

2025-01-22 02:31:53,594 INFO     ___FILE_ONLY___ kind
2025-01-22 02:31:53,595 INFO     ___FILE_ONLY___ :
2025-01-22 02:31:53,595 INFO     ___FILE_ONLY___  
2025-01-22 02:31:53,595 INFO     ___FILE_ONLY___ compute#healthCheck
2025-01-22 02:31:53,595 INFO     ___FILE_ONLY___ 

2025-01-22 02:31:53,595 INFO     ___FILE_ONLY___ name
2025-01-22 02:31:53,595 INFO     ___FILE_ONLY___ :
2025-01-22 02:31:53,595 INFO     ___FILE_ONLY___  
2025-01-22 02:31:53,596 INFO     ___FILE_ONLY___ k8s-be-32040--08fdd539ab0f5ff8
2025-01-22 02:31:53,596 INFO     ___FILE_ONLY___ 

2025-01-22 02:31:53,596 INFO     ___FILE_ONLY___ selfLink
2025-01-22 02:31:53,596 INFO     ___FILE_ONLY___ :
2025-01-22 02:31:53,596 INFO     ___FILE_ONLY___  
2025-01-22 02:31:53,597 INFO     ___FILE_ONLY___ https://www.googleapis.com/compute/v1/projects/peppy-arcadia-432311-g5/global/healthChecks/k8s-be-32040--08fdd539ab0f5ff8
2025-01-22 02:31:53,597 INFO     ___FILE_ONLY___ 

2025-01-22 02:31:53,597 INFO     ___FILE_ONLY___ timeoutSec
2025-01-22 02:31:53,597 INFO     ___FILE_ONLY___ :
2025-01-22 02:31:53,597 INFO     ___FILE_ONLY___  
2025-01-22 02:31:53,598 INFO     ___FILE_ONLY___ 60
2025-01-22 02:31:53,598 INFO     ___FILE_ONLY___ 

2025-01-22 02:31:53,598 INFO     ___FILE_ONLY___ type
2025-01-22 02:31:53,598 INFO     ___FILE_ONLY___ :
2025-01-22 02:31:53,598 INFO     ___FILE_ONLY___  
2025-01-22 02:31:53,598 INFO     ___FILE_ONLY___ HTTP
2025-01-22 02:31:53,598 INFO     ___FILE_ONLY___ 

2025-01-22 02:31:53,598 INFO     ___FILE_ONLY___ unhealthyThreshold
2025-01-22 02:31:53,599 INFO     ___FILE_ONLY___ :
2025-01-22 02:31:53,599 INFO     ___FILE_ONLY___  
2025-01-22 02:31:53,599 INFO     ___FILE_ONLY___ 10
2025-01-22 02:31:53,599 INFO     ___FILE_ONLY___ 

2025-01-22 02:31:53,599 DEBUG    root            SDK update checks are disabled.
