2025-01-22 14:55:25,448 DEBUG    root            Loaded Command Group: ['gcloud', 'container', 'node_pools']
2025-01-22 14:55:25,450 DEBUG    root            Loaded Command Group: ['gcloud', 'container', 'node-pools', 'delete']
2025-01-22 14:55:25,528 DEBUG    google.auth.transport.requests Making request: POST https://oauth2.googleapis.com/token
2025-01-22 14:55:25,533 DEBUG    urllib3.connectionpool Starting new HTTPS connection (1): oauth2.googleapis.com:443
2025-01-22 14:55:25,981 DEBUG    urllib3.connectionpool https://oauth2.googleapis.com:443 "POST /token HTTP/1.1" 200 None
2025-01-22 14:55:26,051 DEBUG    root            Running [gcloud.container.node-pools.delete] with arguments: [--cluster: "gcp-dr-gke", --quiet: "True", --region: "asia-northeast3", NAME: "default-pool"]
2025-01-22 14:55:26,056 DEBUG    urllib3.connectionpool Starting new HTTPS connection (1): container.googleapis.com:443
2025-01-22 14:55:26,256 DEBUG    urllib3.connectionpool https://container.googleapis.com:443 "GET /v1/projects/peppy-arcadia-432311-g5/locations/asia-northeast3/clusters/gcp-dr-gke/nodePools/default-pool?alt=json HTTP/1.1" 200 None
2025-01-22 14:55:26,262 DEBUG    urllib3.connectionpool Starting new HTTPS connection (1): container.googleapis.com:443
2025-01-22 14:55:26,570 DEBUG    urllib3.connectionpool https://container.googleapis.com:443 "DELETE /v1/projects/peppy-arcadia-432311-g5/locations/asia-northeast3/clusters/gcp-dr-gke/nodePools/default-pool?alt=json HTTP/1.1" 200 None
2025-01-22 14:55:26,575 INFO     ___FILE_ONLY___ Deleting node pool default-pool...
2025-01-22 14:55:26,583 DEBUG    urllib3.connectionpool Starting new HTTPS connection (1): container.googleapis.com:443
2025-01-22 14:55:26,760 DEBUG    urllib3.connectionpool https://container.googleapis.com:443 "GET /v1/projects/peppy-arcadia-432311-g5/locations/asia-northeast3/operations/operation-1737525326748-6d87f0b9-2a60-4874-92c8-08526c639a59?alt=json HTTP/1.1" 200 None
2025-01-22 14:55:31,769 DEBUG    urllib3.connectionpool Starting new HTTPS connection (1): container.googleapis.com:443
2025-01-22 14:55:31,972 DEBUG    urllib3.connectionpool https://container.googleapis.com:443 "GET /v1/projects/peppy-arcadia-432311-g5/locations/asia-northeast3/operations/operation-1737525326748-6d87f0b9-2a60-4874-92c8-08526c639a59?alt=json HTTP/1.1" 200 None
2025-01-22 14:55:36,981 DEBUG    urllib3.connectionpool Starting new HTTPS connection (1): container.googleapis.com:443
2025-01-22 14:55:37,136 DEBUG    urllib3.connectionpool https://container.googleapis.com:443 "GET /v1/projects/peppy-arcadia-432311-g5/locations/asia-northeast3/operations/operation-1737525326748-6d87f0b9-2a60-4874-92c8-08526c639a59?alt=json HTTP/1.1" 200 None
2025-01-22 14:55:42,144 DEBUG    urllib3.connectionpool Starting new HTTPS connection (1): container.googleapis.com:443
2025-01-22 14:55:42,306 DEBUG    urllib3.connectionpool https://container.googleapis.com:443 "GET /v1/projects/peppy-arcadia-432311-g5/locations/asia-northeast3/operations/operation-1737525326748-6d87f0b9-2a60-4874-92c8-08526c639a59?alt=json HTTP/1.1" 200 None
2025-01-22 14:55:47,314 DEBUG    urllib3.connectionpool Starting new HTTPS connection (1): container.googleapis.com:443
2025-01-22 14:55:47,512 DEBUG    urllib3.connectionpool https://container.googleapis.com:443 "GET /v1/projects/peppy-arcadia-432311-g5/locations/asia-northeast3/operations/operation-1737525326748-6d87f0b9-2a60-4874-92c8-08526c639a59?alt=json HTTP/1.1" 200 None
2025-01-22 14:55:52,518 DEBUG    urllib3.connectionpool Starting new HTTPS connection (1): container.googleapis.com:443
2025-01-22 14:55:52,706 DEBUG    urllib3.connectionpool https://container.googleapis.com:443 "GET /v1/projects/peppy-arcadia-432311-g5/locations/asia-northeast3/operations/operation-1737525326748-6d87f0b9-2a60-4874-92c8-08526c639a59?alt=json HTTP/1.1" 200 None
2025-01-22 14:55:57,715 DEBUG    urllib3.connectionpool Starting new HTTPS connection (1): container.googleapis.com:443
2025-01-22 14:55:57,897 DEBUG    urllib3.connectionpool https://container.googleapis.com:443 "GET /v1/projects/peppy-arcadia-432311-g5/locations/asia-northeast3/operations/operation-1737525326748-6d87f0b9-2a60-4874-92c8-08526c639a59?alt=json HTTP/1.1" 200 None
2025-01-22 14:56:02,907 DEBUG    urllib3.connectionpool Starting new HTTPS connection (1): container.googleapis.com:443
2025-01-22 14:56:03,073 DEBUG    urllib3.connectionpool https://container.googleapis.com:443 "GET /v1/projects/peppy-arcadia-432311-g5/locations/asia-northeast3/operations/operation-1737525326748-6d87f0b9-2a60-4874-92c8-08526c639a59?alt=json HTTP/1.1" 200 None
2025-01-22 14:56:08,081 DEBUG    urllib3.connectionpool Starting new HTTPS connection (1): container.googleapis.com:443
2025-01-22 14:56:08,239 DEBUG    urllib3.connectionpool https://container.googleapis.com:443 "GET /v1/projects/peppy-arcadia-432311-g5/locations/asia-northeast3/operations/operation-1737525326748-6d87f0b9-2a60-4874-92c8-08526c639a59?alt=json HTTP/1.1" 200 None
2025-01-22 14:56:13,246 DEBUG    urllib3.connectionpool Starting new HTTPS connection (1): container.googleapis.com:443
2025-01-22 14:56:13,455 DEBUG    urllib3.connectionpool https://container.googleapis.com:443 "GET /v1/projects/peppy-arcadia-432311-g5/locations/asia-northeast3/operations/operation-1737525326748-6d87f0b9-2a60-4874-92c8-08526c639a59?alt=json HTTP/1.1" 200 None
2025-01-22 14:56:18,462 DEBUG    urllib3.connectionpool Starting new HTTPS connection (1): container.googleapis.com:443
2025-01-22 14:56:18,630 DEBUG    urllib3.connectionpool https://container.googleapis.com:443 "GET /v1/projects/peppy-arcadia-432311-g5/locations/asia-northeast3/operations/operation-1737525326748-6d87f0b9-2a60-4874-92c8-08526c639a59?alt=json HTTP/1.1" 200 None
2025-01-22 14:56:23,636 DEBUG    urllib3.connectionpool Starting new HTTPS connection (1): container.googleapis.com:443
2025-01-22 14:56:23,809 DEBUG    urllib3.connectionpool https://container.googleapis.com:443 "GET /v1/projects/peppy-arcadia-432311-g5/locations/asia-northeast3/operations/operation-1737525326748-6d87f0b9-2a60-4874-92c8-08526c639a59?alt=json HTTP/1.1" 200 None
2025-01-22 14:56:28,815 DEBUG    urllib3.connectionpool Starting new HTTPS connection (1): container.googleapis.com:443
2025-01-22 14:56:28,926 DEBUG    urllib3.connectionpool https://container.googleapis.com:443 "GET /v1/projects/peppy-arcadia-432311-g5/locations/asia-northeast3/operations/operation-1737525326748-6d87f0b9-2a60-4874-92c8-08526c639a59?alt=json HTTP/1.1" 200 None
2025-01-22 14:56:33,934 DEBUG    urllib3.connectionpool Starting new HTTPS connection (1): container.googleapis.com:443
2025-01-22 14:56:34,513 DEBUG    urllib3.connectionpool https://container.googleapis.com:443 "GET /v1/projects/peppy-arcadia-432311-g5/locations/asia-northeast3/operations/operation-1737525326748-6d87f0b9-2a60-4874-92c8-08526c639a59?alt=json HTTP/1.1" 200 None
2025-01-22 14:56:39,521 DEBUG    urllib3.connectionpool Starting new HTTPS connection (1): container.googleapis.com:443
2025-01-22 14:56:39,732 DEBUG    urllib3.connectionpool https://container.googleapis.com:443 "GET /v1/projects/peppy-arcadia-432311-g5/locations/asia-northeast3/operations/operation-1737525326748-6d87f0b9-2a60-4874-92c8-08526c639a59?alt=json HTTP/1.1" 200 None
2025-01-22 14:56:44,738 DEBUG    urllib3.connectionpool Starting new HTTPS connection (1): container.googleapis.com:443
2025-01-22 14:56:44,901 DEBUG    urllib3.connectionpool https://container.googleapis.com:443 "GET /v1/projects/peppy-arcadia-432311-g5/locations/asia-northeast3/operations/operation-1737525326748-6d87f0b9-2a60-4874-92c8-08526c639a59?alt=json HTTP/1.1" 200 None
2025-01-22 14:56:49,907 DEBUG    urllib3.connectionpool Starting new HTTPS connection (1): container.googleapis.com:443
2025-01-22 14:56:50,084 DEBUG    urllib3.connectionpool https://container.googleapis.com:443 "GET /v1/projects/peppy-arcadia-432311-g5/locations/asia-northeast3/operations/operation-1737525326748-6d87f0b9-2a60-4874-92c8-08526c639a59?alt=json HTTP/1.1" 200 None
2025-01-22 14:56:55,091 DEBUG    urllib3.connectionpool Starting new HTTPS connection (1): container.googleapis.com:443
2025-01-22 14:56:55,287 DEBUG    urllib3.connectionpool https://container.googleapis.com:443 "GET /v1/projects/peppy-arcadia-432311-g5/locations/asia-northeast3/operations/operation-1737525326748-6d87f0b9-2a60-4874-92c8-08526c639a59?alt=json HTTP/1.1" 200 None
2025-01-22 14:57:00,296 DEBUG    urllib3.connectionpool Starting new HTTPS connection (1): container.googleapis.com:443
2025-01-22 14:57:00,465 DEBUG    urllib3.connectionpool https://container.googleapis.com:443 "GET /v1/projects/peppy-arcadia-432311-g5/locations/asia-northeast3/operations/operation-1737525326748-6d87f0b9-2a60-4874-92c8-08526c639a59?alt=json HTTP/1.1" 200 None
2025-01-22 14:57:05,471 DEBUG    urllib3.connectionpool Starting new HTTPS connection (1): container.googleapis.com:443
2025-01-22 14:57:05,636 DEBUG    urllib3.connectionpool https://container.googleapis.com:443 "GET /v1/projects/peppy-arcadia-432311-g5/locations/asia-northeast3/operations/operation-1737525326748-6d87f0b9-2a60-4874-92c8-08526c639a59?alt=json HTTP/1.1" 200 None
2025-01-22 14:57:10,643 DEBUG    urllib3.connectionpool Starting new HTTPS connection (1): container.googleapis.com:443
2025-01-22 14:57:10,849 DEBUG    urllib3.connectionpool https://container.googleapis.com:443 "GET /v1/projects/peppy-arcadia-432311-g5/locations/asia-northeast3/operations/operation-1737525326748-6d87f0b9-2a60-4874-92c8-08526c639a59?alt=json HTTP/1.1" 200 None
2025-01-22 14:57:15,856 DEBUG    urllib3.connectionpool Starting new HTTPS connection (1): container.googleapis.com:443
2025-01-22 14:57:15,981 DEBUG    urllib3.connectionpool https://container.googleapis.com:443 "GET /v1/projects/peppy-arcadia-432311-g5/locations/asia-northeast3/operations/operation-1737525326748-6d87f0b9-2a60-4874-92c8-08526c639a59?alt=json HTTP/1.1" 200 None
2025-01-22 14:57:20,987 DEBUG    urllib3.connectionpool Starting new HTTPS connection (1): container.googleapis.com:443
2025-01-22 14:57:21,169 DEBUG    urllib3.connectionpool https://container.googleapis.com:443 "GET /v1/projects/peppy-arcadia-432311-g5/locations/asia-northeast3/operations/operation-1737525326748-6d87f0b9-2a60-4874-92c8-08526c639a59?alt=json HTTP/1.1" 200 None
2025-01-22 14:57:26,182 DEBUG    urllib3.connectionpool Starting new HTTPS connection (1): container.googleapis.com:443
2025-01-22 14:57:26,364 DEBUG    urllib3.connectionpool https://container.googleapis.com:443 "GET /v1/projects/peppy-arcadia-432311-g5/locations/asia-northeast3/operations/operation-1737525326748-6d87f0b9-2a60-4874-92c8-08526c639a59?alt=json HTTP/1.1" 200 None
2025-01-22 14:57:31,371 DEBUG    urllib3.connectionpool Starting new HTTPS connection (1): container.googleapis.com:443
2025-01-22 14:57:31,490 DEBUG    urllib3.connectionpool https://container.googleapis.com:443 "GET /v1/projects/peppy-arcadia-432311-g5/locations/asia-northeast3/operations/operation-1737525326748-6d87f0b9-2a60-4874-92c8-08526c639a59?alt=json HTTP/1.1" 200 None
2025-01-22 14:57:36,498 DEBUG    urllib3.connectionpool Starting new HTTPS connection (1): container.googleapis.com:443
2025-01-22 14:57:36,658 DEBUG    urllib3.connectionpool https://container.googleapis.com:443 "GET /v1/projects/peppy-arcadia-432311-g5/locations/asia-northeast3/operations/operation-1737525326748-6d87f0b9-2a60-4874-92c8-08526c639a59?alt=json HTTP/1.1" 200 None
2025-01-22 14:57:41,665 DEBUG    urllib3.connectionpool Starting new HTTPS connection (1): container.googleapis.com:443
2025-01-22 14:57:41,836 DEBUG    urllib3.connectionpool https://container.googleapis.com:443 "GET /v1/projects/peppy-arcadia-432311-g5/locations/asia-northeast3/operations/operation-1737525326748-6d87f0b9-2a60-4874-92c8-08526c639a59?alt=json HTTP/1.1" 200 None
2025-01-22 14:57:46,844 DEBUG    urllib3.connectionpool Starting new HTTPS connection (1): container.googleapis.com:443
2025-01-22 14:57:47,012 DEBUG    urllib3.connectionpool https://container.googleapis.com:443 "GET /v1/projects/peppy-arcadia-432311-g5/locations/asia-northeast3/operations/operation-1737525326748-6d87f0b9-2a60-4874-92c8-08526c639a59?alt=json HTTP/1.1" 200 None
2025-01-22 14:57:52,018 DEBUG    urllib3.connectionpool Starting new HTTPS connection (1): container.googleapis.com:443
2025-01-22 14:57:52,176 DEBUG    urllib3.connectionpool https://container.googleapis.com:443 "GET /v1/projects/peppy-arcadia-432311-g5/locations/asia-northeast3/operations/operation-1737525326748-6d87f0b9-2a60-4874-92c8-08526c639a59?alt=json HTTP/1.1" 200 None
2025-01-22 14:57:57,182 DEBUG    urllib3.connectionpool Starting new HTTPS connection (1): container.googleapis.com:443
2025-01-22 14:57:57,361 DEBUG    urllib3.connectionpool https://container.googleapis.com:443 "GET /v1/projects/peppy-arcadia-432311-g5/locations/asia-northeast3/operations/operation-1737525326748-6d87f0b9-2a60-4874-92c8-08526c639a59?alt=json HTTP/1.1" 200 None
2025-01-22 14:58:02,366 DEBUG    urllib3.connectionpool Starting new HTTPS connection (1): container.googleapis.com:443
2025-01-22 14:58:02,516 DEBUG    urllib3.connectionpool https://container.googleapis.com:443 "GET /v1/projects/peppy-arcadia-432311-g5/locations/asia-northeast3/operations/operation-1737525326748-6d87f0b9-2a60-4874-92c8-08526c639a59?alt=json HTTP/1.1" 200 None
2025-01-22 14:58:07,524 DEBUG    urllib3.connectionpool Starting new HTTPS connection (1): container.googleapis.com:443
2025-01-22 14:58:07,685 DEBUG    urllib3.connectionpool https://container.googleapis.com:443 "GET /v1/projects/peppy-arcadia-432311-g5/locations/asia-northeast3/operations/operation-1737525326748-6d87f0b9-2a60-4874-92c8-08526c639a59?alt=json HTTP/1.1" 200 None
2025-01-22 14:58:12,691 DEBUG    urllib3.connectionpool Starting new HTTPS connection (1): container.googleapis.com:443
2025-01-22 14:58:12,866 DEBUG    urllib3.connectionpool https://container.googleapis.com:443 "GET /v1/projects/peppy-arcadia-432311-g5/locations/asia-northeast3/operations/operation-1737525326748-6d87f0b9-2a60-4874-92c8-08526c639a59?alt=json HTTP/1.1" 200 None
2025-01-22 14:58:17,872 DEBUG    urllib3.connectionpool Starting new HTTPS connection (1): container.googleapis.com:443
2025-01-22 14:58:18,075 DEBUG    urllib3.connectionpool https://container.googleapis.com:443 "GET /v1/projects/peppy-arcadia-432311-g5/locations/asia-northeast3/operations/operation-1737525326748-6d87f0b9-2a60-4874-92c8-08526c639a59?alt=json HTTP/1.1" 200 None
2025-01-22 14:58:23,083 DEBUG    urllib3.connectionpool Starting new HTTPS connection (1): container.googleapis.com:443
2025-01-22 14:58:23,294 DEBUG    urllib3.connectionpool https://container.googleapis.com:443 "GET /v1/projects/peppy-arcadia-432311-g5/locations/asia-northeast3/operations/operation-1737525326748-6d87f0b9-2a60-4874-92c8-08526c639a59?alt=json HTTP/1.1" 200 None
2025-01-22 14:58:28,300 DEBUG    urllib3.connectionpool Starting new HTTPS connection (1): container.googleapis.com:443
2025-01-22 14:58:28,431 DEBUG    urllib3.connectionpool https://container.googleapis.com:443 "GET /v1/projects/peppy-arcadia-432311-g5/locations/asia-northeast3/operations/operation-1737525326748-6d87f0b9-2a60-4874-92c8-08526c639a59?alt=json HTTP/1.1" 200 None
2025-01-22 14:58:33,437 DEBUG    urllib3.connectionpool Starting new HTTPS connection (1): container.googleapis.com:443
2025-01-22 14:58:33,569 DEBUG    urllib3.connectionpool https://container.googleapis.com:443 "GET /v1/projects/peppy-arcadia-432311-g5/locations/asia-northeast3/operations/operation-1737525326748-6d87f0b9-2a60-4874-92c8-08526c639a59?alt=json HTTP/1.1" 200 None
2025-01-22 14:58:38,577 DEBUG    urllib3.connectionpool Starting new HTTPS connection (1): container.googleapis.com:443
2025-01-22 14:58:38,782 DEBUG    urllib3.connectionpool https://container.googleapis.com:443 "GET /v1/projects/peppy-arcadia-432311-g5/locations/asia-northeast3/operations/operation-1737525326748-6d87f0b9-2a60-4874-92c8-08526c639a59?alt=json HTTP/1.1" 200 None
2025-01-22 14:58:43,789 DEBUG    urllib3.connectionpool Starting new HTTPS connection (1): container.googleapis.com:443
2025-01-22 14:58:43,960 DEBUG    urllib3.connectionpool https://container.googleapis.com:443 "GET /v1/projects/peppy-arcadia-432311-g5/locations/asia-northeast3/operations/operation-1737525326748-6d87f0b9-2a60-4874-92c8-08526c639a59?alt=json HTTP/1.1" 200 None
2025-01-22 14:58:48,967 DEBUG    urllib3.connectionpool Starting new HTTPS connection (1): container.googleapis.com:443
2025-01-22 14:58:49,129 DEBUG    urllib3.connectionpool https://container.googleapis.com:443 "GET /v1/projects/peppy-arcadia-432311-g5/locations/asia-northeast3/operations/operation-1737525326748-6d87f0b9-2a60-4874-92c8-08526c639a59?alt=json HTTP/1.1" 200 None
2025-01-22 14:58:54,135 DEBUG    urllib3.connectionpool Starting new HTTPS connection (1): container.googleapis.com:443
2025-01-22 14:58:54,272 DEBUG    urllib3.connectionpool https://container.googleapis.com:443 "GET /v1/projects/peppy-arcadia-432311-g5/locations/asia-northeast3/operations/operation-1737525326748-6d87f0b9-2a60-4874-92c8-08526c639a59?alt=json HTTP/1.1" 200 None
2025-01-22 14:58:59,278 DEBUG    urllib3.connectionpool Starting new HTTPS connection (1): container.googleapis.com:443
2025-01-22 14:58:59,440 DEBUG    urllib3.connectionpool https://container.googleapis.com:443 "GET /v1/projects/peppy-arcadia-432311-g5/locations/asia-northeast3/operations/operation-1737525326748-6d87f0b9-2a60-4874-92c8-08526c639a59?alt=json HTTP/1.1" 200 None
2025-01-22 14:59:04,447 DEBUG    urllib3.connectionpool Starting new HTTPS connection (1): container.googleapis.com:443
2025-01-22 14:59:04,565 DEBUG    urllib3.connectionpool https://container.googleapis.com:443 "GET /v1/projects/peppy-arcadia-432311-g5/locations/asia-northeast3/operations/operation-1737525326748-6d87f0b9-2a60-4874-92c8-08526c639a59?alt=json HTTP/1.1" 200 None
2025-01-22 14:59:09,572 DEBUG    urllib3.connectionpool Starting new HTTPS connection (1): container.googleapis.com:443
2025-01-22 14:59:09,765 DEBUG    urllib3.connectionpool https://container.googleapis.com:443 "GET /v1/projects/peppy-arcadia-432311-g5/locations/asia-northeast3/operations/operation-1737525326748-6d87f0b9-2a60-4874-92c8-08526c639a59?alt=json HTTP/1.1" 200 None
2025-01-22 14:59:14,770 DEBUG    urllib3.connectionpool Starting new HTTPS connection (1): container.googleapis.com:443
2025-01-22 14:59:14,895 DEBUG    urllib3.connectionpool https://container.googleapis.com:443 "GET /v1/projects/peppy-arcadia-432311-g5/locations/asia-northeast3/operations/operation-1737525326748-6d87f0b9-2a60-4874-92c8-08526c639a59?alt=json HTTP/1.1" 200 None
2025-01-22 14:59:19,904 DEBUG    urllib3.connectionpool Starting new HTTPS connection (1): container.googleapis.com:443
2025-01-22 14:59:20,035 DEBUG    urllib3.connectionpool https://container.googleapis.com:443 "GET /v1/projects/peppy-arcadia-432311-g5/locations/asia-northeast3/operations/operation-1737525326748-6d87f0b9-2a60-4874-92c8-08526c639a59?alt=json HTTP/1.1" 200 None
2025-01-22 14:59:25,041 DEBUG    urllib3.connectionpool Starting new HTTPS connection (1): container.googleapis.com:443
2025-01-22 14:59:25,180 DEBUG    urllib3.connectionpool https://container.googleapis.com:443 "GET /v1/projects/peppy-arcadia-432311-g5/locations/asia-northeast3/operations/operation-1737525326748-6d87f0b9-2a60-4874-92c8-08526c639a59?alt=json HTTP/1.1" 200 None
2025-01-22 14:59:30,186 DEBUG    urllib3.connectionpool Starting new HTTPS connection (1): container.googleapis.com:443
2025-01-22 14:59:30,308 DEBUG    urllib3.connectionpool https://container.googleapis.com:443 "GET /v1/projects/peppy-arcadia-432311-g5/locations/asia-northeast3/operations/operation-1737525326748-6d87f0b9-2a60-4874-92c8-08526c639a59?alt=json HTTP/1.1" 200 None
2025-01-22 14:59:35,315 DEBUG    urllib3.connectionpool Starting new HTTPS connection (1): container.googleapis.com:443
2025-01-22 14:59:35,463 DEBUG    urllib3.connectionpool https://container.googleapis.com:443 "GET /v1/projects/peppy-arcadia-432311-g5/locations/asia-northeast3/operations/operation-1737525326748-6d87f0b9-2a60-4874-92c8-08526c639a59?alt=json HTTP/1.1" 200 None
2025-01-22 14:59:40,469 DEBUG    urllib3.connectionpool Starting new HTTPS connection (1): container.googleapis.com:443
2025-01-22 14:59:40,676 DEBUG    urllib3.connectionpool https://container.googleapis.com:443 "GET /v1/projects/peppy-arcadia-432311-g5/locations/asia-northeast3/operations/operation-1737525326748-6d87f0b9-2a60-4874-92c8-08526c639a59?alt=json HTTP/1.1" 200 None
2025-01-22 14:59:40,679 INFO     root            Operation <Operation
 clusterConditions: []
 endTime: '2025-01-22T05:59:36.031420737Z'
 name: 'operation-1737525326748-6d87f0b9-2a60-4874-92c8-08526c639a59'
 nodepoolConditions: []
 operationType: OperationTypeValueValuesEnum(DELETE_NODE_POOL, 8)
 selfLink: 'https://container.googleapis.com/v1/projects/134982172036/locations/asia-northeast3/operations/operation-1737525326748-6d87f0b9-2a60-4874-92c8-08526c639a59'
 startTime: '2025-01-22T05:55:26.748661444Z'
 status: StatusValueValuesEnum(DONE, 3)
 targetLink: 'https://container.googleapis.com/v1/projects/134982172036/locations/asia-northeast3/clusters/gcp-dr-gke/nodePools/default-pool'
 zone: 'asia-northeast3'> finished after 2.54e+02 seconds
2025-01-22 14:59:40,737 INFO     ___FILE_ONLY___ Deleted [https://container.googleapis.com/v1/projects/peppy-arcadia-432311-g5/zones/asia-northeast3/clusters/gcp-dr-gke/nodePools/default-pool].

2025-01-22 14:59:40,737 DEBUG    root            Chosen display Format:none
2025-01-22 14:59:40,738 INFO     root            Display format: "none"
2025-01-22 14:59:40,806 DEBUG    root            SDK update checks are disabled.
