2025-01-22 15:29:04,104 DEBUG    root            Loaded Command Group: ['gcloud', 'compute']
2025-01-22 15:29:04,106 DEBUG    root            Loaded Command Group: ['gcloud', 'compute', 'instances']
2025-01-22 15:29:04,113 DEBUG    root            Loaded Command Group: ['gcloud', 'compute', 'instances', 'list']
2025-01-22 15:29:04,116 DEBUG    root            Running [gcloud.compute.instances.list] with arguments: [--filter: "name~'gke-gcp-dr-gke'", --project: "peppy-arcadia-432311-g5"]
2025-01-22 15:29:04,282 INFO     root            client_filter=None server_filter='name eq ".*(gke-gcp-dr-gke).*"'
2025-01-22 15:29:04,282 DEBUG    root            Chosen display Format:    table(
      name,
      zone.basename(),
      machineType.machine_type().basename(),
      scheduling.preemptible.yesno(yes=true, no=''),
      networkInterfaces.internal_ip():label=INTERNAL_IP,
      external_ip():label=EXTERNAL_IP,
      status
    )
2025-01-22 15:29:04,283 INFO     root            Display format: "    table(
      name,
      zone.basename(),
      machineType.machine_type().basename(),
      scheduling.preemptible.yesno(yes=true, no=''),
      networkInterfaces.internal_ip():label=INTERNAL_IP,
      external_ip():label=EXTERNAL_IP,
      status
    )"
2025-01-22 15:29:04,286 DEBUG    urllib3.connectionpool Starting new HTTPS connection (1): compute.googleapis.com:443
2025-01-22 15:29:05,136 DEBUG    urllib3.connectionpool https://compute.googleapis.com:443 "GET /compute/v1/projects/peppy-arcadia-432311-g5/aggregated/instances?alt=json&includeAllScopes=True&maxResults=500&returnPartialSuccess=True HTTP/1.1" 200 None
2025-01-22 15:29:05,558 INFO     ___FILE_ONLY___ NAME
2025-01-22 15:29:05,558 INFO     ___FILE_ONLY___                                               
2025-01-22 15:29:05,558 INFO     ___FILE_ONLY___ ZONE
2025-01-22 15:29:05,558 INFO     ___FILE_ONLY___                
2025-01-22 15:29:05,558 INFO     ___FILE_ONLY___ MACHINE_TYPE
2025-01-22 15:29:05,558 INFO     ___FILE_ONLY___   
2025-01-22 15:29:05,559 INFO     ___FILE_ONLY___ PREEMPTIBLE
2025-01-22 15:29:05,559 INFO     ___FILE_ONLY___   
2025-01-22 15:29:05,559 INFO     ___FILE_ONLY___ INTERNAL_IP
2025-01-22 15:29:05,559 INFO     ___FILE_ONLY___   
2025-01-22 15:29:05,559 INFO     ___FILE_ONLY___ EXTERNAL_IP
2025-01-22 15:29:05,559 INFO     ___FILE_ONLY___     
2025-01-22 15:29:05,559 INFO     ___FILE_ONLY___ STATUS
2025-01-22 15:29:05,559 INFO     ___FILE_ONLY___ 

2025-01-22 15:29:05,559 INFO     ___FILE_ONLY___ gke-gcp-dr-gke-gcp-dr-gke-nodepool-f9568018-lh1r
2025-01-22 15:29:05,559 INFO     ___FILE_ONLY___   
2025-01-22 15:29:05,559 INFO     ___FILE_ONLY___ asia-northeast3-a
2025-01-22 15:29:05,559 INFO     ___FILE_ONLY___   
2025-01-22 15:29:05,559 INFO     ___FILE_ONLY___ e2-medium
2025-01-22 15:29:05,559 INFO     ___FILE_ONLY___                   
2025-01-22 15:29:05,559 INFO     ___FILE_ONLY___ 10.0.1.7
2025-01-22 15:29:05,560 INFO     ___FILE_ONLY___      
2025-01-22 15:29:05,560 INFO     ___FILE_ONLY___ 34.47.118.116
2025-01-22 15:29:05,560 INFO     ___FILE_ONLY___   
2025-01-22 15:29:05,560 INFO     ___FILE_ONLY___ RUNNING
2025-01-22 15:29:05,560 INFO     ___FILE_ONLY___ 

2025-01-22 15:29:05,560 INFO     ___FILE_ONLY___ gke-gcp-dr-gke-gcp-dr-gke-nodepool-f9568018-sn20
2025-01-22 15:29:05,560 INFO     ___FILE_ONLY___   
2025-01-22 15:29:05,560 INFO     ___FILE_ONLY___ asia-northeast3-a
2025-01-22 15:29:05,560 INFO     ___FILE_ONLY___   
2025-01-22 15:29:05,560 INFO     ___FILE_ONLY___ e2-medium
2025-01-22 15:29:05,560 INFO     ___FILE_ONLY___                   
2025-01-22 15:29:05,560 INFO     ___FILE_ONLY___ 10.0.1.6
2025-01-22 15:29:05,560 INFO     ___FILE_ONLY___      
2025-01-22 15:29:05,560 INFO     ___FILE_ONLY___ 34.47.69.132
2025-01-22 15:29:05,561 INFO     ___FILE_ONLY___    
2025-01-22 15:29:05,561 INFO     ___FILE_ONLY___ RUNNING
2025-01-22 15:29:05,561 INFO     ___FILE_ONLY___ 

2025-01-22 15:29:05,561 INFO     ___FILE_ONLY___ gke-gcp-dr-gke-gcp-dr-gke-nodepool-68889999-6lfm
2025-01-22 15:29:05,561 INFO     ___FILE_ONLY___   
2025-01-22 15:29:05,561 INFO     ___FILE_ONLY___ asia-northeast3-b
2025-01-22 15:29:05,561 INFO     ___FILE_ONLY___   
2025-01-22 15:29:05,561 INFO     ___FILE_ONLY___ e2-medium
2025-01-22 15:29:05,561 INFO     ___FILE_ONLY___                   
2025-01-22 15:29:05,561 INFO     ___FILE_ONLY___ 10.0.1.9
2025-01-22 15:29:05,561 INFO     ___FILE_ONLY___      
2025-01-22 15:29:05,561 INFO     ___FILE_ONLY___ 34.64.68.234
2025-01-22 15:29:05,561 INFO     ___FILE_ONLY___    
2025-01-22 15:29:05,561 INFO     ___FILE_ONLY___ RUNNING
2025-01-22 15:29:05,561 INFO     ___FILE_ONLY___ 

2025-01-22 15:29:05,561 INFO     ___FILE_ONLY___ gke-gcp-dr-gke-gcp-dr-gke-nodepool-68889999-gp92
2025-01-22 15:29:05,561 INFO     ___FILE_ONLY___   
2025-01-22 15:29:05,562 INFO     ___FILE_ONLY___ asia-northeast3-b
2025-01-22 15:29:05,562 INFO     ___FILE_ONLY___   
2025-01-22 15:29:05,562 INFO     ___FILE_ONLY___ e2-medium
2025-01-22 15:29:05,562 INFO     ___FILE_ONLY___                   
2025-01-22 15:29:05,562 INFO     ___FILE_ONLY___ 10.0.1.8
2025-01-22 15:29:05,562 INFO     ___FILE_ONLY___      
2025-01-22 15:29:05,562 INFO     ___FILE_ONLY___ 34.47.70.21
2025-01-22 15:29:05,562 INFO     ___FILE_ONLY___     
2025-01-22 15:29:05,562 INFO     ___FILE_ONLY___ RUNNING
2025-01-22 15:29:05,562 INFO     ___FILE_ONLY___ 

2025-01-22 15:29:05,562 DEBUG    root            SDK update checks are disabled.
