2025-01-22 15:37:47,651 DEBUG    root            Loaded Command Group: ['gcloud', 'container', 'operations']
2025-01-22 15:37:47,653 DEBUG    root            Loaded Command Group: ['gcloud', 'container', 'operations', 'describe']
2025-01-22 15:37:47,726 DEBUG    root            Running [gcloud.container.operations.describe] with arguments: [--project: "peppy-arcadia-432311-g5", --region: "asia-northeast3", OPERATION_ID: "1737526714274-0449d890-60b5-4d12-995c-8ef24a685295"]
2025-01-22 15:37:47,733 DEBUG    urllib3.connectionpool Starting new HTTPS connection (1): container.googleapis.com:443
2025-01-22 15:37:47,958 DEBUG    urllib3.connectionpool https://container.googleapis.com:443 "GET /v1/projects/peppy-arcadia-432311-g5/locations/asia-northeast3/operations/1737526714274-0449d890-60b5-4d12-995c-8ef24a685295?alt=json HTTP/1.1" 404 None
2025-01-22 15:37:47,963 DEBUG    root            (gcloud.container.operations.describe) ResponseError: code=404, message=Not found: projects/peppy-arcadia-432311-g5/locations/asia-northeast3/operations/1737526714274-0449d890-60b5-4d12-995c-8ef24a685295. This command is authenticated as 1201ljhun@gmail.com which is the active account specified by the [core/account] property.
Traceback (most recent call last):
  File "/usr/bin/../lib/google-cloud-sdk/lib/surface/container/operations/describe.py", line 67, in Run
    return adapter.GetOperation(
           ^^^^^^^^^^^^^^^^^^^^^
  File "/usr/bin/../lib/google-cloud-sdk/lib/googlecloudsdk/api_lib/container/api_adapter.py", line 1937, in GetOperation
    return self.client.projects_locations_operations.Get(
           ^^^^^^^^^^^^^^^^^^^^^^^^^^^^^^^^^^^^^^^^^^^^^^
  File "/usr/bin/../lib/google-cloud-sdk/lib/googlecloudsdk/generated_clients/apis/container/v1/container_v1_client.py", line 1070, in Get
    return self._RunMethod(
           ^^^^^^^^^^^^^^^^
  File "/usr/bin/../lib/google-cloud-sdk/lib/third_party/apitools/base/py/base_api.py", line 747, in _RunMethod
    return self.ProcessHttpResponse(method_config, http_response, request)
           ^^^^^^^^^^^^^^^^^^^^^^^^^^^^^^^^^^^^^^^^^^^^^^^^^^^^^^^^^^^^^^^
  File "/usr/bin/../lib/google-cloud-sdk/lib/third_party/apitools/base/py/base_api.py", line 753, in ProcessHttpResponse
    self.__ProcessHttpResponse(method_config, http_response, request))
    ^^^^^^^^^^^^^^^^^^^^^^^^^^^^^^^^^^^^^^^^^^^^^^^^^^^^^^^^^^^^^^^^^
  File "/usr/bin/../lib/google-cloud-sdk/lib/third_party/apitools/base/py/base_api.py", line 612, in __ProcessHttpResponse
    raise exceptions.HttpError.FromResponse(
apitools.base.py.exceptions.HttpNotFoundError: HttpError accessing <https://container.googleapis.com/v1/projects/peppy-arcadia-432311-g5/locations/asia-northeast3/operations/1737526714274-0449d890-60b5-4d12-995c-8ef24a685295?alt=json>: response: <{'vary': 'Origin, X-Origin, Referer', 'content-type': 'application/json; charset=UTF-8', 'content-encoding': 'gzip', 'date': 'Wed, 22 Jan 2025 06:37:48 GMT', 'server': 'ESF', 'x-xss-protection': '0', 'x-frame-options': 'SAMEORIGIN', 'x-content-type-options': 'nosniff', 'alt-svc': 'h3=":443"; ma=2592000,h3-29=":443"; ma=2592000', 'transfer-encoding': 'chunked', 'status': 404}>, content <{
  "error": {
    "code": 404,
    "message": "Not found: projects/peppy-arcadia-432311-g5/locations/asia-northeast3/operations/1737526714274-0449d890-60b5-4d12-995c-8ef24a685295.",
    "status": "NOT_FOUND",
    "details": [
      {
        "@type": "type.googleapis.com/google.rpc.RequestInfo",
        "requestId": "0xe6e966a1f5db4164"
      }
    ]
  }
}
>

During handling of the above exception, another exception occurred:

Traceback (most recent call last):
  File "/usr/bin/../lib/google-cloud-sdk/lib/googlecloudsdk/calliope/cli.py", line 998, in Execute
    resources = calliope_command.Run(cli=self, args=args)
                ^^^^^^^^^^^^^^^^^^^^^^^^^^^^^^^^^^^^^^^^^
  File "/usr/bin/../lib/google-cloud-sdk/lib/googlecloudsdk/calliope/backend.py", line 934, in Run
    resources = command_instance.Run(args)
                ^^^^^^^^^^^^^^^^^^^^^^^^^^
  File "/usr/bin/../lib/google-cloud-sdk/lib/surface/container/operations/describe.py", line 70, in Run
    raise exceptions.HttpException(error, util.HTTP_ERROR_FORMAT)
googlecloudsdk.calliope.exceptions.HttpException: ResponseError: code=404, message=Not found: projects/peppy-arcadia-432311-g5/locations/asia-northeast3/operations/1737526714274-0449d890-60b5-4d12-995c-8ef24a685295. This command is authenticated as 1201ljhun@gmail.com which is the active account specified by the [core/account] property.
2025-01-22 15:37:47,982 ERROR    root            (gcloud.container.operations.describe) ResponseError: code=404, message=Not found: projects/peppy-arcadia-432311-g5/locations/asia-northeast3/operations/1737526714274-0449d890-60b5-4d12-995c-8ef24a685295. This command is authenticated as 1201ljhun@gmail.com which is the active account specified by the [core/account] property.
