2025-01-22 15:39:09,446 DEBUG    root            Loaded Command Group: ['gcloud', 'container', 'operations']
2025-01-22 15:39:09,448 DEBUG    root            Loaded Command Group: ['gcloud', 'container', 'operations', 'describe']
2025-01-22 15:39:09,501 DEBUG    root            Running [gcloud.container.operations.describe] with arguments: [--project: "peppy-arcadia-432311-g5", --region: "asia-northeast3", OPERATION_ID: "operation-1737526714274-0449d890-60b5-4d12-995c-8ef24a685295"]
2025-01-22 15:39:09,507 DEBUG    urllib3.connectionpool Starting new HTTPS connection (1): container.googleapis.com:443
2025-01-22 15:39:09,685 DEBUG    urllib3.connectionpool https://container.googleapis.com:443 "GET /v1/projects/peppy-arcadia-432311-g5/locations/asia-northeast3/operations/operation-1737526714274-0449d890-60b5-4d12-995c-8ef24a685295?alt=json HTTP/1.1" 200 None
2025-01-22 15:39:09,688 DEBUG    root            Chosen display Format:default
2025-01-22 15:39:09,690 INFO     root            Display format: "default"
2025-01-22 15:39:09,733 INFO     ___FILE_ONLY___ name
2025-01-22 15:39:09,733 INFO     ___FILE_ONLY___ :
2025-01-22 15:39:09,733 INFO     ___FILE_ONLY___  
2025-01-22 15:39:09,734 INFO     ___FILE_ONLY___ operation-1737526714274-0449d890-60b5-4d12-995c-8ef24a685295
2025-01-22 15:39:09,734 INFO     ___FILE_ONLY___ 

2025-01-22 15:39:09,734 INFO     ___FILE_ONLY___ operationType
2025-01-22 15:39:09,734 INFO     ___FILE_ONLY___ :
2025-01-22 15:39:09,734 INFO     ___FILE_ONLY___  
2025-01-22 15:39:09,734 INFO     ___FILE_ONLY___ RESIZE_CLUSTER
2025-01-22 15:39:09,735 INFO     ___FILE_ONLY___ 

2025-01-22 15:39:09,735 INFO     ___FILE_ONLY___ selfLink
2025-01-22 15:39:09,735 INFO     ___FILE_ONLY___ :
2025-01-22 15:39:09,735 INFO     ___FILE_ONLY___  
2025-01-22 15:39:09,735 INFO     ___FILE_ONLY___ https://container.googleapis.com/v1/projects/134982172036/locations/asia-northeast3/operations/operation-1737526714274-0449d890-60b5-4d12-995c-8ef24a685295
2025-01-22 15:39:09,735 INFO     ___FILE_ONLY___ 

2025-01-22 15:39:09,736 INFO     ___FILE_ONLY___ startTime
2025-01-22 15:39:09,738 INFO     ___FILE_ONLY___ :
2025-01-22 15:39:09,739 INFO     ___FILE_ONLY___  '
2025-01-22 15:39:09,739 INFO     ___FILE_ONLY___ 2025-01-22T06:18:34.274841576Z
2025-01-22 15:39:09,739 INFO     ___FILE_ONLY___ '
2025-01-22 15:39:09,739 INFO     ___FILE_ONLY___ 

2025-01-22 15:39:09,739 INFO     ___FILE_ONLY___ status
2025-01-22 15:39:09,740 INFO     ___FILE_ONLY___ :
2025-01-22 15:39:09,740 INFO     ___FILE_ONLY___  
2025-01-22 15:39:09,740 INFO     ___FILE_ONLY___ RUNNING
2025-01-22 15:39:09,740 INFO     ___FILE_ONLY___ 

2025-01-22 15:39:09,740 INFO     ___FILE_ONLY___ targetLink
2025-01-22 15:39:09,741 INFO     ___FILE_ONLY___ :
2025-01-22 15:39:09,741 INFO     ___FILE_ONLY___  
2025-01-22 15:39:09,741 INFO     ___FILE_ONLY___ https://container.googleapis.com/v1/projects/134982172036/locations/asia-northeast3/clusters/gcp-dr-gke
2025-01-22 15:39:09,741 INFO     ___FILE_ONLY___ 

2025-01-22 15:39:09,741 INFO     ___FILE_ONLY___ zone
2025-01-22 15:39:09,741 INFO     ___FILE_ONLY___ :
2025-01-22 15:39:09,741 INFO     ___FILE_ONLY___  
2025-01-22 15:39:09,742 INFO     ___FILE_ONLY___ asia-northeast3
2025-01-22 15:39:09,742 INFO     ___FILE_ONLY___ 

2025-01-22 15:39:09,742 DEBUG    root            SDK update checks are disabled.
