2025-01-22 15:39:39,947 DEBUG    root            Loaded Command Group: ['gcloud', 'compute']
2025-01-22 15:39:39,952 DEBUG    root            Loaded Command Group: ['gcloud', 'compute', 'networks']
2025-01-22 15:39:39,975 DEBUG    root            Loaded Command Group: ['gcloud', 'compute', 'networks', 'list']
2025-01-22 15:39:39,978 DEBUG    root            Running [gcloud.compute.networks.list] with arguments: [--project: "peppy-arcadia-432311-g5"]
2025-01-22 15:39:40,234 DEBUG    root            Chosen display Format:    table(
      name,
      x_gcloud_subnet_mode:label=SUBNET_MODE,
      x_gcloud_bgp_routing_mode:label=BGP_ROUTING_MODE,
      IPv4Range:label=IPV4_RANGE,
      gatewayIPv4
    )
2025-01-22 15:39:40,238 INFO     root            Display format: "    table(
      name,
      x_gcloud_subnet_mode:label=SUBNET_MODE,
      x_gcloud_bgp_routing_mode:label=BGP_ROUTING_MODE,
      IPv4Range:label=IPV4_RANGE,
      gatewayIPv4
    )"
2025-01-22 15:39:40,245 DEBUG    urllib3.connectionpool Starting new HTTPS connection (1): compute.googleapis.com:443
2025-01-22 15:39:40,795 DEBUG    urllib3.connectionpool https://compute.googleapis.com:443 "GET /compute/v1/projects/peppy-arcadia-432311-g5/global/networks?alt=json&maxResults=500 HTTP/1.1" 200 None
2025-01-22 15:39:40,842 INFO     root            cache collection=compute.networks api_version=v1 params=['project', 'network']
2025-01-22 15:39:40,904 INFO     ___FILE_ONLY___ NAME
2025-01-22 15:39:40,904 INFO     ___FILE_ONLY___         
2025-01-22 15:39:40,904 INFO     ___FILE_ONLY___ SUBNET_MODE
2025-01-22 15:39:40,904 INFO     ___FILE_ONLY___   
2025-01-22 15:39:40,904 INFO     ___FILE_ONLY___ BGP_ROUTING_MODE
2025-01-22 15:39:40,904 INFO     ___FILE_ONLY___   
2025-01-22 15:39:40,904 INFO     ___FILE_ONLY___ IPV4_RANGE
2025-01-22 15:39:40,904 INFO     ___FILE_ONLY___   
2025-01-22 15:39:40,904 INFO     ___FILE_ONLY___ GATEWAY_IPV4
2025-01-22 15:39:40,904 INFO     ___FILE_ONLY___ 

2025-01-22 15:39:40,905 INFO     ___FILE_ONLY___ default
2025-01-22 15:39:40,905 INFO     ___FILE_ONLY___      
2025-01-22 15:39:40,905 INFO     ___FILE_ONLY___ AUTO
2025-01-22 15:39:40,905 INFO     ___FILE_ONLY___          
2025-01-22 15:39:40,905 INFO     ___FILE_ONLY___ REGIONAL
2025-01-22 15:39:40,905 INFO     ___FILE_ONLY___ 

2025-01-22 15:39:40,905 INFO     ___FILE_ONLY___ gcp-dr-vpc
2025-01-22 15:39:40,905 INFO     ___FILE_ONLY___   
2025-01-22 15:39:40,906 INFO     ___FILE_ONLY___ CUSTOM
2025-01-22 15:39:40,906 INFO     ___FILE_ONLY___        
2025-01-22 15:39:40,906 INFO     ___FILE_ONLY___ REGIONAL
2025-01-22 15:39:40,906 INFO     ___FILE_ONLY___ 

2025-01-22 15:39:40,906 DEBUG    root            SDK update checks are disabled.
