2025-01-22 15:39:41,826 DEBUG    root            Loaded Command Group: ['gcloud', 'compute']
2025-01-22 15:39:41,840 DEBUG    root            Loaded Command Group: ['gcloud', 'compute', 'instance_groups']
2025-01-22 15:39:41,847 DEBUG    root            Loaded Command Group: ['gcloud', 'compute', 'os_config']
2025-01-22 15:39:41,858 DEBUG    root            Loaded Command Group: ['gcloud', 'compute', 'backend_buckets']
2025-01-22 15:39:41,864 DEBUG    root            Loaded Command Group: ['gcloud', 'compute', 'storage_pools']
2025-01-22 15:39:41,869 DEBUG    root            Loaded Command Group: ['gcloud', 'compute', 'backend_services']
2025-01-22 15:39:41,873 DEBUG    root            Loaded Command Group: ['gcloud', 'compute', 'snapshots']
2025-01-22 15:39:41,878 DEBUG    root            Loaded Command Group: ['gcloud', 'compute', 'https_health_checks']
2025-01-22 15:39:41,883 DEBUG    root            Loaded Command Group: ['gcloud', 'compute', 'firewall_policies']
2025-01-22 15:39:41,888 DEBUG    root            Loaded Command Group: ['gcloud', 'compute', 'routes']
2025-01-22 15:39:41,892 DEBUG    root            Loaded Command Group: ['gcloud', 'compute', 'url_maps']
2025-01-22 15:39:41,895 DEBUG    root            No implementation for release track [GA] for element: [/usr/bin/../lib/google-cloud-sdk/lib/surface/compute/instance_settings]
2025-01-22 15:39:41,897 DEBUG    root            Loaded Command Group: ['gcloud', 'compute', 'vpn_gateways']
2025-01-22 15:39:41,901 DEBUG    root            Loaded Command Group: ['gcloud', 'compute', 'regions']
2025-01-22 15:39:41,903 DEBUG    root            Loaded Command Group: ['gcloud', 'compute', 'http_health_checks']
2025-01-22 15:39:41,906 DEBUG    root            Loaded Command Group: ['gcloud', 'compute', 'storage_pool_types']
2025-01-22 15:39:41,908 DEBUG    root            Loaded Command Group: ['gcloud', 'compute', 'accelerator_types']
2025-01-22 15:39:41,911 DEBUG    root            Loaded Command Group: ['gcloud', 'compute', 'network_profiles']
2025-01-22 15:39:41,914 DEBUG    root            Loaded Command Group: ['gcloud', 'compute', 'target_ssl_proxies']
2025-01-22 15:39:41,918 DEBUG    root            Loaded Command Group: ['gcloud', 'compute', 'shared_vpc']
2025-01-22 15:39:41,922 DEBUG    root            Loaded Command Group: ['gcloud', 'compute', 'forwarding_rules']
2025-01-22 15:39:41,925 DEBUG    root            Loaded Command Group: ['gcloud', 'compute', 'instances']
2025-01-22 15:39:41,928 DEBUG    root            Loaded Command Group: ['gcloud', 'compute', 'machine_types']
2025-01-22 15:39:41,929 DEBUG    root            Loaded Command Group: ['gcloud', 'compute', 'service_attachments']
2025-01-22 15:39:41,932 DEBUG    root            Loaded Command Group: ['gcloud', 'compute', 'vpn_tunnels']
2025-01-22 15:39:41,974 DEBUG    root            Loaded Command Group: ['gcloud', 'compute', 'copy_files']
2025-01-22 15:39:41,976 DEBUG    root            Loaded Command Group: ['gcloud', 'compute', 'start_iap_tunnel']
2025-01-22 15:39:42,009 DEBUG    root            Loaded Command Group: ['gcloud', 'compute', 'ssh']
2025-01-22 15:39:42,016 DEBUG    root            Loaded Command Group: ['gcloud', 'compute', 'target_https_proxies']
2025-01-22 15:39:42,017 DEBUG    root            Loaded Command Group: ['gcloud', 'compute', 'networks']
2025-01-22 15:39:42,019 DEBUG    root            Loaded Command Group: ['gcloud', 'compute', 'target_instances']
2025-01-22 15:39:42,023 DEBUG    root            Loaded Command Group: ['gcloud', 'compute', 'sign_url']
2025-01-22 15:39:42,025 DEBUG    root            Loaded Command Group: ['gcloud', 'compute', 'reservations']
2025-01-22 15:39:42,027 DEBUG    root            Loaded Command Group: ['gcloud', 'compute', 'project_info']
2025-01-22 15:39:42,029 DEBUG    root            Loaded Command Group: ['gcloud', 'compute', 'commitments']
2025-01-22 15:39:42,030 DEBUG    root            Loaded Command Group: ['gcloud', 'compute', 'firewall_rules']
2025-01-22 15:39:42,032 DEBUG    root            Loaded Command Group: ['gcloud', 'compute', 'interconnects']
2025-01-22 15:39:42,036 DEBUG    root            Loaded Command Group: ['gcloud', 'compute', 'public_delegated_prefixes']
2025-01-22 15:39:42,038 DEBUG    root            Loaded Command Group: ['gcloud', 'compute', 'instant_snapshots']
2025-01-22 15:39:42,039 DEBUG    root            Loaded Command Group: ['gcloud', 'compute', 'diagnose']
2025-01-22 15:39:42,040 DEBUG    root            Loaded Command Group: ['gcloud', 'compute', 'disk_types']
2025-01-22 15:39:42,042 DEBUG    root            Loaded Command Group: ['gcloud', 'compute', 'os_login']
2025-01-22 15:39:42,043 DEBUG    root            Loaded Command Group: ['gcloud', 'compute', 'resource_policies']
2025-01-22 15:39:42,045 DEBUG    root            Loaded Command Group: ['gcloud', 'compute', 'health_checks']
2025-01-22 15:39:42,047 DEBUG    root            Loaded Command Group: ['gcloud', 'compute', 'target_pools']
2025-01-22 15:39:42,049 DEBUG    root            Loaded Command Group: ['gcloud', 'compute', 'scp']
2025-01-22 15:39:42,052 DEBUG    root            Loaded Command Group: ['gcloud', 'compute', 'reset_windows_password']
2025-01-22 15:39:42,053 DEBUG    root            Loaded Command Group: ['gcloud', 'compute', 'ssl_certificates']
2025-01-22 15:39:42,055 DEBUG    root            Loaded Command Group: ['gcloud', 'compute', 'public_advertised_prefixes']
2025-01-22 15:39:42,056 DEBUG    root            Loaded Command Group: ['gcloud', 'compute', 'target_grpc_proxies']
2025-01-22 15:39:42,058 DEBUG    root            Loaded Command Group: ['gcloud', 'compute', 'addresses']
2025-01-22 15:39:42,059 DEBUG    root            Loaded Command Group: ['gcloud', 'compute', 'machine_images']
2025-01-22 15:39:42,061 DEBUG    root            Loaded Command Group: ['gcloud', 'compute', 'network_edge_security_services']
2025-01-22 15:39:42,063 DEBUG    root            No implementation for release track [GA] for element: [/usr/bin/../lib/google-cloud-sdk/lib/surface/compute/org_security_policies]
2025-01-22 15:39:42,063 DEBUG    root            Loaded Command Group: ['gcloud', 'compute', 'project_zonal_metadata']
2025-01-22 15:39:42,065 DEBUG    root            Loaded Command Group: ['gcloud', 'compute', 'images']
2025-01-22 15:39:42,069 DEBUG    root            Loaded Command Group: ['gcloud', 'compute', 'external_vpn_gateways']
2025-01-22 15:39:42,071 DEBUG    root            Loaded Command Group: ['gcloud', 'compute', 'tpus']
2025-01-22 15:39:42,074 DEBUG    root            Loaded Command Group: ['gcloud', 'compute', 'operations']
2025-01-22 15:39:42,075 DEBUG    root            No implementation for release track [GA] for element: [/usr/bin/../lib/google-cloud-sdk/lib/surface/compute/disk_settings]
2025-01-22 15:39:42,076 DEBUG    root            Loaded Command Group: ['gcloud', 'compute', 'ssl_policies']
2025-01-22 15:39:42,078 DEBUG    root            Loaded Command Group: ['gcloud', 'compute', 'network_endpoint_groups']
2025-01-22 15:39:42,079 DEBUG    root            Loaded Command Group: ['gcloud', 'compute', 'sole_tenancy']
2025-01-22 15:39:42,082 DEBUG    root            Loaded Command Group: ['gcloud', 'compute', 'disks']
2025-01-22 15:39:42,085 DEBUG    root            Loaded Command Group: ['gcloud', 'compute', 'target_tcp_proxies']
2025-01-22 15:39:42,086 DEBUG    root            Loaded Command Group: ['gcloud', 'compute', 'security_policies']
2025-01-22 15:39:42,088 DEBUG    root            Loaded Command Group: ['gcloud', 'compute', 'snapshot_settings']
2025-01-22 15:39:42,091 DEBUG    root            No implementation for release track [GA] for element: [/usr/bin/../lib/google-cloud-sdk/lib/surface/compute/queued_resources]
2025-01-22 15:39:42,092 DEBUG    root            Loaded Command Group: ['gcloud', 'compute', 'packet_mirrorings']
2025-01-22 15:39:42,094 DEBUG    root            Loaded Command Group: ['gcloud', 'compute', 'config_ssh']
2025-01-22 15:39:42,096 DEBUG    root            Loaded Command Group: ['gcloud', 'compute', 'target_http_proxies']
2025-01-22 15:39:42,098 DEBUG    root            Loaded Command Group: ['gcloud', 'compute', 'instance_templates']
2025-01-22 15:39:42,100 DEBUG    root            Loaded Command Group: ['gcloud', 'compute', 'network_attachments']
2025-01-22 15:39:42,102 DEBUG    root            Loaded Command Group: ['gcloud', 'compute', 'network_firewall_policies']
2025-01-22 15:39:42,105 DEBUG    root            Loaded Command Group: ['gcloud', 'compute', 'routers']
2025-01-22 15:39:42,107 DEBUG    root            No implementation for release track [GA] for element: [/usr/bin/../lib/google-cloud-sdk/lib/surface/compute/future_reservations]
2025-01-22 15:39:42,168 DEBUG    root            Loaded Command Group: ['gcloud', 'compute', 'connect_to_serial_port']
2025-01-22 15:39:42,171 DEBUG    root            Loaded Command Group: ['gcloud', 'compute', 'target_vpn_gateways']
2025-01-22 15:39:42,174 DEBUG    root            Loaded Command Group: ['gcloud', 'compute', 'zones']
2025-01-22 15:39:42,175 DEBUG    root            Loaded Command Group: ['gcloud', 'alpha', 'compute']
2025-01-22 15:39:42,178 DEBUG    root            Loaded Command Group: ['gcloud', 'beta', 'compute']
2025-01-22 15:39:42,180 DEBUG    root            No implementation for release track [PREVIEW] for element: [/usr/bin/../lib/google-cloud-sdk/lib/surface/compute]
2025-01-22 15:39:42,180 ERROR    root            (gcloud.compute) Invalid choice: 'subnetworks'.
