2025-01-22 15:42:31,165 DEBUG    root            Loaded Command Group: ['gcloud', 'config']
2025-01-22 15:42:31,169 DEBUG    root            Loaded Command Group: ['gcloud', 'config', 'config_helper']
2025-01-22 15:42:31,170 DEBUG    root            Running [gcloud.config.config-helper] with arguments: [--format: "json"]
2025-01-22 15:42:31,189 DEBUG    root            Chosen display Format:default json
2025-01-22 15:42:31,189 INFO     root            Display format: "default json"
2025-01-22 15:42:31,220 INFO     ___FILE_ONLY___ {
  "configuration": {
    "active_configuration": "default",
    "properties": {
      "core": {
        "account": "1201ljhun@gmail.com",
        "disable_usage_reporting": "True",
        "project": "peppy-arcadia-432311-g5"
      }
    }
  },
  "credential": {
    "access_token": "ya29.a0ARW5m76jr8merQ-a7HnIrBdb7idmnU6j53cz2gWC_0AZWuTbyMNNkFBu7Nxt33EUX2hrJnkNgsxMnJwQ4ix_ay61Mb147vh-3d-Gyg_g8LosCc63HtS1IBh-XkX1dgLyMqKCOH2g_UeJUFoaVH488BlYHy48ANGNPGXYntC_jIatRgsaCgYKAV4SARISFQHGX2Mi6zNonkiYXTc3A528wMApbg0182",
    "id_token": "eyJhbGciOiJSUzI1NiIsImtpZCI6IjYzMzdiZTYzNjRmMzgyNDAwOGQwZTkwMDNmNTBiYjZiNDNkNWE5YzYiLCJ0eXAiOiJKV1QifQ.eyJpc3MiOiJodHRwczovL2FjY291bnRzLmdvb2dsZS5jb20iLCJhenAiOiIzMjU1NTk0MDU1OS5hcHBzLmdvb2dsZXVzZXJjb250ZW50LmNvbSIsImF1ZCI6IjMyNTU1OTQwNTU5LmFwcHMuZ29vZ2xldXNlcmNvbnRlbnQuY29tIiwic3ViIjoiMTA1MDk2MzU3NDMwMjQzNjQxMTQxIiwiZW1haWwiOiIxMjAxbGpodW5AZ21haWwuY29tIiwiZW1haWxfdmVyaWZpZWQiOnRydWUsImF0X2hhc2giOiJuOVU2R2x3VVNSOV9LRW1WRkhVeUlRIiwiaWF0IjoxNzM3NTI1MzI2LCJleHAiOjE3Mzc1Mjg5MjZ9.FtkDorgWV0JSEm2NB0XWLalP-HjccjKiObeye-UqwPol0rwz-sK8qo214_1V6hLn9Kf31opQnJT4Xg0vXVqlJsNwVCEK8rCiv2kaa5qN0ee_0ZVdgkEE0GYUGNq807JJZyS4BoJKo_fWRDpnCA-HJJlyiLYAPgnbo6-wQieIn-48M-wnPa_Glv_TvkXBNX8s17lm3xg8U_Rjpe1NgIoyPOY4zHp6CDfsj_dOOJbNTHuw6nNakf1Z_uT2qGfYiyLU2-E-uOcCvUxH_44P05qpcws-snBpXcVHuLo0iUhxv8wX0WDOXcqkuOsch4qiF9n14I1O70X3u8HRZ94ANDgM4g",
    "token_expiry": "2025-01-22T06:55:24Z"
  },
  "sentinels": {
    "config_sentinel": "/home/ubuntu/.config/gcloud/config_sentinel"
  }
}
2025-01-22 15:42:31,220 INFO     ___FILE_ONLY___ 

2025-01-22 15:42:31,220 DEBUG    root            SDK update checks are disabled.
