2025-01-22 16:39:10,127 DEBUG    root            Loaded Command Group: ['gcloud', 'config']
2025-01-22 16:39:10,132 DEBUG    root            Loaded Command Group: ['gcloud', 'config', 'config_helper']
2025-01-22 16:39:10,134 DEBUG    root            Running [gcloud.config.config-helper] with arguments: [--format: "json"]
2025-01-22 16:39:10,184 DEBUG    google.auth.transport.requests Making request: POST https://oauth2.googleapis.com/token
2025-01-22 16:39:10,186 DEBUG    urllib3.connectionpool Starting new HTTPS connection (1): oauth2.googleapis.com:443
2025-01-22 16:39:10,509 DEBUG    urllib3.connectionpool https://oauth2.googleapis.com:443 "POST /token HTTP/1.1" 200 None
2025-01-22 16:39:10,535 DEBUG    root            Chosen display Format:default json
2025-01-22 16:39:10,536 INFO     root            Display format: "default json"
2025-01-22 16:39:10,573 INFO     ___FILE_ONLY___ {
  "configuration": {
    "active_configuration": "default",
    "properties": {
      "core": {
        "account": "1201ljhun@gmail.com",
        "disable_usage_reporting": "True",
        "project": "peppy-arcadia-432311-g5"
      }
    }
  },
  "credential": {
    "access_token": "ya29.a0AXeO80Qk4YWyY7SDewU2X2BVCnCv6zAa2b2TLzKl9k7h-vVLNoGJIpikQ9MzdjspzUV0ZurY2hJUY-4htI0nlpx-2Ey4dqaZVt2F_QbqwoKrQG-5x6pcAXfooWbKa_fUUm8c3h2kgw26d_KZT2cY03UtWgYUTYELSJNXnKh0LLE3TFkaCgYKAUUSARISFQHGX2Mi5oR_lW9Jwnqsa5AWL4MDSQ0182",
    "id_token": "eyJhbGciOiJSUzI1NiIsImtpZCI6IjYzMzdiZTYzNjRmMzgyNDAwOGQwZTkwMDNmNTBiYjZiNDNkNWE5YzYiLCJ0eXAiOiJKV1QifQ.eyJpc3MiOiJodHRwczovL2FjY291bnRzLmdvb2dsZS5jb20iLCJhenAiOiIzMjU1NTk0MDU1OS5hcHBzLmdvb2dsZXVzZXJjb250ZW50LmNvbSIsImF1ZCI6IjMyNTU1OTQwNTU5LmFwcHMuZ29vZ2xldXNlcmNvbnRlbnQuY29tIiwic3ViIjoiMTA1MDk2MzU3NDMwMjQzNjQxMTQxIiwiZW1haWwiOiIxMjAxbGpodW5AZ21haWwuY29tIiwiZW1haWxfdmVyaWZpZWQiOnRydWUsImF0X2hhc2giOiJEVk1faHZQQWcyOGF2SDA2ZnJ3ZDR3IiwiaWF0IjoxNzM3NTMxNTUwLCJleHAiOjE3Mzc1MzUxNTB9.Mki7oz07fv8IjM6grUnb36VfOIIoBL0CCEHc1eOL4ZEWSZf81hvBjz7CvqZeg-Xi-F6_t1TAAKhAwlQSWBqHrDAa1QFKtaL656Vp6ca4zL4KIquTNj-aPktcGI0euf8qVUhhQ2m3GSDbiF9moj93trDGlRvuCZTQ9FIptrHPkhhrcSxA21PjDU_gD8jbBLhF_x0XnWaQuVDdOIdC8lvWniYIHARKuqN9TZagNiPfo-u-OVtCLM3RYzk577FSHTkbWy5Hhy3dmCljQVrNSJcdpBTdQy1XGiFg1Zzj4VQXCsAAv-hXhDRaleMjZaLN5D2OJsill5NRGmL-EoVhoiZeQw",
    "token_expiry": "2025-01-22T08:39:09Z"
  },
  "sentinels": {
    "config_sentinel": "/home/ubuntu/.config/gcloud/config_sentinel"
  }
}
2025-01-22 16:39:10,573 INFO     ___FILE_ONLY___ 

2025-01-22 16:39:10,574 DEBUG    root            SDK update checks are disabled.
