2025-01-22 17:41:35,543 DEBUG    root            Loaded Command Group: ['gcloud', 'config']
2025-01-22 17:41:35,546 DEBUG    root            Loaded Command Group: ['gcloud', 'config', 'config_helper']
2025-01-22 17:41:35,548 DEBUG    root            Running [gcloud.config.config-helper] with arguments: [--format: "json"]
2025-01-22 17:41:35,559 DEBUG    root            Chosen display Format:default json
2025-01-22 17:41:35,560 INFO     root            Display format: "default json"
2025-01-22 17:41:35,581 INFO     ___FILE_ONLY___ {
  "configuration": {
    "active_configuration": "default",
    "properties": {
      "core": {
        "account": "1201ljhun@gmail.com",
        "disable_usage_reporting": "True",
        "project": "peppy-arcadia-432311-g5"
      }
    }
  },
  "credential": {
    "access_token": "ya29.a0ARW5m74vWlQNTVBYWo5mSV3O1dycBaFLEsqE7XbwM37xwVSuIu_ZMBPe6rAk5QU8fhQkIg6K8shqzSLo_mfeQ2cPmYQpoaVVZfgJ3AhEmVMG7pShAVcCmT4OjTl74HqtfSVjbkryDV8th7LrrxKpqDa-fsOmjjW5NwIr_RrBQtR6OjMaCgYKAQ8SARISFQHGX2MiOzaDn9kb3UTBgTRA5NvNfA0182",
    "id_token": "eyJhbGciOiJSUzI1NiIsImtpZCI6IjYzMzdiZTYzNjRmMzgyNDAwOGQwZTkwMDNmNTBiYjZiNDNkNWE5YzYiLCJ0eXAiOiJKV1QifQ.eyJpc3MiOiJodHRwczovL2FjY291bnRzLmdvb2dsZS5jb20iLCJhenAiOiIzMjU1NTk0MDU1OS5hcHBzLmdvb2dsZXVzZXJjb250ZW50LmNvbSIsImF1ZCI6IjMyNTU1OTQwNTU5LmFwcHMuZ29vZ2xldXNlcmNvbnRlbnQuY29tIiwic3ViIjoiMTA1MDk2MzU3NDMwMjQzNjQxMTQxIiwiZW1haWwiOiIxMjAxbGpodW5AZ21haWwuY29tIiwiZW1haWxfdmVyaWZpZWQiOnRydWUsImF0X2hhc2giOiI4MkNMX2JkYzNtQWRSajJfQ0R4ZEdnIiwiaWF0IjoxNzM3NTM1Mjg0LCJleHAiOjE3Mzc1Mzg4ODR9.I9A6ovoNDu1C1mnNMs7Plbrfg6ByeMtqbkBeA7M_LqJlW7uDXR8hkNE2hRVoQUxlQOvmEatkdHRMKcVqPIgNgikOWN3QDH9JDeKvC6Jb3HvShPY0eBWCWCz3CFa0cp0J8OJrb4wbmqx8Qatf5Ed6JnE0EbAOz40cfU4xw9LtnhDT9ObuhBDWT7yFLsEYAME0yFXYFwFoOZsr-9j3oBDZZFXwHCLHLzWRmwrETLsqWgDbuHslTYoIajRQdx0l9lpDKmCBs94i4FBVjys-kpB4cqjuGhIUqXqxx5CmtLUdLAJG416ETWvJLU9BJxBMbLvBmLNLU28TlxrVWjtbGo_j1Q",
    "token_expiry": "2025-01-22T09:41:23Z"
  },
  "sentinels": {
    "config_sentinel": "/home/ubuntu/.config/gcloud/config_sentinel"
  }
}
2025-01-22 17:41:35,581 INFO     ___FILE_ONLY___ 

2025-01-22 17:41:35,582 DEBUG    root            SDK update checks are disabled.
