2025-01-22 17:54:03,456 DEBUG    root            Loaded Command Group: ['gcloud', 'compute']
2025-01-22 17:54:03,461 DEBUG    root            Loaded Command Group: ['gcloud', 'compute', 'target_https_proxies']
2025-01-22 17:54:03,477 DEBUG    root            Loaded Command Group: ['gcloud', 'compute', 'target-https-proxies', 'list']
2025-01-22 17:54:03,481 DEBUG    root            Running [gcloud.compute.target-https-proxies.list] with arguments: [--project: "peppy-arcadia-432311-g5"]
2025-01-22 17:54:03,662 DEBUG    root            Chosen display Format:    table(
      name,
      sslCertificates.map().basename().list():label=SSL_CERTIFICATES,
      urlMap.basename(),
      region.basename(),
      certificateMap.basename()
    )
2025-01-22 17:54:03,663 INFO     root            Display format: "    table(
      name,
      sslCertificates.map().basename().list():label=SSL_CERTIFICATES,
      urlMap.basename(),
      region.basename(),
      certificateMap.basename()
    )"
2025-01-22 17:54:03,667 DEBUG    urllib3.connectionpool Starting new HTTPS connection (1): compute.googleapis.com:443
2025-01-22 17:54:04,436 DEBUG    urllib3.connectionpool https://compute.googleapis.com:443 "GET /compute/v1/projects/peppy-arcadia-432311-g5/aggregated/targetHttpsProxies?alt=json&includeAllScopes=True&maxResults=500&returnPartialSuccess=True HTTP/1.1" 200 None
2025-01-22 17:54:04,527 INFO     root            cache collection=compute.targetHttpsProxies api_version=v1 params=['project', 'targetHttpsProxy']
2025-01-22 17:54:04,527 INFO     root            cache collection=compute.regionTargetHttpsProxies api_version=v1 params=['project', 'region', 'targetHttpsProxy']
2025-01-22 17:54:04,588 INFO     ___FILE_ONLY___ NAME
2025-01-22 17:54:04,589 INFO     ___FILE_ONLY___                                            
2025-01-22 17:54:04,589 INFO     ___FILE_ONLY___ SSL_CERTIFICATES
2025-01-22 17:54:04,589 INFO     ___FILE_ONLY___                                     
2025-01-22 17:54:04,589 INFO     ___FILE_ONLY___ URL_MAP
2025-01-22 17:54:04,590 INFO     ___FILE_ONLY___                                         
2025-01-22 17:54:04,590 INFO     ___FILE_ONLY___ REGION
2025-01-22 17:54:04,590 INFO     ___FILE_ONLY___   
2025-01-22 17:54:04,590 INFO     ___FILE_ONLY___ CERTIFICATE_MAP
2025-01-22 17:54:04,590 INFO     ___FILE_ONLY___ 

2025-01-22 17:54:04,590 INFO     ___FILE_ONLY___ k8s2-ts-cygk90f3-default-app-ingress-gikp567s
2025-01-22 17:54:04,590 INFO     ___FILE_ONLY___   
2025-01-22 17:54:04,591 INFO     ___FILE_ONLY___ k8s2-cr-cygk90f3-z3ooz0aczjiam4ed-edf8c7958e7eaf43
2025-01-22 17:54:04,591 INFO     ___FILE_ONLY___   
2025-01-22 17:54:04,591 INFO     ___FILE_ONLY___ k8s2-um-cygk90f3-default-app-ingress-gikp567s
2025-01-22 17:54:04,591 INFO     ___FILE_ONLY___ 

2025-01-22 17:54:04,591 INFO     ___FILE_ONLY___ lb-https-proxy
2025-01-22 17:54:04,591 INFO     ___FILE_ONLY___                                  
2025-01-22 17:54:04,591 INFO     ___FILE_ONLY___ lb-managed-cert
2025-01-22 17:54:04,591 INFO     ___FILE_ONLY___                                      
2025-01-22 17:54:04,592 INFO     ___FILE_ONLY___ lb-url-map
2025-01-22 17:54:04,592 INFO     ___FILE_ONLY___ 

2025-01-22 17:54:04,594 DEBUG    root            SDK update checks are disabled.
