2025-01-22 17:53:18,771 DEBUG    root            Loaded Command Group: ['gcloud', 'certificate_manager']
2025-01-22 17:53:18,772 DEBUG    root            Loaded Command Group: ['gcloud', 'certificate-manager', 'certificates']
2025-01-22 17:53:18,777 DEBUG    root            Loaded Command Group: ['gcloud', 'certificate-manager', 'certificates', 'list']
2025-01-22 17:53:18,782 DEBUG    root            Running [gcloud.certificate-manager.certificates.list] with arguments: [--project: "peppy-arcadia-432311-g5"]
2025-01-22 17:53:18,803 DEBUG    root            Chosen display Format:table(
    name.scope(certificates),
    san_dnsnames.sansToString(undefined=''):label=SUBJECT_ALTERNATIVE_NAMES,
    description,
    scope,
    expireTime.date('%Y-%m-%d %H:%M:%S %Oz', undefined=''),
    createTime.date('%Y-%m-%d %H:%M:%S %Oz', undefined=''),
    updateTime.date('%Y-%m-%d %H:%M:%S %Oz', undefined='')
)

2025-01-22 17:53:18,804 INFO     root            Display format: "table(
    name.scope(certificates),
    san_dnsnames.sansToString(undefined=''):label=SUBJECT_ALTERNATIVE_NAMES,
    description,
    scope,
    expireTime.date('%Y-%m-%d %H:%M:%S %Oz', undefined=''),
    createTime.date('%Y-%m-%d %H:%M:%S %Oz', undefined=''),
    updateTime.date('%Y-%m-%d %H:%M:%S %Oz', undefined='')
)
"
2025-01-22 17:53:18,807 DEBUG    urllib3.connectionpool Starting new HTTPS connection (1): certificatemanager.googleapis.com:443
2025-01-22 17:53:20,627 DEBUG    urllib3.connectionpool https://certificatemanager.googleapis.com:443 "GET /v1/projects/peppy-arcadia-432311-g5/locations/global/certificates?alt=json HTTP/1.1" 200 None
2025-01-22 17:53:20,633 INFO     ___FILE_ONLY___ Listed 0 items.

2025-01-22 17:53:20,634 DEBUG    root            SDK update checks are disabled.
