2025-01-22 17:56:54,405 DEBUG    root            Loaded Command Group: ['gcloud', 'compute']
2025-01-22 17:56:54,408 DEBUG    root            Loaded Command Group: ['gcloud', 'compute', 'ssl_certificates']
2025-01-22 17:56:54,428 DEBUG    root            Loaded Command Group: ['gcloud', 'compute', 'ssl-certificates', 'describe']
2025-01-22 17:56:54,431 DEBUG    root            Running [gcloud.compute.ssl-certificates.describe] with arguments: [--project: "peppy-arcadia-432311-g5", NAME: "lb-managed-cert"]
2025-01-22 17:56:54,627 DEBUG    urllib3.connectionpool Starting new HTTPS connection (1): compute.googleapis.com:443
2025-01-22 17:56:55,238 DEBUG    urllib3.connectionpool https://compute.googleapis.com:443 "GET /compute/v1/projects/peppy-arcadia-432311-g5/global/sslCertificates/lb-managed-cert?alt=json HTTP/1.1" 200 None
2025-01-22 17:56:55,250 DEBUG    root            Chosen display Format:default
2025-01-22 17:56:55,251 INFO     root            Display format: "default"
2025-01-22 17:56:55,285 INFO     ___FILE_ONLY___ certificate
2025-01-22 17:56:55,285 INFO     ___FILE_ONLY___ :
2025-01-22 17:56:55,289 INFO     ___FILE_ONLY___  |
2025-01-22 17:56:55,289 INFO     ___FILE_ONLY___ 

2025-01-22 17:56:55,289 INFO     ___FILE_ONLY___   
2025-01-22 17:56:55,289 INFO     ___FILE_ONLY___ -----BEGIN CERTIFICATE-----
2025-01-22 17:56:55,290 INFO     ___FILE_ONLY___ 

2025-01-22 17:56:55,290 INFO     ___FILE_ONLY___   
2025-01-22 17:56:55,290 INFO     ___FILE_ONLY___ MIIFLjCCBBagAwIBAgIQL/YDN2kEIxQJSxXcsIezIjANBgkqhkiG9w0BAQsFADA7
2025-01-22 17:56:55,290 INFO     ___FILE_ONLY___ 

2025-01-22 17:56:55,290 INFO     ___FILE_ONLY___   
2025-01-22 17:56:55,290 INFO     ___FILE_ONLY___ MQswCQYDVQQGEwJVUzEeMBwGA1UEChMVR29vZ2xlIFRydXN0IFNlcnZpY2VzMQww
2025-01-22 17:56:55,290 INFO     ___FILE_ONLY___ 

2025-01-22 17:56:55,290 INFO     ___FILE_ONLY___   
2025-01-22 17:56:55,290 INFO     ___FILE_ONLY___ CgYDVQQDEwNXUjMwHhcNMjUwMTIyMDc1MzIyWhcNMjUwNDIyMDgzNDI4WjAVMRMw
2025-01-22 17:56:55,290 INFO     ___FILE_ONLY___ 

2025-01-22 17:56:55,290 INFO     ___FILE_ONLY___   
2025-01-22 17:56:55,290 INFO     ___FILE_ONLY___ EQYDVQQDEwpsamh1bi5zaG9wMIIBIjANBgkqhkiG9w0BAQEFAAOCAQ8AMIIBCgKC
2025-01-22 17:56:55,290 INFO     ___FILE_ONLY___ 

2025-01-22 17:56:55,290 INFO     ___FILE_ONLY___   
2025-01-22 17:56:55,291 INFO     ___FILE_ONLY___ AQEArNjRU2tW/bqT+GS0mokEMzQcPCU0d6zNLWZqkA14pE8yQUJFfKeAt+AKrpIz
2025-01-22 17:56:55,291 INFO     ___FILE_ONLY___ 

2025-01-22 17:56:55,291 INFO     ___FILE_ONLY___   
2025-01-22 17:56:55,291 INFO     ___FILE_ONLY___ K9Bpya3RYaB0nAr1O89l5rgbLTcB2dBi1FnZsH5B0SOKhapnvyMWaq51L76KpciI
2025-01-22 17:56:55,291 INFO     ___FILE_ONLY___ 

2025-01-22 17:56:55,291 INFO     ___FILE_ONLY___   
2025-01-22 17:56:55,291 INFO     ___FILE_ONLY___ 4FuTnx36pzleF9804UztFQyEInrqzdVprOvB0IxRwYvMRbAS+OniPtOIZ68E897a
2025-01-22 17:56:55,291 INFO     ___FILE_ONLY___ 

2025-01-22 17:56:55,291 INFO     ___FILE_ONLY___   
2025-01-22 17:56:55,291 INFO     ___FILE_ONLY___ mqlxx0nLo9+HpmBkgLY8eQ3uJFvULR+lEfW7pc7yTkH8Oq31tYDQSsUZGzpyh5Wl
2025-01-22 17:56:55,291 INFO     ___FILE_ONLY___ 

2025-01-22 17:56:55,291 INFO     ___FILE_ONLY___   
2025-01-22 17:56:55,291 INFO     ___FILE_ONLY___ 1zxY6ju9hHkPgAv6FLpNCUMUjnfPzanSDI5CHasOmiOCUKnvwKaLPXKu7q720yKw
2025-01-22 17:56:55,291 INFO     ___FILE_ONLY___ 

2025-01-22 17:56:55,291 INFO     ___FILE_ONLY___   
2025-01-22 17:56:55,291 INFO     ___FILE_ONLY___ S7e3lol3HfCg/gGso5YEmLB2MQIDAQABo4ICUjCCAk4wDgYDVR0PAQH/BAQDAgWg
2025-01-22 17:56:55,291 INFO     ___FILE_ONLY___ 

2025-01-22 17:56:55,292 INFO     ___FILE_ONLY___   
2025-01-22 17:56:55,292 INFO     ___FILE_ONLY___ MBMGA1UdJQQMMAoGCCsGAQUFBwMBMAwGA1UdEwEB/wQCMAAwHQYDVR0OBBYEFFDy
2025-01-22 17:56:55,292 INFO     ___FILE_ONLY___ 

2025-01-22 17:56:55,292 INFO     ___FILE_ONLY___   
2025-01-22 17:56:55,292 INFO     ___FILE_ONLY___ 17zYJkuDjl8vw2kdRZjprJ0TMB8GA1UdIwQYMBaAFMeB9f2OiNkAPE1jolAxJKDO
2025-01-22 17:56:55,292 INFO     ___FILE_ONLY___ 

2025-01-22 17:56:55,292 INFO     ___FILE_ONLY___   
2025-01-22 17:56:55,292 INFO     ___FILE_ONLY___ I/4jMF4GCCsGAQUFBwEBBFIwUDAnBggrBgEFBQcwAYYbaHR0cDovL28ucGtpLmdv
2025-01-22 17:56:55,292 INFO     ___FILE_ONLY___ 

2025-01-22 17:56:55,293 INFO     ___FILE_ONLY___   
2025-01-22 17:56:55,293 INFO     ___FILE_ONLY___ b2cvcy93cjMvTF9ZMCUGCCsGAQUFBzAChhlodHRwOi8vaS5wa2kuZ29vZy93cjMu
2025-01-22 17:56:55,293 INFO     ___FILE_ONLY___ 

2025-01-22 17:56:55,294 INFO     ___FILE_ONLY___   
2025-01-22 17:56:55,294 INFO     ___FILE_ONLY___ Y3J0MCUGA1UdEQQeMByCCmxqaHVuLnNob3CCDnd3dy5samh1bi5zaG9wMBMGA1Ud
2025-01-22 17:56:55,294 INFO     ___FILE_ONLY___ 

2025-01-22 17:56:55,294 INFO     ___FILE_ONLY___   
2025-01-22 17:56:55,294 INFO     ___FILE_ONLY___ IAQMMAowCAYGZ4EMAQIBMDYGA1UdHwQvMC0wK6ApoCeGJWh0dHA6Ly9jLnBraS5n
2025-01-22 17:56:55,294 INFO     ___FILE_ONLY___ 

2025-01-22 17:56:55,294 INFO     ___FILE_ONLY___   
2025-01-22 17:56:55,294 INFO     ___FILE_ONLY___ b29nL3dyMy82SFNIUGNDaEVWNC5jcmwwggEDBgorBgEEAdZ5AgQCBIH0BIHxAO8A
2025-01-22 17:56:55,295 INFO     ___FILE_ONLY___ 

2025-01-22 17:56:55,295 INFO     ___FILE_ONLY___   
2025-01-22 17:56:55,295 INFO     ___FILE_ONLY___ dgDPEVbu1S58r/OHW9lpLpvpGnFnSrAX7KwB0lt3zsw7CAAAAZSNN12hAAAEAwBH
2025-01-22 17:56:55,295 INFO     ___FILE_ONLY___ 

2025-01-22 17:56:55,295 INFO     ___FILE_ONLY___   
2025-01-22 17:56:55,295 INFO     ___FILE_ONLY___ MEUCIFUZAMVsdwbzlzwlufXNOik8zozyl9WPnnSutPchSUBRAiEAtGwq9IzvREEX
2025-01-22 17:56:55,295 INFO     ___FILE_ONLY___ 

2025-01-22 17:56:55,295 INFO     ___FILE_ONLY___   
2025-01-22 17:56:55,295 INFO     ___FILE_ONLY___ +fQEYfybUTZtg32kEnE9eEQPN0K959sAdQCi4wrkRe+9rZt+OO1HZ3dT14JbhJTX
2025-01-22 17:56:55,295 INFO     ___FILE_ONLY___ 

2025-01-22 17:56:55,295 INFO     ___FILE_ONLY___   
2025-01-22 17:56:55,295 INFO     ___FILE_ONLY___ K14bLMS5UKRH5wAAAZSNN12AAAAEAwBGMEQCIFVuwIHo1Wxnx/S7vFQnXwQyKLUC
2025-01-22 17:56:55,295 INFO     ___FILE_ONLY___ 

2025-01-22 17:56:55,295 INFO     ___FILE_ONLY___   
2025-01-22 17:56:55,295 INFO     ___FILE_ONLY___ OSSTUdCCiJTWpMqSAiBA4W57ZkAZwsBxC5BTl0sfP+H3rtKKz26LRt4Z9xnpHTAN
2025-01-22 17:56:55,295 INFO     ___FILE_ONLY___ 

2025-01-22 17:56:55,295 INFO     ___FILE_ONLY___   
2025-01-22 17:56:55,295 INFO     ___FILE_ONLY___ BgkqhkiG9w0BAQsFAAOCAQEAetUDTOCcsNoxX7VQz7XKra3AXIAQrum2YpQMDpRt
2025-01-22 17:56:55,295 INFO     ___FILE_ONLY___ 

2025-01-22 17:56:55,296 INFO     ___FILE_ONLY___   
2025-01-22 17:56:55,296 INFO     ___FILE_ONLY___ mkQIVFDcPpXkWSaME2yociYigeX8s4hcvN0JspCARTQT3VFc/Dw0j5fsTaTM5c4B
2025-01-22 17:56:55,296 INFO     ___FILE_ONLY___ 

2025-01-22 17:56:55,296 INFO     ___FILE_ONLY___   
2025-01-22 17:56:55,296 INFO     ___FILE_ONLY___ ljQ47KMEZ5NzbdB96zpCREaTmaMsQIW39AE/C9/FGLA7UspB3kB3xj7t7F/11n8O
2025-01-22 17:56:55,296 INFO     ___FILE_ONLY___ 

2025-01-22 17:56:55,296 INFO     ___FILE_ONLY___   
2025-01-22 17:56:55,296 INFO     ___FILE_ONLY___ JYubcfXeyEpjtoeIIaNuuEpUFZ/IMe/zoFNp8gFEL+qm5yiEH8lnKSDa7IwYFlQ4
2025-01-22 17:56:55,296 INFO     ___FILE_ONLY___ 

2025-01-22 17:56:55,296 INFO     ___FILE_ONLY___   
2025-01-22 17:56:55,296 INFO     ___FILE_ONLY___ vZZ8/kL2vNAOg8hBgDds2yBni/CU6qs86YwJK8lEjPUXUx5cpqJsrFcgEXnc4nYG
2025-01-22 17:56:55,296 INFO     ___FILE_ONLY___ 

2025-01-22 17:56:55,297 INFO     ___FILE_ONLY___   
2025-01-22 17:56:55,297 INFO     ___FILE_ONLY___ ZXmV4pxePYP6orefmj7Qg9UBc4Vx30PqgpQT8QbMP1sNeg==
2025-01-22 17:56:55,297 INFO     ___FILE_ONLY___ 

2025-01-22 17:56:55,297 INFO     ___FILE_ONLY___   
2025-01-22 17:56:55,297 INFO     ___FILE_ONLY___ -----END CERTIFICATE-----
2025-01-22 17:56:55,297 INFO     ___FILE_ONLY___ 

2025-01-22 17:56:55,298 INFO     ___FILE_ONLY___   
2025-01-22 17:56:55,298 INFO     ___FILE_ONLY___ -----BEGIN CERTIFICATE-----
2025-01-22 17:56:55,298 INFO     ___FILE_ONLY___ 

2025-01-22 17:56:55,298 INFO     ___FILE_ONLY___   
2025-01-22 17:56:55,298 INFO     ___FILE_ONLY___ MIIFCzCCAvOgAwIBAgIQf/AFqRVo1jq8IoYWhKpLWjANBgkqhkiG9w0BAQsFADBH
2025-01-22 17:56:55,298 INFO     ___FILE_ONLY___ 

2025-01-22 17:56:55,298 INFO     ___FILE_ONLY___   
2025-01-22 17:56:55,298 INFO     ___FILE_ONLY___ MQswCQYDVQQGEwJVUzEiMCAGA1UEChMZR29vZ2xlIFRydXN0IFNlcnZpY2VzIExM
2025-01-22 17:56:55,298 INFO     ___FILE_ONLY___ 

2025-01-22 17:56:55,298 INFO     ___FILE_ONLY___   
2025-01-22 17:56:55,298 INFO     ___FILE_ONLY___ QzEUMBIGA1UEAxMLR1RTIFJvb3QgUjEwHhcNMjMxMjEzMDkwMDAwWhcNMjkwMjIw
2025-01-22 17:56:55,298 INFO     ___FILE_ONLY___ 

2025-01-22 17:56:55,298 INFO     ___FILE_ONLY___   
2025-01-22 17:56:55,298 INFO     ___FILE_ONLY___ MTQwMDAwWjA7MQswCQYDVQQGEwJVUzEeMBwGA1UEChMVR29vZ2xlIFRydXN0IFNl
2025-01-22 17:56:55,298 INFO     ___FILE_ONLY___ 

2025-01-22 17:56:55,298 INFO     ___FILE_ONLY___   
2025-01-22 17:56:55,299 INFO     ___FILE_ONLY___ cnZpY2VzMQwwCgYDVQQDEwNXUjMwggEiMA0GCSqGSIb3DQEBAQUAA4IBDwAwggEK
2025-01-22 17:56:55,299 INFO     ___FILE_ONLY___ 

2025-01-22 17:56:55,299 INFO     ___FILE_ONLY___   
2025-01-22 17:56:55,299 INFO     ___FILE_ONLY___ AoIBAQCPNHWHr4RyFI0HEJFvA6zx1Ag1mhnymxiJNGyYj3rU3eoF6N4bfIxUErp5
2025-01-22 17:56:55,299 INFO     ___FILE_ONLY___ 

2025-01-22 17:56:55,299 INFO     ___FILE_ONLY___   
2025-01-22 17:56:55,299 INFO     ___FILE_ONLY___ ivsYDQ18nPO9OOSoXsYzy0aJb0ag6TdjjdzM1ZdOMq17HSMFufV7SUOY0LxXx1N4
2025-01-22 17:56:55,299 INFO     ___FILE_ONLY___ 

2025-01-22 17:56:55,299 INFO     ___FILE_ONLY___   
2025-01-22 17:56:55,299 INFO     ___FILE_ONLY___ GLHtp1SyfIa+8FRFvIe6mVkd9LjbAPuBT0YrYl6xOqUqFyOsor7FjuVe/XEefaS0
2025-01-22 17:56:55,299 INFO     ___FILE_ONLY___ 

2025-01-22 17:56:55,299 INFO     ___FILE_ONLY___   
2025-01-22 17:56:55,299 INFO     ___FILE_ONLY___ I30EUrI00t+ZrIfGTFlf+OZPjnWSwrIwRpLQtg3H5Iln/z9UlCdl4wHISiyEL2Vf
2025-01-22 17:56:55,299 INFO     ___FILE_ONLY___ 

2025-01-22 17:56:55,299 INFO     ___FILE_ONLY___   
2025-01-22 17:56:55,299 INFO     ___FILE_ONLY___ za1c/aatQVvcTD8XlpF9qdg8Uyoc0ObUd+ZDSsK3+Eiiza1jtSVrlnIdgUVvhmnE
2025-01-22 17:56:55,299 INFO     ___FILE_ONLY___ 

2025-01-22 17:56:55,299 INFO     ___FILE_ONLY___   
2025-01-22 17:56:55,300 INFO     ___FILE_ONLY___ 5OZ4TDHmoX+nAXMKh++HiXLM08WNAgMBAAGjgf4wgfswDgYDVR0PAQH/BAQDAgGG
2025-01-22 17:56:55,300 INFO     ___FILE_ONLY___ 

2025-01-22 17:56:55,300 INFO     ___FILE_ONLY___   
2025-01-22 17:56:55,300 INFO     ___FILE_ONLY___ MB0GA1UdJQQWMBQGCCsGAQUFBwMBBggrBgEFBQcDAjASBgNVHRMBAf8ECDAGAQH/
2025-01-22 17:56:55,300 INFO     ___FILE_ONLY___ 

2025-01-22 17:56:55,300 INFO     ___FILE_ONLY___   
2025-01-22 17:56:55,300 INFO     ___FILE_ONLY___ AgEAMB0GA1UdDgQWBBTHgfX9jojZADxNY6JQMSSgziP+IzAfBgNVHSMEGDAWgBTk
2025-01-22 17:56:55,300 INFO     ___FILE_ONLY___ 

2025-01-22 17:56:55,300 INFO     ___FILE_ONLY___   
2025-01-22 17:56:55,300 INFO     ___FILE_ONLY___ rysmcRorSCeFL1JmLO/wiRNxPjA0BggrBgEFBQcBAQQoMCYwJAYIKwYBBQUHMAKG
2025-01-22 17:56:55,300 INFO     ___FILE_ONLY___ 

2025-01-22 17:56:55,300 INFO     ___FILE_ONLY___   
2025-01-22 17:56:55,300 INFO     ___FILE_ONLY___ GGh0dHA6Ly9pLnBraS5nb29nL3IxLmNydDArBgNVHR8EJDAiMCCgHqAchhpodHRw
2025-01-22 17:56:55,300 INFO     ___FILE_ONLY___ 

2025-01-22 17:56:55,301 INFO     ___FILE_ONLY___   
2025-01-22 17:56:55,301 INFO     ___FILE_ONLY___ Oi8vYy5wa2kuZ29vZy9yL3IxLmNybDATBgNVHSAEDDAKMAgGBmeBDAECATANBgkq
2025-01-22 17:56:55,301 INFO     ___FILE_ONLY___ 

2025-01-22 17:56:55,301 INFO     ___FILE_ONLY___   
2025-01-22 17:56:55,301 INFO     ___FILE_ONLY___ hkiG9w0BAQsFAAOCAgEAnI1DlJQzSKcWbyXXrJSsgKMo6KG74TMqhsuTg67a0FX0
2025-01-22 17:56:55,301 INFO     ___FILE_ONLY___ 

2025-01-22 17:56:55,301 INFO     ___FILE_ONLY___   
2025-01-22 17:56:55,301 INFO     ___FILE_ONLY___ 2752+eiJb5YsOJc8DVOHalwpOvbuPdl5BuAEgIK4Va7l9j3J9M1/EjeWjGTM3Ros
2025-01-22 17:56:55,301 INFO     ___FILE_ONLY___ 

2025-01-22 17:56:55,301 INFO     ___FILE_ONLY___   
2025-01-22 17:56:55,301 INFO     ___FILE_ONLY___ zmBJGu82oz6EWi5q75xeF+onJmh2Hm98a/yJAI/mODXq5LofYcQ9AffKP9ZMZu+Y
2025-01-22 17:56:55,302 INFO     ___FILE_ONLY___ 

2025-01-22 17:56:55,302 INFO     ___FILE_ONLY___   
2025-01-22 17:56:55,302 INFO     ___FILE_ONLY___ wW+/qHqyX2JhaOntvl7i8S+l1Y8CcKEqM1NFK4s4EBYPRFjZDawOHX7fSchbSMVP
2025-01-22 17:56:55,302 INFO     ___FILE_ONLY___ 

2025-01-22 17:56:55,302 INFO     ___FILE_ONLY___   
2025-01-22 17:56:55,302 INFO     ___FILE_ONLY___ n5Nu04lrU6xufuZqRosEQw2o0UAyzDoyA52NXzJTWr1G2FVg/0A9hdrQ/6fe9G31
2025-01-22 17:56:55,302 INFO     ___FILE_ONLY___ 

2025-01-22 17:56:55,302 INFO     ___FILE_ONLY___   
2025-01-22 17:56:55,302 INFO     ___FILE_ONLY___ 67zKxNqXErs6MpHttEouGbpm2ftzrmcvruYxTfxc4G2GwBi3LFLozNpy042gDfXB
2025-01-22 17:56:55,302 INFO     ___FILE_ONLY___ 

2025-01-22 17:56:55,302 INFO     ___FILE_ONLY___   
2025-01-22 17:56:55,302 INFO     ___FILE_ONLY___ zDyn1staWsy7+QnzMlR59Fz6jBOk5R4LT+ma0+KjnfRhMh5T2ucm69HkvNQtDZlV
2025-01-22 17:56:55,302 INFO     ___FILE_ONLY___ 

2025-01-22 17:56:55,302 INFO     ___FILE_ONLY___   
2025-01-22 17:56:55,302 INFO     ___FILE_ONLY___ a1tLUlzs0zLEdQSehTCjZ6SYsGt2bMVK6dvtxzcyCP0QDUFnNXCwgw12+mGSkAuj
2025-01-22 17:56:55,303 INFO     ___FILE_ONLY___ 

2025-01-22 17:56:55,303 INFO     ___FILE_ONLY___   
2025-01-22 17:56:55,303 INFO     ___FILE_ONLY___ 4ORi8kMRpnL8UEjkNbdw9KL1eYbEC3D0GPue2Yk2AGhxkmcdm1BoOp05kYw/Nnqg
2025-01-22 17:56:55,303 INFO     ___FILE_ONLY___ 

2025-01-22 17:56:55,303 INFO     ___FILE_ONLY___   
2025-01-22 17:56:55,303 INFO     ___FILE_ONLY___ h7QV8DKyBTUHbjH0pXlLiOsSOY+CLh1eTM+Do6rSjqGnDQeUXylZmPCmuveaw38I
2025-01-22 17:56:55,303 INFO     ___FILE_ONLY___ 

2025-01-22 17:56:55,303 INFO     ___FILE_ONLY___   
2025-01-22 17:56:55,303 INFO     ___FILE_ONLY___ VnBaa6Eiz6pngZ1u6OeO/1UzfhmyTm0n0G+9JZ3KS2Mq08isNgXHLnhlHJaphpE=
2025-01-22 17:56:55,303 INFO     ___FILE_ONLY___ 

2025-01-22 17:56:55,303 INFO     ___FILE_ONLY___   
2025-01-22 17:56:55,303 INFO     ___FILE_ONLY___ -----END CERTIFICATE-----
2025-01-22 17:56:55,303 INFO     ___FILE_ONLY___ 

2025-01-22 17:56:55,303 INFO     ___FILE_ONLY___   
2025-01-22 17:56:55,304 INFO     ___FILE_ONLY___ -----BEGIN CERTIFICATE-----
2025-01-22 17:56:55,304 INFO     ___FILE_ONLY___ 

2025-01-22 17:56:55,304 INFO     ___FILE_ONLY___   
2025-01-22 17:56:55,304 INFO     ___FILE_ONLY___ MIIFYjCCBEqgAwIBAgIQd70NbNs2+RrqIQ/E8FjTDTANBgkqhkiG9w0BAQsFADBX
2025-01-22 17:56:55,304 INFO     ___FILE_ONLY___ 

2025-01-22 17:56:55,304 INFO     ___FILE_ONLY___   
2025-01-22 17:56:55,304 INFO     ___FILE_ONLY___ MQswCQYDVQQGEwJCRTEZMBcGA1UEChMQR2xvYmFsU2lnbiBudi1zYTEQMA4GA1UE
2025-01-22 17:56:55,304 INFO     ___FILE_ONLY___ 

2025-01-22 17:56:55,304 INFO     ___FILE_ONLY___   
2025-01-22 17:56:55,304 INFO     ___FILE_ONLY___ CxMHUm9vdCBDQTEbMBkGA1UEAxMSR2xvYmFsU2lnbiBSb290IENBMB4XDTIwMDYx
2025-01-22 17:56:55,304 INFO     ___FILE_ONLY___ 

2025-01-22 17:56:55,304 INFO     ___FILE_ONLY___   
2025-01-22 17:56:55,304 INFO     ___FILE_ONLY___ OTAwMDA0MloXDTI4MDEyODAwMDA0MlowRzELMAkGA1UEBhMCVVMxIjAgBgNVBAoT
2025-01-22 17:56:55,304 INFO     ___FILE_ONLY___ 

2025-01-22 17:56:55,304 INFO     ___FILE_ONLY___   
2025-01-22 17:56:55,305 INFO     ___FILE_ONLY___ GUdvb2dsZSBUcnVzdCBTZXJ2aWNlcyBMTEMxFDASBgNVBAMTC0dUUyBSb290IFIx
2025-01-22 17:56:55,305 INFO     ___FILE_ONLY___ 

2025-01-22 17:56:55,305 INFO     ___FILE_ONLY___   
2025-01-22 17:56:55,305 INFO     ___FILE_ONLY___ MIICIjANBgkqhkiG9w0BAQEFAAOCAg8AMIICCgKCAgEAthECix7joXebO9y/lD63
2025-01-22 17:56:55,305 INFO     ___FILE_ONLY___ 

2025-01-22 17:56:55,305 INFO     ___FILE_ONLY___   
2025-01-22 17:56:55,305 INFO     ___FILE_ONLY___ ladAPKH9gvl9MgaCcfb2jH/76Nu8ai6Xl6OMS/kr9rH5zoQdsfnFl97vufKj6bwS
2025-01-22 17:56:55,305 INFO     ___FILE_ONLY___ 

2025-01-22 17:56:55,305 INFO     ___FILE_ONLY___   
2025-01-22 17:56:55,305 INFO     ___FILE_ONLY___ iV6nqlKr+CMny6SxnGPb15l+8Ape62im9MZaRw1NEDPjTrETo8gYbEvs/AmQ351k
2025-01-22 17:56:55,305 INFO     ___FILE_ONLY___ 

2025-01-22 17:56:55,305 INFO     ___FILE_ONLY___   
2025-01-22 17:56:55,305 INFO     ___FILE_ONLY___ KSUjB6G00j0uYODP0gmHu81I8E3CwnqIiru6z1kZ1q+PsAewnjHxgsHA3y6mbWwZ
2025-01-22 17:56:55,305 INFO     ___FILE_ONLY___ 

2025-01-22 17:56:55,305 INFO     ___FILE_ONLY___   
2025-01-22 17:56:55,305 INFO     ___FILE_ONLY___ DrXYfiYaRQM9sHmklCitD38m5agI/pboPGiUU+6DOogrFZYJsuB6jC511pzrp1Zk
2025-01-22 17:56:55,306 INFO     ___FILE_ONLY___ 

2025-01-22 17:56:55,306 INFO     ___FILE_ONLY___   
2025-01-22 17:56:55,306 INFO     ___FILE_ONLY___ j5ZPaK49l8KEj8C8QMALXL32h7M1bKwYUH+E4EzNktMg6TO8UpmvMrUpsyUqtEj5
2025-01-22 17:56:55,306 INFO     ___FILE_ONLY___ 

2025-01-22 17:56:55,306 INFO     ___FILE_ONLY___   
2025-01-22 17:56:55,306 INFO     ___FILE_ONLY___ cuHKZPfmghCN6J3Cioj6OGaK/GP5Afl4/Xtcd/p2h/rs37EOeZVXtL0m79YB0esW
2025-01-22 17:56:55,306 INFO     ___FILE_ONLY___ 

2025-01-22 17:56:55,306 INFO     ___FILE_ONLY___   
2025-01-22 17:56:55,306 INFO     ___FILE_ONLY___ CruOC7XFxYpVq9Os6pFLKcwZpDIlTirxZUTQAs6qzkm06p98g7BAe+dDq6dso499
2025-01-22 17:56:55,306 INFO     ___FILE_ONLY___ 

2025-01-22 17:56:55,306 INFO     ___FILE_ONLY___   
2025-01-22 17:56:55,306 INFO     ___FILE_ONLY___ iYH6TKX/1Y7DzkvgtdizjkXPdsDtQCv9Uw+wp9U7DbGKogPeMa3Md+pvez7W35Ei
2025-01-22 17:56:55,306 INFO     ___FILE_ONLY___ 

2025-01-22 17:56:55,306 INFO     ___FILE_ONLY___   
2025-01-22 17:56:55,306 INFO     ___FILE_ONLY___ Eua++tgy/BBjFFFy3l3WFpO9KWgz7zpm7AeKJt8T11dleCfeXkkUAKIAf5qoIbap
2025-01-22 17:56:55,306 INFO     ___FILE_ONLY___ 

2025-01-22 17:56:55,306 INFO     ___FILE_ONLY___   
2025-01-22 17:56:55,306 INFO     ___FILE_ONLY___ sZWwpbkNFhHax2xIPEDgfg1azVY80ZcFuctL7TlLnMQ/0lUTbiSw1nH69MG6zO0b
2025-01-22 17:56:55,306 INFO     ___FILE_ONLY___ 

2025-01-22 17:56:55,306 INFO     ___FILE_ONLY___   
2025-01-22 17:56:55,306 INFO     ___FILE_ONLY___ 9f6BQdgAmD06yK56mDcYBZUCAwEAAaOCATgwggE0MA4GA1UdDwEB/wQEAwIBhjAP
2025-01-22 17:56:55,307 INFO     ___FILE_ONLY___ 

2025-01-22 17:56:55,307 INFO     ___FILE_ONLY___   
2025-01-22 17:56:55,307 INFO     ___FILE_ONLY___ BgNVHRMBAf8EBTADAQH/MB0GA1UdDgQWBBTkrysmcRorSCeFL1JmLO/wiRNxPjAf
2025-01-22 17:56:55,307 INFO     ___FILE_ONLY___ 

2025-01-22 17:56:55,307 INFO     ___FILE_ONLY___   
2025-01-22 17:56:55,307 INFO     ___FILE_ONLY___ BgNVHSMEGDAWgBRge2YaRQ2XyolQL30EzTSo//z9SzBgBggrBgEFBQcBAQRUMFIw
2025-01-22 17:56:55,307 INFO     ___FILE_ONLY___ 

2025-01-22 17:56:55,307 INFO     ___FILE_ONLY___   
2025-01-22 17:56:55,307 INFO     ___FILE_ONLY___ JQYIKwYBBQUHMAGGGWh0dHA6Ly9vY3NwLnBraS5nb29nL2dzcjEwKQYIKwYBBQUH
2025-01-22 17:56:55,307 INFO     ___FILE_ONLY___ 

2025-01-22 17:56:55,307 INFO     ___FILE_ONLY___   
2025-01-22 17:56:55,307 INFO     ___FILE_ONLY___ MAKGHWh0dHA6Ly9wa2kuZ29vZy9nc3IxL2dzcjEuY3J0MDIGA1UdHwQrMCkwJ6Al
2025-01-22 17:56:55,307 INFO     ___FILE_ONLY___ 

2025-01-22 17:56:55,307 INFO     ___FILE_ONLY___   
2025-01-22 17:56:55,307 INFO     ___FILE_ONLY___ oCOGIWh0dHA6Ly9jcmwucGtpLmdvb2cvZ3NyMS9nc3IxLmNybDA7BgNVHSAENDAy
2025-01-22 17:56:55,307 INFO     ___FILE_ONLY___ 

2025-01-22 17:56:55,307 INFO     ___FILE_ONLY___   
2025-01-22 17:56:55,307 INFO     ___FILE_ONLY___ MAgGBmeBDAECATAIBgZngQwBAgIwDQYLKwYBBAHWeQIFAwIwDQYLKwYBBAHWeQIF
2025-01-22 17:56:55,307 INFO     ___FILE_ONLY___ 

2025-01-22 17:56:55,307 INFO     ___FILE_ONLY___   
2025-01-22 17:56:55,308 INFO     ___FILE_ONLY___ AwMwDQYJKoZIhvcNAQELBQADggEBADSkHrEoo9C0dhemMXoh6dFSPsjbdBZBiLg9
2025-01-22 17:56:55,308 INFO     ___FILE_ONLY___ 

2025-01-22 17:56:55,308 INFO     ___FILE_ONLY___   
2025-01-22 17:56:55,308 INFO     ___FILE_ONLY___ NR3t5P+T4Vxfq7vqfM/b5A3Ri1fyJm9bvhdGaJQ3b2t6yMAYN/olUazsaL+yyEn9
2025-01-22 17:56:55,308 INFO     ___FILE_ONLY___ 

2025-01-22 17:56:55,308 INFO     ___FILE_ONLY___   
2025-01-22 17:56:55,308 INFO     ___FILE_ONLY___ WprKASOshIArAoyZl+tJaox118fessmXn1hIVw41oeQa1v1vg4Fv74zPl6/AhSrw
2025-01-22 17:56:55,308 INFO     ___FILE_ONLY___ 

2025-01-22 17:56:55,308 INFO     ___FILE_ONLY___   
2025-01-22 17:56:55,308 INFO     ___FILE_ONLY___ 9U5pCZEt4Wi4wStz6dTZ/CLANx8LZh1J7QJVj2fhMtfTJr9w4z30Z209fOU0iOMy
2025-01-22 17:56:55,308 INFO     ___FILE_ONLY___ 

2025-01-22 17:56:55,308 INFO     ___FILE_ONLY___   
2025-01-22 17:56:55,308 INFO     ___FILE_ONLY___ +qduBmpvvYuR7hZL6Dupszfnw0Skfths18dG9ZKb59UhvmaSGZRVbNQpsg3BZlvi
2025-01-22 17:56:55,308 INFO     ___FILE_ONLY___ 

2025-01-22 17:56:55,308 INFO     ___FILE_ONLY___   
2025-01-22 17:56:55,308 INFO     ___FILE_ONLY___ d0lIKO2d1xozclOzgjXPYovJJIultzkMu34qQb9Sz/yilrbCgj8=
2025-01-22 17:56:55,308 INFO     ___FILE_ONLY___ 

2025-01-22 17:56:55,308 INFO     ___FILE_ONLY___   
2025-01-22 17:56:55,309 INFO     ___FILE_ONLY___ -----END CERTIFICATE-----
2025-01-22 17:56:55,309 INFO     ___FILE_ONLY___ 

2025-01-22 17:56:55,309 INFO     ___FILE_ONLY___ creationTimestamp
2025-01-22 17:56:55,310 INFO     ___FILE_ONLY___ :
2025-01-22 17:56:55,310 INFO     ___FILE_ONLY___  '
2025-01-22 17:56:55,310 INFO     ___FILE_ONLY___ 2025-01-22T00:34:26.777-08:00
2025-01-22 17:56:55,310 INFO     ___FILE_ONLY___ '
2025-01-22 17:56:55,310 INFO     ___FILE_ONLY___ 

2025-01-22 17:56:55,311 INFO     ___FILE_ONLY___ expireTime
2025-01-22 17:56:55,311 INFO     ___FILE_ONLY___ :
2025-01-22 17:56:55,311 INFO     ___FILE_ONLY___  '
2025-01-22 17:56:55,311 INFO     ___FILE_ONLY___ 2025-04-22T01:34:28.000-07:00
2025-01-22 17:56:55,311 INFO     ___FILE_ONLY___ '
2025-01-22 17:56:55,311 INFO     ___FILE_ONLY___ 

2025-01-22 17:56:55,311 INFO     ___FILE_ONLY___ id
2025-01-22 17:56:55,311 INFO     ___FILE_ONLY___ :
2025-01-22 17:56:55,311 INFO     ___FILE_ONLY___  '
2025-01-22 17:56:55,311 INFO     ___FILE_ONLY___ 1836804752210203517
2025-01-22 17:56:55,311 INFO     ___FILE_ONLY___ '
2025-01-22 17:56:55,312 INFO     ___FILE_ONLY___ 

2025-01-22 17:56:55,312 INFO     ___FILE_ONLY___ kind
2025-01-22 17:56:55,312 INFO     ___FILE_ONLY___ :
2025-01-22 17:56:55,312 INFO     ___FILE_ONLY___  
2025-01-22 17:56:55,312 INFO     ___FILE_ONLY___ compute#sslCertificate
2025-01-22 17:56:55,312 INFO     ___FILE_ONLY___ 

2025-01-22 17:56:55,312 INFO     ___FILE_ONLY___ managed
2025-01-22 17:56:55,312 INFO     ___FILE_ONLY___ :
2025-01-22 17:56:55,312 INFO     ___FILE_ONLY___ 

2025-01-22 17:56:55,312 INFO     ___FILE_ONLY___   
2025-01-22 17:56:55,313 INFO     ___FILE_ONLY___ domainStatus
2025-01-22 17:56:55,313 INFO     ___FILE_ONLY___ :
2025-01-22 17:56:55,313 INFO     ___FILE_ONLY___ 

2025-01-22 17:56:55,313 INFO     ___FILE_ONLY___     
2025-01-22 17:56:55,313 INFO     ___FILE_ONLY___ ljhun.shop
2025-01-22 17:56:55,313 INFO     ___FILE_ONLY___ :
2025-01-22 17:56:55,313 INFO     ___FILE_ONLY___  
2025-01-22 17:56:55,313 INFO     ___FILE_ONLY___ ACTIVE
2025-01-22 17:56:55,313 INFO     ___FILE_ONLY___ 

2025-01-22 17:56:55,313 INFO     ___FILE_ONLY___     
2025-01-22 17:56:55,313 INFO     ___FILE_ONLY___ www.ljhun.shop
2025-01-22 17:56:55,314 INFO     ___FILE_ONLY___ :
2025-01-22 17:56:55,314 INFO     ___FILE_ONLY___  
2025-01-22 17:56:55,314 INFO     ___FILE_ONLY___ ACTIVE
2025-01-22 17:56:55,314 INFO     ___FILE_ONLY___ 

2025-01-22 17:56:55,314 INFO     ___FILE_ONLY___   
2025-01-22 17:56:55,314 INFO     ___FILE_ONLY___ domains
2025-01-22 17:56:55,314 INFO     ___FILE_ONLY___ :
2025-01-22 17:56:55,314 INFO     ___FILE_ONLY___ 

2025-01-22 17:56:55,314 INFO     ___FILE_ONLY___   
2025-01-22 17:56:55,314 INFO     ___FILE_ONLY___ -
2025-01-22 17:56:55,314 INFO     ___FILE_ONLY___  
2025-01-22 17:56:55,314 INFO     ___FILE_ONLY___ ljhun.shop
2025-01-22 17:56:55,314 INFO     ___FILE_ONLY___ 

2025-01-22 17:56:55,315 INFO     ___FILE_ONLY___   
2025-01-22 17:56:55,315 INFO     ___FILE_ONLY___ -
2025-01-22 17:56:55,315 INFO     ___FILE_ONLY___  
2025-01-22 17:56:55,316 INFO     ___FILE_ONLY___ www.ljhun.shop
2025-01-22 17:56:55,316 INFO     ___FILE_ONLY___ 

2025-01-22 17:56:55,317 INFO     ___FILE_ONLY___   
2025-01-22 17:56:55,317 INFO     ___FILE_ONLY___ status
2025-01-22 17:56:55,317 INFO     ___FILE_ONLY___ :
2025-01-22 17:56:55,317 INFO     ___FILE_ONLY___  
2025-01-22 17:56:55,317 INFO     ___FILE_ONLY___ ACTIVE
2025-01-22 17:56:55,318 INFO     ___FILE_ONLY___ 

2025-01-22 17:56:55,318 INFO     ___FILE_ONLY___ name
2025-01-22 17:56:55,318 INFO     ___FILE_ONLY___ :
2025-01-22 17:56:55,319 INFO     ___FILE_ONLY___  
2025-01-22 17:56:55,319 INFO     ___FILE_ONLY___ lb-managed-cert
2025-01-22 17:56:55,320 INFO     ___FILE_ONLY___ 

2025-01-22 17:56:55,320 INFO     ___FILE_ONLY___ selfLink
2025-01-22 17:56:55,320 INFO     ___FILE_ONLY___ :
2025-01-22 17:56:55,320 INFO     ___FILE_ONLY___  
2025-01-22 17:56:55,320 INFO     ___FILE_ONLY___ https://www.googleapis.com/compute/v1/projects/peppy-arcadia-432311-g5/global/sslCertificates/lb-managed-cert
2025-01-22 17:56:55,320 INFO     ___FILE_ONLY___ 

2025-01-22 17:56:55,320 INFO     ___FILE_ONLY___ subjectAlternativeNames
2025-01-22 17:56:55,321 INFO     ___FILE_ONLY___ :
2025-01-22 17:56:55,321 INFO     ___FILE_ONLY___ 

2025-01-22 17:56:55,321 INFO     ___FILE_ONLY___ -
2025-01-22 17:56:55,321 INFO     ___FILE_ONLY___  
2025-01-22 17:56:55,321 INFO     ___FILE_ONLY___ ljhun.shop
2025-01-22 17:56:55,321 INFO     ___FILE_ONLY___ 

2025-01-22 17:56:55,321 INFO     ___FILE_ONLY___ -
2025-01-22 17:56:55,321 INFO     ___FILE_ONLY___  
2025-01-22 17:56:55,321 INFO     ___FILE_ONLY___ www.ljhun.shop
2025-01-22 17:56:55,322 INFO     ___FILE_ONLY___ 

2025-01-22 17:56:55,322 INFO     ___FILE_ONLY___ type
2025-01-22 17:56:55,322 INFO     ___FILE_ONLY___ :
2025-01-22 17:56:55,322 INFO     ___FILE_ONLY___  
2025-01-22 17:56:55,322 INFO     ___FILE_ONLY___ MANAGED
2025-01-22 17:56:55,322 INFO     ___FILE_ONLY___ 

2025-01-22 17:56:55,322 DEBUG    root            SDK update checks are disabled.
