2025-01-22 17:52:30,985 DEBUG    root            Loaded Command Group: ['gcloud', 'certificate_manager']
2025-01-22 17:52:30,993 DEBUG    root            Loaded Command Group: ['gcloud', 'certificate-manager', 'certificates']
2025-01-22 17:52:31,032 DEBUG    root            Loaded Command Group: ['gcloud', 'certificate-manager', 'certificates', 'list']
2025-01-22 17:52:31,052 DEBUG    root            Running [gcloud.certificate-manager.certificates.list] with arguments: [--project: "peppy-arcadia-432311-g5"]
2025-01-22 17:52:31,145 DEBUG    root            Chosen display Format:table(
    name.scope(certificates),
    san_dnsnames.sansToString(undefined=''):label=SUBJECT_ALTERNATIVE_NAMES,
    description,
    scope,
    expireTime.date('%Y-%m-%d %H:%M:%S %Oz', undefined=''),
    createTime.date('%Y-%m-%d %H:%M:%S %Oz', undefined=''),
    updateTime.date('%Y-%m-%d %H:%M:%S %Oz', undefined='')
)

2025-01-22 17:52:31,146 INFO     root            Display format: "table(
    name.scope(certificates),
    san_dnsnames.sansToString(undefined=''):label=SUBJECT_ALTERNATIVE_NAMES,
    description,
    scope,
    expireTime.date('%Y-%m-%d %H:%M:%S %Oz', undefined=''),
    createTime.date('%Y-%m-%d %H:%M:%S %Oz', undefined=''),
    updateTime.date('%Y-%m-%d %H:%M:%S %Oz', undefined='')
)
"
2025-01-22 17:52:31,150 DEBUG    urllib3.connectionpool Starting new HTTPS connection (1): certificatemanager.googleapis.com:443
2025-01-22 17:52:32,687 DEBUG    urllib3.connectionpool https://certificatemanager.googleapis.com:443 "GET /v1/projects/peppy-arcadia-432311-g5/locations/global/certificates?alt=json HTTP/1.1" 403 None
2025-01-22 17:52:43,676 INFO     ___FILE_ONLY___ Enabling service [certificatemanager.googleapis.com] on project [peppy-arcadia-432311-g5]...

2025-01-22 17:52:43,713 DEBUG    urllib3.connectionpool Starting new HTTPS connection (1): serviceusage.googleapis.com:443
2025-01-22 17:52:45,110 DEBUG    urllib3.connectionpool https://serviceusage.googleapis.com:443 "POST /v1/projects/peppy-arcadia-432311-g5/services/certificatemanager.googleapis.com:enable?alt=json HTTP/1.1" 200 None
2025-01-22 17:52:45,130 DEBUG    urllib3.connectionpool Starting new HTTPS connection (1): serviceusage.googleapis.com:443
2025-01-22 17:52:46,509 DEBUG    urllib3.connectionpool https://serviceusage.googleapis.com:443 "GET /v1/operations/acat.p2-134982172036-27ff22bb-03df-422c-9b4d-be285058f029?alt=json HTTP/1.1" 200 None
2025-01-22 17:52:49,050 DEBUG    urllib3.connectionpool Starting new HTTPS connection (1): serviceusage.googleapis.com:443
2025-01-22 17:52:50,503 DEBUG    urllib3.connectionpool https://serviceusage.googleapis.com:443 "GET /v1/operations/acat.p2-134982172036-27ff22bb-03df-422c-9b4d-be285058f029?alt=json HTTP/1.1" 200 None
2025-01-22 17:52:50,511 INFO     ___FILE_ONLY___ Operation "operations/acat.p2-134982172036-27ff22bb-03df-422c-9b4d-be285058f029" finished successfully.

2025-01-22 17:52:50,511 DEBUG    root            Request returned no response, retrying
2025-01-22 17:52:50,511 DEBUG    root            Retrying request to url https://certificatemanager.googleapis.com/v1/projects/peppy-arcadia-432311-g5/locations/global/certificates?alt=json after exception Retry
2025-01-22 17:52:52,052 DEBUG    urllib3.connectionpool Starting new HTTPS connection (1): certificatemanager.googleapis.com:443
2025-01-22 17:52:53,575 DEBUG    urllib3.connectionpool https://certificatemanager.googleapis.com:443 "GET /v1/projects/peppy-arcadia-432311-g5/locations/global/certificates?alt=json HTTP/1.1" 200 None
2025-01-22 17:52:53,580 INFO     ___FILE_ONLY___ Listed 0 items.

2025-01-22 17:52:53,581 DEBUG    root            SDK update checks are disabled.
