2025-01-13 00:27:38,309 DEBUG    root            Loaded Command Group: ['gcloud', 'compute']
2025-01-13 00:27:38,314 DEBUG    root            Loaded Command Group: ['gcloud', 'compute', 'addresses']
2025-01-13 00:27:38,348 DEBUG    root            Loaded Command Group: ['gcloud', 'compute', 'addresses', 'list']
2025-01-13 00:27:38,352 DEBUG    root            Running [gcloud.compute.addresses.list] with arguments: [--filter: "purpose=VPC_PEERING", --format: "table(name, address, prefixLength, region)"]
2025-01-13 00:27:38,477 DEBUG    google.auth.transport.requests Making request: POST https://oauth2.googleapis.com/token
2025-01-13 00:27:38,480 DEBUG    urllib3.connectionpool Starting new HTTPS connection (1): oauth2.googleapis.com:443
2025-01-13 00:27:38,956 DEBUG    urllib3.connectionpool https://oauth2.googleapis.com:443 "POST /token HTTP/1.1" 200 None
2025-01-13 00:27:39,301 INFO     root            client_filter=None server_filter='purpose eq VPC_PEERING'
2025-01-13 00:27:39,302 DEBUG    root            Chosen display Format:        table(
          name,
          address_range():label=ADDRESS/RANGE,
          address_type:label=TYPE,
          purpose,
          network.basename(),
          region.basename(),
          subnetwork.basename():label=SUBNET,
          status
        ) table(name, address, prefixLength, region)
2025-01-13 00:27:39,305 INFO     root            Display format: "        table(
          name,
          address_range():label=ADDRESS/RANGE,
          address_type:label=TYPE,
          purpose,
          network.basename(),
          region.basename(),
          subnetwork.basename():label=SUBNET,
          status
        ) table(name, address, prefixLength, region)"
2025-01-13 00:27:39,310 DEBUG    urllib3.connectionpool Starting new HTTPS connection (1): compute.googleapis.com:443
2025-01-13 00:27:40,236 DEBUG    urllib3.connectionpool https://compute.googleapis.com:443 "GET /compute/v1/projects/peppy-arcadia-432311-g5/aggregated/addresses?alt=json&includeAllScopes=True&maxResults=500&returnPartialSuccess=True HTTP/1.1" 200 None
2025-01-13 00:27:40,306 INFO     ___FILE_ONLY___ NAME
2025-01-13 00:27:40,306 INFO     ___FILE_ONLY___                        
2025-01-13 00:27:40,306 INFO     ___FILE_ONLY___ ADDRESS
2025-01-13 00:27:40,307 INFO     ___FILE_ONLY___      
2025-01-13 00:27:40,307 INFO     ___FILE_ONLY___ PREFIX_LENGTH
2025-01-13 00:27:40,307 INFO     ___FILE_ONLY___   
2025-01-13 00:27:40,307 INFO     ___FILE_ONLY___ REGION
2025-01-13 00:27:40,307 INFO     ___FILE_ONLY___ 

2025-01-13 00:27:40,307 INFO     ___FILE_ONLY___ cloudsql-private-ip-range
2025-01-13 00:27:40,307 INFO     ___FILE_ONLY___   
2025-01-13 00:27:40,307 INFO     ___FILE_ONLY___ 10.2.163.0
2025-01-13 00:27:40,307 INFO     ___FILE_ONLY___   
2025-01-13 00:27:40,307 INFO     ___FILE_ONLY___ 24
2025-01-13 00:27:40,307 INFO     ___FILE_ONLY___ 

2025-01-13 00:27:40,307 DEBUG    root            SDK update checks are disabled.
