2025-01-13 00:39:18,946 DEBUG    root            Loaded Command Group: ['gcloud', 'container', 'node_pools']
2025-01-13 00:39:18,949 DEBUG    root            Loaded Command Group: ['gcloud', 'container', 'node-pools', 'delete']
2025-01-13 00:39:19,044 DEBUG    root            Running [gcloud.container.node-pools.delete] with arguments: [--cluster: "gcp-dr-gke", --quiet: "True", --region: "asia-northeast3", NAME: "default-pool"]
2025-01-13 00:39:19,048 DEBUG    urllib3.connectionpool Starting new HTTPS connection (1): container.googleapis.com:443
2025-01-13 00:39:19,276 DEBUG    urllib3.connectionpool https://container.googleapis.com:443 "GET /v1/projects/peppy-arcadia-432311-g5/locations/asia-northeast3/clusters/gcp-dr-gke/nodePools/default-pool?alt=json HTTP/1.1" 200 None
2025-01-13 00:39:19,286 DEBUG    urllib3.connectionpool Starting new HTTPS connection (1): container.googleapis.com:443
2025-01-13 00:39:19,679 DEBUG    urllib3.connectionpool https://container.googleapis.com:443 "DELETE /v1/projects/peppy-arcadia-432311-g5/locations/asia-northeast3/clusters/gcp-dr-gke/nodePools/default-pool?alt=json HTTP/1.1" 200 None
2025-01-13 00:39:19,683 INFO     ___FILE_ONLY___ Deleting node pool default-pool...
2025-01-13 00:39:19,696 DEBUG    urllib3.connectionpool Starting new HTTPS connection (1): container.googleapis.com:443
2025-01-13 00:39:19,907 DEBUG    urllib3.connectionpool https://container.googleapis.com:443 "GET /v1/projects/peppy-arcadia-432311-g5/locations/asia-northeast3/operations/operation-1736696359865-288b86ed-b4ea-4e58-ad6d-cb45bdd221d7?alt=json HTTP/1.1" 200 None
2025-01-13 00:39:24,916 DEBUG    urllib3.connectionpool Starting new HTTPS connection (1): container.googleapis.com:443
2025-01-13 00:39:25,118 DEBUG    urllib3.connectionpool https://container.googleapis.com:443 "GET /v1/projects/peppy-arcadia-432311-g5/locations/asia-northeast3/operations/operation-1736696359865-288b86ed-b4ea-4e58-ad6d-cb45bdd221d7?alt=json HTTP/1.1" 200 None
2025-01-13 00:39:30,126 DEBUG    urllib3.connectionpool Starting new HTTPS connection (1): container.googleapis.com:443
2025-01-13 00:39:30,369 DEBUG    urllib3.connectionpool https://container.googleapis.com:443 "GET /v1/projects/peppy-arcadia-432311-g5/locations/asia-northeast3/operations/operation-1736696359865-288b86ed-b4ea-4e58-ad6d-cb45bdd221d7?alt=json HTTP/1.1" 200 None
2025-01-13 00:39:35,376 DEBUG    urllib3.connectionpool Starting new HTTPS connection (1): container.googleapis.com:443
2025-01-13 00:39:35,544 DEBUG    urllib3.connectionpool https://container.googleapis.com:443 "GET /v1/projects/peppy-arcadia-432311-g5/locations/asia-northeast3/operations/operation-1736696359865-288b86ed-b4ea-4e58-ad6d-cb45bdd221d7?alt=json HTTP/1.1" 200 None
2025-01-13 00:39:40,552 DEBUG    urllib3.connectionpool Starting new HTTPS connection (1): container.googleapis.com:443
2025-01-13 00:39:40,734 DEBUG    urllib3.connectionpool https://container.googleapis.com:443 "GET /v1/projects/peppy-arcadia-432311-g5/locations/asia-northeast3/operations/operation-1736696359865-288b86ed-b4ea-4e58-ad6d-cb45bdd221d7?alt=json HTTP/1.1" 200 None
2025-01-13 00:39:45,743 DEBUG    urllib3.connectionpool Starting new HTTPS connection (1): container.googleapis.com:443
2025-01-13 00:39:45,915 DEBUG    urllib3.connectionpool https://container.googleapis.com:443 "GET /v1/projects/peppy-arcadia-432311-g5/locations/asia-northeast3/operations/operation-1736696359865-288b86ed-b4ea-4e58-ad6d-cb45bdd221d7?alt=json HTTP/1.1" 200 None
2025-01-13 00:39:50,923 DEBUG    urllib3.connectionpool Starting new HTTPS connection (1): container.googleapis.com:443
2025-01-13 00:39:51,093 DEBUG    urllib3.connectionpool https://container.googleapis.com:443 "GET /v1/projects/peppy-arcadia-432311-g5/locations/asia-northeast3/operations/operation-1736696359865-288b86ed-b4ea-4e58-ad6d-cb45bdd221d7?alt=json HTTP/1.1" 200 None
2025-01-13 00:39:56,100 DEBUG    urllib3.connectionpool Starting new HTTPS connection (1): container.googleapis.com:443
2025-01-13 00:39:56,215 DEBUG    urllib3.connectionpool https://container.googleapis.com:443 "GET /v1/projects/peppy-arcadia-432311-g5/locations/asia-northeast3/operations/operation-1736696359865-288b86ed-b4ea-4e58-ad6d-cb45bdd221d7?alt=json HTTP/1.1" 200 None
2025-01-13 00:40:01,221 DEBUG    urllib3.connectionpool Starting new HTTPS connection (1): container.googleapis.com:443
2025-01-13 00:40:01,451 DEBUG    urllib3.connectionpool https://container.googleapis.com:443 "GET /v1/projects/peppy-arcadia-432311-g5/locations/asia-northeast3/operations/operation-1736696359865-288b86ed-b4ea-4e58-ad6d-cb45bdd221d7?alt=json HTTP/1.1" 200 None
2025-01-13 00:40:06,460 DEBUG    urllib3.connectionpool Starting new HTTPS connection (1): container.googleapis.com:443
2025-01-13 00:40:06,655 DEBUG    urllib3.connectionpool https://container.googleapis.com:443 "GET /v1/projects/peppy-arcadia-432311-g5/locations/asia-northeast3/operations/operation-1736696359865-288b86ed-b4ea-4e58-ad6d-cb45bdd221d7?alt=json HTTP/1.1" 200 None
2025-01-13 00:40:11,664 DEBUG    urllib3.connectionpool Starting new HTTPS connection (1): container.googleapis.com:443
2025-01-13 00:40:11,843 DEBUG    urllib3.connectionpool https://container.googleapis.com:443 "GET /v1/projects/peppy-arcadia-432311-g5/locations/asia-northeast3/operations/operation-1736696359865-288b86ed-b4ea-4e58-ad6d-cb45bdd221d7?alt=json HTTP/1.1" 200 None
2025-01-13 00:40:16,850 DEBUG    urllib3.connectionpool Starting new HTTPS connection (1): container.googleapis.com:443
2025-01-13 00:40:17,116 DEBUG    urllib3.connectionpool https://container.googleapis.com:443 "GET /v1/projects/peppy-arcadia-432311-g5/locations/asia-northeast3/operations/operation-1736696359865-288b86ed-b4ea-4e58-ad6d-cb45bdd221d7?alt=json HTTP/1.1" 200 None
2025-01-13 00:40:22,122 DEBUG    urllib3.connectionpool Starting new HTTPS connection (1): container.googleapis.com:443
2025-01-13 00:40:22,300 DEBUG    urllib3.connectionpool https://container.googleapis.com:443 "GET /v1/projects/peppy-arcadia-432311-g5/locations/asia-northeast3/operations/operation-1736696359865-288b86ed-b4ea-4e58-ad6d-cb45bdd221d7?alt=json HTTP/1.1" 200 None
2025-01-13 00:40:27,307 DEBUG    urllib3.connectionpool Starting new HTTPS connection (1): container.googleapis.com:443
2025-01-13 00:40:27,433 DEBUG    urllib3.connectionpool https://container.googleapis.com:443 "GET /v1/projects/peppy-arcadia-432311-g5/locations/asia-northeast3/operations/operation-1736696359865-288b86ed-b4ea-4e58-ad6d-cb45bdd221d7?alt=json HTTP/1.1" 200 None
2025-01-13 00:40:32,440 DEBUG    urllib3.connectionpool Starting new HTTPS connection (1): container.googleapis.com:443
2025-01-13 00:40:32,672 DEBUG    urllib3.connectionpool https://container.googleapis.com:443 "GET /v1/projects/peppy-arcadia-432311-g5/locations/asia-northeast3/operations/operation-1736696359865-288b86ed-b4ea-4e58-ad6d-cb45bdd221d7?alt=json HTTP/1.1" 200 None
2025-01-13 00:40:37,678 DEBUG    urllib3.connectionpool Starting new HTTPS connection (1): container.googleapis.com:443
2025-01-13 00:40:37,803 DEBUG    urllib3.connectionpool https://container.googleapis.com:443 "GET /v1/projects/peppy-arcadia-432311-g5/locations/asia-northeast3/operations/operation-1736696359865-288b86ed-b4ea-4e58-ad6d-cb45bdd221d7?alt=json HTTP/1.1" 200 None
2025-01-13 00:40:42,808 DEBUG    urllib3.connectionpool Starting new HTTPS connection (1): container.googleapis.com:443
2025-01-13 00:40:43,012 DEBUG    urllib3.connectionpool https://container.googleapis.com:443 "GET /v1/projects/peppy-arcadia-432311-g5/locations/asia-northeast3/operations/operation-1736696359865-288b86ed-b4ea-4e58-ad6d-cb45bdd221d7?alt=json HTTP/1.1" 200 None
2025-01-13 00:40:48,019 DEBUG    urllib3.connectionpool Starting new HTTPS connection (1): container.googleapis.com:443
2025-01-13 00:40:48,137 DEBUG    urllib3.connectionpool https://container.googleapis.com:443 "GET /v1/projects/peppy-arcadia-432311-g5/locations/asia-northeast3/operations/operation-1736696359865-288b86ed-b4ea-4e58-ad6d-cb45bdd221d7?alt=json HTTP/1.1" 200 None
2025-01-13 00:40:53,143 DEBUG    urllib3.connectionpool Starting new HTTPS connection (1): container.googleapis.com:443
2025-01-13 00:40:53,314 DEBUG    urllib3.connectionpool https://container.googleapis.com:443 "GET /v1/projects/peppy-arcadia-432311-g5/locations/asia-northeast3/operations/operation-1736696359865-288b86ed-b4ea-4e58-ad6d-cb45bdd221d7?alt=json HTTP/1.1" 200 None
2025-01-13 00:40:58,321 DEBUG    urllib3.connectionpool Starting new HTTPS connection (1): container.googleapis.com:443
2025-01-13 00:40:58,492 DEBUG    urllib3.connectionpool https://container.googleapis.com:443 "GET /v1/projects/peppy-arcadia-432311-g5/locations/asia-northeast3/operations/operation-1736696359865-288b86ed-b4ea-4e58-ad6d-cb45bdd221d7?alt=json HTTP/1.1" 200 None
2025-01-13 00:41:03,498 DEBUG    urllib3.connectionpool Starting new HTTPS connection (1): container.googleapis.com:443
2025-01-13 00:41:03,715 DEBUG    urllib3.connectionpool https://container.googleapis.com:443 "GET /v1/projects/peppy-arcadia-432311-g5/locations/asia-northeast3/operations/operation-1736696359865-288b86ed-b4ea-4e58-ad6d-cb45bdd221d7?alt=json HTTP/1.1" 200 None
2025-01-13 00:41:08,723 DEBUG    urllib3.connectionpool Starting new HTTPS connection (1): container.googleapis.com:443
2025-01-13 00:41:08,890 DEBUG    urllib3.connectionpool https://container.googleapis.com:443 "GET /v1/projects/peppy-arcadia-432311-g5/locations/asia-northeast3/operations/operation-1736696359865-288b86ed-b4ea-4e58-ad6d-cb45bdd221d7?alt=json HTTP/1.1" 200 None
2025-01-13 00:41:13,897 DEBUG    urllib3.connectionpool Starting new HTTPS connection (1): container.googleapis.com:443
2025-01-13 00:41:14,091 DEBUG    urllib3.connectionpool https://container.googleapis.com:443 "GET /v1/projects/peppy-arcadia-432311-g5/locations/asia-northeast3/operations/operation-1736696359865-288b86ed-b4ea-4e58-ad6d-cb45bdd221d7?alt=json HTTP/1.1" 200 None
2025-01-13 00:41:19,096 DEBUG    urllib3.connectionpool Starting new HTTPS connection (1): container.googleapis.com:443
2025-01-13 00:41:19,324 DEBUG    urllib3.connectionpool https://container.googleapis.com:443 "GET /v1/projects/peppy-arcadia-432311-g5/locations/asia-northeast3/operations/operation-1736696359865-288b86ed-b4ea-4e58-ad6d-cb45bdd221d7?alt=json HTTP/1.1" 200 None
2025-01-13 00:41:24,329 DEBUG    urllib3.connectionpool Starting new HTTPS connection (1): container.googleapis.com:443
2025-01-13 00:41:24,483 DEBUG    urllib3.connectionpool https://container.googleapis.com:443 "GET /v1/projects/peppy-arcadia-432311-g5/locations/asia-northeast3/operations/operation-1736696359865-288b86ed-b4ea-4e58-ad6d-cb45bdd221d7?alt=json HTTP/1.1" 200 None
2025-01-13 00:41:29,490 DEBUG    urllib3.connectionpool Starting new HTTPS connection (1): container.googleapis.com:443
2025-01-13 00:41:29,651 DEBUG    urllib3.connectionpool https://container.googleapis.com:443 "GET /v1/projects/peppy-arcadia-432311-g5/locations/asia-northeast3/operations/operation-1736696359865-288b86ed-b4ea-4e58-ad6d-cb45bdd221d7?alt=json HTTP/1.1" 200 None
2025-01-13 00:41:34,658 DEBUG    urllib3.connectionpool Starting new HTTPS connection (1): container.googleapis.com:443
2025-01-13 00:41:34,864 DEBUG    urllib3.connectionpool https://container.googleapis.com:443 "GET /v1/projects/peppy-arcadia-432311-g5/locations/asia-northeast3/operations/operation-1736696359865-288b86ed-b4ea-4e58-ad6d-cb45bdd221d7?alt=json HTTP/1.1" 200 None
2025-01-13 00:41:39,872 DEBUG    urllib3.connectionpool Starting new HTTPS connection (1): container.googleapis.com:443
2025-01-13 00:41:40,077 DEBUG    urllib3.connectionpool https://container.googleapis.com:443 "GET /v1/projects/peppy-arcadia-432311-g5/locations/asia-northeast3/operations/operation-1736696359865-288b86ed-b4ea-4e58-ad6d-cb45bdd221d7?alt=json HTTP/1.1" 200 None
2025-01-13 00:41:45,084 DEBUG    urllib3.connectionpool Starting new HTTPS connection (1): container.googleapis.com:443
2025-01-13 00:41:45,272 DEBUG    urllib3.connectionpool https://container.googleapis.com:443 "GET /v1/projects/peppy-arcadia-432311-g5/locations/asia-northeast3/operations/operation-1736696359865-288b86ed-b4ea-4e58-ad6d-cb45bdd221d7?alt=json HTTP/1.1" 200 None
2025-01-13 00:41:50,280 DEBUG    urllib3.connectionpool Starting new HTTPS connection (1): container.googleapis.com:443
2025-01-13 00:41:50,514 DEBUG    urllib3.connectionpool https://container.googleapis.com:443 "GET /v1/projects/peppy-arcadia-432311-g5/locations/asia-northeast3/operations/operation-1736696359865-288b86ed-b4ea-4e58-ad6d-cb45bdd221d7?alt=json HTTP/1.1" 200 None
2025-01-13 00:41:55,520 DEBUG    urllib3.connectionpool Starting new HTTPS connection (1): container.googleapis.com:443
2025-01-13 00:41:55,643 DEBUG    urllib3.connectionpool https://container.googleapis.com:443 "GET /v1/projects/peppy-arcadia-432311-g5/locations/asia-northeast3/operations/operation-1736696359865-288b86ed-b4ea-4e58-ad6d-cb45bdd221d7?alt=json HTTP/1.1" 200 None
2025-01-13 00:42:00,648 DEBUG    urllib3.connectionpool Starting new HTTPS connection (1): container.googleapis.com:443
2025-01-13 00:42:00,826 DEBUG    urllib3.connectionpool https://container.googleapis.com:443 "GET /v1/projects/peppy-arcadia-432311-g5/locations/asia-northeast3/operations/operation-1736696359865-288b86ed-b4ea-4e58-ad6d-cb45bdd221d7?alt=json HTTP/1.1" 200 None
2025-01-13 00:42:05,833 DEBUG    urllib3.connectionpool Starting new HTTPS connection (1): container.googleapis.com:443
2025-01-13 00:42:06,052 DEBUG    urllib3.connectionpool https://container.googleapis.com:443 "GET /v1/projects/peppy-arcadia-432311-g5/locations/asia-northeast3/operations/operation-1736696359865-288b86ed-b4ea-4e58-ad6d-cb45bdd221d7?alt=json HTTP/1.1" 200 None
2025-01-13 00:42:11,062 DEBUG    urllib3.connectionpool Starting new HTTPS connection (1): container.googleapis.com:443
2025-01-13 00:42:11,249 DEBUG    urllib3.connectionpool https://container.googleapis.com:443 "GET /v1/projects/peppy-arcadia-432311-g5/locations/asia-northeast3/operations/operation-1736696359865-288b86ed-b4ea-4e58-ad6d-cb45bdd221d7?alt=json HTTP/1.1" 200 None
2025-01-13 00:42:16,258 DEBUG    urllib3.connectionpool Starting new HTTPS connection (1): container.googleapis.com:443
2025-01-13 00:42:16,379 DEBUG    urllib3.connectionpool https://container.googleapis.com:443 "GET /v1/projects/peppy-arcadia-432311-g5/locations/asia-northeast3/operations/operation-1736696359865-288b86ed-b4ea-4e58-ad6d-cb45bdd221d7?alt=json HTTP/1.1" 200 None
2025-01-13 00:42:21,386 DEBUG    urllib3.connectionpool Starting new HTTPS connection (1): container.googleapis.com:443
2025-01-13 00:42:21,595 DEBUG    urllib3.connectionpool https://container.googleapis.com:443 "GET /v1/projects/peppy-arcadia-432311-g5/locations/asia-northeast3/operations/operation-1736696359865-288b86ed-b4ea-4e58-ad6d-cb45bdd221d7?alt=json HTTP/1.1" 200 None
2025-01-13 00:42:26,600 DEBUG    urllib3.connectionpool Starting new HTTPS connection (1): container.googleapis.com:443
2025-01-13 00:42:26,728 DEBUG    urllib3.connectionpool https://container.googleapis.com:443 "GET /v1/projects/peppy-arcadia-432311-g5/locations/asia-northeast3/operations/operation-1736696359865-288b86ed-b4ea-4e58-ad6d-cb45bdd221d7?alt=json HTTP/1.1" 200 None
2025-01-13 00:42:31,737 DEBUG    urllib3.connectionpool Starting new HTTPS connection (1): container.googleapis.com:443
2025-01-13 00:42:31,921 DEBUG    urllib3.connectionpool https://container.googleapis.com:443 "GET /v1/projects/peppy-arcadia-432311-g5/locations/asia-northeast3/operations/operation-1736696359865-288b86ed-b4ea-4e58-ad6d-cb45bdd221d7?alt=json HTTP/1.1" 200 None
2025-01-13 00:42:36,929 DEBUG    urllib3.connectionpool Starting new HTTPS connection (1): container.googleapis.com:443
2025-01-13 00:42:37,095 DEBUG    urllib3.connectionpool https://container.googleapis.com:443 "GET /v1/projects/peppy-arcadia-432311-g5/locations/asia-northeast3/operations/operation-1736696359865-288b86ed-b4ea-4e58-ad6d-cb45bdd221d7?alt=json HTTP/1.1" 200 None
2025-01-13 00:42:42,104 DEBUG    urllib3.connectionpool Starting new HTTPS connection (1): container.googleapis.com:443
2025-01-13 00:42:42,266 DEBUG    urllib3.connectionpool https://container.googleapis.com:443 "GET /v1/projects/peppy-arcadia-432311-g5/locations/asia-northeast3/operations/operation-1736696359865-288b86ed-b4ea-4e58-ad6d-cb45bdd221d7?alt=json HTTP/1.1" 200 None
2025-01-13 00:42:47,272 DEBUG    urllib3.connectionpool Starting new HTTPS connection (1): container.googleapis.com:443
2025-01-13 00:42:47,437 DEBUG    urllib3.connectionpool https://container.googleapis.com:443 "GET /v1/projects/peppy-arcadia-432311-g5/locations/asia-northeast3/operations/operation-1736696359865-288b86ed-b4ea-4e58-ad6d-cb45bdd221d7?alt=json HTTP/1.1" 200 None
2025-01-13 00:42:52,446 DEBUG    urllib3.connectionpool Starting new HTTPS connection (1): container.googleapis.com:443
2025-01-13 00:42:52,617 DEBUG    urllib3.connectionpool https://container.googleapis.com:443 "GET /v1/projects/peppy-arcadia-432311-g5/locations/asia-northeast3/operations/operation-1736696359865-288b86ed-b4ea-4e58-ad6d-cb45bdd221d7?alt=json HTTP/1.1" 200 None
2025-01-13 00:42:57,626 DEBUG    urllib3.connectionpool Starting new HTTPS connection (1): container.googleapis.com:443
2025-01-13 00:42:57,795 DEBUG    urllib3.connectionpool https://container.googleapis.com:443 "GET /v1/projects/peppy-arcadia-432311-g5/locations/asia-northeast3/operations/operation-1736696359865-288b86ed-b4ea-4e58-ad6d-cb45bdd221d7?alt=json HTTP/1.1" 200 None
2025-01-13 00:43:02,802 DEBUG    urllib3.connectionpool Starting new HTTPS connection (1): container.googleapis.com:443
2025-01-13 00:43:02,929 DEBUG    urllib3.connectionpool https://container.googleapis.com:443 "GET /v1/projects/peppy-arcadia-432311-g5/locations/asia-northeast3/operations/operation-1736696359865-288b86ed-b4ea-4e58-ad6d-cb45bdd221d7?alt=json HTTP/1.1" 200 None
2025-01-13 00:43:07,937 DEBUG    urllib3.connectionpool Starting new HTTPS connection (1): container.googleapis.com:443
2025-01-13 00:43:08,593 DEBUG    urllib3.connectionpool https://container.googleapis.com:443 "GET /v1/projects/peppy-arcadia-432311-g5/locations/asia-northeast3/operations/operation-1736696359865-288b86ed-b4ea-4e58-ad6d-cb45bdd221d7?alt=json HTTP/1.1" 200 None
2025-01-13 00:43:13,600 DEBUG    urllib3.connectionpool Starting new HTTPS connection (1): container.googleapis.com:443
2025-01-13 00:43:13,760 DEBUG    urllib3.connectionpool https://container.googleapis.com:443 "GET /v1/projects/peppy-arcadia-432311-g5/locations/asia-northeast3/operations/operation-1736696359865-288b86ed-b4ea-4e58-ad6d-cb45bdd221d7?alt=json HTTP/1.1" 200 None
2025-01-13 00:43:18,767 DEBUG    urllib3.connectionpool Starting new HTTPS connection (1): container.googleapis.com:443
2025-01-13 00:43:18,925 DEBUG    urllib3.connectionpool https://container.googleapis.com:443 "GET /v1/projects/peppy-arcadia-432311-g5/locations/asia-northeast3/operations/operation-1736696359865-288b86ed-b4ea-4e58-ad6d-cb45bdd221d7?alt=json HTTP/1.1" 200 None
2025-01-13 00:43:23,932 DEBUG    urllib3.connectionpool Starting new HTTPS connection (1): container.googleapis.com:443
2025-01-13 00:43:24,160 DEBUG    urllib3.connectionpool https://container.googleapis.com:443 "GET /v1/projects/peppy-arcadia-432311-g5/locations/asia-northeast3/operations/operation-1736696359865-288b86ed-b4ea-4e58-ad6d-cb45bdd221d7?alt=json HTTP/1.1" 200 None
2025-01-13 00:43:29,167 DEBUG    urllib3.connectionpool Starting new HTTPS connection (1): container.googleapis.com:443
2025-01-13 00:43:29,371 DEBUG    urllib3.connectionpool https://container.googleapis.com:443 "GET /v1/projects/peppy-arcadia-432311-g5/locations/asia-northeast3/operations/operation-1736696359865-288b86ed-b4ea-4e58-ad6d-cb45bdd221d7?alt=json HTTP/1.1" 200 None
2025-01-13 00:43:29,374 INFO     root            Operation <Operation
 clusterConditions: []
 endTime: '2025-01-12T15:43:29.377155917Z'
 name: 'operation-1736696359865-288b86ed-b4ea-4e58-ad6d-cb45bdd221d7'
 nodepoolConditions: []
 operationType: OperationTypeValueValuesEnum(DELETE_NODE_POOL, 8)
 selfLink: 'https://container.googleapis.com/v1/projects/134982172036/locations/asia-northeast3/operations/operation-1736696359865-288b86ed-b4ea-4e58-ad6d-cb45bdd221d7'
 startTime: '2025-01-12T15:39:19.865889888Z'
 status: StatusValueValuesEnum(DONE, 3)
 targetLink: 'https://container.googleapis.com/v1/projects/134982172036/locations/asia-northeast3/clusters/gcp-dr-gke/nodePools/default-pool'
 zone: 'asia-northeast3'> finished after 2.5e+02 seconds
2025-01-13 00:43:29,573 INFO     ___FILE_ONLY___ Deleted [https://container.googleapis.com/v1/projects/peppy-arcadia-432311-g5/zones/asia-northeast3/clusters/gcp-dr-gke/nodePools/default-pool].

2025-01-13 00:43:29,575 DEBUG    root            Chosen display Format:none
2025-01-13 00:43:29,576 INFO     root            Display format: "none"
2025-01-13 00:43:29,646 DEBUG    root            SDK update checks are disabled.
