2025-02-12 01:52:29,970 DEBUG    root            Loaded Command Group: ['gcloud', 'config']
2025-02-12 01:52:29,973 DEBUG    root            Loaded Command Group: ['gcloud', 'config', 'config_helper']
2025-02-12 01:52:29,974 DEBUG    root            Running [gcloud.config.config-helper] with arguments: [--format: "json"]
2025-02-12 01:52:29,985 DEBUG    root            Chosen display Format:default json
2025-02-12 01:52:29,985 INFO     root            Display format: "default json"
2025-02-12 01:52:29,994 INFO     ___FILE_ONLY___ {
  "configuration": {
    "active_configuration": "default",
    "properties": {
      "core": {
        "account": "1201ljhun@gmail.com",
        "disable_usage_reporting": "True",
        "project": "peppy-arcadia-432311-g5"
      }
    }
  },
  "credential": {
    "access_token": "ya29.a0AXeO80QRsF7X8ixYzjDUrNFF5iFrlJXkYjtu5k6NYzwaU6cmEC-djlab9HawqKPcXBkLrbx-Z-_BfMMv3QdipbDQQ7grSlWslECyD9Gad--tJk2qM1ujy-hBYwSp2zRVfgn_ZxvUjIN9TsTU04YkC7vA9k1iHgX4CJ0G3wRXs3guCQWnaCgYKARQSARISFQHGX2MiEWUHlx_OP4FJTGT9vIwBYQ0183",
    "id_token": "eyJhbGciOiJSUzI1NiIsImtpZCI6ImVlYzUzNGZhNWI4Y2FjYTIwMWNhOGQwZmY5NmI1NGM1NjIyMTBkMWUiLCJ0eXAiOiJKV1QifQ.eyJpc3MiOiJodHRwczovL2FjY291bnRzLmdvb2dsZS5jb20iLCJhenAiOiIzMjU1NTk0MDU1OS5hcHBzLmdvb2dsZXVzZXJjb250ZW50LmNvbSIsImF1ZCI6IjMyNTU1OTQwNTU5LmFwcHMuZ29vZ2xldXNlcmNvbnRlbnQuY29tIiwic3ViIjoiMTA1MDk2MzU3NDMwMjQzNjQxMTQxIiwiZW1haWwiOiIxMjAxbGpodW5AZ21haWwuY29tIiwiZW1haWxfdmVyaWZpZWQiOnRydWUsImF0X2hhc2giOiJmM0J5SEk0dUFVTnBlX3lid3pWMThRIiwiaWF0IjoxNzM5MjkxMTQ1LCJleHAiOjE3MzkyOTQ3NDV9.LtFUIYcZmb8Jrxs9OdPnXmgodM1z62Yc1p88Ogfos79Niylhg2KCyDgWNjP08UDtp-RV9wQ-zU4Sr1YadQOKmoCsuvgVUmqqPmJlrGd1AOY-uVd7FSQtCJcaiM9_ytIIfHcafMB-pW5lrEaw1oZA_oOB58I_aJ8ifunMhA53EMrVhIR_SqnV7vFMe-rli0CCmTr_BD273QifrMd1QhR1389Kff7-KLOavzI4DAKRKcnvU24iJmR3BGEenvWgy1e9eLt8ugjXQWepfQ4e8ve8H2ph2Yk0fUGgPAW-qLq8sWt3c54UFVgYoMjDrzxTMIP0P5oSBsjnMBTdIjrUz2QrrQ",
    "token_expiry": "2025-02-11T17:25:43Z"
  },
  "sentinels": {
    "config_sentinel": "/home/ubuntu/.config/gcloud/config_sentinel"
  }
}
2025-02-12 01:52:29,994 INFO     ___FILE_ONLY___ 

2025-02-12 01:52:29,994 DEBUG    root            SDK update checks are disabled.
