2025-01-16 21:39:09,649 DEBUG    root            Loaded Command Group: ['gcloud', 'container', 'node_pools']
2025-01-16 21:39:09,650 DEBUG    root            Loaded Command Group: ['gcloud', 'container', 'node-pools', 'delete']
2025-01-16 21:39:09,676 DEBUG    google.auth.transport.requests Making request: POST https://oauth2.googleapis.com/token
2025-01-16 21:39:09,678 DEBUG    urllib3.connectionpool Starting new HTTPS connection (1): oauth2.googleapis.com:443
2025-01-16 21:39:09,980 DEBUG    urllib3.connectionpool https://oauth2.googleapis.com:443 "POST /token HTTP/1.1" 200 None
2025-01-16 21:39:10,008 DEBUG    root            Running [gcloud.container.node-pools.delete] with arguments: [--cluster: "gcp-dr-gke", --quiet: "True", --region: "asia-northeast3", NAME: "default-pool"]
2025-01-16 21:39:10,009 DEBUG    urllib3.connectionpool Starting new HTTPS connection (1): container.googleapis.com:443
2025-01-16 21:39:10,203 DEBUG    urllib3.connectionpool https://container.googleapis.com:443 "GET /v1/projects/peppy-arcadia-432311-g5/locations/asia-northeast3/clusters/gcp-dr-gke/nodePools/default-pool?alt=json HTTP/1.1" 200 None
2025-01-16 21:39:10,207 DEBUG    urllib3.connectionpool Starting new HTTPS connection (1): container.googleapis.com:443
2025-01-16 21:39:10,506 DEBUG    urllib3.connectionpool https://container.googleapis.com:443 "DELETE /v1/projects/peppy-arcadia-432311-g5/locations/asia-northeast3/clusters/gcp-dr-gke/nodePools/default-pool?alt=json HTTP/1.1" 200 None
2025-01-16 21:39:10,508 INFO     ___FILE_ONLY___ Deleting node pool default-pool...
2025-01-16 21:39:10,509 DEBUG    urllib3.connectionpool Starting new HTTPS connection (1): container.googleapis.com:443
2025-01-16 21:39:10,672 DEBUG    urllib3.connectionpool https://container.googleapis.com:443 "GET /v1/projects/peppy-arcadia-432311-g5/locations/asia-northeast3/operations/operation-1737031150448-547b9ba4-19c0-431f-adfc-62d93bec4270?alt=json HTTP/1.1" 200 None
2025-01-16 21:39:15,677 DEBUG    urllib3.connectionpool Starting new HTTPS connection (1): container.googleapis.com:443
2025-01-16 21:39:15,888 DEBUG    urllib3.connectionpool https://container.googleapis.com:443 "GET /v1/projects/peppy-arcadia-432311-g5/locations/asia-northeast3/operations/operation-1737031150448-547b9ba4-19c0-431f-adfc-62d93bec4270?alt=json HTTP/1.1" 200 None
2025-01-16 21:39:20,892 DEBUG    urllib3.connectionpool Starting new HTTPS connection (1): container.googleapis.com:443
2025-01-16 21:39:21,489 DEBUG    urllib3.connectionpool https://container.googleapis.com:443 "GET /v1/projects/peppy-arcadia-432311-g5/locations/asia-northeast3/operations/operation-1737031150448-547b9ba4-19c0-431f-adfc-62d93bec4270?alt=json HTTP/1.1" 200 None
2025-01-16 21:39:26,496 DEBUG    urllib3.connectionpool Starting new HTTPS connection (1): container.googleapis.com:443
2025-01-16 21:39:26,645 DEBUG    urllib3.connectionpool https://container.googleapis.com:443 "GET /v1/projects/peppy-arcadia-432311-g5/locations/asia-northeast3/operations/operation-1737031150448-547b9ba4-19c0-431f-adfc-62d93bec4270?alt=json HTTP/1.1" 200 None
2025-01-16 21:39:31,651 DEBUG    urllib3.connectionpool Starting new HTTPS connection (1): container.googleapis.com:443
2025-01-16 21:39:31,808 DEBUG    urllib3.connectionpool https://container.googleapis.com:443 "GET /v1/projects/peppy-arcadia-432311-g5/locations/asia-northeast3/operations/operation-1737031150448-547b9ba4-19c0-431f-adfc-62d93bec4270?alt=json HTTP/1.1" 200 None
2025-01-16 21:39:36,814 DEBUG    urllib3.connectionpool Starting new HTTPS connection (1): container.googleapis.com:443
2025-01-16 21:39:36,979 DEBUG    urllib3.connectionpool https://container.googleapis.com:443 "GET /v1/projects/peppy-arcadia-432311-g5/locations/asia-northeast3/operations/operation-1737031150448-547b9ba4-19c0-431f-adfc-62d93bec4270?alt=json HTTP/1.1" 200 None
2025-01-16 21:39:41,985 DEBUG    urllib3.connectionpool Starting new HTTPS connection (1): container.googleapis.com:443
2025-01-16 21:39:42,129 DEBUG    urllib3.connectionpool https://container.googleapis.com:443 "GET /v1/projects/peppy-arcadia-432311-g5/locations/asia-northeast3/operations/operation-1737031150448-547b9ba4-19c0-431f-adfc-62d93bec4270?alt=json HTTP/1.1" 200 None
2025-01-16 21:39:47,135 DEBUG    urllib3.connectionpool Starting new HTTPS connection (1): container.googleapis.com:443
2025-01-16 21:39:47,276 DEBUG    urllib3.connectionpool https://container.googleapis.com:443 "GET /v1/projects/peppy-arcadia-432311-g5/locations/asia-northeast3/operations/operation-1737031150448-547b9ba4-19c0-431f-adfc-62d93bec4270?alt=json HTTP/1.1" 200 None
2025-01-16 21:39:52,281 DEBUG    urllib3.connectionpool Starting new HTTPS connection (1): container.googleapis.com:443
2025-01-16 21:39:52,401 DEBUG    urllib3.connectionpool https://container.googleapis.com:443 "GET /v1/projects/peppy-arcadia-432311-g5/locations/asia-northeast3/operations/operation-1737031150448-547b9ba4-19c0-431f-adfc-62d93bec4270?alt=json HTTP/1.1" 200 None
2025-01-16 21:39:57,405 DEBUG    urllib3.connectionpool Starting new HTTPS connection (1): container.googleapis.com:443
2025-01-16 21:39:57,592 DEBUG    urllib3.connectionpool https://container.googleapis.com:443 "GET /v1/projects/peppy-arcadia-432311-g5/locations/asia-northeast3/operations/operation-1737031150448-547b9ba4-19c0-431f-adfc-62d93bec4270?alt=json HTTP/1.1" 200 None
2025-01-16 21:40:02,596 DEBUG    urllib3.connectionpool Starting new HTTPS connection (1): container.googleapis.com:443
2025-01-16 21:40:02,696 DEBUG    urllib3.connectionpool https://container.googleapis.com:443 "GET /v1/projects/peppy-arcadia-432311-g5/locations/asia-northeast3/operations/operation-1737031150448-547b9ba4-19c0-431f-adfc-62d93bec4270?alt=json HTTP/1.1" 200 None
2025-01-16 21:40:07,701 DEBUG    urllib3.connectionpool Starting new HTTPS connection (1): container.googleapis.com:443
2025-01-16 21:40:07,793 DEBUG    urllib3.connectionpool https://container.googleapis.com:443 "GET /v1/projects/peppy-arcadia-432311-g5/locations/asia-northeast3/operations/operation-1737031150448-547b9ba4-19c0-431f-adfc-62d93bec4270?alt=json HTTP/1.1" 200 None
2025-01-16 21:40:12,798 DEBUG    urllib3.connectionpool Starting new HTTPS connection (1): container.googleapis.com:443
2025-01-16 21:40:12,983 DEBUG    urllib3.connectionpool https://container.googleapis.com:443 "GET /v1/projects/peppy-arcadia-432311-g5/locations/asia-northeast3/operations/operation-1737031150448-547b9ba4-19c0-431f-adfc-62d93bec4270?alt=json HTTP/1.1" 200 None
2025-01-16 21:40:17,987 DEBUG    urllib3.connectionpool Starting new HTTPS connection (1): container.googleapis.com:443
2025-01-16 21:40:18,113 DEBUG    urllib3.connectionpool https://container.googleapis.com:443 "GET /v1/projects/peppy-arcadia-432311-g5/locations/asia-northeast3/operations/operation-1737031150448-547b9ba4-19c0-431f-adfc-62d93bec4270?alt=json HTTP/1.1" 200 None
2025-01-16 21:40:23,118 DEBUG    urllib3.connectionpool Starting new HTTPS connection (1): container.googleapis.com:443
2025-01-16 21:40:23,345 DEBUG    urllib3.connectionpool https://container.googleapis.com:443 "GET /v1/projects/peppy-arcadia-432311-g5/locations/asia-northeast3/operations/operation-1737031150448-547b9ba4-19c0-431f-adfc-62d93bec4270?alt=json HTTP/1.1" 200 None
2025-01-16 21:40:28,352 DEBUG    urllib3.connectionpool Starting new HTTPS connection (1): container.googleapis.com:443
2025-01-16 21:40:28,540 DEBUG    urllib3.connectionpool https://container.googleapis.com:443 "GET /v1/projects/peppy-arcadia-432311-g5/locations/asia-northeast3/operations/operation-1737031150448-547b9ba4-19c0-431f-adfc-62d93bec4270?alt=json HTTP/1.1" 200 None
2025-01-16 21:40:33,545 DEBUG    urllib3.connectionpool Starting new HTTPS connection (1): container.googleapis.com:443
2025-01-16 21:40:33,690 DEBUG    urllib3.connectionpool https://container.googleapis.com:443 "GET /v1/projects/peppy-arcadia-432311-g5/locations/asia-northeast3/operations/operation-1737031150448-547b9ba4-19c0-431f-adfc-62d93bec4270?alt=json HTTP/1.1" 200 None
2025-01-16 21:40:38,695 DEBUG    urllib3.connectionpool Starting new HTTPS connection (1): container.googleapis.com:443
2025-01-16 21:40:38,791 DEBUG    urllib3.connectionpool https://container.googleapis.com:443 "GET /v1/projects/peppy-arcadia-432311-g5/locations/asia-northeast3/operations/operation-1737031150448-547b9ba4-19c0-431f-adfc-62d93bec4270?alt=json HTTP/1.1" 200 None
2025-01-16 21:40:43,796 DEBUG    urllib3.connectionpool Starting new HTTPS connection (1): container.googleapis.com:443
2025-01-16 21:40:43,979 DEBUG    urllib3.connectionpool https://container.googleapis.com:443 "GET /v1/projects/peppy-arcadia-432311-g5/locations/asia-northeast3/operations/operation-1737031150448-547b9ba4-19c0-431f-adfc-62d93bec4270?alt=json HTTP/1.1" 200 None
2025-01-16 21:40:48,982 DEBUG    urllib3.connectionpool Starting new HTTPS connection (1): container.googleapis.com:443
2025-01-16 21:40:49,071 DEBUG    urllib3.connectionpool https://container.googleapis.com:443 "GET /v1/projects/peppy-arcadia-432311-g5/locations/asia-northeast3/operations/operation-1737031150448-547b9ba4-19c0-431f-adfc-62d93bec4270?alt=json HTTP/1.1" 200 None
2025-01-16 21:40:54,074 DEBUG    urllib3.connectionpool Starting new HTTPS connection (1): container.googleapis.com:443
2025-01-16 21:40:54,219 DEBUG    urllib3.connectionpool https://container.googleapis.com:443 "GET /v1/projects/peppy-arcadia-432311-g5/locations/asia-northeast3/operations/operation-1737031150448-547b9ba4-19c0-431f-adfc-62d93bec4270?alt=json HTTP/1.1" 200 None
2025-01-16 21:40:59,222 DEBUG    urllib3.connectionpool Starting new HTTPS connection (1): container.googleapis.com:443
2025-01-16 21:40:59,358 DEBUG    urllib3.connectionpool https://container.googleapis.com:443 "GET /v1/projects/peppy-arcadia-432311-g5/locations/asia-northeast3/operations/operation-1737031150448-547b9ba4-19c0-431f-adfc-62d93bec4270?alt=json HTTP/1.1" 200 None
2025-01-16 21:41:04,361 DEBUG    urllib3.connectionpool Starting new HTTPS connection (1): container.googleapis.com:443
2025-01-16 21:41:04,506 DEBUG    urllib3.connectionpool https://container.googleapis.com:443 "GET /v1/projects/peppy-arcadia-432311-g5/locations/asia-northeast3/operations/operation-1737031150448-547b9ba4-19c0-431f-adfc-62d93bec4270?alt=json HTTP/1.1" 200 None
2025-01-16 21:41:09,520 DEBUG    urllib3.connectionpool Starting new HTTPS connection (1): container.googleapis.com:443
2025-01-16 21:41:09,614 DEBUG    urllib3.connectionpool https://container.googleapis.com:443 "GET /v1/projects/peppy-arcadia-432311-g5/locations/asia-northeast3/operations/operation-1737031150448-547b9ba4-19c0-431f-adfc-62d93bec4270?alt=json HTTP/1.1" 200 None
2025-01-16 21:41:14,619 DEBUG    urllib3.connectionpool Starting new HTTPS connection (1): container.googleapis.com:443
2025-01-16 21:41:14,809 DEBUG    urllib3.connectionpool https://container.googleapis.com:443 "GET /v1/projects/peppy-arcadia-432311-g5/locations/asia-northeast3/operations/operation-1737031150448-547b9ba4-19c0-431f-adfc-62d93bec4270?alt=json HTTP/1.1" 200 None
2025-01-16 21:41:19,815 DEBUG    urllib3.connectionpool Starting new HTTPS connection (1): container.googleapis.com:443
2025-01-16 21:41:19,915 DEBUG    urllib3.connectionpool https://container.googleapis.com:443 "GET /v1/projects/peppy-arcadia-432311-g5/locations/asia-northeast3/operations/operation-1737031150448-547b9ba4-19c0-431f-adfc-62d93bec4270?alt=json HTTP/1.1" 200 None
2025-01-16 21:41:24,919 DEBUG    urllib3.connectionpool Starting new HTTPS connection (1): container.googleapis.com:443
2025-01-16 21:41:25,050 DEBUG    urllib3.connectionpool https://container.googleapis.com:443 "GET /v1/projects/peppy-arcadia-432311-g5/locations/asia-northeast3/operations/operation-1737031150448-547b9ba4-19c0-431f-adfc-62d93bec4270?alt=json HTTP/1.1" 200 None
2025-01-16 21:41:30,054 DEBUG    urllib3.connectionpool Starting new HTTPS connection (1): container.googleapis.com:443
2025-01-16 21:41:30,180 DEBUG    urllib3.connectionpool https://container.googleapis.com:443 "GET /v1/projects/peppy-arcadia-432311-g5/locations/asia-northeast3/operations/operation-1737031150448-547b9ba4-19c0-431f-adfc-62d93bec4270?alt=json HTTP/1.1" 200 None
2025-01-16 21:41:35,185 DEBUG    urllib3.connectionpool Starting new HTTPS connection (1): container.googleapis.com:443
2025-01-16 21:41:35,341 DEBUG    urllib3.connectionpool https://container.googleapis.com:443 "GET /v1/projects/peppy-arcadia-432311-g5/locations/asia-northeast3/operations/operation-1737031150448-547b9ba4-19c0-431f-adfc-62d93bec4270?alt=json HTTP/1.1" 200 None
2025-01-16 21:41:40,344 DEBUG    urllib3.connectionpool Starting new HTTPS connection (1): container.googleapis.com:443
2025-01-16 21:41:40,478 DEBUG    urllib3.connectionpool https://container.googleapis.com:443 "GET /v1/projects/peppy-arcadia-432311-g5/locations/asia-northeast3/operations/operation-1737031150448-547b9ba4-19c0-431f-adfc-62d93bec4270?alt=json HTTP/1.1" 200 None
2025-01-16 21:41:45,481 DEBUG    urllib3.connectionpool Starting new HTTPS connection (1): container.googleapis.com:443
2025-01-16 21:41:45,625 DEBUG    urllib3.connectionpool https://container.googleapis.com:443 "GET /v1/projects/peppy-arcadia-432311-g5/locations/asia-northeast3/operations/operation-1737031150448-547b9ba4-19c0-431f-adfc-62d93bec4270?alt=json HTTP/1.1" 200 None
2025-01-16 21:41:50,630 DEBUG    urllib3.connectionpool Starting new HTTPS connection (1): container.googleapis.com:443
2025-01-16 21:41:50,770 DEBUG    urllib3.connectionpool https://container.googleapis.com:443 "GET /v1/projects/peppy-arcadia-432311-g5/locations/asia-northeast3/operations/operation-1737031150448-547b9ba4-19c0-431f-adfc-62d93bec4270?alt=json HTTP/1.1" 200 None
2025-01-16 21:41:55,773 DEBUG    urllib3.connectionpool Starting new HTTPS connection (1): container.googleapis.com:443
2025-01-16 21:41:55,904 DEBUG    urllib3.connectionpool https://container.googleapis.com:443 "GET /v1/projects/peppy-arcadia-432311-g5/locations/asia-northeast3/operations/operation-1737031150448-547b9ba4-19c0-431f-adfc-62d93bec4270?alt=json HTTP/1.1" 200 None
2025-01-16 21:42:00,909 DEBUG    urllib3.connectionpool Starting new HTTPS connection (1): container.googleapis.com:443
2025-01-16 21:42:01,039 DEBUG    urllib3.connectionpool https://container.googleapis.com:443 "GET /v1/projects/peppy-arcadia-432311-g5/locations/asia-northeast3/operations/operation-1737031150448-547b9ba4-19c0-431f-adfc-62d93bec4270?alt=json HTTP/1.1" 200 None
2025-01-16 21:42:06,044 DEBUG    urllib3.connectionpool Starting new HTTPS connection (1): container.googleapis.com:443
2025-01-16 21:42:06,180 DEBUG    urllib3.connectionpool https://container.googleapis.com:443 "GET /v1/projects/peppy-arcadia-432311-g5/locations/asia-northeast3/operations/operation-1737031150448-547b9ba4-19c0-431f-adfc-62d93bec4270?alt=json HTTP/1.1" 200 None
2025-01-16 21:42:11,185 DEBUG    urllib3.connectionpool Starting new HTTPS connection (1): container.googleapis.com:443
2025-01-16 21:42:11,320 DEBUG    urllib3.connectionpool https://container.googleapis.com:443 "GET /v1/projects/peppy-arcadia-432311-g5/locations/asia-northeast3/operations/operation-1737031150448-547b9ba4-19c0-431f-adfc-62d93bec4270?alt=json HTTP/1.1" 200 None
2025-01-16 21:42:16,325 DEBUG    urllib3.connectionpool Starting new HTTPS connection (1): container.googleapis.com:443
2025-01-16 21:42:16,694 DEBUG    urllib3.connectionpool https://container.googleapis.com:443 "GET /v1/projects/peppy-arcadia-432311-g5/locations/asia-northeast3/operations/operation-1737031150448-547b9ba4-19c0-431f-adfc-62d93bec4270?alt=json HTTP/1.1" 200 None
2025-01-16 21:42:21,698 DEBUG    urllib3.connectionpool Starting new HTTPS connection (1): container.googleapis.com:443
2025-01-16 21:42:22,050 DEBUG    urllib3.connectionpool https://container.googleapis.com:443 "GET /v1/projects/peppy-arcadia-432311-g5/locations/asia-northeast3/operations/operation-1737031150448-547b9ba4-19c0-431f-adfc-62d93bec4270?alt=json HTTP/1.1" 200 None
2025-01-16 21:42:27,053 DEBUG    urllib3.connectionpool Starting new HTTPS connection (1): container.googleapis.com:443
2025-01-16 21:42:27,271 DEBUG    urllib3.connectionpool https://container.googleapis.com:443 "GET /v1/projects/peppy-arcadia-432311-g5/locations/asia-northeast3/operations/operation-1737031150448-547b9ba4-19c0-431f-adfc-62d93bec4270?alt=json HTTP/1.1" 200 None
2025-01-16 21:42:32,275 DEBUG    urllib3.connectionpool Starting new HTTPS connection (1): container.googleapis.com:443
2025-01-16 21:42:32,472 DEBUG    urllib3.connectionpool https://container.googleapis.com:443 "GET /v1/projects/peppy-arcadia-432311-g5/locations/asia-northeast3/operations/operation-1737031150448-547b9ba4-19c0-431f-adfc-62d93bec4270?alt=json HTTP/1.1" 200 None
2025-01-16 21:42:37,474 DEBUG    urllib3.connectionpool Starting new HTTPS connection (1): container.googleapis.com:443
2025-01-16 21:42:37,624 DEBUG    urllib3.connectionpool https://container.googleapis.com:443 "GET /v1/projects/peppy-arcadia-432311-g5/locations/asia-northeast3/operations/operation-1737031150448-547b9ba4-19c0-431f-adfc-62d93bec4270?alt=json HTTP/1.1" 200 None
2025-01-16 21:42:42,626 DEBUG    urllib3.connectionpool Starting new HTTPS connection (1): container.googleapis.com:443
2025-01-16 21:42:42,854 DEBUG    urllib3.connectionpool https://container.googleapis.com:443 "GET /v1/projects/peppy-arcadia-432311-g5/locations/asia-northeast3/operations/operation-1737031150448-547b9ba4-19c0-431f-adfc-62d93bec4270?alt=json HTTP/1.1" 200 None
2025-01-16 21:42:47,856 DEBUG    urllib3.connectionpool Starting new HTTPS connection (1): container.googleapis.com:443
2025-01-16 21:42:48,020 DEBUG    urllib3.connectionpool https://container.googleapis.com:443 "GET /v1/projects/peppy-arcadia-432311-g5/locations/asia-northeast3/operations/operation-1737031150448-547b9ba4-19c0-431f-adfc-62d93bec4270?alt=json HTTP/1.1" 200 None
2025-01-16 21:42:53,023 DEBUG    urllib3.connectionpool Starting new HTTPS connection (1): container.googleapis.com:443
2025-01-16 21:42:53,287 DEBUG    urllib3.connectionpool https://container.googleapis.com:443 "GET /v1/projects/peppy-arcadia-432311-g5/locations/asia-northeast3/operations/operation-1737031150448-547b9ba4-19c0-431f-adfc-62d93bec4270?alt=json HTTP/1.1" 200 None
2025-01-16 21:42:58,291 DEBUG    urllib3.connectionpool Starting new HTTPS connection (1): container.googleapis.com:443
2025-01-16 21:42:58,445 DEBUG    urllib3.connectionpool https://container.googleapis.com:443 "GET /v1/projects/peppy-arcadia-432311-g5/locations/asia-northeast3/operations/operation-1737031150448-547b9ba4-19c0-431f-adfc-62d93bec4270?alt=json HTTP/1.1" 200 None
2025-01-16 21:43:03,447 DEBUG    urllib3.connectionpool Starting new HTTPS connection (1): container.googleapis.com:443
2025-01-16 21:43:03,832 DEBUG    urllib3.connectionpool https://container.googleapis.com:443 "GET /v1/projects/peppy-arcadia-432311-g5/locations/asia-northeast3/operations/operation-1737031150448-547b9ba4-19c0-431f-adfc-62d93bec4270?alt=json HTTP/1.1" 200 None
2025-01-16 21:43:08,835 DEBUG    urllib3.connectionpool Starting new HTTPS connection (1): container.googleapis.com:443
2025-01-16 21:43:09,268 DEBUG    urllib3.connectionpool https://container.googleapis.com:443 "GET /v1/projects/peppy-arcadia-432311-g5/locations/asia-northeast3/operations/operation-1737031150448-547b9ba4-19c0-431f-adfc-62d93bec4270?alt=json HTTP/1.1" 200 None
2025-01-16 21:43:14,271 DEBUG    urllib3.connectionpool Starting new HTTPS connection (1): container.googleapis.com:443
2025-01-16 21:43:14,925 DEBUG    urllib3.connectionpool https://container.googleapis.com:443 "GET /v1/projects/peppy-arcadia-432311-g5/locations/asia-northeast3/operations/operation-1737031150448-547b9ba4-19c0-431f-adfc-62d93bec4270?alt=json HTTP/1.1" 200 None
2025-01-16 21:43:19,930 DEBUG    urllib3.connectionpool Starting new HTTPS connection (1): container.googleapis.com:443
2025-01-16 21:43:20,671 DEBUG    urllib3.connectionpool https://container.googleapis.com:443 "GET /v1/projects/peppy-arcadia-432311-g5/locations/asia-northeast3/operations/operation-1737031150448-547b9ba4-19c0-431f-adfc-62d93bec4270?alt=json HTTP/1.1" 200 None
2025-01-16 21:43:20,672 INFO     root            Operation <Operation
 clusterConditions: []
 endTime: '2025-01-16T12:43:17.548700248Z'
 name: 'operation-1737031150448-547b9ba4-19c0-431f-adfc-62d93bec4270'
 nodepoolConditions: []
 operationType: OperationTypeValueValuesEnum(DELETE_NODE_POOL, 8)
 selfLink: 'https://container.googleapis.com/v1/projects/134982172036/locations/asia-northeast3/operations/operation-1737031150448-547b9ba4-19c0-431f-adfc-62d93bec4270'
 startTime: '2025-01-16T12:39:10.448200275Z'
 status: StatusValueValuesEnum(DONE, 3)
 targetLink: 'https://container.googleapis.com/v1/projects/134982172036/locations/asia-northeast3/clusters/gcp-dr-gke/nodePools/default-pool'
 zone: 'asia-northeast3'> finished after 2.5e+02 seconds
2025-01-16 21:43:20,867 INFO     ___FILE_ONLY___ Deleted [https://container.googleapis.com/v1/projects/peppy-arcadia-432311-g5/zones/asia-northeast3/clusters/gcp-dr-gke/nodePools/default-pool].

2025-01-16 21:43:20,867 DEBUG    root            Chosen display Format:none
2025-01-16 21:43:20,868 INFO     root            Display format: "none"
2025-01-16 21:43:20,893 DEBUG    root            SDK update checks are disabled.
