2025-01-17 21:02:28,272 DEBUG    root            Loaded Command Group: ['gcloud', 'projects']
2025-01-17 21:02:28,394 DEBUG    root            Loaded Command Group: ['gcloud', 'projects', 'add_iam_policy_binding']
2025-01-17 21:02:28,410 DEBUG    root            Running [gcloud.projects.add-iam-policy-binding] with arguments: [--member: "serviceAccount:134982172036-compute@developer.gserviceaccount.com", --role: "roles/artifactregistry.writer", PROJECT_ID: "peppy-arcadia-432311-g5"]
2025-01-17 21:02:28,456 DEBUG    google.auth.transport.requests Making request: POST https://oauth2.googleapis.com/token
2025-01-17 21:02:28,458 DEBUG    urllib3.connectionpool Starting new HTTPS connection (1): oauth2.googleapis.com:443
2025-01-17 21:02:28,790 DEBUG    urllib3.connectionpool https://oauth2.googleapis.com:443 "POST /token HTTP/1.1" 200 None
2025-01-17 21:02:28,841 DEBUG    urllib3.connectionpool Starting new HTTPS connection (1): cloudresourcemanager.googleapis.com:443
2025-01-17 21:02:30,106 DEBUG    urllib3.connectionpool https://cloudresourcemanager.googleapis.com:443 "POST /v1/projects/peppy-arcadia-432311-g5:getIamPolicy?alt=json HTTP/1.1" 200 None
2025-01-17 21:02:30,129 DEBUG    urllib3.connectionpool Starting new HTTPS connection (1): cloudresourcemanager.googleapis.com:443
2025-01-17 21:02:31,702 DEBUG    urllib3.connectionpool https://cloudresourcemanager.googleapis.com:443 "POST /v1/projects/peppy-arcadia-432311-g5:setIamPolicy?alt=json HTTP/1.1" 200 None
2025-01-17 21:02:31,707 INFO     ___FILE_ONLY___ Updated IAM policy for project [peppy-arcadia-432311-g5].

2025-01-17 21:02:31,707 DEBUG    root            Chosen display Format:default
2025-01-17 21:02:31,708 INFO     root            Display format: "default"
2025-01-17 21:02:31,782 INFO     ___FILE_ONLY___ bindings
2025-01-17 21:02:31,782 INFO     ___FILE_ONLY___ :
2025-01-17 21:02:31,783 INFO     ___FILE_ONLY___ 

2025-01-17 21:02:31,783 INFO     ___FILE_ONLY___ -
2025-01-17 21:02:31,783 INFO     ___FILE_ONLY___  
2025-01-17 21:02:31,783 INFO     ___FILE_ONLY___ members
2025-01-17 21:02:31,783 INFO     ___FILE_ONLY___ :
2025-01-17 21:02:31,783 INFO     ___FILE_ONLY___ 

2025-01-17 21:02:31,783 INFO     ___FILE_ONLY___   
2025-01-17 21:02:31,784 INFO     ___FILE_ONLY___ -
2025-01-17 21:02:31,784 INFO     ___FILE_ONLY___  
2025-01-17 21:02:31,784 INFO     ___FILE_ONLY___ serviceAccount:service-134982172036@gcp-sa-artifactregistry.iam.gserviceaccount.com
2025-01-17 21:02:31,784 INFO     ___FILE_ONLY___ 

2025-01-17 21:02:31,784 INFO     ___FILE_ONLY___   
2025-01-17 21:02:31,784 INFO     ___FILE_ONLY___ role
2025-01-17 21:02:31,784 INFO     ___FILE_ONLY___ :
2025-01-17 21:02:31,784 INFO     ___FILE_ONLY___  
2025-01-17 21:02:31,785 INFO     ___FILE_ONLY___ roles/artifactregistry.serviceAgent
2025-01-17 21:02:31,785 INFO     ___FILE_ONLY___ 

2025-01-17 21:02:31,785 INFO     ___FILE_ONLY___ -
2025-01-17 21:02:31,785 INFO     ___FILE_ONLY___  
2025-01-17 21:02:31,785 INFO     ___FILE_ONLY___ members
2025-01-17 21:02:31,785 INFO     ___FILE_ONLY___ :
2025-01-17 21:02:31,785 INFO     ___FILE_ONLY___ 

2025-01-17 21:02:31,785 INFO     ___FILE_ONLY___   
2025-01-17 21:02:31,785 INFO     ___FILE_ONLY___ -
2025-01-17 21:02:31,786 INFO     ___FILE_ONLY___  
2025-01-17 21:02:31,786 INFO     ___FILE_ONLY___ serviceAccount:134982172036-compute@developer.gserviceaccount.com
2025-01-17 21:02:31,786 INFO     ___FILE_ONLY___ 

2025-01-17 21:02:31,786 INFO     ___FILE_ONLY___   
2025-01-17 21:02:31,786 INFO     ___FILE_ONLY___ role
2025-01-17 21:02:31,786 INFO     ___FILE_ONLY___ :
2025-01-17 21:02:31,786 INFO     ___FILE_ONLY___  
2025-01-17 21:02:31,786 INFO     ___FILE_ONLY___ roles/artifactregistry.writer
2025-01-17 21:02:31,786 INFO     ___FILE_ONLY___ 

2025-01-17 21:02:31,786 INFO     ___FILE_ONLY___ -
2025-01-17 21:02:31,786 INFO     ___FILE_ONLY___  
2025-01-17 21:02:31,787 INFO     ___FILE_ONLY___ members
2025-01-17 21:02:31,787 INFO     ___FILE_ONLY___ :
2025-01-17 21:02:31,787 INFO     ___FILE_ONLY___ 

2025-01-17 21:02:31,787 INFO     ___FILE_ONLY___   
2025-01-17 21:02:31,787 INFO     ___FILE_ONLY___ -
2025-01-17 21:02:31,787 INFO     ___FILE_ONLY___  
2025-01-17 21:02:31,787 INFO     ___FILE_ONLY___ serviceAccount:service-134982172036@compute-system.iam.gserviceaccount.com
2025-01-17 21:02:31,787 INFO     ___FILE_ONLY___ 

2025-01-17 21:02:31,787 INFO     ___FILE_ONLY___   
2025-01-17 21:02:31,787 INFO     ___FILE_ONLY___ role
2025-01-17 21:02:31,787 INFO     ___FILE_ONLY___ :
2025-01-17 21:02:31,787 INFO     ___FILE_ONLY___  
2025-01-17 21:02:31,788 INFO     ___FILE_ONLY___ roles/compute.serviceAgent
2025-01-17 21:02:31,788 INFO     ___FILE_ONLY___ 

2025-01-17 21:02:31,788 INFO     ___FILE_ONLY___ -
2025-01-17 21:02:31,788 INFO     ___FILE_ONLY___  
2025-01-17 21:02:31,788 INFO     ___FILE_ONLY___ members
2025-01-17 21:02:31,788 INFO     ___FILE_ONLY___ :
2025-01-17 21:02:31,788 INFO     ___FILE_ONLY___ 

2025-01-17 21:02:31,788 INFO     ___FILE_ONLY___   
2025-01-17 21:02:31,788 INFO     ___FILE_ONLY___ -
2025-01-17 21:02:31,788 INFO     ___FILE_ONLY___  
2025-01-17 21:02:31,788 INFO     ___FILE_ONLY___ serviceAccount:service-134982172036@container-engine-robot.iam.gserviceaccount.com
2025-01-17 21:02:31,789 INFO     ___FILE_ONLY___ 

2025-01-17 21:02:31,789 INFO     ___FILE_ONLY___   
2025-01-17 21:02:31,789 INFO     ___FILE_ONLY___ role
2025-01-17 21:02:31,789 INFO     ___FILE_ONLY___ :
2025-01-17 21:02:31,789 INFO     ___FILE_ONLY___  
2025-01-17 21:02:31,789 INFO     ___FILE_ONLY___ roles/container.serviceAgent
2025-01-17 21:02:31,789 INFO     ___FILE_ONLY___ 

2025-01-17 21:02:31,789 INFO     ___FILE_ONLY___ -
2025-01-17 21:02:31,789 INFO     ___FILE_ONLY___  
2025-01-17 21:02:31,789 INFO     ___FILE_ONLY___ members
2025-01-17 21:02:31,789 INFO     ___FILE_ONLY___ :
2025-01-17 21:02:31,790 INFO     ___FILE_ONLY___ 

2025-01-17 21:02:31,790 INFO     ___FILE_ONLY___   
2025-01-17 21:02:31,790 INFO     ___FILE_ONLY___ -
2025-01-17 21:02:31,790 INFO     ___FILE_ONLY___  
2025-01-17 21:02:31,790 INFO     ___FILE_ONLY___ serviceAccount:service-134982172036@containerregistry.iam.gserviceaccount.com
2025-01-17 21:02:31,790 INFO     ___FILE_ONLY___ 

2025-01-17 21:02:31,790 INFO     ___FILE_ONLY___   
2025-01-17 21:02:31,790 INFO     ___FILE_ONLY___ role
2025-01-17 21:02:31,790 INFO     ___FILE_ONLY___ :
2025-01-17 21:02:31,790 INFO     ___FILE_ONLY___  
2025-01-17 21:02:31,790 INFO     ___FILE_ONLY___ roles/containerregistry.ServiceAgent
2025-01-17 21:02:31,791 INFO     ___FILE_ONLY___ 

2025-01-17 21:02:31,791 INFO     ___FILE_ONLY___ -
2025-01-17 21:02:31,791 INFO     ___FILE_ONLY___  
2025-01-17 21:02:31,791 INFO     ___FILE_ONLY___ members
2025-01-17 21:02:31,791 INFO     ___FILE_ONLY___ :
2025-01-17 21:02:31,791 INFO     ___FILE_ONLY___ 

2025-01-17 21:02:31,791 INFO     ___FILE_ONLY___   
2025-01-17 21:02:31,791 INFO     ___FILE_ONLY___ -
2025-01-17 21:02:31,791 INFO     ___FILE_ONLY___  
2025-01-17 21:02:31,791 INFO     ___FILE_ONLY___ serviceAccount:134982172036-compute@developer.gserviceaccount.com
2025-01-17 21:02:31,791 INFO     ___FILE_ONLY___ 

2025-01-17 21:02:31,791 INFO     ___FILE_ONLY___   
2025-01-17 21:02:31,792 INFO     ___FILE_ONLY___ -
2025-01-17 21:02:31,792 INFO     ___FILE_ONLY___  
2025-01-17 21:02:31,792 INFO     ___FILE_ONLY___ serviceAccount:134982172036@cloudservices.gserviceaccount.com
2025-01-17 21:02:31,792 INFO     ___FILE_ONLY___ 

2025-01-17 21:02:31,792 INFO     ___FILE_ONLY___   
2025-01-17 21:02:31,792 INFO     ___FILE_ONLY___ role
2025-01-17 21:02:31,792 INFO     ___FILE_ONLY___ :
2025-01-17 21:02:31,792 INFO     ___FILE_ONLY___  
2025-01-17 21:02:31,792 INFO     ___FILE_ONLY___ roles/editor
2025-01-17 21:02:31,792 INFO     ___FILE_ONLY___ 

2025-01-17 21:02:31,792 INFO     ___FILE_ONLY___ -
2025-01-17 21:02:31,792 INFO     ___FILE_ONLY___  
2025-01-17 21:02:31,792 INFO     ___FILE_ONLY___ members
2025-01-17 21:02:31,792 INFO     ___FILE_ONLY___ :
2025-01-17 21:02:31,792 INFO     ___FILE_ONLY___ 

2025-01-17 21:02:31,793 INFO     ___FILE_ONLY___   
2025-01-17 21:02:31,793 INFO     ___FILE_ONLY___ -
2025-01-17 21:02:31,793 INFO     ___FILE_ONLY___  
2025-01-17 21:02:31,793 INFO     ___FILE_ONLY___ user:1201ljhun@gmail.com
2025-01-17 21:02:31,793 INFO     ___FILE_ONLY___ 

2025-01-17 21:02:31,793 INFO     ___FILE_ONLY___   
2025-01-17 21:02:31,793 INFO     ___FILE_ONLY___ role
2025-01-17 21:02:31,793 INFO     ___FILE_ONLY___ :
2025-01-17 21:02:31,793 INFO     ___FILE_ONLY___  
2025-01-17 21:02:31,793 INFO     ___FILE_ONLY___ roles/owner
2025-01-17 21:02:31,793 INFO     ___FILE_ONLY___ 

2025-01-17 21:02:31,793 INFO     ___FILE_ONLY___ -
2025-01-17 21:02:31,793 INFO     ___FILE_ONLY___  
2025-01-17 21:02:31,793 INFO     ___FILE_ONLY___ members
2025-01-17 21:02:31,794 INFO     ___FILE_ONLY___ :
2025-01-17 21:02:31,794 INFO     ___FILE_ONLY___ 

2025-01-17 21:02:31,794 INFO     ___FILE_ONLY___   
2025-01-17 21:02:31,794 INFO     ___FILE_ONLY___ -
2025-01-17 21:02:31,794 INFO     ___FILE_ONLY___  
2025-01-17 21:02:31,794 INFO     ___FILE_ONLY___ serviceAccount:service-134982172036@gcp-sa-pubsub.iam.gserviceaccount.com
2025-01-17 21:02:31,794 INFO     ___FILE_ONLY___ 

2025-01-17 21:02:31,794 INFO     ___FILE_ONLY___   
2025-01-17 21:02:31,794 INFO     ___FILE_ONLY___ role
2025-01-17 21:02:31,794 INFO     ___FILE_ONLY___ :
2025-01-17 21:02:31,794 INFO     ___FILE_ONLY___  
2025-01-17 21:02:31,794 INFO     ___FILE_ONLY___ roles/pubsub.serviceAgent
2025-01-17 21:02:31,795 INFO     ___FILE_ONLY___ 

2025-01-17 21:02:31,796 INFO     ___FILE_ONLY___ -
2025-01-17 21:02:31,796 INFO     ___FILE_ONLY___  
2025-01-17 21:02:31,796 INFO     ___FILE_ONLY___ members
2025-01-17 21:02:31,796 INFO     ___FILE_ONLY___ :
2025-01-17 21:02:31,796 INFO     ___FILE_ONLY___ 

2025-01-17 21:02:31,797 INFO     ___FILE_ONLY___   
2025-01-17 21:02:31,797 INFO     ___FILE_ONLY___ -
2025-01-17 21:02:31,797 INFO     ___FILE_ONLY___  
2025-01-17 21:02:31,797 INFO     ___FILE_ONLY___ serviceAccount:service-134982172036@service-networking.iam.gserviceaccount.com
2025-01-17 21:02:31,797 INFO     ___FILE_ONLY___ 

2025-01-17 21:02:31,797 INFO     ___FILE_ONLY___   
2025-01-17 21:02:31,797 INFO     ___FILE_ONLY___ role
2025-01-17 21:02:31,797 INFO     ___FILE_ONLY___ :
2025-01-17 21:02:31,797 INFO     ___FILE_ONLY___  
2025-01-17 21:02:31,798 INFO     ___FILE_ONLY___ roles/servicenetworking.serviceAgent
2025-01-17 21:02:31,798 INFO     ___FILE_ONLY___ 

2025-01-17 21:02:31,798 INFO     ___FILE_ONLY___ etag
2025-01-17 21:02:31,798 INFO     ___FILE_ONLY___ :
2025-01-17 21:02:31,798 INFO     ___FILE_ONLY___  
2025-01-17 21:02:31,798 INFO     ___FILE_ONLY___ BwYr5a97cGI=
2025-01-17 21:02:31,798 INFO     ___FILE_ONLY___ 

2025-01-17 21:02:31,798 INFO     ___FILE_ONLY___ version
2025-01-17 21:02:31,798 INFO     ___FILE_ONLY___ :
2025-01-17 21:02:31,798 INFO     ___FILE_ONLY___  
2025-01-17 21:02:31,798 INFO     ___FILE_ONLY___ 1
2025-01-17 21:02:31,798 INFO     ___FILE_ONLY___ 

2025-01-17 21:02:31,799 DEBUG    root            SDK update checks are disabled.
