2025-01-17 21:03:51,068 DEBUG    root            Loaded Command Group: ['gcloud', 'artifacts']
2025-01-17 21:03:51,075 DEBUG    root            Loaded Command Group: ['gcloud', 'artifacts', 'repositories']
2025-01-17 21:03:51,243 DEBUG    root            Loaded Command Group: ['gcloud', 'artifacts', 'repositories', 'list']
2025-01-17 21:03:51,256 DEBUG    root            Running [gcloud.artifacts.repositories.list] with arguments: [--location: "asia-northeast3"]
2025-01-17 21:03:51,256 INFO     ___FILE_ONLY___ Listing items under project peppy-arcadia-432311-g5, location asia-northeast3.


2025-01-17 21:03:51,314 DEBUG    urllib3.connectionpool Starting new HTTPS connection (1): artifactregistry.googleapis.com:443
2025-01-17 21:03:52,111 DEBUG    urllib3.connectionpool https://artifactregistry.googleapis.com:443 "GET /v1/projects/peppy-arcadia-432311-g5/locations/asia-northeast3/repositories?alt=json HTTP/1.1" 200 None
2025-01-17 21:03:52,124 DEBUG    root            Chosen display Format:    table[title="ARTIFACT_REGISTRY"](
         name.basename():label=REPOSITORY,
         format:label=FORMAT,
         mode.basename(undefined=STANDARD_REPOSITORY):label=MODE,
         description:label=DESCRIPTION,
         name.segment(3):label=LOCATION,
         labels.list():label=LABELS,
         kmsKeyName.yesno(yes='Customer-managed key', no='Google-managed key'):label=ENCRYPTION,
         createTime.date(tz=LOCAL),
         updateTime.date(tz=LOCAL),
         sizeBytes.size(zero='0',precision=3,units_out=M):label="SIZE (MB)"
    )
2025-01-17 21:03:52,126 INFO     root            Display format: "    table[title="ARTIFACT_REGISTRY"](
         name.basename():label=REPOSITORY,
         format:label=FORMAT,
         mode.basename(undefined=STANDARD_REPOSITORY):label=MODE,
         description:label=DESCRIPTION,
         name.segment(3):label=LOCATION,
         labels.list():label=LABELS,
         kmsKeyName.yesno(yes='Customer-managed key', no='Google-managed key'):label=ENCRYPTION,
         createTime.date(tz=LOCAL),
         updateTime.date(tz=LOCAL),
         sizeBytes.size(zero='0',precision=3,units_out=M):label="SIZE (MB)"
    )"
2025-01-17 21:03:52,161 INFO     ___FILE_ONLY___                                                                   ARTIFACT_REGISTRY
2025-01-17 21:03:52,161 INFO     ___FILE_ONLY___ 

2025-01-17 21:03:52,162 INFO     ___FILE_ONLY___ REPOSITORY
2025-01-17 21:03:52,162 INFO     ___FILE_ONLY___   
2025-01-17 21:03:52,162 INFO     ___FILE_ONLY___ FORMAT
2025-01-17 21:03:52,162 INFO     ___FILE_ONLY___   
2025-01-17 21:03:52,162 INFO     ___FILE_ONLY___ MODE
2025-01-17 21:03:52,162 INFO     ___FILE_ONLY___                  
2025-01-17 21:03:52,162 INFO     ___FILE_ONLY___ DESCRIPTION
2025-01-17 21:03:52,162 INFO     ___FILE_ONLY___   
2025-01-17 21:03:52,162 INFO     ___FILE_ONLY___ LOCATION
2025-01-17 21:03:52,162 INFO     ___FILE_ONLY___          
2025-01-17 21:03:52,162 INFO     ___FILE_ONLY___ LABELS
2025-01-17 21:03:52,162 INFO     ___FILE_ONLY___   
2025-01-17 21:03:52,162 INFO     ___FILE_ONLY___ ENCRYPTION
2025-01-17 21:03:52,163 INFO     ___FILE_ONLY___           
2025-01-17 21:03:52,163 INFO     ___FILE_ONLY___ CREATE_TIME
2025-01-17 21:03:52,163 INFO     ___FILE_ONLY___           
2025-01-17 21:03:52,163 INFO     ___FILE_ONLY___ UPDATE_TIME
2025-01-17 21:03:52,163 INFO     ___FILE_ONLY___           
2025-01-17 21:03:52,163 INFO     ___FILE_ONLY___ SIZE (MB)
2025-01-17 21:03:52,163 INFO     ___FILE_ONLY___ 

2025-01-17 21:03:52,163 INFO     ___FILE_ONLY___ app-images
2025-01-17 21:03:52,163 INFO     ___FILE_ONLY___   
2025-01-17 21:03:52,163 INFO     ___FILE_ONLY___ DOCKER
2025-01-17 21:03:52,163 INFO     ___FILE_ONLY___   
2025-01-17 21:03:52,163 INFO     ___FILE_ONLY___ STANDARD_REPOSITORY
2025-01-17 21:03:52,163 INFO     ___FILE_ONLY___                
2025-01-17 21:03:52,163 INFO     ___FILE_ONLY___ asia-northeast3
2025-01-17 21:03:52,163 INFO     ___FILE_ONLY___           
2025-01-17 21:03:52,163 INFO     ___FILE_ONLY___ Google-managed key
2025-01-17 21:03:52,163 INFO     ___FILE_ONLY___   
2025-01-17 21:03:52,163 INFO     ___FILE_ONLY___ 2025-01-17T20:43:25
2025-01-17 21:03:52,163 INFO     ___FILE_ONLY___   
2025-01-17 21:03:52,163 INFO     ___FILE_ONLY___ 2025-01-17T20:43:25
2025-01-17 21:03:52,163 INFO     ___FILE_ONLY___   
2025-01-17 21:03:52,163 INFO     ___FILE_ONLY___ 0
2025-01-17 21:03:52,163 INFO     ___FILE_ONLY___ 

2025-01-17 21:03:52,164 DEBUG    root            SDK update checks are disabled.
