2025-01-17 21:04:02,265 DEBUG    root            Loaded Command Group: ['gcloud', 'auth']
2025-01-17 21:04:02,269 DEBUG    root            Loaded Command Group: ['gcloud', 'auth', 'list']
2025-01-17 21:04:02,272 DEBUG    root            Running [gcloud.auth.list] with arguments: []
2025-01-17 21:04:02,274 DEBUG    root            Chosen display Format:    table[title='Credentialed Accounts'](
        status.yesno(yes='*', no=''):label=ACTIVE,
        account
    )
2025-01-17 21:04:02,276 INFO     root            Display format: "    table[title='Credentialed Accounts'](
        status.yesno(yes='*', no=''):label=ACTIVE,
        account
    )"
2025-01-17 21:04:02,306 INFO     ___FILE_ONLY___    Credentialed Accounts
2025-01-17 21:04:02,307 INFO     ___FILE_ONLY___ 

2025-01-17 21:04:02,307 INFO     ___FILE_ONLY___ ACTIVE
2025-01-17 21:04:02,307 INFO     ___FILE_ONLY___   
2025-01-17 21:04:02,307 INFO     ___FILE_ONLY___ ACCOUNT
2025-01-17 21:04:02,307 INFO     ___FILE_ONLY___ 

2025-01-17 21:04:02,307 INFO     ___FILE_ONLY___ *
2025-01-17 21:04:02,307 INFO     ___FILE_ONLY___        
2025-01-17 21:04:02,307 INFO     ___FILE_ONLY___ 1201ljhun@gmail.com
2025-01-17 21:04:02,308 INFO     ___FILE_ONLY___ 

2025-01-17 21:04:02,308 INFO     ___FILE_ONLY___ 
To set the active account, run:
    $ gcloud config set account `ACCOUNT`


2025-01-17 21:04:02,308 DEBUG    root            SDK update checks are disabled.
