2025-01-17 21:41:09,851 DEBUG    root            Loaded Command Group: ['gcloud', 'container', 'node_pools']
2025-01-17 21:41:09,853 DEBUG    root            Loaded Command Group: ['gcloud', 'container', 'node-pools', 'delete']
2025-01-17 21:41:10,033 DEBUG    root            Running [gcloud.container.node-pools.delete] with arguments: [--cluster: "gcp-dr-gke", --quiet: "True", --region: "asia-northeast3", NAME: "default-pool"]
2025-01-17 21:41:10,037 DEBUG    urllib3.connectionpool Starting new HTTPS connection (1): container.googleapis.com:443
2025-01-17 21:41:10,298 DEBUG    urllib3.connectionpool https://container.googleapis.com:443 "GET /v1/projects/peppy-arcadia-432311-g5/locations/asia-northeast3/clusters/gcp-dr-gke/nodePools/default-pool?alt=json HTTP/1.1" 200 None
2025-01-17 21:41:10,321 DEBUG    urllib3.connectionpool Starting new HTTPS connection (1): container.googleapis.com:443
2025-01-17 21:41:10,667 DEBUG    urllib3.connectionpool https://container.googleapis.com:443 "DELETE /v1/projects/peppy-arcadia-432311-g5/locations/asia-northeast3/clusters/gcp-dr-gke/nodePools/default-pool?alt=json HTTP/1.1" 200 None
2025-01-17 21:41:10,671 INFO     ___FILE_ONLY___ Deleting node pool default-pool...
2025-01-17 21:41:10,676 DEBUG    urllib3.connectionpool Starting new HTTPS connection (1): container.googleapis.com:443
2025-01-17 21:41:10,860 DEBUG    urllib3.connectionpool https://container.googleapis.com:443 "GET /v1/projects/peppy-arcadia-432311-g5/locations/asia-northeast3/operations/operation-1737117670797-5652cc18-1eae-4f51-aa58-63b14384ed6f?alt=json HTTP/1.1" 200 None
2025-01-17 21:41:15,870 DEBUG    urllib3.connectionpool Starting new HTTPS connection (1): container.googleapis.com:443
2025-01-17 21:41:16,074 DEBUG    urllib3.connectionpool https://container.googleapis.com:443 "GET /v1/projects/peppy-arcadia-432311-g5/locations/asia-northeast3/operations/operation-1737117670797-5652cc18-1eae-4f51-aa58-63b14384ed6f?alt=json HTTP/1.1" 200 None
2025-01-17 21:41:21,082 DEBUG    urllib3.connectionpool Starting new HTTPS connection (1): container.googleapis.com:443
2025-01-17 21:41:21,274 DEBUG    urllib3.connectionpool https://container.googleapis.com:443 "GET /v1/projects/peppy-arcadia-432311-g5/locations/asia-northeast3/operations/operation-1737117670797-5652cc18-1eae-4f51-aa58-63b14384ed6f?alt=json HTTP/1.1" 200 None
2025-01-17 21:41:26,279 DEBUG    urllib3.connectionpool Starting new HTTPS connection (1): container.googleapis.com:443
2025-01-17 21:41:26,454 DEBUG    urllib3.connectionpool https://container.googleapis.com:443 "GET /v1/projects/peppy-arcadia-432311-g5/locations/asia-northeast3/operations/operation-1737117670797-5652cc18-1eae-4f51-aa58-63b14384ed6f?alt=json HTTP/1.1" 200 None
2025-01-17 21:41:31,459 DEBUG    urllib3.connectionpool Starting new HTTPS connection (1): container.googleapis.com:443
2025-01-17 21:41:31,613 DEBUG    urllib3.connectionpool https://container.googleapis.com:443 "GET /v1/projects/peppy-arcadia-432311-g5/locations/asia-northeast3/operations/operation-1737117670797-5652cc18-1eae-4f51-aa58-63b14384ed6f?alt=json HTTP/1.1" 200 None
2025-01-17 21:41:36,621 DEBUG    urllib3.connectionpool Starting new HTTPS connection (1): container.googleapis.com:443
2025-01-17 21:41:36,839 DEBUG    urllib3.connectionpool https://container.googleapis.com:443 "GET /v1/projects/peppy-arcadia-432311-g5/locations/asia-northeast3/operations/operation-1737117670797-5652cc18-1eae-4f51-aa58-63b14384ed6f?alt=json HTTP/1.1" 200 None
2025-01-17 21:41:41,843 DEBUG    urllib3.connectionpool Starting new HTTPS connection (1): container.googleapis.com:443
2025-01-17 21:41:41,990 DEBUG    urllib3.connectionpool https://container.googleapis.com:443 "GET /v1/projects/peppy-arcadia-432311-g5/locations/asia-northeast3/operations/operation-1737117670797-5652cc18-1eae-4f51-aa58-63b14384ed6f?alt=json HTTP/1.1" 200 None
2025-01-17 21:41:46,993 DEBUG    urllib3.connectionpool Starting new HTTPS connection (1): container.googleapis.com:443
2025-01-17 21:41:47,134 DEBUG    urllib3.connectionpool https://container.googleapis.com:443 "GET /v1/projects/peppy-arcadia-432311-g5/locations/asia-northeast3/operations/operation-1737117670797-5652cc18-1eae-4f51-aa58-63b14384ed6f?alt=json HTTP/1.1" 200 None
2025-01-17 21:41:52,140 DEBUG    urllib3.connectionpool Starting new HTTPS connection (1): container.googleapis.com:443
2025-01-17 21:41:52,317 DEBUG    urllib3.connectionpool https://container.googleapis.com:443 "GET /v1/projects/peppy-arcadia-432311-g5/locations/asia-northeast3/operations/operation-1737117670797-5652cc18-1eae-4f51-aa58-63b14384ed6f?alt=json HTTP/1.1" 200 None
2025-01-17 21:41:57,324 DEBUG    urllib3.connectionpool Starting new HTTPS connection (1): container.googleapis.com:443
2025-01-17 21:41:57,549 DEBUG    urllib3.connectionpool https://container.googleapis.com:443 "GET /v1/projects/peppy-arcadia-432311-g5/locations/asia-northeast3/operations/operation-1737117670797-5652cc18-1eae-4f51-aa58-63b14384ed6f?alt=json HTTP/1.1" 200 None
2025-01-17 21:42:02,556 DEBUG    urllib3.connectionpool Starting new HTTPS connection (1): container.googleapis.com:443
2025-01-17 21:42:02,670 DEBUG    urllib3.connectionpool https://container.googleapis.com:443 "GET /v1/projects/peppy-arcadia-432311-g5/locations/asia-northeast3/operations/operation-1737117670797-5652cc18-1eae-4f51-aa58-63b14384ed6f?alt=json HTTP/1.1" 200 None
2025-01-17 21:42:07,677 DEBUG    urllib3.connectionpool Starting new HTTPS connection (1): container.googleapis.com:443
2025-01-17 21:42:07,786 DEBUG    urllib3.connectionpool https://container.googleapis.com:443 "GET /v1/projects/peppy-arcadia-432311-g5/locations/asia-northeast3/operations/operation-1737117670797-5652cc18-1eae-4f51-aa58-63b14384ed6f?alt=json HTTP/1.1" 200 None
2025-01-17 21:42:12,791 DEBUG    urllib3.connectionpool Starting new HTTPS connection (1): container.googleapis.com:443
2025-01-17 21:42:13,024 DEBUG    urllib3.connectionpool https://container.googleapis.com:443 "GET /v1/projects/peppy-arcadia-432311-g5/locations/asia-northeast3/operations/operation-1737117670797-5652cc18-1eae-4f51-aa58-63b14384ed6f?alt=json HTTP/1.1" 200 None
2025-01-17 21:42:18,030 DEBUG    urllib3.connectionpool Starting new HTTPS connection (1): container.googleapis.com:443
2025-01-17 21:42:18,218 DEBUG    urllib3.connectionpool https://container.googleapis.com:443 "GET /v1/projects/peppy-arcadia-432311-g5/locations/asia-northeast3/operations/operation-1737117670797-5652cc18-1eae-4f51-aa58-63b14384ed6f?alt=json HTTP/1.1" 200 None
2025-01-17 21:42:23,225 DEBUG    urllib3.connectionpool Starting new HTTPS connection (1): container.googleapis.com:443
2025-01-17 21:42:23,388 DEBUG    urllib3.connectionpool https://container.googleapis.com:443 "GET /v1/projects/peppy-arcadia-432311-g5/locations/asia-northeast3/operations/operation-1737117670797-5652cc18-1eae-4f51-aa58-63b14384ed6f?alt=json HTTP/1.1" 200 None
2025-01-17 21:42:28,392 DEBUG    urllib3.connectionpool Starting new HTTPS connection (1): container.googleapis.com:443
2025-01-17 21:42:28,529 DEBUG    urllib3.connectionpool https://container.googleapis.com:443 "GET /v1/projects/peppy-arcadia-432311-g5/locations/asia-northeast3/operations/operation-1737117670797-5652cc18-1eae-4f51-aa58-63b14384ed6f?alt=json HTTP/1.1" 200 None
2025-01-17 21:42:33,535 DEBUG    urllib3.connectionpool Starting new HTTPS connection (1): container.googleapis.com:443
2025-01-17 21:42:33,720 DEBUG    urllib3.connectionpool https://container.googleapis.com:443 "GET /v1/projects/peppy-arcadia-432311-g5/locations/asia-northeast3/operations/operation-1737117670797-5652cc18-1eae-4f51-aa58-63b14384ed6f?alt=json HTTP/1.1" 200 None
2025-01-17 21:42:38,726 DEBUG    urllib3.connectionpool Starting new HTTPS connection (1): container.googleapis.com:443
2025-01-17 21:42:38,874 DEBUG    urllib3.connectionpool https://container.googleapis.com:443 "GET /v1/projects/peppy-arcadia-432311-g5/locations/asia-northeast3/operations/operation-1737117670797-5652cc18-1eae-4f51-aa58-63b14384ed6f?alt=json HTTP/1.1" 200 None
2025-01-17 21:42:43,880 DEBUG    urllib3.connectionpool Starting new HTTPS connection (1): container.googleapis.com:443
2025-01-17 21:42:44,087 DEBUG    urllib3.connectionpool https://container.googleapis.com:443 "GET /v1/projects/peppy-arcadia-432311-g5/locations/asia-northeast3/operations/operation-1737117670797-5652cc18-1eae-4f51-aa58-63b14384ed6f?alt=json HTTP/1.1" 200 None
2025-01-17 21:42:49,091 DEBUG    urllib3.connectionpool Starting new HTTPS connection (1): container.googleapis.com:443
2025-01-17 21:42:49,240 DEBUG    urllib3.connectionpool https://container.googleapis.com:443 "GET /v1/projects/peppy-arcadia-432311-g5/locations/asia-northeast3/operations/operation-1737117670797-5652cc18-1eae-4f51-aa58-63b14384ed6f?alt=json HTTP/1.1" 200 None
2025-01-17 21:42:54,247 DEBUG    urllib3.connectionpool Starting new HTTPS connection (1): container.googleapis.com:443
2025-01-17 21:42:54,396 DEBUG    urllib3.connectionpool https://container.googleapis.com:443 "GET /v1/projects/peppy-arcadia-432311-g5/locations/asia-northeast3/operations/operation-1737117670797-5652cc18-1eae-4f51-aa58-63b14384ed6f?alt=json HTTP/1.1" 200 None
2025-01-17 21:42:59,402 DEBUG    urllib3.connectionpool Starting new HTTPS connection (1): container.googleapis.com:443
2025-01-17 21:42:59,599 DEBUG    urllib3.connectionpool https://container.googleapis.com:443 "GET /v1/projects/peppy-arcadia-432311-g5/locations/asia-northeast3/operations/operation-1737117670797-5652cc18-1eae-4f51-aa58-63b14384ed6f?alt=json HTTP/1.1" 200 None
2025-01-17 21:43:04,608 DEBUG    urllib3.connectionpool Starting new HTTPS connection (1): container.googleapis.com:443
2025-01-17 21:43:04,765 DEBUG    urllib3.connectionpool https://container.googleapis.com:443 "GET /v1/projects/peppy-arcadia-432311-g5/locations/asia-northeast3/operations/operation-1737117670797-5652cc18-1eae-4f51-aa58-63b14384ed6f?alt=json HTTP/1.1" 200 None
2025-01-17 21:43:09,771 DEBUG    urllib3.connectionpool Starting new HTTPS connection (1): container.googleapis.com:443
2025-01-17 21:43:09,877 DEBUG    urllib3.connectionpool https://container.googleapis.com:443 "GET /v1/projects/peppy-arcadia-432311-g5/locations/asia-northeast3/operations/operation-1737117670797-5652cc18-1eae-4f51-aa58-63b14384ed6f?alt=json HTTP/1.1" 200 None
2025-01-17 21:43:14,886 DEBUG    urllib3.connectionpool Starting new HTTPS connection (1): container.googleapis.com:443
2025-01-17 21:43:15,054 DEBUG    urllib3.connectionpool https://container.googleapis.com:443 "GET /v1/projects/peppy-arcadia-432311-g5/locations/asia-northeast3/operations/operation-1737117670797-5652cc18-1eae-4f51-aa58-63b14384ed6f?alt=json HTTP/1.1" 200 None
2025-01-17 21:43:20,060 DEBUG    urllib3.connectionpool Starting new HTTPS connection (1): container.googleapis.com:443
2025-01-17 21:43:20,177 DEBUG    urllib3.connectionpool https://container.googleapis.com:443 "GET /v1/projects/peppy-arcadia-432311-g5/locations/asia-northeast3/operations/operation-1737117670797-5652cc18-1eae-4f51-aa58-63b14384ed6f?alt=json HTTP/1.1" 200 None
2025-01-17 21:43:25,194 DEBUG    urllib3.connectionpool Starting new HTTPS connection (1): container.googleapis.com:443
2025-01-17 21:43:25,343 DEBUG    urllib3.connectionpool https://container.googleapis.com:443 "GET /v1/projects/peppy-arcadia-432311-g5/locations/asia-northeast3/operations/operation-1737117670797-5652cc18-1eae-4f51-aa58-63b14384ed6f?alt=json HTTP/1.1" 200 None
2025-01-17 21:43:30,351 DEBUG    urllib3.connectionpool Starting new HTTPS connection (1): container.googleapis.com:443
2025-01-17 21:43:30,536 DEBUG    urllib3.connectionpool https://container.googleapis.com:443 "GET /v1/projects/peppy-arcadia-432311-g5/locations/asia-northeast3/operations/operation-1737117670797-5652cc18-1eae-4f51-aa58-63b14384ed6f?alt=json HTTP/1.1" 200 None
2025-01-17 21:43:35,542 DEBUG    urllib3.connectionpool Starting new HTTPS connection (1): container.googleapis.com:443
2025-01-17 21:43:35,684 DEBUG    urllib3.connectionpool https://container.googleapis.com:443 "GET /v1/projects/peppy-arcadia-432311-g5/locations/asia-northeast3/operations/operation-1737117670797-5652cc18-1eae-4f51-aa58-63b14384ed6f?alt=json HTTP/1.1" 200 None
2025-01-17 21:43:40,693 DEBUG    urllib3.connectionpool Starting new HTTPS connection (1): container.googleapis.com:443
2025-01-17 21:43:40,856 DEBUG    urllib3.connectionpool https://container.googleapis.com:443 "GET /v1/projects/peppy-arcadia-432311-g5/locations/asia-northeast3/operations/operation-1737117670797-5652cc18-1eae-4f51-aa58-63b14384ed6f?alt=json HTTP/1.1" 200 None
2025-01-17 21:43:45,863 DEBUG    urllib3.connectionpool Starting new HTTPS connection (1): container.googleapis.com:443
2025-01-17 21:43:46,069 DEBUG    urllib3.connectionpool https://container.googleapis.com:443 "GET /v1/projects/peppy-arcadia-432311-g5/locations/asia-northeast3/operations/operation-1737117670797-5652cc18-1eae-4f51-aa58-63b14384ed6f?alt=json HTTP/1.1" 200 None
2025-01-17 21:43:51,364 DEBUG    urllib3.connectionpool Starting new HTTPS connection (1): container.googleapis.com:443
2025-01-17 21:43:51,534 DEBUG    urllib3.connectionpool https://container.googleapis.com:443 "GET /v1/projects/peppy-arcadia-432311-g5/locations/asia-northeast3/operations/operation-1737117670797-5652cc18-1eae-4f51-aa58-63b14384ed6f?alt=json HTTP/1.1" 200 None
2025-01-17 21:43:56,540 DEBUG    urllib3.connectionpool Starting new HTTPS connection (1): container.googleapis.com:443
2025-01-17 21:43:56,705 DEBUG    urllib3.connectionpool https://container.googleapis.com:443 "GET /v1/projects/peppy-arcadia-432311-g5/locations/asia-northeast3/operations/operation-1737117670797-5652cc18-1eae-4f51-aa58-63b14384ed6f?alt=json HTTP/1.1" 200 None
2025-01-17 21:44:01,711 DEBUG    urllib3.connectionpool Starting new HTTPS connection (1): container.googleapis.com:443
2025-01-17 21:44:01,934 DEBUG    urllib3.connectionpool https://container.googleapis.com:443 "GET /v1/projects/peppy-arcadia-432311-g5/locations/asia-northeast3/operations/operation-1737117670797-5652cc18-1eae-4f51-aa58-63b14384ed6f?alt=json HTTP/1.1" 200 None
2025-01-17 21:44:06,940 DEBUG    urllib3.connectionpool Starting new HTTPS connection (1): container.googleapis.com:443
2025-01-17 21:44:07,061 DEBUG    urllib3.connectionpool https://container.googleapis.com:443 "GET /v1/projects/peppy-arcadia-432311-g5/locations/asia-northeast3/operations/operation-1737117670797-5652cc18-1eae-4f51-aa58-63b14384ed6f?alt=json HTTP/1.1" 200 None
2025-01-17 21:44:12,068 DEBUG    urllib3.connectionpool Starting new HTTPS connection (1): container.googleapis.com:443
2025-01-17 21:44:12,228 DEBUG    urllib3.connectionpool https://container.googleapis.com:443 "GET /v1/projects/peppy-arcadia-432311-g5/locations/asia-northeast3/operations/operation-1737117670797-5652cc18-1eae-4f51-aa58-63b14384ed6f?alt=json HTTP/1.1" 200 None
2025-01-17 21:44:17,233 DEBUG    urllib3.connectionpool Starting new HTTPS connection (1): container.googleapis.com:443
2025-01-17 21:44:17,472 DEBUG    urllib3.connectionpool https://container.googleapis.com:443 "GET /v1/projects/peppy-arcadia-432311-g5/locations/asia-northeast3/operations/operation-1737117670797-5652cc18-1eae-4f51-aa58-63b14384ed6f?alt=json HTTP/1.1" 200 None
2025-01-17 21:44:22,479 DEBUG    urllib3.connectionpool Starting new HTTPS connection (1): container.googleapis.com:443
2025-01-17 21:44:22,662 DEBUG    urllib3.connectionpool https://container.googleapis.com:443 "GET /v1/projects/peppy-arcadia-432311-g5/locations/asia-northeast3/operations/operation-1737117670797-5652cc18-1eae-4f51-aa58-63b14384ed6f?alt=json HTTP/1.1" 200 None
2025-01-17 21:44:27,668 DEBUG    urllib3.connectionpool Starting new HTTPS connection (1): container.googleapis.com:443
2025-01-17 21:44:27,826 DEBUG    urllib3.connectionpool https://container.googleapis.com:443 "GET /v1/projects/peppy-arcadia-432311-g5/locations/asia-northeast3/operations/operation-1737117670797-5652cc18-1eae-4f51-aa58-63b14384ed6f?alt=json HTTP/1.1" 200 None
2025-01-17 21:44:32,833 DEBUG    urllib3.connectionpool Starting new HTTPS connection (1): container.googleapis.com:443
2025-01-17 21:44:32,996 DEBUG    urllib3.connectionpool https://container.googleapis.com:443 "GET /v1/projects/peppy-arcadia-432311-g5/locations/asia-northeast3/operations/operation-1737117670797-5652cc18-1eae-4f51-aa58-63b14384ed6f?alt=json HTTP/1.1" 200 None
2025-01-17 21:44:38,003 DEBUG    urllib3.connectionpool Starting new HTTPS connection (1): container.googleapis.com:443
2025-01-17 21:44:38,181 DEBUG    urllib3.connectionpool https://container.googleapis.com:443 "GET /v1/projects/peppy-arcadia-432311-g5/locations/asia-northeast3/operations/operation-1737117670797-5652cc18-1eae-4f51-aa58-63b14384ed6f?alt=json HTTP/1.1" 200 None
2025-01-17 21:44:43,188 DEBUG    urllib3.connectionpool Starting new HTTPS connection (1): container.googleapis.com:443
2025-01-17 21:44:43,311 DEBUG    urllib3.connectionpool https://container.googleapis.com:443 "GET /v1/projects/peppy-arcadia-432311-g5/locations/asia-northeast3/operations/operation-1737117670797-5652cc18-1eae-4f51-aa58-63b14384ed6f?alt=json HTTP/1.1" 200 None
2025-01-17 21:44:48,317 DEBUG    urllib3.connectionpool Starting new HTTPS connection (1): container.googleapis.com:443
2025-01-17 21:44:48,438 DEBUG    urllib3.connectionpool https://container.googleapis.com:443 "GET /v1/projects/peppy-arcadia-432311-g5/locations/asia-northeast3/operations/operation-1737117670797-5652cc18-1eae-4f51-aa58-63b14384ed6f?alt=json HTTP/1.1" 200 None
2025-01-17 21:44:53,444 DEBUG    urllib3.connectionpool Starting new HTTPS connection (1): container.googleapis.com:443
2025-01-17 21:44:53,612 DEBUG    urllib3.connectionpool https://container.googleapis.com:443 "GET /v1/projects/peppy-arcadia-432311-g5/locations/asia-northeast3/operations/operation-1737117670797-5652cc18-1eae-4f51-aa58-63b14384ed6f?alt=json HTTP/1.1" 200 None
2025-01-17 21:44:58,619 DEBUG    urllib3.connectionpool Starting new HTTPS connection (1): container.googleapis.com:443
2025-01-17 21:44:58,835 DEBUG    urllib3.connectionpool https://container.googleapis.com:443 "GET /v1/projects/peppy-arcadia-432311-g5/locations/asia-northeast3/operations/operation-1737117670797-5652cc18-1eae-4f51-aa58-63b14384ed6f?alt=json HTTP/1.1" 200 None
2025-01-17 21:45:03,843 DEBUG    urllib3.connectionpool Starting new HTTPS connection (1): container.googleapis.com:443
2025-01-17 21:45:04,054 DEBUG    urllib3.connectionpool https://container.googleapis.com:443 "GET /v1/projects/peppy-arcadia-432311-g5/locations/asia-northeast3/operations/operation-1737117670797-5652cc18-1eae-4f51-aa58-63b14384ed6f?alt=json HTTP/1.1" 200 None
2025-01-17 21:45:09,059 DEBUG    urllib3.connectionpool Starting new HTTPS connection (1): container.googleapis.com:443
2025-01-17 21:45:09,188 DEBUG    urllib3.connectionpool https://container.googleapis.com:443 "GET /v1/projects/peppy-arcadia-432311-g5/locations/asia-northeast3/operations/operation-1737117670797-5652cc18-1eae-4f51-aa58-63b14384ed6f?alt=json HTTP/1.1" 200 None
2025-01-17 21:45:14,194 DEBUG    urllib3.connectionpool Starting new HTTPS connection (1): container.googleapis.com:443
2025-01-17 21:45:14,303 DEBUG    urllib3.connectionpool https://container.googleapis.com:443 "GET /v1/projects/peppy-arcadia-432311-g5/locations/asia-northeast3/operations/operation-1737117670797-5652cc18-1eae-4f51-aa58-63b14384ed6f?alt=json HTTP/1.1" 200 None
2025-01-17 21:45:19,312 DEBUG    urllib3.connectionpool Starting new HTTPS connection (1): container.googleapis.com:443
2025-01-17 21:45:19,506 DEBUG    urllib3.connectionpool https://container.googleapis.com:443 "GET /v1/projects/peppy-arcadia-432311-g5/locations/asia-northeast3/operations/operation-1737117670797-5652cc18-1eae-4f51-aa58-63b14384ed6f?alt=json HTTP/1.1" 200 None
2025-01-17 21:45:19,509 INFO     root            Operation <Operation
 clusterConditions: []
 endTime: '2025-01-17T12:45:19.671311214Z'
 name: 'operation-1737117670797-5652cc18-1eae-4f51-aa58-63b14384ed6f'
 nodepoolConditions: []
 operationType: OperationTypeValueValuesEnum(DELETE_NODE_POOL, 8)
 selfLink: 'https://container.googleapis.com/v1/projects/134982172036/locations/asia-northeast3/operations/operation-1737117670797-5652cc18-1eae-4f51-aa58-63b14384ed6f'
 startTime: '2025-01-17T12:41:10.797955419Z'
 status: StatusValueValuesEnum(DONE, 3)
 targetLink: 'https://container.googleapis.com/v1/projects/134982172036/locations/asia-northeast3/clusters/gcp-dr-gke/nodePools/default-pool'
 zone: 'asia-northeast3'> finished after 2.49e+02 seconds
2025-01-17 21:45:19,592 INFO     ___FILE_ONLY___ Deleted [https://container.googleapis.com/v1/projects/peppy-arcadia-432311-g5/zones/asia-northeast3/clusters/gcp-dr-gke/nodePools/default-pool].

2025-01-17 21:45:19,593 DEBUG    root            Chosen display Format:none
2025-01-17 21:45:19,594 INFO     root            Display format: "none"
2025-01-17 21:45:19,654 DEBUG    root            SDK update checks are disabled.
