2025-01-17 22:04:32,474 DEBUG    root            Loaded Command Group: ['gcloud', 'logging']
2025-01-17 22:04:32,503 DEBUG    root            Loaded Command Group: ['gcloud', 'logging', 'read']
2025-01-17 22:04:32,506 DEBUG    root            Running [gcloud.logging.read] with arguments: [--limit: "100", --project: "peppy-arcadia-432311-g5", LOG_FILTER: "resource.type=gke_cluster AND resource.labels.cluster_name=gcp-dr-gke"]
2025-01-17 22:04:32,561 DEBUG    root            Chosen display Format:default
2025-01-17 22:04:32,562 INFO     root            Display format: "default"
2025-01-17 22:04:32,564 DEBUG    urllib3.connectionpool Starting new HTTPS connection (1): logging.googleapis.com:443
2025-01-17 22:04:35,251 DEBUG    urllib3.connectionpool https://logging.googleapis.com:443 "POST /v2/entries:list?alt=json HTTP/1.1" 200 None
2025-01-17 22:04:35,296 INFO     ___FILE_ONLY___ ---
2025-01-17 22:04:35,298 INFO     ___FILE_ONLY___ 

2025-01-17 22:04:35,298 INFO     ___FILE_ONLY___ insertId
2025-01-17 22:04:35,298 INFO     ___FILE_ONLY___ :
2025-01-17 22:04:35,298 INFO     ___FILE_ONLY___  
2025-01-17 22:04:35,298 INFO     ___FILE_ONLY___ 1nfm8k2dqs27
2025-01-17 22:04:35,298 INFO     ___FILE_ONLY___ 

2025-01-17 22:04:35,298 INFO     ___FILE_ONLY___ logName
2025-01-17 22:04:35,298 INFO     ___FILE_ONLY___ :
2025-01-17 22:04:35,299 INFO     ___FILE_ONLY___  
2025-01-17 22:04:35,299 INFO     ___FILE_ONLY___ projects/peppy-arcadia-432311-g5/logs/cloudaudit.googleapis.com%2Factivity
2025-01-17 22:04:35,299 INFO     ___FILE_ONLY___ 

2025-01-17 22:04:35,299 INFO     ___FILE_ONLY___ operation
2025-01-17 22:04:35,299 INFO     ___FILE_ONLY___ :
2025-01-17 22:04:35,299 INFO     ___FILE_ONLY___ 

2025-01-17 22:04:35,299 INFO     ___FILE_ONLY___   
2025-01-17 22:04:35,299 INFO     ___FILE_ONLY___ id
2025-01-17 22:04:35,299 INFO     ___FILE_ONLY___ :
2025-01-17 22:04:35,299 INFO     ___FILE_ONLY___  
2025-01-17 22:04:35,300 INFO     ___FILE_ONLY___ operation-1737117212365-7ffdc6e3-4f4a-4394-8b5d-0bcde21c2da9
2025-01-17 22:04:35,300 INFO     ___FILE_ONLY___ 

2025-01-17 22:04:35,300 INFO     ___FILE_ONLY___   
2025-01-17 22:04:35,300 INFO     ___FILE_ONLY___ last
2025-01-17 22:04:35,301 INFO     ___FILE_ONLY___ :
2025-01-17 22:04:35,301 INFO     ___FILE_ONLY___  
2025-01-17 22:04:35,301 INFO     ___FILE_ONLY___ true
2025-01-17 22:04:35,301 INFO     ___FILE_ONLY___ 

2025-01-17 22:04:35,301 INFO     ___FILE_ONLY___   
2025-01-17 22:04:35,301 INFO     ___FILE_ONLY___ producer
2025-01-17 22:04:35,301 INFO     ___FILE_ONLY___ :
2025-01-17 22:04:35,302 INFO     ___FILE_ONLY___  
2025-01-17 22:04:35,302 INFO     ___FILE_ONLY___ container.googleapis.com
2025-01-17 22:04:35,302 INFO     ___FILE_ONLY___ 

2025-01-17 22:04:35,302 INFO     ___FILE_ONLY___ protoPayload
2025-01-17 22:04:35,302 INFO     ___FILE_ONLY___ :
2025-01-17 22:04:35,302 INFO     ___FILE_ONLY___ 

2025-01-17 22:04:35,303 INFO     ___FILE_ONLY___   
2025-01-17 22:04:35,303 INFO     ___FILE_ONLY___ '
2025-01-17 22:04:35,303 INFO     ___FILE_ONLY___ @type
2025-01-17 22:04:35,303 INFO     ___FILE_ONLY___ '
2025-01-17 22:04:35,303 INFO     ___FILE_ONLY___ :
2025-01-17 22:04:35,303 INFO     ___FILE_ONLY___  
2025-01-17 22:04:35,303 INFO     ___FILE_ONLY___ type.googleapis.com/google.cloud.audit.AuditLog
2025-01-17 22:04:35,304 INFO     ___FILE_ONLY___ 

2025-01-17 22:04:35,304 INFO     ___FILE_ONLY___   
2025-01-17 22:04:35,304 INFO     ___FILE_ONLY___ metadata
2025-01-17 22:04:35,304 INFO     ___FILE_ONLY___ :
2025-01-17 22:04:35,304 INFO     ___FILE_ONLY___ 

2025-01-17 22:04:35,304 INFO     ___FILE_ONLY___     
2025-01-17 22:04:35,304 INFO     ___FILE_ONLY___ operationType
2025-01-17 22:04:35,304 INFO     ___FILE_ONLY___ :
2025-01-17 22:04:35,304 INFO     ___FILE_ONLY___  
2025-01-17 22:04:35,304 INFO     ___FILE_ONLY___ CREATE_CLUSTER
2025-01-17 22:04:35,305 INFO     ___FILE_ONLY___ 

2025-01-17 22:04:35,308 INFO     ___FILE_ONLY___     
2025-01-17 22:04:35,308 INFO     ___FILE_ONLY___ requestID
2025-01-17 22:04:35,308 INFO     ___FILE_ONLY___ :
2025-01-17 22:04:35,308 INFO     ___FILE_ONLY___  '
2025-01-17 22:04:35,308 INFO     ___FILE_ONLY___ 0x74ab99e65a1c4341
2025-01-17 22:04:35,308 INFO     ___FILE_ONLY___ '
2025-01-17 22:04:35,308 INFO     ___FILE_ONLY___ 

2025-01-17 22:04:35,309 INFO     ___FILE_ONLY___   
2025-01-17 22:04:35,309 INFO     ___FILE_ONLY___ methodName
2025-01-17 22:04:35,309 INFO     ___FILE_ONLY___ :
2025-01-17 22:04:35,309 INFO     ___FILE_ONLY___  
2025-01-17 22:04:35,309 INFO     ___FILE_ONLY___ google.container.v1.ClusterManager.CreateCluster
2025-01-17 22:04:35,309 INFO     ___FILE_ONLY___ 

2025-01-17 22:04:35,309 INFO     ___FILE_ONLY___   
2025-01-17 22:04:35,309 INFO     ___FILE_ONLY___ policyViolationInfo
2025-01-17 22:04:35,310 INFO     ___FILE_ONLY___ :
2025-01-17 22:04:35,310 INFO     ___FILE_ONLY___ 

2025-01-17 22:04:35,310 INFO     ___FILE_ONLY___     
2025-01-17 22:04:35,310 INFO     ___FILE_ONLY___ orgPolicyViolationInfo
2025-01-17 22:04:35,310 INFO     ___FILE_ONLY___ :
2025-01-17 22:04:35,310 INFO     ___FILE_ONLY___  {
2025-01-17 22:04:35,310 INFO     ___FILE_ONLY___ }
2025-01-17 22:04:35,310 INFO     ___FILE_ONLY___ 

2025-01-17 22:04:35,310 INFO     ___FILE_ONLY___   
2025-01-17 22:04:35,310 INFO     ___FILE_ONLY___ resourceLocation
2025-01-17 22:04:35,311 INFO     ___FILE_ONLY___ :
2025-01-17 22:04:35,311 INFO     ___FILE_ONLY___ 

2025-01-17 22:04:35,311 INFO     ___FILE_ONLY___     
2025-01-17 22:04:35,311 INFO     ___FILE_ONLY___ currentLocations
2025-01-17 22:04:35,311 INFO     ___FILE_ONLY___ :
2025-01-17 22:04:35,311 INFO     ___FILE_ONLY___ 

2025-01-17 22:04:35,311 INFO     ___FILE_ONLY___     
2025-01-17 22:04:35,311 INFO     ___FILE_ONLY___ -
2025-01-17 22:04:35,312 INFO     ___FILE_ONLY___  
2025-01-17 22:04:35,312 INFO     ___FILE_ONLY___ asia-northeast3
2025-01-17 22:04:35,312 INFO     ___FILE_ONLY___ 

2025-01-17 22:04:35,312 INFO     ___FILE_ONLY___   
2025-01-17 22:04:35,312 INFO     ___FILE_ONLY___ resourceName
2025-01-17 22:04:35,312 INFO     ___FILE_ONLY___ :
2025-01-17 22:04:35,312 INFO     ___FILE_ONLY___  
2025-01-17 22:04:35,312 INFO     ___FILE_ONLY___ projects/peppy-arcadia-432311-g5/locations/asia-northeast3/clusters/gcp-dr-gke
2025-01-17 22:04:35,312 INFO     ___FILE_ONLY___ 

2025-01-17 22:04:35,312 INFO     ___FILE_ONLY___   
2025-01-17 22:04:35,313 INFO     ___FILE_ONLY___ serviceName
2025-01-17 22:04:35,313 INFO     ___FILE_ONLY___ :
2025-01-17 22:04:35,313 INFO     ___FILE_ONLY___  
2025-01-17 22:04:35,313 INFO     ___FILE_ONLY___ container.googleapis.com
2025-01-17 22:04:35,313 INFO     ___FILE_ONLY___ 

2025-01-17 22:04:35,313 INFO     ___FILE_ONLY___   
2025-01-17 22:04:35,313 INFO     ___FILE_ONLY___ status
2025-01-17 22:04:35,313 INFO     ___FILE_ONLY___ :
2025-01-17 22:04:35,313 INFO     ___FILE_ONLY___  {
2025-01-17 22:04:35,313 INFO     ___FILE_ONLY___ }
2025-01-17 22:04:35,313 INFO     ___FILE_ONLY___ 

2025-01-17 22:04:35,314 INFO     ___FILE_ONLY___ receiveTimestamp
2025-01-17 22:04:35,314 INFO     ___FILE_ONLY___ :
2025-01-17 22:04:35,314 INFO     ___FILE_ONLY___  '
2025-01-17 22:04:35,314 INFO     ___FILE_ONLY___ 2025-01-17T12:39:46.162184069Z
2025-01-17 22:04:35,314 INFO     ___FILE_ONLY___ '
2025-01-17 22:04:35,314 INFO     ___FILE_ONLY___ 

2025-01-17 22:04:35,314 INFO     ___FILE_ONLY___ resource
2025-01-17 22:04:35,314 INFO     ___FILE_ONLY___ :
2025-01-17 22:04:35,314 INFO     ___FILE_ONLY___ 

2025-01-17 22:04:35,315 INFO     ___FILE_ONLY___   
2025-01-17 22:04:35,315 INFO     ___FILE_ONLY___ labels
2025-01-17 22:04:35,315 INFO     ___FILE_ONLY___ :
2025-01-17 22:04:35,315 INFO     ___FILE_ONLY___ 

2025-01-17 22:04:35,315 INFO     ___FILE_ONLY___     
2025-01-17 22:04:35,315 INFO     ___FILE_ONLY___ cluster_name
2025-01-17 22:04:35,315 INFO     ___FILE_ONLY___ :
2025-01-17 22:04:35,315 INFO     ___FILE_ONLY___  
2025-01-17 22:04:35,315 INFO     ___FILE_ONLY___ gcp-dr-gke
2025-01-17 22:04:35,315 INFO     ___FILE_ONLY___ 

2025-01-17 22:04:35,315 INFO     ___FILE_ONLY___     
2025-01-17 22:04:35,316 INFO     ___FILE_ONLY___ location
2025-01-17 22:04:35,316 INFO     ___FILE_ONLY___ :
2025-01-17 22:04:35,316 INFO     ___FILE_ONLY___  
2025-01-17 22:04:35,316 INFO     ___FILE_ONLY___ asia-northeast3
2025-01-17 22:04:35,316 INFO     ___FILE_ONLY___ 

2025-01-17 22:04:35,316 INFO     ___FILE_ONLY___     
2025-01-17 22:04:35,316 INFO     ___FILE_ONLY___ project_id
2025-01-17 22:04:35,316 INFO     ___FILE_ONLY___ :
2025-01-17 22:04:35,316 INFO     ___FILE_ONLY___  
2025-01-17 22:04:35,316 INFO     ___FILE_ONLY___ peppy-arcadia-432311-g5
2025-01-17 22:04:35,316 INFO     ___FILE_ONLY___ 

2025-01-17 22:04:35,317 INFO     ___FILE_ONLY___   
2025-01-17 22:04:35,317 INFO     ___FILE_ONLY___ type
2025-01-17 22:04:35,317 INFO     ___FILE_ONLY___ :
2025-01-17 22:04:35,317 INFO     ___FILE_ONLY___  
2025-01-17 22:04:35,317 INFO     ___FILE_ONLY___ gke_cluster
2025-01-17 22:04:35,317 INFO     ___FILE_ONLY___ 

2025-01-17 22:04:35,317 INFO     ___FILE_ONLY___ severity
2025-01-17 22:04:35,317 INFO     ___FILE_ONLY___ :
2025-01-17 22:04:35,326 INFO     ___FILE_ONLY___  
2025-01-17 22:04:35,326 INFO     ___FILE_ONLY___ NOTICE
2025-01-17 22:04:35,326 INFO     ___FILE_ONLY___ 

2025-01-17 22:04:35,326 INFO     ___FILE_ONLY___ timestamp
2025-01-17 22:04:35,326 INFO     ___FILE_ONLY___ :
2025-01-17 22:04:35,326 INFO     ___FILE_ONLY___  '
2025-01-17 22:04:35,326 INFO     ___FILE_ONLY___ 2025-01-17T12:39:45.829396892Z
2025-01-17 22:04:35,326 INFO     ___FILE_ONLY___ '
2025-01-17 22:04:35,327 INFO     ___FILE_ONLY___ 

2025-01-17 22:04:35,332 INFO     ___FILE_ONLY___ ---
2025-01-17 22:04:35,332 INFO     ___FILE_ONLY___ 

2025-01-17 22:04:35,332 INFO     ___FILE_ONLY___ insertId
2025-01-17 22:04:35,332 INFO     ___FILE_ONLY___ :
2025-01-17 22:04:35,332 INFO     ___FILE_ONLY___  
2025-01-17 22:04:35,332 INFO     ___FILE_ONLY___ 1nfm8k2dqpu3
2025-01-17 22:04:35,333 INFO     ___FILE_ONLY___ 

2025-01-17 22:04:35,333 INFO     ___FILE_ONLY___ logName
2025-01-17 22:04:35,333 INFO     ___FILE_ONLY___ :
2025-01-17 22:04:35,333 INFO     ___FILE_ONLY___  
2025-01-17 22:04:35,333 INFO     ___FILE_ONLY___ projects/peppy-arcadia-432311-g5/logs/cloudaudit.googleapis.com%2Factivity
2025-01-17 22:04:35,333 INFO     ___FILE_ONLY___ 

2025-01-17 22:04:35,333 INFO     ___FILE_ONLY___ operation
2025-01-17 22:04:35,333 INFO     ___FILE_ONLY___ :
2025-01-17 22:04:35,333 INFO     ___FILE_ONLY___ 

2025-01-17 22:04:35,333 INFO     ___FILE_ONLY___   
2025-01-17 22:04:35,333 INFO     ___FILE_ONLY___ first
2025-01-17 22:04:35,333 INFO     ___FILE_ONLY___ :
2025-01-17 22:04:35,333 INFO     ___FILE_ONLY___  
2025-01-17 22:04:35,333 INFO     ___FILE_ONLY___ true
2025-01-17 22:04:35,333 INFO     ___FILE_ONLY___ 

2025-01-17 22:04:35,333 INFO     ___FILE_ONLY___   
2025-01-17 22:04:35,333 INFO     ___FILE_ONLY___ id
2025-01-17 22:04:35,334 INFO     ___FILE_ONLY___ :
2025-01-17 22:04:35,334 INFO     ___FILE_ONLY___  
2025-01-17 22:04:35,334 INFO     ___FILE_ONLY___ operation-1737117212365-7ffdc6e3-4f4a-4394-8b5d-0bcde21c2da9
2025-01-17 22:04:35,334 INFO     ___FILE_ONLY___ 

2025-01-17 22:04:35,334 INFO     ___FILE_ONLY___   
2025-01-17 22:04:35,334 INFO     ___FILE_ONLY___ producer
2025-01-17 22:04:35,334 INFO     ___FILE_ONLY___ :
2025-01-17 22:04:35,334 INFO     ___FILE_ONLY___  
2025-01-17 22:04:35,334 INFO     ___FILE_ONLY___ container.googleapis.com
2025-01-17 22:04:35,334 INFO     ___FILE_ONLY___ 

2025-01-17 22:04:35,334 INFO     ___FILE_ONLY___ protoPayload
2025-01-17 22:04:35,334 INFO     ___FILE_ONLY___ :
2025-01-17 22:04:35,334 INFO     ___FILE_ONLY___ 

2025-01-17 22:04:35,334 INFO     ___FILE_ONLY___   
2025-01-17 22:04:35,334 INFO     ___FILE_ONLY___ '
2025-01-17 22:04:35,334 INFO     ___FILE_ONLY___ @type
2025-01-17 22:04:35,334 INFO     ___FILE_ONLY___ '
2025-01-17 22:04:35,334 INFO     ___FILE_ONLY___ :
2025-01-17 22:04:35,334 INFO     ___FILE_ONLY___  
2025-01-17 22:04:35,335 INFO     ___FILE_ONLY___ type.googleapis.com/google.cloud.audit.AuditLog
2025-01-17 22:04:35,335 INFO     ___FILE_ONLY___ 

2025-01-17 22:04:35,335 INFO     ___FILE_ONLY___   
2025-01-17 22:04:35,335 INFO     ___FILE_ONLY___ authenticationInfo
2025-01-17 22:04:35,335 INFO     ___FILE_ONLY___ :
2025-01-17 22:04:35,335 INFO     ___FILE_ONLY___ 

2025-01-17 22:04:35,335 INFO     ___FILE_ONLY___     
2025-01-17 22:04:35,335 INFO     ___FILE_ONLY___ principalEmail
2025-01-17 22:04:35,335 INFO     ___FILE_ONLY___ :
2025-01-17 22:04:35,335 INFO     ___FILE_ONLY___  
2025-01-17 22:04:35,335 INFO     ___FILE_ONLY___ 1201ljhun@gmail.com
2025-01-17 22:04:35,335 INFO     ___FILE_ONLY___ 

2025-01-17 22:04:35,335 INFO     ___FILE_ONLY___     
2025-01-17 22:04:35,335 INFO     ___FILE_ONLY___ principalSubject
2025-01-17 22:04:35,335 INFO     ___FILE_ONLY___ :
2025-01-17 22:04:35,335 INFO     ___FILE_ONLY___  
2025-01-17 22:04:35,335 INFO     ___FILE_ONLY___ user:1201ljhun@gmail.com
2025-01-17 22:04:35,335 INFO     ___FILE_ONLY___ 

2025-01-17 22:04:35,335 INFO     ___FILE_ONLY___   
2025-01-17 22:04:35,336 INFO     ___FILE_ONLY___ authorizationInfo
2025-01-17 22:04:35,336 INFO     ___FILE_ONLY___ :
2025-01-17 22:04:35,336 INFO     ___FILE_ONLY___ 

2025-01-17 22:04:35,336 INFO     ___FILE_ONLY___   
2025-01-17 22:04:35,336 INFO     ___FILE_ONLY___ -
2025-01-17 22:04:35,336 INFO     ___FILE_ONLY___  
2025-01-17 22:04:35,336 INFO     ___FILE_ONLY___ granted
2025-01-17 22:04:35,336 INFO     ___FILE_ONLY___ :
2025-01-17 22:04:35,336 INFO     ___FILE_ONLY___  
2025-01-17 22:04:35,336 INFO     ___FILE_ONLY___ true
2025-01-17 22:04:35,336 INFO     ___FILE_ONLY___ 

2025-01-17 22:04:35,336 INFO     ___FILE_ONLY___     
2025-01-17 22:04:35,336 INFO     ___FILE_ONLY___ permission
2025-01-17 22:04:35,336 INFO     ___FILE_ONLY___ :
2025-01-17 22:04:35,336 INFO     ___FILE_ONLY___  
2025-01-17 22:04:35,336 INFO     ___FILE_ONLY___ container.clusters.create
2025-01-17 22:04:35,336 INFO     ___FILE_ONLY___ 

2025-01-17 22:04:35,336 INFO     ___FILE_ONLY___     
2025-01-17 22:04:35,336 INFO     ___FILE_ONLY___ permissionType
2025-01-17 22:04:35,337 INFO     ___FILE_ONLY___ :
2025-01-17 22:04:35,337 INFO     ___FILE_ONLY___  
2025-01-17 22:04:35,337 INFO     ___FILE_ONLY___ ADMIN_WRITE
2025-01-17 22:04:35,337 INFO     ___FILE_ONLY___ 

2025-01-17 22:04:35,337 INFO     ___FILE_ONLY___     
2025-01-17 22:04:35,337 INFO     ___FILE_ONLY___ resource
2025-01-17 22:04:35,337 INFO     ___FILE_ONLY___ :
2025-01-17 22:04:35,337 INFO     ___FILE_ONLY___  
2025-01-17 22:04:35,337 INFO     ___FILE_ONLY___ projects/peppy-arcadia-432311-g5/locations/asia-northeast3/clusters/gcp-dr-gke
2025-01-17 22:04:35,337 INFO     ___FILE_ONLY___ 

2025-01-17 22:04:35,337 INFO     ___FILE_ONLY___     
2025-01-17 22:04:35,337 INFO     ___FILE_ONLY___ resourceAttributes
2025-01-17 22:04:35,337 INFO     ___FILE_ONLY___ :
2025-01-17 22:04:35,337 INFO     ___FILE_ONLY___ 

2025-01-17 22:04:35,337 INFO     ___FILE_ONLY___       
2025-01-17 22:04:35,337 INFO     ___FILE_ONLY___ name
2025-01-17 22:04:35,338 INFO     ___FILE_ONLY___ :
2025-01-17 22:04:35,338 INFO     ___FILE_ONLY___  
2025-01-17 22:04:35,338 INFO     ___FILE_ONLY___ projects/peppy-arcadia-432311-g5/locations/asia-northeast3/clusters/gcp-dr-gke
2025-01-17 22:04:35,347 INFO     ___FILE_ONLY___ 

2025-01-17 22:04:35,347 INFO     ___FILE_ONLY___       
2025-01-17 22:04:35,348 INFO     ___FILE_ONLY___ service
2025-01-17 22:04:35,348 INFO     ___FILE_ONLY___ :
2025-01-17 22:04:35,348 INFO     ___FILE_ONLY___  
2025-01-17 22:04:35,348 INFO     ___FILE_ONLY___ container.googleapis.com
2025-01-17 22:04:35,348 INFO     ___FILE_ONLY___ 

2025-01-17 22:04:35,348 INFO     ___FILE_ONLY___       
2025-01-17 22:04:35,348 INFO     ___FILE_ONLY___ type
2025-01-17 22:04:35,349 INFO     ___FILE_ONLY___ :
2025-01-17 22:04:35,349 INFO     ___FILE_ONLY___  
2025-01-17 22:04:35,349 INFO     ___FILE_ONLY___ container.googleapis.com/Cluster
2025-01-17 22:04:35,349 INFO     ___FILE_ONLY___ 

2025-01-17 22:04:35,349 INFO     ___FILE_ONLY___   
2025-01-17 22:04:35,349 INFO     ___FILE_ONLY___ methodName
2025-01-17 22:04:35,349 INFO     ___FILE_ONLY___ :
2025-01-17 22:04:35,349 INFO     ___FILE_ONLY___  
2025-01-17 22:04:35,349 INFO     ___FILE_ONLY___ google.container.v1.ClusterManager.CreateCluster
2025-01-17 22:04:35,350 INFO     ___FILE_ONLY___ 

2025-01-17 22:04:35,350 INFO     ___FILE_ONLY___   
2025-01-17 22:04:35,350 INFO     ___FILE_ONLY___ policyViolationInfo
2025-01-17 22:04:35,350 INFO     ___FILE_ONLY___ :
2025-01-17 22:04:35,350 INFO     ___FILE_ONLY___ 

2025-01-17 22:04:35,350 INFO     ___FILE_ONLY___     
2025-01-17 22:04:35,351 INFO     ___FILE_ONLY___ orgPolicyViolationInfo
2025-01-17 22:04:35,351 INFO     ___FILE_ONLY___ :
2025-01-17 22:04:35,351 INFO     ___FILE_ONLY___  {
2025-01-17 22:04:35,351 INFO     ___FILE_ONLY___ }
2025-01-17 22:04:35,351 INFO     ___FILE_ONLY___ 

2025-01-17 22:04:35,351 INFO     ___FILE_ONLY___   
2025-01-17 22:04:35,351 INFO     ___FILE_ONLY___ request
2025-01-17 22:04:35,351 INFO     ___FILE_ONLY___ :
2025-01-17 22:04:35,351 INFO     ___FILE_ONLY___ 

2025-01-17 22:04:35,352 INFO     ___FILE_ONLY___     
2025-01-17 22:04:35,352 INFO     ___FILE_ONLY___ '
2025-01-17 22:04:35,352 INFO     ___FILE_ONLY___ @type
2025-01-17 22:04:35,352 INFO     ___FILE_ONLY___ '
2025-01-17 22:04:35,352 INFO     ___FILE_ONLY___ :
2025-01-17 22:04:35,352 INFO     ___FILE_ONLY___  
2025-01-17 22:04:35,352 INFO     ___FILE_ONLY___ type.googleapis.com/google.container.v1alpha1.CreateClusterRequest
2025-01-17 22:04:35,352 INFO     ___FILE_ONLY___ 

2025-01-17 22:04:35,352 INFO     ___FILE_ONLY___     
2025-01-17 22:04:35,352 INFO     ___FILE_ONLY___ cluster
2025-01-17 22:04:35,353 INFO     ___FILE_ONLY___ :
2025-01-17 22:04:35,353 INFO     ___FILE_ONLY___ 

2025-01-17 22:04:35,353 INFO     ___FILE_ONLY___       
2025-01-17 22:04:35,353 INFO     ___FILE_ONLY___ autopilot
2025-01-17 22:04:35,353 INFO     ___FILE_ONLY___ :
2025-01-17 22:04:35,353 INFO     ___FILE_ONLY___  {
2025-01-17 22:04:35,353 INFO     ___FILE_ONLY___ }
2025-01-17 22:04:35,353 INFO     ___FILE_ONLY___ 

2025-01-17 22:04:35,353 INFO     ___FILE_ONLY___       
2025-01-17 22:04:35,353 INFO     ___FILE_ONLY___ autoscaling
2025-01-17 22:04:35,354 INFO     ___FILE_ONLY___ :
2025-01-17 22:04:35,354 INFO     ___FILE_ONLY___  {
2025-01-17 22:04:35,354 INFO     ___FILE_ONLY___ }
2025-01-17 22:04:35,354 INFO     ___FILE_ONLY___ 

2025-01-17 22:04:35,354 INFO     ___FILE_ONLY___       
2025-01-17 22:04:35,354 INFO     ___FILE_ONLY___ binaryAuthorization
2025-01-17 22:04:35,354 INFO     ___FILE_ONLY___ :
2025-01-17 22:04:35,354 INFO     ___FILE_ONLY___  {
2025-01-17 22:04:35,354 INFO     ___FILE_ONLY___ }
2025-01-17 22:04:35,354 INFO     ___FILE_ONLY___ 

2025-01-17 22:04:35,354 INFO     ___FILE_ONLY___       
2025-01-17 22:04:35,354 INFO     ___FILE_ONLY___ controlPlaneEndpointsConfig
2025-01-17 22:04:35,355 INFO     ___FILE_ONLY___ :
2025-01-17 22:04:35,355 INFO     ___FILE_ONLY___ 

2025-01-17 22:04:35,355 INFO     ___FILE_ONLY___         
2025-01-17 22:04:35,355 INFO     ___FILE_ONLY___ ipEndpointsConfig
2025-01-17 22:04:35,355 INFO     ___FILE_ONLY___ :
2025-01-17 22:04:35,355 INFO     ___FILE_ONLY___ 

2025-01-17 22:04:35,355 INFO     ___FILE_ONLY___           
2025-01-17 22:04:35,355 INFO     ___FILE_ONLY___ authorizedNetworksConfig
2025-01-17 22:04:35,355 INFO     ___FILE_ONLY___ :
2025-01-17 22:04:35,355 INFO     ___FILE_ONLY___  {
2025-01-17 22:04:35,355 INFO     ___FILE_ONLY___ }
2025-01-17 22:04:35,355 INFO     ___FILE_ONLY___ 

2025-01-17 22:04:35,356 INFO     ___FILE_ONLY___           
2025-01-17 22:04:35,356 INFO     ___FILE_ONLY___ enablePublicEndpoint
2025-01-17 22:04:35,356 INFO     ___FILE_ONLY___ :
2025-01-17 22:04:35,356 INFO     ___FILE_ONLY___  
2025-01-17 22:04:35,356 INFO     ___FILE_ONLY___ true
2025-01-17 22:04:35,356 INFO     ___FILE_ONLY___ 

2025-01-17 22:04:35,356 INFO     ___FILE_ONLY___           
2025-01-17 22:04:35,356 INFO     ___FILE_ONLY___ enabled
2025-01-17 22:04:35,356 INFO     ___FILE_ONLY___ :
2025-01-17 22:04:35,356 INFO     ___FILE_ONLY___  
2025-01-17 22:04:35,356 INFO     ___FILE_ONLY___ true
2025-01-17 22:04:35,357 INFO     ___FILE_ONLY___ 

2025-01-17 22:04:35,357 INFO     ___FILE_ONLY___           
2025-01-17 22:04:35,357 INFO     ___FILE_ONLY___ globalAccess
2025-01-17 22:04:35,357 INFO     ___FILE_ONLY___ :
2025-01-17 22:04:35,357 INFO     ___FILE_ONLY___  
2025-01-17 22:04:35,357 INFO     ___FILE_ONLY___ false
2025-01-17 22:04:35,357 INFO     ___FILE_ONLY___ 

2025-01-17 22:04:35,357 INFO     ___FILE_ONLY___       
2025-01-17 22:04:35,357 INFO     ___FILE_ONLY___ ipAllocationPolicy
2025-01-17 22:04:35,357 INFO     ___FILE_ONLY___ :
2025-01-17 22:04:35,357 INFO     ___FILE_ONLY___ 

2025-01-17 22:04:35,358 INFO     ___FILE_ONLY___         
2025-01-17 22:04:35,358 INFO     ___FILE_ONLY___ clusterSecondaryRangeName
2025-01-17 22:04:35,358 INFO     ___FILE_ONLY___ :
2025-01-17 22:04:35,358 INFO     ___FILE_ONLY___  
2025-01-17 22:04:35,358 INFO     ___FILE_ONLY___ pods
2025-01-17 22:04:35,358 INFO     ___FILE_ONLY___ 

2025-01-17 22:04:35,358 INFO     ___FILE_ONLY___         
2025-01-17 22:04:35,358 INFO     ___FILE_ONLY___ servicesSecondaryRangeName
2025-01-17 22:04:35,358 INFO     ___FILE_ONLY___ :
2025-01-17 22:04:35,358 INFO     ___FILE_ONLY___  
2025-01-17 22:04:35,358 INFO     ___FILE_ONLY___ services
2025-01-17 22:04:35,358 INFO     ___FILE_ONLY___ 

2025-01-17 22:04:35,359 INFO     ___FILE_ONLY___         
2025-01-17 22:04:35,359 INFO     ___FILE_ONLY___ stackType
2025-01-17 22:04:35,359 INFO     ___FILE_ONLY___ :
2025-01-17 22:04:35,359 INFO     ___FILE_ONLY___  
2025-01-17 22:04:35,359 INFO     ___FILE_ONLY___ IPV4
2025-01-17 22:04:35,359 INFO     ___FILE_ONLY___ 

2025-01-17 22:04:35,359 INFO     ___FILE_ONLY___         
2025-01-17 22:04:35,359 INFO     ___FILE_ONLY___ useIpAliases
2025-01-17 22:04:35,359 INFO     ___FILE_ONLY___ :
2025-01-17 22:04:35,359 INFO     ___FILE_ONLY___  
2025-01-17 22:04:35,359 INFO     ___FILE_ONLY___ true
2025-01-17 22:04:35,369 INFO     ___FILE_ONLY___ 

2025-01-17 22:04:35,370 INFO     ___FILE_ONLY___       
2025-01-17 22:04:35,370 INFO     ___FILE_ONLY___ legacyAbac
2025-01-17 22:04:35,370 INFO     ___FILE_ONLY___ :
2025-01-17 22:04:35,370 INFO     ___FILE_ONLY___  {
2025-01-17 22:04:35,370 INFO     ___FILE_ONLY___ }
2025-01-17 22:04:35,370 INFO     ___FILE_ONLY___ 

2025-01-17 22:04:35,370 INFO     ___FILE_ONLY___       
2025-01-17 22:04:35,371 INFO     ___FILE_ONLY___ maintenancePolicy
2025-01-17 22:04:35,371 INFO     ___FILE_ONLY___ :
2025-01-17 22:04:35,371 INFO     ___FILE_ONLY___ 

2025-01-17 22:04:35,371 INFO     ___FILE_ONLY___         
2025-01-17 22:04:35,371 INFO     ___FILE_ONLY___ window
2025-01-17 22:04:35,371 INFO     ___FILE_ONLY___ :
2025-01-17 22:04:35,371 INFO     ___FILE_ONLY___  {
2025-01-17 22:04:35,371 INFO     ___FILE_ONLY___ }
2025-01-17 22:04:35,371 INFO     ___FILE_ONLY___ 

2025-01-17 22:04:35,371 INFO     ___FILE_ONLY___       
2025-01-17 22:04:35,371 INFO     ___FILE_ONLY___ name
2025-01-17 22:04:35,371 INFO     ___FILE_ONLY___ :
2025-01-17 22:04:35,372 INFO     ___FILE_ONLY___  
2025-01-17 22:04:35,372 INFO     ___FILE_ONLY___ gcp-dr-gke
2025-01-17 22:04:35,372 INFO     ___FILE_ONLY___ 

2025-01-17 22:04:35,372 INFO     ___FILE_ONLY___       
2025-01-17 22:04:35,372 INFO     ___FILE_ONLY___ network
2025-01-17 22:04:35,372 INFO     ___FILE_ONLY___ :
2025-01-17 22:04:35,372 INFO     ___FILE_ONLY___  
2025-01-17 22:04:35,372 INFO     ___FILE_ONLY___ projects/peppy-arcadia-432311-g5/global/networks/gcp-dr-vpc
2025-01-17 22:04:35,372 INFO     ___FILE_ONLY___ 

2025-01-17 22:04:35,372 INFO     ___FILE_ONLY___       
2025-01-17 22:04:35,372 INFO     ___FILE_ONLY___ networkConfig
2025-01-17 22:04:35,373 INFO     ___FILE_ONLY___ :
2025-01-17 22:04:35,373 INFO     ___FILE_ONLY___  {
2025-01-17 22:04:35,373 INFO     ___FILE_ONLY___ }
2025-01-17 22:04:35,373 INFO     ___FILE_ONLY___ 

2025-01-17 22:04:35,373 INFO     ___FILE_ONLY___       
2025-01-17 22:04:35,373 INFO     ___FILE_ONLY___ networkPolicy
2025-01-17 22:04:35,373 INFO     ___FILE_ONLY___ :
2025-01-17 22:04:35,373 INFO     ___FILE_ONLY___  {
2025-01-17 22:04:35,373 INFO     ___FILE_ONLY___ }
2025-01-17 22:04:35,373 INFO     ___FILE_ONLY___ 

2025-01-17 22:04:35,373 INFO     ___FILE_ONLY___       
2025-01-17 22:04:35,373 INFO     ___FILE_ONLY___ notificationConfig
2025-01-17 22:04:35,373 INFO     ___FILE_ONLY___ :
2025-01-17 22:04:35,374 INFO     ___FILE_ONLY___  {
2025-01-17 22:04:35,374 INFO     ___FILE_ONLY___ }
2025-01-17 22:04:35,374 INFO     ___FILE_ONLY___ 

2025-01-17 22:04:35,374 INFO     ___FILE_ONLY___       
2025-01-17 22:04:35,374 INFO     ___FILE_ONLY___ resourceLabels
2025-01-17 22:04:35,374 INFO     ___FILE_ONLY___ :
2025-01-17 22:04:35,374 INFO     ___FILE_ONLY___ 

2025-01-17 22:04:35,374 INFO     ___FILE_ONLY___         
2025-01-17 22:04:35,374 INFO     ___FILE_ONLY___ goog-terraform-provisioned
2025-01-17 22:04:35,374 INFO     ___FILE_ONLY___ :
2025-01-17 22:04:35,374 INFO     ___FILE_ONLY___  '
2025-01-17 22:04:35,374 INFO     ___FILE_ONLY___ true
2025-01-17 22:04:35,374 INFO     ___FILE_ONLY___ '
2025-01-17 22:04:35,375 INFO     ___FILE_ONLY___ 

2025-01-17 22:04:35,375 INFO     ___FILE_ONLY___       
2025-01-17 22:04:35,375 INFO     ___FILE_ONLY___ shieldedNodes
2025-01-17 22:04:35,375 INFO     ___FILE_ONLY___ :
2025-01-17 22:04:35,375 INFO     ___FILE_ONLY___  {
2025-01-17 22:04:35,375 INFO     ___FILE_ONLY___ }
2025-01-17 22:04:35,375 INFO     ___FILE_ONLY___ 

2025-01-17 22:04:35,375 INFO     ___FILE_ONLY___       
2025-01-17 22:04:35,375 INFO     ___FILE_ONLY___ subnetwork
2025-01-17 22:04:35,375 INFO     ___FILE_ONLY___ :
2025-01-17 22:04:35,375 INFO     ___FILE_ONLY___  
2025-01-17 22:04:35,375 INFO     ___FILE_ONLY___ projects/peppy-arcadia-432311-g5/regions/asia-northeast3/subnetworks/private-subnet
2025-01-17 22:04:35,376 INFO     ___FILE_ONLY___ 

2025-01-17 22:04:35,376 INFO     ___FILE_ONLY___     
2025-01-17 22:04:35,376 INFO     ___FILE_ONLY___ parent
2025-01-17 22:04:35,376 INFO     ___FILE_ONLY___ :
2025-01-17 22:04:35,376 INFO     ___FILE_ONLY___  
2025-01-17 22:04:35,380 INFO     ___FILE_ONLY___ projects/peppy-arcadia-432311-g5/locations/asia-northeast3
2025-01-17 22:04:35,380 INFO     ___FILE_ONLY___ 

2025-01-17 22:04:35,380 INFO     ___FILE_ONLY___   
2025-01-17 22:04:35,385 INFO     ___FILE_ONLY___ requestMetadata
2025-01-17 22:04:35,386 INFO     ___FILE_ONLY___ :
2025-01-17 22:04:35,386 INFO     ___FILE_ONLY___ 

2025-01-17 22:04:35,386 INFO     ___FILE_ONLY___     
2025-01-17 22:04:35,386 INFO     ___FILE_ONLY___ callerIp
2025-01-17 22:04:35,386 INFO     ___FILE_ONLY___ :
2025-01-17 22:04:35,386 INFO     ___FILE_ONLY___  
2025-01-17 22:04:35,386 INFO     ___FILE_ONLY___ 61.105.41.176
2025-01-17 22:04:35,386 INFO     ___FILE_ONLY___ 

2025-01-17 22:04:35,386 INFO     ___FILE_ONLY___     
2025-01-17 22:04:35,387 INFO     ___FILE_ONLY___ callerSuppliedUserAgent
2025-01-17 22:04:35,387 INFO     ___FILE_ONLY___ :
2025-01-17 22:04:35,387 INFO     ___FILE_ONLY___  
2025-01-17 22:04:35,387 INFO     ___FILE_ONLY___ google-api-go-client/0.5
2025-01-17 22:04:35,387 INFO     ___FILE_ONLY___  
2025-01-17 22:04:35,387 INFO     ___FILE_ONLY___ Terraform/1.5.7
2025-01-17 22:04:35,387 INFO     ___FILE_ONLY___  
2025-01-17 22:04:35,387 INFO     ___FILE_ONLY___ (+https://www.terraform.io)
2025-01-17 22:04:35,387 INFO     ___FILE_ONLY___ 

2025-01-17 22:04:35,387 INFO     ___FILE_ONLY___       
2025-01-17 22:04:35,387 INFO     ___FILE_ONLY___ Terraform-Plugin-SDK/2.33.0
2025-01-17 22:04:35,387 INFO     ___FILE_ONLY___  
2025-01-17 22:04:35,388 INFO     ___FILE_ONLY___ terraform-provider-google/6.16.0,gzip(gfe)
2025-01-17 22:04:35,388 INFO     ___FILE_ONLY___ 

2025-01-17 22:04:35,388 INFO     ___FILE_ONLY___     
2025-01-17 22:04:35,388 INFO     ___FILE_ONLY___ destinationAttributes
2025-01-17 22:04:35,388 INFO     ___FILE_ONLY___ :
2025-01-17 22:04:35,388 INFO     ___FILE_ONLY___  {
2025-01-17 22:04:35,388 INFO     ___FILE_ONLY___ }
2025-01-17 22:04:35,388 INFO     ___FILE_ONLY___ 

2025-01-17 22:04:35,388 INFO     ___FILE_ONLY___     
2025-01-17 22:04:35,388 INFO     ___FILE_ONLY___ requestAttributes
2025-01-17 22:04:35,388 INFO     ___FILE_ONLY___ :
2025-01-17 22:04:35,389 INFO     ___FILE_ONLY___  {
2025-01-17 22:04:35,389 INFO     ___FILE_ONLY___ }
2025-01-17 22:04:35,389 INFO     ___FILE_ONLY___ 

2025-01-17 22:04:35,389 INFO     ___FILE_ONLY___   
2025-01-17 22:04:35,389 INFO     ___FILE_ONLY___ resourceLocation
2025-01-17 22:04:35,389 INFO     ___FILE_ONLY___ :
2025-01-17 22:04:35,389 INFO     ___FILE_ONLY___ 

2025-01-17 22:04:35,389 INFO     ___FILE_ONLY___     
2025-01-17 22:04:35,389 INFO     ___FILE_ONLY___ currentLocations
2025-01-17 22:04:35,389 INFO     ___FILE_ONLY___ :
2025-01-17 22:04:35,389 INFO     ___FILE_ONLY___ 

2025-01-17 22:04:35,390 INFO     ___FILE_ONLY___     
2025-01-17 22:04:35,390 INFO     ___FILE_ONLY___ -
2025-01-17 22:04:35,390 INFO     ___FILE_ONLY___  
2025-01-17 22:04:35,390 INFO     ___FILE_ONLY___ asia-northeast3
2025-01-17 22:04:35,390 INFO     ___FILE_ONLY___ 

2025-01-17 22:04:35,390 INFO     ___FILE_ONLY___   
2025-01-17 22:04:35,390 INFO     ___FILE_ONLY___ resourceName
2025-01-17 22:04:35,390 INFO     ___FILE_ONLY___ :
2025-01-17 22:04:35,390 INFO     ___FILE_ONLY___  
2025-01-17 22:04:35,390 INFO     ___FILE_ONLY___ projects/peppy-arcadia-432311-g5/locations/asia-northeast3/clusters/gcp-dr-gke
2025-01-17 22:04:35,390 INFO     ___FILE_ONLY___ 

2025-01-17 22:04:35,390 INFO     ___FILE_ONLY___   
2025-01-17 22:04:35,390 INFO     ___FILE_ONLY___ response
2025-01-17 22:04:35,391 INFO     ___FILE_ONLY___ :
2025-01-17 22:04:35,391 INFO     ___FILE_ONLY___ 

2025-01-17 22:04:35,391 INFO     ___FILE_ONLY___     
2025-01-17 22:04:35,391 INFO     ___FILE_ONLY___ '
2025-01-17 22:04:35,391 INFO     ___FILE_ONLY___ @type
2025-01-17 22:04:35,391 INFO     ___FILE_ONLY___ '
2025-01-17 22:04:35,391 INFO     ___FILE_ONLY___ :
2025-01-17 22:04:35,391 INFO     ___FILE_ONLY___  
2025-01-17 22:04:35,391 INFO     ___FILE_ONLY___ type.googleapis.com/google.container.v1alpha1.Operation
2025-01-17 22:04:35,391 INFO     ___FILE_ONLY___ 

2025-01-17 22:04:35,391 INFO     ___FILE_ONLY___     
2025-01-17 22:04:35,391 INFO     ___FILE_ONLY___ name
2025-01-17 22:04:35,391 INFO     ___FILE_ONLY___ :
2025-01-17 22:04:35,392 INFO     ___FILE_ONLY___  
2025-01-17 22:04:35,392 INFO     ___FILE_ONLY___ operation-1737117212365-7ffdc6e3-4f4a-4394-8b5d-0bcde21c2da9
2025-01-17 22:04:35,392 INFO     ___FILE_ONLY___ 

2025-01-17 22:04:35,392 INFO     ___FILE_ONLY___     
2025-01-17 22:04:35,392 INFO     ___FILE_ONLY___ operationType
2025-01-17 22:04:35,392 INFO     ___FILE_ONLY___ :
2025-01-17 22:04:35,392 INFO     ___FILE_ONLY___  
2025-01-17 22:04:35,392 INFO     ___FILE_ONLY___ CREATE_CLUSTER
2025-01-17 22:04:35,392 INFO     ___FILE_ONLY___ 

2025-01-17 22:04:35,392 INFO     ___FILE_ONLY___     
2025-01-17 22:04:35,392 INFO     ___FILE_ONLY___ selfLink
2025-01-17 22:04:35,392 INFO     ___FILE_ONLY___ :
2025-01-17 22:04:35,392 INFO     ___FILE_ONLY___  
2025-01-17 22:04:35,393 INFO     ___FILE_ONLY___ https://container.googleapis.com/v1alpha1/projects/134982172036/locations/asia-northeast3/operations/operation-1737117212365-7ffdc6e3-4f4a-4394-8b5d-0bcde21c2da9
2025-01-17 22:04:35,393 INFO     ___FILE_ONLY___ 

2025-01-17 22:04:35,393 INFO     ___FILE_ONLY___     
2025-01-17 22:04:35,393 INFO     ___FILE_ONLY___ startTime
2025-01-17 22:04:35,393 INFO     ___FILE_ONLY___ :
2025-01-17 22:04:35,393 INFO     ___FILE_ONLY___  '
2025-01-17 22:04:35,393 INFO     ___FILE_ONLY___ 2025-01-17T12:33:32.365408917Z
2025-01-17 22:04:35,393 INFO     ___FILE_ONLY___ '
2025-01-17 22:04:35,393 INFO     ___FILE_ONLY___ 

2025-01-17 22:04:35,393 INFO     ___FILE_ONLY___     
2025-01-17 22:04:35,393 INFO     ___FILE_ONLY___ status
2025-01-17 22:04:35,393 INFO     ___FILE_ONLY___ :
2025-01-17 22:04:35,394 INFO     ___FILE_ONLY___  
2025-01-17 22:04:35,394 INFO     ___FILE_ONLY___ RUNNING
2025-01-17 22:04:35,394 INFO     ___FILE_ONLY___ 

2025-01-17 22:04:35,394 INFO     ___FILE_ONLY___     
2025-01-17 22:04:35,394 INFO     ___FILE_ONLY___ targetLink
2025-01-17 22:04:35,394 INFO     ___FILE_ONLY___ :
2025-01-17 22:04:35,394 INFO     ___FILE_ONLY___  
2025-01-17 22:04:35,394 INFO     ___FILE_ONLY___ https://container.googleapis.com/v1alpha1/projects/134982172036/locations/asia-northeast3/clusters/gcp-dr-gke
2025-01-17 22:04:35,394 INFO     ___FILE_ONLY___ 

2025-01-17 22:04:35,394 INFO     ___FILE_ONLY___   
2025-01-17 22:04:35,394 INFO     ___FILE_ONLY___ serviceName
2025-01-17 22:04:35,394 INFO     ___FILE_ONLY___ :
2025-01-17 22:04:35,394 INFO     ___FILE_ONLY___  
2025-01-17 22:04:35,395 INFO     ___FILE_ONLY___ container.googleapis.com
2025-01-17 22:04:35,395 INFO     ___FILE_ONLY___ 

2025-01-17 22:04:35,395 INFO     ___FILE_ONLY___ receiveTimestamp
2025-01-17 22:04:35,395 INFO     ___FILE_ONLY___ :
2025-01-17 22:04:35,395 INFO     ___FILE_ONLY___  '
2025-01-17 22:04:35,395 INFO     ___FILE_ONLY___ 2025-01-17T12:33:33.131453497Z
2025-01-17 22:04:35,395 INFO     ___FILE_ONLY___ '
2025-01-17 22:04:35,395 INFO     ___FILE_ONLY___ 

2025-01-17 22:04:35,395 INFO     ___FILE_ONLY___ resource
2025-01-17 22:04:35,395 INFO     ___FILE_ONLY___ :
2025-01-17 22:04:35,395 INFO     ___FILE_ONLY___ 

2025-01-17 22:04:35,395 INFO     ___FILE_ONLY___   
2025-01-17 22:04:35,395 INFO     ___FILE_ONLY___ labels
2025-01-17 22:04:35,396 INFO     ___FILE_ONLY___ :
2025-01-17 22:04:35,396 INFO     ___FILE_ONLY___ 

2025-01-17 22:04:35,396 INFO     ___FILE_ONLY___     
2025-01-17 22:04:35,396 INFO     ___FILE_ONLY___ cluster_name
2025-01-17 22:04:35,396 INFO     ___FILE_ONLY___ :
2025-01-17 22:04:35,396 INFO     ___FILE_ONLY___  
2025-01-17 22:04:35,396 INFO     ___FILE_ONLY___ gcp-dr-gke
2025-01-17 22:04:35,396 INFO     ___FILE_ONLY___ 

2025-01-17 22:04:35,397 INFO     ___FILE_ONLY___     
2025-01-17 22:04:35,398 INFO     ___FILE_ONLY___ location
2025-01-17 22:04:35,398 INFO     ___FILE_ONLY___ :
2025-01-17 22:04:35,399 INFO     ___FILE_ONLY___  
2025-01-17 22:04:35,399 INFO     ___FILE_ONLY___ asia-northeast3
2025-01-17 22:04:35,402 INFO     ___FILE_ONLY___ 

2025-01-17 22:04:35,403 INFO     ___FILE_ONLY___     
2025-01-17 22:04:35,403 INFO     ___FILE_ONLY___ project_id
2025-01-17 22:04:35,404 INFO     ___FILE_ONLY___ :
2025-01-17 22:04:35,404 INFO     ___FILE_ONLY___  
2025-01-17 22:04:35,404 INFO     ___FILE_ONLY___ peppy-arcadia-432311-g5
2025-01-17 22:04:35,404 INFO     ___FILE_ONLY___ 

2025-01-17 22:04:35,404 INFO     ___FILE_ONLY___   
2025-01-17 22:04:35,404 INFO     ___FILE_ONLY___ type
2025-01-17 22:04:35,404 INFO     ___FILE_ONLY___ :
2025-01-17 22:04:35,404 INFO     ___FILE_ONLY___  
2025-01-17 22:04:35,404 INFO     ___FILE_ONLY___ gke_cluster
2025-01-17 22:04:35,404 INFO     ___FILE_ONLY___ 

2025-01-17 22:04:35,405 INFO     ___FILE_ONLY___ severity
2025-01-17 22:04:35,405 INFO     ___FILE_ONLY___ :
2025-01-17 22:04:35,405 INFO     ___FILE_ONLY___  
2025-01-17 22:04:35,405 INFO     ___FILE_ONLY___ NOTICE
2025-01-17 22:04:35,405 INFO     ___FILE_ONLY___ 

2025-01-17 22:04:35,406 INFO     ___FILE_ONLY___ timestamp
2025-01-17 22:04:35,406 INFO     ___FILE_ONLY___ :
2025-01-17 22:04:35,406 INFO     ___FILE_ONLY___  '
2025-01-17 22:04:35,406 INFO     ___FILE_ONLY___ 2025-01-17T12:33:32.422845668Z
2025-01-17 22:04:35,406 INFO     ___FILE_ONLY___ '
2025-01-17 22:04:35,406 INFO     ___FILE_ONLY___ 

2025-01-17 22:04:35,409 INFO     ___FILE_ONLY___ ---
2025-01-17 22:04:35,409 INFO     ___FILE_ONLY___ 

2025-01-17 22:04:35,410 INFO     ___FILE_ONLY___ insertId
2025-01-17 22:04:35,410 INFO     ___FILE_ONLY___ :
2025-01-17 22:04:35,410 INFO     ___FILE_ONLY___  
2025-01-17 22:04:35,410 INFO     ___FILE_ONLY___ 8cqbb5dd1yk
2025-01-17 22:04:35,410 INFO     ___FILE_ONLY___ 

2025-01-17 22:04:35,410 INFO     ___FILE_ONLY___ logName
2025-01-17 22:04:35,410 INFO     ___FILE_ONLY___ :
2025-01-17 22:04:35,410 INFO     ___FILE_ONLY___  
2025-01-17 22:04:35,410 INFO     ___FILE_ONLY___ projects/peppy-arcadia-432311-g5/logs/cloudaudit.googleapis.com%2Factivity
2025-01-17 22:04:35,410 INFO     ___FILE_ONLY___ 

2025-01-17 22:04:35,410 INFO     ___FILE_ONLY___ operation
2025-01-17 22:04:35,410 INFO     ___FILE_ONLY___ :
2025-01-17 22:04:35,411 INFO     ___FILE_ONLY___ 

2025-01-17 22:04:35,411 INFO     ___FILE_ONLY___   
2025-01-17 22:04:35,411 INFO     ___FILE_ONLY___ id
2025-01-17 22:04:35,411 INFO     ___FILE_ONLY___ :
2025-01-17 22:04:35,411 INFO     ___FILE_ONLY___  
2025-01-17 22:04:35,411 INFO     ___FILE_ONLY___ operation-1737033385818-6bb73891-b90d-4b7f-95d3-a909f9655b78
2025-01-17 22:04:35,411 INFO     ___FILE_ONLY___ 

2025-01-17 22:04:35,411 INFO     ___FILE_ONLY___   
2025-01-17 22:04:35,411 INFO     ___FILE_ONLY___ last
2025-01-17 22:04:35,411 INFO     ___FILE_ONLY___ :
2025-01-17 22:04:35,411 INFO     ___FILE_ONLY___  
2025-01-17 22:04:35,412 INFO     ___FILE_ONLY___ true
2025-01-17 22:04:35,412 INFO     ___FILE_ONLY___ 

2025-01-17 22:04:35,412 INFO     ___FILE_ONLY___   
2025-01-17 22:04:35,412 INFO     ___FILE_ONLY___ producer
2025-01-17 22:04:35,412 INFO     ___FILE_ONLY___ :
2025-01-17 22:04:35,412 INFO     ___FILE_ONLY___  
2025-01-17 22:04:35,412 INFO     ___FILE_ONLY___ container.googleapis.com
2025-01-17 22:04:35,412 INFO     ___FILE_ONLY___ 

2025-01-17 22:04:35,412 INFO     ___FILE_ONLY___ protoPayload
2025-01-17 22:04:35,412 INFO     ___FILE_ONLY___ :
2025-01-17 22:04:35,413 INFO     ___FILE_ONLY___ 

2025-01-17 22:04:35,413 INFO     ___FILE_ONLY___   
2025-01-17 22:04:35,413 INFO     ___FILE_ONLY___ '
2025-01-17 22:04:35,413 INFO     ___FILE_ONLY___ @type
2025-01-17 22:04:35,413 INFO     ___FILE_ONLY___ '
2025-01-17 22:04:35,413 INFO     ___FILE_ONLY___ :
2025-01-17 22:04:35,413 INFO     ___FILE_ONLY___  
2025-01-17 22:04:35,413 INFO     ___FILE_ONLY___ type.googleapis.com/google.cloud.audit.AuditLog
2025-01-17 22:04:35,413 INFO     ___FILE_ONLY___ 

2025-01-17 22:04:35,413 INFO     ___FILE_ONLY___   
2025-01-17 22:04:35,413 INFO     ___FILE_ONLY___ metadata
2025-01-17 22:04:35,413 INFO     ___FILE_ONLY___ :
2025-01-17 22:04:35,414 INFO     ___FILE_ONLY___ 

2025-01-17 22:04:35,414 INFO     ___FILE_ONLY___     
2025-01-17 22:04:35,414 INFO     ___FILE_ONLY___ operationType
2025-01-17 22:04:35,414 INFO     ___FILE_ONLY___ :
2025-01-17 22:04:35,414 INFO     ___FILE_ONLY___  
2025-01-17 22:04:35,415 INFO     ___FILE_ONLY___ DELETE_CLUSTER
2025-01-17 22:04:35,423 INFO     ___FILE_ONLY___ 

2025-01-17 22:04:35,424 INFO     ___FILE_ONLY___     
2025-01-17 22:04:35,424 INFO     ___FILE_ONLY___ requestID
2025-01-17 22:04:35,424 INFO     ___FILE_ONLY___ :
2025-01-17 22:04:35,424 INFO     ___FILE_ONLY___  '
2025-01-17 22:04:35,424 INFO     ___FILE_ONLY___ 0x19cbc913a2e8259c
2025-01-17 22:04:35,424 INFO     ___FILE_ONLY___ '
2025-01-17 22:04:35,425 INFO     ___FILE_ONLY___ 

2025-01-17 22:04:35,425 INFO     ___FILE_ONLY___   
2025-01-17 22:04:35,425 INFO     ___FILE_ONLY___ methodName
2025-01-17 22:04:35,425 INFO     ___FILE_ONLY___ :
2025-01-17 22:04:35,425 INFO     ___FILE_ONLY___  
2025-01-17 22:04:35,425 INFO     ___FILE_ONLY___ google.container.v1.ClusterManager.DeleteCluster
2025-01-17 22:04:35,425 INFO     ___FILE_ONLY___ 

2025-01-17 22:04:35,425 INFO     ___FILE_ONLY___   
2025-01-17 22:04:35,425 INFO     ___FILE_ONLY___ policyViolationInfo
2025-01-17 22:04:35,426 INFO     ___FILE_ONLY___ :
2025-01-17 22:04:35,426 INFO     ___FILE_ONLY___ 

2025-01-17 22:04:35,426 INFO     ___FILE_ONLY___     
2025-01-17 22:04:35,426 INFO     ___FILE_ONLY___ orgPolicyViolationInfo
2025-01-17 22:04:35,426 INFO     ___FILE_ONLY___ :
2025-01-17 22:04:35,426 INFO     ___FILE_ONLY___  {
2025-01-17 22:04:35,426 INFO     ___FILE_ONLY___ }
2025-01-17 22:04:35,426 INFO     ___FILE_ONLY___ 

2025-01-17 22:04:35,426 INFO     ___FILE_ONLY___   
2025-01-17 22:04:35,426 INFO     ___FILE_ONLY___ resourceLocation
2025-01-17 22:04:35,427 INFO     ___FILE_ONLY___ :
2025-01-17 22:04:35,427 INFO     ___FILE_ONLY___ 

2025-01-17 22:04:35,427 INFO     ___FILE_ONLY___     
2025-01-17 22:04:35,427 INFO     ___FILE_ONLY___ currentLocations
2025-01-17 22:04:35,427 INFO     ___FILE_ONLY___ :
2025-01-17 22:04:35,427 INFO     ___FILE_ONLY___ 

2025-01-17 22:04:35,427 INFO     ___FILE_ONLY___     
2025-01-17 22:04:35,427 INFO     ___FILE_ONLY___ -
2025-01-17 22:04:35,427 INFO     ___FILE_ONLY___  
2025-01-17 22:04:35,427 INFO     ___FILE_ONLY___ asia-northeast3
2025-01-17 22:04:35,427 INFO     ___FILE_ONLY___ 

2025-01-17 22:04:35,427 INFO     ___FILE_ONLY___   
2025-01-17 22:04:35,428 INFO     ___FILE_ONLY___ resourceName
2025-01-17 22:04:35,428 INFO     ___FILE_ONLY___ :
2025-01-17 22:04:35,428 INFO     ___FILE_ONLY___  
2025-01-17 22:04:35,428 INFO     ___FILE_ONLY___ projects/peppy-arcadia-432311-g5/locations/asia-northeast3/clusters/gcp-dr-gke
2025-01-17 22:04:35,428 INFO     ___FILE_ONLY___ 

2025-01-17 22:04:35,428 INFO     ___FILE_ONLY___   
2025-01-17 22:04:35,428 INFO     ___FILE_ONLY___ serviceName
2025-01-17 22:04:35,428 INFO     ___FILE_ONLY___ :
2025-01-17 22:04:35,428 INFO     ___FILE_ONLY___  
2025-01-17 22:04:35,428 INFO     ___FILE_ONLY___ container.googleapis.com
2025-01-17 22:04:35,428 INFO     ___FILE_ONLY___ 

2025-01-17 22:04:35,428 INFO     ___FILE_ONLY___   
2025-01-17 22:04:35,429 INFO     ___FILE_ONLY___ status
2025-01-17 22:04:35,429 INFO     ___FILE_ONLY___ :
2025-01-17 22:04:35,429 INFO     ___FILE_ONLY___  {
2025-01-17 22:04:35,429 INFO     ___FILE_ONLY___ }
2025-01-17 22:04:35,429 INFO     ___FILE_ONLY___ 

2025-01-17 22:04:35,429 INFO     ___FILE_ONLY___ receiveTimestamp
2025-01-17 22:04:35,429 INFO     ___FILE_ONLY___ :
2025-01-17 22:04:35,429 INFO     ___FILE_ONLY___  '
2025-01-17 22:04:35,429 INFO     ___FILE_ONLY___ 2025-01-16T13:20:26.388320410Z
2025-01-17 22:04:35,429 INFO     ___FILE_ONLY___ '
2025-01-17 22:04:35,429 INFO     ___FILE_ONLY___ 

2025-01-17 22:04:35,430 INFO     ___FILE_ONLY___ resource
2025-01-17 22:04:35,430 INFO     ___FILE_ONLY___ :
2025-01-17 22:04:35,430 INFO     ___FILE_ONLY___ 

2025-01-17 22:04:35,430 INFO     ___FILE_ONLY___   
2025-01-17 22:04:35,430 INFO     ___FILE_ONLY___ labels
2025-01-17 22:04:35,430 INFO     ___FILE_ONLY___ :
2025-01-17 22:04:35,430 INFO     ___FILE_ONLY___ 

2025-01-17 22:04:35,430 INFO     ___FILE_ONLY___     
2025-01-17 22:04:35,430 INFO     ___FILE_ONLY___ cluster_name
2025-01-17 22:04:35,430 INFO     ___FILE_ONLY___ :
2025-01-17 22:04:35,430 INFO     ___FILE_ONLY___  
2025-01-17 22:04:35,431 INFO     ___FILE_ONLY___ gcp-dr-gke
2025-01-17 22:04:35,431 INFO     ___FILE_ONLY___ 

2025-01-17 22:04:35,431 INFO     ___FILE_ONLY___     
2025-01-17 22:04:35,431 INFO     ___FILE_ONLY___ location
2025-01-17 22:04:35,431 INFO     ___FILE_ONLY___ :
2025-01-17 22:04:35,431 INFO     ___FILE_ONLY___  
2025-01-17 22:04:35,431 INFO     ___FILE_ONLY___ asia-northeast3
2025-01-17 22:04:35,432 INFO     ___FILE_ONLY___ 

2025-01-17 22:04:35,432 INFO     ___FILE_ONLY___     
2025-01-17 22:04:35,432 INFO     ___FILE_ONLY___ project_id
2025-01-17 22:04:35,432 INFO     ___FILE_ONLY___ :
2025-01-17 22:04:35,432 INFO     ___FILE_ONLY___  
2025-01-17 22:04:35,432 INFO     ___FILE_ONLY___ peppy-arcadia-432311-g5
2025-01-17 22:04:35,432 INFO     ___FILE_ONLY___ 

2025-01-17 22:04:35,432 INFO     ___FILE_ONLY___   
2025-01-17 22:04:35,432 INFO     ___FILE_ONLY___ type
2025-01-17 22:04:35,432 INFO     ___FILE_ONLY___ :
2025-01-17 22:04:35,432 INFO     ___FILE_ONLY___  
2025-01-17 22:04:35,433 INFO     ___FILE_ONLY___ gke_cluster
2025-01-17 22:04:35,433 INFO     ___FILE_ONLY___ 

2025-01-17 22:04:35,433 INFO     ___FILE_ONLY___ severity
2025-01-17 22:04:35,433 INFO     ___FILE_ONLY___ :
2025-01-17 22:04:35,433 INFO     ___FILE_ONLY___  
2025-01-17 22:04:35,433 INFO     ___FILE_ONLY___ NOTICE
2025-01-17 22:04:35,433 INFO     ___FILE_ONLY___ 

2025-01-17 22:04:35,433 INFO     ___FILE_ONLY___ timestamp
2025-01-17 22:04:35,433 INFO     ___FILE_ONLY___ :
2025-01-17 22:04:35,434 INFO     ___FILE_ONLY___  '
2025-01-17 22:04:35,434 INFO     ___FILE_ONLY___ 2025-01-16T13:20:26.043467414Z
2025-01-17 22:04:35,434 INFO     ___FILE_ONLY___ '
2025-01-17 22:04:35,434 INFO     ___FILE_ONLY___ 

2025-01-17 22:04:35,443 INFO     ___FILE_ONLY___ ---
2025-01-17 22:04:35,443 INFO     ___FILE_ONLY___ 

2025-01-17 22:04:35,444 INFO     ___FILE_ONLY___ insertId
2025-01-17 22:04:35,444 INFO     ___FILE_ONLY___ :
2025-01-17 22:04:35,444 INFO     ___FILE_ONLY___  
2025-01-17 22:04:35,444 INFO     ___FILE_ONLY___ 8cqbb5dd0c8
2025-01-17 22:04:35,444 INFO     ___FILE_ONLY___ 

2025-01-17 22:04:35,444 INFO     ___FILE_ONLY___ logName
2025-01-17 22:04:35,444 INFO     ___FILE_ONLY___ :
2025-01-17 22:04:35,444 INFO     ___FILE_ONLY___  
2025-01-17 22:04:35,444 INFO     ___FILE_ONLY___ projects/peppy-arcadia-432311-g5/logs/cloudaudit.googleapis.com%2Factivity
2025-01-17 22:04:35,445 INFO     ___FILE_ONLY___ 

2025-01-17 22:04:35,445 INFO     ___FILE_ONLY___ operation
2025-01-17 22:04:35,445 INFO     ___FILE_ONLY___ :
2025-01-17 22:04:35,445 INFO     ___FILE_ONLY___ 

2025-01-17 22:04:35,445 INFO     ___FILE_ONLY___   
2025-01-17 22:04:35,445 INFO     ___FILE_ONLY___ first
2025-01-17 22:04:35,445 INFO     ___FILE_ONLY___ :
2025-01-17 22:04:35,445 INFO     ___FILE_ONLY___  
2025-01-17 22:04:35,445 INFO     ___FILE_ONLY___ true
2025-01-17 22:04:35,445 INFO     ___FILE_ONLY___ 

2025-01-17 22:04:35,446 INFO     ___FILE_ONLY___   
2025-01-17 22:04:35,446 INFO     ___FILE_ONLY___ id
2025-01-17 22:04:35,446 INFO     ___FILE_ONLY___ :
2025-01-17 22:04:35,446 INFO     ___FILE_ONLY___  
2025-01-17 22:04:35,446 INFO     ___FILE_ONLY___ operation-1737033385818-6bb73891-b90d-4b7f-95d3-a909f9655b78
2025-01-17 22:04:35,446 INFO     ___FILE_ONLY___ 

2025-01-17 22:04:35,446 INFO     ___FILE_ONLY___   
2025-01-17 22:04:35,446 INFO     ___FILE_ONLY___ producer
2025-01-17 22:04:35,446 INFO     ___FILE_ONLY___ :
2025-01-17 22:04:35,446 INFO     ___FILE_ONLY___  
2025-01-17 22:04:35,446 INFO     ___FILE_ONLY___ container.googleapis.com
2025-01-17 22:04:35,447 INFO     ___FILE_ONLY___ 

2025-01-17 22:04:35,447 INFO     ___FILE_ONLY___ protoPayload
2025-01-17 22:04:35,447 INFO     ___FILE_ONLY___ :
2025-01-17 22:04:35,447 INFO     ___FILE_ONLY___ 

2025-01-17 22:04:35,447 INFO     ___FILE_ONLY___   
2025-01-17 22:04:35,447 INFO     ___FILE_ONLY___ '
2025-01-17 22:04:35,447 INFO     ___FILE_ONLY___ @type
2025-01-17 22:04:35,447 INFO     ___FILE_ONLY___ '
2025-01-17 22:04:35,447 INFO     ___FILE_ONLY___ :
2025-01-17 22:04:35,447 INFO     ___FILE_ONLY___  
2025-01-17 22:04:35,447 INFO     ___FILE_ONLY___ type.googleapis.com/google.cloud.audit.AuditLog
2025-01-17 22:04:35,447 INFO     ___FILE_ONLY___ 

2025-01-17 22:04:35,448 INFO     ___FILE_ONLY___   
2025-01-17 22:04:35,448 INFO     ___FILE_ONLY___ authenticationInfo
2025-01-17 22:04:35,448 INFO     ___FILE_ONLY___ :
2025-01-17 22:04:35,448 INFO     ___FILE_ONLY___ 

2025-01-17 22:04:35,448 INFO     ___FILE_ONLY___     
2025-01-17 22:04:35,448 INFO     ___FILE_ONLY___ principalEmail
2025-01-17 22:04:35,448 INFO     ___FILE_ONLY___ :
2025-01-17 22:04:35,448 INFO     ___FILE_ONLY___  
2025-01-17 22:04:35,448 INFO     ___FILE_ONLY___ 1201ljhun@gmail.com
2025-01-17 22:04:35,448 INFO     ___FILE_ONLY___ 

2025-01-17 22:04:35,449 INFO     ___FILE_ONLY___     
2025-01-17 22:04:35,449 INFO     ___FILE_ONLY___ principalSubject
2025-01-17 22:04:35,449 INFO     ___FILE_ONLY___ :
2025-01-17 22:04:35,449 INFO     ___FILE_ONLY___  
2025-01-17 22:04:35,449 INFO     ___FILE_ONLY___ user:1201ljhun@gmail.com
2025-01-17 22:04:35,449 INFO     ___FILE_ONLY___ 

2025-01-17 22:04:35,449 INFO     ___FILE_ONLY___   
2025-01-17 22:04:35,449 INFO     ___FILE_ONLY___ authorizationInfo
2025-01-17 22:04:35,449 INFO     ___FILE_ONLY___ :
2025-01-17 22:04:35,450 INFO     ___FILE_ONLY___ 

2025-01-17 22:04:35,450 INFO     ___FILE_ONLY___   
2025-01-17 22:04:35,450 INFO     ___FILE_ONLY___ -
2025-01-17 22:04:35,450 INFO     ___FILE_ONLY___  
2025-01-17 22:04:35,450 INFO     ___FILE_ONLY___ granted
2025-01-17 22:04:35,450 INFO     ___FILE_ONLY___ :
2025-01-17 22:04:35,450 INFO     ___FILE_ONLY___  
2025-01-17 22:04:35,450 INFO     ___FILE_ONLY___ true
2025-01-17 22:04:35,450 INFO     ___FILE_ONLY___ 

2025-01-17 22:04:35,450 INFO     ___FILE_ONLY___     
2025-01-17 22:04:35,450 INFO     ___FILE_ONLY___ permission
2025-01-17 22:04:35,450 INFO     ___FILE_ONLY___ :
2025-01-17 22:04:35,450 INFO     ___FILE_ONLY___  
2025-01-17 22:04:35,451 INFO     ___FILE_ONLY___ container.clusters.delete
2025-01-17 22:04:35,451 INFO     ___FILE_ONLY___ 

2025-01-17 22:04:35,451 INFO     ___FILE_ONLY___     
2025-01-17 22:04:35,451 INFO     ___FILE_ONLY___ permissionType
2025-01-17 22:04:35,451 INFO     ___FILE_ONLY___ :
2025-01-17 22:04:35,451 INFO     ___FILE_ONLY___  
2025-01-17 22:04:35,451 INFO     ___FILE_ONLY___ ADMIN_WRITE
2025-01-17 22:04:35,451 INFO     ___FILE_ONLY___ 

2025-01-17 22:04:35,451 INFO     ___FILE_ONLY___     
2025-01-17 22:04:35,453 INFO     ___FILE_ONLY___ resource
2025-01-17 22:04:35,454 INFO     ___FILE_ONLY___ :
2025-01-17 22:04:35,454 INFO     ___FILE_ONLY___  
2025-01-17 22:04:35,454 INFO     ___FILE_ONLY___ projects/peppy-arcadia-432311-g5/locations/asia-northeast3/clusters/gcp-dr-gke
2025-01-17 22:04:35,454 INFO     ___FILE_ONLY___ 

2025-01-17 22:04:35,454 INFO     ___FILE_ONLY___     
2025-01-17 22:04:35,454 INFO     ___FILE_ONLY___ resourceAttributes
2025-01-17 22:04:35,455 INFO     ___FILE_ONLY___ :
2025-01-17 22:04:35,455 INFO     ___FILE_ONLY___ 

2025-01-17 22:04:35,455 INFO     ___FILE_ONLY___       
2025-01-17 22:04:35,455 INFO     ___FILE_ONLY___ name
2025-01-17 22:04:35,455 INFO     ___FILE_ONLY___ :
2025-01-17 22:04:35,455 INFO     ___FILE_ONLY___  
2025-01-17 22:04:35,455 INFO     ___FILE_ONLY___ projects/peppy-arcadia-432311-g5/locations/asia-northeast3/clusters/gcp-dr-gke
2025-01-17 22:04:35,455 INFO     ___FILE_ONLY___ 

2025-01-17 22:04:35,456 INFO     ___FILE_ONLY___       
2025-01-17 22:04:35,456 INFO     ___FILE_ONLY___ service
2025-01-17 22:04:35,456 INFO     ___FILE_ONLY___ :
2025-01-17 22:04:35,456 INFO     ___FILE_ONLY___  
2025-01-17 22:04:35,456 INFO     ___FILE_ONLY___ container.googleapis.com
2025-01-17 22:04:35,456 INFO     ___FILE_ONLY___ 

2025-01-17 22:04:35,457 INFO     ___FILE_ONLY___       
2025-01-17 22:04:35,457 INFO     ___FILE_ONLY___ type
2025-01-17 22:04:35,458 INFO     ___FILE_ONLY___ :
2025-01-17 22:04:35,458 INFO     ___FILE_ONLY___  
2025-01-17 22:04:35,459 INFO     ___FILE_ONLY___ container.googleapis.com/Cluster
2025-01-17 22:04:35,459 INFO     ___FILE_ONLY___ 

2025-01-17 22:04:35,459 INFO     ___FILE_ONLY___   
2025-01-17 22:04:35,459 INFO     ___FILE_ONLY___ methodName
2025-01-17 22:04:35,459 INFO     ___FILE_ONLY___ :
2025-01-17 22:04:35,459 INFO     ___FILE_ONLY___  
2025-01-17 22:04:35,459 INFO     ___FILE_ONLY___ google.container.v1.ClusterManager.DeleteCluster
2025-01-17 22:04:35,459 INFO     ___FILE_ONLY___ 

2025-01-17 22:04:35,459 INFO     ___FILE_ONLY___   
2025-01-17 22:04:35,459 INFO     ___FILE_ONLY___ policyViolationInfo
2025-01-17 22:04:35,460 INFO     ___FILE_ONLY___ :
2025-01-17 22:04:35,460 INFO     ___FILE_ONLY___ 

2025-01-17 22:04:35,460 INFO     ___FILE_ONLY___     
2025-01-17 22:04:35,460 INFO     ___FILE_ONLY___ orgPolicyViolationInfo
2025-01-17 22:04:35,460 INFO     ___FILE_ONLY___ :
2025-01-17 22:04:35,461 INFO     ___FILE_ONLY___  {
2025-01-17 22:04:35,461 INFO     ___FILE_ONLY___ }
2025-01-17 22:04:35,461 INFO     ___FILE_ONLY___ 

2025-01-17 22:04:35,461 INFO     ___FILE_ONLY___   
2025-01-17 22:04:35,461 INFO     ___FILE_ONLY___ request
2025-01-17 22:04:35,461 INFO     ___FILE_ONLY___ :
2025-01-17 22:04:35,461 INFO     ___FILE_ONLY___ 

2025-01-17 22:04:35,461 INFO     ___FILE_ONLY___     
2025-01-17 22:04:35,461 INFO     ___FILE_ONLY___ '
2025-01-17 22:04:35,461 INFO     ___FILE_ONLY___ @type
2025-01-17 22:04:35,461 INFO     ___FILE_ONLY___ '
2025-01-17 22:04:35,461 INFO     ___FILE_ONLY___ :
2025-01-17 22:04:35,462 INFO     ___FILE_ONLY___  
2025-01-17 22:04:35,462 INFO     ___FILE_ONLY___ type.googleapis.com/google.container.v1alpha1.DeleteClusterRequest
2025-01-17 22:04:35,462 INFO     ___FILE_ONLY___ 

2025-01-17 22:04:35,462 INFO     ___FILE_ONLY___     
2025-01-17 22:04:35,462 INFO     ___FILE_ONLY___ name
2025-01-17 22:04:35,462 INFO     ___FILE_ONLY___ :
2025-01-17 22:04:35,462 INFO     ___FILE_ONLY___  
2025-01-17 22:04:35,462 INFO     ___FILE_ONLY___ projects/peppy-arcadia-432311-g5/locations/asia-northeast3/clusters/gcp-dr-gke
2025-01-17 22:04:35,462 INFO     ___FILE_ONLY___ 

2025-01-17 22:04:35,462 INFO     ___FILE_ONLY___   
2025-01-17 22:04:35,462 INFO     ___FILE_ONLY___ requestMetadata
2025-01-17 22:04:35,463 INFO     ___FILE_ONLY___ :
2025-01-17 22:04:35,463 INFO     ___FILE_ONLY___ 

2025-01-17 22:04:35,463 INFO     ___FILE_ONLY___     
2025-01-17 22:04:35,463 INFO     ___FILE_ONLY___ callerIp
2025-01-17 22:04:35,463 INFO     ___FILE_ONLY___ :
2025-01-17 22:04:35,463 INFO     ___FILE_ONLY___  
2025-01-17 22:04:35,463 INFO     ___FILE_ONLY___ 61.105.41.176
2025-01-17 22:04:35,463 INFO     ___FILE_ONLY___ 

2025-01-17 22:04:35,463 INFO     ___FILE_ONLY___     
2025-01-17 22:04:35,463 INFO     ___FILE_ONLY___ callerSuppliedUserAgent
2025-01-17 22:04:35,463 INFO     ___FILE_ONLY___ :
2025-01-17 22:04:35,464 INFO     ___FILE_ONLY___  
2025-01-17 22:04:35,464 INFO     ___FILE_ONLY___ google-api-go-client/0.5
2025-01-17 22:04:35,464 INFO     ___FILE_ONLY___  
2025-01-17 22:04:35,464 INFO     ___FILE_ONLY___ Terraform/1.5.7
2025-01-17 22:04:35,464 INFO     ___FILE_ONLY___  
2025-01-17 22:04:35,464 INFO     ___FILE_ONLY___ (+https://www.terraform.io)
2025-01-17 22:04:35,464 INFO     ___FILE_ONLY___ 

2025-01-17 22:04:35,464 INFO     ___FILE_ONLY___       
2025-01-17 22:04:35,464 INFO     ___FILE_ONLY___ Terraform-Plugin-SDK/2.33.0
2025-01-17 22:04:35,464 INFO     ___FILE_ONLY___  
2025-01-17 22:04:35,464 INFO     ___FILE_ONLY___ terraform-provider-google/6.16.0,gzip(gfe)
2025-01-17 22:04:35,464 INFO     ___FILE_ONLY___ 

2025-01-17 22:04:35,464 INFO     ___FILE_ONLY___     
2025-01-17 22:04:35,464 INFO     ___FILE_ONLY___ destinationAttributes
2025-01-17 22:04:35,464 INFO     ___FILE_ONLY___ :
2025-01-17 22:04:35,464 INFO     ___FILE_ONLY___  {
2025-01-17 22:04:35,464 INFO     ___FILE_ONLY___ }
2025-01-17 22:04:35,464 INFO     ___FILE_ONLY___ 

2025-01-17 22:04:35,465 INFO     ___FILE_ONLY___     
2025-01-17 22:04:35,465 INFO     ___FILE_ONLY___ requestAttributes
2025-01-17 22:04:35,465 INFO     ___FILE_ONLY___ :
2025-01-17 22:04:35,465 INFO     ___FILE_ONLY___  {
2025-01-17 22:04:35,465 INFO     ___FILE_ONLY___ }
2025-01-17 22:04:35,465 INFO     ___FILE_ONLY___ 

2025-01-17 22:04:35,465 INFO     ___FILE_ONLY___   
2025-01-17 22:04:35,465 INFO     ___FILE_ONLY___ resourceLocation
2025-01-17 22:04:35,465 INFO     ___FILE_ONLY___ :
2025-01-17 22:04:35,465 INFO     ___FILE_ONLY___ 

2025-01-17 22:04:35,465 INFO     ___FILE_ONLY___     
2025-01-17 22:04:35,465 INFO     ___FILE_ONLY___ currentLocations
2025-01-17 22:04:35,466 INFO     ___FILE_ONLY___ :
2025-01-17 22:04:35,466 INFO     ___FILE_ONLY___ 

2025-01-17 22:04:35,466 INFO     ___FILE_ONLY___     
2025-01-17 22:04:35,466 INFO     ___FILE_ONLY___ -
2025-01-17 22:04:35,466 INFO     ___FILE_ONLY___  
2025-01-17 22:04:35,466 INFO     ___FILE_ONLY___ asia-northeast3
2025-01-17 22:04:35,466 INFO     ___FILE_ONLY___ 

2025-01-17 22:04:35,466 INFO     ___FILE_ONLY___   
2025-01-17 22:04:35,466 INFO     ___FILE_ONLY___ resourceName
2025-01-17 22:04:35,466 INFO     ___FILE_ONLY___ :
2025-01-17 22:04:35,466 INFO     ___FILE_ONLY___  
2025-01-17 22:04:35,466 INFO     ___FILE_ONLY___ projects/peppy-arcadia-432311-g5/locations/asia-northeast3/clusters/gcp-dr-gke
2025-01-17 22:04:35,466 INFO     ___FILE_ONLY___ 

2025-01-17 22:04:35,467 INFO     ___FILE_ONLY___   
2025-01-17 22:04:35,467 INFO     ___FILE_ONLY___ response
2025-01-17 22:04:35,467 INFO     ___FILE_ONLY___ :
2025-01-17 22:04:35,467 INFO     ___FILE_ONLY___ 

2025-01-17 22:04:35,467 INFO     ___FILE_ONLY___     
2025-01-17 22:04:35,467 INFO     ___FILE_ONLY___ '
2025-01-17 22:04:35,467 INFO     ___FILE_ONLY___ @type
2025-01-17 22:04:35,467 INFO     ___FILE_ONLY___ '
2025-01-17 22:04:35,467 INFO     ___FILE_ONLY___ :
2025-01-17 22:04:35,467 INFO     ___FILE_ONLY___  
2025-01-17 22:04:35,467 INFO     ___FILE_ONLY___ type.googleapis.com/google.container.v1alpha1.Operation
2025-01-17 22:04:35,467 INFO     ___FILE_ONLY___ 

2025-01-17 22:04:35,467 INFO     ___FILE_ONLY___     
2025-01-17 22:04:35,468 INFO     ___FILE_ONLY___ name
2025-01-17 22:04:35,468 INFO     ___FILE_ONLY___ :
2025-01-17 22:04:35,468 INFO     ___FILE_ONLY___  
2025-01-17 22:04:35,468 INFO     ___FILE_ONLY___ operation-1737033385818-6bb73891-b90d-4b7f-95d3-a909f9655b78
2025-01-17 22:04:35,468 INFO     ___FILE_ONLY___ 

2025-01-17 22:04:35,468 INFO     ___FILE_ONLY___     
2025-01-17 22:04:35,468 INFO     ___FILE_ONLY___ operationType
2025-01-17 22:04:35,468 INFO     ___FILE_ONLY___ :
2025-01-17 22:04:35,468 INFO     ___FILE_ONLY___  
2025-01-17 22:04:35,468 INFO     ___FILE_ONLY___ DELETE_CLUSTER
2025-01-17 22:04:35,468 INFO     ___FILE_ONLY___ 

2025-01-17 22:04:35,468 INFO     ___FILE_ONLY___     
2025-01-17 22:04:35,468 INFO     ___FILE_ONLY___ selfLink
2025-01-17 22:04:35,469 INFO     ___FILE_ONLY___ :
2025-01-17 22:04:35,469 INFO     ___FILE_ONLY___  
2025-01-17 22:04:35,469 INFO     ___FILE_ONLY___ https://container.googleapis.com/v1alpha1/projects/134982172036/locations/asia-northeast3/operations/operation-1737033385818-6bb73891-b90d-4b7f-95d3-a909f9655b78
2025-01-17 22:04:35,469 INFO     ___FILE_ONLY___ 

2025-01-17 22:04:35,469 INFO     ___FILE_ONLY___     
2025-01-17 22:04:35,469 INFO     ___FILE_ONLY___ startTime
2025-01-17 22:04:35,469 INFO     ___FILE_ONLY___ :
2025-01-17 22:04:35,469 INFO     ___FILE_ONLY___  '
2025-01-17 22:04:35,469 INFO     ___FILE_ONLY___ 2025-01-16T13:16:25.818140288Z
2025-01-17 22:04:35,469 INFO     ___FILE_ONLY___ '
2025-01-17 22:04:35,469 INFO     ___FILE_ONLY___ 

2025-01-17 22:04:35,469 INFO     ___FILE_ONLY___     
2025-01-17 22:04:35,470 INFO     ___FILE_ONLY___ status
2025-01-17 22:04:35,470 INFO     ___FILE_ONLY___ :
2025-01-17 22:04:35,470 INFO     ___FILE_ONLY___  
2025-01-17 22:04:35,470 INFO     ___FILE_ONLY___ RUNNING
2025-01-17 22:04:35,470 INFO     ___FILE_ONLY___ 

2025-01-17 22:04:35,470 INFO     ___FILE_ONLY___     
2025-01-17 22:04:35,470 INFO     ___FILE_ONLY___ targetLink
2025-01-17 22:04:35,470 INFO     ___FILE_ONLY___ :
2025-01-17 22:04:35,470 INFO     ___FILE_ONLY___  
2025-01-17 22:04:35,470 INFO     ___FILE_ONLY___ https://container.googleapis.com/v1alpha1/projects/134982172036/locations/asia-northeast3/clusters/gcp-dr-gke
2025-01-17 22:04:35,470 INFO     ___FILE_ONLY___ 

2025-01-17 22:04:35,470 INFO     ___FILE_ONLY___   
2025-01-17 22:04:35,471 INFO     ___FILE_ONLY___ serviceName
2025-01-17 22:04:35,471 INFO     ___FILE_ONLY___ :
2025-01-17 22:04:35,471 INFO     ___FILE_ONLY___  
2025-01-17 22:04:35,471 INFO     ___FILE_ONLY___ container.googleapis.com
2025-01-17 22:04:35,471 INFO     ___FILE_ONLY___ 

2025-01-17 22:04:35,471 INFO     ___FILE_ONLY___ receiveTimestamp
2025-01-17 22:04:35,471 INFO     ___FILE_ONLY___ :
2025-01-17 22:04:35,471 INFO     ___FILE_ONLY___  '
2025-01-17 22:04:35,471 INFO     ___FILE_ONLY___ 2025-01-16T13:16:26.368393475Z
2025-01-17 22:04:35,471 INFO     ___FILE_ONLY___ '
2025-01-17 22:04:35,472 INFO     ___FILE_ONLY___ 

2025-01-17 22:04:35,472 INFO     ___FILE_ONLY___ resource
2025-01-17 22:04:35,472 INFO     ___FILE_ONLY___ :
2025-01-17 22:04:35,472 INFO     ___FILE_ONLY___ 

2025-01-17 22:04:35,472 INFO     ___FILE_ONLY___   
2025-01-17 22:04:35,472 INFO     ___FILE_ONLY___ labels
2025-01-17 22:04:35,472 INFO     ___FILE_ONLY___ :
2025-01-17 22:04:35,472 INFO     ___FILE_ONLY___ 

2025-01-17 22:04:35,472 INFO     ___FILE_ONLY___     
2025-01-17 22:04:35,472 INFO     ___FILE_ONLY___ cluster_name
2025-01-17 22:04:35,472 INFO     ___FILE_ONLY___ :
2025-01-17 22:04:35,472 INFO     ___FILE_ONLY___  
2025-01-17 22:04:35,472 INFO     ___FILE_ONLY___ gcp-dr-gke
2025-01-17 22:04:35,473 INFO     ___FILE_ONLY___ 

2025-01-17 22:04:35,473 INFO     ___FILE_ONLY___     
2025-01-17 22:04:35,473 INFO     ___FILE_ONLY___ location
2025-01-17 22:04:35,473 INFO     ___FILE_ONLY___ :
2025-01-17 22:04:35,473 INFO     ___FILE_ONLY___  
2025-01-17 22:04:35,473 INFO     ___FILE_ONLY___ asia-northeast3
2025-01-17 22:04:35,473 INFO     ___FILE_ONLY___ 

2025-01-17 22:04:35,473 INFO     ___FILE_ONLY___     
2025-01-17 22:04:35,473 INFO     ___FILE_ONLY___ project_id
2025-01-17 22:04:35,473 INFO     ___FILE_ONLY___ :
2025-01-17 22:04:35,473 INFO     ___FILE_ONLY___  
2025-01-17 22:04:35,474 INFO     ___FILE_ONLY___ peppy-arcadia-432311-g5
2025-01-17 22:04:35,474 INFO     ___FILE_ONLY___ 

2025-01-17 22:04:35,474 INFO     ___FILE_ONLY___   
2025-01-17 22:04:35,474 INFO     ___FILE_ONLY___ type
2025-01-17 22:04:35,474 INFO     ___FILE_ONLY___ :
2025-01-17 22:04:35,474 INFO     ___FILE_ONLY___  
2025-01-17 22:04:35,474 INFO     ___FILE_ONLY___ gke_cluster
2025-01-17 22:04:35,474 INFO     ___FILE_ONLY___ 

2025-01-17 22:04:35,475 INFO     ___FILE_ONLY___ severity
2025-01-17 22:04:35,475 INFO     ___FILE_ONLY___ :
2025-01-17 22:04:35,475 INFO     ___FILE_ONLY___  
2025-01-17 22:04:35,475 INFO     ___FILE_ONLY___ NOTICE
2025-01-17 22:04:35,475 INFO     ___FILE_ONLY___ 

2025-01-17 22:04:35,475 INFO     ___FILE_ONLY___ timestamp
2025-01-17 22:04:35,475 INFO     ___FILE_ONLY___ :
2025-01-17 22:04:35,475 INFO     ___FILE_ONLY___  '
2025-01-17 22:04:35,475 INFO     ___FILE_ONLY___ 2025-01-16T13:16:25.878758081Z
2025-01-17 22:04:35,475 INFO     ___FILE_ONLY___ '
2025-01-17 22:04:35,476 INFO     ___FILE_ONLY___ 

2025-01-17 22:04:35,478 DEBUG    root            SDK update checks are disabled.
