2025-01-17 22:00:35,582 DEBUG    root            Loaded Command Group: ['gcloud', 'container', 'clusters']
2025-01-17 22:00:35,596 DEBUG    root            Loaded Command Group: ['gcloud', 'container', 'clusters', 'list']
2025-01-17 22:00:35,676 DEBUG    root            Running [gcloud.container.clusters.list] with arguments: [--project: "peppy-arcadia-432311-g5"]
2025-01-17 22:00:35,681 DEBUG    urllib3.connectionpool Starting new HTTPS connection (1): container.googleapis.com:443
2025-01-17 22:00:36,335 DEBUG    urllib3.connectionpool https://container.googleapis.com:443 "GET /v1/projects/peppy-arcadia-432311-g5/locations/-/clusters?alt=json HTTP/1.1" 200 None
2025-01-17 22:00:36,345 DEBUG    root            Chosen display Format:
    table(
        name,
        zone:label=LOCATION,
        master_version():label=MASTER_VERSION,
        endpoint:label=MASTER_IP,
        nodePools[0].config.machineType,
        currentNodeVersion:label=NODE_VERSION,
        firstof(currentNodeCount,initialNodeCount):label=NUM_NODES,
        status
    )

2025-01-17 22:00:36,346 INFO     root            Display format: "
    table(
        name,
        zone:label=LOCATION,
        master_version():label=MASTER_VERSION,
        endpoint:label=MASTER_IP,
        nodePools[0].config.machineType,
        currentNodeVersion:label=NODE_VERSION,
        firstof(currentNodeCount,initialNodeCount):label=NUM_NODES,
        status
    )
"
2025-01-17 22:00:36,377 INFO     ___FILE_ONLY___ NAME
2025-01-17 22:00:36,377 INFO     ___FILE_ONLY___         
2025-01-17 22:00:36,377 INFO     ___FILE_ONLY___ LOCATION
2025-01-17 22:00:36,377 INFO     ___FILE_ONLY___          
2025-01-17 22:00:36,377 INFO     ___FILE_ONLY___ MASTER_VERSION
2025-01-17 22:00:36,377 INFO     ___FILE_ONLY___       
2025-01-17 22:00:36,377 INFO     ___FILE_ONLY___ MASTER_IP
2025-01-17 22:00:36,377 INFO     ___FILE_ONLY___      
2025-01-17 22:00:36,378 INFO     ___FILE_ONLY___ MACHINE_TYPE
2025-01-17 22:00:36,378 INFO     ___FILE_ONLY___   
2025-01-17 22:00:36,378 INFO     ___FILE_ONLY___ NODE_VERSION
2025-01-17 22:00:36,378 INFO     ___FILE_ONLY___         
2025-01-17 22:00:36,378 INFO     ___FILE_ONLY___ NUM_NODES
2025-01-17 22:00:36,378 INFO     ___FILE_ONLY___   
2025-01-17 22:00:36,378 INFO     ___FILE_ONLY___ STATUS
2025-01-17 22:00:36,378 INFO     ___FILE_ONLY___ 

2025-01-17 22:00:36,378 INFO     ___FILE_ONLY___ gcp-dr-gke
2025-01-17 22:00:36,378 INFO     ___FILE_ONLY___   
2025-01-17 22:00:36,378 INFO     ___FILE_ONLY___ asia-northeast3
2025-01-17 22:00:36,378 INFO     ___FILE_ONLY___   
2025-01-17 22:00:36,378 INFO     ___FILE_ONLY___ 1.30.8-gke.1051000
2025-01-17 22:00:36,378 INFO     ___FILE_ONLY___   
2025-01-17 22:00:36,378 INFO     ___FILE_ONLY___ 34.64.47.118
2025-01-17 22:00:36,378 INFO     ___FILE_ONLY___   
2025-01-17 22:00:36,378 INFO     ___FILE_ONLY___ e2-medium
2025-01-17 22:00:36,378 INFO     ___FILE_ONLY___      
2025-01-17 22:00:36,378 INFO     ___FILE_ONLY___ 1.30.8-gke.1051000
2025-01-17 22:00:36,378 INFO     ___FILE_ONLY___   
2025-01-17 22:00:36,378 INFO     ___FILE_ONLY___ 4
2025-01-17 22:00:36,379 INFO     ___FILE_ONLY___           
2025-01-17 22:00:36,379 INFO     ___FILE_ONLY___ RECONCILING
2025-01-17 22:00:36,379 INFO     ___FILE_ONLY___ 

2025-01-17 22:00:36,379 DEBUG    root            SDK update checks are disabled.
