2025-01-17 22:02:56,805 DEBUG    root            Loaded Command Group: ['gcloud', 'container', 'clusters']
2025-01-17 22:02:56,808 DEBUG    root            Loaded Command Group: ['gcloud', 'container', 'clusters', 'list']
2025-01-17 22:02:56,829 DEBUG    google.auth.transport.requests Making request: POST https://oauth2.googleapis.com/token
2025-01-17 22:02:56,831 DEBUG    urllib3.connectionpool Starting new HTTPS connection (1): oauth2.googleapis.com:443
2025-01-17 22:02:57,226 DEBUG    urllib3.connectionpool https://oauth2.googleapis.com:443 "POST /token HTTP/1.1" 200 None
2025-01-17 22:02:57,292 DEBUG    root            Running [gcloud.container.clusters.list] with arguments: [--project: "peppy-arcadia-432311-g5"]
2025-01-17 22:02:57,295 DEBUG    urllib3.connectionpool Starting new HTTPS connection (1): container.googleapis.com:443
2025-01-17 22:02:57,900 DEBUG    urllib3.connectionpool https://container.googleapis.com:443 "GET /v1/projects/peppy-arcadia-432311-g5/locations/-/clusters?alt=json HTTP/1.1" 200 None
2025-01-17 22:02:57,920 DEBUG    root            Chosen display Format:
    table(
        name,
        zone:label=LOCATION,
        master_version():label=MASTER_VERSION,
        endpoint:label=MASTER_IP,
        nodePools[0].config.machineType,
        currentNodeVersion:label=NODE_VERSION,
        firstof(currentNodeCount,initialNodeCount):label=NUM_NODES,
        status
    )

2025-01-17 22:02:57,922 INFO     root            Display format: "
    table(
        name,
        zone:label=LOCATION,
        master_version():label=MASTER_VERSION,
        endpoint:label=MASTER_IP,
        nodePools[0].config.machineType,
        currentNodeVersion:label=NODE_VERSION,
        firstof(currentNodeCount,initialNodeCount):label=NUM_NODES,
        status
    )
"
2025-01-17 22:02:57,947 INFO     ___FILE_ONLY___ NAME
2025-01-17 22:02:57,947 INFO     ___FILE_ONLY___         
2025-01-17 22:02:57,948 INFO     ___FILE_ONLY___ LOCATION
2025-01-17 22:02:57,948 INFO     ___FILE_ONLY___          
2025-01-17 22:02:57,948 INFO     ___FILE_ONLY___ MASTER_VERSION
2025-01-17 22:02:57,948 INFO     ___FILE_ONLY___       
2025-01-17 22:02:57,948 INFO     ___FILE_ONLY___ MASTER_IP
2025-01-17 22:02:57,948 INFO     ___FILE_ONLY___      
2025-01-17 22:02:57,948 INFO     ___FILE_ONLY___ MACHINE_TYPE
2025-01-17 22:02:57,948 INFO     ___FILE_ONLY___   
2025-01-17 22:02:57,948 INFO     ___FILE_ONLY___ NODE_VERSION
2025-01-17 22:02:57,948 INFO     ___FILE_ONLY___         
2025-01-17 22:02:57,948 INFO     ___FILE_ONLY___ NUM_NODES
2025-01-17 22:02:57,948 INFO     ___FILE_ONLY___   
2025-01-17 22:02:57,948 INFO     ___FILE_ONLY___ STATUS
2025-01-17 22:02:57,948 INFO     ___FILE_ONLY___ 

2025-01-17 22:02:57,948 INFO     ___FILE_ONLY___ gcp-dr-gke
2025-01-17 22:02:57,948 INFO     ___FILE_ONLY___   
2025-01-17 22:02:57,948 INFO     ___FILE_ONLY___ asia-northeast3
2025-01-17 22:02:57,948 INFO     ___FILE_ONLY___   
2025-01-17 22:02:57,948 INFO     ___FILE_ONLY___ 1.30.8-gke.1051000
2025-01-17 22:02:57,949 INFO     ___FILE_ONLY___   
2025-01-17 22:02:57,949 INFO     ___FILE_ONLY___ 34.64.47.118
2025-01-17 22:02:57,949 INFO     ___FILE_ONLY___   
2025-01-17 22:02:57,949 INFO     ___FILE_ONLY___ e2-medium
2025-01-17 22:02:57,949 INFO     ___FILE_ONLY___      
2025-01-17 22:02:57,949 INFO     ___FILE_ONLY___ 1.30.8-gke.1051000
2025-01-17 22:02:57,949 INFO     ___FILE_ONLY___   
2025-01-17 22:02:57,949 INFO     ___FILE_ONLY___ 4
2025-01-17 22:02:57,949 INFO     ___FILE_ONLY___           
2025-01-17 22:02:57,949 INFO     ___FILE_ONLY___ RECONCILING
2025-01-17 22:02:57,949 INFO     ___FILE_ONLY___ 

2025-01-17 22:02:57,949 DEBUG    root            SDK update checks are disabled.
