2025-01-17 22:10:30,889 DEBUG    root            Loaded Command Group: ['gcloud', 'container', 'operations']
2025-01-17 22:10:30,891 DEBUG    root            Loaded Command Group: ['gcloud', 'container', 'operations', 'describe']
2025-01-17 22:10:30,946 DEBUG    root            Running [gcloud.container.operations.describe] with arguments: [--project: "peppy-arcadia-432311-g5", --region: "asia-northeast3", OPERATION_ID: "operation-1737118674879-256a4484-831f-44c2-b22c-9031d8f761ac"]
2025-01-17 22:10:30,950 DEBUG    urllib3.connectionpool Starting new HTTPS connection (1): container.googleapis.com:443
2025-01-17 22:10:31,245 DEBUG    urllib3.connectionpool https://container.googleapis.com:443 "GET /v1/projects/peppy-arcadia-432311-g5/locations/asia-northeast3/operations/operation-1737118674879-256a4484-831f-44c2-b22c-9031d8f761ac?alt=json HTTP/1.1" 200 None
2025-01-17 22:10:31,249 DEBUG    root            Chosen display Format:default
2025-01-17 22:10:31,250 INFO     root            Display format: "default"
2025-01-17 22:10:31,268 INFO     ___FILE_ONLY___ name
2025-01-17 22:10:31,269 INFO     ___FILE_ONLY___ :
2025-01-17 22:10:31,269 INFO     ___FILE_ONLY___  
2025-01-17 22:10:31,269 INFO     ___FILE_ONLY___ operation-1737118674879-256a4484-831f-44c2-b22c-9031d8f761ac
2025-01-17 22:10:31,269 INFO     ___FILE_ONLY___ 

2025-01-17 22:10:31,269 INFO     ___FILE_ONLY___ operationType
2025-01-17 22:10:31,269 INFO     ___FILE_ONLY___ :
2025-01-17 22:10:31,269 INFO     ___FILE_ONLY___  
2025-01-17 22:10:31,269 INFO     ___FILE_ONLY___ RESIZE_CLUSTER
2025-01-17 22:10:31,270 INFO     ___FILE_ONLY___ 

2025-01-17 22:10:31,270 INFO     ___FILE_ONLY___ selfLink
2025-01-17 22:10:31,270 INFO     ___FILE_ONLY___ :
2025-01-17 22:10:31,270 INFO     ___FILE_ONLY___  
2025-01-17 22:10:31,270 INFO     ___FILE_ONLY___ https://container.googleapis.com/v1/projects/134982172036/locations/asia-northeast3/operations/operation-1737118674879-256a4484-831f-44c2-b22c-9031d8f761ac
2025-01-17 22:10:31,270 INFO     ___FILE_ONLY___ 

2025-01-17 22:10:31,271 INFO     ___FILE_ONLY___ startTime
2025-01-17 22:10:31,272 INFO     ___FILE_ONLY___ :
2025-01-17 22:10:31,272 INFO     ___FILE_ONLY___  '
2025-01-17 22:10:31,272 INFO     ___FILE_ONLY___ 2025-01-17T12:57:54.879140121Z
2025-01-17 22:10:31,272 INFO     ___FILE_ONLY___ '
2025-01-17 22:10:31,272 INFO     ___FILE_ONLY___ 

2025-01-17 22:10:31,272 INFO     ___FILE_ONLY___ status
2025-01-17 22:10:31,273 INFO     ___FILE_ONLY___ :
2025-01-17 22:10:31,273 INFO     ___FILE_ONLY___  
2025-01-17 22:10:31,273 INFO     ___FILE_ONLY___ RUNNING
2025-01-17 22:10:31,273 INFO     ___FILE_ONLY___ 

2025-01-17 22:10:31,273 INFO     ___FILE_ONLY___ targetLink
2025-01-17 22:10:31,273 INFO     ___FILE_ONLY___ :
2025-01-17 22:10:31,274 INFO     ___FILE_ONLY___  
2025-01-17 22:10:31,274 INFO     ___FILE_ONLY___ https://container.googleapis.com/v1/projects/134982172036/locations/asia-northeast3/clusters/gcp-dr-gke
2025-01-17 22:10:31,274 INFO     ___FILE_ONLY___ 

2025-01-17 22:10:31,274 INFO     ___FILE_ONLY___ zone
2025-01-17 22:10:31,274 INFO     ___FILE_ONLY___ :
2025-01-17 22:10:31,274 INFO     ___FILE_ONLY___  
2025-01-17 22:10:31,274 INFO     ___FILE_ONLY___ asia-northeast3
2025-01-17 22:10:31,274 INFO     ___FILE_ONLY___ 

2025-01-17 22:10:31,275 DEBUG    root            SDK update checks are disabled.
