2025-02-17 18:10:47,623 DEBUG    root            Loaded Command Group: ['gcloud', 'config']
2025-02-17 18:10:47,630 DEBUG    root            Loaded Command Group: ['gcloud', 'config', 'config_helper']
2025-02-17 18:10:47,633 DEBUG    root            Running [gcloud.config.config-helper] with arguments: [--format: "json"]
2025-02-17 18:10:47,654 DEBUG    root            Chosen display Format:default json
2025-02-17 18:10:47,655 INFO     root            Display format: "default json"
2025-02-17 18:10:47,681 INFO     ___FILE_ONLY___ {
  "configuration": {
    "active_configuration": "default",
    "properties": {
      "core": {
        "account": "1201ljhun@gmail.com",
        "disable_usage_reporting": "True",
        "project": "peppy-arcadia-432311-g5"
      }
    }
  },
  "credential": {
    "access_token": "ya29.a0AXeO80TZFnAVU_WjImJuuS2q-KwvuUdTEFOfSK7ugjTKK85HVzm5rcRkdqjSs637Nmh-twH_w9zTATfoLqSWVpbH6RftH-Bmu4Rj82IZM-3hHBwpfy6rhz6BL8llw1wV42ymQDqYewotxxrjCWI8K8g_8sIuH15LJwwFR3G-NsgepN5WaCgYKAfISARISFQHGX2MisBkfbf0-DMMgUQqd_diRYw0183",
    "id_token": "eyJhbGciOiJSUzI1NiIsImtpZCI6IjVkMTJhYjc4MmNiNjA5NjI4NWY2OWU0OGFlYTk5MDc5YmI1OWNiODYiLCJ0eXAiOiJKV1QifQ.eyJpc3MiOiJodHRwczovL2FjY291bnRzLmdvb2dsZS5jb20iLCJhenAiOiIzMjU1NTk0MDU1OS5hcHBzLmdvb2dsZXVzZXJjb250ZW50LmNvbSIsImF1ZCI6IjMyNTU1OTQwNTU5LmFwcHMuZ29vZ2xldXNlcmNvbnRlbnQuY29tIiwic3ViIjoiMTA1MDk2MzU3NDMwMjQzNjQxMTQxIiwiZW1haWwiOiIxMjAxbGpodW5AZ21haWwuY29tIiwiZW1haWxfdmVyaWZpZWQiOnRydWUsImF0X2hhc2giOiJIdVZVTFRLU1pRQUYxNHBRMC16Tmt3IiwiaWF0IjoxNzM5NzgxMTQ2LCJleHAiOjE3Mzk3ODQ3NDZ9.ITqT2EQN9CoGscjUuwkTzWcA6B63gu4EC_-5G_gT07Fgp-6z-96y0a_E30OiAlUcScXECKsO67NjjkVpoj0JqY3H1w2XCLllWcVANtJDF8l-hVeY4NbA3VTC520VjLO-yjGj1R_CDM4-FlIROKaNEIJRCbi-v7ePO5G1gjPTS8ZnaEwzaYpfGCiaKomcfBQ4STTlUOIQ9v6Gld0s8OgK__SzEbmr0e26iFRHEg7QVDTe_CxuHsiqSO_iSiashw1RwSvshKDv4ZnfdV_nTjqOLMq73X-0C6nCaBYieogL2gb3MzjgE05U-dDDffTXdzHlfHa9B2dWNE2GzeMOqadn7A",
    "token_expiry": "2025-02-17T09:32:25Z"
  },
  "sentinels": {
    "config_sentinel": "/home/ubuntu/.config/gcloud/config_sentinel"
  }
}
2025-02-17 18:10:47,681 INFO     ___FILE_ONLY___ 

2025-02-17 18:10:47,682 DEBUG    root            SDK update checks are disabled.
