2025-02-13 02:10:17,989 DEBUG    root            Loaded Command Group: ['gcloud', 'container', 'node_pools']
2025-02-13 02:10:17,991 DEBUG    root            Loaded Command Group: ['gcloud', 'container', 'node-pools', 'delete']
2025-02-13 02:10:18,037 DEBUG    google.auth.transport.requests Making request: POST https://oauth2.googleapis.com/token
2025-02-13 02:10:18,040 DEBUG    urllib3.connectionpool Starting new HTTPS connection (1): oauth2.googleapis.com:443
2025-02-13 02:10:18,357 DEBUG    urllib3.connectionpool https://oauth2.googleapis.com:443 "POST /token HTTP/1.1" 200 None
2025-02-13 02:10:18,451 DEBUG    root            Running [gcloud.container.node-pools.delete] with arguments: [--cluster: "gcp-dr-gke", --quiet: "True", --region: "asia-northeast3", NAME: "default-pool"]
2025-02-13 02:10:18,454 DEBUG    urllib3.connectionpool Starting new HTTPS connection (1): container.googleapis.com:443
2025-02-13 02:10:18,648 DEBUG    urllib3.connectionpool https://container.googleapis.com:443 "GET /v1/projects/peppy-arcadia-432311-g5/locations/asia-northeast3/clusters/gcp-dr-gke/nodePools/default-pool?alt=json HTTP/1.1" 200 None
2025-02-13 02:10:18,653 DEBUG    urllib3.connectionpool Starting new HTTPS connection (1): container.googleapis.com:443
2025-02-13 02:10:18,924 DEBUG    urllib3.connectionpool https://container.googleapis.com:443 "DELETE /v1/projects/peppy-arcadia-432311-g5/locations/asia-northeast3/clusters/gcp-dr-gke/nodePools/default-pool?alt=json HTTP/1.1" 200 None
2025-02-13 02:10:18,928 INFO     ___FILE_ONLY___ Deleting node pool default-pool...
2025-02-13 02:10:18,931 DEBUG    urllib3.connectionpool Starting new HTTPS connection (1): container.googleapis.com:443
2025-02-13 02:10:19,098 DEBUG    urllib3.connectionpool https://container.googleapis.com:443 "GET /v1/projects/peppy-arcadia-432311-g5/locations/asia-northeast3/operations/operation-1739380218823-088af3d7-4cb5-4f54-9714-0b6dee3f6e90?alt=json HTTP/1.1" 200 None
2025-02-13 02:10:24,105 DEBUG    urllib3.connectionpool Starting new HTTPS connection (1): container.googleapis.com:443
2025-02-13 02:10:24,273 DEBUG    urllib3.connectionpool https://container.googleapis.com:443 "GET /v1/projects/peppy-arcadia-432311-g5/locations/asia-northeast3/operations/operation-1739380218823-088af3d7-4cb5-4f54-9714-0b6dee3f6e90?alt=json HTTP/1.1" 200 None
2025-02-13 02:10:29,281 DEBUG    urllib3.connectionpool Starting new HTTPS connection (1): container.googleapis.com:443
2025-02-13 02:10:29,517 DEBUG    urllib3.connectionpool https://container.googleapis.com:443 "GET /v1/projects/peppy-arcadia-432311-g5/locations/asia-northeast3/operations/operation-1739380218823-088af3d7-4cb5-4f54-9714-0b6dee3f6e90?alt=json HTTP/1.1" 200 None
2025-02-13 02:10:34,523 DEBUG    urllib3.connectionpool Starting new HTTPS connection (1): container.googleapis.com:443
2025-02-13 02:10:34,741 DEBUG    urllib3.connectionpool https://container.googleapis.com:443 "GET /v1/projects/peppy-arcadia-432311-g5/locations/asia-northeast3/operations/operation-1739380218823-088af3d7-4cb5-4f54-9714-0b6dee3f6e90?alt=json HTTP/1.1" 200 None
2025-02-13 02:10:39,748 DEBUG    urllib3.connectionpool Starting new HTTPS connection (1): container.googleapis.com:443
2025-02-13 02:10:40,009 DEBUG    urllib3.connectionpool https://container.googleapis.com:443 "GET /v1/projects/peppy-arcadia-432311-g5/locations/asia-northeast3/operations/operation-1739380218823-088af3d7-4cb5-4f54-9714-0b6dee3f6e90?alt=json HTTP/1.1" 200 None
2025-02-13 02:10:45,017 DEBUG    urllib3.connectionpool Starting new HTTPS connection (1): container.googleapis.com:443
2025-02-13 02:10:45,241 DEBUG    urllib3.connectionpool https://container.googleapis.com:443 "GET /v1/projects/peppy-arcadia-432311-g5/locations/asia-northeast3/operations/operation-1739380218823-088af3d7-4cb5-4f54-9714-0b6dee3f6e90?alt=json HTTP/1.1" 200 None
2025-02-13 02:10:50,247 DEBUG    urllib3.connectionpool Starting new HTTPS connection (1): container.googleapis.com:443
2025-02-13 02:10:50,411 DEBUG    urllib3.connectionpool https://container.googleapis.com:443 "GET /v1/projects/peppy-arcadia-432311-g5/locations/asia-northeast3/operations/operation-1739380218823-088af3d7-4cb5-4f54-9714-0b6dee3f6e90?alt=json HTTP/1.1" 200 None
2025-02-13 02:10:55,418 DEBUG    urllib3.connectionpool Starting new HTTPS connection (1): container.googleapis.com:443
2025-02-13 02:10:55,533 DEBUG    urllib3.connectionpool https://container.googleapis.com:443 "GET /v1/projects/peppy-arcadia-432311-g5/locations/asia-northeast3/operations/operation-1739380218823-088af3d7-4cb5-4f54-9714-0b6dee3f6e90?alt=json HTTP/1.1" 200 None
2025-02-13 02:11:00,538 DEBUG    urllib3.connectionpool Starting new HTTPS connection (1): container.googleapis.com:443
2025-02-13 02:11:00,882 DEBUG    urllib3.connectionpool https://container.googleapis.com:443 "GET /v1/projects/peppy-arcadia-432311-g5/locations/asia-northeast3/operations/operation-1739380218823-088af3d7-4cb5-4f54-9714-0b6dee3f6e90?alt=json HTTP/1.1" 200 None
2025-02-13 02:11:05,887 DEBUG    urllib3.connectionpool Starting new HTTPS connection (1): container.googleapis.com:443
2025-02-13 02:11:06,082 DEBUG    urllib3.connectionpool https://container.googleapis.com:443 "GET /v1/projects/peppy-arcadia-432311-g5/locations/asia-northeast3/operations/operation-1739380218823-088af3d7-4cb5-4f54-9714-0b6dee3f6e90?alt=json HTTP/1.1" 200 None
2025-02-13 02:11:11,088 DEBUG    urllib3.connectionpool Starting new HTTPS connection (1): container.googleapis.com:443
2025-02-13 02:11:11,203 DEBUG    urllib3.connectionpool https://container.googleapis.com:443 "GET /v1/projects/peppy-arcadia-432311-g5/locations/asia-northeast3/operations/operation-1739380218823-088af3d7-4cb5-4f54-9714-0b6dee3f6e90?alt=json HTTP/1.1" 200 None
2025-02-13 02:11:16,208 DEBUG    urllib3.connectionpool Starting new HTTPS connection (1): container.googleapis.com:443
2025-02-13 02:11:16,433 DEBUG    urllib3.connectionpool https://container.googleapis.com:443 "GET /v1/projects/peppy-arcadia-432311-g5/locations/asia-northeast3/operations/operation-1739380218823-088af3d7-4cb5-4f54-9714-0b6dee3f6e90?alt=json HTTP/1.1" 200 None
2025-02-13 02:11:21,438 DEBUG    urllib3.connectionpool Starting new HTTPS connection (1): container.googleapis.com:443
2025-02-13 02:11:21,605 DEBUG    urllib3.connectionpool https://container.googleapis.com:443 "GET /v1/projects/peppy-arcadia-432311-g5/locations/asia-northeast3/operations/operation-1739380218823-088af3d7-4cb5-4f54-9714-0b6dee3f6e90?alt=json HTTP/1.1" 200 None
2025-02-13 02:11:26,612 DEBUG    urllib3.connectionpool Starting new HTTPS connection (1): container.googleapis.com:443
2025-02-13 02:11:26,763 DEBUG    urllib3.connectionpool https://container.googleapis.com:443 "GET /v1/projects/peppy-arcadia-432311-g5/locations/asia-northeast3/operations/operation-1739380218823-088af3d7-4cb5-4f54-9714-0b6dee3f6e90?alt=json HTTP/1.1" 200 None
2025-02-13 02:11:31,768 DEBUG    urllib3.connectionpool Starting new HTTPS connection (1): container.googleapis.com:443
2025-02-13 02:11:31,932 DEBUG    urllib3.connectionpool https://container.googleapis.com:443 "GET /v1/projects/peppy-arcadia-432311-g5/locations/asia-northeast3/operations/operation-1739380218823-088af3d7-4cb5-4f54-9714-0b6dee3f6e90?alt=json HTTP/1.1" 200 None
2025-02-13 02:11:36,939 DEBUG    urllib3.connectionpool Starting new HTTPS connection (1): container.googleapis.com:443
2025-02-13 02:11:37,107 DEBUG    urllib3.connectionpool https://container.googleapis.com:443 "GET /v1/projects/peppy-arcadia-432311-g5/locations/asia-northeast3/operations/operation-1739380218823-088af3d7-4cb5-4f54-9714-0b6dee3f6e90?alt=json HTTP/1.1" 200 None
2025-02-13 02:11:42,112 DEBUG    urllib3.connectionpool Starting new HTTPS connection (1): container.googleapis.com:443
2025-02-13 02:11:42,269 DEBUG    urllib3.connectionpool https://container.googleapis.com:443 "GET /v1/projects/peppy-arcadia-432311-g5/locations/asia-northeast3/operations/operation-1739380218823-088af3d7-4cb5-4f54-9714-0b6dee3f6e90?alt=json HTTP/1.1" 200 None
2025-02-13 02:11:47,272 DEBUG    urllib3.connectionpool Starting new HTTPS connection (1): container.googleapis.com:443
2025-02-13 02:11:47,527 DEBUG    urllib3.connectionpool https://container.googleapis.com:443 "GET /v1/projects/peppy-arcadia-432311-g5/locations/asia-northeast3/operations/operation-1739380218823-088af3d7-4cb5-4f54-9714-0b6dee3f6e90?alt=json HTTP/1.1" 200 None
2025-02-13 02:11:52,530 DEBUG    urllib3.connectionpool Starting new HTTPS connection (1): container.googleapis.com:443
2025-02-13 02:11:52,628 DEBUG    urllib3.connectionpool https://container.googleapis.com:443 "GET /v1/projects/peppy-arcadia-432311-g5/locations/asia-northeast3/operations/operation-1739380218823-088af3d7-4cb5-4f54-9714-0b6dee3f6e90?alt=json HTTP/1.1" 200 None
2025-02-13 02:11:57,631 DEBUG    urllib3.connectionpool Starting new HTTPS connection (1): container.googleapis.com:443
2025-02-13 02:11:57,775 DEBUG    urllib3.connectionpool https://container.googleapis.com:443 "GET /v1/projects/peppy-arcadia-432311-g5/locations/asia-northeast3/operations/operation-1739380218823-088af3d7-4cb5-4f54-9714-0b6dee3f6e90?alt=json HTTP/1.1" 200 None
2025-02-13 02:12:02,780 DEBUG    urllib3.connectionpool Starting new HTTPS connection (1): container.googleapis.com:443
2025-02-13 02:12:02,984 DEBUG    urllib3.connectionpool https://container.googleapis.com:443 "GET /v1/projects/peppy-arcadia-432311-g5/locations/asia-northeast3/operations/operation-1739380218823-088af3d7-4cb5-4f54-9714-0b6dee3f6e90?alt=json HTTP/1.1" 200 None
2025-02-13 02:12:07,991 DEBUG    urllib3.connectionpool Starting new HTTPS connection (1): container.googleapis.com:443
2025-02-13 02:12:08,214 DEBUG    urllib3.connectionpool https://container.googleapis.com:443 "GET /v1/projects/peppy-arcadia-432311-g5/locations/asia-northeast3/operations/operation-1739380218823-088af3d7-4cb5-4f54-9714-0b6dee3f6e90?alt=json HTTP/1.1" 200 None
2025-02-13 02:12:13,219 DEBUG    urllib3.connectionpool Starting new HTTPS connection (1): container.googleapis.com:443
2025-02-13 02:12:13,327 DEBUG    urllib3.connectionpool https://container.googleapis.com:443 "GET /v1/projects/peppy-arcadia-432311-g5/locations/asia-northeast3/operations/operation-1739380218823-088af3d7-4cb5-4f54-9714-0b6dee3f6e90?alt=json HTTP/1.1" 200 None
2025-02-13 02:12:18,330 DEBUG    urllib3.connectionpool Starting new HTTPS connection (1): container.googleapis.com:443
2025-02-13 02:12:18,547 DEBUG    urllib3.connectionpool https://container.googleapis.com:443 "GET /v1/projects/peppy-arcadia-432311-g5/locations/asia-northeast3/operations/operation-1739380218823-088af3d7-4cb5-4f54-9714-0b6dee3f6e90?alt=json HTTP/1.1" 200 None
2025-02-13 02:12:23,551 DEBUG    urllib3.connectionpool Starting new HTTPS connection (1): container.googleapis.com:443
2025-02-13 02:12:23,716 DEBUG    urllib3.connectionpool https://container.googleapis.com:443 "GET /v1/projects/peppy-arcadia-432311-g5/locations/asia-northeast3/operations/operation-1739380218823-088af3d7-4cb5-4f54-9714-0b6dee3f6e90?alt=json HTTP/1.1" 200 None
2025-02-13 02:12:28,730 DEBUG    urllib3.connectionpool Starting new HTTPS connection (1): container.googleapis.com:443
2025-02-13 02:12:28,856 DEBUG    urllib3.connectionpool https://container.googleapis.com:443 "GET /v1/projects/peppy-arcadia-432311-g5/locations/asia-northeast3/operations/operation-1739380218823-088af3d7-4cb5-4f54-9714-0b6dee3f6e90?alt=json HTTP/1.1" 200 None
2025-02-13 02:12:33,861 DEBUG    urllib3.connectionpool Starting new HTTPS connection (1): container.googleapis.com:443
2025-02-13 02:12:34,209 DEBUG    urllib3.connectionpool https://container.googleapis.com:443 "GET /v1/projects/peppy-arcadia-432311-g5/locations/asia-northeast3/operations/operation-1739380218823-088af3d7-4cb5-4f54-9714-0b6dee3f6e90?alt=json HTTP/1.1" 200 None
2025-02-13 02:12:39,216 DEBUG    urllib3.connectionpool Starting new HTTPS connection (1): container.googleapis.com:443
2025-02-13 02:12:39,341 DEBUG    urllib3.connectionpool https://container.googleapis.com:443 "GET /v1/projects/peppy-arcadia-432311-g5/locations/asia-northeast3/operations/operation-1739380218823-088af3d7-4cb5-4f54-9714-0b6dee3f6e90?alt=json HTTP/1.1" 200 None
2025-02-13 02:12:44,348 DEBUG    urllib3.connectionpool Starting new HTTPS connection (1): container.googleapis.com:443
2025-02-13 02:12:44,522 DEBUG    urllib3.connectionpool https://container.googleapis.com:443 "GET /v1/projects/peppy-arcadia-432311-g5/locations/asia-northeast3/operations/operation-1739380218823-088af3d7-4cb5-4f54-9714-0b6dee3f6e90?alt=json HTTP/1.1" 200 None
2025-02-13 02:12:49,528 DEBUG    urllib3.connectionpool Starting new HTTPS connection (1): container.googleapis.com:443
2025-02-13 02:12:49,728 DEBUG    urllib3.connectionpool https://container.googleapis.com:443 "GET /v1/projects/peppy-arcadia-432311-g5/locations/asia-northeast3/operations/operation-1739380218823-088af3d7-4cb5-4f54-9714-0b6dee3f6e90?alt=json HTTP/1.1" 200 None
2025-02-13 02:12:54,734 DEBUG    urllib3.connectionpool Starting new HTTPS connection (1): container.googleapis.com:443
2025-02-13 02:12:54,886 DEBUG    urllib3.connectionpool https://container.googleapis.com:443 "GET /v1/projects/peppy-arcadia-432311-g5/locations/asia-northeast3/operations/operation-1739380218823-088af3d7-4cb5-4f54-9714-0b6dee3f6e90?alt=json HTTP/1.1" 200 None
2025-02-13 02:12:59,892 DEBUG    urllib3.connectionpool Starting new HTTPS connection (1): container.googleapis.com:443
2025-02-13 02:13:00,044 DEBUG    urllib3.connectionpool https://container.googleapis.com:443 "GET /v1/projects/peppy-arcadia-432311-g5/locations/asia-northeast3/operations/operation-1739380218823-088af3d7-4cb5-4f54-9714-0b6dee3f6e90?alt=json HTTP/1.1" 200 None
2025-02-13 02:13:05,050 DEBUG    urllib3.connectionpool Starting new HTTPS connection (1): container.googleapis.com:443
2025-02-13 02:13:05,377 DEBUG    urllib3.connectionpool https://container.googleapis.com:443 "GET /v1/projects/peppy-arcadia-432311-g5/locations/asia-northeast3/operations/operation-1739380218823-088af3d7-4cb5-4f54-9714-0b6dee3f6e90?alt=json HTTP/1.1" 200 None
2025-02-13 02:13:10,383 DEBUG    urllib3.connectionpool Starting new HTTPS connection (1): container.googleapis.com:443
2025-02-13 02:13:10,553 DEBUG    urllib3.connectionpool https://container.googleapis.com:443 "GET /v1/projects/peppy-arcadia-432311-g5/locations/asia-northeast3/operations/operation-1739380218823-088af3d7-4cb5-4f54-9714-0b6dee3f6e90?alt=json HTTP/1.1" 200 None
2025-02-13 02:13:15,560 DEBUG    urllib3.connectionpool Starting new HTTPS connection (1): container.googleapis.com:443
2025-02-13 02:13:15,721 DEBUG    urllib3.connectionpool https://container.googleapis.com:443 "GET /v1/projects/peppy-arcadia-432311-g5/locations/asia-northeast3/operations/operation-1739380218823-088af3d7-4cb5-4f54-9714-0b6dee3f6e90?alt=json HTTP/1.1" 200 None
2025-02-13 02:13:20,729 DEBUG    urllib3.connectionpool Starting new HTTPS connection (1): container.googleapis.com:443
2025-02-13 02:13:20,906 DEBUG    urllib3.connectionpool https://container.googleapis.com:443 "GET /v1/projects/peppy-arcadia-432311-g5/locations/asia-northeast3/operations/operation-1739380218823-088af3d7-4cb5-4f54-9714-0b6dee3f6e90?alt=json HTTP/1.1" 200 None
2025-02-13 02:13:25,911 DEBUG    urllib3.connectionpool Starting new HTTPS connection (1): container.googleapis.com:443
2025-02-13 02:13:26,065 DEBUG    urllib3.connectionpool https://container.googleapis.com:443 "GET /v1/projects/peppy-arcadia-432311-g5/locations/asia-northeast3/operations/operation-1739380218823-088af3d7-4cb5-4f54-9714-0b6dee3f6e90?alt=json HTTP/1.1" 200 None
2025-02-13 02:13:31,072 DEBUG    urllib3.connectionpool Starting new HTTPS connection (1): container.googleapis.com:443
2025-02-13 02:13:31,211 DEBUG    urllib3.connectionpool https://container.googleapis.com:443 "GET /v1/projects/peppy-arcadia-432311-g5/locations/asia-northeast3/operations/operation-1739380218823-088af3d7-4cb5-4f54-9714-0b6dee3f6e90?alt=json HTTP/1.1" 200 None
2025-02-13 02:13:36,217 DEBUG    urllib3.connectionpool Starting new HTTPS connection (1): container.googleapis.com:443
2025-02-13 02:13:36,362 DEBUG    urllib3.connectionpool https://container.googleapis.com:443 "GET /v1/projects/peppy-arcadia-432311-g5/locations/asia-northeast3/operations/operation-1739380218823-088af3d7-4cb5-4f54-9714-0b6dee3f6e90?alt=json HTTP/1.1" 200 None
2025-02-13 02:13:41,368 DEBUG    urllib3.connectionpool Starting new HTTPS connection (1): container.googleapis.com:443
2025-02-13 02:13:41,479 DEBUG    urllib3.connectionpool https://container.googleapis.com:443 "GET /v1/projects/peppy-arcadia-432311-g5/locations/asia-northeast3/operations/operation-1739380218823-088af3d7-4cb5-4f54-9714-0b6dee3f6e90?alt=json HTTP/1.1" 200 None
2025-02-13 02:13:46,487 DEBUG    urllib3.connectionpool Starting new HTTPS connection (1): container.googleapis.com:443
2025-02-13 02:13:46,673 DEBUG    urllib3.connectionpool https://container.googleapis.com:443 "GET /v1/projects/peppy-arcadia-432311-g5/locations/asia-northeast3/operations/operation-1739380218823-088af3d7-4cb5-4f54-9714-0b6dee3f6e90?alt=json HTTP/1.1" 200 None
2025-02-13 02:13:51,678 DEBUG    urllib3.connectionpool Starting new HTTPS connection (1): container.googleapis.com:443
2025-02-13 02:13:51,868 DEBUG    urllib3.connectionpool https://container.googleapis.com:443 "GET /v1/projects/peppy-arcadia-432311-g5/locations/asia-northeast3/operations/operation-1739380218823-088af3d7-4cb5-4f54-9714-0b6dee3f6e90?alt=json HTTP/1.1" 200 None
2025-02-13 02:13:56,874 DEBUG    urllib3.connectionpool Starting new HTTPS connection (1): container.googleapis.com:443
2025-02-13 02:13:57,049 DEBUG    urllib3.connectionpool https://container.googleapis.com:443 "GET /v1/projects/peppy-arcadia-432311-g5/locations/asia-northeast3/operations/operation-1739380218823-088af3d7-4cb5-4f54-9714-0b6dee3f6e90?alt=json HTTP/1.1" 200 None
2025-02-13 02:14:02,056 DEBUG    urllib3.connectionpool Starting new HTTPS connection (1): container.googleapis.com:443
2025-02-13 02:14:02,239 DEBUG    urllib3.connectionpool https://container.googleapis.com:443 "GET /v1/projects/peppy-arcadia-432311-g5/locations/asia-northeast3/operations/operation-1739380218823-088af3d7-4cb5-4f54-9714-0b6dee3f6e90?alt=json HTTP/1.1" 200 None
2025-02-13 02:14:07,244 DEBUG    urllib3.connectionpool Starting new HTTPS connection (1): container.googleapis.com:443
2025-02-13 02:14:08,095 DEBUG    urllib3.connectionpool https://container.googleapis.com:443 "GET /v1/projects/peppy-arcadia-432311-g5/locations/asia-northeast3/operations/operation-1739380218823-088af3d7-4cb5-4f54-9714-0b6dee3f6e90?alt=json HTTP/1.1" 200 None
2025-02-13 02:14:13,101 DEBUG    urllib3.connectionpool Starting new HTTPS connection (1): container.googleapis.com:443
2025-02-13 02:14:13,218 DEBUG    urllib3.connectionpool https://container.googleapis.com:443 "GET /v1/projects/peppy-arcadia-432311-g5/locations/asia-northeast3/operations/operation-1739380218823-088af3d7-4cb5-4f54-9714-0b6dee3f6e90?alt=json HTTP/1.1" 200 None
2025-02-13 02:14:18,224 DEBUG    urllib3.connectionpool Starting new HTTPS connection (1): container.googleapis.com:443
2025-02-13 02:14:18,343 DEBUG    urllib3.connectionpool https://container.googleapis.com:443 "GET /v1/projects/peppy-arcadia-432311-g5/locations/asia-northeast3/operations/operation-1739380218823-088af3d7-4cb5-4f54-9714-0b6dee3f6e90?alt=json HTTP/1.1" 200 None
2025-02-13 02:14:23,347 DEBUG    urllib3.connectionpool Starting new HTTPS connection (1): container.googleapis.com:443
2025-02-13 02:14:23,575 DEBUG    urllib3.connectionpool https://container.googleapis.com:443 "GET /v1/projects/peppy-arcadia-432311-g5/locations/asia-northeast3/operations/operation-1739380218823-088af3d7-4cb5-4f54-9714-0b6dee3f6e90?alt=json HTTP/1.1" 200 None
2025-02-13 02:14:28,580 DEBUG    urllib3.connectionpool Starting new HTTPS connection (1): container.googleapis.com:443
2025-02-13 02:14:28,756 DEBUG    urllib3.connectionpool https://container.googleapis.com:443 "GET /v1/projects/peppy-arcadia-432311-g5/locations/asia-northeast3/operations/operation-1739380218823-088af3d7-4cb5-4f54-9714-0b6dee3f6e90?alt=json HTTP/1.1" 200 None
2025-02-13 02:14:28,761 INFO     root            Operation <Operation
 clusterConditions: []
 endTime: '2025-02-12T17:14:27.992710939Z'
 name: 'operation-1739380218823-088af3d7-4cb5-4f54-9714-0b6dee3f6e90'
 nodepoolConditions: []
 operationType: OperationTypeValueValuesEnum(DELETE_NODE_POOL, 8)
 selfLink: 'https://container.googleapis.com/v1/projects/134982172036/locations/asia-northeast3/operations/operation-1739380218823-088af3d7-4cb5-4f54-9714-0b6dee3f6e90'
 startTime: '2025-02-12T17:10:18.823038782Z'
 status: StatusValueValuesEnum(DONE, 3)
 targetLink: 'https://container.googleapis.com/v1/projects/134982172036/locations/asia-northeast3/clusters/gcp-dr-gke/nodePools/default-pool'
 zone: 'asia-northeast3'> finished after 2.5e+02 seconds
2025-02-13 02:14:28,886 INFO     ___FILE_ONLY___ Deleted [https://container.googleapis.com/v1/projects/peppy-arcadia-432311-g5/zones/asia-northeast3/clusters/gcp-dr-gke/nodePools/default-pool].

2025-02-13 02:14:28,886 DEBUG    root            Chosen display Format:none
2025-02-13 02:14:28,887 INFO     root            Display format: "none"
2025-02-13 02:14:28,936 DEBUG    root            SDK update checks are disabled.
