2025-02-13 23:26:02,109 DEBUG    root            Loaded Command Group: ['gcloud', 'config']
2025-02-13 23:26:02,114 DEBUG    root            Loaded Command Group: ['gcloud', 'config', 'config_helper']
2025-02-13 23:26:02,116 DEBUG    root            Running [gcloud.config.config-helper] with arguments: [--format: "json"]
2025-02-13 23:26:02,127 DEBUG    root            Chosen display Format:default json
2025-02-13 23:26:02,127 INFO     root            Display format: "default json"
2025-02-13 23:26:02,144 INFO     ___FILE_ONLY___ {
  "configuration": {
    "active_configuration": "default",
    "properties": {
      "core": {
        "account": "1201ljhun@gmail.com",
        "disable_usage_reporting": "True",
        "project": "peppy-arcadia-432311-g5"
      }
    }
  },
  "credential": {
    "access_token": "ya29.a0AXeO80QbE2t9WInjZjucqZLkF50MLiZIZ9gcudKtMKMHan78zl_4XjLAE-etqbQymwoQkiRRUOmObOrmCpMeaDaEu-TYUhon4vQ6Z_AWMK9yad0g8tpOT8drEQy4BSjpvuhuh78nVXNuuLeNh61nNv5H-tggjJrqJQuUGM08WGIzOnG5aCgYKAdMSARISFQHGX2MiZMO0tuL87d0pD1WUu_mqyg0183",
    "id_token": "eyJhbGciOiJSUzI1NiIsImtpZCI6IjVkMTJhYjc4MmNiNjA5NjI4NWY2OWU0OGFlYTk5MDc5YmI1OWNiODYiLCJ0eXAiOiJKV1QifQ.eyJpc3MiOiJodHRwczovL2FjY291bnRzLmdvb2dsZS5jb20iLCJhenAiOiIzMjU1NTk0MDU1OS5hcHBzLmdvb2dsZXVzZXJjb250ZW50LmNvbSIsImF1ZCI6IjMyNTU1OTQwNTU5LmFwcHMuZ29vZ2xldXNlcmNvbnRlbnQuY29tIiwic3ViIjoiMTA1MDk2MzU3NDMwMjQzNjQxMTQxIiwiZW1haWwiOiIxMjAxbGpodW5AZ21haWwuY29tIiwiZW1haWxfdmVyaWZpZWQiOnRydWUsImF0X2hhc2giOiJIeVJNZVZwYUJrbUc5ZEtQZ3NJQzZ3IiwiaWF0IjoxNzM5NDU2NzU1LCJleHAiOjE3Mzk0NjAzNTV9.Lftc2ZntmgekRj-TdaoY9JYBdq3K8nwJNtO9IufWpMN3xPZkpFV_WEtNIhFhA36hHtc5_OcAPxe9bWT8jQEvTyfNlxzDiTLYI__9v_wQxUBts6IZxYQP6RbY6C8D11iYIXyQKHMMaBKMs-mvLHSJ572jX-nBy87DJnH3sAVMKrOvB4ZS7rh9vD1rKLYxsDqrev58TByx3Xa8AIn45ya_7M51TAgrvCZbx_AN0vzRUdYPGZwBW5bUKFgPP5X2--yl-91jDKdefZwmj6LXlj_ROcgrQODDixhRJa_9Yq2OCpD1Lp2NbCZtZHRoEPR4DAlvGmw6La9yJhfRkPwQ-0WOAA",
    "token_expiry": "2025-02-13T15:25:54Z"
  },
  "sentinels": {
    "config_sentinel": "/home/ubuntu/.config/gcloud/config_sentinel"
  }
}
2025-02-13 23:26:02,144 INFO     ___FILE_ONLY___ 

2025-02-13 23:26:02,144 DEBUG    root            SDK update checks are disabled.
