2025-01-21 15:39:45,845 DEBUG    root            Loaded Command Group: ['gcloud', 'container', 'node_pools']
2025-01-21 15:39:45,846 DEBUG    root            Loaded Command Group: ['gcloud', 'container', 'node-pools', 'delete']
2025-01-21 15:39:45,935 DEBUG    google.auth.transport.requests Making request: POST https://oauth2.googleapis.com/token
2025-01-21 15:39:45,937 DEBUG    urllib3.connectionpool Starting new HTTPS connection (1): oauth2.googleapis.com:443
2025-01-21 15:39:46,254 DEBUG    urllib3.connectionpool https://oauth2.googleapis.com:443 "POST /token HTTP/1.1" 200 None
2025-01-21 15:39:46,285 DEBUG    root            Running [gcloud.container.node-pools.delete] with arguments: [--cluster: "gcp-dr-gke", --quiet: "True", --region: "asia-northeast3", NAME: "default-pool"]
2025-01-21 15:39:46,287 DEBUG    urllib3.connectionpool Starting new HTTPS connection (1): container.googleapis.com:443
2025-01-21 15:39:46,459 DEBUG    urllib3.connectionpool https://container.googleapis.com:443 "GET /v1/projects/peppy-arcadia-432311-g5/locations/asia-northeast3/clusters/gcp-dr-gke/nodePools/default-pool?alt=json HTTP/1.1" 200 None
2025-01-21 15:39:46,463 DEBUG    urllib3.connectionpool Starting new HTTPS connection (1): container.googleapis.com:443
2025-01-21 15:39:46,786 DEBUG    urllib3.connectionpool https://container.googleapis.com:443 "DELETE /v1/projects/peppy-arcadia-432311-g5/locations/asia-northeast3/clusters/gcp-dr-gke/nodePools/default-pool?alt=json HTTP/1.1" 200 None
2025-01-21 15:39:46,789 INFO     ___FILE_ONLY___ Deleting node pool default-pool...
2025-01-21 15:39:46,791 DEBUG    urllib3.connectionpool Starting new HTTPS connection (1): container.googleapis.com:443
2025-01-21 15:39:46,926 DEBUG    urllib3.connectionpool https://container.googleapis.com:443 "GET /v1/projects/peppy-arcadia-432311-g5/locations/asia-northeast3/operations/operation-1737441586900-bd3e14fe-81a0-4ba9-aa0f-5b87d009f6e2?alt=json HTTP/1.1" 200 None
2025-01-21 15:39:51,929 DEBUG    urllib3.connectionpool Starting new HTTPS connection (1): container.googleapis.com:443
2025-01-21 15:39:52,134 DEBUG    urllib3.connectionpool https://container.googleapis.com:443 "GET /v1/projects/peppy-arcadia-432311-g5/locations/asia-northeast3/operations/operation-1737441586900-bd3e14fe-81a0-4ba9-aa0f-5b87d009f6e2?alt=json HTTP/1.1" 200 None
2025-01-21 15:39:57,138 DEBUG    urllib3.connectionpool Starting new HTTPS connection (1): container.googleapis.com:443
2025-01-21 15:39:57,625 DEBUG    urllib3.connectionpool https://container.googleapis.com:443 "GET /v1/projects/peppy-arcadia-432311-g5/locations/asia-northeast3/operations/operation-1737441586900-bd3e14fe-81a0-4ba9-aa0f-5b87d009f6e2?alt=json HTTP/1.1" 200 None
2025-01-21 15:40:02,628 DEBUG    urllib3.connectionpool Starting new HTTPS connection (1): container.googleapis.com:443
2025-01-21 15:40:02,819 DEBUG    urllib3.connectionpool https://container.googleapis.com:443 "GET /v1/projects/peppy-arcadia-432311-g5/locations/asia-northeast3/operations/operation-1737441586900-bd3e14fe-81a0-4ba9-aa0f-5b87d009f6e2?alt=json HTTP/1.1" 200 None
2025-01-21 15:40:07,823 DEBUG    urllib3.connectionpool Starting new HTTPS connection (1): container.googleapis.com:443
2025-01-21 15:40:07,999 DEBUG    urllib3.connectionpool https://container.googleapis.com:443 "GET /v1/projects/peppy-arcadia-432311-g5/locations/asia-northeast3/operations/operation-1737441586900-bd3e14fe-81a0-4ba9-aa0f-5b87d009f6e2?alt=json HTTP/1.1" 200 None
2025-01-21 15:40:13,004 DEBUG    urllib3.connectionpool Starting new HTTPS connection (1): container.googleapis.com:443
2025-01-21 15:40:13,146 DEBUG    urllib3.connectionpool https://container.googleapis.com:443 "GET /v1/projects/peppy-arcadia-432311-g5/locations/asia-northeast3/operations/operation-1737441586900-bd3e14fe-81a0-4ba9-aa0f-5b87d009f6e2?alt=json HTTP/1.1" 200 None
2025-01-21 15:40:18,150 DEBUG    urllib3.connectionpool Starting new HTTPS connection (1): container.googleapis.com:443
2025-01-21 15:40:18,566 DEBUG    urllib3.connectionpool https://container.googleapis.com:443 "GET /v1/projects/peppy-arcadia-432311-g5/locations/asia-northeast3/operations/operation-1737441586900-bd3e14fe-81a0-4ba9-aa0f-5b87d009f6e2?alt=json HTTP/1.1" 200 None
2025-01-21 15:40:23,571 DEBUG    urllib3.connectionpool Starting new HTTPS connection (1): container.googleapis.com:443
2025-01-21 15:40:23,834 DEBUG    urllib3.connectionpool https://container.googleapis.com:443 "GET /v1/projects/peppy-arcadia-432311-g5/locations/asia-northeast3/operations/operation-1737441586900-bd3e14fe-81a0-4ba9-aa0f-5b87d009f6e2?alt=json HTTP/1.1" 200 None
2025-01-21 15:40:28,837 DEBUG    urllib3.connectionpool Starting new HTTPS connection (1): container.googleapis.com:443
2025-01-21 15:40:29,048 DEBUG    urllib3.connectionpool https://container.googleapis.com:443 "GET /v1/projects/peppy-arcadia-432311-g5/locations/asia-northeast3/operations/operation-1737441586900-bd3e14fe-81a0-4ba9-aa0f-5b87d009f6e2?alt=json HTTP/1.1" 200 None
2025-01-21 15:40:34,053 DEBUG    urllib3.connectionpool Starting new HTTPS connection (1): container.googleapis.com:443
2025-01-21 15:40:34,312 DEBUG    urllib3.connectionpool https://container.googleapis.com:443 "GET /v1/projects/peppy-arcadia-432311-g5/locations/asia-northeast3/operations/operation-1737441586900-bd3e14fe-81a0-4ba9-aa0f-5b87d009f6e2?alt=json HTTP/1.1" 200 None
2025-01-21 15:40:39,319 DEBUG    urllib3.connectionpool Starting new HTTPS connection (1): container.googleapis.com:443
2025-01-21 15:40:39,459 DEBUG    urllib3.connectionpool https://container.googleapis.com:443 "GET /v1/projects/peppy-arcadia-432311-g5/locations/asia-northeast3/operations/operation-1737441586900-bd3e14fe-81a0-4ba9-aa0f-5b87d009f6e2?alt=json HTTP/1.1" 200 None
2025-01-21 15:40:44,464 DEBUG    urllib3.connectionpool Starting new HTTPS connection (1): container.googleapis.com:443
2025-01-21 15:40:44,608 DEBUG    urllib3.connectionpool https://container.googleapis.com:443 "GET /v1/projects/peppy-arcadia-432311-g5/locations/asia-northeast3/operations/operation-1737441586900-bd3e14fe-81a0-4ba9-aa0f-5b87d009f6e2?alt=json HTTP/1.1" 200 None
2025-01-21 15:40:49,616 DEBUG    urllib3.connectionpool Starting new HTTPS connection (1): container.googleapis.com:443
2025-01-21 15:40:49,763 DEBUG    urllib3.connectionpool https://container.googleapis.com:443 "GET /v1/projects/peppy-arcadia-432311-g5/locations/asia-northeast3/operations/operation-1737441586900-bd3e14fe-81a0-4ba9-aa0f-5b87d009f6e2?alt=json HTTP/1.1" 200 None
2025-01-21 15:40:54,768 DEBUG    urllib3.connectionpool Starting new HTTPS connection (1): container.googleapis.com:443
2025-01-21 15:40:54,881 DEBUG    urllib3.connectionpool https://container.googleapis.com:443 "GET /v1/projects/peppy-arcadia-432311-g5/locations/asia-northeast3/operations/operation-1737441586900-bd3e14fe-81a0-4ba9-aa0f-5b87d009f6e2?alt=json HTTP/1.1" 200 None
2025-01-21 15:40:59,883 DEBUG    urllib3.connectionpool Starting new HTTPS connection (1): container.googleapis.com:443
2025-01-21 15:40:59,976 DEBUG    urllib3.connectionpool https://container.googleapis.com:443 "GET /v1/projects/peppy-arcadia-432311-g5/locations/asia-northeast3/operations/operation-1737441586900-bd3e14fe-81a0-4ba9-aa0f-5b87d009f6e2?alt=json HTTP/1.1" 200 None
2025-01-21 15:41:04,981 DEBUG    urllib3.connectionpool Starting new HTTPS connection (1): container.googleapis.com:443
2025-01-21 15:41:05,126 DEBUG    urllib3.connectionpool https://container.googleapis.com:443 "GET /v1/projects/peppy-arcadia-432311-g5/locations/asia-northeast3/operations/operation-1737441586900-bd3e14fe-81a0-4ba9-aa0f-5b87d009f6e2?alt=json HTTP/1.1" 200 None
2025-01-21 15:41:10,130 DEBUG    urllib3.connectionpool Starting new HTTPS connection (1): container.googleapis.com:443
2025-01-21 15:41:10,228 DEBUG    urllib3.connectionpool https://container.googleapis.com:443 "GET /v1/projects/peppy-arcadia-432311-g5/locations/asia-northeast3/operations/operation-1737441586900-bd3e14fe-81a0-4ba9-aa0f-5b87d009f6e2?alt=json HTTP/1.1" 200 None
2025-01-21 15:41:15,233 DEBUG    urllib3.connectionpool Starting new HTTPS connection (1): container.googleapis.com:443
2025-01-21 15:41:15,370 DEBUG    urllib3.connectionpool https://container.googleapis.com:443 "GET /v1/projects/peppy-arcadia-432311-g5/locations/asia-northeast3/operations/operation-1737441586900-bd3e14fe-81a0-4ba9-aa0f-5b87d009f6e2?alt=json HTTP/1.1" 200 None
2025-01-21 15:41:20,378 DEBUG    urllib3.connectionpool Starting new HTTPS connection (1): container.googleapis.com:443
2025-01-21 15:41:20,838 DEBUG    urllib3.connectionpool https://container.googleapis.com:443 "GET /v1/projects/peppy-arcadia-432311-g5/locations/asia-northeast3/operations/operation-1737441586900-bd3e14fe-81a0-4ba9-aa0f-5b87d009f6e2?alt=json HTTP/1.1" 200 None
2025-01-21 15:41:25,840 DEBUG    urllib3.connectionpool Starting new HTTPS connection (1): container.googleapis.com:443
2025-01-21 15:41:26,026 DEBUG    urllib3.connectionpool https://container.googleapis.com:443 "GET /v1/projects/peppy-arcadia-432311-g5/locations/asia-northeast3/operations/operation-1737441586900-bd3e14fe-81a0-4ba9-aa0f-5b87d009f6e2?alt=json HTTP/1.1" 200 None
2025-01-21 15:41:31,032 DEBUG    urllib3.connectionpool Starting new HTTPS connection (1): container.googleapis.com:443
2025-01-21 15:41:31,164 DEBUG    urllib3.connectionpool https://container.googleapis.com:443 "GET /v1/projects/peppy-arcadia-432311-g5/locations/asia-northeast3/operations/operation-1737441586900-bd3e14fe-81a0-4ba9-aa0f-5b87d009f6e2?alt=json HTTP/1.1" 200 None
2025-01-21 15:41:36,170 DEBUG    urllib3.connectionpool Starting new HTTPS connection (1): container.googleapis.com:443
2025-01-21 15:41:36,298 DEBUG    urllib3.connectionpool https://container.googleapis.com:443 "GET /v1/projects/peppy-arcadia-432311-g5/locations/asia-northeast3/operations/operation-1737441586900-bd3e14fe-81a0-4ba9-aa0f-5b87d009f6e2?alt=json HTTP/1.1" 200 None
2025-01-21 15:41:41,305 DEBUG    urllib3.connectionpool Starting new HTTPS connection (1): container.googleapis.com:443
2025-01-21 15:41:41,505 DEBUG    urllib3.connectionpool https://container.googleapis.com:443 "GET /v1/projects/peppy-arcadia-432311-g5/locations/asia-northeast3/operations/operation-1737441586900-bd3e14fe-81a0-4ba9-aa0f-5b87d009f6e2?alt=json HTTP/1.1" 200 None
2025-01-21 15:41:46,511 DEBUG    urllib3.connectionpool Starting new HTTPS connection (1): container.googleapis.com:443
2025-01-21 15:41:46,642 DEBUG    urllib3.connectionpool https://container.googleapis.com:443 "GET /v1/projects/peppy-arcadia-432311-g5/locations/asia-northeast3/operations/operation-1737441586900-bd3e14fe-81a0-4ba9-aa0f-5b87d009f6e2?alt=json HTTP/1.1" 200 None
2025-01-21 15:41:51,651 DEBUG    urllib3.connectionpool Starting new HTTPS connection (1): container.googleapis.com:443
2025-01-21 15:41:51,753 DEBUG    urllib3.connectionpool https://container.googleapis.com:443 "GET /v1/projects/peppy-arcadia-432311-g5/locations/asia-northeast3/operations/operation-1737441586900-bd3e14fe-81a0-4ba9-aa0f-5b87d009f6e2?alt=json HTTP/1.1" 200 None
2025-01-21 15:41:56,757 DEBUG    urllib3.connectionpool Starting new HTTPS connection (1): container.googleapis.com:443
2025-01-21 15:41:56,979 DEBUG    urllib3.connectionpool https://container.googleapis.com:443 "GET /v1/projects/peppy-arcadia-432311-g5/locations/asia-northeast3/operations/operation-1737441586900-bd3e14fe-81a0-4ba9-aa0f-5b87d009f6e2?alt=json HTTP/1.1" 200 None
2025-01-21 15:42:01,982 DEBUG    urllib3.connectionpool Starting new HTTPS connection (1): container.googleapis.com:443
2025-01-21 15:42:02,111 DEBUG    urllib3.connectionpool https://container.googleapis.com:443 "GET /v1/projects/peppy-arcadia-432311-g5/locations/asia-northeast3/operations/operation-1737441586900-bd3e14fe-81a0-4ba9-aa0f-5b87d009f6e2?alt=json HTTP/1.1" 200 None
2025-01-21 15:42:07,114 DEBUG    urllib3.connectionpool Starting new HTTPS connection (1): container.googleapis.com:443
2025-01-21 15:42:07,247 DEBUG    urllib3.connectionpool https://container.googleapis.com:443 "GET /v1/projects/peppy-arcadia-432311-g5/locations/asia-northeast3/operations/operation-1737441586900-bd3e14fe-81a0-4ba9-aa0f-5b87d009f6e2?alt=json HTTP/1.1" 200 None
2025-01-21 15:42:12,252 DEBUG    urllib3.connectionpool Starting new HTTPS connection (1): container.googleapis.com:443
2025-01-21 15:42:12,442 DEBUG    urllib3.connectionpool https://container.googleapis.com:443 "GET /v1/projects/peppy-arcadia-432311-g5/locations/asia-northeast3/operations/operation-1737441586900-bd3e14fe-81a0-4ba9-aa0f-5b87d009f6e2?alt=json HTTP/1.1" 200 None
2025-01-21 15:42:17,448 DEBUG    urllib3.connectionpool Starting new HTTPS connection (1): container.googleapis.com:443
2025-01-21 15:42:17,544 DEBUG    urllib3.connectionpool https://container.googleapis.com:443 "GET /v1/projects/peppy-arcadia-432311-g5/locations/asia-northeast3/operations/operation-1737441586900-bd3e14fe-81a0-4ba9-aa0f-5b87d009f6e2?alt=json HTTP/1.1" 200 None
2025-01-21 15:42:22,551 DEBUG    urllib3.connectionpool Starting new HTTPS connection (1): container.googleapis.com:443
2025-01-21 15:42:22,660 DEBUG    urllib3.connectionpool https://container.googleapis.com:443 "GET /v1/projects/peppy-arcadia-432311-g5/locations/asia-northeast3/operations/operation-1737441586900-bd3e14fe-81a0-4ba9-aa0f-5b87d009f6e2?alt=json HTTP/1.1" 200 None
2025-01-21 15:42:27,666 DEBUG    urllib3.connectionpool Starting new HTTPS connection (1): container.googleapis.com:443
2025-01-21 15:42:27,799 DEBUG    urllib3.connectionpool https://container.googleapis.com:443 "GET /v1/projects/peppy-arcadia-432311-g5/locations/asia-northeast3/operations/operation-1737441586900-bd3e14fe-81a0-4ba9-aa0f-5b87d009f6e2?alt=json HTTP/1.1" 200 None
2025-01-21 15:42:32,806 DEBUG    urllib3.connectionpool Starting new HTTPS connection (1): container.googleapis.com:443
2025-01-21 15:42:32,943 DEBUG    urllib3.connectionpool https://container.googleapis.com:443 "GET /v1/projects/peppy-arcadia-432311-g5/locations/asia-northeast3/operations/operation-1737441586900-bd3e14fe-81a0-4ba9-aa0f-5b87d009f6e2?alt=json HTTP/1.1" 200 None
2025-01-21 15:42:37,950 DEBUG    urllib3.connectionpool Starting new HTTPS connection (1): container.googleapis.com:443
2025-01-21 15:42:38,168 DEBUG    urllib3.connectionpool https://container.googleapis.com:443 "GET /v1/projects/peppy-arcadia-432311-g5/locations/asia-northeast3/operations/operation-1737441586900-bd3e14fe-81a0-4ba9-aa0f-5b87d009f6e2?alt=json HTTP/1.1" 200 None
2025-01-21 15:42:43,173 DEBUG    urllib3.connectionpool Starting new HTTPS connection (1): container.googleapis.com:443
2025-01-21 15:42:43,307 DEBUG    urllib3.connectionpool https://container.googleapis.com:443 "GET /v1/projects/peppy-arcadia-432311-g5/locations/asia-northeast3/operations/operation-1737441586900-bd3e14fe-81a0-4ba9-aa0f-5b87d009f6e2?alt=json HTTP/1.1" 200 None
2025-01-21 15:42:48,311 DEBUG    urllib3.connectionpool Starting new HTTPS connection (1): container.googleapis.com:443
2025-01-21 15:42:48,444 DEBUG    urllib3.connectionpool https://container.googleapis.com:443 "GET /v1/projects/peppy-arcadia-432311-g5/locations/asia-northeast3/operations/operation-1737441586900-bd3e14fe-81a0-4ba9-aa0f-5b87d009f6e2?alt=json HTTP/1.1" 200 None
2025-01-21 15:42:53,449 DEBUG    urllib3.connectionpool Starting new HTTPS connection (1): container.googleapis.com:443
2025-01-21 15:42:53,614 DEBUG    urllib3.connectionpool https://container.googleapis.com:443 "GET /v1/projects/peppy-arcadia-432311-g5/locations/asia-northeast3/operations/operation-1737441586900-bd3e14fe-81a0-4ba9-aa0f-5b87d009f6e2?alt=json HTTP/1.1" 200 None
2025-01-21 15:42:58,620 DEBUG    urllib3.connectionpool Starting new HTTPS connection (1): container.googleapis.com:443
2025-01-21 15:42:58,773 DEBUG    urllib3.connectionpool https://container.googleapis.com:443 "GET /v1/projects/peppy-arcadia-432311-g5/locations/asia-northeast3/operations/operation-1737441586900-bd3e14fe-81a0-4ba9-aa0f-5b87d009f6e2?alt=json HTTP/1.1" 200 None
2025-01-21 15:43:04,006 DEBUG    urllib3.connectionpool Starting new HTTPS connection (1): container.googleapis.com:443
2025-01-21 15:43:04,202 DEBUG    urllib3.connectionpool https://container.googleapis.com:443 "GET /v1/projects/peppy-arcadia-432311-g5/locations/asia-northeast3/operations/operation-1737441586900-bd3e14fe-81a0-4ba9-aa0f-5b87d009f6e2?alt=json HTTP/1.1" 200 None
2025-01-21 15:43:09,206 DEBUG    urllib3.connectionpool Starting new HTTPS connection (1): container.googleapis.com:443
2025-01-21 15:43:09,289 DEBUG    urllib3.connectionpool https://container.googleapis.com:443 "GET /v1/projects/peppy-arcadia-432311-g5/locations/asia-northeast3/operations/operation-1737441586900-bd3e14fe-81a0-4ba9-aa0f-5b87d009f6e2?alt=json HTTP/1.1" 200 None
2025-01-21 15:43:14,295 DEBUG    urllib3.connectionpool Starting new HTTPS connection (1): container.googleapis.com:443
2025-01-21 15:43:14,385 DEBUG    urllib3.connectionpool https://container.googleapis.com:443 "GET /v1/projects/peppy-arcadia-432311-g5/locations/asia-northeast3/operations/operation-1737441586900-bd3e14fe-81a0-4ba9-aa0f-5b87d009f6e2?alt=json HTTP/1.1" 200 None
2025-01-21 15:43:19,390 DEBUG    urllib3.connectionpool Starting new HTTPS connection (1): container.googleapis.com:443
2025-01-21 15:43:19,542 DEBUG    urllib3.connectionpool https://container.googleapis.com:443 "GET /v1/projects/peppy-arcadia-432311-g5/locations/asia-northeast3/operations/operation-1737441586900-bd3e14fe-81a0-4ba9-aa0f-5b87d009f6e2?alt=json HTTP/1.1" 200 None
2025-01-21 15:43:24,549 DEBUG    urllib3.connectionpool Starting new HTTPS connection (1): container.googleapis.com:443
2025-01-21 15:43:24,681 DEBUG    urllib3.connectionpool https://container.googleapis.com:443 "GET /v1/projects/peppy-arcadia-432311-g5/locations/asia-northeast3/operations/operation-1737441586900-bd3e14fe-81a0-4ba9-aa0f-5b87d009f6e2?alt=json HTTP/1.1" 200 None
2025-01-21 15:43:29,683 DEBUG    urllib3.connectionpool Starting new HTTPS connection (1): container.googleapis.com:443
2025-01-21 15:43:29,822 DEBUG    urllib3.connectionpool https://container.googleapis.com:443 "GET /v1/projects/peppy-arcadia-432311-g5/locations/asia-northeast3/operations/operation-1737441586900-bd3e14fe-81a0-4ba9-aa0f-5b87d009f6e2?alt=json HTTP/1.1" 200 None
2025-01-21 15:43:34,830 DEBUG    urllib3.connectionpool Starting new HTTPS connection (1): container.googleapis.com:443
2025-01-21 15:43:35,018 DEBUG    urllib3.connectionpool https://container.googleapis.com:443 "GET /v1/projects/peppy-arcadia-432311-g5/locations/asia-northeast3/operations/operation-1737441586900-bd3e14fe-81a0-4ba9-aa0f-5b87d009f6e2?alt=json HTTP/1.1" 200 None
2025-01-21 15:43:40,024 DEBUG    urllib3.connectionpool Starting new HTTPS connection (1): container.googleapis.com:443
2025-01-21 15:43:40,192 DEBUG    urllib3.connectionpool https://container.googleapis.com:443 "GET /v1/projects/peppy-arcadia-432311-g5/locations/asia-northeast3/operations/operation-1737441586900-bd3e14fe-81a0-4ba9-aa0f-5b87d009f6e2?alt=json HTTP/1.1" 200 None
2025-01-21 15:43:45,197 DEBUG    urllib3.connectionpool Starting new HTTPS connection (1): container.googleapis.com:443
2025-01-21 15:43:45,285 DEBUG    urllib3.connectionpool https://container.googleapis.com:443 "GET /v1/projects/peppy-arcadia-432311-g5/locations/asia-northeast3/operations/operation-1737441586900-bd3e14fe-81a0-4ba9-aa0f-5b87d009f6e2?alt=json HTTP/1.1" 200 None
2025-01-21 15:43:50,291 DEBUG    urllib3.connectionpool Starting new HTTPS connection (1): container.googleapis.com:443
2025-01-21 15:43:50,438 DEBUG    urllib3.connectionpool https://container.googleapis.com:443 "GET /v1/projects/peppy-arcadia-432311-g5/locations/asia-northeast3/operations/operation-1737441586900-bd3e14fe-81a0-4ba9-aa0f-5b87d009f6e2?alt=json HTTP/1.1" 200 None
2025-01-21 15:43:55,443 DEBUG    urllib3.connectionpool Starting new HTTPS connection (1): container.googleapis.com:443
2025-01-21 15:43:55,629 DEBUG    urllib3.connectionpool https://container.googleapis.com:443 "GET /v1/projects/peppy-arcadia-432311-g5/locations/asia-northeast3/operations/operation-1737441586900-bd3e14fe-81a0-4ba9-aa0f-5b87d009f6e2?alt=json HTTP/1.1" 200 None
2025-01-21 15:44:00,633 DEBUG    urllib3.connectionpool Starting new HTTPS connection (1): container.googleapis.com:443
2025-01-21 15:44:00,785 DEBUG    urllib3.connectionpool https://container.googleapis.com:443 "GET /v1/projects/peppy-arcadia-432311-g5/locations/asia-northeast3/operations/operation-1737441586900-bd3e14fe-81a0-4ba9-aa0f-5b87d009f6e2?alt=json HTTP/1.1" 200 None
2025-01-21 15:44:00,789 INFO     root            Operation <Operation
 clusterConditions: []
 endTime: '2025-01-21T06:43:56.424746765Z'
 name: 'operation-1737441586900-bd3e14fe-81a0-4ba9-aa0f-5b87d009f6e2'
 nodepoolConditions: []
 operationType: OperationTypeValueValuesEnum(DELETE_NODE_POOL, 8)
 selfLink: 'https://container.googleapis.com/v1/projects/134982172036/locations/asia-northeast3/operations/operation-1737441586900-bd3e14fe-81a0-4ba9-aa0f-5b87d009f6e2'
 startTime: '2025-01-21T06:39:46.900453752Z'
 status: StatusValueValuesEnum(DONE, 3)
 targetLink: 'https://container.googleapis.com/v1/projects/134982172036/locations/asia-northeast3/clusters/gcp-dr-gke/nodePools/default-pool'
 zone: 'asia-northeast3'> finished after 2.54e+02 seconds
2025-01-21 15:44:00,813 INFO     ___FILE_ONLY___ Deleted [https://container.googleapis.com/v1/projects/peppy-arcadia-432311-g5/zones/asia-northeast3/clusters/gcp-dr-gke/nodePools/default-pool].

2025-01-21 15:44:00,813 DEBUG    root            Chosen display Format:none
2025-01-21 15:44:00,813 INFO     root            Display format: "none"
2025-01-21 15:44:00,838 DEBUG    root            SDK update checks are disabled.
