2025-01-21 15:59:50,980 DEBUG    root            Loaded Command Group: ['gcloud', 'compute']
2025-01-21 15:59:50,985 DEBUG    root            Loaded Command Group: ['gcloud', 'compute', 'ssl_certificates']
2025-01-21 15:59:51,010 DEBUG    root            Loaded Command Group: ['gcloud', 'compute', 'ssl-certificates', 'list']
2025-01-21 15:59:51,014 DEBUG    root            Running [gcloud.compute.ssl-certificates.list] with arguments: [--project: "peppy-arcadia-432311-g5"]
2025-01-21 15:59:51,242 DEBUG    root            Chosen display Format:    table(
      name,
      type,
      creationTimestamp,
      expireTime,
      region.basename(),
      managed.status:label=MANAGED_STATUS,
      managed.domainStatus:format="yaml"
    )
2025-01-21 15:59:51,243 DEBUG    root            Chosen display Format:yaml
2025-01-21 15:59:51,244 INFO     root            Display format: "    table(
      name,
      type,
      creationTimestamp,
      expireTime,
      region.basename(),
      managed.status:label=MANAGED_STATUS,
      managed.domainStatus:format="yaml"
    )"
2025-01-21 15:59:51,248 DEBUG    urllib3.connectionpool Starting new HTTPS connection (1): compute.googleapis.com:443
2025-01-21 15:59:52,131 DEBUG    urllib3.connectionpool https://compute.googleapis.com:443 "GET /compute/v1/projects/peppy-arcadia-432311-g5/aggregated/sslCertificates?alt=json&includeAllScopes=True&maxResults=500&returnPartialSuccess=True HTTP/1.1" 200 None
2025-01-21 15:59:52,195 INFO     root            cache collection=compute.sslCertificates api_version=v1 params=['project', 'sslCertificate']
2025-01-21 15:59:52,196 INFO     root            cache collection=compute.regionSslCertificates api_version=v1 params=['project', 'region', 'sslCertificate']
2025-01-21 15:59:52,318 INFO     ___FILE_ONLY___ NAME
2025-01-21 15:59:52,319 INFO     ___FILE_ONLY___              
2025-01-21 15:59:52,319 INFO     ___FILE_ONLY___ TYPE
2025-01-21 15:59:52,319 INFO     ___FILE_ONLY___      
2025-01-21 15:59:52,319 INFO     ___FILE_ONLY___ CREATION_TIMESTAMP
2025-01-21 15:59:52,319 INFO     ___FILE_ONLY___              
2025-01-21 15:59:52,319 INFO     ___FILE_ONLY___ EXPIRE_TIME
2025-01-21 15:59:52,319 INFO     ___FILE_ONLY___   
2025-01-21 15:59:52,319 INFO     ___FILE_ONLY___ REGION
2025-01-21 15:59:52,319 INFO     ___FILE_ONLY___   
2025-01-21 15:59:52,319 INFO     ___FILE_ONLY___ MANAGED_STATUS
2025-01-21 15:59:52,319 INFO     ___FILE_ONLY___ 

2025-01-21 15:59:52,319 INFO     ___FILE_ONLY___ lb-managed-cert
2025-01-21 15:59:52,319 INFO     ___FILE_ONLY___   
2025-01-21 15:59:52,330 INFO     ___FILE_ONLY___ MANAGED
2025-01-21 15:59:52,330 INFO     ___FILE_ONLY___   
2025-01-21 15:59:52,330 INFO     ___FILE_ONLY___ 2025-01-20T22:48:30.026-08:00
2025-01-21 15:59:52,331 INFO     ___FILE_ONLY___                        
2025-01-21 15:59:52,331 INFO     ___FILE_ONLY___ PROVISIONING
2025-01-21 15:59:52,331 INFO     ___FILE_ONLY___ 

2025-01-21 15:59:52,332 INFO     ___FILE_ONLY___     ljhun.shop: PROVISIONING

2025-01-21 15:59:52,332 INFO     ___FILE_ONLY___     www.ljhun.shop: PROVISIONING

2025-01-21 15:59:52,333 DEBUG    root            SDK update checks are disabled.
