2025-01-21 16:04:55,245 DEBUG    root            Loaded Command Group: ['gcloud', 'compute']
2025-01-21 16:04:55,248 DEBUG    root            Loaded Command Group: ['gcloud', 'compute', 'ssl_certificates']
2025-01-21 16:04:55,261 DEBUG    root            Loaded Command Group: ['gcloud', 'compute', 'ssl-certificates', 'list']
2025-01-21 16:04:55,264 DEBUG    root            Running [gcloud.compute.ssl-certificates.list] with arguments: [--project: "peppy-arcadia-432311-g5"]
2025-01-21 16:04:55,457 DEBUG    root            Chosen display Format:    table(
      name,
      type,
      creationTimestamp,
      expireTime,
      region.basename(),
      managed.status:label=MANAGED_STATUS,
      managed.domainStatus:format="yaml"
    )
2025-01-21 16:04:55,458 DEBUG    root            Chosen display Format:yaml
2025-01-21 16:04:55,459 INFO     root            Display format: "    table(
      name,
      type,
      creationTimestamp,
      expireTime,
      region.basename(),
      managed.status:label=MANAGED_STATUS,
      managed.domainStatus:format="yaml"
    )"
2025-01-21 16:04:55,461 DEBUG    urllib3.connectionpool Starting new HTTPS connection (1): compute.googleapis.com:443
2025-01-21 16:04:56,264 DEBUG    urllib3.connectionpool https://compute.googleapis.com:443 "GET /compute/v1/projects/peppy-arcadia-432311-g5/aggregated/sslCertificates?alt=json&includeAllScopes=True&maxResults=500&returnPartialSuccess=True HTTP/1.1" 200 None
2025-01-21 16:04:56,319 INFO     root            cache collection=compute.sslCertificates api_version=v1 params=['project', 'sslCertificate']
2025-01-21 16:04:56,319 INFO     root            cache collection=compute.regionSslCertificates api_version=v1 params=['project', 'region', 'sslCertificate']
2025-01-21 16:04:56,360 INFO     ___FILE_ONLY___ NAME
2025-01-21 16:04:56,360 INFO     ___FILE_ONLY___              
2025-01-21 16:04:56,360 INFO     ___FILE_ONLY___ TYPE
2025-01-21 16:04:56,360 INFO     ___FILE_ONLY___      
2025-01-21 16:04:56,360 INFO     ___FILE_ONLY___ CREATION_TIMESTAMP
2025-01-21 16:04:56,360 INFO     ___FILE_ONLY___              
2025-01-21 16:04:56,360 INFO     ___FILE_ONLY___ EXPIRE_TIME
2025-01-21 16:04:56,360 INFO     ___FILE_ONLY___   
2025-01-21 16:04:56,361 INFO     ___FILE_ONLY___ REGION
2025-01-21 16:04:56,361 INFO     ___FILE_ONLY___   
2025-01-21 16:04:56,361 INFO     ___FILE_ONLY___ MANAGED_STATUS
2025-01-21 16:04:56,361 INFO     ___FILE_ONLY___ 

2025-01-21 16:04:56,361 INFO     ___FILE_ONLY___ lb-managed-cert
2025-01-21 16:04:56,362 INFO     ___FILE_ONLY___   
2025-01-21 16:04:56,362 INFO     ___FILE_ONLY___ MANAGED
2025-01-21 16:04:56,362 INFO     ___FILE_ONLY___   
2025-01-21 16:04:56,362 INFO     ___FILE_ONLY___ 2025-01-20T22:48:30.026-08:00
2025-01-21 16:04:56,362 INFO     ___FILE_ONLY___                        
2025-01-21 16:04:56,362 INFO     ___FILE_ONLY___ PROVISIONING
2025-01-21 16:04:56,362 INFO     ___FILE_ONLY___ 

2025-01-21 16:04:56,363 INFO     ___FILE_ONLY___     ljhun.shop: PROVISIONING

2025-01-21 16:04:56,364 INFO     ___FILE_ONLY___     www.ljhun.shop: PROVISIONING

2025-01-21 16:04:56,364 DEBUG    root            SDK update checks are disabled.
