2025-01-21 16:09:13,445 DEBUG    root            Loaded Command Group: ['gcloud', 'compute']
2025-01-21 16:09:13,448 DEBUG    root            Loaded Command Group: ['gcloud', 'compute', 'ssl_certificates']
2025-01-21 16:09:13,456 DEBUG    root            Loaded Command Group: ['gcloud', 'compute', 'ssl-certificates', 'list']
2025-01-21 16:09:13,458 DEBUG    root            Running [gcloud.compute.ssl-certificates.list] with arguments: [--project: "peppy-arcadia-432311-g5"]
2025-01-21 16:09:13,641 DEBUG    root            Chosen display Format:    table(
      name,
      type,
      creationTimestamp,
      expireTime,
      region.basename(),
      managed.status:label=MANAGED_STATUS,
      managed.domainStatus:format="yaml"
    )
2025-01-21 16:09:13,642 DEBUG    root            Chosen display Format:yaml
2025-01-21 16:09:13,643 INFO     root            Display format: "    table(
      name,
      type,
      creationTimestamp,
      expireTime,
      region.basename(),
      managed.status:label=MANAGED_STATUS,
      managed.domainStatus:format="yaml"
    )"
2025-01-21 16:09:13,646 DEBUG    urllib3.connectionpool Starting new HTTPS connection (1): compute.googleapis.com:443
2025-01-21 16:09:14,475 DEBUG    urllib3.connectionpool https://compute.googleapis.com:443 "GET /compute/v1/projects/peppy-arcadia-432311-g5/aggregated/sslCertificates?alt=json&includeAllScopes=True&maxResults=500&returnPartialSuccess=True HTTP/1.1" 200 None
2025-01-21 16:09:14,507 INFO     root            cache collection=compute.sslCertificates api_version=v1 params=['project', 'sslCertificate']
2025-01-21 16:09:14,508 INFO     root            cache collection=compute.regionSslCertificates api_version=v1 params=['project', 'region', 'sslCertificate']
2025-01-21 16:09:14,555 INFO     ___FILE_ONLY___ NAME
2025-01-21 16:09:14,556 INFO     ___FILE_ONLY___              
2025-01-21 16:09:14,556 INFO     ___FILE_ONLY___ TYPE
2025-01-21 16:09:14,556 INFO     ___FILE_ONLY___      
2025-01-21 16:09:14,556 INFO     ___FILE_ONLY___ CREATION_TIMESTAMP
2025-01-21 16:09:14,556 INFO     ___FILE_ONLY___              
2025-01-21 16:09:14,556 INFO     ___FILE_ONLY___ EXPIRE_TIME
2025-01-21 16:09:14,556 INFO     ___FILE_ONLY___                     
2025-01-21 16:09:14,556 INFO     ___FILE_ONLY___ REGION
2025-01-21 16:09:14,556 INFO     ___FILE_ONLY___   
2025-01-21 16:09:14,556 INFO     ___FILE_ONLY___ MANAGED_STATUS
2025-01-21 16:09:14,556 INFO     ___FILE_ONLY___ 

2025-01-21 16:09:14,557 INFO     ___FILE_ONLY___ lb-managed-cert
2025-01-21 16:09:14,557 INFO     ___FILE_ONLY___   
2025-01-21 16:09:14,557 INFO     ___FILE_ONLY___ MANAGED
2025-01-21 16:09:14,557 INFO     ___FILE_ONLY___   
2025-01-21 16:09:14,557 INFO     ___FILE_ONLY___ 2025-01-20T22:48:30.026-08:00
2025-01-21 16:09:14,557 INFO     ___FILE_ONLY___   
2025-01-21 16:09:14,557 INFO     ___FILE_ONLY___ 2025-04-20T23:48:31.000-07:00
2025-01-21 16:09:14,557 INFO     ___FILE_ONLY___           
2025-01-21 16:09:14,557 INFO     ___FILE_ONLY___ ACTIVE
2025-01-21 16:09:14,557 INFO     ___FILE_ONLY___ 

2025-01-21 16:09:14,558 INFO     ___FILE_ONLY___     ljhun.shop: ACTIVE

2025-01-21 16:09:14,559 INFO     ___FILE_ONLY___     www.ljhun.shop: ACTIVE

2025-01-21 16:09:14,559 DEBUG    root            SDK update checks are disabled.
