2025-01-21 16:36:24,994 DEBUG    root            Loaded Command Group: ['gcloud', 'config']
2025-01-21 16:36:25,002 DEBUG    root            Loaded Command Group: ['gcloud', 'config', 'config_helper']
2025-01-21 16:36:25,004 DEBUG    root            Running [gcloud.config.config-helper] with arguments: [--format: "json"]
2025-01-21 16:36:25,065 DEBUG    google.auth.transport.requests Making request: POST https://oauth2.googleapis.com/token
2025-01-21 16:36:25,067 DEBUG    urllib3.connectionpool Starting new HTTPS connection (1): oauth2.googleapis.com:443
2025-01-21 16:36:25,407 DEBUG    urllib3.connectionpool https://oauth2.googleapis.com:443 "POST /token HTTP/1.1" 200 None
2025-01-21 16:36:25,436 DEBUG    root            Chosen display Format:default json
2025-01-21 16:36:25,436 INFO     root            Display format: "default json"
2025-01-21 16:36:25,487 INFO     ___FILE_ONLY___ {
  "configuration": {
    "active_configuration": "default",
    "properties": {
      "core": {
        "account": "1201ljhun@gmail.com",
        "disable_usage_reporting": "True",
        "project": "peppy-arcadia-432311-g5"
      }
    }
  },
  "credential": {
    "access_token": "ya29.a0ARW5m76j4gjM5RQJeW2I43iKq2eo_WRt8gHvy0z65WdddSJputdEzlIzpiCuv4K-4NsxxnoxJi9mkxTVKNn44_loj147A3hXNm8wYFWGe6qhDrJp7Y26YbjRrtjcPhfIRkNvh8Vt5bgrHoCNyX0IZqJFaZ9OJrl-4F_vM2UcQ7gdJhgaCgYKAWcSARISFQHGX2MiJmffGNQWLLV9ml3oXbFKIQ0182",
    "id_token": "eyJhbGciOiJSUzI1NiIsImtpZCI6IjYzMzdiZTYzNjRmMzgyNDAwOGQwZTkwMDNmNTBiYjZiNDNkNWE5YzYiLCJ0eXAiOiJKV1QifQ.eyJpc3MiOiJodHRwczovL2FjY291bnRzLmdvb2dsZS5jb20iLCJhenAiOiIzMjU1NTk0MDU1OS5hcHBzLmdvb2dsZXVzZXJjb250ZW50LmNvbSIsImF1ZCI6IjMyNTU1OTQwNTU5LmFwcHMuZ29vZ2xldXNlcmNvbnRlbnQuY29tIiwic3ViIjoiMTA1MDk2MzU3NDMwMjQzNjQxMTQxIiwiZW1haWwiOiIxMjAxbGpodW5AZ21haWwuY29tIiwiZW1haWxfdmVyaWZpZWQiOnRydWUsImF0X2hhc2giOiJkLThlcm5uSFlXSUhvb0RndFE5ckZRIiwiaWF0IjoxNzM3NDQ0OTg1LCJleHAiOjE3Mzc0NDg1ODV9.zOyFegqu5GIKa6tcOvvJWV5nqftKBFgpKXqgON8Tb0Ux9dxjPG9j25015Bt06gahEY6k2jcLZDlS4pkoxBsDrzGALy5owuJ0J0PlzqZLmb8CyalDv2MNJx35_XjaPq7EYPsf-sMI6FQHMHwIPdJwuOOE4OyjT9fpl7ODrdiFzMIfzu-FobJKdLKvP2lFb09RZoHr11ry9TH4MzdvPqaoArha4Dcfrswz-PN1Jj9wVkcRz7S35kKgPw_VTJ9-lnALTA-QsPiRUiI4VeA6RlhXN3s1DJNH_giRhUPIaI0aPwR0BdXV3G-QE8YzOKPMaL_56FWbln8YWbzDtGQuPsN22Q",
    "token_expiry": "2025-01-21T08:36:24Z"
  },
  "sentinels": {
    "config_sentinel": "/home/ubuntu/.config/gcloud/config_sentinel"
  }
}
2025-01-21 16:36:25,487 INFO     ___FILE_ONLY___ 

2025-01-21 16:36:25,488 DEBUG    root            SDK update checks are disabled.
