2025-01-21 18:04:55,992 DEBUG    root            Loaded Command Group: ['gcloud', 'config']
2025-01-21 18:04:55,994 DEBUG    root            Loaded Command Group: ['gcloud', 'config', 'config_helper']
2025-01-21 18:04:55,996 DEBUG    root            Running [gcloud.config.config-helper] with arguments: [--format: "json"]
2025-01-21 18:04:56,009 DEBUG    root            Chosen display Format:default json
2025-01-21 18:04:56,009 INFO     root            Display format: "default json"
2025-01-21 18:04:56,022 INFO     ___FILE_ONLY___ {
  "configuration": {
    "active_configuration": "default",
    "properties": {
      "core": {
        "account": "1201ljhun@gmail.com",
        "disable_usage_reporting": "True",
        "project": "peppy-arcadia-432311-g5"
      }
    }
  },
  "credential": {
    "access_token": "ya29.a0ARW5m77cDP2k0JFlLJ81gQIixby7kuZACjWpIzusYWUl7XCJNCyJXQlG_gDUjy25waHmwFRK0wh3F381pJ9OrWkdyr1dvdZpk5SUYZC0E3CdLiFjAeuEBVcNuR0ASKYTTOsdjOGPu8HJCOrJK2Gq0QgQf6HzjBpgDY0dm-DRyTGxZroaCgYKAaoSARISFQHGX2MiIDLKLsBokgw7RTAMEY_o8A0182",
    "id_token": "eyJhbGciOiJSUzI1NiIsImtpZCI6IjYzMzdiZTYzNjRmMzgyNDAwOGQwZTkwMDNmNTBiYjZiNDNkNWE5YzYiLCJ0eXAiOiJKV1QifQ.eyJpc3MiOiJodHRwczovL2FjY291bnRzLmdvb2dsZS5jb20iLCJhenAiOiIzMjU1NTk0MDU1OS5hcHBzLmdvb2dsZXVzZXJjb250ZW50LmNvbSIsImF1ZCI6IjMyNTU1OTQwNTU5LmFwcHMuZ29vZ2xldXNlcmNvbnRlbnQuY29tIiwic3ViIjoiMTA1MDk2MzU3NDMwMjQzNjQxMTQxIiwiZW1haWwiOiIxMjAxbGpodW5AZ21haWwuY29tIiwiZW1haWxfdmVyaWZpZWQiOnRydWUsImF0X2hhc2giOiJEajBXbnpuOTZBbDUzTkF2T1E4d0pnIiwiaWF0IjoxNzM3NDUwMjI0LCJleHAiOjE3Mzc0NTM4MjR9.K8z4EPGZqDH93FlV-lXtAcuMlCUhxXXk2MGleflihH82DlFc3X3Y6LGqGlTiDrHnzyPuWJvmDUruZ3IbAReIeCMjDGOfa9Qej0-boZgaHm7ypwvejjTGjRrlLBU3JTSZeRJbl0XoY_3fZTtdscwTItJuYmW-uCrftUJ6-Yh93CcRihsnH68Zgsp3bL-CeYcUeOEL1J7WA96Rzkg77pbiJverjfMLN14HPGMhxbMZUvpCKBw6ZzDm-_69Y9x9Vf4fVRJJlBI8BY_8ce4LcVNF_AuMmnXZT3xF07OcsbJxrdVxxqED4BXZaGQoPGuX3eRve94ObxCdLFn0hl05QRlfRA",
    "token_expiry": "2025-01-21T10:03:43Z"
  },
  "sentinels": {
    "config_sentinel": "/home/ubuntu/.config/gcloud/config_sentinel"
  }
}
2025-01-21 18:04:56,022 INFO     ___FILE_ONLY___ 

2025-01-21 18:04:56,023 DEBUG    root            SDK update checks are disabled.
