2025-01-21 19:04:33,026 DEBUG    root            Loaded Command Group: ['gcloud', 'compute']
2025-01-21 19:04:33,030 DEBUG    root            Loaded Command Group: ['gcloud', 'compute', 'firewall_rules']
2025-01-21 19:04:33,041 DEBUG    root            Loaded Command Group: ['gcloud', 'compute', 'firewall-rules', 'list']
2025-01-21 19:04:33,044 DEBUG    root            Running [gcloud.compute.firewall-rules.list] with arguments: []
2025-01-21 19:04:33,237 DEBUG    root            Chosen display Format:    table(
      name,
      network.basename(),
      direction,
      priority,
      allowed[].map().firewall_rule().list():label=ALLOW,
      denied[].map().firewall_rule().list():label=DENY,
      disabled
    )
2025-01-21 19:04:33,239 INFO     root            Display format: "    table(
      name,
      network.basename(),
      direction,
      priority,
      allowed[].map().firewall_rule().list():label=ALLOW,
      denied[].map().firewall_rule().list():label=DENY,
      disabled
    )"
2025-01-21 19:04:33,241 DEBUG    urllib3.connectionpool Starting new HTTPS connection (1): compute.googleapis.com:443
2025-01-21 19:04:33,823 DEBUG    urllib3.connectionpool https://compute.googleapis.com:443 "GET /compute/v1/projects/peppy-arcadia-432311-g5/global/firewalls?alt=json&maxResults=500 HTTP/1.1" 200 None
2025-01-21 19:04:33,868 INFO     root            cache collection=compute.firewalls api_version=v1 params=['project', 'firewall']
2025-01-21 19:04:33,920 INFO     ___FILE_ONLY___ NAME
2025-01-21 19:04:33,920 INFO     ___FILE_ONLY___                                
2025-01-21 19:04:33,920 INFO     ___FILE_ONLY___ NETWORK
2025-01-21 19:04:33,920 INFO     ___FILE_ONLY___      
2025-01-21 19:04:33,920 INFO     ___FILE_ONLY___ DIRECTION
2025-01-21 19:04:33,920 INFO     ___FILE_ONLY___   
2025-01-21 19:04:33,920 INFO     ___FILE_ONLY___ PRIORITY
2025-01-21 19:04:33,920 INFO     ___FILE_ONLY___   
2025-01-21 19:04:33,921 INFO     ___FILE_ONLY___ ALLOW
2025-01-21 19:04:33,921 INFO     ___FILE_ONLY___                          
2025-01-21 19:04:33,921 INFO     ___FILE_ONLY___ DENY
2025-01-21 19:04:33,921 INFO     ___FILE_ONLY___        
2025-01-21 19:04:33,921 INFO     ___FILE_ONLY___ DISABLED
2025-01-21 19:04:33,921 INFO     ___FILE_ONLY___ 

2025-01-21 19:04:33,921 INFO     ___FILE_ONLY___ default-allow-icmp
2025-01-21 19:04:33,921 INFO     ___FILE_ONLY___                  
2025-01-21 19:04:33,921 INFO     ___FILE_ONLY___ default
2025-01-21 19:04:33,921 INFO     ___FILE_ONLY___      
2025-01-21 19:04:33,921 INFO     ___FILE_ONLY___ INGRESS
2025-01-21 19:04:33,921 INFO     ___FILE_ONLY___     
2025-01-21 19:04:33,921 INFO     ___FILE_ONLY___ 65534
2025-01-21 19:04:33,921 INFO     ___FILE_ONLY___      
2025-01-21 19:04:33,921 INFO     ___FILE_ONLY___ icmp
2025-01-21 19:04:33,921 INFO     ___FILE_ONLY___                                      
2025-01-21 19:04:33,921 INFO     ___FILE_ONLY___ False
2025-01-21 19:04:33,922 INFO     ___FILE_ONLY___ 

2025-01-21 19:04:33,922 INFO     ___FILE_ONLY___ default-allow-internal
2025-01-21 19:04:33,922 INFO     ___FILE_ONLY___              
2025-01-21 19:04:33,922 INFO     ___FILE_ONLY___ default
2025-01-21 19:04:33,922 INFO     ___FILE_ONLY___      
2025-01-21 19:04:33,922 INFO     ___FILE_ONLY___ INGRESS
2025-01-21 19:04:33,922 INFO     ___FILE_ONLY___     
2025-01-21 19:04:33,922 INFO     ___FILE_ONLY___ 65534
2025-01-21 19:04:33,922 INFO     ___FILE_ONLY___      
2025-01-21 19:04:33,922 INFO     ___FILE_ONLY___ tcp:0-65535,udp:0-65535,icmp
2025-01-21 19:04:33,922 INFO     ___FILE_ONLY___              
2025-01-21 19:04:33,922 INFO     ___FILE_ONLY___ False
2025-01-21 19:04:33,922 INFO     ___FILE_ONLY___ 

2025-01-21 19:04:33,922 INFO     ___FILE_ONLY___ default-allow-rdp
2025-01-21 19:04:33,922 INFO     ___FILE_ONLY___                   
2025-01-21 19:04:33,922 INFO     ___FILE_ONLY___ default
2025-01-21 19:04:33,922 INFO     ___FILE_ONLY___      
2025-01-21 19:04:33,922 INFO     ___FILE_ONLY___ INGRESS
2025-01-21 19:04:33,922 INFO     ___FILE_ONLY___     
2025-01-21 19:04:33,923 INFO     ___FILE_ONLY___ 65534
2025-01-21 19:04:33,923 INFO     ___FILE_ONLY___      
2025-01-21 19:04:33,923 INFO     ___FILE_ONLY___ tcp:3389
2025-01-21 19:04:33,923 INFO     ___FILE_ONLY___                                  
2025-01-21 19:04:33,923 INFO     ___FILE_ONLY___ False
2025-01-21 19:04:33,923 INFO     ___FILE_ONLY___ 

2025-01-21 19:04:33,923 INFO     ___FILE_ONLY___ default-allow-ssh
2025-01-21 19:04:33,923 INFO     ___FILE_ONLY___                   
2025-01-21 19:04:33,923 INFO     ___FILE_ONLY___ default
2025-01-21 19:04:33,923 INFO     ___FILE_ONLY___      
2025-01-21 19:04:33,923 INFO     ___FILE_ONLY___ INGRESS
2025-01-21 19:04:33,923 INFO     ___FILE_ONLY___     
2025-01-21 19:04:33,923 INFO     ___FILE_ONLY___ 65534
2025-01-21 19:04:33,923 INFO     ___FILE_ONLY___      
2025-01-21 19:04:33,923 INFO     ___FILE_ONLY___ tcp:22
2025-01-21 19:04:33,923 INFO     ___FILE_ONLY___                                    
2025-01-21 19:04:33,923 INFO     ___FILE_ONLY___ False
2025-01-21 19:04:33,923 INFO     ___FILE_ONLY___ 

2025-01-21 19:04:33,923 INFO     ___FILE_ONLY___ gke-gcp-dr-gke-712cf15c-all
2025-01-21 19:04:33,924 INFO     ___FILE_ONLY___         
2025-01-21 19:04:33,924 INFO     ___FILE_ONLY___ gcp-dr-vpc
2025-01-21 19:04:33,924 INFO     ___FILE_ONLY___   
2025-01-21 19:04:33,924 INFO     ___FILE_ONLY___ INGRESS
2025-01-21 19:04:33,924 INFO     ___FILE_ONLY___     
2025-01-21 19:04:33,924 INFO     ___FILE_ONLY___ 1000
2025-01-21 19:04:33,924 INFO     ___FILE_ONLY___       
2025-01-21 19:04:33,924 INFO     ___FILE_ONLY___ udp,icmp,esp,ah,sctp,tcp
2025-01-21 19:04:33,924 INFO     ___FILE_ONLY___                  
2025-01-21 19:04:33,924 INFO     ___FILE_ONLY___ False
2025-01-21 19:04:33,924 INFO     ___FILE_ONLY___ 

2025-01-21 19:04:33,924 INFO     ___FILE_ONLY___ gke-gcp-dr-gke-712cf15c-exkubelet
2025-01-21 19:04:33,924 INFO     ___FILE_ONLY___   
2025-01-21 19:04:33,924 INFO     ___FILE_ONLY___ gcp-dr-vpc
2025-01-21 19:04:33,924 INFO     ___FILE_ONLY___   
2025-01-21 19:04:33,924 INFO     ___FILE_ONLY___ INGRESS
2025-01-21 19:04:33,924 INFO     ___FILE_ONLY___     
2025-01-21 19:04:33,924 INFO     ___FILE_ONLY___ 1000
2025-01-21 19:04:33,924 INFO     ___FILE_ONLY___                                     
2025-01-21 19:04:33,924 INFO     ___FILE_ONLY___ tcp:10255
2025-01-21 19:04:33,924 INFO     ___FILE_ONLY___   
2025-01-21 19:04:33,924 INFO     ___FILE_ONLY___ False
2025-01-21 19:04:33,925 INFO     ___FILE_ONLY___ 

2025-01-21 19:04:33,925 INFO     ___FILE_ONLY___ gke-gcp-dr-gke-712cf15c-inkubelet
2025-01-21 19:04:33,925 INFO     ___FILE_ONLY___   
2025-01-21 19:04:33,925 INFO     ___FILE_ONLY___ gcp-dr-vpc
2025-01-21 19:04:33,925 INFO     ___FILE_ONLY___   
2025-01-21 19:04:33,925 INFO     ___FILE_ONLY___ INGRESS
2025-01-21 19:04:33,925 INFO     ___FILE_ONLY___     
2025-01-21 19:04:33,925 INFO     ___FILE_ONLY___ 999
2025-01-21 19:04:33,925 INFO     ___FILE_ONLY___        
2025-01-21 19:04:33,925 INFO     ___FILE_ONLY___ tcp:10255
2025-01-21 19:04:33,925 INFO     ___FILE_ONLY___                                 
2025-01-21 19:04:33,925 INFO     ___FILE_ONLY___ False
2025-01-21 19:04:33,925 INFO     ___FILE_ONLY___ 

2025-01-21 19:04:33,925 INFO     ___FILE_ONLY___ gke-gcp-dr-gke-712cf15c-vms
2025-01-21 19:04:33,925 INFO     ___FILE_ONLY___         
2025-01-21 19:04:33,925 INFO     ___FILE_ONLY___ gcp-dr-vpc
2025-01-21 19:04:33,925 INFO     ___FILE_ONLY___   
2025-01-21 19:04:33,925 INFO     ___FILE_ONLY___ INGRESS
2025-01-21 19:04:33,925 INFO     ___FILE_ONLY___     
2025-01-21 19:04:33,925 INFO     ___FILE_ONLY___ 1000
2025-01-21 19:04:33,925 INFO     ___FILE_ONLY___       
2025-01-21 19:04:33,925 INFO     ___FILE_ONLY___ icmp,tcp:1-65535,udp:1-65535
2025-01-21 19:04:33,926 INFO     ___FILE_ONLY___              
2025-01-21 19:04:33,926 INFO     ___FILE_ONLY___ False
2025-01-21 19:04:33,926 INFO     ___FILE_ONLY___ 

2025-01-21 19:04:33,926 INFO     ___FILE_ONLY___ k8s-fw-l7--78a0c8651e7182cc
2025-01-21 19:04:33,926 INFO     ___FILE_ONLY___         
2025-01-21 19:04:33,926 INFO     ___FILE_ONLY___ gcp-dr-vpc
2025-01-21 19:04:33,926 INFO     ___FILE_ONLY___   
2025-01-21 19:04:33,926 INFO     ___FILE_ONLY___ INGRESS
2025-01-21 19:04:33,926 INFO     ___FILE_ONLY___     
2025-01-21 19:04:33,926 INFO     ___FILE_ONLY___ 1000
2025-01-21 19:04:33,926 INFO     ___FILE_ONLY___       
2025-01-21 19:04:33,926 INFO     ___FILE_ONLY___ tcp:30000-32767,tcp:8089
2025-01-21 19:04:33,926 INFO     ___FILE_ONLY___                  
2025-01-21 19:04:33,926 INFO     ___FILE_ONLY___ False
2025-01-21 19:04:33,926 INFO     ___FILE_ONLY___ 

2025-01-21 19:04:33,926 INFO     ___FILE_ONLY___ 
To show all fields of the firewall, please show in JSON format: --format=json
To show all fields in table format, please see the examples in --help.


2025-01-21 19:04:33,927 DEBUG    root            SDK update checks are disabled.
