2025-01-21 19:11:31,778 DEBUG    root            Loaded Command Group: ['gcloud', 'config']
2025-01-21 19:11:31,784 DEBUG    root            Loaded Command Group: ['gcloud', 'config', 'config_helper']
2025-01-21 19:11:31,787 DEBUG    root            Running [gcloud.config.config-helper] with arguments: [--format: "json"]
2025-01-21 19:11:31,808 DEBUG    root            Chosen display Format:default json
2025-01-21 19:11:31,809 INFO     root            Display format: "default json"
2025-01-21 19:11:31,846 INFO     ___FILE_ONLY___ {
  "configuration": {
    "active_configuration": "default",
    "properties": {
      "core": {
        "account": "1201ljhun@gmail.com",
        "disable_usage_reporting": "True",
        "project": "peppy-arcadia-432311-g5"
      }
    }
  },
  "credential": {
    "access_token": "ya29.a0ARW5m75MQXdKBnk1qQSMpYRUmf9tBil0oGVeK9urWgPpeGAA-RgG85wm_xEfqzMibuMIO_-cD0U6VOmjp5yNbkuoA2BnwJMzrSG98YYaQjwv31-ZUYBBY2EuroWH5D7uTGjhmIXGloABumUzG4tbyyXOazVzEF9NSEESAu1Lw5Dlx_4aCgYKAXsSARISFQHGX2Mi6uC0hgDJuUPhDhBu5_B3Sw0182",
    "id_token": "eyJhbGciOiJSUzI1NiIsImtpZCI6IjYzMzdiZTYzNjRmMzgyNDAwOGQwZTkwMDNmNTBiYjZiNDNkNWE5YzYiLCJ0eXAiOiJKV1QifQ.eyJpc3MiOiJodHRwczovL2FjY291bnRzLmdvb2dsZS5jb20iLCJhenAiOiIzMjU1NTk0MDU1OS5hcHBzLmdvb2dsZXVzZXJjb250ZW50LmNvbSIsImF1ZCI6IjMyNTU1OTQwNTU5LmFwcHMuZ29vZ2xldXNlcmNvbnRlbnQuY29tIiwic3ViIjoiMTA1MDk2MzU3NDMwMjQzNjQxMTQxIiwiZW1haWwiOiIxMjAxbGpodW5AZ21haWwuY29tIiwiZW1haWxfdmVyaWZpZWQiOnRydWUsImF0X2hhc2giOiJqVy10R3Y2YVlNMG1SbTh5NmRYMUR3IiwiaWF0IjoxNzM3NDUzNTMxLCJleHAiOjE3Mzc0NTcxMzF9.fRT84T4TAmFsE90sroG_RuyvIv7BRjgFY2rqqhNnQ5VfMOwlRUda3IaMLgGHcmnEfb0Tb8thGT37H2Ef8CWL1DzBGvDmtIIvF1kAg99Y_O8q2FkfumQtX4FgdvXXYbJavhA5lO0NhZ6kRhFzLYFrzHfb1s7jw3H7CcUC3f6HoeL5pyIhhgZ0DQnIXz4hWucTvk1HahZQlkOoLfmsxYvTlwenTFGGIiJzJev0nNiDU8Bey5wGBUQWejrzEiQfX3uY6pmp1Z_XIcZc5OmzhbXez18ufHF4-JEp_tFzLFlNuKBHonE1CQDv4n7vrqsWDtrn7fqZrFyCNQ_5xxzOPzAHwQ",
    "token_expiry": "2025-01-21T10:58:50Z"
  },
  "sentinels": {
    "config_sentinel": "/home/ubuntu/.config/gcloud/config_sentinel"
  }
}
2025-01-21 19:11:31,846 INFO     ___FILE_ONLY___ 

2025-01-21 19:11:31,847 DEBUG    root            SDK update checks are disabled.
