2025-01-21 19:42:02,306 DEBUG    root            Loaded Command Group: ['gcloud', 'compute']
2025-01-21 19:42:02,309 DEBUG    root            Loaded Command Group: ['gcloud', 'compute', 'forwarding_rules']
2025-01-21 19:42:02,329 DEBUG    root            Loaded Command Group: ['gcloud', 'compute', 'forwarding-rules', 'delete']
2025-01-21 19:42:02,332 DEBUG    root            Running [gcloud.compute.forwarding-rules.delete] with arguments: [NAME:1: "['lb-http-forwarding-rule']"]
2025-01-21 19:42:02,499 DEBUG    urllib3.connectionpool Starting new HTTPS connection (1): compute.googleapis.com:443
2025-01-21 19:42:03,402 DEBUG    urllib3.connectionpool https://compute.googleapis.com:443 "GET /compute/v1/projects/peppy-arcadia-432311-g5/regions?alt=json&maxResults=500 HTTP/1.1" 200 None
2025-01-21 19:42:17,564 DEBUG    root            Chosen display Format:list[title="The following forwarding rules will be deleted:",always-display-title]
2025-01-21 19:42:18,913 DEBUG    urllib3.connectionpool Starting new HTTPS connection (1): compute.googleapis.com:443
2025-01-21 19:42:19,323 DEBUG    urllib3.connectionpool https://compute.googleapis.com:443 "DELETE /compute/v1/projects/peppy-arcadia-432311-g5/regions/asia-northeast3/forwardingRules/lb-http-forwarding-rule?alt=json HTTP/1.1" 404 None
2025-01-21 19:42:19,326 DEBUG    root            Chosen display Format:list[title="Could not fetch resource:",always-display-title]
2025-01-21 19:42:19,326 DEBUG    root            (gcloud.compute.forwarding-rules.delete) Could not fetch resource:
 - The resource 'projects/peppy-arcadia-432311-g5/regions/asia-northeast3/forwardingRules/lb-http-forwarding-rule' was not found
Traceback (most recent call last):
  File "/usr/bin/../lib/google-cloud-sdk/lib/googlecloudsdk/calliope/cli.py", line 998, in Execute
    resources = calliope_command.Run(cli=self, args=args)
                ^^^^^^^^^^^^^^^^^^^^^^^^^^^^^^^^^^^^^^^^^
  File "/usr/bin/../lib/google-cloud-sdk/lib/googlecloudsdk/calliope/backend.py", line 934, in Run
    resources = command_instance.Run(args)
                ^^^^^^^^^^^^^^^^^^^^^^^^^^
  File "/usr/bin/../lib/google-cloud-sdk/lib/surface/compute/forwarding_rules/delete.py", line 82, in Run
    return _Run(args, holder, self.FORWARDING_RULES_ARG)
           ^^^^^^^^^^^^^^^^^^^^^^^^^^^^^^^^^^^^^^^^^^^^^
  File "/usr/bin/../lib/google-cloud-sdk/lib/surface/compute/forwarding_rules/delete.py", line 65, in _Run
    return client.MakeRequests(requests)
           ^^^^^^^^^^^^^^^^^^^^^^^^^^^^^
  File "/usr/bin/../lib/google-cloud-sdk/lib/googlecloudsdk/api_lib/compute/client_adapter.py", line 145, in MakeRequests
    utils.RaiseToolException(
  File "/usr/bin/../lib/google-cloud-sdk/lib/googlecloudsdk/api_lib/compute/utils.py", line 139, in RaiseToolException
    RaiseException(problems, calliope_exceptions.ToolException, error_message)
  File "/usr/bin/../lib/google-cloud-sdk/lib/googlecloudsdk/api_lib/compute/utils.py", line 148, in RaiseException
    raise exception(
googlecloudsdk.calliope.exceptions.ToolException: Could not fetch resource:
 - The resource 'projects/peppy-arcadia-432311-g5/regions/asia-northeast3/forwardingRules/lb-http-forwarding-rule' was not found

2025-01-21 19:42:19,334 ERROR    root            (gcloud.compute.forwarding-rules.delete) Could not fetch resource:
 - The resource 'projects/peppy-arcadia-432311-g5/regions/asia-northeast3/forwardingRules/lb-http-forwarding-rule' was not found

