2025-01-21 23:12:56,686 DEBUG    root            Loaded Command Group: ['gcloud', 'container', 'node_pools']
2025-01-21 23:12:56,690 DEBUG    root            Loaded Command Group: ['gcloud', 'container', 'node-pools', 'delete']
2025-01-21 23:12:56,768 DEBUG    google.auth.transport.requests Making request: POST https://oauth2.googleapis.com/token
2025-01-21 23:12:56,772 DEBUG    urllib3.connectionpool Starting new HTTPS connection (1): oauth2.googleapis.com:443
2025-01-21 23:12:57,139 DEBUG    urllib3.connectionpool https://oauth2.googleapis.com:443 "POST /token HTTP/1.1" 200 None
2025-01-21 23:12:57,207 DEBUG    root            Running [gcloud.container.node-pools.delete] with arguments: [--cluster: "gcp-dr-gke", --quiet: "True", --region: "asia-northeast3", NAME: "default-pool"]
2025-01-21 23:12:57,210 DEBUG    urllib3.connectionpool Starting new HTTPS connection (1): container.googleapis.com:443
2025-01-21 23:12:57,465 DEBUG    urllib3.connectionpool https://container.googleapis.com:443 "GET /v1/projects/peppy-arcadia-432311-g5/locations/asia-northeast3/clusters/gcp-dr-gke/nodePools/default-pool?alt=json HTTP/1.1" 200 None
2025-01-21 23:12:57,477 DEBUG    urllib3.connectionpool Starting new HTTPS connection (1): container.googleapis.com:443
2025-01-21 23:12:57,896 DEBUG    urllib3.connectionpool https://container.googleapis.com:443 "DELETE /v1/projects/peppy-arcadia-432311-g5/locations/asia-northeast3/clusters/gcp-dr-gke/nodePools/default-pool?alt=json HTTP/1.1" 200 None
2025-01-21 23:12:57,900 INFO     ___FILE_ONLY___ Deleting node pool default-pool...
2025-01-21 23:12:57,905 DEBUG    urllib3.connectionpool Starting new HTTPS connection (1): container.googleapis.com:443
2025-01-21 23:12:58,123 DEBUG    urllib3.connectionpool https://container.googleapis.com:443 "GET /v1/projects/peppy-arcadia-432311-g5/locations/asia-northeast3/operations/operation-1737468777887-67b432a4-1c76-43bb-8e97-dfe52fb3b23a?alt=json HTTP/1.1" 200 None
2025-01-21 23:13:03,130 DEBUG    urllib3.connectionpool Starting new HTTPS connection (1): container.googleapis.com:443
2025-01-21 23:13:03,343 DEBUG    urllib3.connectionpool https://container.googleapis.com:443 "GET /v1/projects/peppy-arcadia-432311-g5/locations/asia-northeast3/operations/operation-1737468777887-67b432a4-1c76-43bb-8e97-dfe52fb3b23a?alt=json HTTP/1.1" 200 None
2025-01-21 23:13:08,349 DEBUG    urllib3.connectionpool Starting new HTTPS connection (1): container.googleapis.com:443
2025-01-21 23:13:08,529 DEBUG    urllib3.connectionpool https://container.googleapis.com:443 "GET /v1/projects/peppy-arcadia-432311-g5/locations/asia-northeast3/operations/operation-1737468777887-67b432a4-1c76-43bb-8e97-dfe52fb3b23a?alt=json HTTP/1.1" 200 None
2025-01-21 23:13:13,535 DEBUG    urllib3.connectionpool Starting new HTTPS connection (1): container.googleapis.com:443
2025-01-21 23:13:13,717 DEBUG    urllib3.connectionpool https://container.googleapis.com:443 "GET /v1/projects/peppy-arcadia-432311-g5/locations/asia-northeast3/operations/operation-1737468777887-67b432a4-1c76-43bb-8e97-dfe52fb3b23a?alt=json HTTP/1.1" 200 None
2025-01-21 23:13:18,723 DEBUG    urllib3.connectionpool Starting new HTTPS connection (1): container.googleapis.com:443
2025-01-21 23:13:18,936 DEBUG    urllib3.connectionpool https://container.googleapis.com:443 "GET /v1/projects/peppy-arcadia-432311-g5/locations/asia-northeast3/operations/operation-1737468777887-67b432a4-1c76-43bb-8e97-dfe52fb3b23a?alt=json HTTP/1.1" 200 None
2025-01-21 23:13:23,943 DEBUG    urllib3.connectionpool Starting new HTTPS connection (1): container.googleapis.com:443
2025-01-21 23:13:24,124 DEBUG    urllib3.connectionpool https://container.googleapis.com:443 "GET /v1/projects/peppy-arcadia-432311-g5/locations/asia-northeast3/operations/operation-1737468777887-67b432a4-1c76-43bb-8e97-dfe52fb3b23a?alt=json HTTP/1.1" 200 None
2025-01-21 23:13:29,131 DEBUG    urllib3.connectionpool Starting new HTTPS connection (1): container.googleapis.com:443
2025-01-21 23:13:29,286 DEBUG    urllib3.connectionpool https://container.googleapis.com:443 "GET /v1/projects/peppy-arcadia-432311-g5/locations/asia-northeast3/operations/operation-1737468777887-67b432a4-1c76-43bb-8e97-dfe52fb3b23a?alt=json HTTP/1.1" 200 None
2025-01-21 23:13:34,292 DEBUG    urllib3.connectionpool Starting new HTTPS connection (1): container.googleapis.com:443
2025-01-21 23:13:34,513 DEBUG    urllib3.connectionpool https://container.googleapis.com:443 "GET /v1/projects/peppy-arcadia-432311-g5/locations/asia-northeast3/operations/operation-1737468777887-67b432a4-1c76-43bb-8e97-dfe52fb3b23a?alt=json HTTP/1.1" 200 None
2025-01-21 23:13:39,520 DEBUG    urllib3.connectionpool Starting new HTTPS connection (1): container.googleapis.com:443
2025-01-21 23:13:39,694 DEBUG    urllib3.connectionpool https://container.googleapis.com:443 "GET /v1/projects/peppy-arcadia-432311-g5/locations/asia-northeast3/operations/operation-1737468777887-67b432a4-1c76-43bb-8e97-dfe52fb3b23a?alt=json HTTP/1.1" 200 None
2025-01-21 23:13:44,700 DEBUG    urllib3.connectionpool Starting new HTTPS connection (1): container.googleapis.com:443
2025-01-21 23:13:44,826 DEBUG    urllib3.connectionpool https://container.googleapis.com:443 "GET /v1/projects/peppy-arcadia-432311-g5/locations/asia-northeast3/operations/operation-1737468777887-67b432a4-1c76-43bb-8e97-dfe52fb3b23a?alt=json HTTP/1.1" 200 None
2025-01-21 23:13:49,835 DEBUG    urllib3.connectionpool Starting new HTTPS connection (1): container.googleapis.com:443
2025-01-21 23:13:50,100 DEBUG    urllib3.connectionpool https://container.googleapis.com:443 "GET /v1/projects/peppy-arcadia-432311-g5/locations/asia-northeast3/operations/operation-1737468777887-67b432a4-1c76-43bb-8e97-dfe52fb3b23a?alt=json HTTP/1.1" 200 None
2025-01-21 23:13:55,107 DEBUG    urllib3.connectionpool Starting new HTTPS connection (1): container.googleapis.com:443
2025-01-21 23:13:55,434 DEBUG    urllib3.connectionpool https://container.googleapis.com:443 "GET /v1/projects/peppy-arcadia-432311-g5/locations/asia-northeast3/operations/operation-1737468777887-67b432a4-1c76-43bb-8e97-dfe52fb3b23a?alt=json HTTP/1.1" 200 None
2025-01-21 23:14:00,442 DEBUG    urllib3.connectionpool Starting new HTTPS connection (1): container.googleapis.com:443
2025-01-21 23:14:00,756 DEBUG    urllib3.connectionpool https://container.googleapis.com:443 "GET /v1/projects/peppy-arcadia-432311-g5/locations/asia-northeast3/operations/operation-1737468777887-67b432a4-1c76-43bb-8e97-dfe52fb3b23a?alt=json HTTP/1.1" 200 None
2025-01-21 23:14:05,763 DEBUG    urllib3.connectionpool Starting new HTTPS connection (1): container.googleapis.com:443
2025-01-21 23:14:05,928 DEBUG    urllib3.connectionpool https://container.googleapis.com:443 "GET /v1/projects/peppy-arcadia-432311-g5/locations/asia-northeast3/operations/operation-1737468777887-67b432a4-1c76-43bb-8e97-dfe52fb3b23a?alt=json HTTP/1.1" 200 None
2025-01-21 23:14:10,935 DEBUG    urllib3.connectionpool Starting new HTTPS connection (1): container.googleapis.com:443
2025-01-21 23:14:11,144 DEBUG    urllib3.connectionpool https://container.googleapis.com:443 "GET /v1/projects/peppy-arcadia-432311-g5/locations/asia-northeast3/operations/operation-1737468777887-67b432a4-1c76-43bb-8e97-dfe52fb3b23a?alt=json HTTP/1.1" 200 None
2025-01-21 23:14:16,151 DEBUG    urllib3.connectionpool Starting new HTTPS connection (1): container.googleapis.com:443
2025-01-21 23:14:16,356 DEBUG    urllib3.connectionpool https://container.googleapis.com:443 "GET /v1/projects/peppy-arcadia-432311-g5/locations/asia-northeast3/operations/operation-1737468777887-67b432a4-1c76-43bb-8e97-dfe52fb3b23a?alt=json HTTP/1.1" 200 None
2025-01-21 23:14:21,361 DEBUG    urllib3.connectionpool Starting new HTTPS connection (1): container.googleapis.com:443
2025-01-21 23:14:21,524 DEBUG    urllib3.connectionpool https://container.googleapis.com:443 "GET /v1/projects/peppy-arcadia-432311-g5/locations/asia-northeast3/operations/operation-1737468777887-67b432a4-1c76-43bb-8e97-dfe52fb3b23a?alt=json HTTP/1.1" 200 None
2025-01-21 23:14:26,531 DEBUG    urllib3.connectionpool Starting new HTTPS connection (1): container.googleapis.com:443
2025-01-21 23:14:26,698 DEBUG    urllib3.connectionpool https://container.googleapis.com:443 "GET /v1/projects/peppy-arcadia-432311-g5/locations/asia-northeast3/operations/operation-1737468777887-67b432a4-1c76-43bb-8e97-dfe52fb3b23a?alt=json HTTP/1.1" 200 None
2025-01-21 23:14:31,705 DEBUG    urllib3.connectionpool Starting new HTTPS connection (1): container.googleapis.com:443
2025-01-21 23:14:31,878 DEBUG    urllib3.connectionpool https://container.googleapis.com:443 "GET /v1/projects/peppy-arcadia-432311-g5/locations/asia-northeast3/operations/operation-1737468777887-67b432a4-1c76-43bb-8e97-dfe52fb3b23a?alt=json HTTP/1.1" 200 None
2025-01-21 23:14:36,884 DEBUG    urllib3.connectionpool Starting new HTTPS connection (1): container.googleapis.com:443
2025-01-21 23:14:37,045 DEBUG    urllib3.connectionpool https://container.googleapis.com:443 "GET /v1/projects/peppy-arcadia-432311-g5/locations/asia-northeast3/operations/operation-1737468777887-67b432a4-1c76-43bb-8e97-dfe52fb3b23a?alt=json HTTP/1.1" 200 None
2025-01-21 23:14:42,051 DEBUG    urllib3.connectionpool Starting new HTTPS connection (1): container.googleapis.com:443
2025-01-21 23:14:42,219 DEBUG    urllib3.connectionpool https://container.googleapis.com:443 "GET /v1/projects/peppy-arcadia-432311-g5/locations/asia-northeast3/operations/operation-1737468777887-67b432a4-1c76-43bb-8e97-dfe52fb3b23a?alt=json HTTP/1.1" 200 None
2025-01-21 23:14:47,227 DEBUG    urllib3.connectionpool Starting new HTTPS connection (1): container.googleapis.com:443
2025-01-21 23:14:47,408 DEBUG    urllib3.connectionpool https://container.googleapis.com:443 "GET /v1/projects/peppy-arcadia-432311-g5/locations/asia-northeast3/operations/operation-1737468777887-67b432a4-1c76-43bb-8e97-dfe52fb3b23a?alt=json HTTP/1.1" 200 None
2025-01-21 23:14:52,416 DEBUG    urllib3.connectionpool Starting new HTTPS connection (1): container.googleapis.com:443
2025-01-21 23:14:52,564 DEBUG    urllib3.connectionpool https://container.googleapis.com:443 "GET /v1/projects/peppy-arcadia-432311-g5/locations/asia-northeast3/operations/operation-1737468777887-67b432a4-1c76-43bb-8e97-dfe52fb3b23a?alt=json HTTP/1.1" 200 None
2025-01-21 23:14:57,573 DEBUG    urllib3.connectionpool Starting new HTTPS connection (1): container.googleapis.com:443
2025-01-21 23:14:57,777 DEBUG    urllib3.connectionpool https://container.googleapis.com:443 "GET /v1/projects/peppy-arcadia-432311-g5/locations/asia-northeast3/operations/operation-1737468777887-67b432a4-1c76-43bb-8e97-dfe52fb3b23a?alt=json HTTP/1.1" 200 None
2025-01-21 23:15:02,783 DEBUG    urllib3.connectionpool Starting new HTTPS connection (1): container.googleapis.com:443
2025-01-21 23:15:02,909 DEBUG    urllib3.connectionpool https://container.googleapis.com:443 "GET /v1/projects/peppy-arcadia-432311-g5/locations/asia-northeast3/operations/operation-1737468777887-67b432a4-1c76-43bb-8e97-dfe52fb3b23a?alt=json HTTP/1.1" 200 None
2025-01-21 23:15:07,917 DEBUG    urllib3.connectionpool Starting new HTTPS connection (1): container.googleapis.com:443
2025-01-21 23:15:08,079 DEBUG    urllib3.connectionpool https://container.googleapis.com:443 "GET /v1/projects/peppy-arcadia-432311-g5/locations/asia-northeast3/operations/operation-1737468777887-67b432a4-1c76-43bb-8e97-dfe52fb3b23a?alt=json HTTP/1.1" 200 None
2025-01-21 23:15:13,085 DEBUG    urllib3.connectionpool Starting new HTTPS connection (1): container.googleapis.com:443
2025-01-21 23:15:13,367 DEBUG    urllib3.connectionpool https://container.googleapis.com:443 "GET /v1/projects/peppy-arcadia-432311-g5/locations/asia-northeast3/operations/operation-1737468777887-67b432a4-1c76-43bb-8e97-dfe52fb3b23a?alt=json HTTP/1.1" 200 None
2025-01-21 23:15:18,373 DEBUG    urllib3.connectionpool Starting new HTTPS connection (1): container.googleapis.com:443
2025-01-21 23:15:18,554 DEBUG    urllib3.connectionpool https://container.googleapis.com:443 "GET /v1/projects/peppy-arcadia-432311-g5/locations/asia-northeast3/operations/operation-1737468777887-67b432a4-1c76-43bb-8e97-dfe52fb3b23a?alt=json HTTP/1.1" 200 None
2025-01-21 23:15:23,561 DEBUG    urllib3.connectionpool Starting new HTTPS connection (1): container.googleapis.com:443
2025-01-21 23:15:23,711 DEBUG    urllib3.connectionpool https://container.googleapis.com:443 "GET /v1/projects/peppy-arcadia-432311-g5/locations/asia-northeast3/operations/operation-1737468777887-67b432a4-1c76-43bb-8e97-dfe52fb3b23a?alt=json HTTP/1.1" 200 None
2025-01-21 23:15:28,718 DEBUG    urllib3.connectionpool Starting new HTTPS connection (1): container.googleapis.com:443
2025-01-21 23:15:28,841 DEBUG    urllib3.connectionpool https://container.googleapis.com:443 "GET /v1/projects/peppy-arcadia-432311-g5/locations/asia-northeast3/operations/operation-1737468777887-67b432a4-1c76-43bb-8e97-dfe52fb3b23a?alt=json HTTP/1.1" 200 None
2025-01-21 23:15:33,848 DEBUG    urllib3.connectionpool Starting new HTTPS connection (1): container.googleapis.com:443
2025-01-21 23:15:34,041 DEBUG    urllib3.connectionpool https://container.googleapis.com:443 "GET /v1/projects/peppy-arcadia-432311-g5/locations/asia-northeast3/operations/operation-1737468777887-67b432a4-1c76-43bb-8e97-dfe52fb3b23a?alt=json HTTP/1.1" 200 None
2025-01-21 23:15:39,050 DEBUG    urllib3.connectionpool Starting new HTTPS connection (1): container.googleapis.com:443
2025-01-21 23:15:39,224 DEBUG    urllib3.connectionpool https://container.googleapis.com:443 "GET /v1/projects/peppy-arcadia-432311-g5/locations/asia-northeast3/operations/operation-1737468777887-67b432a4-1c76-43bb-8e97-dfe52fb3b23a?alt=json HTTP/1.1" 200 None
2025-01-21 23:15:44,230 DEBUG    urllib3.connectionpool Starting new HTTPS connection (1): container.googleapis.com:443
2025-01-21 23:15:44,381 DEBUG    urllib3.connectionpool https://container.googleapis.com:443 "GET /v1/projects/peppy-arcadia-432311-g5/locations/asia-northeast3/operations/operation-1737468777887-67b432a4-1c76-43bb-8e97-dfe52fb3b23a?alt=json HTTP/1.1" 200 None
2025-01-21 23:15:49,390 DEBUG    urllib3.connectionpool Starting new HTTPS connection (1): container.googleapis.com:443
2025-01-21 23:15:49,549 DEBUG    urllib3.connectionpool https://container.googleapis.com:443 "GET /v1/projects/peppy-arcadia-432311-g5/locations/asia-northeast3/operations/operation-1737468777887-67b432a4-1c76-43bb-8e97-dfe52fb3b23a?alt=json HTTP/1.1" 200 None
2025-01-21 23:15:54,558 DEBUG    urllib3.connectionpool Starting new HTTPS connection (1): container.googleapis.com:443
2025-01-21 23:15:54,781 DEBUG    urllib3.connectionpool https://container.googleapis.com:443 "GET /v1/projects/peppy-arcadia-432311-g5/locations/asia-northeast3/operations/operation-1737468777887-67b432a4-1c76-43bb-8e97-dfe52fb3b23a?alt=json HTTP/1.1" 200 None
2025-01-21 23:15:59,788 DEBUG    urllib3.connectionpool Starting new HTTPS connection (1): container.googleapis.com:443
2025-01-21 23:15:59,947 DEBUG    urllib3.connectionpool https://container.googleapis.com:443 "GET /v1/projects/peppy-arcadia-432311-g5/locations/asia-northeast3/operations/operation-1737468777887-67b432a4-1c76-43bb-8e97-dfe52fb3b23a?alt=json HTTP/1.1" 200 None
2025-01-21 23:16:04,955 DEBUG    urllib3.connectionpool Starting new HTTPS connection (1): container.googleapis.com:443
2025-01-21 23:16:05,129 DEBUG    urllib3.connectionpool https://container.googleapis.com:443 "GET /v1/projects/peppy-arcadia-432311-g5/locations/asia-northeast3/operations/operation-1737468777887-67b432a4-1c76-43bb-8e97-dfe52fb3b23a?alt=json HTTP/1.1" 200 None
2025-01-21 23:16:10,136 DEBUG    urllib3.connectionpool Starting new HTTPS connection (1): container.googleapis.com:443
2025-01-21 23:16:10,289 DEBUG    urllib3.connectionpool https://container.googleapis.com:443 "GET /v1/projects/peppy-arcadia-432311-g5/locations/asia-northeast3/operations/operation-1737468777887-67b432a4-1c76-43bb-8e97-dfe52fb3b23a?alt=json HTTP/1.1" 200 None
2025-01-21 23:16:15,297 DEBUG    urllib3.connectionpool Starting new HTTPS connection (1): container.googleapis.com:443
2025-01-21 23:16:15,453 DEBUG    urllib3.connectionpool https://container.googleapis.com:443 "GET /v1/projects/peppy-arcadia-432311-g5/locations/asia-northeast3/operations/operation-1737468777887-67b432a4-1c76-43bb-8e97-dfe52fb3b23a?alt=json HTTP/1.1" 200 None
2025-01-21 23:16:20,465 DEBUG    urllib3.connectionpool Starting new HTTPS connection (1): container.googleapis.com:443
2025-01-21 23:16:20,633 DEBUG    urllib3.connectionpool https://container.googleapis.com:443 "GET /v1/projects/peppy-arcadia-432311-g5/locations/asia-northeast3/operations/operation-1737468777887-67b432a4-1c76-43bb-8e97-dfe52fb3b23a?alt=json HTTP/1.1" 200 None
2025-01-21 23:16:25,640 DEBUG    urllib3.connectionpool Starting new HTTPS connection (1): container.googleapis.com:443
2025-01-21 23:16:25,839 DEBUG    urllib3.connectionpool https://container.googleapis.com:443 "GET /v1/projects/peppy-arcadia-432311-g5/locations/asia-northeast3/operations/operation-1737468777887-67b432a4-1c76-43bb-8e97-dfe52fb3b23a?alt=json HTTP/1.1" 200 None
2025-01-21 23:16:30,848 DEBUG    urllib3.connectionpool Starting new HTTPS connection (1): container.googleapis.com:443
2025-01-21 23:16:31,011 DEBUG    urllib3.connectionpool https://container.googleapis.com:443 "GET /v1/projects/peppy-arcadia-432311-g5/locations/asia-northeast3/operations/operation-1737468777887-67b432a4-1c76-43bb-8e97-dfe52fb3b23a?alt=json HTTP/1.1" 200 None
2025-01-21 23:16:36,018 DEBUG    urllib3.connectionpool Starting new HTTPS connection (1): container.googleapis.com:443
2025-01-21 23:16:37,093 DEBUG    urllib3.connectionpool https://container.googleapis.com:443 "GET /v1/projects/peppy-arcadia-432311-g5/locations/asia-northeast3/operations/operation-1737468777887-67b432a4-1c76-43bb-8e97-dfe52fb3b23a?alt=json HTTP/1.1" 200 None
2025-01-21 23:16:42,100 DEBUG    urllib3.connectionpool Starting new HTTPS connection (1): container.googleapis.com:443
2025-01-21 23:16:42,314 DEBUG    urllib3.connectionpool https://container.googleapis.com:443 "GET /v1/projects/peppy-arcadia-432311-g5/locations/asia-northeast3/operations/operation-1737468777887-67b432a4-1c76-43bb-8e97-dfe52fb3b23a?alt=json HTTP/1.1" 200 None
2025-01-21 23:16:47,321 DEBUG    urllib3.connectionpool Starting new HTTPS connection (1): container.googleapis.com:443
2025-01-21 23:16:47,475 DEBUG    urllib3.connectionpool https://container.googleapis.com:443 "GET /v1/projects/peppy-arcadia-432311-g5/locations/asia-northeast3/operations/operation-1737468777887-67b432a4-1c76-43bb-8e97-dfe52fb3b23a?alt=json HTTP/1.1" 200 None
2025-01-21 23:16:52,480 DEBUG    urllib3.connectionpool Starting new HTTPS connection (1): container.googleapis.com:443
2025-01-21 23:16:52,642 DEBUG    urllib3.connectionpool https://container.googleapis.com:443 "GET /v1/projects/peppy-arcadia-432311-g5/locations/asia-northeast3/operations/operation-1737468777887-67b432a4-1c76-43bb-8e97-dfe52fb3b23a?alt=json HTTP/1.1" 200 None
2025-01-21 23:16:57,648 DEBUG    urllib3.connectionpool Starting new HTTPS connection (1): container.googleapis.com:443
2025-01-21 23:16:57,850 DEBUG    urllib3.connectionpool https://container.googleapis.com:443 "GET /v1/projects/peppy-arcadia-432311-g5/locations/asia-northeast3/operations/operation-1737468777887-67b432a4-1c76-43bb-8e97-dfe52fb3b23a?alt=json HTTP/1.1" 200 None
2025-01-21 23:17:02,855 DEBUG    urllib3.connectionpool Starting new HTTPS connection (1): container.googleapis.com:443
2025-01-21 23:17:02,993 DEBUG    urllib3.connectionpool https://container.googleapis.com:443 "GET /v1/projects/peppy-arcadia-432311-g5/locations/asia-northeast3/operations/operation-1737468777887-67b432a4-1c76-43bb-8e97-dfe52fb3b23a?alt=json HTTP/1.1" 200 None
2025-01-21 23:17:08,173 DEBUG    urllib3.connectionpool Starting new HTTPS connection (1): container.googleapis.com:443
2025-01-21 23:17:08,288 DEBUG    urllib3.connectionpool https://container.googleapis.com:443 "GET /v1/projects/peppy-arcadia-432311-g5/locations/asia-northeast3/operations/operation-1737468777887-67b432a4-1c76-43bb-8e97-dfe52fb3b23a?alt=json HTTP/1.1" 200 None
2025-01-21 23:17:08,293 INFO     root            Operation <Operation
 clusterConditions: []
 endTime: '2025-01-21T14:17:05.502928822Z'
 name: 'operation-1737468777887-67b432a4-1c76-43bb-8e97-dfe52fb3b23a'
 nodepoolConditions: []
 operationType: OperationTypeValueValuesEnum(DELETE_NODE_POOL, 8)
 selfLink: 'https://container.googleapis.com/v1/projects/134982172036/locations/asia-northeast3/operations/operation-1737468777887-67b432a4-1c76-43bb-8e97-dfe52fb3b23a'
 startTime: '2025-01-21T14:12:57.887145791Z'
 status: StatusValueValuesEnum(DONE, 3)
 targetLink: 'https://container.googleapis.com/v1/projects/134982172036/locations/asia-northeast3/clusters/gcp-dr-gke/nodePools/default-pool'
 zone: 'asia-northeast3'> finished after 2.5e+02 seconds
2025-01-21 23:17:08,375 INFO     ___FILE_ONLY___ Deleted [https://container.googleapis.com/v1/projects/peppy-arcadia-432311-g5/zones/asia-northeast3/clusters/gcp-dr-gke/nodePools/default-pool].

2025-01-21 23:17:08,376 DEBUG    root            Chosen display Format:none
2025-01-21 23:17:08,377 INFO     root            Display format: "none"
2025-01-21 23:17:08,437 DEBUG    root            SDK update checks are disabled.
