2025-01-21 23:20:34,112 DEBUG    root            Loaded Command Group: ['gcloud', 'config']
2025-01-21 23:20:34,117 DEBUG    root            Loaded Command Group: ['gcloud', 'config', 'config_helper']
2025-01-21 23:20:34,118 DEBUG    root            Running [gcloud.config.config-helper] with arguments: [--format: "json"]
2025-01-21 23:20:34,140 DEBUG    root            Chosen display Format:default json
2025-01-21 23:20:34,140 INFO     root            Display format: "default json"
2025-01-21 23:20:34,160 INFO     ___FILE_ONLY___ {
  "configuration": {
    "active_configuration": "default",
    "properties": {
      "core": {
        "account": "1201ljhun@gmail.com",
        "disable_usage_reporting": "True",
        "project": "peppy-arcadia-432311-g5"
      }
    }
  },
  "credential": {
    "access_token": "ya29.a0ARW5m750n1mN4gfbkn10mG43K8DxH_DLevm66XZXauKWs-rvFOOOZHh5SMk5-6NhVp9huvLH1dINjzJqMHZrZwj3dsG-uRM8hZ0jtrMoLOdaq6biiZMdUx80MJjZAR3U15VTvCdpknjBOW6S8EtiZrd5iMFFBA0mMPX2yPGPPzhisAQaCgYKAdMSARISFQHGX2MiwZYF6VucnWShtktSauqDAg0182",
    "id_token": "eyJhbGciOiJSUzI1NiIsImtpZCI6IjYzMzdiZTYzNjRmMzgyNDAwOGQwZTkwMDNmNTBiYjZiNDNkNWE5YzYiLCJ0eXAiOiJKV1QifQ.eyJpc3MiOiJodHRwczovL2FjY291bnRzLmdvb2dsZS5jb20iLCJhenAiOiIzMjU1NTk0MDU1OS5hcHBzLmdvb2dsZXVzZXJjb250ZW50LmNvbSIsImF1ZCI6IjMyNTU1OTQwNTU5LmFwcHMuZ29vZ2xldXNlcmNvbnRlbnQuY29tIiwic3ViIjoiMTA1MDk2MzU3NDMwMjQzNjQxMTQxIiwiZW1haWwiOiIxMjAxbGpodW5AZ21haWwuY29tIiwiZW1haWxfdmVyaWZpZWQiOnRydWUsImF0X2hhc2giOiJRRjlROXpNV1psNXc1U3Y5UXJsVUdRIiwiaWF0IjoxNzM3NDY4Nzc3LCJleHAiOjE3Mzc0NzIzNzd9.0oySaoalNMi7Z5puncWpVsgvqHLVTcmkH8DTwk-bTwd_9MPYgJhK5J200sHZnjrHIf_U-eMu4ufqwfJ8Wh3uopegkcXdqoyYFi5neylvgQ3kiRdunJSfG12LTVZTlSYknRVxvO0ZwMufH22EVk_PUhaNl9h4JOdAJB1locF3wR2kS1qRBADvT4p537iRqyHq-_tEA9v92GvWKcdPko2mM8_-M7kWfxw0wG4PIpGM2L1l8DGQFnA2FDO_ejqpWgVr9O4cW7FPrHc5QmxsEXwf5y79Txcr3rNqk4ahV1Oy2icaWfGjkhq_nJO_6BXgcBhzt_4cbwHxTVQC5OCQytiY8Q",
    "token_expiry": "2025-01-21T15:12:56Z"
  },
  "sentinels": {
    "config_sentinel": "/home/ubuntu/.config/gcloud/config_sentinel"
  }
}
2025-01-21 23:20:34,160 INFO     ___FILE_ONLY___ 

2025-01-21 23:20:34,160 DEBUG    root            SDK update checks are disabled.
