2025-01-18 00:25:34,666 DEBUG    root            Loaded Command Group: ['gcloud', 'compute']
2025-01-18 00:25:34,680 DEBUG    root            Loaded Command Group: ['gcloud', 'compute', 'routes']
2025-01-18 00:25:34,690 DEBUG    root            Loaded Command Group: ['gcloud', 'compute', 'routes', 'delete']
2025-01-18 00:25:34,691 DEBUG    root            Running [gcloud.compute.routes.delete] with arguments: [--project: "peppy-arcadia-432311-g5", NAME:1: "['default-route-25868271b5108164']"]
2025-01-18 00:25:34,784 DEBUG    google.auth.transport.requests Making request: POST https://oauth2.googleapis.com/token
2025-01-18 00:25:34,785 DEBUG    urllib3.connectionpool Starting new HTTPS connection (1): oauth2.googleapis.com:443
2025-01-18 00:25:35,090 DEBUG    urllib3.connectionpool https://oauth2.googleapis.com:443 "POST /token HTTP/1.1" 200 None
2025-01-18 00:25:35,189 DEBUG    root            Chosen display Format:list[title="The following routes will be deleted:",always-display-title]
2025-01-18 00:25:36,537 DEBUG    urllib3.connectionpool Starting new HTTPS connection (1): compute.googleapis.com:443
2025-01-18 00:25:37,169 DEBUG    urllib3.connectionpool https://compute.googleapis.com:443 "DELETE /compute/v1/projects/peppy-arcadia-432311-g5/global/routes/default-route-25868271b5108164?alt=json HTTP/1.1" 404 None
2025-01-18 00:25:37,174 DEBUG    root            Chosen display Format:list[title="Could not fetch resource:",always-display-title]
2025-01-18 00:25:37,174 DEBUG    root            (gcloud.compute.routes.delete) Could not fetch resource:
 - The resource 'projects/peppy-arcadia-432311-g5/global/routes/default-route-25868271b5108164' was not found
Traceback (most recent call last):
  File "/usr/bin/../lib/google-cloud-sdk/lib/googlecloudsdk/calliope/cli.py", line 998, in Execute
    resources = calliope_command.Run(cli=self, args=args)
                ^^^^^^^^^^^^^^^^^^^^^^^^^^^^^^^^^^^^^^^^^
  File "/usr/bin/../lib/google-cloud-sdk/lib/googlecloudsdk/calliope/backend.py", line 934, in Run
    resources = command_instance.Run(args)
                ^^^^^^^^^^^^^^^^^^^^^^^^^^
  File "/usr/bin/../lib/google-cloud-sdk/lib/surface/compute/routes/delete.py", line 73, in Run
    return client.MakeRequests(requests)
           ^^^^^^^^^^^^^^^^^^^^^^^^^^^^^
  File "/usr/bin/../lib/google-cloud-sdk/lib/googlecloudsdk/api_lib/compute/client_adapter.py", line 145, in MakeRequests
    utils.RaiseToolException(
  File "/usr/bin/../lib/google-cloud-sdk/lib/googlecloudsdk/api_lib/compute/utils.py", line 139, in RaiseToolException
    RaiseException(problems, calliope_exceptions.ToolException, error_message)
  File "/usr/bin/../lib/google-cloud-sdk/lib/googlecloudsdk/api_lib/compute/utils.py", line 148, in RaiseException
    raise exception(
googlecloudsdk.calliope.exceptions.ToolException: Could not fetch resource:
 - The resource 'projects/peppy-arcadia-432311-g5/global/routes/default-route-25868271b5108164' was not found

2025-01-18 00:25:37,180 ERROR    root            (gcloud.compute.routes.delete) Could not fetch resource:
 - The resource 'projects/peppy-arcadia-432311-g5/global/routes/default-route-25868271b5108164' was not found

