2025-01-18 00:37:36,425 DEBUG    root            Loaded Command Group: ['gcloud', 'container', 'node_pools']
2025-01-18 00:37:36,426 DEBUG    root            Loaded Command Group: ['gcloud', 'container', 'node-pools', 'delete']
2025-01-18 00:37:36,466 DEBUG    root            Running [gcloud.container.node-pools.delete] with arguments: [--cluster: "gcp-dr-gke", --quiet: "True", --region: "asia-northeast3", NAME: "default-pool"]
2025-01-18 00:37:36,468 DEBUG    urllib3.connectionpool Starting new HTTPS connection (1): container.googleapis.com:443
2025-01-18 00:37:36,663 DEBUG    urllib3.connectionpool https://container.googleapis.com:443 "GET /v1/projects/peppy-arcadia-432311-g5/locations/asia-northeast3/clusters/gcp-dr-gke/nodePools/default-pool?alt=json HTTP/1.1" 200 None
2025-01-18 00:37:36,671 DEBUG    urllib3.connectionpool Starting new HTTPS connection (1): container.googleapis.com:443
2025-01-18 00:37:37,044 DEBUG    urllib3.connectionpool https://container.googleapis.com:443 "DELETE /v1/projects/peppy-arcadia-432311-g5/locations/asia-northeast3/clusters/gcp-dr-gke/nodePools/default-pool?alt=json HTTP/1.1" 200 None
2025-01-18 00:37:37,046 INFO     ___FILE_ONLY___ Deleting node pool default-pool...
2025-01-18 00:37:37,047 DEBUG    urllib3.connectionpool Starting new HTTPS connection (1): container.googleapis.com:443
2025-01-18 00:37:37,235 DEBUG    urllib3.connectionpool https://container.googleapis.com:443 "GET /v1/projects/peppy-arcadia-432311-g5/locations/asia-northeast3/operations/operation-1737128257050-b9e19127-c869-4ec9-92b8-8e30e16fd9e0?alt=json HTTP/1.1" 200 None
2025-01-18 00:37:42,239 DEBUG    urllib3.connectionpool Starting new HTTPS connection (1): container.googleapis.com:443
2025-01-18 00:37:42,561 DEBUG    urllib3.connectionpool https://container.googleapis.com:443 "GET /v1/projects/peppy-arcadia-432311-g5/locations/asia-northeast3/operations/operation-1737128257050-b9e19127-c869-4ec9-92b8-8e30e16fd9e0?alt=json HTTP/1.1" 200 None
2025-01-18 00:37:47,567 DEBUG    urllib3.connectionpool Starting new HTTPS connection (1): container.googleapis.com:443
2025-01-18 00:37:47,738 DEBUG    urllib3.connectionpool https://container.googleapis.com:443 "GET /v1/projects/peppy-arcadia-432311-g5/locations/asia-northeast3/operations/operation-1737128257050-b9e19127-c869-4ec9-92b8-8e30e16fd9e0?alt=json HTTP/1.1" 200 None
2025-01-18 00:37:52,742 DEBUG    urllib3.connectionpool Starting new HTTPS connection (1): container.googleapis.com:443
2025-01-18 00:37:52,981 DEBUG    urllib3.connectionpool https://container.googleapis.com:443 "GET /v1/projects/peppy-arcadia-432311-g5/locations/asia-northeast3/operations/operation-1737128257050-b9e19127-c869-4ec9-92b8-8e30e16fd9e0?alt=json HTTP/1.1" 200 None
2025-01-18 00:37:57,985 DEBUG    urllib3.connectionpool Starting new HTTPS connection (1): container.googleapis.com:443
2025-01-18 00:37:58,118 DEBUG    urllib3.connectionpool https://container.googleapis.com:443 "GET /v1/projects/peppy-arcadia-432311-g5/locations/asia-northeast3/operations/operation-1737128257050-b9e19127-c869-4ec9-92b8-8e30e16fd9e0?alt=json HTTP/1.1" 200 None
2025-01-18 00:38:03,123 DEBUG    urllib3.connectionpool Starting new HTTPS connection (1): container.googleapis.com:443
2025-01-18 00:38:03,265 DEBUG    urllib3.connectionpool https://container.googleapis.com:443 "GET /v1/projects/peppy-arcadia-432311-g5/locations/asia-northeast3/operations/operation-1737128257050-b9e19127-c869-4ec9-92b8-8e30e16fd9e0?alt=json HTTP/1.1" 200 None
2025-01-18 00:38:08,271 DEBUG    urllib3.connectionpool Starting new HTTPS connection (1): container.googleapis.com:443
2025-01-18 00:38:08,428 DEBUG    urllib3.connectionpool https://container.googleapis.com:443 "GET /v1/projects/peppy-arcadia-432311-g5/locations/asia-northeast3/operations/operation-1737128257050-b9e19127-c869-4ec9-92b8-8e30e16fd9e0?alt=json HTTP/1.1" 200 None
2025-01-18 00:38:13,442 DEBUG    urllib3.connectionpool Starting new HTTPS connection (1): container.googleapis.com:443
2025-01-18 00:38:13,523 DEBUG    urllib3.connectionpool https://container.googleapis.com:443 "GET /v1/projects/peppy-arcadia-432311-g5/locations/asia-northeast3/operations/operation-1737128257050-b9e19127-c869-4ec9-92b8-8e30e16fd9e0?alt=json HTTP/1.1" 200 None
2025-01-18 00:38:18,529 DEBUG    urllib3.connectionpool Starting new HTTPS connection (1): container.googleapis.com:443
2025-01-18 00:38:18,671 DEBUG    urllib3.connectionpool https://container.googleapis.com:443 "GET /v1/projects/peppy-arcadia-432311-g5/locations/asia-northeast3/operations/operation-1737128257050-b9e19127-c869-4ec9-92b8-8e30e16fd9e0?alt=json HTTP/1.1" 200 None
2025-01-18 00:38:23,675 DEBUG    urllib3.connectionpool Starting new HTTPS connection (1): container.googleapis.com:443
2025-01-18 00:38:23,854 DEBUG    urllib3.connectionpool https://container.googleapis.com:443 "GET /v1/projects/peppy-arcadia-432311-g5/locations/asia-northeast3/operations/operation-1737128257050-b9e19127-c869-4ec9-92b8-8e30e16fd9e0?alt=json HTTP/1.1" 200 None
2025-01-18 00:38:28,857 DEBUG    urllib3.connectionpool Starting new HTTPS connection (1): container.googleapis.com:443
2025-01-18 00:38:28,989 DEBUG    urllib3.connectionpool https://container.googleapis.com:443 "GET /v1/projects/peppy-arcadia-432311-g5/locations/asia-northeast3/operations/operation-1737128257050-b9e19127-c869-4ec9-92b8-8e30e16fd9e0?alt=json HTTP/1.1" 200 None
2025-01-18 00:38:33,996 DEBUG    urllib3.connectionpool Starting new HTTPS connection (1): container.googleapis.com:443
2025-01-18 00:38:34,150 DEBUG    urllib3.connectionpool https://container.googleapis.com:443 "GET /v1/projects/peppy-arcadia-432311-g5/locations/asia-northeast3/operations/operation-1737128257050-b9e19127-c869-4ec9-92b8-8e30e16fd9e0?alt=json HTTP/1.1" 200 None
2025-01-18 00:38:39,155 DEBUG    urllib3.connectionpool Starting new HTTPS connection (1): container.googleapis.com:443
2025-01-18 00:38:39,335 DEBUG    urllib3.connectionpool https://container.googleapis.com:443 "GET /v1/projects/peppy-arcadia-432311-g5/locations/asia-northeast3/operations/operation-1737128257050-b9e19127-c869-4ec9-92b8-8e30e16fd9e0?alt=json HTTP/1.1" 200 None
2025-01-18 00:38:44,341 DEBUG    urllib3.connectionpool Starting new HTTPS connection (1): container.googleapis.com:443
2025-01-18 00:38:44,472 DEBUG    urllib3.connectionpool https://container.googleapis.com:443 "GET /v1/projects/peppy-arcadia-432311-g5/locations/asia-northeast3/operations/operation-1737128257050-b9e19127-c869-4ec9-92b8-8e30e16fd9e0?alt=json HTTP/1.1" 200 None
2025-01-18 00:38:49,477 DEBUG    urllib3.connectionpool Starting new HTTPS connection (1): container.googleapis.com:443
2025-01-18 00:38:49,582 DEBUG    urllib3.connectionpool https://container.googleapis.com:443 "GET /v1/projects/peppy-arcadia-432311-g5/locations/asia-northeast3/operations/operation-1737128257050-b9e19127-c869-4ec9-92b8-8e30e16fd9e0?alt=json HTTP/1.1" 200 None
2025-01-18 00:38:54,586 DEBUG    urllib3.connectionpool Starting new HTTPS connection (1): container.googleapis.com:443
2025-01-18 00:38:54,749 DEBUG    urllib3.connectionpool https://container.googleapis.com:443 "GET /v1/projects/peppy-arcadia-432311-g5/locations/asia-northeast3/operations/operation-1737128257050-b9e19127-c869-4ec9-92b8-8e30e16fd9e0?alt=json HTTP/1.1" 200 None
2025-01-18 00:38:59,753 DEBUG    urllib3.connectionpool Starting new HTTPS connection (1): container.googleapis.com:443
2025-01-18 00:38:59,841 DEBUG    urllib3.connectionpool https://container.googleapis.com:443 "GET /v1/projects/peppy-arcadia-432311-g5/locations/asia-northeast3/operations/operation-1737128257050-b9e19127-c869-4ec9-92b8-8e30e16fd9e0?alt=json HTTP/1.1" 200 None
2025-01-18 00:39:04,849 DEBUG    urllib3.connectionpool Starting new HTTPS connection (1): container.googleapis.com:443
2025-01-18 00:39:04,959 DEBUG    urllib3.connectionpool https://container.googleapis.com:443 "GET /v1/projects/peppy-arcadia-432311-g5/locations/asia-northeast3/operations/operation-1737128257050-b9e19127-c869-4ec9-92b8-8e30e16fd9e0?alt=json HTTP/1.1" 200 None
2025-01-18 00:39:09,965 DEBUG    urllib3.connectionpool Starting new HTTPS connection (1): container.googleapis.com:443
2025-01-18 00:39:10,102 DEBUG    urllib3.connectionpool https://container.googleapis.com:443 "GET /v1/projects/peppy-arcadia-432311-g5/locations/asia-northeast3/operations/operation-1737128257050-b9e19127-c869-4ec9-92b8-8e30e16fd9e0?alt=json HTTP/1.1" 200 None
2025-01-18 00:39:15,107 DEBUG    urllib3.connectionpool Starting new HTTPS connection (1): container.googleapis.com:443
2025-01-18 00:39:15,246 DEBUG    urllib3.connectionpool https://container.googleapis.com:443 "GET /v1/projects/peppy-arcadia-432311-g5/locations/asia-northeast3/operations/operation-1737128257050-b9e19127-c869-4ec9-92b8-8e30e16fd9e0?alt=json HTTP/1.1" 200 None
2025-01-18 00:39:20,253 DEBUG    urllib3.connectionpool Starting new HTTPS connection (1): container.googleapis.com:443
2025-01-18 00:39:20,401 DEBUG    urllib3.connectionpool https://container.googleapis.com:443 "GET /v1/projects/peppy-arcadia-432311-g5/locations/asia-northeast3/operations/operation-1737128257050-b9e19127-c869-4ec9-92b8-8e30e16fd9e0?alt=json HTTP/1.1" 200 None
2025-01-18 00:39:25,578 DEBUG    urllib3.connectionpool Starting new HTTPS connection (1): container.googleapis.com:443
2025-01-18 00:39:25,665 DEBUG    urllib3.connectionpool https://container.googleapis.com:443 "GET /v1/projects/peppy-arcadia-432311-g5/locations/asia-northeast3/operations/operation-1737128257050-b9e19127-c869-4ec9-92b8-8e30e16fd9e0?alt=json HTTP/1.1" 200 None
2025-01-18 00:39:30,670 DEBUG    urllib3.connectionpool Starting new HTTPS connection (1): container.googleapis.com:443
2025-01-18 00:39:30,839 DEBUG    urllib3.connectionpool https://container.googleapis.com:443 "GET /v1/projects/peppy-arcadia-432311-g5/locations/asia-northeast3/operations/operation-1737128257050-b9e19127-c869-4ec9-92b8-8e30e16fd9e0?alt=json HTTP/1.1" 200 None
2025-01-18 00:39:35,844 DEBUG    urllib3.connectionpool Starting new HTTPS connection (1): container.googleapis.com:443
2025-01-18 00:39:35,985 DEBUG    urllib3.connectionpool https://container.googleapis.com:443 "GET /v1/projects/peppy-arcadia-432311-g5/locations/asia-northeast3/operations/operation-1737128257050-b9e19127-c869-4ec9-92b8-8e30e16fd9e0?alt=json HTTP/1.1" 200 None
2025-01-18 00:39:40,989 DEBUG    urllib3.connectionpool Starting new HTTPS connection (1): container.googleapis.com:443
2025-01-18 00:39:41,120 DEBUG    urllib3.connectionpool https://container.googleapis.com:443 "GET /v1/projects/peppy-arcadia-432311-g5/locations/asia-northeast3/operations/operation-1737128257050-b9e19127-c869-4ec9-92b8-8e30e16fd9e0?alt=json HTTP/1.1" 200 None
2025-01-18 00:39:46,126 DEBUG    urllib3.connectionpool Starting new HTTPS connection (1): container.googleapis.com:443
2025-01-18 00:39:46,256 DEBUG    urllib3.connectionpool https://container.googleapis.com:443 "GET /v1/projects/peppy-arcadia-432311-g5/locations/asia-northeast3/operations/operation-1737128257050-b9e19127-c869-4ec9-92b8-8e30e16fd9e0?alt=json HTTP/1.1" 200 None
2025-01-18 00:39:51,262 DEBUG    urllib3.connectionpool Starting new HTTPS connection (1): container.googleapis.com:443
2025-01-18 00:39:51,348 DEBUG    urllib3.connectionpool https://container.googleapis.com:443 "GET /v1/projects/peppy-arcadia-432311-g5/locations/asia-northeast3/operations/operation-1737128257050-b9e19127-c869-4ec9-92b8-8e30e16fd9e0?alt=json HTTP/1.1" 200 None
2025-01-18 00:39:56,353 DEBUG    urllib3.connectionpool Starting new HTTPS connection (1): container.googleapis.com:443
2025-01-18 00:39:56,551 DEBUG    urllib3.connectionpool https://container.googleapis.com:443 "GET /v1/projects/peppy-arcadia-432311-g5/locations/asia-northeast3/operations/operation-1737128257050-b9e19127-c869-4ec9-92b8-8e30e16fd9e0?alt=json HTTP/1.1" 200 None
2025-01-18 00:40:01,559 DEBUG    urllib3.connectionpool Starting new HTTPS connection (1): container.googleapis.com:443
2025-01-18 00:40:01,665 DEBUG    urllib3.connectionpool https://container.googleapis.com:443 "GET /v1/projects/peppy-arcadia-432311-g5/locations/asia-northeast3/operations/operation-1737128257050-b9e19127-c869-4ec9-92b8-8e30e16fd9e0?alt=json HTTP/1.1" 200 None
2025-01-18 00:40:06,671 DEBUG    urllib3.connectionpool Starting new HTTPS connection (1): container.googleapis.com:443
2025-01-18 00:40:06,812 DEBUG    urllib3.connectionpool https://container.googleapis.com:443 "GET /v1/projects/peppy-arcadia-432311-g5/locations/asia-northeast3/operations/operation-1737128257050-b9e19127-c869-4ec9-92b8-8e30e16fd9e0?alt=json HTTP/1.1" 200 None
2025-01-18 00:40:11,818 DEBUG    urllib3.connectionpool Starting new HTTPS connection (1): container.googleapis.com:443
2025-01-18 00:40:12,030 DEBUG    urllib3.connectionpool https://container.googleapis.com:443 "GET /v1/projects/peppy-arcadia-432311-g5/locations/asia-northeast3/operations/operation-1737128257050-b9e19127-c869-4ec9-92b8-8e30e16fd9e0?alt=json HTTP/1.1" 200 None
2025-01-18 00:40:17,036 DEBUG    urllib3.connectionpool Starting new HTTPS connection (1): container.googleapis.com:443
2025-01-18 00:40:17,172 DEBUG    urllib3.connectionpool https://container.googleapis.com:443 "GET /v1/projects/peppy-arcadia-432311-g5/locations/asia-northeast3/operations/operation-1737128257050-b9e19127-c869-4ec9-92b8-8e30e16fd9e0?alt=json HTTP/1.1" 200 None
2025-01-18 00:40:22,176 DEBUG    urllib3.connectionpool Starting new HTTPS connection (1): container.googleapis.com:443
2025-01-18 00:40:22,311 DEBUG    urllib3.connectionpool https://container.googleapis.com:443 "GET /v1/projects/peppy-arcadia-432311-g5/locations/asia-northeast3/operations/operation-1737128257050-b9e19127-c869-4ec9-92b8-8e30e16fd9e0?alt=json HTTP/1.1" 200 None
2025-01-18 00:40:27,317 DEBUG    urllib3.connectionpool Starting new HTTPS connection (1): container.googleapis.com:443
2025-01-18 00:40:27,492 DEBUG    urllib3.connectionpool https://container.googleapis.com:443 "GET /v1/projects/peppy-arcadia-432311-g5/locations/asia-northeast3/operations/operation-1737128257050-b9e19127-c869-4ec9-92b8-8e30e16fd9e0?alt=json HTTP/1.1" 200 None
2025-01-18 00:40:32,497 DEBUG    urllib3.connectionpool Starting new HTTPS connection (1): container.googleapis.com:443
2025-01-18 00:40:32,684 DEBUG    urllib3.connectionpool https://container.googleapis.com:443 "GET /v1/projects/peppy-arcadia-432311-g5/locations/asia-northeast3/operations/operation-1737128257050-b9e19127-c869-4ec9-92b8-8e30e16fd9e0?alt=json HTTP/1.1" 200 None
2025-01-18 00:40:37,690 DEBUG    urllib3.connectionpool Starting new HTTPS connection (1): container.googleapis.com:443
2025-01-18 00:40:37,837 DEBUG    urllib3.connectionpool https://container.googleapis.com:443 "GET /v1/projects/peppy-arcadia-432311-g5/locations/asia-northeast3/operations/operation-1737128257050-b9e19127-c869-4ec9-92b8-8e30e16fd9e0?alt=json HTTP/1.1" 200 None
2025-01-18 00:40:42,843 DEBUG    urllib3.connectionpool Starting new HTTPS connection (1): container.googleapis.com:443
2025-01-18 00:40:42,992 DEBUG    urllib3.connectionpool https://container.googleapis.com:443 "GET /v1/projects/peppy-arcadia-432311-g5/locations/asia-northeast3/operations/operation-1737128257050-b9e19127-c869-4ec9-92b8-8e30e16fd9e0?alt=json HTTP/1.1" 200 None
2025-01-18 00:40:47,997 DEBUG    urllib3.connectionpool Starting new HTTPS connection (1): container.googleapis.com:443
2025-01-18 00:40:48,137 DEBUG    urllib3.connectionpool https://container.googleapis.com:443 "GET /v1/projects/peppy-arcadia-432311-g5/locations/asia-northeast3/operations/operation-1737128257050-b9e19127-c869-4ec9-92b8-8e30e16fd9e0?alt=json HTTP/1.1" 200 None
2025-01-18 00:40:53,143 DEBUG    urllib3.connectionpool Starting new HTTPS connection (1): container.googleapis.com:443
2025-01-18 00:40:53,272 DEBUG    urllib3.connectionpool https://container.googleapis.com:443 "GET /v1/projects/peppy-arcadia-432311-g5/locations/asia-northeast3/operations/operation-1737128257050-b9e19127-c869-4ec9-92b8-8e30e16fd9e0?alt=json HTTP/1.1" 200 None
2025-01-18 00:40:58,280 DEBUG    urllib3.connectionpool Starting new HTTPS connection (1): container.googleapis.com:443
2025-01-18 00:40:58,411 DEBUG    urllib3.connectionpool https://container.googleapis.com:443 "GET /v1/projects/peppy-arcadia-432311-g5/locations/asia-northeast3/operations/operation-1737128257050-b9e19127-c869-4ec9-92b8-8e30e16fd9e0?alt=json HTTP/1.1" 200 None
2025-01-18 00:41:03,417 DEBUG    urllib3.connectionpool Starting new HTTPS connection (1): container.googleapis.com:443
2025-01-18 00:41:03,606 DEBUG    urllib3.connectionpool https://container.googleapis.com:443 "GET /v1/projects/peppy-arcadia-432311-g5/locations/asia-northeast3/operations/operation-1737128257050-b9e19127-c869-4ec9-92b8-8e30e16fd9e0?alt=json HTTP/1.1" 200 None
2025-01-18 00:41:08,611 DEBUG    urllib3.connectionpool Starting new HTTPS connection (1): container.googleapis.com:443
2025-01-18 00:41:08,709 DEBUG    urllib3.connectionpool https://container.googleapis.com:443 "GET /v1/projects/peppy-arcadia-432311-g5/locations/asia-northeast3/operations/operation-1737128257050-b9e19127-c869-4ec9-92b8-8e30e16fd9e0?alt=json HTTP/1.1" 200 None
2025-01-18 00:41:13,713 DEBUG    urllib3.connectionpool Starting new HTTPS connection (1): container.googleapis.com:443
2025-01-18 00:41:13,858 DEBUG    urllib3.connectionpool https://container.googleapis.com:443 "GET /v1/projects/peppy-arcadia-432311-g5/locations/asia-northeast3/operations/operation-1737128257050-b9e19127-c869-4ec9-92b8-8e30e16fd9e0?alt=json HTTP/1.1" 200 None
2025-01-18 00:41:18,864 DEBUG    urllib3.connectionpool Starting new HTTPS connection (1): container.googleapis.com:443
2025-01-18 00:41:19,042 DEBUG    urllib3.connectionpool https://container.googleapis.com:443 "GET /v1/projects/peppy-arcadia-432311-g5/locations/asia-northeast3/operations/operation-1737128257050-b9e19127-c869-4ec9-92b8-8e30e16fd9e0?alt=json HTTP/1.1" 200 None
2025-01-18 00:41:24,047 DEBUG    urllib3.connectionpool Starting new HTTPS connection (1): container.googleapis.com:443
2025-01-18 00:41:24,238 DEBUG    urllib3.connectionpool https://container.googleapis.com:443 "GET /v1/projects/peppy-arcadia-432311-g5/locations/asia-northeast3/operations/operation-1737128257050-b9e19127-c869-4ec9-92b8-8e30e16fd9e0?alt=json HTTP/1.1" 200 None
2025-01-18 00:41:29,244 DEBUG    urllib3.connectionpool Starting new HTTPS connection (1): container.googleapis.com:443
2025-01-18 00:41:29,329 DEBUG    urllib3.connectionpool https://container.googleapis.com:443 "GET /v1/projects/peppy-arcadia-432311-g5/locations/asia-northeast3/operations/operation-1737128257050-b9e19127-c869-4ec9-92b8-8e30e16fd9e0?alt=json HTTP/1.1" 200 None
2025-01-18 00:41:34,334 DEBUG    urllib3.connectionpool Starting new HTTPS connection (1): container.googleapis.com:443
2025-01-18 00:41:34,437 DEBUG    urllib3.connectionpool https://container.googleapis.com:443 "GET /v1/projects/peppy-arcadia-432311-g5/locations/asia-northeast3/operations/operation-1737128257050-b9e19127-c869-4ec9-92b8-8e30e16fd9e0?alt=json HTTP/1.1" 200 None
2025-01-18 00:41:39,445 DEBUG    urllib3.connectionpool Starting new HTTPS connection (1): container.googleapis.com:443
2025-01-18 00:41:39,599 DEBUG    urllib3.connectionpool https://container.googleapis.com:443 "GET /v1/projects/peppy-arcadia-432311-g5/locations/asia-northeast3/operations/operation-1737128257050-b9e19127-c869-4ec9-92b8-8e30e16fd9e0?alt=json HTTP/1.1" 200 None
2025-01-18 00:41:44,605 DEBUG    urllib3.connectionpool Starting new HTTPS connection (1): container.googleapis.com:443
2025-01-18 00:41:44,756 DEBUG    urllib3.connectionpool https://container.googleapis.com:443 "GET /v1/projects/peppy-arcadia-432311-g5/locations/asia-northeast3/operations/operation-1737128257050-b9e19127-c869-4ec9-92b8-8e30e16fd9e0?alt=json HTTP/1.1" 200 None
2025-01-18 00:41:49,760 DEBUG    urllib3.connectionpool Starting new HTTPS connection (1): container.googleapis.com:443
2025-01-18 00:41:49,905 DEBUG    urllib3.connectionpool https://container.googleapis.com:443 "GET /v1/projects/peppy-arcadia-432311-g5/locations/asia-northeast3/operations/operation-1737128257050-b9e19127-c869-4ec9-92b8-8e30e16fd9e0?alt=json HTTP/1.1" 200 None
2025-01-18 00:41:49,909 INFO     root            Operation <Operation
 clusterConditions: []
 endTime: '2025-01-17T15:41:47.078479931Z'
 name: 'operation-1737128257050-b9e19127-c869-4ec9-92b8-8e30e16fd9e0'
 nodepoolConditions: []
 operationType: OperationTypeValueValuesEnum(DELETE_NODE_POOL, 8)
 selfLink: 'https://container.googleapis.com/v1/projects/134982172036/locations/asia-northeast3/operations/operation-1737128257050-b9e19127-c869-4ec9-92b8-8e30e16fd9e0'
 startTime: '2025-01-17T15:37:37.050604536Z'
 status: StatusValueValuesEnum(DONE, 3)
 targetLink: 'https://container.googleapis.com/v1/projects/134982172036/locations/asia-northeast3/clusters/gcp-dr-gke/nodePools/default-pool'
 zone: 'asia-northeast3'> finished after 2.53e+02 seconds
2025-01-18 00:41:49,922 INFO     ___FILE_ONLY___ Deleted [https://container.googleapis.com/v1/projects/peppy-arcadia-432311-g5/zones/asia-northeast3/clusters/gcp-dr-gke/nodePools/default-pool].

2025-01-18 00:41:49,922 DEBUG    root            Chosen display Format:none
2025-01-18 00:41:49,923 INFO     root            Display format: "none"
2025-01-18 00:41:49,953 DEBUG    root            SDK update checks are disabled.
