2025-01-18 01:10:14,457 DEBUG    root            Loaded Command Group: ['gcloud', 'projects']
2025-01-18 01:10:14,462 DEBUG    root            Loaded Command Group: ['gcloud', 'projects', 'list']
2025-01-18 01:10:14,463 DEBUG    root            Running [gcloud.projects.list] with arguments: []
2025-01-18 01:10:14,463 INFO     root            client_filter="None" server_filter="None"
2025-01-18 01:10:14,476 DEBUG    root            Chosen display Format:
    table(
      projectId:sort=1,
      name,
      projectNumber
    )

2025-01-18 01:10:14,476 INFO     root            Display format: "
    table(
      projectId:sort=1,
      name,
      projectNumber
    )
"
2025-01-18 01:10:14,478 DEBUG    urllib3.connectionpool Starting new HTTPS connection (1): cloudresourcemanager.googleapis.com:443
2025-01-18 01:10:15,459 DEBUG    urllib3.connectionpool https://cloudresourcemanager.googleapis.com:443 "GET /v1/projects?alt=json&filter=lifecycleState%3AACTIVE&pageSize=500 HTTP/1.1" 200 None
2025-01-18 01:10:15,473 INFO     ___FILE_ONLY___ PROJECT_ID
2025-01-18 01:10:15,473 INFO     ___FILE_ONLY___                
2025-01-18 01:10:15,473 INFO     ___FILE_ONLY___ NAME
2025-01-18 01:10:15,473 INFO     ___FILE_ONLY___               
2025-01-18 01:10:15,473 INFO     ___FILE_ONLY___ PROJECT_NUMBER
2025-01-18 01:10:15,473 INFO     ___FILE_ONLY___ 

2025-01-18 01:10:15,473 INFO     ___FILE_ONLY___ peppy-arcadia-432311-g5
2025-01-18 01:10:15,473 INFO     ___FILE_ONLY___   
2025-01-18 01:10:15,473 INFO     ___FILE_ONLY___ My Project 68084
2025-01-18 01:10:15,473 INFO     ___FILE_ONLY___   
2025-01-18 01:10:15,473 INFO     ___FILE_ONLY___ 134982172036
2025-01-18 01:10:15,473 INFO     ___FILE_ONLY___ 

2025-01-18 01:10:15,474 DEBUG    root            SDK update checks are disabled.
