2025-01-18 01:13:20,364 DEBUG    root            Loaded Command Group: ['gcloud', 'container', 'images']
2025-01-18 01:13:20,369 DEBUG    root            Loaded Command Group: ['gcloud', 'container', 'images', 'list']
2025-01-18 01:13:20,389 DEBUG    root            Running [gcloud.container.images.list] with arguments: [--repository: "gcr.io/peppy-arcadia-432311-g5"]
2025-01-18 01:13:20,391 DEBUG    urllib3.connectionpool Starting new HTTPS connection (1): gcr.io:443
2025-01-18 01:13:20,685 DEBUG    urllib3.connectionpool https://gcr.io:443 "GET /v2/ HTTP/1.1" 401 None
2025-01-18 01:13:21,001 DEBUG    urllib3.connectionpool https://gcr.io:443 "GET /v2/token?scope=repository%3Apeppy-arcadia-432311-g5%3Apull&service=gcr.io HTTP/1.1" 404 None
2025-01-18 01:13:21,003 DEBUG    root            (gcloud.container.images.list) Bad status during token exchange: 404
b'{"errors":[{"code":"NAME_UNKNOWN","message":"Repository \\"gcr.io\\" not found"}]}\n'
Traceback (most recent call last):
  File "/usr/bin/../lib/google-cloud-sdk/lib/googlecloudsdk/api_lib/container/images/util.py", line 484, in WrapExpectedDockerlessErrors
    yield
  File "/usr/bin/../lib/google-cloud-sdk/lib/surface/container/images/list.py", line 105, in Run
    with docker_image.FromRegistry(
  File "/usr/bin/../lib/google-cloud-sdk/lib/third_party/containerregistry/client/v2_2/docker_image_.py", line 398, in __enter__
    self._transport = docker_http.Transport(
                      ^^^^^^^^^^^^^^^^^^^^^^
  File "/usr/bin/../lib/google-cloud-sdk/lib/third_party/containerregistry/client/v2_2/docker_http_.py", line 207, in __init__
    self._Refresh()
  File "/usr/bin/../lib/google-cloud-sdk/lib/third_party/containerregistry/client/v2_2/docker_http_.py", line 313, in _Refresh
    raise TokenRefreshException('Bad status during token exchange: %d\n%s' %
containerregistry.client.v2_2.docker_http_.TokenRefreshException: Bad status during token exchange: 404
b'{"errors":[{"code":"NAME_UNKNOWN","message":"Repository \\"gcr.io\\" not found"}]}\n'

During handling of the above exception, another exception occurred:

Traceback (most recent call last):
  File "/usr/bin/../lib/google-cloud-sdk/lib/googlecloudsdk/calliope/cli.py", line 998, in Execute
    resources = calliope_command.Run(cli=self, args=args)
                ^^^^^^^^^^^^^^^^^^^^^^^^^^^^^^^^^^^^^^^^^
  File "/usr/bin/../lib/google-cloud-sdk/lib/googlecloudsdk/calliope/backend.py", line 934, in Run
    resources = command_instance.Run(args)
                ^^^^^^^^^^^^^^^^^^^^^^^^^^
  File "/usr/bin/../lib/google-cloud-sdk/lib/surface/container/images/list.py", line 104, in Run
    with util.WrapExpectedDockerlessErrors(repository):
  File "/usr/lib/google-cloud-sdk/platform/bundledpythonunix/lib/python3.11/contextlib.py", line 158, in __exit__
    self.gen.throw(typ, value, traceback)
  File "/usr/bin/../lib/google-cloud-sdk/lib/googlecloudsdk/api_lib/container/images/util.py", line 498, in WrapExpectedDockerlessErrors
    raise TokenRefreshError(six.text_type(err))
googlecloudsdk.api_lib.container.images.util.TokenRefreshError: Bad status during token exchange: 404
b'{"errors":[{"code":"NAME_UNKNOWN","message":"Repository \\"gcr.io\\" not found"}]}\n'
2025-01-18 01:13:21,004 ERROR    root            (gcloud.container.images.list) Bad status during token exchange: 404
b'{"errors":[{"code":"NAME_UNKNOWN","message":"Repository \\"gcr.io\\" not found"}]}\n'
