2025-01-18 01:13:47,170 DEBUG    root            Loaded Command Group: ['gcloud', 'artifacts']
2025-01-18 01:13:47,174 DEBUG    root            Loaded Command Group: ['gcloud', 'artifacts', 'repositories']
2025-01-18 01:13:47,240 DEBUG    root            Loaded Command Group: ['gcloud', 'artifacts', 'repositories', 'list']
2025-01-18 01:13:47,247 DEBUG    root            Running [gcloud.artifacts.repositories.list] with arguments: [--project: "peppy-arcadia-432311-g5"]
2025-01-18 01:13:47,266 DEBUG    urllib3.connectionpool Starting new HTTPS connection (1): artifactregistry.googleapis.com:443
2025-01-18 01:13:48,744 DEBUG    urllib3.connectionpool https://artifactregistry.googleapis.com:443 "GET /v1beta2/projects/peppy-arcadia-432311-g5/locations?alt=json HTTP/1.1" 200 None
2025-01-18 01:13:48,752 INFO     ___FILE_ONLY___ Listing items under project peppy-arcadia-432311-g5, across all locations.


2025-01-18 01:13:48,994 DEBUG    urllib3.connectionpool Starting new HTTPS connection (1): artifactregistry.googleapis.com:443
2025-01-18 01:13:48,997 DEBUG    urllib3.connectionpool Starting new HTTPS connection (1): artifactregistry.googleapis.com:443
2025-01-18 01:13:48,998 DEBUG    urllib3.connectionpool Starting new HTTPS connection (1): artifactregistry.googleapis.com:443
2025-01-18 01:13:48,998 DEBUG    urllib3.connectionpool Starting new HTTPS connection (1): artifactregistry.googleapis.com:443
2025-01-18 01:13:49,000 DEBUG    urllib3.connectionpool Starting new HTTPS connection (1): artifactregistry.googleapis.com:443
2025-01-18 01:13:49,002 DEBUG    urllib3.connectionpool Starting new HTTPS connection (1): artifactregistry.googleapis.com:443
2025-01-18 01:13:49,004 DEBUG    urllib3.connectionpool Starting new HTTPS connection (1): artifactregistry.googleapis.com:443
2025-01-18 01:13:49,009 DEBUG    urllib3.connectionpool Starting new HTTPS connection (1): artifactregistry.googleapis.com:443
2025-01-18 01:13:49,011 DEBUG    urllib3.connectionpool Starting new HTTPS connection (1): artifactregistry.googleapis.com:443
2025-01-18 01:13:49,012 DEBUG    urllib3.connectionpool Starting new HTTPS connection (1): artifactregistry.googleapis.com:443
2025-01-18 01:13:49,014 DEBUG    urllib3.connectionpool Starting new HTTPS connection (1): artifactregistry.googleapis.com:443
2025-01-18 01:13:49,015 DEBUG    urllib3.connectionpool Starting new HTTPS connection (1): artifactregistry.googleapis.com:443
2025-01-18 01:13:49,016 DEBUG    urllib3.connectionpool Starting new HTTPS connection (1): artifactregistry.googleapis.com:443
2025-01-18 01:13:49,020 DEBUG    urllib3.connectionpool Starting new HTTPS connection (1): artifactregistry.googleapis.com:443
2025-01-18 01:13:49,022 DEBUG    urllib3.connectionpool Starting new HTTPS connection (1): artifactregistry.googleapis.com:443
2025-01-18 01:13:49,023 DEBUG    urllib3.connectionpool Starting new HTTPS connection (1): artifactregistry.googleapis.com:443
2025-01-18 01:13:49,025 DEBUG    urllib3.connectionpool Starting new HTTPS connection (1): artifactregistry.googleapis.com:443
2025-01-18 01:13:49,026 DEBUG    urllib3.connectionpool Starting new HTTPS connection (1): artifactregistry.googleapis.com:443
2025-01-18 01:13:49,028 DEBUG    urllib3.connectionpool Starting new HTTPS connection (1): artifactregistry.googleapis.com:443
2025-01-18 01:13:49,031 DEBUG    urllib3.connectionpool Starting new HTTPS connection (1): artifactregistry.googleapis.com:443
2025-01-18 01:13:49,032 DEBUG    urllib3.connectionpool Starting new HTTPS connection (1): artifactregistry.googleapis.com:443
2025-01-18 01:13:49,033 DEBUG    urllib3.connectionpool Starting new HTTPS connection (1): artifactregistry.googleapis.com:443
2025-01-18 01:13:49,034 DEBUG    urllib3.connectionpool Starting new HTTPS connection (1): artifactregistry.googleapis.com:443
2025-01-18 01:13:49,035 DEBUG    urllib3.connectionpool Starting new HTTPS connection (1): artifactregistry.googleapis.com:443
2025-01-18 01:13:49,037 DEBUG    urllib3.connectionpool Starting new HTTPS connection (1): artifactregistry.googleapis.com:443
2025-01-18 01:13:49,038 DEBUG    urllib3.connectionpool Starting new HTTPS connection (1): artifactregistry.googleapis.com:443
2025-01-18 01:13:49,040 DEBUG    urllib3.connectionpool Starting new HTTPS connection (1): artifactregistry.googleapis.com:443
2025-01-18 01:13:49,041 DEBUG    urllib3.connectionpool Starting new HTTPS connection (1): artifactregistry.googleapis.com:443
2025-01-18 01:13:49,041 DEBUG    urllib3.connectionpool Starting new HTTPS connection (1): artifactregistry.googleapis.com:443
2025-01-18 01:13:49,043 DEBUG    urllib3.connectionpool Starting new HTTPS connection (1): artifactregistry.googleapis.com:443
2025-01-18 01:13:49,045 DEBUG    urllib3.connectionpool Starting new HTTPS connection (1): artifactregistry.googleapis.com:443
2025-01-18 01:13:49,047 DEBUG    urllib3.connectionpool Starting new HTTPS connection (1): artifactregistry.googleapis.com:443
2025-01-18 01:13:49,049 DEBUG    urllib3.connectionpool Starting new HTTPS connection (1): artifactregistry.googleapis.com:443
2025-01-18 01:13:49,050 DEBUG    urllib3.connectionpool Starting new HTTPS connection (1): artifactregistry.googleapis.com:443
2025-01-18 01:13:49,051 DEBUG    urllib3.connectionpool Starting new HTTPS connection (1): artifactregistry.googleapis.com:443
2025-01-18 01:13:49,052 DEBUG    urllib3.connectionpool Starting new HTTPS connection (1): artifactregistry.googleapis.com:443
2025-01-18 01:13:49,054 DEBUG    urllib3.connectionpool Starting new HTTPS connection (1): artifactregistry.googleapis.com:443
2025-01-18 01:13:49,055 DEBUG    urllib3.connectionpool Starting new HTTPS connection (1): artifactregistry.googleapis.com:443
2025-01-18 01:13:49,056 DEBUG    urllib3.connectionpool Starting new HTTPS connection (1): artifactregistry.googleapis.com:443
2025-01-18 01:13:49,058 DEBUG    urllib3.connectionpool Starting new HTTPS connection (1): artifactregistry.googleapis.com:443
2025-01-18 01:13:49,059 DEBUG    urllib3.connectionpool Starting new HTTPS connection (1): artifactregistry.googleapis.com:443
2025-01-18 01:13:49,060 DEBUG    urllib3.connectionpool Starting new HTTPS connection (1): artifactregistry.googleapis.com:443
2025-01-18 01:13:49,062 DEBUG    urllib3.connectionpool Starting new HTTPS connection (1): artifactregistry.googleapis.com:443
2025-01-18 01:13:49,064 DEBUG    urllib3.connectionpool Starting new HTTPS connection (1): artifactregistry.googleapis.com:443
2025-01-18 01:13:50,163 DEBUG    urllib3.connectionpool https://artifactregistry.googleapis.com:443 "GET /v1/projects/peppy-arcadia-432311-g5/locations/asia-east1/repositories?alt=json HTTP/1.1" 200 None
2025-01-18 01:13:50,356 DEBUG    urllib3.connectionpool https://artifactregistry.googleapis.com:443 "GET /v1/projects/peppy-arcadia-432311-g5/locations/asia-east2/repositories?alt=json HTTP/1.1" 200 None
2025-01-18 01:13:50,372 DEBUG    urllib3.connectionpool https://artifactregistry.googleapis.com:443 "GET /v1/projects/peppy-arcadia-432311-g5/locations/asia/repositories?alt=json HTTP/1.1" 200 None
2025-01-18 01:13:50,441 DEBUG    urllib3.connectionpool https://artifactregistry.googleapis.com:443 "GET /v1/projects/peppy-arcadia-432311-g5/locations/us/repositories?alt=json HTTP/1.1" 200 None
2025-01-18 01:13:50,481 DEBUG    urllib3.connectionpool https://artifactregistry.googleapis.com:443 "GET /v1/projects/peppy-arcadia-432311-g5/locations/asia-southeast1/repositories?alt=json HTTP/1.1" 200 None
2025-01-18 01:13:50,521 DEBUG    urllib3.connectionpool https://artifactregistry.googleapis.com:443 "GET /v1/projects/peppy-arcadia-432311-g5/locations/asia-southeast2/repositories?alt=json HTTP/1.1" 200 None
2025-01-18 01:13:50,557 DEBUG    urllib3.connectionpool https://artifactregistry.googleapis.com:443 "GET /v1/projects/peppy-arcadia-432311-g5/locations/asia-northeast3/repositories?alt=json HTTP/1.1" 200 None
2025-01-18 01:13:50,658 DEBUG    urllib3.connectionpool https://artifactregistry.googleapis.com:443 "GET /v1/projects/peppy-arcadia-432311-g5/locations/asia-northeast1/repositories?alt=json HTTP/1.1" 200 None
2025-01-18 01:13:50,717 DEBUG    urllib3.connectionpool https://artifactregistry.googleapis.com:443 "GET /v1/projects/peppy-arcadia-432311-g5/locations/asia-northeast2/repositories?alt=json HTTP/1.1" 200 None
2025-01-18 01:13:50,740 DEBUG    urllib3.connectionpool https://artifactregistry.googleapis.com:443 "GET /v1/projects/peppy-arcadia-432311-g5/locations/australia-southeast1/repositories?alt=json HTTP/1.1" 200 None
2025-01-18 01:13:50,950 DEBUG    urllib3.connectionpool https://artifactregistry.googleapis.com:443 "GET /v1/projects/peppy-arcadia-432311-g5/locations/asia-south2/repositories?alt=json HTTP/1.1" 200 None
2025-01-18 01:13:50,953 DEBUG    urllib3.connectionpool https://artifactregistry.googleapis.com:443 "GET /v1/projects/peppy-arcadia-432311-g5/locations/asia-south1/repositories?alt=json HTTP/1.1" 200 None
2025-01-18 01:13:50,998 DEBUG    urllib3.connectionpool https://artifactregistry.googleapis.com:443 "GET /v1/projects/peppy-arcadia-432311-g5/locations/us-west4/repositories?alt=json HTTP/1.1" 200 None
2025-01-18 01:13:51,053 DEBUG    urllib3.connectionpool https://artifactregistry.googleapis.com:443 "GET /v1/projects/peppy-arcadia-432311-g5/locations/us-west1/repositories?alt=json HTTP/1.1" 200 None
2025-01-18 01:13:51,074 DEBUG    urllib3.connectionpool https://artifactregistry.googleapis.com:443 "GET /v1/projects/peppy-arcadia-432311-g5/locations/us-west3/repositories?alt=json HTTP/1.1" 200 None
2025-01-18 01:13:51,076 DEBUG    urllib3.connectionpool https://artifactregistry.googleapis.com:443 "GET /v1/projects/peppy-arcadia-432311-g5/locations/australia-southeast2/repositories?alt=json HTTP/1.1" 200 None
2025-01-18 01:13:51,091 DEBUG    urllib3.connectionpool https://artifactregistry.googleapis.com:443 "GET /v1/projects/peppy-arcadia-432311-g5/locations/us-west2/repositories?alt=json HTTP/1.1" 200 None
2025-01-18 01:13:51,133 DEBUG    urllib3.connectionpool https://artifactregistry.googleapis.com:443 "GET /v1/projects/peppy-arcadia-432311-g5/locations/northamerica-south1/repositories?alt=json HTTP/1.1" 200 None
2025-01-18 01:13:51,202 DEBUG    urllib3.connectionpool https://artifactregistry.googleapis.com:443 "GET /v1/projects/peppy-arcadia-432311-g5/locations/us-south1/repositories?alt=json HTTP/1.1" 200 None
2025-01-18 01:13:51,247 DEBUG    urllib3.connectionpool https://artifactregistry.googleapis.com:443 "GET /v1/projects/peppy-arcadia-432311-g5/locations/us-central1/repositories?alt=json HTTP/1.1" 200 None
2025-01-18 01:13:51,266 DEBUG    urllib3.connectionpool https://artifactregistry.googleapis.com:443 "GET /v1/projects/peppy-arcadia-432311-g5/locations/us-east4/repositories?alt=json HTTP/1.1" 200 None
2025-01-18 01:13:51,397 DEBUG    urllib3.connectionpool https://artifactregistry.googleapis.com:443 "GET /v1/projects/peppy-arcadia-432311-g5/locations/us-east5/repositories?alt=json HTTP/1.1" 200 None
2025-01-18 01:13:51,414 DEBUG    urllib3.connectionpool https://artifactregistry.googleapis.com:443 "GET /v1/projects/peppy-arcadia-432311-g5/locations/northamerica-northeast2/repositories?alt=json HTTP/1.1" 200 None
2025-01-18 01:13:51,426 DEBUG    urllib3.connectionpool https://artifactregistry.googleapis.com:443 "GET /v1/projects/peppy-arcadia-432311-g5/locations/us-east1/repositories?alt=json HTTP/1.1" 200 None
2025-01-18 01:13:51,440 DEBUG    urllib3.connectionpool https://artifactregistry.googleapis.com:443 "GET /v1/projects/peppy-arcadia-432311-g5/locations/northamerica-northeast1/repositories?alt=json HTTP/1.1" 200 None
2025-01-18 01:13:51,470 DEBUG    urllib3.connectionpool https://artifactregistry.googleapis.com:443 "GET /v1/projects/peppy-arcadia-432311-g5/locations/europe-southwest1/repositories?alt=json HTTP/1.1" 200 None
2025-01-18 01:13:51,533 DEBUG    urllib3.connectionpool https://artifactregistry.googleapis.com:443 "GET /v1/projects/peppy-arcadia-432311-g5/locations/europe-west1/repositories?alt=json HTTP/1.1" 200 None
2025-01-18 01:13:51,628 DEBUG    urllib3.connectionpool https://artifactregistry.googleapis.com:443 "GET /v1/projects/peppy-arcadia-432311-g5/locations/europe-west10/repositories?alt=json HTTP/1.1" 200 None
2025-01-18 01:13:51,643 DEBUG    urllib3.connectionpool https://artifactregistry.googleapis.com:443 "GET /v1/projects/peppy-arcadia-432311-g5/locations/southamerica-west1/repositories?alt=json HTTP/1.1" 200 None
2025-01-18 01:13:51,777 DEBUG    urllib3.connectionpool https://artifactregistry.googleapis.com:443 "GET /v1/projects/peppy-arcadia-432311-g5/locations/europe/repositories?alt=json HTTP/1.1" 200 None
2025-01-18 01:13:51,811 DEBUG    urllib3.connectionpool https://artifactregistry.googleapis.com:443 "GET /v1/projects/peppy-arcadia-432311-g5/locations/europe-west3/repositories?alt=json HTTP/1.1" 200 None
2025-01-18 01:13:51,856 DEBUG    urllib3.connectionpool https://artifactregistry.googleapis.com:443 "GET /v1/projects/peppy-arcadia-432311-g5/locations/europe-west9/repositories?alt=json HTTP/1.1" 200 None
2025-01-18 01:13:51,871 DEBUG    urllib3.connectionpool https://artifactregistry.googleapis.com:443 "GET /v1/projects/peppy-arcadia-432311-g5/locations/europe-west2/repositories?alt=json HTTP/1.1" 200 None
2025-01-18 01:13:51,884 DEBUG    urllib3.connectionpool https://artifactregistry.googleapis.com:443 "GET /v1/projects/peppy-arcadia-432311-g5/locations/europe-west4/repositories?alt=json HTTP/1.1" 200 None
2025-01-18 01:13:51,911 DEBUG    urllib3.connectionpool https://artifactregistry.googleapis.com:443 "GET /v1/projects/peppy-arcadia-432311-g5/locations/europe-north1/repositories?alt=json HTTP/1.1" 200 None
2025-01-18 01:13:51,915 DEBUG    urllib3.connectionpool https://artifactregistry.googleapis.com:443 "GET /v1/projects/peppy-arcadia-432311-g5/locations/europe-central2/repositories?alt=json HTTP/1.1" 200 None
2025-01-18 01:13:51,965 DEBUG    urllib3.connectionpool https://artifactregistry.googleapis.com:443 "GET /v1/projects/peppy-arcadia-432311-g5/locations/southamerica-east1/repositories?alt=json HTTP/1.1" 200 None
2025-01-18 01:13:51,973 DEBUG    urllib3.connectionpool https://artifactregistry.googleapis.com:443 "GET /v1/projects/peppy-arcadia-432311-g5/locations/europe-west6/repositories?alt=json HTTP/1.1" 200 None
2025-01-18 01:13:51,996 DEBUG    urllib3.connectionpool https://artifactregistry.googleapis.com:443 "GET /v1/projects/peppy-arcadia-432311-g5/locations/europe-west12/repositories?alt=json HTTP/1.1" 200 None
2025-01-18 01:13:52,014 DEBUG    urllib3.connectionpool https://artifactregistry.googleapis.com:443 "GET /v1/projects/peppy-arcadia-432311-g5/locations/europe-west8/repositories?alt=json HTTP/1.1" 200 None
2025-01-18 01:13:52,126 DEBUG    urllib3.connectionpool https://artifactregistry.googleapis.com:443 "GET /v1/projects/peppy-arcadia-432311-g5/locations/me-west1/repositories?alt=json HTTP/1.1" 200 None
2025-01-18 01:13:52,425 DEBUG    urllib3.connectionpool https://artifactregistry.googleapis.com:443 "GET /v1/projects/peppy-arcadia-432311-g5/locations/me-central2/repositories?alt=json HTTP/1.1" 200 None
2025-01-18 01:13:52,638 DEBUG    urllib3.connectionpool https://artifactregistry.googleapis.com:443 "GET /v1/projects/peppy-arcadia-432311-g5/locations/me-central1/repositories?alt=json HTTP/1.1" 200 None
2025-01-18 01:13:52,831 DEBUG    urllib3.connectionpool https://artifactregistry.googleapis.com:443 "GET /v1/projects/peppy-arcadia-432311-g5/locations/africa-south1/repositories?alt=json HTTP/1.1" 200 None
2025-01-18 01:13:52,843 DEBUG    root            Chosen display Format:    table[title="ARTIFACT_REGISTRY"](
         name.basename():label=REPOSITORY,
         format:label=FORMAT,
         mode.basename(undefined=STANDARD_REPOSITORY):label=MODE,
         description:label=DESCRIPTION,
         name.segment(3):label=LOCATION,
         labels.list():label=LABELS,
         kmsKeyName.yesno(yes='Customer-managed key', no='Google-managed key'):label=ENCRYPTION,
         createTime.date(tz=LOCAL),
         updateTime.date(tz=LOCAL),
         sizeBytes.size(zero='0',precision=3,units_out=M):label="SIZE (MB)"
    )
2025-01-18 01:13:52,844 INFO     root            Display format: "    table[title="ARTIFACT_REGISTRY"](
         name.basename():label=REPOSITORY,
         format:label=FORMAT,
         mode.basename(undefined=STANDARD_REPOSITORY):label=MODE,
         description:label=DESCRIPTION,
         name.segment(3):label=LOCATION,
         labels.list():label=LABELS,
         kmsKeyName.yesno(yes='Customer-managed key', no='Google-managed key'):label=ENCRYPTION,
         createTime.date(tz=LOCAL),
         updateTime.date(tz=LOCAL),
         sizeBytes.size(zero='0',precision=3,units_out=M):label="SIZE (MB)"
    )"
2025-01-18 01:13:52,852 INFO     ___FILE_ONLY___                                                                   ARTIFACT_REGISTRY
2025-01-18 01:13:52,852 INFO     ___FILE_ONLY___ 

2025-01-18 01:13:52,852 INFO     ___FILE_ONLY___ REPOSITORY
2025-01-18 01:13:52,852 INFO     ___FILE_ONLY___   
2025-01-18 01:13:52,852 INFO     ___FILE_ONLY___ FORMAT
2025-01-18 01:13:52,852 INFO     ___FILE_ONLY___   
2025-01-18 01:13:52,852 INFO     ___FILE_ONLY___ MODE
2025-01-18 01:13:52,853 INFO     ___FILE_ONLY___                  
2025-01-18 01:13:52,853 INFO     ___FILE_ONLY___ DESCRIPTION
2025-01-18 01:13:52,853 INFO     ___FILE_ONLY___   
2025-01-18 01:13:52,853 INFO     ___FILE_ONLY___ LOCATION
2025-01-18 01:13:52,853 INFO     ___FILE_ONLY___          
2025-01-18 01:13:52,853 INFO     ___FILE_ONLY___ LABELS
2025-01-18 01:13:52,853 INFO     ___FILE_ONLY___   
2025-01-18 01:13:52,853 INFO     ___FILE_ONLY___ ENCRYPTION
2025-01-18 01:13:52,853 INFO     ___FILE_ONLY___           
2025-01-18 01:13:52,853 INFO     ___FILE_ONLY___ CREATE_TIME
2025-01-18 01:13:52,853 INFO     ___FILE_ONLY___           
2025-01-18 01:13:52,853 INFO     ___FILE_ONLY___ UPDATE_TIME
2025-01-18 01:13:52,853 INFO     ___FILE_ONLY___           
2025-01-18 01:13:52,853 INFO     ___FILE_ONLY___ SIZE (MB)
2025-01-18 01:13:52,853 INFO     ___FILE_ONLY___ 

2025-01-18 01:13:52,853 INFO     ___FILE_ONLY___ app-images
2025-01-18 01:13:52,853 INFO     ___FILE_ONLY___   
2025-01-18 01:13:52,853 INFO     ___FILE_ONLY___ DOCKER
2025-01-18 01:13:52,853 INFO     ___FILE_ONLY___   
2025-01-18 01:13:52,853 INFO     ___FILE_ONLY___ STANDARD_REPOSITORY
2025-01-18 01:13:52,853 INFO     ___FILE_ONLY___                
2025-01-18 01:13:52,853 INFO     ___FILE_ONLY___ asia-northeast3
2025-01-18 01:13:52,853 INFO     ___FILE_ONLY___           
2025-01-18 01:13:52,853 INFO     ___FILE_ONLY___ Google-managed key
2025-01-18 01:13:52,853 INFO     ___FILE_ONLY___   
2025-01-18 01:13:52,853 INFO     ___FILE_ONLY___ 2025-01-17T20:43:25
2025-01-18 01:13:52,853 INFO     ___FILE_ONLY___   
2025-01-18 01:13:52,853 INFO     ___FILE_ONLY___ 2025-01-17T21:18:52
2025-01-18 01:13:52,854 INFO     ___FILE_ONLY___   
2025-01-18 01:13:52,854 INFO     ___FILE_ONLY___ 68.650
2025-01-18 01:13:52,854 INFO     ___FILE_ONLY___ 

2025-01-18 01:13:52,854 DEBUG    root            SDK update checks are disabled.
