2025-01-18 01:29:48,914 DEBUG    root            Loaded Command Group: ['gcloud', 'config']
2025-01-18 01:29:48,916 DEBUG    root            Loaded Command Group: ['gcloud', 'config', 'config_helper']
2025-01-18 01:29:48,917 DEBUG    root            Running [gcloud.config.config-helper] with arguments: [--format: "json"]
2025-01-18 01:29:48,946 DEBUG    google.auth.transport.requests Making request: POST https://oauth2.googleapis.com/token
2025-01-18 01:29:48,948 DEBUG    urllib3.connectionpool Starting new HTTPS connection (1): oauth2.googleapis.com:443
2025-01-18 01:29:49,250 DEBUG    urllib3.connectionpool https://oauth2.googleapis.com:443 "POST /token HTTP/1.1" 200 None
2025-01-18 01:29:49,264 DEBUG    root            Chosen display Format:default json
2025-01-18 01:29:49,264 INFO     root            Display format: "default json"
2025-01-18 01:29:49,277 INFO     ___FILE_ONLY___ {
  "configuration": {
    "active_configuration": "default",
    "properties": {
      "core": {
        "account": "1201ljhun@gmail.com",
        "disable_usage_reporting": "True",
        "project": "peppy-arcadia-432311-g5"
      }
    }
  },
  "credential": {
    "access_token": "ya29.a0ARW5m74fn23au4jUosRvTLFqytAQMacNTrThfJbPkkK6uj-nOD-zsmoabzYcHL1Dqw1gZJiMIHrIXq5a4jC4SA2bqBgaecFLKtr1CfnoHhVyPANyWHIvTaCrJztcJu8DolQim1t8Zik2DrZtAwfLk0o0Xac3qBqyEU76CDDYKfTGy4caCgYKAQ0SARISFQHGX2MisLzQfMmbnxlOv9iRHJYLGA0182",
    "id_token": "eyJhbGciOiJSUzI1NiIsImtpZCI6ImRkMTI1ZDVmNDYyZmJjNjAxNGFlZGFiODFkZGYzYmNlZGFiNzA4NDciLCJ0eXAiOiJKV1QifQ.eyJpc3MiOiJodHRwczovL2FjY291bnRzLmdvb2dsZS5jb20iLCJhenAiOiIzMjU1NTk0MDU1OS5hcHBzLmdvb2dsZXVzZXJjb250ZW50LmNvbSIsImF1ZCI6IjMyNTU1OTQwNTU5LmFwcHMuZ29vZ2xldXNlcmNvbnRlbnQuY29tIiwic3ViIjoiMTA1MDk2MzU3NDMwMjQzNjQxMTQxIiwiZW1haWwiOiIxMjAxbGpodW5AZ21haWwuY29tIiwiZW1haWxfdmVyaWZpZWQiOnRydWUsImF0X2hhc2giOiIwdUNlTDZpZGVRdkJkV0JrX0tzZ3VRIiwiaWF0IjoxNzM3MTMxMzg5LCJleHAiOjE3MzcxMzQ5ODl9.VDpxzgHbNcmVhEma6hlKOLjFxRi5WP5XvbaI1U6B3_L6yG0PEGWYNOIkNWonvkATgwLXVTmDQM9oe9lvLPzyLZYPZDffTrARcxX4RYTLHnyoEbwIPxHs8vgwAi-9EYxn45fT04CyG6MZL0QdwuWj9E65yHiV5wguz3F6bsoeaGEGMic67gvvHPYiAptj59HNfVLeQia3GJhfBmejdo27lnpqladiY9UnCdVWgkey28mIX3_QS9cSsoL5ovXcXkOI5yz6QAyW5S29TP2aLoL65YayasTDUS4MUfvmtPCsDj5KQdIIO0-sL6_6LBBOkVpgnhUBiSOiFDmQs-r8PRSKfA",
    "token_expiry": "2025-01-17T17:29:48Z"
  },
  "sentinels": {
    "config_sentinel": "/home/ubuntu/.config/gcloud/config_sentinel"
  }
}
2025-01-18 01:29:49,277 INFO     ___FILE_ONLY___ 

2025-01-18 01:29:49,277 DEBUG    root            SDK update checks are disabled.
