2025-01-18 01:30:40,688 DEBUG    root            Loaded Command Group: ['gcloud', 'artifacts']
2025-01-18 01:30:40,689 DEBUG    root            Loaded Command Group: ['gcloud', 'artifacts', 'docker']
2025-01-18 01:30:40,691 DEBUG    root            Loaded Command Group: ['gcloud', 'artifacts', 'docker', 'images']
2025-01-18 01:30:40,719 DEBUG    root            Loaded Command Group: ['gcloud', 'artifacts', 'docker', 'images', 'list']
2025-01-18 01:30:40,720 DEBUG    root            Running [gcloud.artifacts.docker.images.list] with arguments: [IMAGE_PATH: "asia-northeast3-docker.pkg.dev/peppy-arcadia-432311-g5/app-images"]
2025-01-18 01:30:40,737 DEBUG    urllib3.connectionpool Starting new HTTPS connection (1): artifactregistry.googleapis.com:443
2025-01-18 01:30:41,394 DEBUG    urllib3.connectionpool https://artifactregistry.googleapis.com:443 "GET /v1/projects/peppy-arcadia-432311-g5/locations/asia-northeast3/repositories/app-images?alt=json HTTP/1.1" 200 None
2025-01-18 01:30:41,397 INFO     ___FILE_ONLY___ Listing items under project peppy-arcadia-432311-g5, location asia-northeast3, repository app-images.


2025-01-18 01:30:41,405 DEBUG    urllib3.connectionpool Starting new HTTPS connection (1): artifactregistry.googleapis.com:443
2025-01-18 01:30:41,996 DEBUG    urllib3.connectionpool https://artifactregistry.googleapis.com:443 "GET /v1/projects/peppy-arcadia-432311-g5/locations/asia-northeast3/repositories/app-images/dockerImages?alt=json HTTP/1.1" 200 None
2025-01-18 01:30:41,998 DEBUG    root            Chosen display Format:    table(
      package:label=IMAGE,
      version:label=DIGEST,
      createTime.date(tz=LOCAL),
      updateTime.date(tz=LOCAL),
      metadata.imageSizeBytes:label=SIZE,
      
  BUILD_DETAILS.buildDetails.provenance.sourceProvenance.context.cloudRepo.revisionId.notnull().list().slice(:8).join(''):optional:label=GIT_SHA,
  vuln_counts.list():optional:label=VULNERABILITIES,
  IMAGE_BASIS.derivedImage.sort(distance).map().extract(baseResourceUrl).slice(:1).map().list().list().split('//').slice(1:).list().split('@').slice(:1).list():optional:label=FROM,
  BUILD_DETAILS.buildDetails.provenance.id.notnull().list():optional:label=BUILD,
  DISCOVERY[0].discovered.analysisStatus:optional:label=VULNERABILITY_SCAN_STATUS

    )
2025-01-18 01:30:41,999 INFO     root            Display format: "    table(
      package:label=IMAGE,
      version:label=DIGEST,
      createTime.date(tz=LOCAL),
      updateTime.date(tz=LOCAL),
      metadata.imageSizeBytes:label=SIZE,
      
  BUILD_DETAILS.buildDetails.provenance.sourceProvenance.context.cloudRepo.revisionId.notnull().list().slice(:8).join(''):optional:label=GIT_SHA,
  vuln_counts.list():optional:label=VULNERABILITIES,
  IMAGE_BASIS.derivedImage.sort(distance).map().extract(baseResourceUrl).slice(:1).map().list().list().split('//').slice(1:).list().split('@').slice(:1).list():optional:label=FROM,
  BUILD_DETAILS.buildDetails.provenance.id.notnull().list():optional:label=BUILD,
  DISCOVERY[0].discovered.analysisStatus:optional:label=VULNERABILITY_SCAN_STATUS

    )"
2025-01-18 01:30:42,007 INFO     ___FILE_ONLY___ IMAGE
2025-01-18 01:30:42,007 INFO     ___FILE_ONLY___                                                                                         
2025-01-18 01:30:42,007 INFO     ___FILE_ONLY___ DIGEST
2025-01-18 01:30:42,007 INFO     ___FILE_ONLY___                                                                    
2025-01-18 01:30:42,007 INFO     ___FILE_ONLY___ CREATE_TIME
2025-01-18 01:30:42,007 INFO     ___FILE_ONLY___           
2025-01-18 01:30:42,007 INFO     ___FILE_ONLY___ UPDATE_TIME
2025-01-18 01:30:42,008 INFO     ___FILE_ONLY___           
2025-01-18 01:30:42,008 INFO     ___FILE_ONLY___ SIZE
2025-01-18 01:30:42,008 INFO     ___FILE_ONLY___ 

2025-01-18 01:30:42,008 INFO     ___FILE_ONLY___ asia-northeast3-docker.pkg.dev/peppy-arcadia-432311-g5/app-images/user-login-service
2025-01-18 01:30:42,008 INFO     ___FILE_ONLY___          
2025-01-18 01:30:42,008 INFO     ___FILE_ONLY___ sha256:1b9f087e25a87104be85c86bdcf69568ccc00cdb7fd1cc997e9fa54b05493256
2025-01-18 01:30:42,008 INFO     ___FILE_ONLY___   
2025-01-18 01:30:42,008 INFO     ___FILE_ONLY___ 2025-01-17T21:11:42
2025-01-18 01:30:42,008 INFO     ___FILE_ONLY___   
2025-01-18 01:30:42,008 INFO     ___FILE_ONLY___ 2025-01-17T21:18:52
2025-01-18 01:30:42,008 INFO     ___FILE_ONLY___   
2025-01-18 01:30:42,008 INFO     ___FILE_ONLY___ 55705597
2025-01-18 01:30:42,008 INFO     ___FILE_ONLY___ 

2025-01-18 01:30:42,008 INFO     ___FILE_ONLY___ asia-northeast3-docker.pkg.dev/peppy-arcadia-432311-g5/app-images/user-login-service
2025-01-18 01:30:42,008 INFO     ___FILE_ONLY___          
2025-01-18 01:30:42,008 INFO     ___FILE_ONLY___ sha256:ae18a1d330faa3d87cd96241b22755e350e0fc88e89322f06ee2661fa5cdb006
2025-01-18 01:30:42,008 INFO     ___FILE_ONLY___   
2025-01-18 01:30:42,008 INFO     ___FILE_ONLY___ 2025-01-17T21:18:52
2025-01-18 01:30:42,008 INFO     ___FILE_ONLY___   
2025-01-18 01:30:42,008 INFO     ___FILE_ONLY___ 2025-01-17T21:18:52
2025-01-18 01:30:42,008 INFO     ___FILE_ONLY___   
2025-01-18 01:30:42,008 INFO     ___FILE_ONLY___ 55703883
2025-01-18 01:30:42,008 INFO     ___FILE_ONLY___ 

2025-01-18 01:30:42,008 INFO     ___FILE_ONLY___ asia-northeast3-docker.pkg.dev/peppy-arcadia-432311-g5/app-images/user-registration-service
2025-01-18 01:30:42,008 INFO     ___FILE_ONLY___   
2025-01-18 01:30:42,008 INFO     ___FILE_ONLY___ sha256:9b8d67bba86c8152a2e2177dce80523a2db6371821e1d145d8ac7fe617593895
2025-01-18 01:30:42,009 INFO     ___FILE_ONLY___   
2025-01-18 01:30:42,009 INFO     ___FILE_ONLY___ 2025-01-17T21:09:39
2025-01-18 01:30:42,009 INFO     ___FILE_ONLY___   
2025-01-18 01:30:42,009 INFO     ___FILE_ONLY___ 2025-01-17T21:18:48
2025-01-18 01:30:42,009 INFO     ___FILE_ONLY___   
2025-01-18 01:30:42,009 INFO     ___FILE_ONLY___ 55705662
2025-01-18 01:30:42,009 INFO     ___FILE_ONLY___ 

2025-01-18 01:30:42,009 INFO     ___FILE_ONLY___ asia-northeast3-docker.pkg.dev/peppy-arcadia-432311-g5/app-images/user-registration-service
2025-01-18 01:30:42,009 INFO     ___FILE_ONLY___   
2025-01-18 01:30:42,009 INFO     ___FILE_ONLY___ sha256:ae18a1d330faa3d87cd96241b22755e350e0fc88e89322f06ee2661fa5cdb006
2025-01-18 01:30:42,009 INFO     ___FILE_ONLY___   
2025-01-18 01:30:42,009 INFO     ___FILE_ONLY___ 2025-01-17T21:18:48
2025-01-18 01:30:42,009 INFO     ___FILE_ONLY___   
2025-01-18 01:30:42,009 INFO     ___FILE_ONLY___ 2025-01-17T21:18:48
2025-01-18 01:30:42,009 INFO     ___FILE_ONLY___   
2025-01-18 01:30:42,009 INFO     ___FILE_ONLY___ 55703883
2025-01-18 01:30:42,009 INFO     ___FILE_ONLY___ 

2025-01-18 01:30:42,009 DEBUG    root            SDK update checks are disabled.
