2025-01-18 07:01:53,787 DEBUG    root            Loaded Command Group: ['gcloud', 'config']
2025-01-18 07:01:53,788 DEBUG    root            Loaded Command Group: ['gcloud', 'config', 'config_helper']
2025-01-18 07:01:53,789 DEBUG    root            Running [gcloud.config.config-helper] with arguments: [--format: "json"]
2025-01-18 07:01:53,812 DEBUG    google.auth.transport.requests Making request: POST https://oauth2.googleapis.com/token
2025-01-18 07:01:53,813 DEBUG    urllib3.connectionpool Starting new HTTPS connection (1): oauth2.googleapis.com:443
2025-01-18 07:01:54,177 DEBUG    urllib3.connectionpool https://oauth2.googleapis.com:443 "POST /token HTTP/1.1" 200 None
2025-01-18 07:01:54,184 DEBUG    root            Chosen display Format:default json
2025-01-18 07:01:54,184 INFO     root            Display format: "default json"
2025-01-18 07:01:54,198 INFO     ___FILE_ONLY___ {
  "configuration": {
    "active_configuration": "default",
    "properties": {
      "core": {
        "account": "1201ljhun@gmail.com",
        "disable_usage_reporting": "True",
        "project": "peppy-arcadia-432311-g5"
      }
    }
  },
  "credential": {
    "access_token": "ya29.a0ARW5m74AmHH920qTi5E3oHmwIazN97iP2pV2WpGvBOoNnhg24ak30gRNXAbBFKGvYePgeNGE_QgKG9NxI-1pBtEey0HAOEnbV3gHml8xKc5iVtTJhGRbbHCsUc8VkxKWSVw1Z28aWktRJFRuKJqIdHM7DWf4maAuGrPlAcaT1ohz9TkaCgYKAUkSARISFQHGX2MiK7jXXPAS9smTrZHDuGzefA0182",
    "id_token": "eyJhbGciOiJSUzI1NiIsImtpZCI6ImRkMTI1ZDVmNDYyZmJjNjAxNGFlZGFiODFkZGYzYmNlZGFiNzA4NDciLCJ0eXAiOiJKV1QifQ.eyJpc3MiOiJodHRwczovL2FjY291bnRzLmdvb2dsZS5jb20iLCJhenAiOiIzMjU1NTk0MDU1OS5hcHBzLmdvb2dsZXVzZXJjb250ZW50LmNvbSIsImF1ZCI6IjMyNTU1OTQwNTU5LmFwcHMuZ29vZ2xldXNlcmNvbnRlbnQuY29tIiwic3ViIjoiMTA1MDk2MzU3NDMwMjQzNjQxMTQxIiwiZW1haWwiOiIxMjAxbGpodW5AZ21haWwuY29tIiwiZW1haWxfdmVyaWZpZWQiOnRydWUsImF0X2hhc2giOiJ6dE1iSWlHRFRVbEV0WTJPUktaaVp3IiwiaWF0IjoxNzM3MTUxMzE0LCJleHAiOjE3MzcxNTQ5MTR9.h5YVZB6no59sdtPdINEb-7x5jr4HIKFFC075gfO2JXqUsoJnC2KRUYONlIZmW_El51UohLCNDCtZ0qn9CpdXVkvGOKP90ao50Dw28ApQssFE6RMWJaf3ONhRfsmw8M-xTgvrp_jfuib_Jp05SbkcZuNUOh2rGVI8sGuQ_szAYGKqUhGWTyGLyh-tTTgE_V3NfSD3CvuO1CoKnjOPCSaeQdRopN2mVHUFTYJ_HAnhAIWAbDm3NR-ObOtsYIVf-UnLasUWYsELDP1eOnW4V_DMHZ5gL2skTH2SVgijZMi2R7kM8-tMMybaHvpjNmw-uG0w6qRIVoRZwj7vpfGEZJ_SpA",
    "token_expiry": "2025-01-17T23:01:53Z"
  },
  "sentinels": {
    "config_sentinel": "/home/ubuntu/.config/gcloud/config_sentinel"
  }
}
2025-01-18 07:01:54,198 INFO     ___FILE_ONLY___ 

2025-01-18 07:01:54,198 DEBUG    root            SDK update checks are disabled.
