2025-01-18 12:27:20,654 DEBUG    root            Loaded Command Group: ['gcloud', 'config']
2025-01-18 12:27:20,655 DEBUG    root            Loaded Command Group: ['gcloud', 'config', 'config_helper']
2025-01-18 12:27:20,656 DEBUG    root            Running [gcloud.config.config-helper] with arguments: [--format: "json"]
2025-01-18 12:27:20,662 DEBUG    root            Chosen display Format:default json
2025-01-18 12:27:20,662 INFO     root            Display format: "default json"
2025-01-18 12:27:20,669 INFO     ___FILE_ONLY___ {
  "configuration": {
    "active_configuration": "default",
    "properties": {
      "core": {
        "account": "1201ljhun@gmail.com",
        "disable_usage_reporting": "True",
        "project": "peppy-arcadia-432311-g5"
      }
    }
  },
  "credential": {
    "access_token": "ya29.a0ARW5m74bjRCf9-UGRr6DiqOA892F_ecGcQBWrFGCGSDsdEAzQSPnVCcC7KknYhMm94N0evbj2il5lQx-e2N8fGzAgp3LF1_zphfOedxcHAdMX8VofGuad_4M0tOIw4A2Xi-Qa3LcdjcT52aqLLY_85VlzCm-0rM-jeT6WdX_cnvxiY4aCgYKAeISARISFQHGX2MipKrRy1dWyCBGs5vuONoCwQ0182",
    "id_token": "eyJhbGciOiJSUzI1NiIsImtpZCI6ImRkMTI1ZDVmNDYyZmJjNjAxNGFlZGFiODFkZGYzYmNlZGFiNzA4NDciLCJ0eXAiOiJKV1QifQ.eyJpc3MiOiJodHRwczovL2FjY291bnRzLmdvb2dsZS5jb20iLCJhenAiOiIzMjU1NTk0MDU1OS5hcHBzLmdvb2dsZXVzZXJjb250ZW50LmNvbSIsImF1ZCI6IjMyNTU1OTQwNTU5LmFwcHMuZ29vZ2xldXNlcmNvbnRlbnQuY29tIiwic3ViIjoiMTA1MDk2MzU3NDMwMjQzNjQxMTQxIiwiZW1haWwiOiIxMjAxbGpodW5AZ21haWwuY29tIiwiZW1haWxfdmVyaWZpZWQiOnRydWUsImF0X2hhc2giOiJocW5ueFl1d3pkUjkzLXRmWEFqUU5RIiwiaWF0IjoxNzM3MTY4NjU3LCJleHAiOjE3MzcxNzIyNTd9.PC1shviIK9eoM7ijN8rHpl5QRLPhWgYWt5Djgf9DicZ5pDhCzGpTt5Gu3rZNlxznPQ9SCrZRRNkWVjEcNE0xvlmy61AbehB4Xl7DvgT7XXjyDdM7e8W-zZSMT4wlN15swiLpHDcdN67EvO74cApVtRjjvN8mQpqFl0HpyRLIRhdWCune97R6FOEvU4BND_0pOY1shtH9qY34WfkQii5ezN1xjlXFDXZiBpdKHtpTlZ9jjORdRiNEnAjQOfyOWpejYF0xt0exmuAWCuiiWBQkRDdnd-uG8NCPJFk3hHj39x8wrKyTeT5YLd25N-EZGUhoKh_6JRxHL6_3rJxbG7Rh2A",
    "token_expiry": "2025-01-18T03:50:56Z"
  },
  "sentinels": {
    "config_sentinel": "/home/ubuntu/.config/gcloud/config_sentinel"
  }
}
2025-01-18 12:27:20,669 INFO     ___FILE_ONLY___ 

2025-01-18 12:27:20,669 DEBUG    root            SDK update checks are disabled.
