2025-01-18 12:33:23,376 DEBUG    root            Loaded Command Group: ['gcloud', 'container', 'clusters']
2025-01-18 12:33:23,387 DEBUG    root            Loaded Command Group: ['gcloud', 'container', 'clusters', 'update']
2025-01-18 12:33:23,418 DEBUG    root            Running [gcloud.container.clusters.update] with arguments: [--region: "asia-northeast3", --update-addons: "OrderedDict([('HttpLoadBalancing', False)])", NAME: "gcp-dr-gke"]
2025-01-18 12:33:23,420 DEBUG    urllib3.connectionpool Starting new HTTPS connection (1): container.googleapis.com:443
2025-01-18 12:33:23,649 DEBUG    urllib3.connectionpool https://container.googleapis.com:443 "GET /v1/projects/peppy-arcadia-432311-g5/locations/asia-northeast3/clusters/gcp-dr-gke?alt=json HTTP/1.1" 200 None
2025-01-18 12:33:23,657 DEBUG    urllib3.connectionpool Starting new HTTPS connection (1): container.googleapis.com:443
2025-01-18 12:33:24,045 DEBUG    urllib3.connectionpool https://container.googleapis.com:443 "PUT /v1/projects/peppy-arcadia-432311-g5/locations/asia-northeast3/clusters/gcp-dr-gke?alt=json HTTP/1.1" 200 None
2025-01-18 12:33:24,049 INFO     ___FILE_ONLY___ Updating gcp-dr-gke...
2025-01-18 12:33:24,051 DEBUG    urllib3.connectionpool Starting new HTTPS connection (1): container.googleapis.com:443
2025-01-18 12:33:24,195 DEBUG    urllib3.connectionpool https://container.googleapis.com:443 "GET /v1/projects/peppy-arcadia-432311-g5/locations/asia-northeast3/operations/operation-1737171204349-830452b6-8826-414c-a61a-c98f8c2a547d?alt=json HTTP/1.1" 200 None
2025-01-18 12:33:29,199 DEBUG    urllib3.connectionpool Starting new HTTPS connection (1): container.googleapis.com:443
2025-01-18 12:33:29,356 DEBUG    urllib3.connectionpool https://container.googleapis.com:443 "GET /v1/projects/peppy-arcadia-432311-g5/locations/asia-northeast3/operations/operation-1737171204349-830452b6-8826-414c-a61a-c98f8c2a547d?alt=json HTTP/1.1" 200 None
2025-01-18 12:33:34,360 DEBUG    urllib3.connectionpool Starting new HTTPS connection (1): container.googleapis.com:443
2025-01-18 12:33:34,539 DEBUG    urllib3.connectionpool https://container.googleapis.com:443 "GET /v1/projects/peppy-arcadia-432311-g5/locations/asia-northeast3/operations/operation-1737171204349-830452b6-8826-414c-a61a-c98f8c2a547d?alt=json HTTP/1.1" 200 None
2025-01-18 12:33:39,546 DEBUG    urllib3.connectionpool Starting new HTTPS connection (1): container.googleapis.com:443
2025-01-18 12:33:39,706 DEBUG    urllib3.connectionpool https://container.googleapis.com:443 "GET /v1/projects/peppy-arcadia-432311-g5/locations/asia-northeast3/operations/operation-1737171204349-830452b6-8826-414c-a61a-c98f8c2a547d?alt=json HTTP/1.1" 200 None
2025-01-18 12:33:44,710 DEBUG    urllib3.connectionpool Starting new HTTPS connection (1): container.googleapis.com:443
2025-01-18 12:33:44,858 DEBUG    urllib3.connectionpool https://container.googleapis.com:443 "GET /v1/projects/peppy-arcadia-432311-g5/locations/asia-northeast3/operations/operation-1737171204349-830452b6-8826-414c-a61a-c98f8c2a547d?alt=json HTTP/1.1" 200 None
2025-01-18 12:33:49,865 DEBUG    urllib3.connectionpool Starting new HTTPS connection (1): container.googleapis.com:443
2025-01-18 12:33:50,018 DEBUG    urllib3.connectionpool https://container.googleapis.com:443 "GET /v1/projects/peppy-arcadia-432311-g5/locations/asia-northeast3/operations/operation-1737171204349-830452b6-8826-414c-a61a-c98f8c2a547d?alt=json HTTP/1.1" 200 None
2025-01-18 12:33:55,024 DEBUG    urllib3.connectionpool Starting new HTTPS connection (1): container.googleapis.com:443
2025-01-18 12:33:55,206 DEBUG    urllib3.connectionpool https://container.googleapis.com:443 "GET /v1/projects/peppy-arcadia-432311-g5/locations/asia-northeast3/operations/operation-1737171204349-830452b6-8826-414c-a61a-c98f8c2a547d?alt=json HTTP/1.1" 200 None
2025-01-18 12:34:00,210 DEBUG    urllib3.connectionpool Starting new HTTPS connection (1): container.googleapis.com:443
2025-01-18 12:34:00,298 DEBUG    urllib3.connectionpool https://container.googleapis.com:443 "GET /v1/projects/peppy-arcadia-432311-g5/locations/asia-northeast3/operations/operation-1737171204349-830452b6-8826-414c-a61a-c98f8c2a547d?alt=json HTTP/1.1" 200 None
2025-01-18 12:34:05,301 DEBUG    urllib3.connectionpool Starting new HTTPS connection (1): container.googleapis.com:443
2025-01-18 12:34:05,393 DEBUG    urllib3.connectionpool https://container.googleapis.com:443 "GET /v1/projects/peppy-arcadia-432311-g5/locations/asia-northeast3/operations/operation-1737171204349-830452b6-8826-414c-a61a-c98f8c2a547d?alt=json HTTP/1.1" 200 None
2025-01-18 12:34:10,396 DEBUG    urllib3.connectionpool Starting new HTTPS connection (1): container.googleapis.com:443
2025-01-18 12:34:10,583 DEBUG    urllib3.connectionpool https://container.googleapis.com:443 "GET /v1/projects/peppy-arcadia-432311-g5/locations/asia-northeast3/operations/operation-1737171204349-830452b6-8826-414c-a61a-c98f8c2a547d?alt=json HTTP/1.1" 200 None
2025-01-18 12:34:15,585 DEBUG    urllib3.connectionpool Starting new HTTPS connection (1): container.googleapis.com:443
2025-01-18 12:34:15,728 DEBUG    urllib3.connectionpool https://container.googleapis.com:443 "GET /v1/projects/peppy-arcadia-432311-g5/locations/asia-northeast3/operations/operation-1737171204349-830452b6-8826-414c-a61a-c98f8c2a547d?alt=json HTTP/1.1" 200 None
2025-01-18 12:34:20,732 DEBUG    urllib3.connectionpool Starting new HTTPS connection (1): container.googleapis.com:443
2025-01-18 12:34:20,868 DEBUG    urllib3.connectionpool https://container.googleapis.com:443 "GET /v1/projects/peppy-arcadia-432311-g5/locations/asia-northeast3/operations/operation-1737171204349-830452b6-8826-414c-a61a-c98f8c2a547d?alt=json HTTP/1.1" 200 None
2025-01-18 12:34:25,871 DEBUG    urllib3.connectionpool Starting new HTTPS connection (1): container.googleapis.com:443
2025-01-18 12:34:26,065 DEBUG    urllib3.connectionpool https://container.googleapis.com:443 "GET /v1/projects/peppy-arcadia-432311-g5/locations/asia-northeast3/operations/operation-1737171204349-830452b6-8826-414c-a61a-c98f8c2a547d?alt=json HTTP/1.1" 200 None
2025-01-18 12:34:31,072 DEBUG    urllib3.connectionpool Starting new HTTPS connection (1): container.googleapis.com:443
2025-01-18 12:34:31,249 DEBUG    urllib3.connectionpool https://container.googleapis.com:443 "GET /v1/projects/peppy-arcadia-432311-g5/locations/asia-northeast3/operations/operation-1737171204349-830452b6-8826-414c-a61a-c98f8c2a547d?alt=json HTTP/1.1" 200 None
2025-01-18 12:34:36,254 DEBUG    urllib3.connectionpool Starting new HTTPS connection (1): container.googleapis.com:443
2025-01-18 12:34:36,382 DEBUG    urllib3.connectionpool https://container.googleapis.com:443 "GET /v1/projects/peppy-arcadia-432311-g5/locations/asia-northeast3/operations/operation-1737171204349-830452b6-8826-414c-a61a-c98f8c2a547d?alt=json HTTP/1.1" 200 None
2025-01-18 12:34:41,384 DEBUG    urllib3.connectionpool Starting new HTTPS connection (1): container.googleapis.com:443
2025-01-18 12:34:41,575 DEBUG    urllib3.connectionpool https://container.googleapis.com:443 "GET /v1/projects/peppy-arcadia-432311-g5/locations/asia-northeast3/operations/operation-1737171204349-830452b6-8826-414c-a61a-c98f8c2a547d?alt=json HTTP/1.1" 200 None
2025-01-18 12:34:46,578 DEBUG    urllib3.connectionpool Starting new HTTPS connection (1): container.googleapis.com:443
2025-01-18 12:34:46,718 DEBUG    urllib3.connectionpool https://container.googleapis.com:443 "GET /v1/projects/peppy-arcadia-432311-g5/locations/asia-northeast3/operations/operation-1737171204349-830452b6-8826-414c-a61a-c98f8c2a547d?alt=json HTTP/1.1" 200 None
2025-01-18 12:34:51,720 DEBUG    urllib3.connectionpool Starting new HTTPS connection (1): container.googleapis.com:443
2025-01-18 12:34:51,863 DEBUG    urllib3.connectionpool https://container.googleapis.com:443 "GET /v1/projects/peppy-arcadia-432311-g5/locations/asia-northeast3/operations/operation-1737171204349-830452b6-8826-414c-a61a-c98f8c2a547d?alt=json HTTP/1.1" 200 None
2025-01-18 12:34:56,865 DEBUG    urllib3.connectionpool Starting new HTTPS connection (1): container.googleapis.com:443
2025-01-18 12:34:57,038 DEBUG    urllib3.connectionpool https://container.googleapis.com:443 "GET /v1/projects/peppy-arcadia-432311-g5/locations/asia-northeast3/operations/operation-1737171204349-830452b6-8826-414c-a61a-c98f8c2a547d?alt=json HTTP/1.1" 200 None
2025-01-18 12:35:02,043 DEBUG    urllib3.connectionpool Starting new HTTPS connection (1): container.googleapis.com:443
2025-01-18 12:35:02,179 DEBUG    urllib3.connectionpool https://container.googleapis.com:443 "GET /v1/projects/peppy-arcadia-432311-g5/locations/asia-northeast3/operations/operation-1737171204349-830452b6-8826-414c-a61a-c98f8c2a547d?alt=json HTTP/1.1" 200 None
2025-01-18 12:35:07,186 DEBUG    urllib3.connectionpool Starting new HTTPS connection (1): container.googleapis.com:443
2025-01-18 12:35:07,286 DEBUG    urllib3.connectionpool https://container.googleapis.com:443 "GET /v1/projects/peppy-arcadia-432311-g5/locations/asia-northeast3/operations/operation-1737171204349-830452b6-8826-414c-a61a-c98f8c2a547d?alt=json HTTP/1.1" 200 None
2025-01-18 12:35:12,289 DEBUG    urllib3.connectionpool Starting new HTTPS connection (1): container.googleapis.com:443
2025-01-18 12:35:12,433 DEBUG    urllib3.connectionpool https://container.googleapis.com:443 "GET /v1/projects/peppy-arcadia-432311-g5/locations/asia-northeast3/operations/operation-1737171204349-830452b6-8826-414c-a61a-c98f8c2a547d?alt=json HTTP/1.1" 200 None
2025-01-18 12:35:17,439 DEBUG    urllib3.connectionpool Starting new HTTPS connection (1): container.googleapis.com:443
2025-01-18 12:35:17,574 DEBUG    urllib3.connectionpool https://container.googleapis.com:443 "GET /v1/projects/peppy-arcadia-432311-g5/locations/asia-northeast3/operations/operation-1737171204349-830452b6-8826-414c-a61a-c98f8c2a547d?alt=json HTTP/1.1" 200 None
2025-01-18 12:35:22,579 DEBUG    urllib3.connectionpool Starting new HTTPS connection (1): container.googleapis.com:443
2025-01-18 12:35:22,711 DEBUG    urllib3.connectionpool https://container.googleapis.com:443 "GET /v1/projects/peppy-arcadia-432311-g5/locations/asia-northeast3/operations/operation-1737171204349-830452b6-8826-414c-a61a-c98f8c2a547d?alt=json HTTP/1.1" 200 None
2025-01-18 12:35:27,717 DEBUG    urllib3.connectionpool Starting new HTTPS connection (1): container.googleapis.com:443
2025-01-18 12:35:27,908 DEBUG    urllib3.connectionpool https://container.googleapis.com:443 "GET /v1/projects/peppy-arcadia-432311-g5/locations/asia-northeast3/operations/operation-1737171204349-830452b6-8826-414c-a61a-c98f8c2a547d?alt=json HTTP/1.1" 200 None
2025-01-18 12:35:32,915 DEBUG    urllib3.connectionpool Starting new HTTPS connection (1): container.googleapis.com:443
2025-01-18 12:35:33,141 DEBUG    urllib3.connectionpool https://container.googleapis.com:443 "GET /v1/projects/peppy-arcadia-432311-g5/locations/asia-northeast3/operations/operation-1737171204349-830452b6-8826-414c-a61a-c98f8c2a547d?alt=json HTTP/1.1" 200 None
2025-01-18 12:35:38,146 DEBUG    urllib3.connectionpool Starting new HTTPS connection (1): container.googleapis.com:443
2025-01-18 12:35:38,234 DEBUG    urllib3.connectionpool https://container.googleapis.com:443 "GET /v1/projects/peppy-arcadia-432311-g5/locations/asia-northeast3/operations/operation-1737171204349-830452b6-8826-414c-a61a-c98f8c2a547d?alt=json HTTP/1.1" 200 None
2025-01-18 12:35:43,239 DEBUG    urllib3.connectionpool Starting new HTTPS connection (1): container.googleapis.com:443
2025-01-18 12:35:43,408 DEBUG    urllib3.connectionpool https://container.googleapis.com:443 "GET /v1/projects/peppy-arcadia-432311-g5/locations/asia-northeast3/operations/operation-1737171204349-830452b6-8826-414c-a61a-c98f8c2a547d?alt=json HTTP/1.1" 200 None
2025-01-18 12:35:48,412 DEBUG    urllib3.connectionpool Starting new HTTPS connection (1): container.googleapis.com:443
2025-01-18 12:35:48,609 DEBUG    urllib3.connectionpool https://container.googleapis.com:443 "GET /v1/projects/peppy-arcadia-432311-g5/locations/asia-northeast3/operations/operation-1737171204349-830452b6-8826-414c-a61a-c98f8c2a547d?alt=json HTTP/1.1" 200 None
2025-01-18 12:35:53,613 DEBUG    urllib3.connectionpool Starting new HTTPS connection (1): container.googleapis.com:443
2025-01-18 12:35:53,749 DEBUG    urllib3.connectionpool https://container.googleapis.com:443 "GET /v1/projects/peppy-arcadia-432311-g5/locations/asia-northeast3/operations/operation-1737171204349-830452b6-8826-414c-a61a-c98f8c2a547d?alt=json HTTP/1.1" 200 None
2025-01-18 12:35:58,754 DEBUG    urllib3.connectionpool Starting new HTTPS connection (1): container.googleapis.com:443
2025-01-18 12:35:58,885 DEBUG    urllib3.connectionpool https://container.googleapis.com:443 "GET /v1/projects/peppy-arcadia-432311-g5/locations/asia-northeast3/operations/operation-1737171204349-830452b6-8826-414c-a61a-c98f8c2a547d?alt=json HTTP/1.1" 200 None
2025-01-18 12:36:03,889 DEBUG    urllib3.connectionpool Starting new HTTPS connection (1): container.googleapis.com:443
2025-01-18 12:36:04,067 DEBUG    urllib3.connectionpool https://container.googleapis.com:443 "GET /v1/projects/peppy-arcadia-432311-g5/locations/asia-northeast3/operations/operation-1737171204349-830452b6-8826-414c-a61a-c98f8c2a547d?alt=json HTTP/1.1" 200 None
2025-01-18 12:36:09,071 DEBUG    urllib3.connectionpool Starting new HTTPS connection (1): container.googleapis.com:443
2025-01-18 12:36:09,156 DEBUG    urllib3.connectionpool https://container.googleapis.com:443 "GET /v1/projects/peppy-arcadia-432311-g5/locations/asia-northeast3/operations/operation-1737171204349-830452b6-8826-414c-a61a-c98f8c2a547d?alt=json HTTP/1.1" 200 None
2025-01-18 12:36:14,163 DEBUG    urllib3.connectionpool Starting new HTTPS connection (1): container.googleapis.com:443
2025-01-18 12:36:14,308 DEBUG    urllib3.connectionpool https://container.googleapis.com:443 "GET /v1/projects/peppy-arcadia-432311-g5/locations/asia-northeast3/operations/operation-1737171204349-830452b6-8826-414c-a61a-c98f8c2a547d?alt=json HTTP/1.1" 200 None
2025-01-18 12:36:19,313 DEBUG    urllib3.connectionpool Starting new HTTPS connection (1): container.googleapis.com:443
2025-01-18 12:36:19,465 DEBUG    urllib3.connectionpool https://container.googleapis.com:443 "GET /v1/projects/peppy-arcadia-432311-g5/locations/asia-northeast3/operations/operation-1737171204349-830452b6-8826-414c-a61a-c98f8c2a547d?alt=json HTTP/1.1" 200 None
2025-01-18 12:36:24,471 DEBUG    urllib3.connectionpool Starting new HTTPS connection (1): container.googleapis.com:443
2025-01-18 12:36:24,617 DEBUG    urllib3.connectionpool https://container.googleapis.com:443 "GET /v1/projects/peppy-arcadia-432311-g5/locations/asia-northeast3/operations/operation-1737171204349-830452b6-8826-414c-a61a-c98f8c2a547d?alt=json HTTP/1.1" 200 None
2025-01-18 12:36:29,623 DEBUG    urllib3.connectionpool Starting new HTTPS connection (1): container.googleapis.com:443
2025-01-18 12:36:29,769 DEBUG    urllib3.connectionpool https://container.googleapis.com:443 "GET /v1/projects/peppy-arcadia-432311-g5/locations/asia-northeast3/operations/operation-1737171204349-830452b6-8826-414c-a61a-c98f8c2a547d?alt=json HTTP/1.1" 200 None
2025-01-18 12:36:34,774 DEBUG    urllib3.connectionpool Starting new HTTPS connection (1): container.googleapis.com:443
2025-01-18 12:36:34,968 DEBUG    urllib3.connectionpool https://container.googleapis.com:443 "GET /v1/projects/peppy-arcadia-432311-g5/locations/asia-northeast3/operations/operation-1737171204349-830452b6-8826-414c-a61a-c98f8c2a547d?alt=json HTTP/1.1" 200 None
2025-01-18 12:36:39,970 DEBUG    urllib3.connectionpool Starting new HTTPS connection (1): container.googleapis.com:443
2025-01-18 12:36:40,102 DEBUG    urllib3.connectionpool https://container.googleapis.com:443 "GET /v1/projects/peppy-arcadia-432311-g5/locations/asia-northeast3/operations/operation-1737171204349-830452b6-8826-414c-a61a-c98f8c2a547d?alt=json HTTP/1.1" 200 None
2025-01-18 12:36:45,108 DEBUG    urllib3.connectionpool Starting new HTTPS connection (1): container.googleapis.com:443
2025-01-18 12:36:45,244 DEBUG    urllib3.connectionpool https://container.googleapis.com:443 "GET /v1/projects/peppy-arcadia-432311-g5/locations/asia-northeast3/operations/operation-1737171204349-830452b6-8826-414c-a61a-c98f8c2a547d?alt=json HTTP/1.1" 200 None
2025-01-18 12:36:50,250 DEBUG    urllib3.connectionpool Starting new HTTPS connection (1): container.googleapis.com:443
2025-01-18 12:36:50,448 DEBUG    urllib3.connectionpool https://container.googleapis.com:443 "GET /v1/projects/peppy-arcadia-432311-g5/locations/asia-northeast3/operations/operation-1737171204349-830452b6-8826-414c-a61a-c98f8c2a547d?alt=json HTTP/1.1" 200 None
2025-01-18 12:36:55,455 DEBUG    urllib3.connectionpool Starting new HTTPS connection (1): container.googleapis.com:443
2025-01-18 12:36:55,545 DEBUG    urllib3.connectionpool https://container.googleapis.com:443 "GET /v1/projects/peppy-arcadia-432311-g5/locations/asia-northeast3/operations/operation-1737171204349-830452b6-8826-414c-a61a-c98f8c2a547d?alt=json HTTP/1.1" 200 None
2025-01-18 12:37:00,552 DEBUG    urllib3.connectionpool Starting new HTTPS connection (1): container.googleapis.com:443
2025-01-18 12:37:00,683 DEBUG    urllib3.connectionpool https://container.googleapis.com:443 "GET /v1/projects/peppy-arcadia-432311-g5/locations/asia-northeast3/operations/operation-1737171204349-830452b6-8826-414c-a61a-c98f8c2a547d?alt=json HTTP/1.1" 200 None
2025-01-18 12:37:05,687 DEBUG    urllib3.connectionpool Starting new HTTPS connection (1): container.googleapis.com:443
2025-01-18 12:37:05,913 DEBUG    urllib3.connectionpool https://container.googleapis.com:443 "GET /v1/projects/peppy-arcadia-432311-g5/locations/asia-northeast3/operations/operation-1737171204349-830452b6-8826-414c-a61a-c98f8c2a547d?alt=json HTTP/1.1" 200 None
2025-01-18 12:37:10,918 DEBUG    urllib3.connectionpool Starting new HTTPS connection (1): container.googleapis.com:443
2025-01-18 12:37:11,036 DEBUG    urllib3.connectionpool https://container.googleapis.com:443 "GET /v1/projects/peppy-arcadia-432311-g5/locations/asia-northeast3/operations/operation-1737171204349-830452b6-8826-414c-a61a-c98f8c2a547d?alt=json HTTP/1.1" 200 None
2025-01-18 12:37:16,043 DEBUG    urllib3.connectionpool Starting new HTTPS connection (1): container.googleapis.com:443
2025-01-18 12:37:16,173 DEBUG    urllib3.connectionpool https://container.googleapis.com:443 "GET /v1/projects/peppy-arcadia-432311-g5/locations/asia-northeast3/operations/operation-1737171204349-830452b6-8826-414c-a61a-c98f8c2a547d?alt=json HTTP/1.1" 200 None
2025-01-18 12:37:21,179 DEBUG    urllib3.connectionpool Starting new HTTPS connection (1): container.googleapis.com:443
2025-01-18 12:37:21,326 DEBUG    urllib3.connectionpool https://container.googleapis.com:443 "GET /v1/projects/peppy-arcadia-432311-g5/locations/asia-northeast3/operations/operation-1737171204349-830452b6-8826-414c-a61a-c98f8c2a547d?alt=json HTTP/1.1" 200 None
2025-01-18 12:37:26,328 DEBUG    urllib3.connectionpool Starting new HTTPS connection (1): container.googleapis.com:443
2025-01-18 12:37:26,467 DEBUG    urllib3.connectionpool https://container.googleapis.com:443 "GET /v1/projects/peppy-arcadia-432311-g5/locations/asia-northeast3/operations/operation-1737171204349-830452b6-8826-414c-a61a-c98f8c2a547d?alt=json HTTP/1.1" 200 None
2025-01-18 12:37:31,470 DEBUG    urllib3.connectionpool Starting new HTTPS connection (1): container.googleapis.com:443
2025-01-18 12:37:31,603 DEBUG    urllib3.connectionpool https://container.googleapis.com:443 "GET /v1/projects/peppy-arcadia-432311-g5/locations/asia-northeast3/operations/operation-1737171204349-830452b6-8826-414c-a61a-c98f8c2a547d?alt=json HTTP/1.1" 200 None
2025-01-18 12:37:36,607 DEBUG    urllib3.connectionpool Starting new HTTPS connection (1): container.googleapis.com:443
2025-01-18 12:37:36,800 DEBUG    urllib3.connectionpool https://container.googleapis.com:443 "GET /v1/projects/peppy-arcadia-432311-g5/locations/asia-northeast3/operations/operation-1737171204349-830452b6-8826-414c-a61a-c98f8c2a547d?alt=json HTTP/1.1" 200 None
2025-01-18 12:37:41,805 DEBUG    urllib3.connectionpool Starting new HTTPS connection (1): container.googleapis.com:443
2025-01-18 12:37:42,163 DEBUG    urllib3.connectionpool https://container.googleapis.com:443 "GET /v1/projects/peppy-arcadia-432311-g5/locations/asia-northeast3/operations/operation-1737171204349-830452b6-8826-414c-a61a-c98f8c2a547d?alt=json HTTP/1.1" 200 None
2025-01-18 12:37:47,170 DEBUG    urllib3.connectionpool Starting new HTTPS connection (1): container.googleapis.com:443
2025-01-18 12:37:47,307 DEBUG    urllib3.connectionpool https://container.googleapis.com:443 "GET /v1/projects/peppy-arcadia-432311-g5/locations/asia-northeast3/operations/operation-1737171204349-830452b6-8826-414c-a61a-c98f8c2a547d?alt=json HTTP/1.1" 200 None
2025-01-18 12:37:52,312 DEBUG    urllib3.connectionpool Starting new HTTPS connection (1): container.googleapis.com:443
2025-01-18 12:37:52,460 DEBUG    urllib3.connectionpool https://container.googleapis.com:443 "GET /v1/projects/peppy-arcadia-432311-g5/locations/asia-northeast3/operations/operation-1737171204349-830452b6-8826-414c-a61a-c98f8c2a547d?alt=json HTTP/1.1" 200 None
2025-01-18 12:37:57,463 DEBUG    urllib3.connectionpool Starting new HTTPS connection (1): container.googleapis.com:443
2025-01-18 12:37:57,605 DEBUG    urllib3.connectionpool https://container.googleapis.com:443 "GET /v1/projects/peppy-arcadia-432311-g5/locations/asia-northeast3/operations/operation-1737171204349-830452b6-8826-414c-a61a-c98f8c2a547d?alt=json HTTP/1.1" 200 None
2025-01-18 12:38:02,611 DEBUG    urllib3.connectionpool Starting new HTTPS connection (1): container.googleapis.com:443
2025-01-18 12:38:02,762 DEBUG    urllib3.connectionpool https://container.googleapis.com:443 "GET /v1/projects/peppy-arcadia-432311-g5/locations/asia-northeast3/operations/operation-1737171204349-830452b6-8826-414c-a61a-c98f8c2a547d?alt=json HTTP/1.1" 200 None
2025-01-18 12:38:08,160 DEBUG    urllib3.connectionpool Starting new HTTPS connection (1): container.googleapis.com:443
2025-01-18 12:38:08,349 DEBUG    urllib3.connectionpool https://container.googleapis.com:443 "GET /v1/projects/peppy-arcadia-432311-g5/locations/asia-northeast3/operations/operation-1737171204349-830452b6-8826-414c-a61a-c98f8c2a547d?alt=json HTTP/1.1" 200 None
2025-01-18 12:38:13,354 DEBUG    urllib3.connectionpool Starting new HTTPS connection (1): container.googleapis.com:443
2025-01-18 12:38:13,496 DEBUG    urllib3.connectionpool https://container.googleapis.com:443 "GET /v1/projects/peppy-arcadia-432311-g5/locations/asia-northeast3/operations/operation-1737171204349-830452b6-8826-414c-a61a-c98f8c2a547d?alt=json HTTP/1.1" 200 None
2025-01-18 12:38:18,504 DEBUG    urllib3.connectionpool Starting new HTTPS connection (1): container.googleapis.com:443
2025-01-18 12:38:18,602 DEBUG    urllib3.connectionpool https://container.googleapis.com:443 "GET /v1/projects/peppy-arcadia-432311-g5/locations/asia-northeast3/operations/operation-1737171204349-830452b6-8826-414c-a61a-c98f8c2a547d?alt=json HTTP/1.1" 200 None
2025-01-18 12:38:23,608 DEBUG    urllib3.connectionpool Starting new HTTPS connection (1): container.googleapis.com:443
2025-01-18 12:38:23,821 DEBUG    urllib3.connectionpool https://container.googleapis.com:443 "GET /v1/projects/peppy-arcadia-432311-g5/locations/asia-northeast3/operations/operation-1737171204349-830452b6-8826-414c-a61a-c98f8c2a547d?alt=json HTTP/1.1" 200 None
2025-01-18 12:38:28,825 DEBUG    urllib3.connectionpool Starting new HTTPS connection (1): container.googleapis.com:443
2025-01-18 12:38:28,965 DEBUG    urllib3.connectionpool https://container.googleapis.com:443 "GET /v1/projects/peppy-arcadia-432311-g5/locations/asia-northeast3/operations/operation-1737171204349-830452b6-8826-414c-a61a-c98f8c2a547d?alt=json HTTP/1.1" 200 None
2025-01-18 12:38:33,968 DEBUG    urllib3.connectionpool Starting new HTTPS connection (1): container.googleapis.com:443
2025-01-18 12:38:34,169 DEBUG    urllib3.connectionpool https://container.googleapis.com:443 "GET /v1/projects/peppy-arcadia-432311-g5/locations/asia-northeast3/operations/operation-1737171204349-830452b6-8826-414c-a61a-c98f8c2a547d?alt=json HTTP/1.1" 200 None
2025-01-18 12:38:39,174 DEBUG    urllib3.connectionpool Starting new HTTPS connection (1): container.googleapis.com:443
2025-01-18 12:38:39,345 DEBUG    urllib3.connectionpool https://container.googleapis.com:443 "GET /v1/projects/peppy-arcadia-432311-g5/locations/asia-northeast3/operations/operation-1737171204349-830452b6-8826-414c-a61a-c98f8c2a547d?alt=json HTTP/1.1" 200 None
2025-01-18 12:38:44,350 DEBUG    urllib3.connectionpool Starting new HTTPS connection (1): container.googleapis.com:443
2025-01-18 12:38:44,519 DEBUG    urllib3.connectionpool https://container.googleapis.com:443 "GET /v1/projects/peppy-arcadia-432311-g5/locations/asia-northeast3/operations/operation-1737171204349-830452b6-8826-414c-a61a-c98f8c2a547d?alt=json HTTP/1.1" 200 None
2025-01-18 12:38:49,524 DEBUG    urllib3.connectionpool Starting new HTTPS connection (1): container.googleapis.com:443
2025-01-18 12:38:49,655 DEBUG    urllib3.connectionpool https://container.googleapis.com:443 "GET /v1/projects/peppy-arcadia-432311-g5/locations/asia-northeast3/operations/operation-1737171204349-830452b6-8826-414c-a61a-c98f8c2a547d?alt=json HTTP/1.1" 200 None
2025-01-18 12:38:54,666 DEBUG    urllib3.connectionpool Starting new HTTPS connection (1): container.googleapis.com:443
2025-01-18 12:38:54,831 DEBUG    urllib3.connectionpool https://container.googleapis.com:443 "GET /v1/projects/peppy-arcadia-432311-g5/locations/asia-northeast3/operations/operation-1737171204349-830452b6-8826-414c-a61a-c98f8c2a547d?alt=json HTTP/1.1" 200 None
2025-01-18 12:38:59,835 DEBUG    urllib3.connectionpool Starting new HTTPS connection (1): container.googleapis.com:443
2025-01-18 12:38:59,987 DEBUG    urllib3.connectionpool https://container.googleapis.com:443 "GET /v1/projects/peppy-arcadia-432311-g5/locations/asia-northeast3/operations/operation-1737171204349-830452b6-8826-414c-a61a-c98f8c2a547d?alt=json HTTP/1.1" 200 None
2025-01-18 12:39:04,990 DEBUG    urllib3.connectionpool Starting new HTTPS connection (1): container.googleapis.com:443
2025-01-18 12:39:05,153 DEBUG    urllib3.connectionpool https://container.googleapis.com:443 "GET /v1/projects/peppy-arcadia-432311-g5/locations/asia-northeast3/operations/operation-1737171204349-830452b6-8826-414c-a61a-c98f8c2a547d?alt=json HTTP/1.1" 200 None
2025-01-18 12:39:10,158 DEBUG    urllib3.connectionpool Starting new HTTPS connection (1): container.googleapis.com:443
2025-01-18 12:39:10,321 DEBUG    urllib3.connectionpool https://container.googleapis.com:443 "GET /v1/projects/peppy-arcadia-432311-g5/locations/asia-northeast3/operations/operation-1737171204349-830452b6-8826-414c-a61a-c98f8c2a547d?alt=json HTTP/1.1" 200 None
2025-01-18 12:39:15,327 DEBUG    urllib3.connectionpool Starting new HTTPS connection (1): container.googleapis.com:443
2025-01-18 12:39:15,507 DEBUG    urllib3.connectionpool https://container.googleapis.com:443 "GET /v1/projects/peppy-arcadia-432311-g5/locations/asia-northeast3/operations/operation-1737171204349-830452b6-8826-414c-a61a-c98f8c2a547d?alt=json HTTP/1.1" 200 None
2025-01-18 12:39:20,514 DEBUG    urllib3.connectionpool Starting new HTTPS connection (1): container.googleapis.com:443
2025-01-18 12:39:20,651 DEBUG    urllib3.connectionpool https://container.googleapis.com:443 "GET /v1/projects/peppy-arcadia-432311-g5/locations/asia-northeast3/operations/operation-1737171204349-830452b6-8826-414c-a61a-c98f8c2a547d?alt=json HTTP/1.1" 200 None
2025-01-18 12:39:25,657 DEBUG    urllib3.connectionpool Starting new HTTPS connection (1): container.googleapis.com:443
2025-01-18 12:39:25,752 DEBUG    urllib3.connectionpool https://container.googleapis.com:443 "GET /v1/projects/peppy-arcadia-432311-g5/locations/asia-northeast3/operations/operation-1737171204349-830452b6-8826-414c-a61a-c98f8c2a547d?alt=json HTTP/1.1" 200 None
2025-01-18 12:39:30,757 DEBUG    urllib3.connectionpool Starting new HTTPS connection (1): container.googleapis.com:443
2025-01-18 12:39:30,888 DEBUG    urllib3.connectionpool https://container.googleapis.com:443 "GET /v1/projects/peppy-arcadia-432311-g5/locations/asia-northeast3/operations/operation-1737171204349-830452b6-8826-414c-a61a-c98f8c2a547d?alt=json HTTP/1.1" 200 None
2025-01-18 12:39:35,893 DEBUG    urllib3.connectionpool Starting new HTTPS connection (1): container.googleapis.com:443
2025-01-18 12:39:36,030 DEBUG    urllib3.connectionpool https://container.googleapis.com:443 "GET /v1/projects/peppy-arcadia-432311-g5/locations/asia-northeast3/operations/operation-1737171204349-830452b6-8826-414c-a61a-c98f8c2a547d?alt=json HTTP/1.1" 200 None
2025-01-18 12:39:41,037 DEBUG    urllib3.connectionpool Starting new HTTPS connection (1): container.googleapis.com:443
2025-01-18 12:39:41,197 DEBUG    urllib3.connectionpool https://container.googleapis.com:443 "GET /v1/projects/peppy-arcadia-432311-g5/locations/asia-northeast3/operations/operation-1737171204349-830452b6-8826-414c-a61a-c98f8c2a547d?alt=json HTTP/1.1" 200 None
2025-01-18 12:39:46,203 DEBUG    urllib3.connectionpool Starting new HTTPS connection (1): container.googleapis.com:443
2025-01-18 12:39:46,343 DEBUG    urllib3.connectionpool https://container.googleapis.com:443 "GET /v1/projects/peppy-arcadia-432311-g5/locations/asia-northeast3/operations/operation-1737171204349-830452b6-8826-414c-a61a-c98f8c2a547d?alt=json HTTP/1.1" 200 None
2025-01-18 12:39:51,350 DEBUG    urllib3.connectionpool Starting new HTTPS connection (1): container.googleapis.com:443
2025-01-18 12:39:51,493 DEBUG    urllib3.connectionpool https://container.googleapis.com:443 "GET /v1/projects/peppy-arcadia-432311-g5/locations/asia-northeast3/operations/operation-1737171204349-830452b6-8826-414c-a61a-c98f8c2a547d?alt=json HTTP/1.1" 200 None
2025-01-18 12:39:56,497 DEBUG    urllib3.connectionpool Starting new HTTPS connection (1): container.googleapis.com:443
2025-01-18 12:39:56,631 DEBUG    urllib3.connectionpool https://container.googleapis.com:443 "GET /v1/projects/peppy-arcadia-432311-g5/locations/asia-northeast3/operations/operation-1737171204349-830452b6-8826-414c-a61a-c98f8c2a547d?alt=json HTTP/1.1" 200 None
2025-01-18 12:40:01,637 DEBUG    urllib3.connectionpool Starting new HTTPS connection (1): container.googleapis.com:443
2025-01-18 12:40:01,837 DEBUG    urllib3.connectionpool https://container.googleapis.com:443 "GET /v1/projects/peppy-arcadia-432311-g5/locations/asia-northeast3/operations/operation-1737171204349-830452b6-8826-414c-a61a-c98f8c2a547d?alt=json HTTP/1.1" 200 None
2025-01-18 12:40:06,843 DEBUG    urllib3.connectionpool Starting new HTTPS connection (1): container.googleapis.com:443
2025-01-18 12:40:06,984 DEBUG    urllib3.connectionpool https://container.googleapis.com:443 "GET /v1/projects/peppy-arcadia-432311-g5/locations/asia-northeast3/operations/operation-1737171204349-830452b6-8826-414c-a61a-c98f8c2a547d?alt=json HTTP/1.1" 200 None
2025-01-18 12:40:11,989 DEBUG    urllib3.connectionpool Starting new HTTPS connection (1): container.googleapis.com:443
2025-01-18 12:40:12,131 DEBUG    urllib3.connectionpool https://container.googleapis.com:443 "GET /v1/projects/peppy-arcadia-432311-g5/locations/asia-northeast3/operations/operation-1737171204349-830452b6-8826-414c-a61a-c98f8c2a547d?alt=json HTTP/1.1" 200 None
2025-01-18 12:40:17,136 DEBUG    urllib3.connectionpool Starting new HTTPS connection (1): container.googleapis.com:443
2025-01-18 12:40:17,233 DEBUG    urllib3.connectionpool https://container.googleapis.com:443 "GET /v1/projects/peppy-arcadia-432311-g5/locations/asia-northeast3/operations/operation-1737171204349-830452b6-8826-414c-a61a-c98f8c2a547d?alt=json HTTP/1.1" 200 None
2025-01-18 12:40:22,238 DEBUG    urllib3.connectionpool Starting new HTTPS connection (1): container.googleapis.com:443
2025-01-18 12:40:22,330 DEBUG    urllib3.connectionpool https://container.googleapis.com:443 "GET /v1/projects/peppy-arcadia-432311-g5/locations/asia-northeast3/operations/operation-1737171204349-830452b6-8826-414c-a61a-c98f8c2a547d?alt=json HTTP/1.1" 200 None
2025-01-18 12:40:27,334 DEBUG    urllib3.connectionpool Starting new HTTPS connection (1): container.googleapis.com:443
2025-01-18 12:40:27,524 DEBUG    urllib3.connectionpool https://container.googleapis.com:443 "GET /v1/projects/peppy-arcadia-432311-g5/locations/asia-northeast3/operations/operation-1737171204349-830452b6-8826-414c-a61a-c98f8c2a547d?alt=json HTTP/1.1" 200 None
2025-01-18 12:40:32,527 DEBUG    urllib3.connectionpool Starting new HTTPS connection (1): container.googleapis.com:443
2025-01-18 12:40:32,655 DEBUG    urllib3.connectionpool https://container.googleapis.com:443 "GET /v1/projects/peppy-arcadia-432311-g5/locations/asia-northeast3/operations/operation-1737171204349-830452b6-8826-414c-a61a-c98f8c2a547d?alt=json HTTP/1.1" 200 None
2025-01-18 12:40:37,659 DEBUG    urllib3.connectionpool Starting new HTTPS connection (1): container.googleapis.com:443
2025-01-18 12:40:37,838 DEBUG    urllib3.connectionpool https://container.googleapis.com:443 "GET /v1/projects/peppy-arcadia-432311-g5/locations/asia-northeast3/operations/operation-1737171204349-830452b6-8826-414c-a61a-c98f8c2a547d?alt=json HTTP/1.1" 200 None
2025-01-18 12:40:42,841 DEBUG    urllib3.connectionpool Starting new HTTPS connection (1): container.googleapis.com:443
2025-01-18 12:40:42,976 DEBUG    urllib3.connectionpool https://container.googleapis.com:443 "GET /v1/projects/peppy-arcadia-432311-g5/locations/asia-northeast3/operations/operation-1737171204349-830452b6-8826-414c-a61a-c98f8c2a547d?alt=json HTTP/1.1" 200 None
2025-01-18 12:40:47,980 DEBUG    urllib3.connectionpool Starting new HTTPS connection (1): container.googleapis.com:443
2025-01-18 12:40:48,121 DEBUG    urllib3.connectionpool https://container.googleapis.com:443 "GET /v1/projects/peppy-arcadia-432311-g5/locations/asia-northeast3/operations/operation-1737171204349-830452b6-8826-414c-a61a-c98f8c2a547d?alt=json HTTP/1.1" 200 None
2025-01-18 12:40:53,124 DEBUG    urllib3.connectionpool Starting new HTTPS connection (1): container.googleapis.com:443
2025-01-18 12:40:53,230 DEBUG    urllib3.connectionpool https://container.googleapis.com:443 "GET /v1/projects/peppy-arcadia-432311-g5/locations/asia-northeast3/operations/operation-1737171204349-830452b6-8826-414c-a61a-c98f8c2a547d?alt=json HTTP/1.1" 200 None
2025-01-18 12:40:58,236 DEBUG    urllib3.connectionpool Starting new HTTPS connection (1): container.googleapis.com:443
2025-01-18 12:40:58,403 DEBUG    urllib3.connectionpool https://container.googleapis.com:443 "GET /v1/projects/peppy-arcadia-432311-g5/locations/asia-northeast3/operations/operation-1737171204349-830452b6-8826-414c-a61a-c98f8c2a547d?alt=json HTTP/1.1" 200 None
2025-01-18 12:41:03,407 DEBUG    urllib3.connectionpool Starting new HTTPS connection (1): container.googleapis.com:443
2025-01-18 12:41:03,619 DEBUG    urllib3.connectionpool https://container.googleapis.com:443 "GET /v1/projects/peppy-arcadia-432311-g5/locations/asia-northeast3/operations/operation-1737171204349-830452b6-8826-414c-a61a-c98f8c2a547d?alt=json HTTP/1.1" 200 None
2025-01-18 12:41:08,622 DEBUG    urllib3.connectionpool Starting new HTTPS connection (1): container.googleapis.com:443
2025-01-18 12:41:08,806 DEBUG    urllib3.connectionpool https://container.googleapis.com:443 "GET /v1/projects/peppy-arcadia-432311-g5/locations/asia-northeast3/operations/operation-1737171204349-830452b6-8826-414c-a61a-c98f8c2a547d?alt=json HTTP/1.1" 200 None
2025-01-18 12:41:13,810 DEBUG    urllib3.connectionpool Starting new HTTPS connection (1): container.googleapis.com:443
2025-01-18 12:41:13,953 DEBUG    urllib3.connectionpool https://container.googleapis.com:443 "GET /v1/projects/peppy-arcadia-432311-g5/locations/asia-northeast3/operations/operation-1737171204349-830452b6-8826-414c-a61a-c98f8c2a547d?alt=json HTTP/1.1" 200 None
2025-01-18 12:41:18,956 DEBUG    urllib3.connectionpool Starting new HTTPS connection (1): container.googleapis.com:443
2025-01-18 12:41:19,042 DEBUG    urllib3.connectionpool https://container.googleapis.com:443 "GET /v1/projects/peppy-arcadia-432311-g5/locations/asia-northeast3/operations/operation-1737171204349-830452b6-8826-414c-a61a-c98f8c2a547d?alt=json HTTP/1.1" 200 None
2025-01-18 12:41:24,048 DEBUG    urllib3.connectionpool Starting new HTTPS connection (1): container.googleapis.com:443
2025-01-18 12:41:24,226 DEBUG    urllib3.connectionpool https://container.googleapis.com:443 "GET /v1/projects/peppy-arcadia-432311-g5/locations/asia-northeast3/operations/operation-1737171204349-830452b6-8826-414c-a61a-c98f8c2a547d?alt=json HTTP/1.1" 200 None
2025-01-18 12:41:29,230 DEBUG    urllib3.connectionpool Starting new HTTPS connection (1): container.googleapis.com:443
2025-01-18 12:41:29,364 DEBUG    urllib3.connectionpool https://container.googleapis.com:443 "GET /v1/projects/peppy-arcadia-432311-g5/locations/asia-northeast3/operations/operation-1737171204349-830452b6-8826-414c-a61a-c98f8c2a547d?alt=json HTTP/1.1" 200 None
2025-01-18 12:41:34,369 DEBUG    urllib3.connectionpool Starting new HTTPS connection (1): container.googleapis.com:443
2025-01-18 12:41:34,502 DEBUG    urllib3.connectionpool https://container.googleapis.com:443 "GET /v1/projects/peppy-arcadia-432311-g5/locations/asia-northeast3/operations/operation-1737171204349-830452b6-8826-414c-a61a-c98f8c2a547d?alt=json HTTP/1.1" 200 None
2025-01-18 12:41:39,509 DEBUG    urllib3.connectionpool Starting new HTTPS connection (1): container.googleapis.com:443
2025-01-18 12:41:39,698 DEBUG    urllib3.connectionpool https://container.googleapis.com:443 "GET /v1/projects/peppy-arcadia-432311-g5/locations/asia-northeast3/operations/operation-1737171204349-830452b6-8826-414c-a61a-c98f8c2a547d?alt=json HTTP/1.1" 200 None
2025-01-18 12:41:44,702 DEBUG    urllib3.connectionpool Starting new HTTPS connection (1): container.googleapis.com:443
2025-01-18 12:41:44,839 DEBUG    urllib3.connectionpool https://container.googleapis.com:443 "GET /v1/projects/peppy-arcadia-432311-g5/locations/asia-northeast3/operations/operation-1737171204349-830452b6-8826-414c-a61a-c98f8c2a547d?alt=json HTTP/1.1" 200 None
2025-01-18 12:41:49,846 DEBUG    urllib3.connectionpool Starting new HTTPS connection (1): container.googleapis.com:443
2025-01-18 12:41:49,986 DEBUG    urllib3.connectionpool https://container.googleapis.com:443 "GET /v1/projects/peppy-arcadia-432311-g5/locations/asia-northeast3/operations/operation-1737171204349-830452b6-8826-414c-a61a-c98f8c2a547d?alt=json HTTP/1.1" 200 None
2025-01-18 12:41:54,991 DEBUG    urllib3.connectionpool Starting new HTTPS connection (1): container.googleapis.com:443
2025-01-18 12:41:55,130 DEBUG    urllib3.connectionpool https://container.googleapis.com:443 "GET /v1/projects/peppy-arcadia-432311-g5/locations/asia-northeast3/operations/operation-1737171204349-830452b6-8826-414c-a61a-c98f8c2a547d?alt=json HTTP/1.1" 200 None
2025-01-18 12:42:00,136 DEBUG    urllib3.connectionpool Starting new HTTPS connection (1): container.googleapis.com:443
2025-01-18 12:42:00,231 DEBUG    urllib3.connectionpool https://container.googleapis.com:443 "GET /v1/projects/peppy-arcadia-432311-g5/locations/asia-northeast3/operations/operation-1737171204349-830452b6-8826-414c-a61a-c98f8c2a547d?alt=json HTTP/1.1" 200 None
2025-01-18 12:42:05,235 DEBUG    urllib3.connectionpool Starting new HTTPS connection (1): container.googleapis.com:443
2025-01-18 12:42:05,371 DEBUG    urllib3.connectionpool https://container.googleapis.com:443 "GET /v1/projects/peppy-arcadia-432311-g5/locations/asia-northeast3/operations/operation-1737171204349-830452b6-8826-414c-a61a-c98f8c2a547d?alt=json HTTP/1.1" 200 None
2025-01-18 12:42:10,377 DEBUG    urllib3.connectionpool Starting new HTTPS connection (1): container.googleapis.com:443
2025-01-18 12:42:10,550 DEBUG    urllib3.connectionpool https://container.googleapis.com:443 "GET /v1/projects/peppy-arcadia-432311-g5/locations/asia-northeast3/operations/operation-1737171204349-830452b6-8826-414c-a61a-c98f8c2a547d?alt=json HTTP/1.1" 200 None
2025-01-18 12:42:15,554 DEBUG    urllib3.connectionpool Starting new HTTPS connection (1): container.googleapis.com:443
2025-01-18 12:42:15,698 DEBUG    urllib3.connectionpool https://container.googleapis.com:443 "GET /v1/projects/peppy-arcadia-432311-g5/locations/asia-northeast3/operations/operation-1737171204349-830452b6-8826-414c-a61a-c98f8c2a547d?alt=json HTTP/1.1" 200 None
2025-01-18 12:42:20,702 DEBUG    urllib3.connectionpool Starting new HTTPS connection (1): container.googleapis.com:443
2025-01-18 12:42:20,792 DEBUG    urllib3.connectionpool https://container.googleapis.com:443 "GET /v1/projects/peppy-arcadia-432311-g5/locations/asia-northeast3/operations/operation-1737171204349-830452b6-8826-414c-a61a-c98f8c2a547d?alt=json HTTP/1.1" 200 None
2025-01-18 12:42:25,797 DEBUG    urllib3.connectionpool Starting new HTTPS connection (1): container.googleapis.com:443
2025-01-18 12:42:26,005 DEBUG    urllib3.connectionpool https://container.googleapis.com:443 "GET /v1/projects/peppy-arcadia-432311-g5/locations/asia-northeast3/operations/operation-1737171204349-830452b6-8826-414c-a61a-c98f8c2a547d?alt=json HTTP/1.1" 200 None
2025-01-18 12:42:31,010 DEBUG    urllib3.connectionpool Starting new HTTPS connection (1): container.googleapis.com:443
2025-01-18 12:42:31,184 DEBUG    urllib3.connectionpool https://container.googleapis.com:443 "GET /v1/projects/peppy-arcadia-432311-g5/locations/asia-northeast3/operations/operation-1737171204349-830452b6-8826-414c-a61a-c98f8c2a547d?alt=json HTTP/1.1" 200 None
2025-01-18 12:42:36,188 DEBUG    urllib3.connectionpool Starting new HTTPS connection (1): container.googleapis.com:443
2025-01-18 12:42:36,365 DEBUG    urllib3.connectionpool https://container.googleapis.com:443 "GET /v1/projects/peppy-arcadia-432311-g5/locations/asia-northeast3/operations/operation-1737171204349-830452b6-8826-414c-a61a-c98f8c2a547d?alt=json HTTP/1.1" 200 None
2025-01-18 12:42:41,367 DEBUG    urllib3.connectionpool Starting new HTTPS connection (1): container.googleapis.com:443
2025-01-18 12:42:41,504 DEBUG    urllib3.connectionpool https://container.googleapis.com:443 "GET /v1/projects/peppy-arcadia-432311-g5/locations/asia-northeast3/operations/operation-1737171204349-830452b6-8826-414c-a61a-c98f8c2a547d?alt=json HTTP/1.1" 200 None
2025-01-18 12:42:46,510 DEBUG    urllib3.connectionpool Starting new HTTPS connection (1): container.googleapis.com:443
2025-01-18 12:42:46,643 DEBUG    urllib3.connectionpool https://container.googleapis.com:443 "GET /v1/projects/peppy-arcadia-432311-g5/locations/asia-northeast3/operations/operation-1737171204349-830452b6-8826-414c-a61a-c98f8c2a547d?alt=json HTTP/1.1" 200 None
2025-01-18 12:42:51,648 DEBUG    urllib3.connectionpool Starting new HTTPS connection (1): container.googleapis.com:443
2025-01-18 12:42:51,786 DEBUG    urllib3.connectionpool https://container.googleapis.com:443 "GET /v1/projects/peppy-arcadia-432311-g5/locations/asia-northeast3/operations/operation-1737171204349-830452b6-8826-414c-a61a-c98f8c2a547d?alt=json HTTP/1.1" 200 None
2025-01-18 12:42:56,789 DEBUG    urllib3.connectionpool Starting new HTTPS connection (1): container.googleapis.com:443
2025-01-18 12:42:56,972 DEBUG    urllib3.connectionpool https://container.googleapis.com:443 "GET /v1/projects/peppy-arcadia-432311-g5/locations/asia-northeast3/operations/operation-1737171204349-830452b6-8826-414c-a61a-c98f8c2a547d?alt=json HTTP/1.1" 200 None
2025-01-18 12:43:01,976 DEBUG    urllib3.connectionpool Starting new HTTPS connection (1): container.googleapis.com:443
2025-01-18 12:43:02,158 DEBUG    urllib3.connectionpool https://container.googleapis.com:443 "GET /v1/projects/peppy-arcadia-432311-g5/locations/asia-northeast3/operations/operation-1737171204349-830452b6-8826-414c-a61a-c98f8c2a547d?alt=json HTTP/1.1" 200 None
2025-01-18 12:43:07,163 DEBUG    urllib3.connectionpool Starting new HTTPS connection (1): container.googleapis.com:443
2025-01-18 12:43:07,287 DEBUG    urllib3.connectionpool https://container.googleapis.com:443 "GET /v1/projects/peppy-arcadia-432311-g5/locations/asia-northeast3/operations/operation-1737171204349-830452b6-8826-414c-a61a-c98f8c2a547d?alt=json HTTP/1.1" 200 None
2025-01-18 12:43:12,293 DEBUG    urllib3.connectionpool Starting new HTTPS connection (1): container.googleapis.com:443
2025-01-18 12:43:12,434 DEBUG    urllib3.connectionpool https://container.googleapis.com:443 "GET /v1/projects/peppy-arcadia-432311-g5/locations/asia-northeast3/operations/operation-1737171204349-830452b6-8826-414c-a61a-c98f8c2a547d?alt=json HTTP/1.1" 200 None
2025-01-18 12:43:17,438 DEBUG    urllib3.connectionpool Starting new HTTPS connection (1): container.googleapis.com:443
2025-01-18 12:43:17,629 DEBUG    urllib3.connectionpool https://container.googleapis.com:443 "GET /v1/projects/peppy-arcadia-432311-g5/locations/asia-northeast3/operations/operation-1737171204349-830452b6-8826-414c-a61a-c98f8c2a547d?alt=json HTTP/1.1" 200 None
2025-01-18 12:43:22,636 DEBUG    urllib3.connectionpool Starting new HTTPS connection (1): container.googleapis.com:443
2025-01-18 12:43:22,863 DEBUG    urllib3.connectionpool https://container.googleapis.com:443 "GET /v1/projects/peppy-arcadia-432311-g5/locations/asia-northeast3/operations/operation-1737171204349-830452b6-8826-414c-a61a-c98f8c2a547d?alt=json HTTP/1.1" 200 None
2025-01-18 12:43:27,867 DEBUG    urllib3.connectionpool Starting new HTTPS connection (1): container.googleapis.com:443
2025-01-18 12:43:27,997 DEBUG    urllib3.connectionpool https://container.googleapis.com:443 "GET /v1/projects/peppy-arcadia-432311-g5/locations/asia-northeast3/operations/operation-1737171204349-830452b6-8826-414c-a61a-c98f8c2a547d?alt=json HTTP/1.1" 200 None
2025-01-18 12:43:33,002 DEBUG    urllib3.connectionpool Starting new HTTPS connection (1): container.googleapis.com:443
2025-01-18 12:43:33,209 DEBUG    urllib3.connectionpool https://container.googleapis.com:443 "GET /v1/projects/peppy-arcadia-432311-g5/locations/asia-northeast3/operations/operation-1737171204349-830452b6-8826-414c-a61a-c98f8c2a547d?alt=json HTTP/1.1" 200 None
2025-01-18 12:43:38,213 DEBUG    urllib3.connectionpool Starting new HTTPS connection (1): container.googleapis.com:443
2025-01-18 12:43:38,438 DEBUG    urllib3.connectionpool https://container.googleapis.com:443 "GET /v1/projects/peppy-arcadia-432311-g5/locations/asia-northeast3/operations/operation-1737171204349-830452b6-8826-414c-a61a-c98f8c2a547d?alt=json HTTP/1.1" 200 None
2025-01-18 12:43:43,444 DEBUG    urllib3.connectionpool Starting new HTTPS connection (1): container.googleapis.com:443
2025-01-18 12:43:43,609 DEBUG    urllib3.connectionpool https://container.googleapis.com:443 "GET /v1/projects/peppy-arcadia-432311-g5/locations/asia-northeast3/operations/operation-1737171204349-830452b6-8826-414c-a61a-c98f8c2a547d?alt=json HTTP/1.1" 200 None
2025-01-18 12:43:48,615 DEBUG    urllib3.connectionpool Starting new HTTPS connection (1): container.googleapis.com:443
2025-01-18 12:43:48,844 DEBUG    urllib3.connectionpool https://container.googleapis.com:443 "GET /v1/projects/peppy-arcadia-432311-g5/locations/asia-northeast3/operations/operation-1737171204349-830452b6-8826-414c-a61a-c98f8c2a547d?alt=json HTTP/1.1" 200 None
2025-01-18 12:43:53,849 DEBUG    urllib3.connectionpool Starting new HTTPS connection (1): container.googleapis.com:443
2025-01-18 12:43:53,943 DEBUG    urllib3.connectionpool https://container.googleapis.com:443 "GET /v1/projects/peppy-arcadia-432311-g5/locations/asia-northeast3/operations/operation-1737171204349-830452b6-8826-414c-a61a-c98f8c2a547d?alt=json HTTP/1.1" 200 None
2025-01-18 12:43:58,946 DEBUG    urllib3.connectionpool Starting new HTTPS connection (1): container.googleapis.com:443
2025-01-18 12:43:59,074 DEBUG    urllib3.connectionpool https://container.googleapis.com:443 "GET /v1/projects/peppy-arcadia-432311-g5/locations/asia-northeast3/operations/operation-1737171204349-830452b6-8826-414c-a61a-c98f8c2a547d?alt=json HTTP/1.1" 200 None
2025-01-18 12:44:04,078 DEBUG    urllib3.connectionpool Starting new HTTPS connection (1): container.googleapis.com:443
2025-01-18 12:44:04,243 DEBUG    urllib3.connectionpool https://container.googleapis.com:443 "GET /v1/projects/peppy-arcadia-432311-g5/locations/asia-northeast3/operations/operation-1737171204349-830452b6-8826-414c-a61a-c98f8c2a547d?alt=json HTTP/1.1" 200 None
2025-01-18 12:44:09,247 DEBUG    urllib3.connectionpool Starting new HTTPS connection (1): container.googleapis.com:443
2025-01-18 12:44:09,386 DEBUG    urllib3.connectionpool https://container.googleapis.com:443 "GET /v1/projects/peppy-arcadia-432311-g5/locations/asia-northeast3/operations/operation-1737171204349-830452b6-8826-414c-a61a-c98f8c2a547d?alt=json HTTP/1.1" 200 None
2025-01-18 12:44:14,391 DEBUG    urllib3.connectionpool Starting new HTTPS connection (1): container.googleapis.com:443
2025-01-18 12:44:14,518 DEBUG    urllib3.connectionpool https://container.googleapis.com:443 "GET /v1/projects/peppy-arcadia-432311-g5/locations/asia-northeast3/operations/operation-1737171204349-830452b6-8826-414c-a61a-c98f8c2a547d?alt=json HTTP/1.1" 200 None
2025-01-18 12:44:19,522 DEBUG    urllib3.connectionpool Starting new HTTPS connection (1): container.googleapis.com:443
2025-01-18 12:44:19,647 DEBUG    urllib3.connectionpool https://container.googleapis.com:443 "GET /v1/projects/peppy-arcadia-432311-g5/locations/asia-northeast3/operations/operation-1737171204349-830452b6-8826-414c-a61a-c98f8c2a547d?alt=json HTTP/1.1" 200 None
2025-01-18 12:44:24,652 DEBUG    urllib3.connectionpool Starting new HTTPS connection (1): container.googleapis.com:443
2025-01-18 12:44:24,785 DEBUG    urllib3.connectionpool https://container.googleapis.com:443 "GET /v1/projects/peppy-arcadia-432311-g5/locations/asia-northeast3/operations/operation-1737171204349-830452b6-8826-414c-a61a-c98f8c2a547d?alt=json HTTP/1.1" 200 None
2025-01-18 12:44:29,790 DEBUG    urllib3.connectionpool Starting new HTTPS connection (1): container.googleapis.com:443
2025-01-18 12:44:29,932 DEBUG    urllib3.connectionpool https://container.googleapis.com:443 "GET /v1/projects/peppy-arcadia-432311-g5/locations/asia-northeast3/operations/operation-1737171204349-830452b6-8826-414c-a61a-c98f8c2a547d?alt=json HTTP/1.1" 200 None
2025-01-18 12:44:34,945 DEBUG    urllib3.connectionpool Starting new HTTPS connection (1): container.googleapis.com:443
2025-01-18 12:44:35,083 DEBUG    urllib3.connectionpool https://container.googleapis.com:443 "GET /v1/projects/peppy-arcadia-432311-g5/locations/asia-northeast3/operations/operation-1737171204349-830452b6-8826-414c-a61a-c98f8c2a547d?alt=json HTTP/1.1" 200 None
2025-01-18 12:44:40,086 DEBUG    urllib3.connectionpool Starting new HTTPS connection (1): container.googleapis.com:443
2025-01-18 12:44:40,215 DEBUG    urllib3.connectionpool https://container.googleapis.com:443 "GET /v1/projects/peppy-arcadia-432311-g5/locations/asia-northeast3/operations/operation-1737171204349-830452b6-8826-414c-a61a-c98f8c2a547d?alt=json HTTP/1.1" 200 None
2025-01-18 12:44:45,219 DEBUG    urllib3.connectionpool Starting new HTTPS connection (1): container.googleapis.com:443
2025-01-18 12:44:45,358 DEBUG    urllib3.connectionpool https://container.googleapis.com:443 "GET /v1/projects/peppy-arcadia-432311-g5/locations/asia-northeast3/operations/operation-1737171204349-830452b6-8826-414c-a61a-c98f8c2a547d?alt=json HTTP/1.1" 200 None
2025-01-18 12:44:50,363 DEBUG    urllib3.connectionpool Starting new HTTPS connection (1): container.googleapis.com:443
2025-01-18 12:44:50,564 DEBUG    urllib3.connectionpool https://container.googleapis.com:443 "GET /v1/projects/peppy-arcadia-432311-g5/locations/asia-northeast3/operations/operation-1737171204349-830452b6-8826-414c-a61a-c98f8c2a547d?alt=json HTTP/1.1" 200 None
2025-01-18 12:44:55,568 DEBUG    urllib3.connectionpool Starting new HTTPS connection (1): container.googleapis.com:443
2025-01-18 12:44:55,747 DEBUG    urllib3.connectionpool https://container.googleapis.com:443 "GET /v1/projects/peppy-arcadia-432311-g5/locations/asia-northeast3/operations/operation-1737171204349-830452b6-8826-414c-a61a-c98f8c2a547d?alt=json HTTP/1.1" 200 None
2025-01-18 12:45:00,749 DEBUG    urllib3.connectionpool Starting new HTTPS connection (1): container.googleapis.com:443
2025-01-18 12:45:00,875 DEBUG    urllib3.connectionpool https://container.googleapis.com:443 "GET /v1/projects/peppy-arcadia-432311-g5/locations/asia-northeast3/operations/operation-1737171204349-830452b6-8826-414c-a61a-c98f8c2a547d?alt=json HTTP/1.1" 200 None
2025-01-18 12:45:05,883 DEBUG    urllib3.connectionpool Starting new HTTPS connection (1): container.googleapis.com:443
2025-01-18 12:45:06,026 DEBUG    urllib3.connectionpool https://container.googleapis.com:443 "GET /v1/projects/peppy-arcadia-432311-g5/locations/asia-northeast3/operations/operation-1737171204349-830452b6-8826-414c-a61a-c98f8c2a547d?alt=json HTTP/1.1" 200 None
2025-01-18 12:45:11,030 DEBUG    urllib3.connectionpool Starting new HTTPS connection (1): container.googleapis.com:443
2025-01-18 12:45:11,196 DEBUG    urllib3.connectionpool https://container.googleapis.com:443 "GET /v1/projects/peppy-arcadia-432311-g5/locations/asia-northeast3/operations/operation-1737171204349-830452b6-8826-414c-a61a-c98f8c2a547d?alt=json HTTP/1.1" 200 None
2025-01-18 12:45:16,202 DEBUG    urllib3.connectionpool Starting new HTTPS connection (1): container.googleapis.com:443
2025-01-18 12:45:16,285 DEBUG    urllib3.connectionpool https://container.googleapis.com:443 "GET /v1/projects/peppy-arcadia-432311-g5/locations/asia-northeast3/operations/operation-1737171204349-830452b6-8826-414c-a61a-c98f8c2a547d?alt=json HTTP/1.1" 200 None
2025-01-18 12:45:21,293 DEBUG    urllib3.connectionpool Starting new HTTPS connection (1): container.googleapis.com:443
2025-01-18 12:45:21,440 DEBUG    urllib3.connectionpool https://container.googleapis.com:443 "GET /v1/projects/peppy-arcadia-432311-g5/locations/asia-northeast3/operations/operation-1737171204349-830452b6-8826-414c-a61a-c98f8c2a547d?alt=json HTTP/1.1" 200 None
2025-01-18 12:45:26,444 DEBUG    urllib3.connectionpool Starting new HTTPS connection (1): container.googleapis.com:443
2025-01-18 12:45:26,616 DEBUG    urllib3.connectionpool https://container.googleapis.com:443 "GET /v1/projects/peppy-arcadia-432311-g5/locations/asia-northeast3/operations/operation-1737171204349-830452b6-8826-414c-a61a-c98f8c2a547d?alt=json HTTP/1.1" 200 None
2025-01-18 12:45:31,619 DEBUG    urllib3.connectionpool Starting new HTTPS connection (1): container.googleapis.com:443
2025-01-18 12:45:31,747 DEBUG    urllib3.connectionpool https://container.googleapis.com:443 "GET /v1/projects/peppy-arcadia-432311-g5/locations/asia-northeast3/operations/operation-1737171204349-830452b6-8826-414c-a61a-c98f8c2a547d?alt=json HTTP/1.1" 200 None
2025-01-18 12:45:36,752 DEBUG    urllib3.connectionpool Starting new HTTPS connection (1): container.googleapis.com:443
2025-01-18 12:45:36,883 DEBUG    urllib3.connectionpool https://container.googleapis.com:443 "GET /v1/projects/peppy-arcadia-432311-g5/locations/asia-northeast3/operations/operation-1737171204349-830452b6-8826-414c-a61a-c98f8c2a547d?alt=json HTTP/1.1" 200 None
2025-01-18 12:45:41,888 DEBUG    urllib3.connectionpool Starting new HTTPS connection (1): container.googleapis.com:443
2025-01-18 12:45:42,076 DEBUG    urllib3.connectionpool https://container.googleapis.com:443 "GET /v1/projects/peppy-arcadia-432311-g5/locations/asia-northeast3/operations/operation-1737171204349-830452b6-8826-414c-a61a-c98f8c2a547d?alt=json HTTP/1.1" 200 None
2025-01-18 12:45:47,081 DEBUG    urllib3.connectionpool Starting new HTTPS connection (1): container.googleapis.com:443
2025-01-18 12:45:47,226 DEBUG    urllib3.connectionpool https://container.googleapis.com:443 "GET /v1/projects/peppy-arcadia-432311-g5/locations/asia-northeast3/operations/operation-1737171204349-830452b6-8826-414c-a61a-c98f8c2a547d?alt=json HTTP/1.1" 200 None
2025-01-18 12:45:52,230 DEBUG    urllib3.connectionpool Starting new HTTPS connection (1): container.googleapis.com:443
2025-01-18 12:45:52,363 DEBUG    urllib3.connectionpool https://container.googleapis.com:443 "GET /v1/projects/peppy-arcadia-432311-g5/locations/asia-northeast3/operations/operation-1737171204349-830452b6-8826-414c-a61a-c98f8c2a547d?alt=json HTTP/1.1" 200 None
2025-01-18 12:45:57,365 DEBUG    urllib3.connectionpool Starting new HTTPS connection (1): container.googleapis.com:443
2025-01-18 12:45:57,496 DEBUG    urllib3.connectionpool https://container.googleapis.com:443 "GET /v1/projects/peppy-arcadia-432311-g5/locations/asia-northeast3/operations/operation-1737171204349-830452b6-8826-414c-a61a-c98f8c2a547d?alt=json HTTP/1.1" 200 None
2025-01-18 12:46:02,498 DEBUG    urllib3.connectionpool Starting new HTTPS connection (1): container.googleapis.com:443
2025-01-18 12:46:02,691 DEBUG    urllib3.connectionpool https://container.googleapis.com:443 "GET /v1/projects/peppy-arcadia-432311-g5/locations/asia-northeast3/operations/operation-1737171204349-830452b6-8826-414c-a61a-c98f8c2a547d?alt=json HTTP/1.1" 200 None
2025-01-18 12:46:07,695 DEBUG    urllib3.connectionpool Starting new HTTPS connection (1): container.googleapis.com:443
2025-01-18 12:46:07,896 DEBUG    urllib3.connectionpool https://container.googleapis.com:443 "GET /v1/projects/peppy-arcadia-432311-g5/locations/asia-northeast3/operations/operation-1737171204349-830452b6-8826-414c-a61a-c98f8c2a547d?alt=json HTTP/1.1" 200 None
2025-01-18 12:46:12,900 DEBUG    urllib3.connectionpool Starting new HTTPS connection (1): container.googleapis.com:443
2025-01-18 12:46:13,099 DEBUG    urllib3.connectionpool https://container.googleapis.com:443 "GET /v1/projects/peppy-arcadia-432311-g5/locations/asia-northeast3/operations/operation-1737171204349-830452b6-8826-414c-a61a-c98f8c2a547d?alt=json HTTP/1.1" 200 None
2025-01-18 12:46:18,106 DEBUG    urllib3.connectionpool Starting new HTTPS connection (1): container.googleapis.com:443
2025-01-18 12:46:18,324 DEBUG    urllib3.connectionpool https://container.googleapis.com:443 "GET /v1/projects/peppy-arcadia-432311-g5/locations/asia-northeast3/operations/operation-1737171204349-830452b6-8826-414c-a61a-c98f8c2a547d?alt=json HTTP/1.1" 200 None
2025-01-18 12:46:23,328 DEBUG    urllib3.connectionpool Starting new HTTPS connection (1): container.googleapis.com:443
2025-01-18 12:46:23,463 DEBUG    urllib3.connectionpool https://container.googleapis.com:443 "GET /v1/projects/peppy-arcadia-432311-g5/locations/asia-northeast3/operations/operation-1737171204349-830452b6-8826-414c-a61a-c98f8c2a547d?alt=json HTTP/1.1" 200 None
2025-01-18 12:46:28,465 DEBUG    urllib3.connectionpool Starting new HTTPS connection (1): container.googleapis.com:443
2025-01-18 12:46:28,671 DEBUG    urllib3.connectionpool https://container.googleapis.com:443 "GET /v1/projects/peppy-arcadia-432311-g5/locations/asia-northeast3/operations/operation-1737171204349-830452b6-8826-414c-a61a-c98f8c2a547d?alt=json HTTP/1.1" 200 None
2025-01-18 12:46:33,674 DEBUG    urllib3.connectionpool Starting new HTTPS connection (1): container.googleapis.com:443
2025-01-18 12:46:33,755 DEBUG    urllib3.connectionpool https://container.googleapis.com:443 "GET /v1/projects/peppy-arcadia-432311-g5/locations/asia-northeast3/operations/operation-1737171204349-830452b6-8826-414c-a61a-c98f8c2a547d?alt=json HTTP/1.1" 200 None
2025-01-18 12:46:38,758 DEBUG    urllib3.connectionpool Starting new HTTPS connection (1): container.googleapis.com:443
2025-01-18 12:46:38,898 DEBUG    urllib3.connectionpool https://container.googleapis.com:443 "GET /v1/projects/peppy-arcadia-432311-g5/locations/asia-northeast3/operations/operation-1737171204349-830452b6-8826-414c-a61a-c98f8c2a547d?alt=json HTTP/1.1" 200 None
2025-01-18 12:46:43,903 DEBUG    urllib3.connectionpool Starting new HTTPS connection (1): container.googleapis.com:443
2025-01-18 12:46:44,091 DEBUG    urllib3.connectionpool https://container.googleapis.com:443 "GET /v1/projects/peppy-arcadia-432311-g5/locations/asia-northeast3/operations/operation-1737171204349-830452b6-8826-414c-a61a-c98f8c2a547d?alt=json HTTP/1.1" 200 None
2025-01-18 12:46:49,097 DEBUG    urllib3.connectionpool Starting new HTTPS connection (1): container.googleapis.com:443
2025-01-18 12:46:49,233 DEBUG    urllib3.connectionpool https://container.googleapis.com:443 "GET /v1/projects/peppy-arcadia-432311-g5/locations/asia-northeast3/operations/operation-1737171204349-830452b6-8826-414c-a61a-c98f8c2a547d?alt=json HTTP/1.1" 200 None
2025-01-18 12:46:54,239 DEBUG    urllib3.connectionpool Starting new HTTPS connection (1): container.googleapis.com:443
2025-01-18 12:46:54,374 DEBUG    urllib3.connectionpool https://container.googleapis.com:443 "GET /v1/projects/peppy-arcadia-432311-g5/locations/asia-northeast3/operations/operation-1737171204349-830452b6-8826-414c-a61a-c98f8c2a547d?alt=json HTTP/1.1" 200 None
2025-01-18 12:46:59,378 DEBUG    urllib3.connectionpool Starting new HTTPS connection (1): container.googleapis.com:443
2025-01-18 12:46:59,549 DEBUG    urllib3.connectionpool https://container.googleapis.com:443 "GET /v1/projects/peppy-arcadia-432311-g5/locations/asia-northeast3/operations/operation-1737171204349-830452b6-8826-414c-a61a-c98f8c2a547d?alt=json HTTP/1.1" 200 None
2025-01-18 12:47:04,555 DEBUG    urllib3.connectionpool Starting new HTTPS connection (1): container.googleapis.com:443
2025-01-18 12:47:04,743 DEBUG    urllib3.connectionpool https://container.googleapis.com:443 "GET /v1/projects/peppy-arcadia-432311-g5/locations/asia-northeast3/operations/operation-1737171204349-830452b6-8826-414c-a61a-c98f8c2a547d?alt=json HTTP/1.1" 200 None
2025-01-18 12:47:09,747 DEBUG    urllib3.connectionpool Starting new HTTPS connection (1): container.googleapis.com:443
2025-01-18 12:47:09,929 DEBUG    urllib3.connectionpool https://container.googleapis.com:443 "GET /v1/projects/peppy-arcadia-432311-g5/locations/asia-northeast3/operations/operation-1737171204349-830452b6-8826-414c-a61a-c98f8c2a547d?alt=json HTTP/1.1" 200 None
2025-01-18 12:47:14,935 DEBUG    google.auth.transport.requests Making request: POST https://oauth2.googleapis.com/token
2025-01-18 12:47:14,937 DEBUG    urllib3.connectionpool Starting new HTTPS connection (1): oauth2.googleapis.com:443
2025-01-18 12:47:15,274 DEBUG    urllib3.connectionpool https://oauth2.googleapis.com:443 "POST /token HTTP/1.1" 200 None
2025-01-18 12:47:15,291 DEBUG    urllib3.connectionpool Starting new HTTPS connection (1): container.googleapis.com:443
2025-01-18 12:47:15,445 DEBUG    urllib3.connectionpool https://container.googleapis.com:443 "GET /v1/projects/peppy-arcadia-432311-g5/locations/asia-northeast3/operations/operation-1737171204349-830452b6-8826-414c-a61a-c98f8c2a547d?alt=json HTTP/1.1" 200 None
2025-01-18 12:47:20,448 DEBUG    urllib3.connectionpool Starting new HTTPS connection (1): container.googleapis.com:443
2025-01-18 12:47:20,579 DEBUG    urllib3.connectionpool https://container.googleapis.com:443 "GET /v1/projects/peppy-arcadia-432311-g5/locations/asia-northeast3/operations/operation-1737171204349-830452b6-8826-414c-a61a-c98f8c2a547d?alt=json HTTP/1.1" 200 None
2025-01-18 12:47:25,586 DEBUG    urllib3.connectionpool Starting new HTTPS connection (1): container.googleapis.com:443
2025-01-18 12:47:25,715 DEBUG    urllib3.connectionpool https://container.googleapis.com:443 "GET /v1/projects/peppy-arcadia-432311-g5/locations/asia-northeast3/operations/operation-1737171204349-830452b6-8826-414c-a61a-c98f8c2a547d?alt=json HTTP/1.1" 200 None
2025-01-18 12:47:30,718 DEBUG    urllib3.connectionpool Starting new HTTPS connection (1): container.googleapis.com:443
2025-01-18 12:47:30,893 DEBUG    urllib3.connectionpool https://container.googleapis.com:443 "GET /v1/projects/peppy-arcadia-432311-g5/locations/asia-northeast3/operations/operation-1737171204349-830452b6-8826-414c-a61a-c98f8c2a547d?alt=json HTTP/1.1" 200 None
2025-01-18 12:47:35,897 DEBUG    urllib3.connectionpool Starting new HTTPS connection (1): container.googleapis.com:443
2025-01-18 12:47:35,985 DEBUG    urllib3.connectionpool https://container.googleapis.com:443 "GET /v1/projects/peppy-arcadia-432311-g5/locations/asia-northeast3/operations/operation-1737171204349-830452b6-8826-414c-a61a-c98f8c2a547d?alt=json HTTP/1.1" 200 None
2025-01-18 12:47:40,989 DEBUG    urllib3.connectionpool Starting new HTTPS connection (1): container.googleapis.com:443
2025-01-18 12:47:41,132 DEBUG    urllib3.connectionpool https://container.googleapis.com:443 "GET /v1/projects/peppy-arcadia-432311-g5/locations/asia-northeast3/operations/operation-1737171204349-830452b6-8826-414c-a61a-c98f8c2a547d?alt=json HTTP/1.1" 200 None
2025-01-18 12:47:43,727 DEBUG    root            (gcloud.container.clusters.update) Aborted by user.
Traceback (most recent call last):
  File "/usr/bin/../lib/google-cloud-sdk/lib/googlecloudsdk/calliope/cli.py", line 998, in Execute
    resources = calliope_command.Run(cli=self, args=args)
                ^^^^^^^^^^^^^^^^^^^^^^^^^^^^^^^^^^^^^^^^^
  File "/usr/bin/../lib/google-cloud-sdk/lib/googlecloudsdk/calliope/backend.py", line 934, in Run
    resources = command_instance.Run(args)
                ^^^^^^^^^^^^^^^^^^^^^^^^^^
  File "/usr/bin/../lib/google-cloud-sdk/lib/surface/container/clusters/update.py", line 906, in Run
    adapter.WaitForOperation(
  File "/usr/bin/../lib/google-cloud-sdk/lib/googlecloudsdk/api_lib/container/api_adapter.py", line 2003, in WaitForOperation
    operation = _WaitForOperation()
                ^^^^^^^^^^^^^^^^^^^
  File "/usr/bin/../lib/google-cloud-sdk/lib/googlecloudsdk/api_lib/container/api_adapter.py", line 1994, in _WaitForOperation
    time.sleep(poll_period_s)
  File "/usr/bin/../lib/google-cloud-sdk/lib/googlecloudsdk/core/console/progress_tracker.py", line 154, in _CtrlCHandler
    raise console_io.OperationCancelledError(self._aborted_message)
googlecloudsdk.core.console.console_io.OperationCancelledError: Aborted by user.
2025-01-18 12:47:43,740 ERROR    root            (gcloud.container.clusters.update) Aborted by user.
