2025-01-18 13:22:19,346 DEBUG    root            Loaded Command Group: ['gcloud', 'container', 'clusters']
2025-01-18 13:22:19,347 DEBUG    root            Loaded Command Group: ['gcloud', 'container', 'clusters', 'upgrade']
2025-01-18 13:22:19,367 DEBUG    root            Running [gcloud.container.clusters.upgrade] with arguments: [--cluster-version: "latest", --project: "peppy-arcadia-432311-g5", --region: "asia-northeast3", NAME: "gcp-dr-gke"]
2025-01-18 13:22:19,368 DEBUG    urllib3.connectionpool Starting new HTTPS connection (1): container.googleapis.com:443
2025-01-18 13:22:19,588 DEBUG    urllib3.connectionpool https://container.googleapis.com:443 "GET /v1/projects/peppy-arcadia-432311-g5/locations/asia-northeast3/clusters/gcp-dr-gke?alt=json HTTP/1.1" 200 None
2025-01-18 13:22:19,594 DEBUG    urllib3.connectionpool Starting new HTTPS connection (1): container.googleapis.com:443
2025-01-18 13:22:19,825 DEBUG    urllib3.connectionpool https://container.googleapis.com:443 "GET /v1/projects/peppy-arcadia-432311-g5/locations/asia-northeast3/serverConfig?alt=json HTTP/1.1" 200 None
2025-01-18 13:22:21,171 DEBUG    urllib3.connectionpool Starting new HTTPS connection (1): container.googleapis.com:443
2025-01-18 13:22:21,351 DEBUG    urllib3.connectionpool https://container.googleapis.com:443 "PUT /v1/projects/peppy-arcadia-432311-g5/locations/asia-northeast3/clusters/gcp-dr-gke?alt=json HTTP/1.1" 400 None
2025-01-18 13:22:21,354 DEBUG    root            (gcloud.container.clusters.upgrade) ResponseError: code=400, message=Node version "1.31.4-gke.1183000" must not have a greater minor version than master version "1.30.8-gke.1051000".
Traceback (most recent call last):
  File "/usr/bin/../lib/google-cloud-sdk/lib/surface/container/clusters/upgrade.py", line 213, in Run
    op_ref = adapter.UpdateCluster(cluster_ref, options)
             ^^^^^^^^^^^^^^^^^^^^^^^^^^^^^^^^^^^^^^^^^^^
  File "/usr/bin/../lib/google-cloud-sdk/lib/googlecloudsdk/api_lib/container/api_adapter.py", line 4546, in UpdateCluster
    op = self.client.projects_locations_clusters.Update(
         ^^^^^^^^^^^^^^^^^^^^^^^^^^^^^^^^^^^^^^^^^^^^^^^
  File "/usr/bin/../lib/google-cloud-sdk/lib/googlecloudsdk/generated_clients/apis/container/v1/container_v1_client.py", line 979, in Update
    return self._RunMethod(
           ^^^^^^^^^^^^^^^^
  File "/usr/bin/../lib/google-cloud-sdk/lib/third_party/apitools/base/py/base_api.py", line 747, in _RunMethod
    return self.ProcessHttpResponse(method_config, http_response, request)
           ^^^^^^^^^^^^^^^^^^^^^^^^^^^^^^^^^^^^^^^^^^^^^^^^^^^^^^^^^^^^^^^
  File "/usr/bin/../lib/google-cloud-sdk/lib/third_party/apitools/base/py/base_api.py", line 753, in ProcessHttpResponse
    self.__ProcessHttpResponse(method_config, http_response, request))
    ^^^^^^^^^^^^^^^^^^^^^^^^^^^^^^^^^^^^^^^^^^^^^^^^^^^^^^^^^^^^^^^^^
  File "/usr/bin/../lib/google-cloud-sdk/lib/third_party/apitools/base/py/base_api.py", line 612, in __ProcessHttpResponse
    raise exceptions.HttpError.FromResponse(
apitools.base.py.exceptions.HttpBadRequestError: HttpError accessing <https://container.googleapis.com/v1/projects/peppy-arcadia-432311-g5/locations/asia-northeast3/clusters/gcp-dr-gke?alt=json>: response: <{'vary': 'Origin, X-Origin, Referer', 'content-type': 'application/json; charset=UTF-8', 'content-encoding': 'gzip', 'date': 'Sat, 18 Jan 2025 04:22:21 GMT', 'server': 'ESF', 'x-xss-protection': '0', 'x-frame-options': 'SAMEORIGIN', 'x-content-type-options': 'nosniff', 'alt-svc': 'h3=":443"; ma=2592000,h3-29=":443"; ma=2592000', 'transfer-encoding': 'chunked', 'status': 400}>, content <{
  "error": {
    "code": 400,
    "message": "Node version \"1.31.4-gke.1183000\" must not have a greater minor version than master version \"1.30.8-gke.1051000\".",
    "status": "INVALID_ARGUMENT",
    "details": [
      {
        "@type": "type.googleapis.com/google.rpc.RequestInfo",
        "requestId": "0xfc3a161984324427"
      }
    ]
  }
}
>

During handling of the above exception, another exception occurred:

Traceback (most recent call last):
  File "/usr/bin/../lib/google-cloud-sdk/lib/googlecloudsdk/calliope/cli.py", line 998, in Execute
    resources = calliope_command.Run(cli=self, args=args)
                ^^^^^^^^^^^^^^^^^^^^^^^^^^^^^^^^^^^^^^^^^
  File "/usr/bin/../lib/google-cloud-sdk/lib/googlecloudsdk/calliope/backend.py", line 934, in Run
    resources = command_instance.Run(args)
                ^^^^^^^^^^^^^^^^^^^^^^^^^^
  File "/usr/bin/../lib/google-cloud-sdk/lib/surface/container/clusters/upgrade.py", line 215, in Run
    raise exceptions.HttpException(error, util.HTTP_ERROR_FORMAT)
googlecloudsdk.calliope.exceptions.HttpException: ResponseError: code=400, message=Node version "1.31.4-gke.1183000" must not have a greater minor version than master version "1.30.8-gke.1051000".
2025-01-18 13:22:21,367 ERROR    root            (gcloud.container.clusters.upgrade) ResponseError: code=400, message=Node version "1.31.4-gke.1183000" must not have a greater minor version than master version "1.30.8-gke.1051000".
