2025-01-18 13:20:05,131 DEBUG    root            Loaded Command Group: ['gcloud', 'config']
2025-01-18 13:20:05,134 DEBUG    root            Loaded Command Group: ['gcloud', 'config', 'config_helper']
2025-01-18 13:20:05,135 DEBUG    root            Running [gcloud.config.config-helper] with arguments: [--format: "json"]
2025-01-18 13:20:05,142 DEBUG    root            Chosen display Format:default json
2025-01-18 13:20:05,142 INFO     root            Display format: "default json"
2025-01-18 13:20:05,149 INFO     ___FILE_ONLY___ {
  "configuration": {
    "active_configuration": "default",
    "properties": {
      "core": {
        "account": "1201ljhun@gmail.com",
        "disable_usage_reporting": "True",
        "project": "peppy-arcadia-432311-g5"
      }
    }
  },
  "credential": {
    "access_token": "ya29.a0ARW5m75PJcgT-0atWhiz2CYYFhwc4XnVjh-xzITx-aLL0c6xqdvXQqBZBpc6392IfhuInbkhGg6soq1V5XE-z3wO2pSEMUGSP21bsvh64VMqnYrZfksMmN9T-qaz4y_MyKqsNQl2bZz_0EevBr5iAbgfkUQRLJJYQYJ0U1cKZHX4Sv8aCgYKAZkSARISFQHGX2MiSf6GDsKpp_HFoXiFRkDXEg0182",
    "id_token": "eyJhbGciOiJSUzI1NiIsImtpZCI6ImRkMTI1ZDVmNDYyZmJjNjAxNGFlZGFiODFkZGYzYmNlZGFiNzA4NDciLCJ0eXAiOiJKV1QifQ.eyJpc3MiOiJodHRwczovL2FjY291bnRzLmdvb2dsZS5jb20iLCJhenAiOiIzMjU1NTk0MDU1OS5hcHBzLmdvb2dsZXVzZXJjb250ZW50LmNvbSIsImF1ZCI6IjMyNTU1OTQwNTU5LmFwcHMuZ29vZ2xldXNlcmNvbnRlbnQuY29tIiwic3ViIjoiMTA1MDk2MzU3NDMwMjQzNjQxMTQxIiwiZW1haWwiOiIxMjAxbGpodW5AZ21haWwuY29tIiwiZW1haWxfdmVyaWZpZWQiOnRydWUsImF0X2hhc2giOiIyaW10WldpazlOMXo5aVE0NVo1eG13IiwiaWF0IjoxNzM3MTcyMDM1LCJleHAiOjE3MzcxNzU2MzV9.dK_zChDSLVKKwUW0j8Lhvu5dCc2BgvJrqXNimLcJT2DVGNwatgIDcQgZZ90LaP36S02MTcQ7hi8vIMujOQDWOovT_8FeB3-YiwK_u7bFgQE9SHWA2hlj52uEeR0yk-HOYVY4GmtyzaRgaVzR1zNbu5MlVL2JGWK5Si-xEts45S8Mgaw-ySHcH7PRAuI0itTvoKT_-GKcBfOpyZwgmpSKXL6BRitkPsnjIqQKlOT-Ra-yi3GQjrWVnAt9Hea4oBEaEPi57A6Jmu3sI_CVvDsJ-ufV0jHhzb6gc7Rcxyyoa2LIfr6x5ozGbhs8Th0_cKFnXxZEq4-udOCet6h0LRDxew",
    "token_expiry": "2025-01-18T04:47:14Z"
  },
  "sentinels": {
    "config_sentinel": "/home/ubuntu/.config/gcloud/config_sentinel"
  }
}
2025-01-18 13:20:05,149 INFO     ___FILE_ONLY___ 

2025-01-18 13:20:05,149 DEBUG    root            SDK update checks are disabled.
