2025-01-18 13:46:41,515 DEBUG    root            Loaded Command Group: ['gcloud', 'container', 'clusters']
2025-01-18 13:46:41,516 DEBUG    root            Loaded Command Group: ['gcloud', 'container', 'clusters', 'upgrade']
2025-01-18 13:46:41,624 DEBUG    root            Running [gcloud.container.clusters.upgrade] with arguments: [--cluster-version: "latest", --project: "peppy-arcadia-432311-g5", --region: "asia-northeast3", NAME: "gcp-dr-gke"]
2025-01-18 13:46:41,626 DEBUG    urllib3.connectionpool Starting new HTTPS connection (1): container.googleapis.com:443
2025-01-18 13:46:41,819 DEBUG    urllib3.connectionpool https://container.googleapis.com:443 "GET /v1/projects/peppy-arcadia-432311-g5/locations/asia-northeast3/clusters/gcp-dr-gke?alt=json HTTP/1.1" 200 None
2025-01-18 13:46:41,825 DEBUG    urllib3.connectionpool Starting new HTTPS connection (1): container.googleapis.com:443
2025-01-18 13:46:42,148 DEBUG    urllib3.connectionpool https://container.googleapis.com:443 "GET /v1/projects/peppy-arcadia-432311-g5/locations/asia-northeast3/serverConfig?alt=json HTTP/1.1" 200 None
2025-01-18 13:46:43,325 DEBUG    urllib3.connectionpool Starting new HTTPS connection (1): container.googleapis.com:443
2025-01-18 13:46:43,646 DEBUG    urllib3.connectionpool https://container.googleapis.com:443 "PUT /v1/projects/peppy-arcadia-432311-g5/locations/asia-northeast3/clusters/gcp-dr-gke?alt=json HTTP/1.1" 200 None
2025-01-18 13:46:43,650 INFO     ___FILE_ONLY___ Upgrading gcp-dr-gke...
2025-01-18 13:46:43,654 DEBUG    urllib3.connectionpool Starting new HTTPS connection (1): container.googleapis.com:443
2025-01-18 13:46:43,847 DEBUG    urllib3.connectionpool https://container.googleapis.com:443 "GET /v1/projects/peppy-arcadia-432311-g5/locations/asia-northeast3/operations/operation-1737175604012-cdc3dfe1-608c-489f-b81c-a9f76ba89095?alt=json HTTP/1.1" 200 None
2025-01-18 13:46:48,851 DEBUG    urllib3.connectionpool Starting new HTTPS connection (1): container.googleapis.com:443
2025-01-18 13:46:49,048 DEBUG    urllib3.connectionpool https://container.googleapis.com:443 "GET /v1/projects/peppy-arcadia-432311-g5/locations/asia-northeast3/operations/operation-1737175604012-cdc3dfe1-608c-489f-b81c-a9f76ba89095?alt=json HTTP/1.1" 200 None
2025-01-18 13:46:54,052 DEBUG    urllib3.connectionpool Starting new HTTPS connection (1): container.googleapis.com:443
2025-01-18 13:46:54,279 DEBUG    urllib3.connectionpool https://container.googleapis.com:443 "GET /v1/projects/peppy-arcadia-432311-g5/locations/asia-northeast3/operations/operation-1737175604012-cdc3dfe1-608c-489f-b81c-a9f76ba89095?alt=json HTTP/1.1" 200 None
2025-01-18 13:46:59,284 DEBUG    urllib3.connectionpool Starting new HTTPS connection (1): container.googleapis.com:443
2025-01-18 13:46:59,469 DEBUG    urllib3.connectionpool https://container.googleapis.com:443 "GET /v1/projects/peppy-arcadia-432311-g5/locations/asia-northeast3/operations/operation-1737175604012-cdc3dfe1-608c-489f-b81c-a9f76ba89095?alt=json HTTP/1.1" 200 None
2025-01-18 13:47:04,474 DEBUG    urllib3.connectionpool Starting new HTTPS connection (1): container.googleapis.com:443
2025-01-18 13:47:04,667 DEBUG    urllib3.connectionpool https://container.googleapis.com:443 "GET /v1/projects/peppy-arcadia-432311-g5/locations/asia-northeast3/operations/operation-1737175604012-cdc3dfe1-608c-489f-b81c-a9f76ba89095?alt=json HTTP/1.1" 200 None
2025-01-18 13:47:09,673 DEBUG    urllib3.connectionpool Starting new HTTPS connection (1): container.googleapis.com:443
2025-01-18 13:47:09,876 DEBUG    urllib3.connectionpool https://container.googleapis.com:443 "GET /v1/projects/peppy-arcadia-432311-g5/locations/asia-northeast3/operations/operation-1737175604012-cdc3dfe1-608c-489f-b81c-a9f76ba89095?alt=json HTTP/1.1" 200 None
2025-01-18 13:47:14,883 DEBUG    urllib3.connectionpool Starting new HTTPS connection (1): container.googleapis.com:443
2025-01-18 13:47:15,120 DEBUG    urllib3.connectionpool https://container.googleapis.com:443 "GET /v1/projects/peppy-arcadia-432311-g5/locations/asia-northeast3/operations/operation-1737175604012-cdc3dfe1-608c-489f-b81c-a9f76ba89095?alt=json HTTP/1.1" 200 None
2025-01-18 13:47:20,125 DEBUG    urllib3.connectionpool Starting new HTTPS connection (1): container.googleapis.com:443
2025-01-18 13:47:20,342 DEBUG    urllib3.connectionpool https://container.googleapis.com:443 "GET /v1/projects/peppy-arcadia-432311-g5/locations/asia-northeast3/operations/operation-1737175604012-cdc3dfe1-608c-489f-b81c-a9f76ba89095?alt=json HTTP/1.1" 200 None
2025-01-18 13:47:25,347 DEBUG    urllib3.connectionpool Starting new HTTPS connection (1): container.googleapis.com:443
2025-01-18 13:47:25,443 DEBUG    urllib3.connectionpool https://container.googleapis.com:443 "GET /v1/projects/peppy-arcadia-432311-g5/locations/asia-northeast3/operations/operation-1737175604012-cdc3dfe1-608c-489f-b81c-a9f76ba89095?alt=json HTTP/1.1" 200 None
2025-01-18 13:47:30,448 DEBUG    urllib3.connectionpool Starting new HTTPS connection (1): container.googleapis.com:443
2025-01-18 13:47:30,577 DEBUG    urllib3.connectionpool https://container.googleapis.com:443 "GET /v1/projects/peppy-arcadia-432311-g5/locations/asia-northeast3/operations/operation-1737175604012-cdc3dfe1-608c-489f-b81c-a9f76ba89095?alt=json HTTP/1.1" 200 None
2025-01-18 13:47:35,583 DEBUG    urllib3.connectionpool Starting new HTTPS connection (1): container.googleapis.com:443
2025-01-18 13:47:35,734 DEBUG    urllib3.connectionpool https://container.googleapis.com:443 "GET /v1/projects/peppy-arcadia-432311-g5/locations/asia-northeast3/operations/operation-1737175604012-cdc3dfe1-608c-489f-b81c-a9f76ba89095?alt=json HTTP/1.1" 200 None
2025-01-18 13:47:40,740 DEBUG    urllib3.connectionpool Starting new HTTPS connection (1): container.googleapis.com:443
2025-01-18 13:47:40,918 DEBUG    urllib3.connectionpool https://container.googleapis.com:443 "GET /v1/projects/peppy-arcadia-432311-g5/locations/asia-northeast3/operations/operation-1737175604012-cdc3dfe1-608c-489f-b81c-a9f76ba89095?alt=json HTTP/1.1" 200 None
2025-01-18 13:47:45,923 DEBUG    urllib3.connectionpool Starting new HTTPS connection (1): container.googleapis.com:443
2025-01-18 13:47:46,051 DEBUG    urllib3.connectionpool https://container.googleapis.com:443 "GET /v1/projects/peppy-arcadia-432311-g5/locations/asia-northeast3/operations/operation-1737175604012-cdc3dfe1-608c-489f-b81c-a9f76ba89095?alt=json HTTP/1.1" 200 None
2025-01-18 13:47:51,054 DEBUG    urllib3.connectionpool Starting new HTTPS connection (1): container.googleapis.com:443
2025-01-18 13:47:51,291 DEBUG    urllib3.connectionpool https://container.googleapis.com:443 "GET /v1/projects/peppy-arcadia-432311-g5/locations/asia-northeast3/operations/operation-1737175604012-cdc3dfe1-608c-489f-b81c-a9f76ba89095?alt=json HTTP/1.1" 200 None
2025-01-18 13:47:56,295 DEBUG    urllib3.connectionpool Starting new HTTPS connection (1): container.googleapis.com:443
2025-01-18 13:47:56,480 DEBUG    urllib3.connectionpool https://container.googleapis.com:443 "GET /v1/projects/peppy-arcadia-432311-g5/locations/asia-northeast3/operations/operation-1737175604012-cdc3dfe1-608c-489f-b81c-a9f76ba89095?alt=json HTTP/1.1" 200 None
2025-01-18 13:48:01,485 DEBUG    urllib3.connectionpool Starting new HTTPS connection (1): container.googleapis.com:443
2025-01-18 13:48:01,679 DEBUG    urllib3.connectionpool https://container.googleapis.com:443 "GET /v1/projects/peppy-arcadia-432311-g5/locations/asia-northeast3/operations/operation-1737175604012-cdc3dfe1-608c-489f-b81c-a9f76ba89095?alt=json HTTP/1.1" 200 None
2025-01-18 13:48:06,683 DEBUG    urllib3.connectionpool Starting new HTTPS connection (1): container.googleapis.com:443
2025-01-18 13:48:06,937 DEBUG    urllib3.connectionpool https://container.googleapis.com:443 "GET /v1/projects/peppy-arcadia-432311-g5/locations/asia-northeast3/operations/operation-1737175604012-cdc3dfe1-608c-489f-b81c-a9f76ba89095?alt=json HTTP/1.1" 200 None
2025-01-18 13:48:11,942 DEBUG    urllib3.connectionpool Starting new HTTPS connection (1): container.googleapis.com:443
2025-01-18 13:48:12,126 DEBUG    urllib3.connectionpool https://container.googleapis.com:443 "GET /v1/projects/peppy-arcadia-432311-g5/locations/asia-northeast3/operations/operation-1737175604012-cdc3dfe1-608c-489f-b81c-a9f76ba89095?alt=json HTTP/1.1" 200 None
2025-01-18 13:48:17,129 DEBUG    urllib3.connectionpool Starting new HTTPS connection (1): container.googleapis.com:443
2025-01-18 13:48:17,369 DEBUG    urllib3.connectionpool https://container.googleapis.com:443 "GET /v1/projects/peppy-arcadia-432311-g5/locations/asia-northeast3/operations/operation-1737175604012-cdc3dfe1-608c-489f-b81c-a9f76ba89095?alt=json HTTP/1.1" 200 None
2025-01-18 13:48:22,374 DEBUG    urllib3.connectionpool Starting new HTTPS connection (1): container.googleapis.com:443
2025-01-18 13:48:22,652 DEBUG    urllib3.connectionpool https://container.googleapis.com:443 "GET /v1/projects/peppy-arcadia-432311-g5/locations/asia-northeast3/operations/operation-1737175604012-cdc3dfe1-608c-489f-b81c-a9f76ba89095?alt=json HTTP/1.1" 200 None
2025-01-18 13:48:28,106 DEBUG    urllib3.connectionpool Starting new HTTPS connection (1): container.googleapis.com:443
2025-01-18 13:48:28,307 DEBUG    urllib3.connectionpool https://container.googleapis.com:443 "GET /v1/projects/peppy-arcadia-432311-g5/locations/asia-northeast3/operations/operation-1737175604012-cdc3dfe1-608c-489f-b81c-a9f76ba89095?alt=json HTTP/1.1" 200 None
2025-01-18 13:48:33,313 DEBUG    urllib3.connectionpool Starting new HTTPS connection (1): container.googleapis.com:443
2025-01-18 13:48:33,502 DEBUG    urllib3.connectionpool https://container.googleapis.com:443 "GET /v1/projects/peppy-arcadia-432311-g5/locations/asia-northeast3/operations/operation-1737175604012-cdc3dfe1-608c-489f-b81c-a9f76ba89095?alt=json HTTP/1.1" 200 None
2025-01-18 13:48:38,510 DEBUG    urllib3.connectionpool Starting new HTTPS connection (1): container.googleapis.com:443
2025-01-18 13:48:38,641 DEBUG    urllib3.connectionpool https://container.googleapis.com:443 "GET /v1/projects/peppy-arcadia-432311-g5/locations/asia-northeast3/operations/operation-1737175604012-cdc3dfe1-608c-489f-b81c-a9f76ba89095?alt=json HTTP/1.1" 200 None
2025-01-18 13:48:43,646 DEBUG    urllib3.connectionpool Starting new HTTPS connection (1): container.googleapis.com:443
2025-01-18 13:48:43,775 DEBUG    urllib3.connectionpool https://container.googleapis.com:443 "GET /v1/projects/peppy-arcadia-432311-g5/locations/asia-northeast3/operations/operation-1737175604012-cdc3dfe1-608c-489f-b81c-a9f76ba89095?alt=json HTTP/1.1" 200 None
2025-01-18 13:48:48,780 DEBUG    urllib3.connectionpool Starting new HTTPS connection (1): container.googleapis.com:443
2025-01-18 13:48:48,962 DEBUG    urllib3.connectionpool https://container.googleapis.com:443 "GET /v1/projects/peppy-arcadia-432311-g5/locations/asia-northeast3/operations/operation-1737175604012-cdc3dfe1-608c-489f-b81c-a9f76ba89095?alt=json HTTP/1.1" 200 None
2025-01-18 13:48:53,967 DEBUG    urllib3.connectionpool Starting new HTTPS connection (1): container.googleapis.com:443
2025-01-18 13:48:54,118 DEBUG    urllib3.connectionpool https://container.googleapis.com:443 "GET /v1/projects/peppy-arcadia-432311-g5/locations/asia-northeast3/operations/operation-1737175604012-cdc3dfe1-608c-489f-b81c-a9f76ba89095?alt=json HTTP/1.1" 200 None
2025-01-18 13:48:59,121 DEBUG    urllib3.connectionpool Starting new HTTPS connection (1): container.googleapis.com:443
2025-01-18 13:48:59,319 DEBUG    urllib3.connectionpool https://container.googleapis.com:443 "GET /v1/projects/peppy-arcadia-432311-g5/locations/asia-northeast3/operations/operation-1737175604012-cdc3dfe1-608c-489f-b81c-a9f76ba89095?alt=json HTTP/1.1" 200 None
2025-01-18 13:49:04,323 DEBUG    urllib3.connectionpool Starting new HTTPS connection (1): container.googleapis.com:443
2025-01-18 13:49:04,508 DEBUG    urllib3.connectionpool https://container.googleapis.com:443 "GET /v1/projects/peppy-arcadia-432311-g5/locations/asia-northeast3/operations/operation-1737175604012-cdc3dfe1-608c-489f-b81c-a9f76ba89095?alt=json HTTP/1.1" 200 None
2025-01-18 13:49:09,513 DEBUG    urllib3.connectionpool Starting new HTTPS connection (1): container.googleapis.com:443
2025-01-18 13:49:09,647 DEBUG    urllib3.connectionpool https://container.googleapis.com:443 "GET /v1/projects/peppy-arcadia-432311-g5/locations/asia-northeast3/operations/operation-1737175604012-cdc3dfe1-608c-489f-b81c-a9f76ba89095?alt=json HTTP/1.1" 200 None
2025-01-18 13:49:14,664 DEBUG    urllib3.connectionpool Starting new HTTPS connection (1): container.googleapis.com:443
2025-01-18 13:49:14,811 DEBUG    urllib3.connectionpool https://container.googleapis.com:443 "GET /v1/projects/peppy-arcadia-432311-g5/locations/asia-northeast3/operations/operation-1737175604012-cdc3dfe1-608c-489f-b81c-a9f76ba89095?alt=json HTTP/1.1" 200 None
2025-01-18 13:49:19,817 DEBUG    urllib3.connectionpool Starting new HTTPS connection (1): container.googleapis.com:443
2025-01-18 13:49:19,999 DEBUG    urllib3.connectionpool https://container.googleapis.com:443 "GET /v1/projects/peppy-arcadia-432311-g5/locations/asia-northeast3/operations/operation-1737175604012-cdc3dfe1-608c-489f-b81c-a9f76ba89095?alt=json HTTP/1.1" 200 None
2025-01-18 13:49:25,007 DEBUG    urllib3.connectionpool Starting new HTTPS connection (1): container.googleapis.com:443
2025-01-18 13:49:25,216 DEBUG    urllib3.connectionpool https://container.googleapis.com:443 "GET /v1/projects/peppy-arcadia-432311-g5/locations/asia-northeast3/operations/operation-1737175604012-cdc3dfe1-608c-489f-b81c-a9f76ba89095?alt=json HTTP/1.1" 200 None
2025-01-18 13:49:30,222 DEBUG    urllib3.connectionpool Starting new HTTPS connection (1): container.googleapis.com:443
2025-01-18 13:49:30,341 DEBUG    urllib3.connectionpool https://container.googleapis.com:443 "GET /v1/projects/peppy-arcadia-432311-g5/locations/asia-northeast3/operations/operation-1737175604012-cdc3dfe1-608c-489f-b81c-a9f76ba89095?alt=json HTTP/1.1" 200 None
2025-01-18 13:49:35,347 DEBUG    urllib3.connectionpool Starting new HTTPS connection (1): container.googleapis.com:443
2025-01-18 13:49:35,473 DEBUG    urllib3.connectionpool https://container.googleapis.com:443 "GET /v1/projects/peppy-arcadia-432311-g5/locations/asia-northeast3/operations/operation-1737175604012-cdc3dfe1-608c-489f-b81c-a9f76ba89095?alt=json HTTP/1.1" 200 None
2025-01-18 13:49:40,479 DEBUG    urllib3.connectionpool Starting new HTTPS connection (1): container.googleapis.com:443
2025-01-18 13:49:40,628 DEBUG    urllib3.connectionpool https://container.googleapis.com:443 "GET /v1/projects/peppy-arcadia-432311-g5/locations/asia-northeast3/operations/operation-1737175604012-cdc3dfe1-608c-489f-b81c-a9f76ba89095?alt=json HTTP/1.1" 200 None
2025-01-18 13:49:45,635 DEBUG    urllib3.connectionpool Starting new HTTPS connection (1): container.googleapis.com:443
2025-01-18 13:49:45,768 DEBUG    urllib3.connectionpool https://container.googleapis.com:443 "GET /v1/projects/peppy-arcadia-432311-g5/locations/asia-northeast3/operations/operation-1737175604012-cdc3dfe1-608c-489f-b81c-a9f76ba89095?alt=json HTTP/1.1" 200 None
2025-01-18 13:49:50,776 DEBUG    urllib3.connectionpool Starting new HTTPS connection (1): container.googleapis.com:443
2025-01-18 13:49:50,923 DEBUG    urllib3.connectionpool https://container.googleapis.com:443 "GET /v1/projects/peppy-arcadia-432311-g5/locations/asia-northeast3/operations/operation-1737175604012-cdc3dfe1-608c-489f-b81c-a9f76ba89095?alt=json HTTP/1.1" 200 None
2025-01-18 13:49:55,929 DEBUG    urllib3.connectionpool Starting new HTTPS connection (1): container.googleapis.com:443
2025-01-18 13:49:56,114 DEBUG    urllib3.connectionpool https://container.googleapis.com:443 "GET /v1/projects/peppy-arcadia-432311-g5/locations/asia-northeast3/operations/operation-1737175604012-cdc3dfe1-608c-489f-b81c-a9f76ba89095?alt=json HTTP/1.1" 200 None
2025-01-18 13:50:01,121 DEBUG    urllib3.connectionpool Starting new HTTPS connection (1): container.googleapis.com:443
2025-01-18 13:50:01,262 DEBUG    urllib3.connectionpool https://container.googleapis.com:443 "GET /v1/projects/peppy-arcadia-432311-g5/locations/asia-northeast3/operations/operation-1737175604012-cdc3dfe1-608c-489f-b81c-a9f76ba89095?alt=json HTTP/1.1" 200 None
2025-01-18 13:50:06,269 DEBUG    urllib3.connectionpool Starting new HTTPS connection (1): container.googleapis.com:443
2025-01-18 13:50:06,361 DEBUG    urllib3.connectionpool https://container.googleapis.com:443 "GET /v1/projects/peppy-arcadia-432311-g5/locations/asia-northeast3/operations/operation-1737175604012-cdc3dfe1-608c-489f-b81c-a9f76ba89095?alt=json HTTP/1.1" 200 None
2025-01-18 13:50:11,368 DEBUG    urllib3.connectionpool Starting new HTTPS connection (1): container.googleapis.com:443
2025-01-18 13:50:11,510 DEBUG    urllib3.connectionpool https://container.googleapis.com:443 "GET /v1/projects/peppy-arcadia-432311-g5/locations/asia-northeast3/operations/operation-1737175604012-cdc3dfe1-608c-489f-b81c-a9f76ba89095?alt=json HTTP/1.1" 200 None
2025-01-18 13:50:16,515 DEBUG    urllib3.connectionpool Starting new HTTPS connection (1): container.googleapis.com:443
2025-01-18 13:50:16,652 DEBUG    urllib3.connectionpool https://container.googleapis.com:443 "GET /v1/projects/peppy-arcadia-432311-g5/locations/asia-northeast3/operations/operation-1737175604012-cdc3dfe1-608c-489f-b81c-a9f76ba89095?alt=json HTTP/1.1" 200 None
2025-01-18 13:50:21,656 DEBUG    urllib3.connectionpool Starting new HTTPS connection (1): container.googleapis.com:443
2025-01-18 13:50:21,785 DEBUG    urllib3.connectionpool https://container.googleapis.com:443 "GET /v1/projects/peppy-arcadia-432311-g5/locations/asia-northeast3/operations/operation-1737175604012-cdc3dfe1-608c-489f-b81c-a9f76ba89095?alt=json HTTP/1.1" 200 None
2025-01-18 13:50:26,789 DEBUG    urllib3.connectionpool Starting new HTTPS connection (1): container.googleapis.com:443
2025-01-18 13:50:26,924 DEBUG    urllib3.connectionpool https://container.googleapis.com:443 "GET /v1/projects/peppy-arcadia-432311-g5/locations/asia-northeast3/operations/operation-1737175604012-cdc3dfe1-608c-489f-b81c-a9f76ba89095?alt=json HTTP/1.1" 200 None
2025-01-18 13:50:31,930 DEBUG    urllib3.connectionpool Starting new HTTPS connection (1): container.googleapis.com:443
2025-01-18 13:50:32,072 DEBUG    urllib3.connectionpool https://container.googleapis.com:443 "GET /v1/projects/peppy-arcadia-432311-g5/locations/asia-northeast3/operations/operation-1737175604012-cdc3dfe1-608c-489f-b81c-a9f76ba89095?alt=json HTTP/1.1" 200 None
2025-01-18 13:50:37,077 DEBUG    urllib3.connectionpool Starting new HTTPS connection (1): container.googleapis.com:443
2025-01-18 13:50:37,339 DEBUG    urllib3.connectionpool https://container.googleapis.com:443 "GET /v1/projects/peppy-arcadia-432311-g5/locations/asia-northeast3/operations/operation-1737175604012-cdc3dfe1-608c-489f-b81c-a9f76ba89095?alt=json HTTP/1.1" 200 None
2025-01-18 13:50:42,347 DEBUG    urllib3.connectionpool Starting new HTTPS connection (1): container.googleapis.com:443
2025-01-18 13:50:42,492 DEBUG    urllib3.connectionpool https://container.googleapis.com:443 "GET /v1/projects/peppy-arcadia-432311-g5/locations/asia-northeast3/operations/operation-1737175604012-cdc3dfe1-608c-489f-b81c-a9f76ba89095?alt=json HTTP/1.1" 200 None
2025-01-18 13:50:47,496 DEBUG    urllib3.connectionpool Starting new HTTPS connection (1): container.googleapis.com:443
2025-01-18 13:50:47,624 DEBUG    urllib3.connectionpool https://container.googleapis.com:443 "GET /v1/projects/peppy-arcadia-432311-g5/locations/asia-northeast3/operations/operation-1737175604012-cdc3dfe1-608c-489f-b81c-a9f76ba89095?alt=json HTTP/1.1" 200 None
2025-01-18 13:50:52,630 DEBUG    urllib3.connectionpool Starting new HTTPS connection (1): container.googleapis.com:443
2025-01-18 13:50:52,833 DEBUG    urllib3.connectionpool https://container.googleapis.com:443 "GET /v1/projects/peppy-arcadia-432311-g5/locations/asia-northeast3/operations/operation-1737175604012-cdc3dfe1-608c-489f-b81c-a9f76ba89095?alt=json HTTP/1.1" 200 None
2025-01-18 13:50:57,838 DEBUG    urllib3.connectionpool Starting new HTTPS connection (1): container.googleapis.com:443
2025-01-18 13:50:57,961 DEBUG    urllib3.connectionpool https://container.googleapis.com:443 "GET /v1/projects/peppy-arcadia-432311-g5/locations/asia-northeast3/operations/operation-1737175604012-cdc3dfe1-608c-489f-b81c-a9f76ba89095?alt=json HTTP/1.1" 200 None
2025-01-18 13:51:02,966 DEBUG    urllib3.connectionpool Starting new HTTPS connection (1): container.googleapis.com:443
2025-01-18 13:51:03,087 DEBUG    urllib3.connectionpool https://container.googleapis.com:443 "GET /v1/projects/peppy-arcadia-432311-g5/locations/asia-northeast3/operations/operation-1737175604012-cdc3dfe1-608c-489f-b81c-a9f76ba89095?alt=json HTTP/1.1" 200 None
2025-01-18 13:51:08,094 DEBUG    urllib3.connectionpool Starting new HTTPS connection (1): container.googleapis.com:443
2025-01-18 13:51:08,177 DEBUG    urllib3.connectionpool https://container.googleapis.com:443 "GET /v1/projects/peppy-arcadia-432311-g5/locations/asia-northeast3/operations/operation-1737175604012-cdc3dfe1-608c-489f-b81c-a9f76ba89095?alt=json HTTP/1.1" 200 None
2025-01-18 13:51:13,182 DEBUG    urllib3.connectionpool Starting new HTTPS connection (1): container.googleapis.com:443
2025-01-18 13:51:13,316 DEBUG    urllib3.connectionpool https://container.googleapis.com:443 "GET /v1/projects/peppy-arcadia-432311-g5/locations/asia-northeast3/operations/operation-1737175604012-cdc3dfe1-608c-489f-b81c-a9f76ba89095?alt=json HTTP/1.1" 200 None
2025-01-18 13:51:18,324 DEBUG    urllib3.connectionpool Starting new HTTPS connection (1): container.googleapis.com:443
2025-01-18 13:51:18,460 DEBUG    urllib3.connectionpool https://container.googleapis.com:443 "GET /v1/projects/peppy-arcadia-432311-g5/locations/asia-northeast3/operations/operation-1737175604012-cdc3dfe1-608c-489f-b81c-a9f76ba89095?alt=json HTTP/1.1" 200 None
2025-01-18 13:51:23,466 DEBUG    urllib3.connectionpool Starting new HTTPS connection (1): container.googleapis.com:443
2025-01-18 13:51:23,916 DEBUG    urllib3.connectionpool https://container.googleapis.com:443 "GET /v1/projects/peppy-arcadia-432311-g5/locations/asia-northeast3/operations/operation-1737175604012-cdc3dfe1-608c-489f-b81c-a9f76ba89095?alt=json HTTP/1.1" 200 None
2025-01-18 13:51:28,923 DEBUG    urllib3.connectionpool Starting new HTTPS connection (1): container.googleapis.com:443
2025-01-18 13:51:29,128 DEBUG    urllib3.connectionpool https://container.googleapis.com:443 "GET /v1/projects/peppy-arcadia-432311-g5/locations/asia-northeast3/operations/operation-1737175604012-cdc3dfe1-608c-489f-b81c-a9f76ba89095?alt=json HTTP/1.1" 200 None
2025-01-18 13:51:34,133 DEBUG    urllib3.connectionpool Starting new HTTPS connection (1): container.googleapis.com:443
2025-01-18 13:51:34,258 DEBUG    urllib3.connectionpool https://container.googleapis.com:443 "GET /v1/projects/peppy-arcadia-432311-g5/locations/asia-northeast3/operations/operation-1737175604012-cdc3dfe1-608c-489f-b81c-a9f76ba89095?alt=json HTTP/1.1" 200 None
2025-01-18 13:51:39,264 DEBUG    urllib3.connectionpool Starting new HTTPS connection (1): container.googleapis.com:443
2025-01-18 13:51:39,411 DEBUG    urllib3.connectionpool https://container.googleapis.com:443 "GET /v1/projects/peppy-arcadia-432311-g5/locations/asia-northeast3/operations/operation-1737175604012-cdc3dfe1-608c-489f-b81c-a9f76ba89095?alt=json HTTP/1.1" 200 None
2025-01-18 13:51:44,416 DEBUG    urllib3.connectionpool Starting new HTTPS connection (1): container.googleapis.com:443
2025-01-18 13:51:44,547 DEBUG    urllib3.connectionpool https://container.googleapis.com:443 "GET /v1/projects/peppy-arcadia-432311-g5/locations/asia-northeast3/operations/operation-1737175604012-cdc3dfe1-608c-489f-b81c-a9f76ba89095?alt=json HTTP/1.1" 200 None
2025-01-18 13:51:49,553 DEBUG    urllib3.connectionpool Starting new HTTPS connection (1): container.googleapis.com:443
2025-01-18 13:51:49,688 DEBUG    urllib3.connectionpool https://container.googleapis.com:443 "GET /v1/projects/peppy-arcadia-432311-g5/locations/asia-northeast3/operations/operation-1737175604012-cdc3dfe1-608c-489f-b81c-a9f76ba89095?alt=json HTTP/1.1" 200 None
2025-01-18 13:51:54,695 DEBUG    urllib3.connectionpool Starting new HTTPS connection (1): container.googleapis.com:443
2025-01-18 13:51:54,952 DEBUG    urllib3.connectionpool https://container.googleapis.com:443 "GET /v1/projects/peppy-arcadia-432311-g5/locations/asia-northeast3/operations/operation-1737175604012-cdc3dfe1-608c-489f-b81c-a9f76ba89095?alt=json HTTP/1.1" 200 None
2025-01-18 13:51:59,956 DEBUG    urllib3.connectionpool Starting new HTTPS connection (1): container.googleapis.com:443
2025-01-18 13:52:00,089 DEBUG    urllib3.connectionpool https://container.googleapis.com:443 "GET /v1/projects/peppy-arcadia-432311-g5/locations/asia-northeast3/operations/operation-1737175604012-cdc3dfe1-608c-489f-b81c-a9f76ba89095?alt=json HTTP/1.1" 200 None
2025-01-18 13:52:05,094 DEBUG    urllib3.connectionpool Starting new HTTPS connection (1): container.googleapis.com:443
2025-01-18 13:52:05,311 DEBUG    urllib3.connectionpool https://container.googleapis.com:443 "GET /v1/projects/peppy-arcadia-432311-g5/locations/asia-northeast3/operations/operation-1737175604012-cdc3dfe1-608c-489f-b81c-a9f76ba89095?alt=json HTTP/1.1" 200 None
2025-01-18 13:52:10,315 DEBUG    urllib3.connectionpool Starting new HTTPS connection (1): container.googleapis.com:443
2025-01-18 13:52:10,493 DEBUG    urllib3.connectionpool https://container.googleapis.com:443 "GET /v1/projects/peppy-arcadia-432311-g5/locations/asia-northeast3/operations/operation-1737175604012-cdc3dfe1-608c-489f-b81c-a9f76ba89095?alt=json HTTP/1.1" 200 None
2025-01-18 13:52:15,500 DEBUG    urllib3.connectionpool Starting new HTTPS connection (1): container.googleapis.com:443
2025-01-18 13:52:15,677 DEBUG    urllib3.connectionpool https://container.googleapis.com:443 "GET /v1/projects/peppy-arcadia-432311-g5/locations/asia-northeast3/operations/operation-1737175604012-cdc3dfe1-608c-489f-b81c-a9f76ba89095?alt=json HTTP/1.1" 200 None
2025-01-18 13:52:20,683 DEBUG    urllib3.connectionpool Starting new HTTPS connection (1): container.googleapis.com:443
2025-01-18 13:52:20,819 DEBUG    urllib3.connectionpool https://container.googleapis.com:443 "GET /v1/projects/peppy-arcadia-432311-g5/locations/asia-northeast3/operations/operation-1737175604012-cdc3dfe1-608c-489f-b81c-a9f76ba89095?alt=json HTTP/1.1" 200 None
2025-01-18 13:52:25,825 DEBUG    urllib3.connectionpool Starting new HTTPS connection (1): container.googleapis.com:443
2025-01-18 13:52:25,957 DEBUG    urllib3.connectionpool https://container.googleapis.com:443 "GET /v1/projects/peppy-arcadia-432311-g5/locations/asia-northeast3/operations/operation-1737175604012-cdc3dfe1-608c-489f-b81c-a9f76ba89095?alt=json HTTP/1.1" 200 None
2025-01-18 13:52:30,962 DEBUG    urllib3.connectionpool Starting new HTTPS connection (1): container.googleapis.com:443
2025-01-18 13:52:31,093 DEBUG    urllib3.connectionpool https://container.googleapis.com:443 "GET /v1/projects/peppy-arcadia-432311-g5/locations/asia-northeast3/operations/operation-1737175604012-cdc3dfe1-608c-489f-b81c-a9f76ba89095?alt=json HTTP/1.1" 200 None
2025-01-18 13:52:36,097 DEBUG    urllib3.connectionpool Starting new HTTPS connection (1): container.googleapis.com:443
2025-01-18 13:52:36,214 DEBUG    urllib3.connectionpool https://container.googleapis.com:443 "GET /v1/projects/peppy-arcadia-432311-g5/locations/asia-northeast3/operations/operation-1737175604012-cdc3dfe1-608c-489f-b81c-a9f76ba89095?alt=json HTTP/1.1" 200 None
2025-01-18 13:52:41,217 DEBUG    urllib3.connectionpool Starting new HTTPS connection (1): container.googleapis.com:443
2025-01-18 13:52:41,401 DEBUG    urllib3.connectionpool https://container.googleapis.com:443 "GET /v1/projects/peppy-arcadia-432311-g5/locations/asia-northeast3/operations/operation-1737175604012-cdc3dfe1-608c-489f-b81c-a9f76ba89095?alt=json HTTP/1.1" 200 None
2025-01-18 13:52:46,407 DEBUG    urllib3.connectionpool Starting new HTTPS connection (1): container.googleapis.com:443
2025-01-18 13:52:46,537 DEBUG    urllib3.connectionpool https://container.googleapis.com:443 "GET /v1/projects/peppy-arcadia-432311-g5/locations/asia-northeast3/operations/operation-1737175604012-cdc3dfe1-608c-489f-b81c-a9f76ba89095?alt=json HTTP/1.1" 200 None
2025-01-18 13:52:51,541 DEBUG    urllib3.connectionpool Starting new HTTPS connection (1): container.googleapis.com:443
2025-01-18 13:52:51,679 DEBUG    urllib3.connectionpool https://container.googleapis.com:443 "GET /v1/projects/peppy-arcadia-432311-g5/locations/asia-northeast3/operations/operation-1737175604012-cdc3dfe1-608c-489f-b81c-a9f76ba89095?alt=json HTTP/1.1" 200 None
2025-01-18 13:52:56,686 DEBUG    urllib3.connectionpool Starting new HTTPS connection (1): container.googleapis.com:443
2025-01-18 13:52:56,840 DEBUG    urllib3.connectionpool https://container.googleapis.com:443 "GET /v1/projects/peppy-arcadia-432311-g5/locations/asia-northeast3/operations/operation-1737175604012-cdc3dfe1-608c-489f-b81c-a9f76ba89095?alt=json HTTP/1.1" 200 None
2025-01-18 13:53:01,844 DEBUG    urllib3.connectionpool Starting new HTTPS connection (1): container.googleapis.com:443
2025-01-18 13:53:01,938 DEBUG    urllib3.connectionpool https://container.googleapis.com:443 "GET /v1/projects/peppy-arcadia-432311-g5/locations/asia-northeast3/operations/operation-1737175604012-cdc3dfe1-608c-489f-b81c-a9f76ba89095?alt=json HTTP/1.1" 200 None
2025-01-18 13:53:06,940 DEBUG    urllib3.connectionpool Starting new HTTPS connection (1): container.googleapis.com:443
2025-01-18 13:53:07,029 DEBUG    urllib3.connectionpool https://container.googleapis.com:443 "GET /v1/projects/peppy-arcadia-432311-g5/locations/asia-northeast3/operations/operation-1737175604012-cdc3dfe1-608c-489f-b81c-a9f76ba89095?alt=json HTTP/1.1" 200 None
2025-01-18 13:53:12,033 DEBUG    urllib3.connectionpool Starting new HTTPS connection (1): container.googleapis.com:443
2025-01-18 13:53:12,220 DEBUG    urllib3.connectionpool https://container.googleapis.com:443 "GET /v1/projects/peppy-arcadia-432311-g5/locations/asia-northeast3/operations/operation-1737175604012-cdc3dfe1-608c-489f-b81c-a9f76ba89095?alt=json HTTP/1.1" 200 None
2025-01-18 13:53:17,226 DEBUG    urllib3.connectionpool Starting new HTTPS connection (1): container.googleapis.com:443
2025-01-18 13:53:17,363 DEBUG    urllib3.connectionpool https://container.googleapis.com:443 "GET /v1/projects/peppy-arcadia-432311-g5/locations/asia-northeast3/operations/operation-1737175604012-cdc3dfe1-608c-489f-b81c-a9f76ba89095?alt=json HTTP/1.1" 200 None
2025-01-18 13:53:22,369 DEBUG    urllib3.connectionpool Starting new HTTPS connection (1): container.googleapis.com:443
2025-01-18 13:53:22,538 DEBUG    urllib3.connectionpool https://container.googleapis.com:443 "GET /v1/projects/peppy-arcadia-432311-g5/locations/asia-northeast3/operations/operation-1737175604012-cdc3dfe1-608c-489f-b81c-a9f76ba89095?alt=json HTTP/1.1" 200 None
2025-01-18 13:53:27,544 DEBUG    urllib3.connectionpool Starting new HTTPS connection (1): container.googleapis.com:443
2025-01-18 13:53:27,725 DEBUG    urllib3.connectionpool https://container.googleapis.com:443 "GET /v1/projects/peppy-arcadia-432311-g5/locations/asia-northeast3/operations/operation-1737175604012-cdc3dfe1-608c-489f-b81c-a9f76ba89095?alt=json HTTP/1.1" 200 None
2025-01-18 13:53:32,731 DEBUG    urllib3.connectionpool Starting new HTTPS connection (1): container.googleapis.com:443
2025-01-18 13:53:32,933 DEBUG    urllib3.connectionpool https://container.googleapis.com:443 "GET /v1/projects/peppy-arcadia-432311-g5/locations/asia-northeast3/operations/operation-1737175604012-cdc3dfe1-608c-489f-b81c-a9f76ba89095?alt=json HTTP/1.1" 200 None
2025-01-18 13:53:37,940 DEBUG    urllib3.connectionpool Starting new HTTPS connection (1): container.googleapis.com:443
2025-01-18 13:53:38,035 DEBUG    urllib3.connectionpool https://container.googleapis.com:443 "GET /v1/projects/peppy-arcadia-432311-g5/locations/asia-northeast3/operations/operation-1737175604012-cdc3dfe1-608c-489f-b81c-a9f76ba89095?alt=json HTTP/1.1" 200 None
2025-01-18 13:53:43,039 DEBUG    urllib3.connectionpool Starting new HTTPS connection (1): container.googleapis.com:443
2025-01-18 13:53:43,165 DEBUG    urllib3.connectionpool https://container.googleapis.com:443 "GET /v1/projects/peppy-arcadia-432311-g5/locations/asia-northeast3/operations/operation-1737175604012-cdc3dfe1-608c-489f-b81c-a9f76ba89095?alt=json HTTP/1.1" 200 None
2025-01-18 13:53:48,171 DEBUG    urllib3.connectionpool Starting new HTTPS connection (1): container.googleapis.com:443
2025-01-18 13:53:48,299 DEBUG    urllib3.connectionpool https://container.googleapis.com:443 "GET /v1/projects/peppy-arcadia-432311-g5/locations/asia-northeast3/operations/operation-1737175604012-cdc3dfe1-608c-489f-b81c-a9f76ba89095?alt=json HTTP/1.1" 200 None
2025-01-18 13:53:53,304 DEBUG    urllib3.connectionpool Starting new HTTPS connection (1): container.googleapis.com:443
2025-01-18 13:53:53,386 DEBUG    urllib3.connectionpool https://container.googleapis.com:443 "GET /v1/projects/peppy-arcadia-432311-g5/locations/asia-northeast3/operations/operation-1737175604012-cdc3dfe1-608c-489f-b81c-a9f76ba89095?alt=json HTTP/1.1" 200 None
2025-01-18 13:53:58,393 DEBUG    urllib3.connectionpool Starting new HTTPS connection (1): container.googleapis.com:443
2025-01-18 13:53:58,529 DEBUG    urllib3.connectionpool https://container.googleapis.com:443 "GET /v1/projects/peppy-arcadia-432311-g5/locations/asia-northeast3/operations/operation-1737175604012-cdc3dfe1-608c-489f-b81c-a9f76ba89095?alt=json HTTP/1.1" 200 None
2025-01-18 13:54:03,534 DEBUG    urllib3.connectionpool Starting new HTTPS connection (1): container.googleapis.com:443
2025-01-18 13:54:03,729 DEBUG    urllib3.connectionpool https://container.googleapis.com:443 "GET /v1/projects/peppy-arcadia-432311-g5/locations/asia-northeast3/operations/operation-1737175604012-cdc3dfe1-608c-489f-b81c-a9f76ba89095?alt=json HTTP/1.1" 200 None
2025-01-18 13:54:08,734 DEBUG    urllib3.connectionpool Starting new HTTPS connection (1): container.googleapis.com:443
2025-01-18 13:54:08,866 DEBUG    urllib3.connectionpool https://container.googleapis.com:443 "GET /v1/projects/peppy-arcadia-432311-g5/locations/asia-northeast3/operations/operation-1737175604012-cdc3dfe1-608c-489f-b81c-a9f76ba89095?alt=json HTTP/1.1" 200 None
2025-01-18 13:54:13,872 DEBUG    urllib3.connectionpool Starting new HTTPS connection (1): container.googleapis.com:443
2025-01-18 13:54:13,997 DEBUG    urllib3.connectionpool https://container.googleapis.com:443 "GET /v1/projects/peppy-arcadia-432311-g5/locations/asia-northeast3/operations/operation-1737175604012-cdc3dfe1-608c-489f-b81c-a9f76ba89095?alt=json HTTP/1.1" 200 None
2025-01-18 13:54:19,004 DEBUG    urllib3.connectionpool Starting new HTTPS connection (1): container.googleapis.com:443
2025-01-18 13:54:19,206 DEBUG    urllib3.connectionpool https://container.googleapis.com:443 "GET /v1/projects/peppy-arcadia-432311-g5/locations/asia-northeast3/operations/operation-1737175604012-cdc3dfe1-608c-489f-b81c-a9f76ba89095?alt=json HTTP/1.1" 200 None
2025-01-18 13:54:24,211 DEBUG    urllib3.connectionpool Starting new HTTPS connection (1): container.googleapis.com:443
2025-01-18 13:54:24,341 DEBUG    urllib3.connectionpool https://container.googleapis.com:443 "GET /v1/projects/peppy-arcadia-432311-g5/locations/asia-northeast3/operations/operation-1737175604012-cdc3dfe1-608c-489f-b81c-a9f76ba89095?alt=json HTTP/1.1" 200 None
2025-01-18 13:54:29,348 DEBUG    urllib3.connectionpool Starting new HTTPS connection (1): container.googleapis.com:443
2025-01-18 13:54:29,441 DEBUG    urllib3.connectionpool https://container.googleapis.com:443 "GET /v1/projects/peppy-arcadia-432311-g5/locations/asia-northeast3/operations/operation-1737175604012-cdc3dfe1-608c-489f-b81c-a9f76ba89095?alt=json HTTP/1.1" 200 None
2025-01-18 13:54:34,445 DEBUG    urllib3.connectionpool Starting new HTTPS connection (1): container.googleapis.com:443
2025-01-18 13:54:34,628 DEBUG    urllib3.connectionpool https://container.googleapis.com:443 "GET /v1/projects/peppy-arcadia-432311-g5/locations/asia-northeast3/operations/operation-1737175604012-cdc3dfe1-608c-489f-b81c-a9f76ba89095?alt=json HTTP/1.1" 200 None
2025-01-18 13:54:39,633 DEBUG    urllib3.connectionpool Starting new HTTPS connection (1): container.googleapis.com:443
2025-01-18 13:54:39,720 DEBUG    urllib3.connectionpool https://container.googleapis.com:443 "GET /v1/projects/peppy-arcadia-432311-g5/locations/asia-northeast3/operations/operation-1737175604012-cdc3dfe1-608c-489f-b81c-a9f76ba89095?alt=json HTTP/1.1" 200 None
2025-01-18 13:54:44,727 DEBUG    urllib3.connectionpool Starting new HTTPS connection (1): container.googleapis.com:443
2025-01-18 13:54:44,857 DEBUG    urllib3.connectionpool https://container.googleapis.com:443 "GET /v1/projects/peppy-arcadia-432311-g5/locations/asia-northeast3/operations/operation-1737175604012-cdc3dfe1-608c-489f-b81c-a9f76ba89095?alt=json HTTP/1.1" 200 None
2025-01-18 13:54:49,862 DEBUG    urllib3.connectionpool Starting new HTTPS connection (1): container.googleapis.com:443
2025-01-18 13:54:50,054 DEBUG    urllib3.connectionpool https://container.googleapis.com:443 "GET /v1/projects/peppy-arcadia-432311-g5/locations/asia-northeast3/operations/operation-1737175604012-cdc3dfe1-608c-489f-b81c-a9f76ba89095?alt=json HTTP/1.1" 200 None
2025-01-18 13:54:55,058 DEBUG    urllib3.connectionpool Starting new HTTPS connection (1): container.googleapis.com:443
2025-01-18 13:54:55,226 DEBUG    urllib3.connectionpool https://container.googleapis.com:443 "GET /v1/projects/peppy-arcadia-432311-g5/locations/asia-northeast3/operations/operation-1737175604012-cdc3dfe1-608c-489f-b81c-a9f76ba89095?alt=json HTTP/1.1" 200 None
2025-01-18 13:55:00,231 DEBUG    urllib3.connectionpool Starting new HTTPS connection (1): container.googleapis.com:443
2025-01-18 13:55:00,363 DEBUG    urllib3.connectionpool https://container.googleapis.com:443 "GET /v1/projects/peppy-arcadia-432311-g5/locations/asia-northeast3/operations/operation-1737175604012-cdc3dfe1-608c-489f-b81c-a9f76ba89095?alt=json HTTP/1.1" 200 None
2025-01-18 13:55:05,371 DEBUG    urllib3.connectionpool Starting new HTTPS connection (1): container.googleapis.com:443
2025-01-18 13:55:05,605 DEBUG    urllib3.connectionpool https://container.googleapis.com:443 "GET /v1/projects/peppy-arcadia-432311-g5/locations/asia-northeast3/operations/operation-1737175604012-cdc3dfe1-608c-489f-b81c-a9f76ba89095?alt=json HTTP/1.1" 200 None
2025-01-18 13:55:10,613 DEBUG    urllib3.connectionpool Starting new HTTPS connection (1): container.googleapis.com:443
2025-01-18 13:55:10,751 DEBUG    urllib3.connectionpool https://container.googleapis.com:443 "GET /v1/projects/peppy-arcadia-432311-g5/locations/asia-northeast3/operations/operation-1737175604012-cdc3dfe1-608c-489f-b81c-a9f76ba89095?alt=json HTTP/1.1" 200 None
2025-01-18 13:55:15,756 DEBUG    urllib3.connectionpool Starting new HTTPS connection (1): container.googleapis.com:443
2025-01-18 13:55:15,899 DEBUG    urllib3.connectionpool https://container.googleapis.com:443 "GET /v1/projects/peppy-arcadia-432311-g5/locations/asia-northeast3/operations/operation-1737175604012-cdc3dfe1-608c-489f-b81c-a9f76ba89095?alt=json HTTP/1.1" 200 None
2025-01-18 13:55:20,905 DEBUG    urllib3.connectionpool Starting new HTTPS connection (1): container.googleapis.com:443
2025-01-18 13:55:21,092 DEBUG    urllib3.connectionpool https://container.googleapis.com:443 "GET /v1/projects/peppy-arcadia-432311-g5/locations/asia-northeast3/operations/operation-1737175604012-cdc3dfe1-608c-489f-b81c-a9f76ba89095?alt=json HTTP/1.1" 200 None
2025-01-18 13:55:26,099 DEBUG    urllib3.connectionpool Starting new HTTPS connection (1): container.googleapis.com:443
2025-01-18 13:55:26,288 DEBUG    urllib3.connectionpool https://container.googleapis.com:443 "GET /v1/projects/peppy-arcadia-432311-g5/locations/asia-northeast3/operations/operation-1737175604012-cdc3dfe1-608c-489f-b81c-a9f76ba89095?alt=json HTTP/1.1" 200 None
2025-01-18 13:55:31,295 DEBUG    urllib3.connectionpool Starting new HTTPS connection (1): container.googleapis.com:443
2025-01-18 13:55:31,435 DEBUG    urllib3.connectionpool https://container.googleapis.com:443 "GET /v1/projects/peppy-arcadia-432311-g5/locations/asia-northeast3/operations/operation-1737175604012-cdc3dfe1-608c-489f-b81c-a9f76ba89095?alt=json HTTP/1.1" 200 None
2025-01-18 13:55:36,442 DEBUG    urllib3.connectionpool Starting new HTTPS connection (1): container.googleapis.com:443
2025-01-18 13:55:36,637 DEBUG    urllib3.connectionpool https://container.googleapis.com:443 "GET /v1/projects/peppy-arcadia-432311-g5/locations/asia-northeast3/operations/operation-1737175604012-cdc3dfe1-608c-489f-b81c-a9f76ba89095?alt=json HTTP/1.1" 200 None
2025-01-18 13:55:41,643 DEBUG    urllib3.connectionpool Starting new HTTPS connection (1): container.googleapis.com:443
2025-01-18 13:55:41,826 DEBUG    urllib3.connectionpool https://container.googleapis.com:443 "GET /v1/projects/peppy-arcadia-432311-g5/locations/asia-northeast3/operations/operation-1737175604012-cdc3dfe1-608c-489f-b81c-a9f76ba89095?alt=json HTTP/1.1" 200 None
2025-01-18 13:55:46,830 DEBUG    urllib3.connectionpool Starting new HTTPS connection (1): container.googleapis.com:443
2025-01-18 13:55:47,002 DEBUG    urllib3.connectionpool https://container.googleapis.com:443 "GET /v1/projects/peppy-arcadia-432311-g5/locations/asia-northeast3/operations/operation-1737175604012-cdc3dfe1-608c-489f-b81c-a9f76ba89095?alt=json HTTP/1.1" 200 None
2025-01-18 13:55:52,008 DEBUG    urllib3.connectionpool Starting new HTTPS connection (1): container.googleapis.com:443
2025-01-18 13:55:52,144 DEBUG    urllib3.connectionpool https://container.googleapis.com:443 "GET /v1/projects/peppy-arcadia-432311-g5/locations/asia-northeast3/operations/operation-1737175604012-cdc3dfe1-608c-489f-b81c-a9f76ba89095?alt=json HTTP/1.1" 200 None
2025-01-18 13:55:57,152 DEBUG    urllib3.connectionpool Starting new HTTPS connection (1): container.googleapis.com:443
2025-01-18 13:55:57,333 DEBUG    urllib3.connectionpool https://container.googleapis.com:443 "GET /v1/projects/peppy-arcadia-432311-g5/locations/asia-northeast3/operations/operation-1737175604012-cdc3dfe1-608c-489f-b81c-a9f76ba89095?alt=json HTTP/1.1" 200 None
2025-01-18 13:56:02,337 DEBUG    urllib3.connectionpool Starting new HTTPS connection (1): container.googleapis.com:443
2025-01-18 13:56:02,469 DEBUG    urllib3.connectionpool https://container.googleapis.com:443 "GET /v1/projects/peppy-arcadia-432311-g5/locations/asia-northeast3/operations/operation-1737175604012-cdc3dfe1-608c-489f-b81c-a9f76ba89095?alt=json HTTP/1.1" 200 None
2025-01-18 13:56:07,473 DEBUG    urllib3.connectionpool Starting new HTTPS connection (1): container.googleapis.com:443
2025-01-18 13:56:07,565 DEBUG    urllib3.connectionpool https://container.googleapis.com:443 "GET /v1/projects/peppy-arcadia-432311-g5/locations/asia-northeast3/operations/operation-1737175604012-cdc3dfe1-608c-489f-b81c-a9f76ba89095?alt=json HTTP/1.1" 200 None
2025-01-18 13:56:12,573 DEBUG    urllib3.connectionpool Starting new HTTPS connection (1): container.googleapis.com:443
2025-01-18 13:56:12,731 DEBUG    urllib3.connectionpool https://container.googleapis.com:443 "GET /v1/projects/peppy-arcadia-432311-g5/locations/asia-northeast3/operations/operation-1737175604012-cdc3dfe1-608c-489f-b81c-a9f76ba89095?alt=json HTTP/1.1" 200 None
2025-01-18 13:56:17,737 DEBUG    urllib3.connectionpool Starting new HTTPS connection (1): container.googleapis.com:443
2025-01-18 13:56:17,919 DEBUG    urllib3.connectionpool https://container.googleapis.com:443 "GET /v1/projects/peppy-arcadia-432311-g5/locations/asia-northeast3/operations/operation-1737175604012-cdc3dfe1-608c-489f-b81c-a9f76ba89095?alt=json HTTP/1.1" 200 None
2025-01-18 13:56:22,924 DEBUG    urllib3.connectionpool Starting new HTTPS connection (1): container.googleapis.com:443
2025-01-18 13:56:23,019 DEBUG    urllib3.connectionpool https://container.googleapis.com:443 "GET /v1/projects/peppy-arcadia-432311-g5/locations/asia-northeast3/operations/operation-1737175604012-cdc3dfe1-608c-489f-b81c-a9f76ba89095?alt=json HTTP/1.1" 200 None
2025-01-18 13:56:28,026 DEBUG    urllib3.connectionpool Starting new HTTPS connection (1): container.googleapis.com:443
2025-01-18 13:56:28,160 DEBUG    urllib3.connectionpool https://container.googleapis.com:443 "GET /v1/projects/peppy-arcadia-432311-g5/locations/asia-northeast3/operations/operation-1737175604012-cdc3dfe1-608c-489f-b81c-a9f76ba89095?alt=json HTTP/1.1" 200 None
2025-01-18 13:56:33,165 DEBUG    urllib3.connectionpool Starting new HTTPS connection (1): container.googleapis.com:443
2025-01-18 13:56:33,363 DEBUG    urllib3.connectionpool https://container.googleapis.com:443 "GET /v1/projects/peppy-arcadia-432311-g5/locations/asia-northeast3/operations/operation-1737175604012-cdc3dfe1-608c-489f-b81c-a9f76ba89095?alt=json HTTP/1.1" 200 None
2025-01-18 13:56:38,369 DEBUG    urllib3.connectionpool Starting new HTTPS connection (1): container.googleapis.com:443
2025-01-18 13:56:38,503 DEBUG    urllib3.connectionpool https://container.googleapis.com:443 "GET /v1/projects/peppy-arcadia-432311-g5/locations/asia-northeast3/operations/operation-1737175604012-cdc3dfe1-608c-489f-b81c-a9f76ba89095?alt=json HTTP/1.1" 200 None
2025-01-18 13:56:43,509 DEBUG    urllib3.connectionpool Starting new HTTPS connection (1): container.googleapis.com:443
2025-01-18 13:56:43,676 DEBUG    urllib3.connectionpool https://container.googleapis.com:443 "GET /v1/projects/peppy-arcadia-432311-g5/locations/asia-northeast3/operations/operation-1737175604012-cdc3dfe1-608c-489f-b81c-a9f76ba89095?alt=json HTTP/1.1" 200 None
2025-01-18 13:56:48,681 DEBUG    urllib3.connectionpool Starting new HTTPS connection (1): container.googleapis.com:443
2025-01-18 13:56:48,818 DEBUG    urllib3.connectionpool https://container.googleapis.com:443 "GET /v1/projects/peppy-arcadia-432311-g5/locations/asia-northeast3/operations/operation-1737175604012-cdc3dfe1-608c-489f-b81c-a9f76ba89095?alt=json HTTP/1.1" 200 None
2025-01-18 13:56:53,823 DEBUG    urllib3.connectionpool Starting new HTTPS connection (1): container.googleapis.com:443
2025-01-18 13:56:54,097 DEBUG    urllib3.connectionpool https://container.googleapis.com:443 "GET /v1/projects/peppy-arcadia-432311-g5/locations/asia-northeast3/operations/operation-1737175604012-cdc3dfe1-608c-489f-b81c-a9f76ba89095?alt=json HTTP/1.1" 200 None
2025-01-18 13:56:59,103 DEBUG    urllib3.connectionpool Starting new HTTPS connection (1): container.googleapis.com:443
2025-01-18 13:56:59,310 DEBUG    urllib3.connectionpool https://container.googleapis.com:443 "GET /v1/projects/peppy-arcadia-432311-g5/locations/asia-northeast3/operations/operation-1737175604012-cdc3dfe1-608c-489f-b81c-a9f76ba89095?alt=json HTTP/1.1" 200 None
2025-01-18 13:57:04,313 DEBUG    urllib3.connectionpool Starting new HTTPS connection (1): container.googleapis.com:443
2025-01-18 13:57:04,482 DEBUG    urllib3.connectionpool https://container.googleapis.com:443 "GET /v1/projects/peppy-arcadia-432311-g5/locations/asia-northeast3/operations/operation-1737175604012-cdc3dfe1-608c-489f-b81c-a9f76ba89095?alt=json HTTP/1.1" 200 None
2025-01-18 13:57:09,484 DEBUG    urllib3.connectionpool Starting new HTTPS connection (1): container.googleapis.com:443
2025-01-18 13:57:09,612 DEBUG    urllib3.connectionpool https://container.googleapis.com:443 "GET /v1/projects/peppy-arcadia-432311-g5/locations/asia-northeast3/operations/operation-1737175604012-cdc3dfe1-608c-489f-b81c-a9f76ba89095?alt=json HTTP/1.1" 200 None
2025-01-18 13:57:14,616 DEBUG    urllib3.connectionpool Starting new HTTPS connection (1): container.googleapis.com:443
2025-01-18 13:57:14,804 DEBUG    urllib3.connectionpool https://container.googleapis.com:443 "GET /v1/projects/peppy-arcadia-432311-g5/locations/asia-northeast3/operations/operation-1737175604012-cdc3dfe1-608c-489f-b81c-a9f76ba89095?alt=json HTTP/1.1" 200 None
2025-01-18 13:57:19,812 DEBUG    urllib3.connectionpool Starting new HTTPS connection (1): container.googleapis.com:443
2025-01-18 13:57:19,993 DEBUG    urllib3.connectionpool https://container.googleapis.com:443 "GET /v1/projects/peppy-arcadia-432311-g5/locations/asia-northeast3/operations/operation-1737175604012-cdc3dfe1-608c-489f-b81c-a9f76ba89095?alt=json HTTP/1.1" 200 None
2025-01-18 13:57:24,999 DEBUG    urllib3.connectionpool Starting new HTTPS connection (1): container.googleapis.com:443
2025-01-18 13:57:25,186 DEBUG    urllib3.connectionpool https://container.googleapis.com:443 "GET /v1/projects/peppy-arcadia-432311-g5/locations/asia-northeast3/operations/operation-1737175604012-cdc3dfe1-608c-489f-b81c-a9f76ba89095?alt=json HTTP/1.1" 200 None
2025-01-18 13:57:30,192 DEBUG    urllib3.connectionpool Starting new HTTPS connection (1): container.googleapis.com:443
2025-01-18 13:57:30,379 DEBUG    urllib3.connectionpool https://container.googleapis.com:443 "GET /v1/projects/peppy-arcadia-432311-g5/locations/asia-northeast3/operations/operation-1737175604012-cdc3dfe1-608c-489f-b81c-a9f76ba89095?alt=json HTTP/1.1" 200 None
2025-01-18 13:57:35,382 DEBUG    urllib3.connectionpool Starting new HTTPS connection (1): container.googleapis.com:443
2025-01-18 13:57:35,515 DEBUG    urllib3.connectionpool https://container.googleapis.com:443 "GET /v1/projects/peppy-arcadia-432311-g5/locations/asia-northeast3/operations/operation-1737175604012-cdc3dfe1-608c-489f-b81c-a9f76ba89095?alt=json HTTP/1.1" 200 None
2025-01-18 13:57:40,520 DEBUG    urllib3.connectionpool Starting new HTTPS connection (1): container.googleapis.com:443
2025-01-18 13:57:40,652 DEBUG    urllib3.connectionpool https://container.googleapis.com:443 "GET /v1/projects/peppy-arcadia-432311-g5/locations/asia-northeast3/operations/operation-1737175604012-cdc3dfe1-608c-489f-b81c-a9f76ba89095?alt=json HTTP/1.1" 200 None
2025-01-18 13:57:45,655 DEBUG    urllib3.connectionpool Starting new HTTPS connection (1): container.googleapis.com:443
2025-01-18 13:57:45,958 DEBUG    urllib3.connectionpool https://container.googleapis.com:443 "GET /v1/projects/peppy-arcadia-432311-g5/locations/asia-northeast3/operations/operation-1737175604012-cdc3dfe1-608c-489f-b81c-a9f76ba89095?alt=json HTTP/1.1" 200 None
2025-01-18 13:57:50,963 DEBUG    urllib3.connectionpool Starting new HTTPS connection (1): container.googleapis.com:443
2025-01-18 13:57:51,109 DEBUG    urllib3.connectionpool https://container.googleapis.com:443 "GET /v1/projects/peppy-arcadia-432311-g5/locations/asia-northeast3/operations/operation-1737175604012-cdc3dfe1-608c-489f-b81c-a9f76ba89095?alt=json HTTP/1.1" 200 None
2025-01-18 13:57:56,116 DEBUG    urllib3.connectionpool Starting new HTTPS connection (1): container.googleapis.com:443
2025-01-18 13:57:56,291 DEBUG    urllib3.connectionpool https://container.googleapis.com:443 "GET /v1/projects/peppy-arcadia-432311-g5/locations/asia-northeast3/operations/operation-1737175604012-cdc3dfe1-608c-489f-b81c-a9f76ba89095?alt=json HTTP/1.1" 200 None
2025-01-18 13:58:01,295 DEBUG    urllib3.connectionpool Starting new HTTPS connection (1): container.googleapis.com:443
2025-01-18 13:58:01,426 DEBUG    urllib3.connectionpool https://container.googleapis.com:443 "GET /v1/projects/peppy-arcadia-432311-g5/locations/asia-northeast3/operations/operation-1737175604012-cdc3dfe1-608c-489f-b81c-a9f76ba89095?alt=json HTTP/1.1" 200 None
2025-01-18 13:58:06,433 DEBUG    urllib3.connectionpool Starting new HTTPS connection (1): container.googleapis.com:443
2025-01-18 13:58:06,592 DEBUG    urllib3.connectionpool https://container.googleapis.com:443 "GET /v1/projects/peppy-arcadia-432311-g5/locations/asia-northeast3/operations/operation-1737175604012-cdc3dfe1-608c-489f-b81c-a9f76ba89095?alt=json HTTP/1.1" 200 None
2025-01-18 13:58:11,595 DEBUG    urllib3.connectionpool Starting new HTTPS connection (1): container.googleapis.com:443
2025-01-18 13:58:11,725 DEBUG    urllib3.connectionpool https://container.googleapis.com:443 "GET /v1/projects/peppy-arcadia-432311-g5/locations/asia-northeast3/operations/operation-1737175604012-cdc3dfe1-608c-489f-b81c-a9f76ba89095?alt=json HTTP/1.1" 200 None
2025-01-18 13:58:16,733 DEBUG    urllib3.connectionpool Starting new HTTPS connection (1): container.googleapis.com:443
2025-01-18 13:58:16,824 DEBUG    urllib3.connectionpool https://container.googleapis.com:443 "GET /v1/projects/peppy-arcadia-432311-g5/locations/asia-northeast3/operations/operation-1737175604012-cdc3dfe1-608c-489f-b81c-a9f76ba89095?alt=json HTTP/1.1" 200 None
2025-01-18 13:58:21,831 DEBUG    urllib3.connectionpool Starting new HTTPS connection (1): container.googleapis.com:443
2025-01-18 13:58:22,019 DEBUG    urllib3.connectionpool https://container.googleapis.com:443 "GET /v1/projects/peppy-arcadia-432311-g5/locations/asia-northeast3/operations/operation-1737175604012-cdc3dfe1-608c-489f-b81c-a9f76ba89095?alt=json HTTP/1.1" 200 None
2025-01-18 13:58:27,026 DEBUG    urllib3.connectionpool Starting new HTTPS connection (1): container.googleapis.com:443
2025-01-18 13:58:27,122 DEBUG    urllib3.connectionpool https://container.googleapis.com:443 "GET /v1/projects/peppy-arcadia-432311-g5/locations/asia-northeast3/operations/operation-1737175604012-cdc3dfe1-608c-489f-b81c-a9f76ba89095?alt=json HTTP/1.1" 200 None
2025-01-18 13:58:32,126 DEBUG    urllib3.connectionpool Starting new HTTPS connection (1): container.googleapis.com:443
2025-01-18 13:58:32,259 DEBUG    urllib3.connectionpool https://container.googleapis.com:443 "GET /v1/projects/peppy-arcadia-432311-g5/locations/asia-northeast3/operations/operation-1737175604012-cdc3dfe1-608c-489f-b81c-a9f76ba89095?alt=json HTTP/1.1" 200 None
2025-01-18 13:58:37,266 DEBUG    urllib3.connectionpool Starting new HTTPS connection (1): container.googleapis.com:443
2025-01-18 13:58:37,450 DEBUG    urllib3.connectionpool https://container.googleapis.com:443 "GET /v1/projects/peppy-arcadia-432311-g5/locations/asia-northeast3/operations/operation-1737175604012-cdc3dfe1-608c-489f-b81c-a9f76ba89095?alt=json HTTP/1.1" 200 None
2025-01-18 13:58:42,458 DEBUG    urllib3.connectionpool Starting new HTTPS connection (1): container.googleapis.com:443
2025-01-18 13:58:42,557 DEBUG    urllib3.connectionpool https://container.googleapis.com:443 "GET /v1/projects/peppy-arcadia-432311-g5/locations/asia-northeast3/operations/operation-1737175604012-cdc3dfe1-608c-489f-b81c-a9f76ba89095?alt=json HTTP/1.1" 200 None
2025-01-18 13:58:47,562 DEBUG    urllib3.connectionpool Starting new HTTPS connection (1): container.googleapis.com:443
2025-01-18 13:58:47,752 DEBUG    urllib3.connectionpool https://container.googleapis.com:443 "GET /v1/projects/peppy-arcadia-432311-g5/locations/asia-northeast3/operations/operation-1737175604012-cdc3dfe1-608c-489f-b81c-a9f76ba89095?alt=json HTTP/1.1" 200 None
2025-01-18 13:58:52,756 DEBUG    urllib3.connectionpool Starting new HTTPS connection (1): container.googleapis.com:443
2025-01-18 13:58:52,906 DEBUG    urllib3.connectionpool https://container.googleapis.com:443 "GET /v1/projects/peppy-arcadia-432311-g5/locations/asia-northeast3/operations/operation-1737175604012-cdc3dfe1-608c-489f-b81c-a9f76ba89095?alt=json HTTP/1.1" 200 None
2025-01-18 13:58:57,911 DEBUG    urllib3.connectionpool Starting new HTTPS connection (1): container.googleapis.com:443
2025-01-18 13:58:58,054 DEBUG    urllib3.connectionpool https://container.googleapis.com:443 "GET /v1/projects/peppy-arcadia-432311-g5/locations/asia-northeast3/operations/operation-1737175604012-cdc3dfe1-608c-489f-b81c-a9f76ba89095?alt=json HTTP/1.1" 200 None
2025-01-18 13:59:03,059 DEBUG    urllib3.connectionpool Starting new HTTPS connection (1): container.googleapis.com:443
2025-01-18 13:59:03,194 DEBUG    urllib3.connectionpool https://container.googleapis.com:443 "GET /v1/projects/peppy-arcadia-432311-g5/locations/asia-northeast3/operations/operation-1737175604012-cdc3dfe1-608c-489f-b81c-a9f76ba89095?alt=json HTTP/1.1" 200 None
2025-01-18 13:59:08,197 DEBUG    urllib3.connectionpool Starting new HTTPS connection (1): container.googleapis.com:443
2025-01-18 13:59:08,351 DEBUG    urllib3.connectionpool https://container.googleapis.com:443 "GET /v1/projects/peppy-arcadia-432311-g5/locations/asia-northeast3/operations/operation-1737175604012-cdc3dfe1-608c-489f-b81c-a9f76ba89095?alt=json HTTP/1.1" 200 None
2025-01-18 13:59:13,356 DEBUG    urllib3.connectionpool Starting new HTTPS connection (1): container.googleapis.com:443
2025-01-18 13:59:13,489 DEBUG    urllib3.connectionpool https://container.googleapis.com:443 "GET /v1/projects/peppy-arcadia-432311-g5/locations/asia-northeast3/operations/operation-1737175604012-cdc3dfe1-608c-489f-b81c-a9f76ba89095?alt=json HTTP/1.1" 200 None
2025-01-18 13:59:18,493 DEBUG    urllib3.connectionpool Starting new HTTPS connection (1): container.googleapis.com:443
2025-01-18 13:59:18,626 DEBUG    urllib3.connectionpool https://container.googleapis.com:443 "GET /v1/projects/peppy-arcadia-432311-g5/locations/asia-northeast3/operations/operation-1737175604012-cdc3dfe1-608c-489f-b81c-a9f76ba89095?alt=json HTTP/1.1" 200 None
2025-01-18 13:59:23,630 DEBUG    urllib3.connectionpool Starting new HTTPS connection (1): container.googleapis.com:443
2025-01-18 13:59:23,768 DEBUG    urllib3.connectionpool https://container.googleapis.com:443 "GET /v1/projects/peppy-arcadia-432311-g5/locations/asia-northeast3/operations/operation-1737175604012-cdc3dfe1-608c-489f-b81c-a9f76ba89095?alt=json HTTP/1.1" 200 None
2025-01-18 13:59:28,774 DEBUG    urllib3.connectionpool Starting new HTTPS connection (1): container.googleapis.com:443
2025-01-18 13:59:28,907 DEBUG    urllib3.connectionpool https://container.googleapis.com:443 "GET /v1/projects/peppy-arcadia-432311-g5/locations/asia-northeast3/operations/operation-1737175604012-cdc3dfe1-608c-489f-b81c-a9f76ba89095?alt=json HTTP/1.1" 200 None
2025-01-18 13:59:33,913 DEBUG    urllib3.connectionpool Starting new HTTPS connection (1): container.googleapis.com:443
2025-01-18 13:59:34,050 DEBUG    urllib3.connectionpool https://container.googleapis.com:443 "GET /v1/projects/peppy-arcadia-432311-g5/locations/asia-northeast3/operations/operation-1737175604012-cdc3dfe1-608c-489f-b81c-a9f76ba89095?alt=json HTTP/1.1" 200 None
2025-01-18 13:59:39,056 DEBUG    urllib3.connectionpool Starting new HTTPS connection (1): container.googleapis.com:443
2025-01-18 13:59:39,239 DEBUG    urllib3.connectionpool https://container.googleapis.com:443 "GET /v1/projects/peppy-arcadia-432311-g5/locations/asia-northeast3/operations/operation-1737175604012-cdc3dfe1-608c-489f-b81c-a9f76ba89095?alt=json HTTP/1.1" 200 None
2025-01-18 13:59:44,244 DEBUG    urllib3.connectionpool Starting new HTTPS connection (1): container.googleapis.com:443
2025-01-18 13:59:44,372 DEBUG    urllib3.connectionpool https://container.googleapis.com:443 "GET /v1/projects/peppy-arcadia-432311-g5/locations/asia-northeast3/operations/operation-1737175604012-cdc3dfe1-608c-489f-b81c-a9f76ba89095?alt=json HTTP/1.1" 200 None
2025-01-18 13:59:49,377 DEBUG    urllib3.connectionpool Starting new HTTPS connection (1): container.googleapis.com:443
2025-01-18 13:59:49,527 DEBUG    urllib3.connectionpool https://container.googleapis.com:443 "GET /v1/projects/peppy-arcadia-432311-g5/locations/asia-northeast3/operations/operation-1737175604012-cdc3dfe1-608c-489f-b81c-a9f76ba89095?alt=json HTTP/1.1" 200 None
2025-01-18 13:59:54,532 DEBUG    urllib3.connectionpool Starting new HTTPS connection (1): container.googleapis.com:443
2025-01-18 13:59:54,667 DEBUG    urllib3.connectionpool https://container.googleapis.com:443 "GET /v1/projects/peppy-arcadia-432311-g5/locations/asia-northeast3/operations/operation-1737175604012-cdc3dfe1-608c-489f-b81c-a9f76ba89095?alt=json HTTP/1.1" 200 None
2025-01-18 13:59:59,671 DEBUG    urllib3.connectionpool Starting new HTTPS connection (1): container.googleapis.com:443
2025-01-18 13:59:59,761 DEBUG    urllib3.connectionpool https://container.googleapis.com:443 "GET /v1/projects/peppy-arcadia-432311-g5/locations/asia-northeast3/operations/operation-1737175604012-cdc3dfe1-608c-489f-b81c-a9f76ba89095?alt=json HTTP/1.1" 200 None
2025-01-18 14:00:04,766 DEBUG    urllib3.connectionpool Starting new HTTPS connection (1): container.googleapis.com:443
2025-01-18 14:00:04,894 DEBUG    urllib3.connectionpool https://container.googleapis.com:443 "GET /v1/projects/peppy-arcadia-432311-g5/locations/asia-northeast3/operations/operation-1737175604012-cdc3dfe1-608c-489f-b81c-a9f76ba89095?alt=json HTTP/1.1" 200 None
2025-01-18 14:00:09,899 DEBUG    urllib3.connectionpool Starting new HTTPS connection (1): container.googleapis.com:443
2025-01-18 14:00:10,080 DEBUG    urllib3.connectionpool https://container.googleapis.com:443 "GET /v1/projects/peppy-arcadia-432311-g5/locations/asia-northeast3/operations/operation-1737175604012-cdc3dfe1-608c-489f-b81c-a9f76ba89095?alt=json HTTP/1.1" 200 None
2025-01-18 14:00:15,086 DEBUG    urllib3.connectionpool Starting new HTTPS connection (1): container.googleapis.com:443
2025-01-18 14:00:15,218 DEBUG    urllib3.connectionpool https://container.googleapis.com:443 "GET /v1/projects/peppy-arcadia-432311-g5/locations/asia-northeast3/operations/operation-1737175604012-cdc3dfe1-608c-489f-b81c-a9f76ba89095?alt=json HTTP/1.1" 200 None
2025-01-18 14:00:20,224 DEBUG    urllib3.connectionpool Starting new HTTPS connection (1): container.googleapis.com:443
2025-01-18 14:00:20,357 DEBUG    urllib3.connectionpool https://container.googleapis.com:443 "GET /v1/projects/peppy-arcadia-432311-g5/locations/asia-northeast3/operations/operation-1737175604012-cdc3dfe1-608c-489f-b81c-a9f76ba89095?alt=json HTTP/1.1" 200 None
2025-01-18 14:00:25,362 DEBUG    urllib3.connectionpool Starting new HTTPS connection (1): container.googleapis.com:443
2025-01-18 14:00:25,545 DEBUG    urllib3.connectionpool https://container.googleapis.com:443 "GET /v1/projects/peppy-arcadia-432311-g5/locations/asia-northeast3/operations/operation-1737175604012-cdc3dfe1-608c-489f-b81c-a9f76ba89095?alt=json HTTP/1.1" 200 None
2025-01-18 14:00:30,551 DEBUG    urllib3.connectionpool Starting new HTTPS connection (1): container.googleapis.com:443
2025-01-18 14:00:30,681 DEBUG    urllib3.connectionpool https://container.googleapis.com:443 "GET /v1/projects/peppy-arcadia-432311-g5/locations/asia-northeast3/operations/operation-1737175604012-cdc3dfe1-608c-489f-b81c-a9f76ba89095?alt=json HTTP/1.1" 200 None
2025-01-18 14:00:35,689 DEBUG    urllib3.connectionpool Starting new HTTPS connection (1): container.googleapis.com:443
2025-01-18 14:00:35,829 DEBUG    urllib3.connectionpool https://container.googleapis.com:443 "GET /v1/projects/peppy-arcadia-432311-g5/locations/asia-northeast3/operations/operation-1737175604012-cdc3dfe1-608c-489f-b81c-a9f76ba89095?alt=json HTTP/1.1" 200 None
2025-01-18 14:00:40,833 DEBUG    urllib3.connectionpool Starting new HTTPS connection (1): container.googleapis.com:443
2025-01-18 14:00:41,049 DEBUG    urllib3.connectionpool https://container.googleapis.com:443 "GET /v1/projects/peppy-arcadia-432311-g5/locations/asia-northeast3/operations/operation-1737175604012-cdc3dfe1-608c-489f-b81c-a9f76ba89095?alt=json HTTP/1.1" 200 None
2025-01-18 14:00:46,053 DEBUG    urllib3.connectionpool Starting new HTTPS connection (1): container.googleapis.com:443
2025-01-18 14:00:46,202 DEBUG    urllib3.connectionpool https://container.googleapis.com:443 "GET /v1/projects/peppy-arcadia-432311-g5/locations/asia-northeast3/operations/operation-1737175604012-cdc3dfe1-608c-489f-b81c-a9f76ba89095?alt=json HTTP/1.1" 200 None
2025-01-18 14:00:51,210 DEBUG    urllib3.connectionpool Starting new HTTPS connection (1): container.googleapis.com:443
2025-01-18 14:00:51,334 DEBUG    urllib3.connectionpool https://container.googleapis.com:443 "GET /v1/projects/peppy-arcadia-432311-g5/locations/asia-northeast3/operations/operation-1737175604012-cdc3dfe1-608c-489f-b81c-a9f76ba89095?alt=json HTTP/1.1" 200 None
2025-01-18 14:00:56,336 DEBUG    urllib3.connectionpool Starting new HTTPS connection (1): container.googleapis.com:443
2025-01-18 14:00:56,484 DEBUG    urllib3.connectionpool https://container.googleapis.com:443 "GET /v1/projects/peppy-arcadia-432311-g5/locations/asia-northeast3/operations/operation-1737175604012-cdc3dfe1-608c-489f-b81c-a9f76ba89095?alt=json HTTP/1.1" 200 None
2025-01-18 14:01:01,489 DEBUG    urllib3.connectionpool Starting new HTTPS connection (1): container.googleapis.com:443
2025-01-18 14:01:01,588 DEBUG    urllib3.connectionpool https://container.googleapis.com:443 "GET /v1/projects/peppy-arcadia-432311-g5/locations/asia-northeast3/operations/operation-1737175604012-cdc3dfe1-608c-489f-b81c-a9f76ba89095?alt=json HTTP/1.1" 200 None
2025-01-18 14:01:06,590 DEBUG    urllib3.connectionpool Starting new HTTPS connection (1): container.googleapis.com:443
2025-01-18 14:01:06,676 DEBUG    urllib3.connectionpool https://container.googleapis.com:443 "GET /v1/projects/peppy-arcadia-432311-g5/locations/asia-northeast3/operations/operation-1737175604012-cdc3dfe1-608c-489f-b81c-a9f76ba89095?alt=json HTTP/1.1" 200 None
2025-01-18 14:01:11,683 DEBUG    urllib3.connectionpool Starting new HTTPS connection (1): container.googleapis.com:443
2025-01-18 14:01:11,867 DEBUG    urllib3.connectionpool https://container.googleapis.com:443 "GET /v1/projects/peppy-arcadia-432311-g5/locations/asia-northeast3/operations/operation-1737175604012-cdc3dfe1-608c-489f-b81c-a9f76ba89095?alt=json HTTP/1.1" 200 None
2025-01-18 14:01:16,874 DEBUG    urllib3.connectionpool Starting new HTTPS connection (1): container.googleapis.com:443
2025-01-18 14:01:17,004 DEBUG    urllib3.connectionpool https://container.googleapis.com:443 "GET /v1/projects/peppy-arcadia-432311-g5/locations/asia-northeast3/operations/operation-1737175604012-cdc3dfe1-608c-489f-b81c-a9f76ba89095?alt=json HTTP/1.1" 200 None
2025-01-18 14:01:22,009 DEBUG    urllib3.connectionpool Starting new HTTPS connection (1): container.googleapis.com:443
2025-01-18 14:01:22,098 DEBUG    urllib3.connectionpool https://container.googleapis.com:443 "GET /v1/projects/peppy-arcadia-432311-g5/locations/asia-northeast3/operations/operation-1737175604012-cdc3dfe1-608c-489f-b81c-a9f76ba89095?alt=json HTTP/1.1" 200 None
2025-01-18 14:01:27,102 DEBUG    urllib3.connectionpool Starting new HTTPS connection (1): container.googleapis.com:443
2025-01-18 14:01:27,292 DEBUG    urllib3.connectionpool https://container.googleapis.com:443 "GET /v1/projects/peppy-arcadia-432311-g5/locations/asia-northeast3/operations/operation-1737175604012-cdc3dfe1-608c-489f-b81c-a9f76ba89095?alt=json HTTP/1.1" 200 None
2025-01-18 14:01:32,295 DEBUG    urllib3.connectionpool Starting new HTTPS connection (1): container.googleapis.com:443
2025-01-18 14:01:32,429 DEBUG    urllib3.connectionpool https://container.googleapis.com:443 "GET /v1/projects/peppy-arcadia-432311-g5/locations/asia-northeast3/operations/operation-1737175604012-cdc3dfe1-608c-489f-b81c-a9f76ba89095?alt=json HTTP/1.1" 200 None
2025-01-18 14:01:37,435 DEBUG    urllib3.connectionpool Starting new HTTPS connection (1): container.googleapis.com:443
2025-01-18 14:01:37,566 DEBUG    urllib3.connectionpool https://container.googleapis.com:443 "GET /v1/projects/peppy-arcadia-432311-g5/locations/asia-northeast3/operations/operation-1737175604012-cdc3dfe1-608c-489f-b81c-a9f76ba89095?alt=json HTTP/1.1" 200 None
2025-01-18 14:01:42,570 DEBUG    urllib3.connectionpool Starting new HTTPS connection (1): container.googleapis.com:443
2025-01-18 14:01:42,706 DEBUG    urllib3.connectionpool https://container.googleapis.com:443 "GET /v1/projects/peppy-arcadia-432311-g5/locations/asia-northeast3/operations/operation-1737175604012-cdc3dfe1-608c-489f-b81c-a9f76ba89095?alt=json HTTP/1.1" 200 None
2025-01-18 14:01:47,710 DEBUG    urllib3.connectionpool Starting new HTTPS connection (1): container.googleapis.com:443
2025-01-18 14:01:47,854 DEBUG    urllib3.connectionpool https://container.googleapis.com:443 "GET /v1/projects/peppy-arcadia-432311-g5/locations/asia-northeast3/operations/operation-1737175604012-cdc3dfe1-608c-489f-b81c-a9f76ba89095?alt=json HTTP/1.1" 200 None
2025-01-18 14:01:52,860 DEBUG    urllib3.connectionpool Starting new HTTPS connection (1): container.googleapis.com:443
2025-01-18 14:01:52,982 DEBUG    urllib3.connectionpool https://container.googleapis.com:443 "GET /v1/projects/peppy-arcadia-432311-g5/locations/asia-northeast3/operations/operation-1737175604012-cdc3dfe1-608c-489f-b81c-a9f76ba89095?alt=json HTTP/1.1" 200 None
2025-01-18 14:01:57,985 DEBUG    urllib3.connectionpool Starting new HTTPS connection (1): container.googleapis.com:443
2025-01-18 14:01:58,175 DEBUG    urllib3.connectionpool https://container.googleapis.com:443 "GET /v1/projects/peppy-arcadia-432311-g5/locations/asia-northeast3/operations/operation-1737175604012-cdc3dfe1-608c-489f-b81c-a9f76ba89095?alt=json HTTP/1.1" 200 None
2025-01-18 14:02:03,181 DEBUG    urllib3.connectionpool Starting new HTTPS connection (1): container.googleapis.com:443
2025-01-18 14:02:03,348 DEBUG    urllib3.connectionpool https://container.googleapis.com:443 "GET /v1/projects/peppy-arcadia-432311-g5/locations/asia-northeast3/operations/operation-1737175604012-cdc3dfe1-608c-489f-b81c-a9f76ba89095?alt=json HTTP/1.1" 200 None
2025-01-18 14:02:08,353 DEBUG    urllib3.connectionpool Starting new HTTPS connection (1): container.googleapis.com:443
2025-01-18 14:02:08,517 DEBUG    urllib3.connectionpool https://container.googleapis.com:443 "GET /v1/projects/peppy-arcadia-432311-g5/locations/asia-northeast3/operations/operation-1737175604012-cdc3dfe1-608c-489f-b81c-a9f76ba89095?alt=json HTTP/1.1" 200 None
2025-01-18 14:02:13,523 DEBUG    urllib3.connectionpool Starting new HTTPS connection (1): container.googleapis.com:443
2025-01-18 14:02:13,700 DEBUG    urllib3.connectionpool https://container.googleapis.com:443 "GET /v1/projects/peppy-arcadia-432311-g5/locations/asia-northeast3/operations/operation-1737175604012-cdc3dfe1-608c-489f-b81c-a9f76ba89095?alt=json HTTP/1.1" 200 None
2025-01-18 14:02:18,703 DEBUG    urllib3.connectionpool Starting new HTTPS connection (1): container.googleapis.com:443
2025-01-18 14:02:18,846 DEBUG    urllib3.connectionpool https://container.googleapis.com:443 "GET /v1/projects/peppy-arcadia-432311-g5/locations/asia-northeast3/operations/operation-1737175604012-cdc3dfe1-608c-489f-b81c-a9f76ba89095?alt=json HTTP/1.1" 200 None
2025-01-18 14:02:23,852 DEBUG    urllib3.connectionpool Starting new HTTPS connection (1): container.googleapis.com:443
2025-01-18 14:02:24,046 DEBUG    urllib3.connectionpool https://container.googleapis.com:443 "GET /v1/projects/peppy-arcadia-432311-g5/locations/asia-northeast3/operations/operation-1737175604012-cdc3dfe1-608c-489f-b81c-a9f76ba89095?alt=json HTTP/1.1" 200 None
2025-01-18 14:02:29,049 DEBUG    urllib3.connectionpool Starting new HTTPS connection (1): container.googleapis.com:443
2025-01-18 14:02:29,134 DEBUG    urllib3.connectionpool https://container.googleapis.com:443 "GET /v1/projects/peppy-arcadia-432311-g5/locations/asia-northeast3/operations/operation-1737175604012-cdc3dfe1-608c-489f-b81c-a9f76ba89095?alt=json HTTP/1.1" 200 None
2025-01-18 14:02:34,142 DEBUG    urllib3.connectionpool Starting new HTTPS connection (1): container.googleapis.com:443
2025-01-18 14:02:34,287 DEBUG    urllib3.connectionpool https://container.googleapis.com:443 "GET /v1/projects/peppy-arcadia-432311-g5/locations/asia-northeast3/operations/operation-1737175604012-cdc3dfe1-608c-489f-b81c-a9f76ba89095?alt=json HTTP/1.1" 200 None
2025-01-18 14:02:39,293 DEBUG    urllib3.connectionpool Starting new HTTPS connection (1): container.googleapis.com:443
2025-01-18 14:02:39,479 DEBUG    urllib3.connectionpool https://container.googleapis.com:443 "GET /v1/projects/peppy-arcadia-432311-g5/locations/asia-northeast3/operations/operation-1737175604012-cdc3dfe1-608c-489f-b81c-a9f76ba89095?alt=json HTTP/1.1" 200 None
2025-01-18 14:02:39,482 INFO     root            Operation <Operation
 clusterConditions: []
 endTime: '2025-01-18T05:02:38.494493642Z'
 name: 'operation-1737175604012-cdc3dfe1-608c-489f-b81c-a9f76ba89095'
 nodepoolConditions: []
 operationType: OperationTypeValueValuesEnum(UPGRADE_NODES, 4)
 progress: <OperationProgress
 metrics: [<Metric
 intValue: 4
 name: 'NODES_TOTAL'>, <Metric
 intValue: 0
 name: 'NODES_FAILED'>, <Metric
 intValue: 4
 name: 'NODES_COMPLETE'>, <Metric
 intValue: 4
 name: 'NODES_DONE'>, <Metric
 intValue: 0
 name: 'NODE_PDB_DELAY_SECONDS'>]
 stages: []>
 selfLink: 'https://container.googleapis.com/v1/projects/134982172036/locations/asia-northeast3/operations/operation-1737175604012-cdc3dfe1-608c-489f-b81c-a9f76ba89095'
 startTime: '2025-01-18T04:46:44.012283961Z'
 status: StatusValueValuesEnum(DONE, 3)
 targetLink: 'https://container.googleapis.com/v1/projects/134982172036/locations/asia-northeast3/clusters/gcp-dr-gke/nodePools/gcp-dr-gke-nodepool'
 zone: 'asia-northeast3'> finished after 9.56e+02 seconds
2025-01-18 14:02:39,483 DEBUG    urllib3.connectionpool Starting new HTTPS connection (1): container.googleapis.com:443
2025-01-18 14:02:39,583 DEBUG    urllib3.connectionpool https://container.googleapis.com:443 "GET /v1/projects/peppy-arcadia-432311-g5/locations/asia-northeast3/clusters/gcp-dr-gke?alt=json HTTP/1.1" 200 None
2025-01-18 14:02:39,590 INFO     ___FILE_ONLY___ Updated [https://container.googleapis.com/v1/projects/peppy-arcadia-432311-g5/zones/asia-northeast3/clusters/gcp-dr-gke].

2025-01-18 14:02:39,590 DEBUG    root            Chosen display Format:default
2025-01-18 14:02:39,591 INFO     root            Display format: "default"
2025-01-18 14:02:39,591 DEBUG    root            SDK update checks are disabled.
