2025-01-18 14:25:41,960 DEBUG    root            Loaded Command Group: ['gcloud', 'container', 'clusters']
2025-01-18 14:25:41,961 DEBUG    root            Loaded Command Group: ['gcloud', 'container', 'clusters', 'upgrade']
2025-01-18 14:25:41,981 DEBUG    root            Running [gcloud.container.clusters.upgrade] with arguments: [--cluster-version: "latest", --master: "True", --project: "peppy-arcadia-432311-g5", --region: "asia-northeast3", NAME: "gcp-dr-gke"]
2025-01-18 14:25:41,983 DEBUG    urllib3.connectionpool Starting new HTTPS connection (1): container.googleapis.com:443
2025-01-18 14:25:42,121 DEBUG    urllib3.connectionpool https://container.googleapis.com:443 "GET /v1/projects/peppy-arcadia-432311-g5/locations/asia-northeast3/clusters/gcp-dr-gke?alt=json HTTP/1.1" 200 None
2025-01-18 14:25:42,125 DEBUG    urllib3.connectionpool Starting new HTTPS connection (1): container.googleapis.com:443
2025-01-18 14:25:42,297 DEBUG    urllib3.connectionpool https://container.googleapis.com:443 "GET /v1/projects/peppy-arcadia-432311-g5/locations/asia-northeast3/serverConfig?alt=json HTTP/1.1" 200 None
2025-01-18 14:25:44,783 DEBUG    urllib3.connectionpool Starting new HTTPS connection (1): container.googleapis.com:443
2025-01-18 14:25:45,130 DEBUG    urllib3.connectionpool https://container.googleapis.com:443 "PUT /v1/projects/peppy-arcadia-432311-g5/locations/asia-northeast3/clusters/gcp-dr-gke?alt=json HTTP/1.1" 200 None
2025-01-18 14:25:45,133 INFO     ___FILE_ONLY___ Upgrading gcp-dr-gke...
2025-01-18 14:25:45,135 DEBUG    urllib3.connectionpool Starting new HTTPS connection (1): container.googleapis.com:443
2025-01-18 14:25:45,328 DEBUG    urllib3.connectionpool https://container.googleapis.com:443 "GET /v1/projects/peppy-arcadia-432311-g5/locations/asia-northeast3/operations/operation-1737177945550-dc87f7e4-eab6-4bf2-93fb-d289aaa23602?alt=json HTTP/1.1" 200 None
2025-01-18 14:25:50,333 DEBUG    urllib3.connectionpool Starting new HTTPS connection (1): container.googleapis.com:443
2025-01-18 14:25:50,484 DEBUG    urllib3.connectionpool https://container.googleapis.com:443 "GET /v1/projects/peppy-arcadia-432311-g5/locations/asia-northeast3/operations/operation-1737177945550-dc87f7e4-eab6-4bf2-93fb-d289aaa23602?alt=json HTTP/1.1" 200 None
2025-01-18 14:25:55,488 DEBUG    urllib3.connectionpool Starting new HTTPS connection (1): container.googleapis.com:443
2025-01-18 14:25:55,619 DEBUG    urllib3.connectionpool https://container.googleapis.com:443 "GET /v1/projects/peppy-arcadia-432311-g5/locations/asia-northeast3/operations/operation-1737177945550-dc87f7e4-eab6-4bf2-93fb-d289aaa23602?alt=json HTTP/1.1" 200 None
2025-01-18 14:26:00,622 DEBUG    urllib3.connectionpool Starting new HTTPS connection (1): container.googleapis.com:443
2025-01-18 14:26:00,808 DEBUG    urllib3.connectionpool https://container.googleapis.com:443 "GET /v1/projects/peppy-arcadia-432311-g5/locations/asia-northeast3/operations/operation-1737177945550-dc87f7e4-eab6-4bf2-93fb-d289aaa23602?alt=json HTTP/1.1" 200 None
2025-01-18 14:26:05,815 DEBUG    urllib3.connectionpool Starting new HTTPS connection (1): container.googleapis.com:443
2025-01-18 14:26:05,955 DEBUG    urllib3.connectionpool https://container.googleapis.com:443 "GET /v1/projects/peppy-arcadia-432311-g5/locations/asia-northeast3/operations/operation-1737177945550-dc87f7e4-eab6-4bf2-93fb-d289aaa23602?alt=json HTTP/1.1" 200 None
2025-01-18 14:26:10,958 DEBUG    urllib3.connectionpool Starting new HTTPS connection (1): container.googleapis.com:443
2025-01-18 14:26:11,166 DEBUG    urllib3.connectionpool https://container.googleapis.com:443 "GET /v1/projects/peppy-arcadia-432311-g5/locations/asia-northeast3/operations/operation-1737177945550-dc87f7e4-eab6-4bf2-93fb-d289aaa23602?alt=json HTTP/1.1" 200 None
2025-01-18 14:26:16,170 DEBUG    urllib3.connectionpool Starting new HTTPS connection (1): container.googleapis.com:443
2025-01-18 14:26:16,305 DEBUG    urllib3.connectionpool https://container.googleapis.com:443 "GET /v1/projects/peppy-arcadia-432311-g5/locations/asia-northeast3/operations/operation-1737177945550-dc87f7e4-eab6-4bf2-93fb-d289aaa23602?alt=json HTTP/1.1" 200 None
2025-01-18 14:26:21,307 DEBUG    urllib3.connectionpool Starting new HTTPS connection (1): container.googleapis.com:443
2025-01-18 14:26:21,484 DEBUG    urllib3.connectionpool https://container.googleapis.com:443 "GET /v1/projects/peppy-arcadia-432311-g5/locations/asia-northeast3/operations/operation-1737177945550-dc87f7e4-eab6-4bf2-93fb-d289aaa23602?alt=json HTTP/1.1" 200 None
2025-01-18 14:26:26,487 DEBUG    urllib3.connectionpool Starting new HTTPS connection (1): container.googleapis.com:443
2025-01-18 14:26:26,675 DEBUG    urllib3.connectionpool https://container.googleapis.com:443 "GET /v1/projects/peppy-arcadia-432311-g5/locations/asia-northeast3/operations/operation-1737177945550-dc87f7e4-eab6-4bf2-93fb-d289aaa23602?alt=json HTTP/1.1" 200 None
2025-01-18 14:26:31,680 DEBUG    urllib3.connectionpool Starting new HTTPS connection (1): container.googleapis.com:443
2025-01-18 14:26:31,823 DEBUG    urllib3.connectionpool https://container.googleapis.com:443 "GET /v1/projects/peppy-arcadia-432311-g5/locations/asia-northeast3/operations/operation-1737177945550-dc87f7e4-eab6-4bf2-93fb-d289aaa23602?alt=json HTTP/1.1" 200 None
2025-01-18 14:26:36,828 DEBUG    urllib3.connectionpool Starting new HTTPS connection (1): container.googleapis.com:443
2025-01-18 14:26:36,969 DEBUG    urllib3.connectionpool https://container.googleapis.com:443 "GET /v1/projects/peppy-arcadia-432311-g5/locations/asia-northeast3/operations/operation-1737177945550-dc87f7e4-eab6-4bf2-93fb-d289aaa23602?alt=json HTTP/1.1" 200 None
2025-01-18 14:26:41,978 DEBUG    urllib3.connectionpool Starting new HTTPS connection (1): container.googleapis.com:443
2025-01-18 14:26:42,166 DEBUG    urllib3.connectionpool https://container.googleapis.com:443 "GET /v1/projects/peppy-arcadia-432311-g5/locations/asia-northeast3/operations/operation-1737177945550-dc87f7e4-eab6-4bf2-93fb-d289aaa23602?alt=json HTTP/1.1" 200 None
2025-01-18 14:26:47,170 DEBUG    urllib3.connectionpool Starting new HTTPS connection (1): container.googleapis.com:443
2025-01-18 14:26:47,259 DEBUG    urllib3.connectionpool https://container.googleapis.com:443 "GET /v1/projects/peppy-arcadia-432311-g5/locations/asia-northeast3/operations/operation-1737177945550-dc87f7e4-eab6-4bf2-93fb-d289aaa23602?alt=json HTTP/1.1" 200 None
2025-01-18 14:26:52,261 DEBUG    urllib3.connectionpool Starting new HTTPS connection (1): container.googleapis.com:443
2025-01-18 14:26:52,339 DEBUG    urllib3.connectionpool https://container.googleapis.com:443 "GET /v1/projects/peppy-arcadia-432311-g5/locations/asia-northeast3/operations/operation-1737177945550-dc87f7e4-eab6-4bf2-93fb-d289aaa23602?alt=json HTTP/1.1" 200 None
2025-01-18 14:26:57,344 DEBUG    urllib3.connectionpool Starting new HTTPS connection (1): container.googleapis.com:443
2025-01-18 14:26:57,531 DEBUG    urllib3.connectionpool https://container.googleapis.com:443 "GET /v1/projects/peppy-arcadia-432311-g5/locations/asia-northeast3/operations/operation-1737177945550-dc87f7e4-eab6-4bf2-93fb-d289aaa23602?alt=json HTTP/1.1" 200 None
2025-01-18 14:27:02,534 DEBUG    urllib3.connectionpool Starting new HTTPS connection (1): container.googleapis.com:443
2025-01-18 14:27:02,669 DEBUG    urllib3.connectionpool https://container.googleapis.com:443 "GET /v1/projects/peppy-arcadia-432311-g5/locations/asia-northeast3/operations/operation-1737177945550-dc87f7e4-eab6-4bf2-93fb-d289aaa23602?alt=json HTTP/1.1" 200 None
2025-01-18 14:27:07,675 DEBUG    urllib3.connectionpool Starting new HTTPS connection (1): container.googleapis.com:443
2025-01-18 14:27:07,849 DEBUG    urllib3.connectionpool https://container.googleapis.com:443 "GET /v1/projects/peppy-arcadia-432311-g5/locations/asia-northeast3/operations/operation-1737177945550-dc87f7e4-eab6-4bf2-93fb-d289aaa23602?alt=json HTTP/1.1" 200 None
2025-01-18 14:27:12,856 DEBUG    urllib3.connectionpool Starting new HTTPS connection (1): container.googleapis.com:443
2025-01-18 14:27:13,038 DEBUG    urllib3.connectionpool https://container.googleapis.com:443 "GET /v1/projects/peppy-arcadia-432311-g5/locations/asia-northeast3/operations/operation-1737177945550-dc87f7e4-eab6-4bf2-93fb-d289aaa23602?alt=json HTTP/1.1" 200 None
2025-01-18 14:27:18,046 DEBUG    urllib3.connectionpool Starting new HTTPS connection (1): container.googleapis.com:443
2025-01-18 14:27:18,166 DEBUG    urllib3.connectionpool https://container.googleapis.com:443 "GET /v1/projects/peppy-arcadia-432311-g5/locations/asia-northeast3/operations/operation-1737177945550-dc87f7e4-eab6-4bf2-93fb-d289aaa23602?alt=json HTTP/1.1" 200 None
2025-01-18 14:27:23,171 DEBUG    urllib3.connectionpool Starting new HTTPS connection (1): container.googleapis.com:443
2025-01-18 14:27:23,329 DEBUG    urllib3.connectionpool https://container.googleapis.com:443 "GET /v1/projects/peppy-arcadia-432311-g5/locations/asia-northeast3/operations/operation-1737177945550-dc87f7e4-eab6-4bf2-93fb-d289aaa23602?alt=json HTTP/1.1" 200 None
2025-01-18 14:27:28,332 DEBUG    urllib3.connectionpool Starting new HTTPS connection (1): container.googleapis.com:443
2025-01-18 14:27:28,462 DEBUG    urllib3.connectionpool https://container.googleapis.com:443 "GET /v1/projects/peppy-arcadia-432311-g5/locations/asia-northeast3/operations/operation-1737177945550-dc87f7e4-eab6-4bf2-93fb-d289aaa23602?alt=json HTTP/1.1" 200 None
2025-01-18 14:27:33,468 DEBUG    urllib3.connectionpool Starting new HTTPS connection (1): container.googleapis.com:443
2025-01-18 14:27:33,556 DEBUG    urllib3.connectionpool https://container.googleapis.com:443 "GET /v1/projects/peppy-arcadia-432311-g5/locations/asia-northeast3/operations/operation-1737177945550-dc87f7e4-eab6-4bf2-93fb-d289aaa23602?alt=json HTTP/1.1" 200 None
2025-01-18 14:27:38,563 DEBUG    urllib3.connectionpool Starting new HTTPS connection (1): container.googleapis.com:443
2025-01-18 14:27:38,697 DEBUG    urllib3.connectionpool https://container.googleapis.com:443 "GET /v1/projects/peppy-arcadia-432311-g5/locations/asia-northeast3/operations/operation-1737177945550-dc87f7e4-eab6-4bf2-93fb-d289aaa23602?alt=json HTTP/1.1" 200 None
2025-01-18 14:27:43,701 DEBUG    urllib3.connectionpool Starting new HTTPS connection (1): container.googleapis.com:443
2025-01-18 14:27:43,835 DEBUG    urllib3.connectionpool https://container.googleapis.com:443 "GET /v1/projects/peppy-arcadia-432311-g5/locations/asia-northeast3/operations/operation-1737177945550-dc87f7e4-eab6-4bf2-93fb-d289aaa23602?alt=json HTTP/1.1" 200 None
2025-01-18 14:27:48,838 DEBUG    urllib3.connectionpool Starting new HTTPS connection (1): container.googleapis.com:443
2025-01-18 14:27:48,987 DEBUG    urllib3.connectionpool https://container.googleapis.com:443 "GET /v1/projects/peppy-arcadia-432311-g5/locations/asia-northeast3/operations/operation-1737177945550-dc87f7e4-eab6-4bf2-93fb-d289aaa23602?alt=json HTTP/1.1" 200 None
2025-01-18 14:27:53,991 DEBUG    urllib3.connectionpool Starting new HTTPS connection (1): container.googleapis.com:443
2025-01-18 14:27:54,120 DEBUG    urllib3.connectionpool https://container.googleapis.com:443 "GET /v1/projects/peppy-arcadia-432311-g5/locations/asia-northeast3/operations/operation-1737177945550-dc87f7e4-eab6-4bf2-93fb-d289aaa23602?alt=json HTTP/1.1" 200 None
2025-01-18 14:27:59,126 DEBUG    urllib3.connectionpool Starting new HTTPS connection (1): container.googleapis.com:443
2025-01-18 14:27:59,263 DEBUG    urllib3.connectionpool https://container.googleapis.com:443 "GET /v1/projects/peppy-arcadia-432311-g5/locations/asia-northeast3/operations/operation-1737177945550-dc87f7e4-eab6-4bf2-93fb-d289aaa23602?alt=json HTTP/1.1" 200 None
2025-01-18 14:28:04,749 DEBUG    urllib3.connectionpool Starting new HTTPS connection (1): container.googleapis.com:443
2025-01-18 14:28:04,884 DEBUG    urllib3.connectionpool https://container.googleapis.com:443 "GET /v1/projects/peppy-arcadia-432311-g5/locations/asia-northeast3/operations/operation-1737177945550-dc87f7e4-eab6-4bf2-93fb-d289aaa23602?alt=json HTTP/1.1" 200 None
2025-01-18 14:28:09,889 DEBUG    urllib3.connectionpool Starting new HTTPS connection (1): container.googleapis.com:443
2025-01-18 14:28:09,988 DEBUG    urllib3.connectionpool https://container.googleapis.com:443 "GET /v1/projects/peppy-arcadia-432311-g5/locations/asia-northeast3/operations/operation-1737177945550-dc87f7e4-eab6-4bf2-93fb-d289aaa23602?alt=json HTTP/1.1" 200 None
2025-01-18 14:28:14,993 DEBUG    urllib3.connectionpool Starting new HTTPS connection (1): container.googleapis.com:443
2025-01-18 14:28:15,131 DEBUG    urllib3.connectionpool https://container.googleapis.com:443 "GET /v1/projects/peppy-arcadia-432311-g5/locations/asia-northeast3/operations/operation-1737177945550-dc87f7e4-eab6-4bf2-93fb-d289aaa23602?alt=json HTTP/1.1" 200 None
2025-01-18 14:28:20,138 DEBUG    urllib3.connectionpool Starting new HTTPS connection (1): container.googleapis.com:443
2025-01-18 14:28:20,310 DEBUG    urllib3.connectionpool https://container.googleapis.com:443 "GET /v1/projects/peppy-arcadia-432311-g5/locations/asia-northeast3/operations/operation-1737177945550-dc87f7e4-eab6-4bf2-93fb-d289aaa23602?alt=json HTTP/1.1" 200 None
2025-01-18 14:28:25,318 DEBUG    urllib3.connectionpool Starting new HTTPS connection (1): container.googleapis.com:443
2025-01-18 14:28:25,540 DEBUG    urllib3.connectionpool https://container.googleapis.com:443 "GET /v1/projects/peppy-arcadia-432311-g5/locations/asia-northeast3/operations/operation-1737177945550-dc87f7e4-eab6-4bf2-93fb-d289aaa23602?alt=json HTTP/1.1" 200 None
2025-01-18 14:28:30,546 DEBUG    urllib3.connectionpool Starting new HTTPS connection (1): container.googleapis.com:443
2025-01-18 14:28:30,679 DEBUG    urllib3.connectionpool https://container.googleapis.com:443 "GET /v1/projects/peppy-arcadia-432311-g5/locations/asia-northeast3/operations/operation-1737177945550-dc87f7e4-eab6-4bf2-93fb-d289aaa23602?alt=json HTTP/1.1" 200 None
2025-01-18 14:28:35,685 DEBUG    urllib3.connectionpool Starting new HTTPS connection (1): container.googleapis.com:443
2025-01-18 14:28:36,151 DEBUG    urllib3.connectionpool https://container.googleapis.com:443 "GET /v1/projects/peppy-arcadia-432311-g5/locations/asia-northeast3/operations/operation-1737177945550-dc87f7e4-eab6-4bf2-93fb-d289aaa23602?alt=json HTTP/1.1" 200 None
2025-01-18 14:28:41,156 DEBUG    urllib3.connectionpool Starting new HTTPS connection (1): container.googleapis.com:443
2025-01-18 14:28:41,330 DEBUG    urllib3.connectionpool https://container.googleapis.com:443 "GET /v1/projects/peppy-arcadia-432311-g5/locations/asia-northeast3/operations/operation-1737177945550-dc87f7e4-eab6-4bf2-93fb-d289aaa23602?alt=json HTTP/1.1" 200 None
2025-01-18 14:28:46,337 DEBUG    urllib3.connectionpool Starting new HTTPS connection (1): container.googleapis.com:443
2025-01-18 14:28:46,481 DEBUG    urllib3.connectionpool https://container.googleapis.com:443 "GET /v1/projects/peppy-arcadia-432311-g5/locations/asia-northeast3/operations/operation-1737177945550-dc87f7e4-eab6-4bf2-93fb-d289aaa23602?alt=json HTTP/1.1" 200 None
2025-01-18 14:28:51,488 DEBUG    urllib3.connectionpool Starting new HTTPS connection (1): container.googleapis.com:443
2025-01-18 14:28:51,678 DEBUG    urllib3.connectionpool https://container.googleapis.com:443 "GET /v1/projects/peppy-arcadia-432311-g5/locations/asia-northeast3/operations/operation-1737177945550-dc87f7e4-eab6-4bf2-93fb-d289aaa23602?alt=json HTTP/1.1" 200 None
2025-01-18 14:28:56,683 DEBUG    urllib3.connectionpool Starting new HTTPS connection (1): container.googleapis.com:443
2025-01-18 14:28:56,868 DEBUG    urllib3.connectionpool https://container.googleapis.com:443 "GET /v1/projects/peppy-arcadia-432311-g5/locations/asia-northeast3/operations/operation-1737177945550-dc87f7e4-eab6-4bf2-93fb-d289aaa23602?alt=json HTTP/1.1" 200 None
2025-01-18 14:29:01,875 DEBUG    urllib3.connectionpool Starting new HTTPS connection (1): container.googleapis.com:443
2025-01-18 14:29:02,011 DEBUG    urllib3.connectionpool https://container.googleapis.com:443 "GET /v1/projects/peppy-arcadia-432311-g5/locations/asia-northeast3/operations/operation-1737177945550-dc87f7e4-eab6-4bf2-93fb-d289aaa23602?alt=json HTTP/1.1" 200 None
2025-01-18 14:29:07,017 DEBUG    urllib3.connectionpool Starting new HTTPS connection (1): container.googleapis.com:443
2025-01-18 14:29:07,151 DEBUG    urllib3.connectionpool https://container.googleapis.com:443 "GET /v1/projects/peppy-arcadia-432311-g5/locations/asia-northeast3/operations/operation-1737177945550-dc87f7e4-eab6-4bf2-93fb-d289aaa23602?alt=json HTTP/1.1" 200 None
2025-01-18 14:29:12,156 DEBUG    urllib3.connectionpool Starting new HTTPS connection (1): container.googleapis.com:443
2025-01-18 14:29:12,323 DEBUG    urllib3.connectionpool https://container.googleapis.com:443 "GET /v1/projects/peppy-arcadia-432311-g5/locations/asia-northeast3/operations/operation-1737177945550-dc87f7e4-eab6-4bf2-93fb-d289aaa23602?alt=json HTTP/1.1" 200 None
2025-01-18 14:29:17,327 DEBUG    urllib3.connectionpool Starting new HTTPS connection (1): container.googleapis.com:443
2025-01-18 14:29:17,451 DEBUG    urllib3.connectionpool https://container.googleapis.com:443 "GET /v1/projects/peppy-arcadia-432311-g5/locations/asia-northeast3/operations/operation-1737177945550-dc87f7e4-eab6-4bf2-93fb-d289aaa23602?alt=json HTTP/1.1" 200 None
2025-01-18 14:29:22,458 DEBUG    urllib3.connectionpool Starting new HTTPS connection (1): container.googleapis.com:443
2025-01-18 14:29:22,551 DEBUG    urllib3.connectionpool https://container.googleapis.com:443 "GET /v1/projects/peppy-arcadia-432311-g5/locations/asia-northeast3/operations/operation-1737177945550-dc87f7e4-eab6-4bf2-93fb-d289aaa23602?alt=json HTTP/1.1" 200 None
2025-01-18 14:29:27,556 DEBUG    urllib3.connectionpool Starting new HTTPS connection (1): container.googleapis.com:443
2025-01-18 14:29:27,748 DEBUG    urllib3.connectionpool https://container.googleapis.com:443 "GET /v1/projects/peppy-arcadia-432311-g5/locations/asia-northeast3/operations/operation-1737177945550-dc87f7e4-eab6-4bf2-93fb-d289aaa23602?alt=json HTTP/1.1" 200 None
2025-01-18 14:29:32,753 DEBUG    urllib3.connectionpool Starting new HTTPS connection (1): container.googleapis.com:443
2025-01-18 14:29:32,949 DEBUG    urllib3.connectionpool https://container.googleapis.com:443 "GET /v1/projects/peppy-arcadia-432311-g5/locations/asia-northeast3/operations/operation-1737177945550-dc87f7e4-eab6-4bf2-93fb-d289aaa23602?alt=json HTTP/1.1" 200 None
2025-01-18 14:29:37,955 DEBUG    urllib3.connectionpool Starting new HTTPS connection (1): container.googleapis.com:443
2025-01-18 14:29:38,132 DEBUG    urllib3.connectionpool https://container.googleapis.com:443 "GET /v1/projects/peppy-arcadia-432311-g5/locations/asia-northeast3/operations/operation-1737177945550-dc87f7e4-eab6-4bf2-93fb-d289aaa23602?alt=json HTTP/1.1" 200 None
2025-01-18 14:29:43,139 DEBUG    urllib3.connectionpool Starting new HTTPS connection (1): container.googleapis.com:443
2025-01-18 14:29:43,324 DEBUG    urllib3.connectionpool https://container.googleapis.com:443 "GET /v1/projects/peppy-arcadia-432311-g5/locations/asia-northeast3/operations/operation-1737177945550-dc87f7e4-eab6-4bf2-93fb-d289aaa23602?alt=json HTTP/1.1" 200 None
2025-01-18 14:29:48,330 DEBUG    urllib3.connectionpool Starting new HTTPS connection (1): container.googleapis.com:443
2025-01-18 14:29:48,655 DEBUG    urllib3.connectionpool https://container.googleapis.com:443 "GET /v1/projects/peppy-arcadia-432311-g5/locations/asia-northeast3/operations/operation-1737177945550-dc87f7e4-eab6-4bf2-93fb-d289aaa23602?alt=json HTTP/1.1" 200 None
2025-01-18 14:29:53,663 DEBUG    urllib3.connectionpool Starting new HTTPS connection (1): container.googleapis.com:443
2025-01-18 14:29:53,796 DEBUG    urllib3.connectionpool https://container.googleapis.com:443 "GET /v1/projects/peppy-arcadia-432311-g5/locations/asia-northeast3/operations/operation-1737177945550-dc87f7e4-eab6-4bf2-93fb-d289aaa23602?alt=json HTTP/1.1" 200 None
2025-01-18 14:29:58,801 DEBUG    urllib3.connectionpool Starting new HTTPS connection (1): container.googleapis.com:443
2025-01-18 14:29:58,941 DEBUG    urllib3.connectionpool https://container.googleapis.com:443 "GET /v1/projects/peppy-arcadia-432311-g5/locations/asia-northeast3/operations/operation-1737177945550-dc87f7e4-eab6-4bf2-93fb-d289aaa23602?alt=json HTTP/1.1" 200 None
2025-01-18 14:30:03,945 DEBUG    urllib3.connectionpool Starting new HTTPS connection (1): container.googleapis.com:443
2025-01-18 14:30:04,132 DEBUG    urllib3.connectionpool https://container.googleapis.com:443 "GET /v1/projects/peppy-arcadia-432311-g5/locations/asia-northeast3/operations/operation-1737177945550-dc87f7e4-eab6-4bf2-93fb-d289aaa23602?alt=json HTTP/1.1" 200 None
2025-01-18 14:30:09,136 DEBUG    urllib3.connectionpool Starting new HTTPS connection (1): container.googleapis.com:443
2025-01-18 14:30:09,311 DEBUG    urllib3.connectionpool https://container.googleapis.com:443 "GET /v1/projects/peppy-arcadia-432311-g5/locations/asia-northeast3/operations/operation-1737177945550-dc87f7e4-eab6-4bf2-93fb-d289aaa23602?alt=json HTTP/1.1" 200 None
2025-01-18 14:30:14,315 DEBUG    urllib3.connectionpool Starting new HTTPS connection (1): container.googleapis.com:443
2025-01-18 14:30:14,459 DEBUG    urllib3.connectionpool https://container.googleapis.com:443 "GET /v1/projects/peppy-arcadia-432311-g5/locations/asia-northeast3/operations/operation-1737177945550-dc87f7e4-eab6-4bf2-93fb-d289aaa23602?alt=json HTTP/1.1" 200 None
2025-01-18 14:30:19,467 DEBUG    urllib3.connectionpool Starting new HTTPS connection (1): container.googleapis.com:443
2025-01-18 14:30:19,568 DEBUG    urllib3.connectionpool https://container.googleapis.com:443 "GET /v1/projects/peppy-arcadia-432311-g5/locations/asia-northeast3/operations/operation-1737177945550-dc87f7e4-eab6-4bf2-93fb-d289aaa23602?alt=json HTTP/1.1" 200 None
2025-01-18 14:30:24,570 DEBUG    urllib3.connectionpool Starting new HTTPS connection (1): container.googleapis.com:443
2025-01-18 14:30:24,663 DEBUG    urllib3.connectionpool https://container.googleapis.com:443 "GET /v1/projects/peppy-arcadia-432311-g5/locations/asia-northeast3/operations/operation-1737177945550-dc87f7e4-eab6-4bf2-93fb-d289aaa23602?alt=json HTTP/1.1" 200 None
2025-01-18 14:30:29,668 DEBUG    urllib3.connectionpool Starting new HTTPS connection (1): container.googleapis.com:443
2025-01-18 14:30:29,801 DEBUG    urllib3.connectionpool https://container.googleapis.com:443 "GET /v1/projects/peppy-arcadia-432311-g5/locations/asia-northeast3/operations/operation-1737177945550-dc87f7e4-eab6-4bf2-93fb-d289aaa23602?alt=json HTTP/1.1" 200 None
2025-01-18 14:30:34,804 DEBUG    urllib3.connectionpool Starting new HTTPS connection (1): container.googleapis.com:443
2025-01-18 14:30:34,934 DEBUG    urllib3.connectionpool https://container.googleapis.com:443 "GET /v1/projects/peppy-arcadia-432311-g5/locations/asia-northeast3/operations/operation-1737177945550-dc87f7e4-eab6-4bf2-93fb-d289aaa23602?alt=json HTTP/1.1" 200 None
2025-01-18 14:30:39,936 DEBUG    urllib3.connectionpool Starting new HTTPS connection (1): container.googleapis.com:443
2025-01-18 14:30:40,062 DEBUG    urllib3.connectionpool https://container.googleapis.com:443 "GET /v1/projects/peppy-arcadia-432311-g5/locations/asia-northeast3/operations/operation-1737177945550-dc87f7e4-eab6-4bf2-93fb-d289aaa23602?alt=json HTTP/1.1" 200 None
2025-01-18 14:30:45,064 DEBUG    urllib3.connectionpool Starting new HTTPS connection (1): container.googleapis.com:443
2025-01-18 14:30:45,202 DEBUG    urllib3.connectionpool https://container.googleapis.com:443 "GET /v1/projects/peppy-arcadia-432311-g5/locations/asia-northeast3/operations/operation-1737177945550-dc87f7e4-eab6-4bf2-93fb-d289aaa23602?alt=json HTTP/1.1" 200 None
2025-01-18 14:30:50,206 DEBUG    urllib3.connectionpool Starting new HTTPS connection (1): container.googleapis.com:443
2025-01-18 14:30:50,324 DEBUG    urllib3.connectionpool https://container.googleapis.com:443 "GET /v1/projects/peppy-arcadia-432311-g5/locations/asia-northeast3/operations/operation-1737177945550-dc87f7e4-eab6-4bf2-93fb-d289aaa23602?alt=json HTTP/1.1" 200 None
2025-01-18 14:30:55,326 DEBUG    urllib3.connectionpool Starting new HTTPS connection (1): container.googleapis.com:443
2025-01-18 14:30:55,530 DEBUG    urllib3.connectionpool https://container.googleapis.com:443 "GET /v1/projects/peppy-arcadia-432311-g5/locations/asia-northeast3/operations/operation-1737177945550-dc87f7e4-eab6-4bf2-93fb-d289aaa23602?alt=json HTTP/1.1" 200 None
2025-01-18 14:31:00,535 DEBUG    urllib3.connectionpool Starting new HTTPS connection (1): container.googleapis.com:443
2025-01-18 14:31:00,712 DEBUG    urllib3.connectionpool https://container.googleapis.com:443 "GET /v1/projects/peppy-arcadia-432311-g5/locations/asia-northeast3/operations/operation-1737177945550-dc87f7e4-eab6-4bf2-93fb-d289aaa23602?alt=json HTTP/1.1" 200 None
2025-01-18 14:31:05,717 DEBUG    urllib3.connectionpool Starting new HTTPS connection (1): container.googleapis.com:443
2025-01-18 14:31:06,037 DEBUG    urllib3.connectionpool https://container.googleapis.com:443 "GET /v1/projects/peppy-arcadia-432311-g5/locations/asia-northeast3/operations/operation-1737177945550-dc87f7e4-eab6-4bf2-93fb-d289aaa23602?alt=json HTTP/1.1" 200 None
2025-01-18 14:31:11,045 DEBUG    urllib3.connectionpool Starting new HTTPS connection (1): container.googleapis.com:443
2025-01-18 14:31:11,251 DEBUG    urllib3.connectionpool https://container.googleapis.com:443 "GET /v1/projects/peppy-arcadia-432311-g5/locations/asia-northeast3/operations/operation-1737177945550-dc87f7e4-eab6-4bf2-93fb-d289aaa23602?alt=json HTTP/1.1" 200 None
2025-01-18 14:31:16,255 DEBUG    urllib3.connectionpool Starting new HTTPS connection (1): container.googleapis.com:443
2025-01-18 14:31:16,447 DEBUG    urllib3.connectionpool https://container.googleapis.com:443 "GET /v1/projects/peppy-arcadia-432311-g5/locations/asia-northeast3/operations/operation-1737177945550-dc87f7e4-eab6-4bf2-93fb-d289aaa23602?alt=json HTTP/1.1" 200 None
2025-01-18 14:31:21,453 DEBUG    urllib3.connectionpool Starting new HTTPS connection (1): container.googleapis.com:443
2025-01-18 14:31:21,593 DEBUG    urllib3.connectionpool https://container.googleapis.com:443 "GET /v1/projects/peppy-arcadia-432311-g5/locations/asia-northeast3/operations/operation-1737177945550-dc87f7e4-eab6-4bf2-93fb-d289aaa23602?alt=json HTTP/1.1" 200 None
2025-01-18 14:31:26,599 DEBUG    urllib3.connectionpool Starting new HTTPS connection (1): container.googleapis.com:443
2025-01-18 14:31:26,743 DEBUG    urllib3.connectionpool https://container.googleapis.com:443 "GET /v1/projects/peppy-arcadia-432311-g5/locations/asia-northeast3/operations/operation-1737177945550-dc87f7e4-eab6-4bf2-93fb-d289aaa23602?alt=json HTTP/1.1" 200 None
2025-01-18 14:31:31,747 DEBUG    urllib3.connectionpool Starting new HTTPS connection (1): container.googleapis.com:443
2025-01-18 14:31:31,908 DEBUG    urllib3.connectionpool https://container.googleapis.com:443 "GET /v1/projects/peppy-arcadia-432311-g5/locations/asia-northeast3/operations/operation-1737177945550-dc87f7e4-eab6-4bf2-93fb-d289aaa23602?alt=json HTTP/1.1" 200 None
2025-01-18 14:31:36,914 DEBUG    urllib3.connectionpool Starting new HTTPS connection (1): container.googleapis.com:443
2025-01-18 14:31:37,044 DEBUG    urllib3.connectionpool https://container.googleapis.com:443 "GET /v1/projects/peppy-arcadia-432311-g5/locations/asia-northeast3/operations/operation-1737177945550-dc87f7e4-eab6-4bf2-93fb-d289aaa23602?alt=json HTTP/1.1" 200 None
2025-01-18 14:31:42,049 DEBUG    urllib3.connectionpool Starting new HTTPS connection (1): container.googleapis.com:443
2025-01-18 14:31:42,438 DEBUG    urllib3.connectionpool https://container.googleapis.com:443 "GET /v1/projects/peppy-arcadia-432311-g5/locations/asia-northeast3/operations/operation-1737177945550-dc87f7e4-eab6-4bf2-93fb-d289aaa23602?alt=json HTTP/1.1" 200 None
2025-01-18 14:31:47,446 DEBUG    urllib3.connectionpool Starting new HTTPS connection (1): container.googleapis.com:443
2025-01-18 14:31:47,612 DEBUG    urllib3.connectionpool https://container.googleapis.com:443 "GET /v1/projects/peppy-arcadia-432311-g5/locations/asia-northeast3/operations/operation-1737177945550-dc87f7e4-eab6-4bf2-93fb-d289aaa23602?alt=json HTTP/1.1" 200 None
2025-01-18 14:31:52,616 DEBUG    urllib3.connectionpool Starting new HTTPS connection (1): container.googleapis.com:443
2025-01-18 14:31:52,806 DEBUG    urllib3.connectionpool https://container.googleapis.com:443 "GET /v1/projects/peppy-arcadia-432311-g5/locations/asia-northeast3/operations/operation-1737177945550-dc87f7e4-eab6-4bf2-93fb-d289aaa23602?alt=json HTTP/1.1" 200 None
2025-01-18 14:31:57,812 DEBUG    urllib3.connectionpool Starting new HTTPS connection (1): container.googleapis.com:443
2025-01-18 14:31:58,005 DEBUG    urllib3.connectionpool https://container.googleapis.com:443 "GET /v1/projects/peppy-arcadia-432311-g5/locations/asia-northeast3/operations/operation-1737177945550-dc87f7e4-eab6-4bf2-93fb-d289aaa23602?alt=json HTTP/1.1" 200 None
2025-01-18 14:32:03,011 DEBUG    urllib3.connectionpool Starting new HTTPS connection (1): container.googleapis.com:443
2025-01-18 14:32:03,145 DEBUG    urllib3.connectionpool https://container.googleapis.com:443 "GET /v1/projects/peppy-arcadia-432311-g5/locations/asia-northeast3/operations/operation-1737177945550-dc87f7e4-eab6-4bf2-93fb-d289aaa23602?alt=json HTTP/1.1" 200 None
2025-01-18 14:32:08,152 DEBUG    urllib3.connectionpool Starting new HTTPS connection (1): container.googleapis.com:443
2025-01-18 14:32:08,331 DEBUG    urllib3.connectionpool https://container.googleapis.com:443 "GET /v1/projects/peppy-arcadia-432311-g5/locations/asia-northeast3/operations/operation-1737177945550-dc87f7e4-eab6-4bf2-93fb-d289aaa23602?alt=json HTTP/1.1" 200 None
2025-01-18 14:32:13,336 DEBUG    urllib3.connectionpool Starting new HTTPS connection (1): container.googleapis.com:443
2025-01-18 14:32:13,450 DEBUG    urllib3.connectionpool https://container.googleapis.com:443 "GET /v1/projects/peppy-arcadia-432311-g5/locations/asia-northeast3/operations/operation-1737177945550-dc87f7e4-eab6-4bf2-93fb-d289aaa23602?alt=json HTTP/1.1" 200 None
2025-01-18 14:32:18,456 DEBUG    urllib3.connectionpool Starting new HTTPS connection (1): container.googleapis.com:443
2025-01-18 14:32:18,587 DEBUG    urllib3.connectionpool https://container.googleapis.com:443 "GET /v1/projects/peppy-arcadia-432311-g5/locations/asia-northeast3/operations/operation-1737177945550-dc87f7e4-eab6-4bf2-93fb-d289aaa23602?alt=json HTTP/1.1" 200 None
2025-01-18 14:32:23,592 DEBUG    urllib3.connectionpool Starting new HTTPS connection (1): container.googleapis.com:443
2025-01-18 14:32:23,851 DEBUG    urllib3.connectionpool https://container.googleapis.com:443 "GET /v1/projects/peppy-arcadia-432311-g5/locations/asia-northeast3/operations/operation-1737177945550-dc87f7e4-eab6-4bf2-93fb-d289aaa23602?alt=json HTTP/1.1" 200 None
2025-01-18 14:32:28,854 DEBUG    urllib3.connectionpool Starting new HTTPS connection (1): container.googleapis.com:443
2025-01-18 14:32:28,987 DEBUG    urllib3.connectionpool https://container.googleapis.com:443 "GET /v1/projects/peppy-arcadia-432311-g5/locations/asia-northeast3/operations/operation-1737177945550-dc87f7e4-eab6-4bf2-93fb-d289aaa23602?alt=json HTTP/1.1" 200 None
2025-01-18 14:32:33,990 DEBUG    urllib3.connectionpool Starting new HTTPS connection (1): container.googleapis.com:443
2025-01-18 14:32:34,135 DEBUG    urllib3.connectionpool https://container.googleapis.com:443 "GET /v1/projects/peppy-arcadia-432311-g5/locations/asia-northeast3/operations/operation-1737177945550-dc87f7e4-eab6-4bf2-93fb-d289aaa23602?alt=json HTTP/1.1" 200 None
2025-01-18 14:32:39,141 DEBUG    urllib3.connectionpool Starting new HTTPS connection (1): container.googleapis.com:443
2025-01-18 14:32:39,288 DEBUG    urllib3.connectionpool https://container.googleapis.com:443 "GET /v1/projects/peppy-arcadia-432311-g5/locations/asia-northeast3/operations/operation-1737177945550-dc87f7e4-eab6-4bf2-93fb-d289aaa23602?alt=json HTTP/1.1" 200 None
2025-01-18 14:32:44,292 DEBUG    urllib3.connectionpool Starting new HTTPS connection (1): container.googleapis.com:443
2025-01-18 14:32:44,437 DEBUG    urllib3.connectionpool https://container.googleapis.com:443 "GET /v1/projects/peppy-arcadia-432311-g5/locations/asia-northeast3/operations/operation-1737177945550-dc87f7e4-eab6-4bf2-93fb-d289aaa23602?alt=json HTTP/1.1" 200 None
2025-01-18 14:32:49,442 DEBUG    urllib3.connectionpool Starting new HTTPS connection (1): container.googleapis.com:443
2025-01-18 14:32:49,658 DEBUG    urllib3.connectionpool https://container.googleapis.com:443 "GET /v1/projects/peppy-arcadia-432311-g5/locations/asia-northeast3/operations/operation-1737177945550-dc87f7e4-eab6-4bf2-93fb-d289aaa23602?alt=json HTTP/1.1" 200 None
2025-01-18 14:32:54,661 DEBUG    urllib3.connectionpool Starting new HTTPS connection (1): container.googleapis.com:443
2025-01-18 14:32:54,846 DEBUG    urllib3.connectionpool https://container.googleapis.com:443 "GET /v1/projects/peppy-arcadia-432311-g5/locations/asia-northeast3/operations/operation-1737177945550-dc87f7e4-eab6-4bf2-93fb-d289aaa23602?alt=json HTTP/1.1" 200 None
2025-01-18 14:32:59,853 DEBUG    urllib3.connectionpool Starting new HTTPS connection (1): container.googleapis.com:443
2025-01-18 14:32:59,945 DEBUG    urllib3.connectionpool https://container.googleapis.com:443 "GET /v1/projects/peppy-arcadia-432311-g5/locations/asia-northeast3/operations/operation-1737177945550-dc87f7e4-eab6-4bf2-93fb-d289aaa23602?alt=json HTTP/1.1" 200 None
2025-01-18 14:33:04,953 DEBUG    urllib3.connectionpool Starting new HTTPS connection (1): container.googleapis.com:443
2025-01-18 14:33:05,089 DEBUG    urllib3.connectionpool https://container.googleapis.com:443 "GET /v1/projects/peppy-arcadia-432311-g5/locations/asia-northeast3/operations/operation-1737177945550-dc87f7e4-eab6-4bf2-93fb-d289aaa23602?alt=json HTTP/1.1" 200 None
2025-01-18 14:33:10,095 DEBUG    urllib3.connectionpool Starting new HTTPS connection (1): container.googleapis.com:443
2025-01-18 14:33:10,285 DEBUG    urllib3.connectionpool https://container.googleapis.com:443 "GET /v1/projects/peppy-arcadia-432311-g5/locations/asia-northeast3/operations/operation-1737177945550-dc87f7e4-eab6-4bf2-93fb-d289aaa23602?alt=json HTTP/1.1" 200 None
2025-01-18 14:33:15,290 DEBUG    urllib3.connectionpool Starting new HTTPS connection (1): container.googleapis.com:443
2025-01-18 14:33:15,428 DEBUG    urllib3.connectionpool https://container.googleapis.com:443 "GET /v1/projects/peppy-arcadia-432311-g5/locations/asia-northeast3/operations/operation-1737177945550-dc87f7e4-eab6-4bf2-93fb-d289aaa23602?alt=json HTTP/1.1" 200 None
2025-01-18 14:33:20,435 DEBUG    urllib3.connectionpool Starting new HTTPS connection (1): container.googleapis.com:443
2025-01-18 14:33:20,582 DEBUG    urllib3.connectionpool https://container.googleapis.com:443 "GET /v1/projects/peppy-arcadia-432311-g5/locations/asia-northeast3/operations/operation-1737177945550-dc87f7e4-eab6-4bf2-93fb-d289aaa23602?alt=json HTTP/1.1" 200 None
2025-01-18 14:33:25,588 DEBUG    urllib3.connectionpool Starting new HTTPS connection (1): container.googleapis.com:443
2025-01-18 14:33:25,774 DEBUG    urllib3.connectionpool https://container.googleapis.com:443 "GET /v1/projects/peppy-arcadia-432311-g5/locations/asia-northeast3/operations/operation-1737177945550-dc87f7e4-eab6-4bf2-93fb-d289aaa23602?alt=json HTTP/1.1" 200 None
2025-01-18 14:33:30,781 DEBUG    urllib3.connectionpool Starting new HTTPS connection (1): container.googleapis.com:443
2025-01-18 14:33:30,965 DEBUG    urllib3.connectionpool https://container.googleapis.com:443 "GET /v1/projects/peppy-arcadia-432311-g5/locations/asia-northeast3/operations/operation-1737177945550-dc87f7e4-eab6-4bf2-93fb-d289aaa23602?alt=json HTTP/1.1" 200 None
2025-01-18 14:33:35,972 DEBUG    urllib3.connectionpool Starting new HTTPS connection (1): container.googleapis.com:443
2025-01-18 14:33:36,122 DEBUG    urllib3.connectionpool https://container.googleapis.com:443 "GET /v1/projects/peppy-arcadia-432311-g5/locations/asia-northeast3/operations/operation-1737177945550-dc87f7e4-eab6-4bf2-93fb-d289aaa23602?alt=json HTTP/1.1" 200 None
2025-01-18 14:33:41,127 DEBUG    urllib3.connectionpool Starting new HTTPS connection (1): container.googleapis.com:443
2025-01-18 14:33:41,268 DEBUG    urllib3.connectionpool https://container.googleapis.com:443 "GET /v1/projects/peppy-arcadia-432311-g5/locations/asia-northeast3/operations/operation-1737177945550-dc87f7e4-eab6-4bf2-93fb-d289aaa23602?alt=json HTTP/1.1" 200 None
2025-01-18 14:33:46,272 DEBUG    urllib3.connectionpool Starting new HTTPS connection (1): container.googleapis.com:443
2025-01-18 14:33:46,486 DEBUG    urllib3.connectionpool https://container.googleapis.com:443 "GET /v1/projects/peppy-arcadia-432311-g5/locations/asia-northeast3/operations/operation-1737177945550-dc87f7e4-eab6-4bf2-93fb-d289aaa23602?alt=json HTTP/1.1" 200 None
2025-01-18 14:33:51,493 DEBUG    urllib3.connectionpool Starting new HTTPS connection (1): container.googleapis.com:443
2025-01-18 14:33:51,621 DEBUG    urllib3.connectionpool https://container.googleapis.com:443 "GET /v1/projects/peppy-arcadia-432311-g5/locations/asia-northeast3/operations/operation-1737177945550-dc87f7e4-eab6-4bf2-93fb-d289aaa23602?alt=json HTTP/1.1" 200 None
2025-01-18 14:33:56,625 DEBUG    urllib3.connectionpool Starting new HTTPS connection (1): container.googleapis.com:443
2025-01-18 14:33:56,760 DEBUG    urllib3.connectionpool https://container.googleapis.com:443 "GET /v1/projects/peppy-arcadia-432311-g5/locations/asia-northeast3/operations/operation-1737177945550-dc87f7e4-eab6-4bf2-93fb-d289aaa23602?alt=json HTTP/1.1" 200 None
2025-01-18 14:34:01,764 DEBUG    urllib3.connectionpool Starting new HTTPS connection (1): container.googleapis.com:443
2025-01-18 14:34:01,848 DEBUG    urllib3.connectionpool https://container.googleapis.com:443 "GET /v1/projects/peppy-arcadia-432311-g5/locations/asia-northeast3/operations/operation-1737177945550-dc87f7e4-eab6-4bf2-93fb-d289aaa23602?alt=json HTTP/1.1" 200 None
2025-01-18 14:34:06,855 DEBUG    urllib3.connectionpool Starting new HTTPS connection (1): container.googleapis.com:443
2025-01-18 14:34:06,982 DEBUG    urllib3.connectionpool https://container.googleapis.com:443 "GET /v1/projects/peppy-arcadia-432311-g5/locations/asia-northeast3/operations/operation-1737177945550-dc87f7e4-eab6-4bf2-93fb-d289aaa23602?alt=json HTTP/1.1" 200 None
2025-01-18 14:34:11,988 DEBUG    urllib3.connectionpool Starting new HTTPS connection (1): container.googleapis.com:443
2025-01-18 14:34:12,172 DEBUG    urllib3.connectionpool https://container.googleapis.com:443 "GET /v1/projects/peppy-arcadia-432311-g5/locations/asia-northeast3/operations/operation-1737177945550-dc87f7e4-eab6-4bf2-93fb-d289aaa23602?alt=json HTTP/1.1" 200 None
2025-01-18 14:34:17,176 DEBUG    urllib3.connectionpool Starting new HTTPS connection (1): container.googleapis.com:443
2025-01-18 14:34:17,351 DEBUG    urllib3.connectionpool https://container.googleapis.com:443 "GET /v1/projects/peppy-arcadia-432311-g5/locations/asia-northeast3/operations/operation-1737177945550-dc87f7e4-eab6-4bf2-93fb-d289aaa23602?alt=json HTTP/1.1" 200 None
2025-01-18 14:34:22,356 DEBUG    urllib3.connectionpool Starting new HTTPS connection (1): container.googleapis.com:443
2025-01-18 14:34:22,449 DEBUG    urllib3.connectionpool https://container.googleapis.com:443 "GET /v1/projects/peppy-arcadia-432311-g5/locations/asia-northeast3/operations/operation-1737177945550-dc87f7e4-eab6-4bf2-93fb-d289aaa23602?alt=json HTTP/1.1" 200 None
2025-01-18 14:34:27,452 DEBUG    urllib3.connectionpool Starting new HTTPS connection (1): container.googleapis.com:443
2025-01-18 14:34:27,635 DEBUG    urllib3.connectionpool https://container.googleapis.com:443 "GET /v1/projects/peppy-arcadia-432311-g5/locations/asia-northeast3/operations/operation-1737177945550-dc87f7e4-eab6-4bf2-93fb-d289aaa23602?alt=json HTTP/1.1" 200 None
2025-01-18 14:34:32,639 DEBUG    urllib3.connectionpool Starting new HTTPS connection (1): container.googleapis.com:443
2025-01-18 14:34:32,774 DEBUG    urllib3.connectionpool https://container.googleapis.com:443 "GET /v1/projects/peppy-arcadia-432311-g5/locations/asia-northeast3/operations/operation-1737177945550-dc87f7e4-eab6-4bf2-93fb-d289aaa23602?alt=json HTTP/1.1" 200 None
2025-01-18 14:34:37,782 DEBUG    urllib3.connectionpool Starting new HTTPS connection (1): container.googleapis.com:443
2025-01-18 14:34:37,924 DEBUG    urllib3.connectionpool https://container.googleapis.com:443 "GET /v1/projects/peppy-arcadia-432311-g5/locations/asia-northeast3/operations/operation-1737177945550-dc87f7e4-eab6-4bf2-93fb-d289aaa23602?alt=json HTTP/1.1" 200 None
2025-01-18 14:34:42,929 DEBUG    urllib3.connectionpool Starting new HTTPS connection (1): container.googleapis.com:443
2025-01-18 14:34:43,109 DEBUG    urllib3.connectionpool https://container.googleapis.com:443 "GET /v1/projects/peppy-arcadia-432311-g5/locations/asia-northeast3/operations/operation-1737177945550-dc87f7e4-eab6-4bf2-93fb-d289aaa23602?alt=json HTTP/1.1" 200 None
2025-01-18 14:34:48,112 DEBUG    urllib3.connectionpool Starting new HTTPS connection (1): container.googleapis.com:443
2025-01-18 14:34:48,250 DEBUG    urllib3.connectionpool https://container.googleapis.com:443 "GET /v1/projects/peppy-arcadia-432311-g5/locations/asia-northeast3/operations/operation-1737177945550-dc87f7e4-eab6-4bf2-93fb-d289aaa23602?alt=json HTTP/1.1" 200 None
2025-01-18 14:34:53,257 DEBUG    urllib3.connectionpool Starting new HTTPS connection (1): container.googleapis.com:443
2025-01-18 14:34:53,617 DEBUG    urllib3.connectionpool https://container.googleapis.com:443 "GET /v1/projects/peppy-arcadia-432311-g5/locations/asia-northeast3/operations/operation-1737177945550-dc87f7e4-eab6-4bf2-93fb-d289aaa23602?alt=json HTTP/1.1" 200 None
2025-01-18 14:34:58,621 DEBUG    urllib3.connectionpool Starting new HTTPS connection (1): container.googleapis.com:443
2025-01-18 14:34:58,745 DEBUG    urllib3.connectionpool https://container.googleapis.com:443 "GET /v1/projects/peppy-arcadia-432311-g5/locations/asia-northeast3/operations/operation-1737177945550-dc87f7e4-eab6-4bf2-93fb-d289aaa23602?alt=json HTTP/1.1" 200 None
2025-01-18 14:35:03,750 DEBUG    urllib3.connectionpool Starting new HTTPS connection (1): container.googleapis.com:443
2025-01-18 14:35:03,841 DEBUG    urllib3.connectionpool https://container.googleapis.com:443 "GET /v1/projects/peppy-arcadia-432311-g5/locations/asia-northeast3/operations/operation-1737177945550-dc87f7e4-eab6-4bf2-93fb-d289aaa23602?alt=json HTTP/1.1" 200 None
2025-01-18 14:35:08,846 DEBUG    urllib3.connectionpool Starting new HTTPS connection (1): container.googleapis.com:443
2025-01-18 14:35:08,977 DEBUG    urllib3.connectionpool https://container.googleapis.com:443 "GET /v1/projects/peppy-arcadia-432311-g5/locations/asia-northeast3/operations/operation-1737177945550-dc87f7e4-eab6-4bf2-93fb-d289aaa23602?alt=json HTTP/1.1" 200 None
2025-01-18 14:35:13,980 DEBUG    urllib3.connectionpool Starting new HTTPS connection (1): container.googleapis.com:443
2025-01-18 14:35:14,112 DEBUG    urllib3.connectionpool https://container.googleapis.com:443 "GET /v1/projects/peppy-arcadia-432311-g5/locations/asia-northeast3/operations/operation-1737177945550-dc87f7e4-eab6-4bf2-93fb-d289aaa23602?alt=json HTTP/1.1" 200 None
2025-01-18 14:35:19,115 DEBUG    urllib3.connectionpool Starting new HTTPS connection (1): container.googleapis.com:443
2025-01-18 14:35:19,253 DEBUG    urllib3.connectionpool https://container.googleapis.com:443 "GET /v1/projects/peppy-arcadia-432311-g5/locations/asia-northeast3/operations/operation-1737177945550-dc87f7e4-eab6-4bf2-93fb-d289aaa23602?alt=json HTTP/1.1" 200 None
2025-01-18 14:35:24,259 DEBUG    urllib3.connectionpool Starting new HTTPS connection (1): container.googleapis.com:443
2025-01-18 14:35:24,394 DEBUG    urllib3.connectionpool https://container.googleapis.com:443 "GET /v1/projects/peppy-arcadia-432311-g5/locations/asia-northeast3/operations/operation-1737177945550-dc87f7e4-eab6-4bf2-93fb-d289aaa23602?alt=json HTTP/1.1" 200 None
2025-01-18 14:35:29,399 DEBUG    urllib3.connectionpool Starting new HTTPS connection (1): container.googleapis.com:443
2025-01-18 14:35:29,532 DEBUG    urllib3.connectionpool https://container.googleapis.com:443 "GET /v1/projects/peppy-arcadia-432311-g5/locations/asia-northeast3/operations/operation-1737177945550-dc87f7e4-eab6-4bf2-93fb-d289aaa23602?alt=json HTTP/1.1" 200 None
2025-01-18 14:35:34,539 DEBUG    urllib3.connectionpool Starting new HTTPS connection (1): container.googleapis.com:443
2025-01-18 14:35:34,687 DEBUG    urllib3.connectionpool https://container.googleapis.com:443 "GET /v1/projects/peppy-arcadia-432311-g5/locations/asia-northeast3/operations/operation-1737177945550-dc87f7e4-eab6-4bf2-93fb-d289aaa23602?alt=json HTTP/1.1" 200 None
2025-01-18 14:35:39,693 DEBUG    urllib3.connectionpool Starting new HTTPS connection (1): container.googleapis.com:443
2025-01-18 14:35:39,834 DEBUG    urllib3.connectionpool https://container.googleapis.com:443 "GET /v1/projects/peppy-arcadia-432311-g5/locations/asia-northeast3/operations/operation-1737177945550-dc87f7e4-eab6-4bf2-93fb-d289aaa23602?alt=json HTTP/1.1" 200 None
2025-01-18 14:35:44,839 DEBUG    urllib3.connectionpool Starting new HTTPS connection (1): container.googleapis.com:443
2025-01-18 14:35:45,035 DEBUG    urllib3.connectionpool https://container.googleapis.com:443 "GET /v1/projects/peppy-arcadia-432311-g5/locations/asia-northeast3/operations/operation-1737177945550-dc87f7e4-eab6-4bf2-93fb-d289aaa23602?alt=json HTTP/1.1" 200 None
2025-01-18 14:35:50,041 DEBUG    urllib3.connectionpool Starting new HTTPS connection (1): container.googleapis.com:443
2025-01-18 14:35:50,180 DEBUG    urllib3.connectionpool https://container.googleapis.com:443 "GET /v1/projects/peppy-arcadia-432311-g5/locations/asia-northeast3/operations/operation-1737177945550-dc87f7e4-eab6-4bf2-93fb-d289aaa23602?alt=json HTTP/1.1" 200 None
2025-01-18 14:35:55,188 DEBUG    urllib3.connectionpool Starting new HTTPS connection (1): container.googleapis.com:443
2025-01-18 14:35:55,285 DEBUG    urllib3.connectionpool https://container.googleapis.com:443 "GET /v1/projects/peppy-arcadia-432311-g5/locations/asia-northeast3/operations/operation-1737177945550-dc87f7e4-eab6-4bf2-93fb-d289aaa23602?alt=json HTTP/1.1" 200 None
2025-01-18 14:36:00,292 DEBUG    urllib3.connectionpool Starting new HTTPS connection (1): container.googleapis.com:443
2025-01-18 14:36:00,476 DEBUG    urllib3.connectionpool https://container.googleapis.com:443 "GET /v1/projects/peppy-arcadia-432311-g5/locations/asia-northeast3/operations/operation-1737177945550-dc87f7e4-eab6-4bf2-93fb-d289aaa23602?alt=json HTTP/1.1" 200 None
2025-01-18 14:36:05,484 DEBUG    urllib3.connectionpool Starting new HTTPS connection (1): container.googleapis.com:443
2025-01-18 14:36:05,617 DEBUG    urllib3.connectionpool https://container.googleapis.com:443 "GET /v1/projects/peppy-arcadia-432311-g5/locations/asia-northeast3/operations/operation-1737177945550-dc87f7e4-eab6-4bf2-93fb-d289aaa23602?alt=json HTTP/1.1" 200 None
2025-01-18 14:36:10,622 DEBUG    urllib3.connectionpool Starting new HTTPS connection (1): container.googleapis.com:443
2025-01-18 14:36:10,760 DEBUG    urllib3.connectionpool https://container.googleapis.com:443 "GET /v1/projects/peppy-arcadia-432311-g5/locations/asia-northeast3/operations/operation-1737177945550-dc87f7e4-eab6-4bf2-93fb-d289aaa23602?alt=json HTTP/1.1" 200 None
2025-01-18 14:36:15,764 DEBUG    urllib3.connectionpool Starting new HTTPS connection (1): container.googleapis.com:443
2025-01-18 14:36:15,990 DEBUG    urllib3.connectionpool https://container.googleapis.com:443 "GET /v1/projects/peppy-arcadia-432311-g5/locations/asia-northeast3/operations/operation-1737177945550-dc87f7e4-eab6-4bf2-93fb-d289aaa23602?alt=json HTTP/1.1" 200 None
2025-01-18 14:36:20,994 DEBUG    urllib3.connectionpool Starting new HTTPS connection (1): container.googleapis.com:443
2025-01-18 14:36:21,166 DEBUG    urllib3.connectionpool https://container.googleapis.com:443 "GET /v1/projects/peppy-arcadia-432311-g5/locations/asia-northeast3/operations/operation-1737177945550-dc87f7e4-eab6-4bf2-93fb-d289aaa23602?alt=json HTTP/1.1" 200 None
2025-01-18 14:36:26,171 DEBUG    urllib3.connectionpool Starting new HTTPS connection (1): container.googleapis.com:443
2025-01-18 14:36:26,437 DEBUG    urllib3.connectionpool https://container.googleapis.com:443 "GET /v1/projects/peppy-arcadia-432311-g5/locations/asia-northeast3/operations/operation-1737177945550-dc87f7e4-eab6-4bf2-93fb-d289aaa23602?alt=json HTTP/1.1" 200 None
2025-01-18 14:36:31,441 DEBUG    urllib3.connectionpool Starting new HTTPS connection (1): container.googleapis.com:443
2025-01-18 14:36:31,568 DEBUG    urllib3.connectionpool https://container.googleapis.com:443 "GET /v1/projects/peppy-arcadia-432311-g5/locations/asia-northeast3/operations/operation-1737177945550-dc87f7e4-eab6-4bf2-93fb-d289aaa23602?alt=json HTTP/1.1" 200 None
2025-01-18 14:36:36,575 DEBUG    urllib3.connectionpool Starting new HTTPS connection (1): container.googleapis.com:443
2025-01-18 14:36:36,661 DEBUG    urllib3.connectionpool https://container.googleapis.com:443 "GET /v1/projects/peppy-arcadia-432311-g5/locations/asia-northeast3/operations/operation-1737177945550-dc87f7e4-eab6-4bf2-93fb-d289aaa23602?alt=json HTTP/1.1" 200 None
2025-01-18 14:36:41,665 DEBUG    urllib3.connectionpool Starting new HTTPS connection (1): container.googleapis.com:443
2025-01-18 14:36:41,832 DEBUG    urllib3.connectionpool https://container.googleapis.com:443 "GET /v1/projects/peppy-arcadia-432311-g5/locations/asia-northeast3/operations/operation-1737177945550-dc87f7e4-eab6-4bf2-93fb-d289aaa23602?alt=json HTTP/1.1" 200 None
2025-01-18 14:36:46,837 DEBUG    urllib3.connectionpool Starting new HTTPS connection (1): container.googleapis.com:443
2025-01-18 14:36:46,933 DEBUG    urllib3.connectionpool https://container.googleapis.com:443 "GET /v1/projects/peppy-arcadia-432311-g5/locations/asia-northeast3/operations/operation-1737177945550-dc87f7e4-eab6-4bf2-93fb-d289aaa23602?alt=json HTTP/1.1" 200 None
2025-01-18 14:36:51,938 DEBUG    urllib3.connectionpool Starting new HTTPS connection (1): container.googleapis.com:443
2025-01-18 14:36:52,069 DEBUG    urllib3.connectionpool https://container.googleapis.com:443 "GET /v1/projects/peppy-arcadia-432311-g5/locations/asia-northeast3/operations/operation-1737177945550-dc87f7e4-eab6-4bf2-93fb-d289aaa23602?alt=json HTTP/1.1" 200 None
2025-01-18 14:36:57,074 DEBUG    urllib3.connectionpool Starting new HTTPS connection (1): container.googleapis.com:443
2025-01-18 14:36:57,264 DEBUG    urllib3.connectionpool https://container.googleapis.com:443 "GET /v1/projects/peppy-arcadia-432311-g5/locations/asia-northeast3/operations/operation-1737177945550-dc87f7e4-eab6-4bf2-93fb-d289aaa23602?alt=json HTTP/1.1" 200 None
2025-01-18 14:37:02,269 DEBUG    urllib3.connectionpool Starting new HTTPS connection (1): container.googleapis.com:443
2025-01-18 14:37:02,365 DEBUG    urllib3.connectionpool https://container.googleapis.com:443 "GET /v1/projects/peppy-arcadia-432311-g5/locations/asia-northeast3/operations/operation-1737177945550-dc87f7e4-eab6-4bf2-93fb-d289aaa23602?alt=json HTTP/1.1" 200 None
2025-01-18 14:37:07,370 DEBUG    urllib3.connectionpool Starting new HTTPS connection (1): container.googleapis.com:443
2025-01-18 14:37:07,503 DEBUG    urllib3.connectionpool https://container.googleapis.com:443 "GET /v1/projects/peppy-arcadia-432311-g5/locations/asia-northeast3/operations/operation-1737177945550-dc87f7e4-eab6-4bf2-93fb-d289aaa23602?alt=json HTTP/1.1" 200 None
2025-01-18 14:37:12,508 DEBUG    urllib3.connectionpool Starting new HTTPS connection (1): container.googleapis.com:443
2025-01-18 14:37:12,691 DEBUG    urllib3.connectionpool https://container.googleapis.com:443 "GET /v1/projects/peppy-arcadia-432311-g5/locations/asia-northeast3/operations/operation-1737177945550-dc87f7e4-eab6-4bf2-93fb-d289aaa23602?alt=json HTTP/1.1" 200 None
2025-01-18 14:37:17,695 DEBUG    urllib3.connectionpool Starting new HTTPS connection (1): container.googleapis.com:443
2025-01-18 14:37:17,835 DEBUG    urllib3.connectionpool https://container.googleapis.com:443 "GET /v1/projects/peppy-arcadia-432311-g5/locations/asia-northeast3/operations/operation-1737177945550-dc87f7e4-eab6-4bf2-93fb-d289aaa23602?alt=json HTTP/1.1" 200 None
2025-01-18 14:37:22,840 DEBUG    urllib3.connectionpool Starting new HTTPS connection (1): container.googleapis.com:443
2025-01-18 14:37:22,941 DEBUG    urllib3.connectionpool https://container.googleapis.com:443 "GET /v1/projects/peppy-arcadia-432311-g5/locations/asia-northeast3/operations/operation-1737177945550-dc87f7e4-eab6-4bf2-93fb-d289aaa23602?alt=json HTTP/1.1" 200 None
2025-01-18 14:37:27,945 DEBUG    urllib3.connectionpool Starting new HTTPS connection (1): container.googleapis.com:443
2025-01-18 14:37:28,127 DEBUG    urllib3.connectionpool https://container.googleapis.com:443 "GET /v1/projects/peppy-arcadia-432311-g5/locations/asia-northeast3/operations/operation-1737177945550-dc87f7e4-eab6-4bf2-93fb-d289aaa23602?alt=json HTTP/1.1" 200 None
2025-01-18 14:37:33,129 DEBUG    urllib3.connectionpool Starting new HTTPS connection (1): container.googleapis.com:443
2025-01-18 14:37:33,211 DEBUG    urllib3.connectionpool https://container.googleapis.com:443 "GET /v1/projects/peppy-arcadia-432311-g5/locations/asia-northeast3/operations/operation-1737177945550-dc87f7e4-eab6-4bf2-93fb-d289aaa23602?alt=json HTTP/1.1" 200 None
2025-01-18 14:37:38,216 DEBUG    urllib3.connectionpool Starting new HTTPS connection (1): container.googleapis.com:443
2025-01-18 14:37:38,350 DEBUG    urllib3.connectionpool https://container.googleapis.com:443 "GET /v1/projects/peppy-arcadia-432311-g5/locations/asia-northeast3/operations/operation-1737177945550-dc87f7e4-eab6-4bf2-93fb-d289aaa23602?alt=json HTTP/1.1" 200 None
2025-01-18 14:37:43,355 DEBUG    urllib3.connectionpool Starting new HTTPS connection (1): container.googleapis.com:443
2025-01-18 14:37:43,484 DEBUG    urllib3.connectionpool https://container.googleapis.com:443 "GET /v1/projects/peppy-arcadia-432311-g5/locations/asia-northeast3/operations/operation-1737177945550-dc87f7e4-eab6-4bf2-93fb-d289aaa23602?alt=json HTTP/1.1" 200 None
2025-01-18 14:37:48,487 DEBUG    urllib3.connectionpool Starting new HTTPS connection (1): container.googleapis.com:443
2025-01-18 14:37:48,614 DEBUG    urllib3.connectionpool https://container.googleapis.com:443 "GET /v1/projects/peppy-arcadia-432311-g5/locations/asia-northeast3/operations/operation-1737177945550-dc87f7e4-eab6-4bf2-93fb-d289aaa23602?alt=json HTTP/1.1" 200 None
2025-01-18 14:37:53,620 DEBUG    urllib3.connectionpool Starting new HTTPS connection (1): container.googleapis.com:443
2025-01-18 14:37:53,722 DEBUG    urllib3.connectionpool https://container.googleapis.com:443 "GET /v1/projects/peppy-arcadia-432311-g5/locations/asia-northeast3/operations/operation-1737177945550-dc87f7e4-eab6-4bf2-93fb-d289aaa23602?alt=json HTTP/1.1" 200 None
2025-01-18 14:37:58,728 DEBUG    urllib3.connectionpool Starting new HTTPS connection (1): container.googleapis.com:443
2025-01-18 14:37:58,872 DEBUG    urllib3.connectionpool https://container.googleapis.com:443 "GET /v1/projects/peppy-arcadia-432311-g5/locations/asia-northeast3/operations/operation-1737177945550-dc87f7e4-eab6-4bf2-93fb-d289aaa23602?alt=json HTTP/1.1" 200 None
2025-01-18 14:38:03,877 DEBUG    urllib3.connectionpool Starting new HTTPS connection (1): container.googleapis.com:443
2025-01-18 14:38:04,011 DEBUG    urllib3.connectionpool https://container.googleapis.com:443 "GET /v1/projects/peppy-arcadia-432311-g5/locations/asia-northeast3/operations/operation-1737177945550-dc87f7e4-eab6-4bf2-93fb-d289aaa23602?alt=json HTTP/1.1" 200 None
2025-01-18 14:38:09,018 DEBUG    urllib3.connectionpool Starting new HTTPS connection (1): container.googleapis.com:443
2025-01-18 14:38:09,163 DEBUG    urllib3.connectionpool https://container.googleapis.com:443 "GET /v1/projects/peppy-arcadia-432311-g5/locations/asia-northeast3/operations/operation-1737177945550-dc87f7e4-eab6-4bf2-93fb-d289aaa23602?alt=json HTTP/1.1" 200 None
2025-01-18 14:38:14,170 DEBUG    urllib3.connectionpool Starting new HTTPS connection (1): container.googleapis.com:443
2025-01-18 14:38:14,323 DEBUG    urllib3.connectionpool https://container.googleapis.com:443 "GET /v1/projects/peppy-arcadia-432311-g5/locations/asia-northeast3/operations/operation-1737177945550-dc87f7e4-eab6-4bf2-93fb-d289aaa23602?alt=json HTTP/1.1" 200 None
2025-01-18 14:38:19,326 DEBUG    urllib3.connectionpool Starting new HTTPS connection (1): container.googleapis.com:443
2025-01-18 14:38:19,422 DEBUG    urllib3.connectionpool https://container.googleapis.com:443 "GET /v1/projects/peppy-arcadia-432311-g5/locations/asia-northeast3/operations/operation-1737177945550-dc87f7e4-eab6-4bf2-93fb-d289aaa23602?alt=json HTTP/1.1" 200 None
2025-01-18 14:38:24,427 DEBUG    urllib3.connectionpool Starting new HTTPS connection (1): container.googleapis.com:443
2025-01-18 14:38:24,562 DEBUG    urllib3.connectionpool https://container.googleapis.com:443 "GET /v1/projects/peppy-arcadia-432311-g5/locations/asia-northeast3/operations/operation-1737177945550-dc87f7e4-eab6-4bf2-93fb-d289aaa23602?alt=json HTTP/1.1" 200 None
2025-01-18 14:38:29,565 DEBUG    urllib3.connectionpool Starting new HTTPS connection (1): container.googleapis.com:443
2025-01-18 14:38:29,751 DEBUG    urllib3.connectionpool https://container.googleapis.com:443 "GET /v1/projects/peppy-arcadia-432311-g5/locations/asia-northeast3/operations/operation-1737177945550-dc87f7e4-eab6-4bf2-93fb-d289aaa23602?alt=json HTTP/1.1" 200 None
2025-01-18 14:38:34,757 DEBUG    urllib3.connectionpool Starting new HTTPS connection (1): container.googleapis.com:443
2025-01-18 14:38:34,892 DEBUG    urllib3.connectionpool https://container.googleapis.com:443 "GET /v1/projects/peppy-arcadia-432311-g5/locations/asia-northeast3/operations/operation-1737177945550-dc87f7e4-eab6-4bf2-93fb-d289aaa23602?alt=json HTTP/1.1" 200 None
2025-01-18 14:38:39,904 DEBUG    urllib3.connectionpool Starting new HTTPS connection (1): container.googleapis.com:443
2025-01-18 14:38:40,051 DEBUG    urllib3.connectionpool https://container.googleapis.com:443 "GET /v1/projects/peppy-arcadia-432311-g5/locations/asia-northeast3/operations/operation-1737177945550-dc87f7e4-eab6-4bf2-93fb-d289aaa23602?alt=json HTTP/1.1" 200 None
2025-01-18 14:38:45,058 DEBUG    urllib3.connectionpool Starting new HTTPS connection (1): container.googleapis.com:443
2025-01-18 14:38:45,151 DEBUG    urllib3.connectionpool https://container.googleapis.com:443 "GET /v1/projects/peppy-arcadia-432311-g5/locations/asia-northeast3/operations/operation-1737177945550-dc87f7e4-eab6-4bf2-93fb-d289aaa23602?alt=json HTTP/1.1" 200 None
2025-01-18 14:38:50,156 DEBUG    urllib3.connectionpool Starting new HTTPS connection (1): container.googleapis.com:443
2025-01-18 14:38:50,587 DEBUG    urllib3.connectionpool https://container.googleapis.com:443 "GET /v1/projects/peppy-arcadia-432311-g5/locations/asia-northeast3/operations/operation-1737177945550-dc87f7e4-eab6-4bf2-93fb-d289aaa23602?alt=json HTTP/1.1" 200 None
2025-01-18 14:38:55,591 DEBUG    urllib3.connectionpool Starting new HTTPS connection (1): container.googleapis.com:443
2025-01-18 14:38:55,721 DEBUG    urllib3.connectionpool https://container.googleapis.com:443 "GET /v1/projects/peppy-arcadia-432311-g5/locations/asia-northeast3/operations/operation-1737177945550-dc87f7e4-eab6-4bf2-93fb-d289aaa23602?alt=json HTTP/1.1" 200 None
2025-01-18 14:39:00,724 DEBUG    urllib3.connectionpool Starting new HTTPS connection (1): container.googleapis.com:443
2025-01-18 14:39:00,855 DEBUG    urllib3.connectionpool https://container.googleapis.com:443 "GET /v1/projects/peppy-arcadia-432311-g5/locations/asia-northeast3/operations/operation-1737177945550-dc87f7e4-eab6-4bf2-93fb-d289aaa23602?alt=json HTTP/1.1" 200 None
2025-01-18 14:39:05,859 DEBUG    urllib3.connectionpool Starting new HTTPS connection (1): container.googleapis.com:443
2025-01-18 14:39:05,986 DEBUG    urllib3.connectionpool https://container.googleapis.com:443 "GET /v1/projects/peppy-arcadia-432311-g5/locations/asia-northeast3/operations/operation-1737177945550-dc87f7e4-eab6-4bf2-93fb-d289aaa23602?alt=json HTTP/1.1" 200 None
2025-01-18 14:39:10,991 DEBUG    urllib3.connectionpool Starting new HTTPS connection (1): container.googleapis.com:443
2025-01-18 14:39:11,138 DEBUG    urllib3.connectionpool https://container.googleapis.com:443 "GET /v1/projects/peppy-arcadia-432311-g5/locations/asia-northeast3/operations/operation-1737177945550-dc87f7e4-eab6-4bf2-93fb-d289aaa23602?alt=json HTTP/1.1" 200 None
2025-01-18 14:39:16,143 DEBUG    urllib3.connectionpool Starting new HTTPS connection (1): container.googleapis.com:443
2025-01-18 14:39:16,366 DEBUG    urllib3.connectionpool https://container.googleapis.com:443 "GET /v1/projects/peppy-arcadia-432311-g5/locations/asia-northeast3/operations/operation-1737177945550-dc87f7e4-eab6-4bf2-93fb-d289aaa23602?alt=json HTTP/1.1" 200 None
2025-01-18 14:39:21,372 DEBUG    urllib3.connectionpool Starting new HTTPS connection (1): container.googleapis.com:443
2025-01-18 14:39:21,541 DEBUG    urllib3.connectionpool https://container.googleapis.com:443 "GET /v1/projects/peppy-arcadia-432311-g5/locations/asia-northeast3/operations/operation-1737177945550-dc87f7e4-eab6-4bf2-93fb-d289aaa23602?alt=json HTTP/1.1" 200 None
2025-01-18 14:39:27,032 DEBUG    urllib3.connectionpool Starting new HTTPS connection (1): container.googleapis.com:443
2025-01-18 14:39:27,191 DEBUG    urllib3.connectionpool https://container.googleapis.com:443 "GET /v1/projects/peppy-arcadia-432311-g5/locations/asia-northeast3/operations/operation-1737177945550-dc87f7e4-eab6-4bf2-93fb-d289aaa23602?alt=json HTTP/1.1" 200 None
2025-01-18 14:39:32,196 DEBUG    urllib3.connectionpool Starting new HTTPS connection (1): container.googleapis.com:443
2025-01-18 14:39:32,286 DEBUG    urllib3.connectionpool https://container.googleapis.com:443 "GET /v1/projects/peppy-arcadia-432311-g5/locations/asia-northeast3/operations/operation-1737177945550-dc87f7e4-eab6-4bf2-93fb-d289aaa23602?alt=json HTTP/1.1" 200 None
2025-01-18 14:39:37,293 DEBUG    urllib3.connectionpool Starting new HTTPS connection (1): container.googleapis.com:443
2025-01-18 14:39:37,465 DEBUG    urllib3.connectionpool https://container.googleapis.com:443 "GET /v1/projects/peppy-arcadia-432311-g5/locations/asia-northeast3/operations/operation-1737177945550-dc87f7e4-eab6-4bf2-93fb-d289aaa23602?alt=json HTTP/1.1" 200 None
2025-01-18 14:39:42,470 DEBUG    urllib3.connectionpool Starting new HTTPS connection (1): container.googleapis.com:443
2025-01-18 14:39:42,635 DEBUG    urllib3.connectionpool https://container.googleapis.com:443 "GET /v1/projects/peppy-arcadia-432311-g5/locations/asia-northeast3/operations/operation-1737177945550-dc87f7e4-eab6-4bf2-93fb-d289aaa23602?alt=json HTTP/1.1" 200 None
2025-01-18 14:39:47,637 DEBUG    google.auth.transport.requests Making request: POST https://oauth2.googleapis.com/token
2025-01-18 14:39:47,638 DEBUG    urllib3.connectionpool Starting new HTTPS connection (1): oauth2.googleapis.com:443
2025-01-18 14:39:48,016 DEBUG    urllib3.connectionpool https://oauth2.googleapis.com:443 "POST /token HTTP/1.1" 200 None
2025-01-18 14:39:48,030 DEBUG    urllib3.connectionpool Starting new HTTPS connection (1): container.googleapis.com:443
2025-01-18 14:39:48,158 DEBUG    urllib3.connectionpool https://container.googleapis.com:443 "GET /v1/projects/peppy-arcadia-432311-g5/locations/asia-northeast3/operations/operation-1737177945550-dc87f7e4-eab6-4bf2-93fb-d289aaa23602?alt=json HTTP/1.1" 200 None
2025-01-18 14:39:53,162 DEBUG    urllib3.connectionpool Starting new HTTPS connection (1): container.googleapis.com:443
2025-01-18 14:39:53,370 DEBUG    urllib3.connectionpool https://container.googleapis.com:443 "GET /v1/projects/peppy-arcadia-432311-g5/locations/asia-northeast3/operations/operation-1737177945550-dc87f7e4-eab6-4bf2-93fb-d289aaa23602?alt=json HTTP/1.1" 200 None
2025-01-18 14:39:58,376 DEBUG    urllib3.connectionpool Starting new HTTPS connection (1): container.googleapis.com:443
2025-01-18 14:39:58,501 DEBUG    urllib3.connectionpool https://container.googleapis.com:443 "GET /v1/projects/peppy-arcadia-432311-g5/locations/asia-northeast3/operations/operation-1737177945550-dc87f7e4-eab6-4bf2-93fb-d289aaa23602?alt=json HTTP/1.1" 200 None
2025-01-18 14:40:03,507 DEBUG    urllib3.connectionpool Starting new HTTPS connection (1): container.googleapis.com:443
2025-01-18 14:40:03,686 DEBUG    urllib3.connectionpool https://container.googleapis.com:443 "GET /v1/projects/peppy-arcadia-432311-g5/locations/asia-northeast3/operations/operation-1737177945550-dc87f7e4-eab6-4bf2-93fb-d289aaa23602?alt=json HTTP/1.1" 200 None
2025-01-18 14:40:08,695 DEBUG    urllib3.connectionpool Starting new HTTPS connection (1): container.googleapis.com:443
2025-01-18 14:40:08,782 DEBUG    urllib3.connectionpool https://container.googleapis.com:443 "GET /v1/projects/peppy-arcadia-432311-g5/locations/asia-northeast3/operations/operation-1737177945550-dc87f7e4-eab6-4bf2-93fb-d289aaa23602?alt=json HTTP/1.1" 200 None
2025-01-18 14:40:13,784 DEBUG    urllib3.connectionpool Starting new HTTPS connection (1): container.googleapis.com:443
2025-01-18 14:40:13,969 DEBUG    urllib3.connectionpool https://container.googleapis.com:443 "GET /v1/projects/peppy-arcadia-432311-g5/locations/asia-northeast3/operations/operation-1737177945550-dc87f7e4-eab6-4bf2-93fb-d289aaa23602?alt=json HTTP/1.1" 200 None
2025-01-18 14:40:18,975 DEBUG    urllib3.connectionpool Starting new HTTPS connection (1): container.googleapis.com:443
2025-01-18 14:40:19,118 DEBUG    urllib3.connectionpool https://container.googleapis.com:443 "GET /v1/projects/peppy-arcadia-432311-g5/locations/asia-northeast3/operations/operation-1737177945550-dc87f7e4-eab6-4bf2-93fb-d289aaa23602?alt=json HTTP/1.1" 200 None
2025-01-18 14:40:24,126 DEBUG    urllib3.connectionpool Starting new HTTPS connection (1): container.googleapis.com:443
2025-01-18 14:40:24,256 DEBUG    urllib3.connectionpool https://container.googleapis.com:443 "GET /v1/projects/peppy-arcadia-432311-g5/locations/asia-northeast3/operations/operation-1737177945550-dc87f7e4-eab6-4bf2-93fb-d289aaa23602?alt=json HTTP/1.1" 200 None
2025-01-18 14:40:29,262 DEBUG    urllib3.connectionpool Starting new HTTPS connection (1): container.googleapis.com:443
2025-01-18 14:40:29,398 DEBUG    urllib3.connectionpool https://container.googleapis.com:443 "GET /v1/projects/peppy-arcadia-432311-g5/locations/asia-northeast3/operations/operation-1737177945550-dc87f7e4-eab6-4bf2-93fb-d289aaa23602?alt=json HTTP/1.1" 200 None
2025-01-18 14:40:34,401 DEBUG    urllib3.connectionpool Starting new HTTPS connection (1): container.googleapis.com:443
2025-01-18 14:40:34,570 DEBUG    urllib3.connectionpool https://container.googleapis.com:443 "GET /v1/projects/peppy-arcadia-432311-g5/locations/asia-northeast3/operations/operation-1737177945550-dc87f7e4-eab6-4bf2-93fb-d289aaa23602?alt=json HTTP/1.1" 200 None
2025-01-18 14:40:39,576 DEBUG    urllib3.connectionpool Starting new HTTPS connection (1): container.googleapis.com:443
2025-01-18 14:40:39,710 DEBUG    urllib3.connectionpool https://container.googleapis.com:443 "GET /v1/projects/peppy-arcadia-432311-g5/locations/asia-northeast3/operations/operation-1737177945550-dc87f7e4-eab6-4bf2-93fb-d289aaa23602?alt=json HTTP/1.1" 200 None
2025-01-18 14:40:44,715 DEBUG    urllib3.connectionpool Starting new HTTPS connection (1): container.googleapis.com:443
2025-01-18 14:40:44,907 DEBUG    urllib3.connectionpool https://container.googleapis.com:443 "GET /v1/projects/peppy-arcadia-432311-g5/locations/asia-northeast3/operations/operation-1737177945550-dc87f7e4-eab6-4bf2-93fb-d289aaa23602?alt=json HTTP/1.1" 200 None
2025-01-18 14:40:49,914 DEBUG    urllib3.connectionpool Starting new HTTPS connection (1): container.googleapis.com:443
2025-01-18 14:40:50,044 DEBUG    urllib3.connectionpool https://container.googleapis.com:443 "GET /v1/projects/peppy-arcadia-432311-g5/locations/asia-northeast3/operations/operation-1737177945550-dc87f7e4-eab6-4bf2-93fb-d289aaa23602?alt=json HTTP/1.1" 200 None
2025-01-18 14:40:55,050 DEBUG    urllib3.connectionpool Starting new HTTPS connection (1): container.googleapis.com:443
2025-01-18 14:40:55,183 DEBUG    urllib3.connectionpool https://container.googleapis.com:443 "GET /v1/projects/peppy-arcadia-432311-g5/locations/asia-northeast3/operations/operation-1737177945550-dc87f7e4-eab6-4bf2-93fb-d289aaa23602?alt=json HTTP/1.1" 200 None
2025-01-18 14:41:00,187 DEBUG    urllib3.connectionpool Starting new HTTPS connection (1): container.googleapis.com:443
2025-01-18 14:41:00,412 DEBUG    urllib3.connectionpool https://container.googleapis.com:443 "GET /v1/projects/peppy-arcadia-432311-g5/locations/asia-northeast3/operations/operation-1737177945550-dc87f7e4-eab6-4bf2-93fb-d289aaa23602?alt=json HTTP/1.1" 200 None
2025-01-18 14:41:05,416 DEBUG    urllib3.connectionpool Starting new HTTPS connection (1): container.googleapis.com:443
2025-01-18 14:41:05,515 DEBUG    urllib3.connectionpool https://container.googleapis.com:443 "GET /v1/projects/peppy-arcadia-432311-g5/locations/asia-northeast3/operations/operation-1737177945550-dc87f7e4-eab6-4bf2-93fb-d289aaa23602?alt=json HTTP/1.1" 200 None
2025-01-18 14:41:10,522 DEBUG    urllib3.connectionpool Starting new HTTPS connection (1): container.googleapis.com:443
2025-01-18 14:41:10,660 DEBUG    urllib3.connectionpool https://container.googleapis.com:443 "GET /v1/projects/peppy-arcadia-432311-g5/locations/asia-northeast3/operations/operation-1737177945550-dc87f7e4-eab6-4bf2-93fb-d289aaa23602?alt=json HTTP/1.1" 200 None
2025-01-18 14:41:15,668 DEBUG    urllib3.connectionpool Starting new HTTPS connection (1): container.googleapis.com:443
2025-01-18 14:41:15,852 DEBUG    urllib3.connectionpool https://container.googleapis.com:443 "GET /v1/projects/peppy-arcadia-432311-g5/locations/asia-northeast3/operations/operation-1737177945550-dc87f7e4-eab6-4bf2-93fb-d289aaa23602?alt=json HTTP/1.1" 200 None
2025-01-18 14:41:20,858 DEBUG    urllib3.connectionpool Starting new HTTPS connection (1): container.googleapis.com:443
2025-01-18 14:41:20,992 DEBUG    urllib3.connectionpool https://container.googleapis.com:443 "GET /v1/projects/peppy-arcadia-432311-g5/locations/asia-northeast3/operations/operation-1737177945550-dc87f7e4-eab6-4bf2-93fb-d289aaa23602?alt=json HTTP/1.1" 200 None
2025-01-18 14:41:25,995 DEBUG    urllib3.connectionpool Starting new HTTPS connection (1): container.googleapis.com:443
2025-01-18 14:41:26,124 DEBUG    urllib3.connectionpool https://container.googleapis.com:443 "GET /v1/projects/peppy-arcadia-432311-g5/locations/asia-northeast3/operations/operation-1737177945550-dc87f7e4-eab6-4bf2-93fb-d289aaa23602?alt=json HTTP/1.1" 200 None
2025-01-18 14:41:31,129 DEBUG    urllib3.connectionpool Starting new HTTPS connection (1): container.googleapis.com:443
2025-01-18 14:41:31,312 DEBUG    urllib3.connectionpool https://container.googleapis.com:443 "GET /v1/projects/peppy-arcadia-432311-g5/locations/asia-northeast3/operations/operation-1737177945550-dc87f7e4-eab6-4bf2-93fb-d289aaa23602?alt=json HTTP/1.1" 200 None
2025-01-18 14:41:36,318 DEBUG    urllib3.connectionpool Starting new HTTPS connection (1): container.googleapis.com:443
2025-01-18 14:41:36,495 DEBUG    urllib3.connectionpool https://container.googleapis.com:443 "GET /v1/projects/peppy-arcadia-432311-g5/locations/asia-northeast3/operations/operation-1737177945550-dc87f7e4-eab6-4bf2-93fb-d289aaa23602?alt=json HTTP/1.1" 200 None
2025-01-18 14:41:41,500 DEBUG    urllib3.connectionpool Starting new HTTPS connection (1): container.googleapis.com:443
2025-01-18 14:41:41,637 DEBUG    urllib3.connectionpool https://container.googleapis.com:443 "GET /v1/projects/peppy-arcadia-432311-g5/locations/asia-northeast3/operations/operation-1737177945550-dc87f7e4-eab6-4bf2-93fb-d289aaa23602?alt=json HTTP/1.1" 200 None
2025-01-18 14:41:46,642 DEBUG    urllib3.connectionpool Starting new HTTPS connection (1): container.googleapis.com:443
2025-01-18 14:41:46,766 DEBUG    urllib3.connectionpool https://container.googleapis.com:443 "GET /v1/projects/peppy-arcadia-432311-g5/locations/asia-northeast3/operations/operation-1737177945550-dc87f7e4-eab6-4bf2-93fb-d289aaa23602?alt=json HTTP/1.1" 200 None
2025-01-18 14:41:51,771 DEBUG    urllib3.connectionpool Starting new HTTPS connection (1): container.googleapis.com:443
2025-01-18 14:41:51,904 DEBUG    urllib3.connectionpool https://container.googleapis.com:443 "GET /v1/projects/peppy-arcadia-432311-g5/locations/asia-northeast3/operations/operation-1737177945550-dc87f7e4-eab6-4bf2-93fb-d289aaa23602?alt=json HTTP/1.1" 200 None
2025-01-18 14:41:56,911 DEBUG    urllib3.connectionpool Starting new HTTPS connection (1): container.googleapis.com:443
2025-01-18 14:41:57,100 DEBUG    urllib3.connectionpool https://container.googleapis.com:443 "GET /v1/projects/peppy-arcadia-432311-g5/locations/asia-northeast3/operations/operation-1737177945550-dc87f7e4-eab6-4bf2-93fb-d289aaa23602?alt=json HTTP/1.1" 200 None
2025-01-18 14:42:02,104 DEBUG    urllib3.connectionpool Starting new HTTPS connection (1): container.googleapis.com:443
2025-01-18 14:42:02,239 DEBUG    urllib3.connectionpool https://container.googleapis.com:443 "GET /v1/projects/peppy-arcadia-432311-g5/locations/asia-northeast3/operations/operation-1737177945550-dc87f7e4-eab6-4bf2-93fb-d289aaa23602?alt=json HTTP/1.1" 200 None
2025-01-18 14:42:07,246 DEBUG    urllib3.connectionpool Starting new HTTPS connection (1): container.googleapis.com:443
2025-01-18 14:42:07,340 DEBUG    urllib3.connectionpool https://container.googleapis.com:443 "GET /v1/projects/peppy-arcadia-432311-g5/locations/asia-northeast3/operations/operation-1737177945550-dc87f7e4-eab6-4bf2-93fb-d289aaa23602?alt=json HTTP/1.1" 200 None
2025-01-18 14:42:12,345 DEBUG    urllib3.connectionpool Starting new HTTPS connection (1): container.googleapis.com:443
2025-01-18 14:42:12,528 DEBUG    urllib3.connectionpool https://container.googleapis.com:443 "GET /v1/projects/peppy-arcadia-432311-g5/locations/asia-northeast3/operations/operation-1737177945550-dc87f7e4-eab6-4bf2-93fb-d289aaa23602?alt=json HTTP/1.1" 200 None
2025-01-18 14:42:17,534 DEBUG    urllib3.connectionpool Starting new HTTPS connection (1): container.googleapis.com:443
2025-01-18 14:42:17,629 DEBUG    urllib3.connectionpool https://container.googleapis.com:443 "GET /v1/projects/peppy-arcadia-432311-g5/locations/asia-northeast3/operations/operation-1737177945550-dc87f7e4-eab6-4bf2-93fb-d289aaa23602?alt=json HTTP/1.1" 200 None
2025-01-18 14:42:22,633 DEBUG    urllib3.connectionpool Starting new HTTPS connection (1): container.googleapis.com:443
2025-01-18 14:42:22,773 DEBUG    urllib3.connectionpool https://container.googleapis.com:443 "GET /v1/projects/peppy-arcadia-432311-g5/locations/asia-northeast3/operations/operation-1737177945550-dc87f7e4-eab6-4bf2-93fb-d289aaa23602?alt=json HTTP/1.1" 200 None
2025-01-18 14:42:27,778 DEBUG    urllib3.connectionpool Starting new HTTPS connection (1): container.googleapis.com:443
2025-01-18 14:42:27,968 DEBUG    urllib3.connectionpool https://container.googleapis.com:443 "GET /v1/projects/peppy-arcadia-432311-g5/locations/asia-northeast3/operations/operation-1737177945550-dc87f7e4-eab6-4bf2-93fb-d289aaa23602?alt=json HTTP/1.1" 200 None
2025-01-18 14:42:32,973 DEBUG    urllib3.connectionpool Starting new HTTPS connection (1): container.googleapis.com:443
2025-01-18 14:42:33,112 DEBUG    urllib3.connectionpool https://container.googleapis.com:443 "GET /v1/projects/peppy-arcadia-432311-g5/locations/asia-northeast3/operations/operation-1737177945550-dc87f7e4-eab6-4bf2-93fb-d289aaa23602?alt=json HTTP/1.1" 200 None
2025-01-18 14:42:38,118 DEBUG    urllib3.connectionpool Starting new HTTPS connection (1): container.googleapis.com:443
2025-01-18 14:42:38,300 DEBUG    urllib3.connectionpool https://container.googleapis.com:443 "GET /v1/projects/peppy-arcadia-432311-g5/locations/asia-northeast3/operations/operation-1737177945550-dc87f7e4-eab6-4bf2-93fb-d289aaa23602?alt=json HTTP/1.1" 200 None
2025-01-18 14:42:43,309 DEBUG    urllib3.connectionpool Starting new HTTPS connection (1): container.googleapis.com:443
2025-01-18 14:42:43,440 DEBUG    urllib3.connectionpool https://container.googleapis.com:443 "GET /v1/projects/peppy-arcadia-432311-g5/locations/asia-northeast3/operations/operation-1737177945550-dc87f7e4-eab6-4bf2-93fb-d289aaa23602?alt=json HTTP/1.1" 200 None
2025-01-18 14:42:48,444 DEBUG    urllib3.connectionpool Starting new HTTPS connection (1): container.googleapis.com:443
2025-01-18 14:42:48,579 DEBUG    urllib3.connectionpool https://container.googleapis.com:443 "GET /v1/projects/peppy-arcadia-432311-g5/locations/asia-northeast3/operations/operation-1737177945550-dc87f7e4-eab6-4bf2-93fb-d289aaa23602?alt=json HTTP/1.1" 200 None
2025-01-18 14:42:53,583 DEBUG    urllib3.connectionpool Starting new HTTPS connection (1): container.googleapis.com:443
2025-01-18 14:42:53,810 DEBUG    urllib3.connectionpool https://container.googleapis.com:443 "GET /v1/projects/peppy-arcadia-432311-g5/locations/asia-northeast3/operations/operation-1737177945550-dc87f7e4-eab6-4bf2-93fb-d289aaa23602?alt=json HTTP/1.1" 200 None
2025-01-18 14:42:58,814 DEBUG    urllib3.connectionpool Starting new HTTPS connection (1): container.googleapis.com:443
2025-01-18 14:42:58,916 DEBUG    urllib3.connectionpool https://container.googleapis.com:443 "GET /v1/projects/peppy-arcadia-432311-g5/locations/asia-northeast3/operations/operation-1737177945550-dc87f7e4-eab6-4bf2-93fb-d289aaa23602?alt=json HTTP/1.1" 200 None
2025-01-18 14:43:03,924 DEBUG    urllib3.connectionpool Starting new HTTPS connection (1): container.googleapis.com:443
2025-01-18 14:43:04,107 DEBUG    urllib3.connectionpool https://container.googleapis.com:443 "GET /v1/projects/peppy-arcadia-432311-g5/locations/asia-northeast3/operations/operation-1737177945550-dc87f7e4-eab6-4bf2-93fb-d289aaa23602?alt=json HTTP/1.1" 200 None
2025-01-18 14:43:09,113 DEBUG    urllib3.connectionpool Starting new HTTPS connection (1): container.googleapis.com:443
2025-01-18 14:43:09,201 DEBUG    urllib3.connectionpool https://container.googleapis.com:443 "GET /v1/projects/peppy-arcadia-432311-g5/locations/asia-northeast3/operations/operation-1737177945550-dc87f7e4-eab6-4bf2-93fb-d289aaa23602?alt=json HTTP/1.1" 200 None
2025-01-18 14:43:14,205 DEBUG    urllib3.connectionpool Starting new HTTPS connection (1): container.googleapis.com:443
2025-01-18 14:43:14,337 DEBUG    urllib3.connectionpool https://container.googleapis.com:443 "GET /v1/projects/peppy-arcadia-432311-g5/locations/asia-northeast3/operations/operation-1737177945550-dc87f7e4-eab6-4bf2-93fb-d289aaa23602?alt=json HTTP/1.1" 200 None
2025-01-18 14:43:19,341 DEBUG    urllib3.connectionpool Starting new HTTPS connection (1): container.googleapis.com:443
2025-01-18 14:43:19,435 DEBUG    urllib3.connectionpool https://container.googleapis.com:443 "GET /v1/projects/peppy-arcadia-432311-g5/locations/asia-northeast3/operations/operation-1737177945550-dc87f7e4-eab6-4bf2-93fb-d289aaa23602?alt=json HTTP/1.1" 200 None
2025-01-18 14:43:24,441 DEBUG    urllib3.connectionpool Starting new HTTPS connection (1): container.googleapis.com:443
2025-01-18 14:43:24,573 DEBUG    urllib3.connectionpool https://container.googleapis.com:443 "GET /v1/projects/peppy-arcadia-432311-g5/locations/asia-northeast3/operations/operation-1737177945550-dc87f7e4-eab6-4bf2-93fb-d289aaa23602?alt=json HTTP/1.1" 200 None
2025-01-18 14:43:29,578 DEBUG    urllib3.connectionpool Starting new HTTPS connection (1): container.googleapis.com:443
2025-01-18 14:43:29,774 DEBUG    urllib3.connectionpool https://container.googleapis.com:443 "GET /v1/projects/peppy-arcadia-432311-g5/locations/asia-northeast3/operations/operation-1737177945550-dc87f7e4-eab6-4bf2-93fb-d289aaa23602?alt=json HTTP/1.1" 200 None
2025-01-18 14:43:34,779 DEBUG    urllib3.connectionpool Starting new HTTPS connection (1): container.googleapis.com:443
2025-01-18 14:43:34,916 DEBUG    urllib3.connectionpool https://container.googleapis.com:443 "GET /v1/projects/peppy-arcadia-432311-g5/locations/asia-northeast3/operations/operation-1737177945550-dc87f7e4-eab6-4bf2-93fb-d289aaa23602?alt=json HTTP/1.1" 200 None
2025-01-18 14:43:39,923 DEBUG    urllib3.connectionpool Starting new HTTPS connection (1): container.googleapis.com:443
2025-01-18 14:43:40,079 DEBUG    urllib3.connectionpool https://container.googleapis.com:443 "GET /v1/projects/peppy-arcadia-432311-g5/locations/asia-northeast3/operations/operation-1737177945550-dc87f7e4-eab6-4bf2-93fb-d289aaa23602?alt=json HTTP/1.1" 200 None
2025-01-18 14:43:45,087 DEBUG    urllib3.connectionpool Starting new HTTPS connection (1): container.googleapis.com:443
2025-01-18 14:43:45,261 DEBUG    urllib3.connectionpool https://container.googleapis.com:443 "GET /v1/projects/peppy-arcadia-432311-g5/locations/asia-northeast3/operations/operation-1737177945550-dc87f7e4-eab6-4bf2-93fb-d289aaa23602?alt=json HTTP/1.1" 200 None
2025-01-18 14:43:50,268 DEBUG    urllib3.connectionpool Starting new HTTPS connection (1): container.googleapis.com:443
2025-01-18 14:43:50,381 DEBUG    urllib3.connectionpool https://container.googleapis.com:443 "GET /v1/projects/peppy-arcadia-432311-g5/locations/asia-northeast3/operations/operation-1737177945550-dc87f7e4-eab6-4bf2-93fb-d289aaa23602?alt=json HTTP/1.1" 200 None
2025-01-18 14:43:55,388 DEBUG    urllib3.connectionpool Starting new HTTPS connection (1): container.googleapis.com:443
2025-01-18 14:43:55,567 DEBUG    urllib3.connectionpool https://container.googleapis.com:443 "GET /v1/projects/peppy-arcadia-432311-g5/locations/asia-northeast3/operations/operation-1737177945550-dc87f7e4-eab6-4bf2-93fb-d289aaa23602?alt=json HTTP/1.1" 200 None
2025-01-18 14:44:00,575 DEBUG    urllib3.connectionpool Starting new HTTPS connection (1): container.googleapis.com:443
2025-01-18 14:44:00,701 DEBUG    urllib3.connectionpool https://container.googleapis.com:443 "GET /v1/projects/peppy-arcadia-432311-g5/locations/asia-northeast3/operations/operation-1737177945550-dc87f7e4-eab6-4bf2-93fb-d289aaa23602?alt=json HTTP/1.1" 200 None
2025-01-18 14:44:05,708 DEBUG    urllib3.connectionpool Starting new HTTPS connection (1): container.googleapis.com:443
2025-01-18 14:44:05,834 DEBUG    urllib3.connectionpool https://container.googleapis.com:443 "GET /v1/projects/peppy-arcadia-432311-g5/locations/asia-northeast3/operations/operation-1737177945550-dc87f7e4-eab6-4bf2-93fb-d289aaa23602?alt=json HTTP/1.1" 200 None
2025-01-18 14:44:10,840 DEBUG    urllib3.connectionpool Starting new HTTPS connection (1): container.googleapis.com:443
2025-01-18 14:44:11,021 DEBUG    urllib3.connectionpool https://container.googleapis.com:443 "GET /v1/projects/peppy-arcadia-432311-g5/locations/asia-northeast3/operations/operation-1737177945550-dc87f7e4-eab6-4bf2-93fb-d289aaa23602?alt=json HTTP/1.1" 200 None
2025-01-18 14:44:16,027 DEBUG    urllib3.connectionpool Starting new HTTPS connection (1): container.googleapis.com:443
2025-01-18 14:44:16,161 DEBUG    urllib3.connectionpool https://container.googleapis.com:443 "GET /v1/projects/peppy-arcadia-432311-g5/locations/asia-northeast3/operations/operation-1737177945550-dc87f7e4-eab6-4bf2-93fb-d289aaa23602?alt=json HTTP/1.1" 200 None
2025-01-18 14:44:21,168 DEBUG    urllib3.connectionpool Starting new HTTPS connection (1): container.googleapis.com:443
2025-01-18 14:44:21,302 DEBUG    urllib3.connectionpool https://container.googleapis.com:443 "GET /v1/projects/peppy-arcadia-432311-g5/locations/asia-northeast3/operations/operation-1737177945550-dc87f7e4-eab6-4bf2-93fb-d289aaa23602?alt=json HTTP/1.1" 200 None
2025-01-18 14:44:26,308 DEBUG    urllib3.connectionpool Starting new HTTPS connection (1): container.googleapis.com:443
2025-01-18 14:44:26,437 DEBUG    urllib3.connectionpool https://container.googleapis.com:443 "GET /v1/projects/peppy-arcadia-432311-g5/locations/asia-northeast3/operations/operation-1737177945550-dc87f7e4-eab6-4bf2-93fb-d289aaa23602?alt=json HTTP/1.1" 200 None
2025-01-18 14:44:31,446 DEBUG    urllib3.connectionpool Starting new HTTPS connection (1): container.googleapis.com:443
2025-01-18 14:44:31,612 DEBUG    urllib3.connectionpool https://container.googleapis.com:443 "GET /v1/projects/peppy-arcadia-432311-g5/locations/asia-northeast3/operations/operation-1737177945550-dc87f7e4-eab6-4bf2-93fb-d289aaa23602?alt=json HTTP/1.1" 200 None
2025-01-18 14:44:36,619 DEBUG    urllib3.connectionpool Starting new HTTPS connection (1): container.googleapis.com:443
2025-01-18 14:44:36,841 DEBUG    urllib3.connectionpool https://container.googleapis.com:443 "GET /v1/projects/peppy-arcadia-432311-g5/locations/asia-northeast3/operations/operation-1737177945550-dc87f7e4-eab6-4bf2-93fb-d289aaa23602?alt=json HTTP/1.1" 200 None
2025-01-18 14:44:41,846 DEBUG    urllib3.connectionpool Starting new HTTPS connection (1): container.googleapis.com:443
2025-01-18 14:44:42,032 DEBUG    urllib3.connectionpool https://container.googleapis.com:443 "GET /v1/projects/peppy-arcadia-432311-g5/locations/asia-northeast3/operations/operation-1737177945550-dc87f7e4-eab6-4bf2-93fb-d289aaa23602?alt=json HTTP/1.1" 200 None
2025-01-18 14:44:47,036 DEBUG    urllib3.connectionpool Starting new HTTPS connection (1): container.googleapis.com:443
2025-01-18 14:44:47,189 DEBUG    urllib3.connectionpool https://container.googleapis.com:443 "GET /v1/projects/peppy-arcadia-432311-g5/locations/asia-northeast3/operations/operation-1737177945550-dc87f7e4-eab6-4bf2-93fb-d289aaa23602?alt=json HTTP/1.1" 200 None
2025-01-18 14:44:52,193 DEBUG    urllib3.connectionpool Starting new HTTPS connection (1): container.googleapis.com:443
2025-01-18 14:44:52,380 DEBUG    urllib3.connectionpool https://container.googleapis.com:443 "GET /v1/projects/peppy-arcadia-432311-g5/locations/asia-northeast3/operations/operation-1737177945550-dc87f7e4-eab6-4bf2-93fb-d289aaa23602?alt=json HTTP/1.1" 200 None
2025-01-18 14:44:57,388 DEBUG    urllib3.connectionpool Starting new HTTPS connection (1): container.googleapis.com:443
2025-01-18 14:44:57,799 DEBUG    urllib3.connectionpool https://container.googleapis.com:443 "GET /v1/projects/peppy-arcadia-432311-g5/locations/asia-northeast3/operations/operation-1737177945550-dc87f7e4-eab6-4bf2-93fb-d289aaa23602?alt=json HTTP/1.1" 200 None
2025-01-18 14:45:02,805 DEBUG    urllib3.connectionpool Starting new HTTPS connection (1): container.googleapis.com:443
2025-01-18 14:45:02,942 DEBUG    urllib3.connectionpool https://container.googleapis.com:443 "GET /v1/projects/peppy-arcadia-432311-g5/locations/asia-northeast3/operations/operation-1737177945550-dc87f7e4-eab6-4bf2-93fb-d289aaa23602?alt=json HTTP/1.1" 200 None
2025-01-18 14:45:07,946 DEBUG    urllib3.connectionpool Starting new HTTPS connection (1): container.googleapis.com:443
2025-01-18 14:45:08,124 DEBUG    urllib3.connectionpool https://container.googleapis.com:443 "GET /v1/projects/peppy-arcadia-432311-g5/locations/asia-northeast3/operations/operation-1737177945550-dc87f7e4-eab6-4bf2-93fb-d289aaa23602?alt=json HTTP/1.1" 200 None
2025-01-18 14:45:13,127 DEBUG    urllib3.connectionpool Starting new HTTPS connection (1): container.googleapis.com:443
2025-01-18 14:45:13,260 DEBUG    urllib3.connectionpool https://container.googleapis.com:443 "GET /v1/projects/peppy-arcadia-432311-g5/locations/asia-northeast3/operations/operation-1737177945550-dc87f7e4-eab6-4bf2-93fb-d289aaa23602?alt=json HTTP/1.1" 200 None
2025-01-18 14:45:18,266 DEBUG    urllib3.connectionpool Starting new HTTPS connection (1): container.googleapis.com:443
2025-01-18 14:45:18,363 DEBUG    urllib3.connectionpool https://container.googleapis.com:443 "GET /v1/projects/peppy-arcadia-432311-g5/locations/asia-northeast3/operations/operation-1737177945550-dc87f7e4-eab6-4bf2-93fb-d289aaa23602?alt=json HTTP/1.1" 200 None
2025-01-18 14:45:23,368 DEBUG    urllib3.connectionpool Starting new HTTPS connection (1): container.googleapis.com:443
2025-01-18 14:45:23,553 DEBUG    urllib3.connectionpool https://container.googleapis.com:443 "GET /v1/projects/peppy-arcadia-432311-g5/locations/asia-northeast3/operations/operation-1737177945550-dc87f7e4-eab6-4bf2-93fb-d289aaa23602?alt=json HTTP/1.1" 200 None
2025-01-18 14:45:28,558 DEBUG    urllib3.connectionpool Starting new HTTPS connection (1): container.googleapis.com:443
2025-01-18 14:45:28,750 DEBUG    urllib3.connectionpool https://container.googleapis.com:443 "GET /v1/projects/peppy-arcadia-432311-g5/locations/asia-northeast3/operations/operation-1737177945550-dc87f7e4-eab6-4bf2-93fb-d289aaa23602?alt=json HTTP/1.1" 200 None
2025-01-18 14:45:33,755 DEBUG    urllib3.connectionpool Starting new HTTPS connection (1): container.googleapis.com:443
2025-01-18 14:45:33,973 DEBUG    urllib3.connectionpool https://container.googleapis.com:443 "GET /v1/projects/peppy-arcadia-432311-g5/locations/asia-northeast3/operations/operation-1737177945550-dc87f7e4-eab6-4bf2-93fb-d289aaa23602?alt=json HTTP/1.1" 200 None
2025-01-18 14:45:38,976 DEBUG    urllib3.connectionpool Starting new HTTPS connection (1): container.googleapis.com:443
2025-01-18 14:45:39,087 DEBUG    urllib3.connectionpool https://container.googleapis.com:443 "GET /v1/projects/peppy-arcadia-432311-g5/locations/asia-northeast3/operations/operation-1737177945550-dc87f7e4-eab6-4bf2-93fb-d289aaa23602?alt=json HTTP/1.1" 200 None
2025-01-18 14:45:44,093 DEBUG    urllib3.connectionpool Starting new HTTPS connection (1): container.googleapis.com:443
2025-01-18 14:45:44,252 DEBUG    urllib3.connectionpool https://container.googleapis.com:443 "GET /v1/projects/peppy-arcadia-432311-g5/locations/asia-northeast3/operations/operation-1737177945550-dc87f7e4-eab6-4bf2-93fb-d289aaa23602?alt=json HTTP/1.1" 200 None
2025-01-18 14:45:49,260 DEBUG    urllib3.connectionpool Starting new HTTPS connection (1): container.googleapis.com:443
2025-01-18 14:45:49,436 DEBUG    urllib3.connectionpool https://container.googleapis.com:443 "GET /v1/projects/peppy-arcadia-432311-g5/locations/asia-northeast3/operations/operation-1737177945550-dc87f7e4-eab6-4bf2-93fb-d289aaa23602?alt=json HTTP/1.1" 200 None
2025-01-18 14:45:54,443 DEBUG    urllib3.connectionpool Starting new HTTPS connection (1): container.googleapis.com:443
2025-01-18 14:45:54,581 DEBUG    urllib3.connectionpool https://container.googleapis.com:443 "GET /v1/projects/peppy-arcadia-432311-g5/locations/asia-northeast3/operations/operation-1737177945550-dc87f7e4-eab6-4bf2-93fb-d289aaa23602?alt=json HTTP/1.1" 200 None
2025-01-18 14:45:59,584 DEBUG    urllib3.connectionpool Starting new HTTPS connection (1): container.googleapis.com:443
2025-01-18 14:45:59,775 DEBUG    urllib3.connectionpool https://container.googleapis.com:443 "GET /v1/projects/peppy-arcadia-432311-g5/locations/asia-northeast3/operations/operation-1737177945550-dc87f7e4-eab6-4bf2-93fb-d289aaa23602?alt=json HTTP/1.1" 200 None
2025-01-18 14:46:04,780 DEBUG    urllib3.connectionpool Starting new HTTPS connection (1): container.googleapis.com:443
2025-01-18 14:46:04,960 DEBUG    urllib3.connectionpool https://container.googleapis.com:443 "GET /v1/projects/peppy-arcadia-432311-g5/locations/asia-northeast3/operations/operation-1737177945550-dc87f7e4-eab6-4bf2-93fb-d289aaa23602?alt=json HTTP/1.1" 200 None
2025-01-18 14:46:09,966 DEBUG    urllib3.connectionpool Starting new HTTPS connection (1): container.googleapis.com:443
2025-01-18 14:46:10,066 DEBUG    urllib3.connectionpool https://container.googleapis.com:443 "GET /v1/projects/peppy-arcadia-432311-g5/locations/asia-northeast3/operations/operation-1737177945550-dc87f7e4-eab6-4bf2-93fb-d289aaa23602?alt=json HTTP/1.1" 200 None
2025-01-18 14:46:15,073 DEBUG    urllib3.connectionpool Starting new HTTPS connection (1): container.googleapis.com:443
2025-01-18 14:46:15,254 DEBUG    urllib3.connectionpool https://container.googleapis.com:443 "GET /v1/projects/peppy-arcadia-432311-g5/locations/asia-northeast3/operations/operation-1737177945550-dc87f7e4-eab6-4bf2-93fb-d289aaa23602?alt=json HTTP/1.1" 200 None
2025-01-18 14:46:20,261 DEBUG    urllib3.connectionpool Starting new HTTPS connection (1): container.googleapis.com:443
2025-01-18 14:46:20,394 DEBUG    urllib3.connectionpool https://container.googleapis.com:443 "GET /v1/projects/peppy-arcadia-432311-g5/locations/asia-northeast3/operations/operation-1737177945550-dc87f7e4-eab6-4bf2-93fb-d289aaa23602?alt=json HTTP/1.1" 200 None
2025-01-18 14:46:25,399 DEBUG    urllib3.connectionpool Starting new HTTPS connection (1): container.googleapis.com:443
2025-01-18 14:46:25,532 DEBUG    urllib3.connectionpool https://container.googleapis.com:443 "GET /v1/projects/peppy-arcadia-432311-g5/locations/asia-northeast3/operations/operation-1737177945550-dc87f7e4-eab6-4bf2-93fb-d289aaa23602?alt=json HTTP/1.1" 200 None
2025-01-18 14:46:30,538 DEBUG    urllib3.connectionpool Starting new HTTPS connection (1): container.googleapis.com:443
2025-01-18 14:46:30,714 DEBUG    urllib3.connectionpool https://container.googleapis.com:443 "GET /v1/projects/peppy-arcadia-432311-g5/locations/asia-northeast3/operations/operation-1737177945550-dc87f7e4-eab6-4bf2-93fb-d289aaa23602?alt=json HTTP/1.1" 200 None
2025-01-18 14:46:35,718 DEBUG    urllib3.connectionpool Starting new HTTPS connection (1): container.googleapis.com:443
2025-01-18 14:46:35,893 DEBUG    urllib3.connectionpool https://container.googleapis.com:443 "GET /v1/projects/peppy-arcadia-432311-g5/locations/asia-northeast3/operations/operation-1737177945550-dc87f7e4-eab6-4bf2-93fb-d289aaa23602?alt=json HTTP/1.1" 200 None
2025-01-18 14:46:40,898 DEBUG    urllib3.connectionpool Starting new HTTPS connection (1): container.googleapis.com:443
2025-01-18 14:46:41,038 DEBUG    urllib3.connectionpool https://container.googleapis.com:443 "GET /v1/projects/peppy-arcadia-432311-g5/locations/asia-northeast3/operations/operation-1737177945550-dc87f7e4-eab6-4bf2-93fb-d289aaa23602?alt=json HTTP/1.1" 200 None
2025-01-18 14:46:46,041 DEBUG    urllib3.connectionpool Starting new HTTPS connection (1): container.googleapis.com:443
2025-01-18 14:46:46,172 DEBUG    urllib3.connectionpool https://container.googleapis.com:443 "GET /v1/projects/peppy-arcadia-432311-g5/locations/asia-northeast3/operations/operation-1737177945550-dc87f7e4-eab6-4bf2-93fb-d289aaa23602?alt=json HTTP/1.1" 200 None
2025-01-18 14:46:51,176 DEBUG    urllib3.connectionpool Starting new HTTPS connection (1): container.googleapis.com:443
2025-01-18 14:46:51,300 DEBUG    urllib3.connectionpool https://container.googleapis.com:443 "GET /v1/projects/peppy-arcadia-432311-g5/locations/asia-northeast3/operations/operation-1737177945550-dc87f7e4-eab6-4bf2-93fb-d289aaa23602?alt=json HTTP/1.1" 200 None
2025-01-18 14:46:56,307 DEBUG    urllib3.connectionpool Starting new HTTPS connection (1): container.googleapis.com:443
2025-01-18 14:46:56,447 DEBUG    urllib3.connectionpool https://container.googleapis.com:443 "GET /v1/projects/peppy-arcadia-432311-g5/locations/asia-northeast3/operations/operation-1737177945550-dc87f7e4-eab6-4bf2-93fb-d289aaa23602?alt=json HTTP/1.1" 200 None
2025-01-18 14:47:01,452 DEBUG    urllib3.connectionpool Starting new HTTPS connection (1): container.googleapis.com:443
2025-01-18 14:47:01,595 DEBUG    urllib3.connectionpool https://container.googleapis.com:443 "GET /v1/projects/peppy-arcadia-432311-g5/locations/asia-northeast3/operations/operation-1737177945550-dc87f7e4-eab6-4bf2-93fb-d289aaa23602?alt=json HTTP/1.1" 200 None
2025-01-18 14:47:06,601 DEBUG    urllib3.connectionpool Starting new HTTPS connection (1): container.googleapis.com:443
2025-01-18 14:47:06,736 DEBUG    urllib3.connectionpool https://container.googleapis.com:443 "GET /v1/projects/peppy-arcadia-432311-g5/locations/asia-northeast3/operations/operation-1737177945550-dc87f7e4-eab6-4bf2-93fb-d289aaa23602?alt=json HTTP/1.1" 200 None
2025-01-18 14:47:11,743 DEBUG    urllib3.connectionpool Starting new HTTPS connection (1): container.googleapis.com:443
2025-01-18 14:47:11,920 DEBUG    urllib3.connectionpool https://container.googleapis.com:443 "GET /v1/projects/peppy-arcadia-432311-g5/locations/asia-northeast3/operations/operation-1737177945550-dc87f7e4-eab6-4bf2-93fb-d289aaa23602?alt=json HTTP/1.1" 200 None
2025-01-18 14:47:16,923 DEBUG    urllib3.connectionpool Starting new HTTPS connection (1): container.googleapis.com:443
2025-01-18 14:47:17,056 DEBUG    urllib3.connectionpool https://container.googleapis.com:443 "GET /v1/projects/peppy-arcadia-432311-g5/locations/asia-northeast3/operations/operation-1737177945550-dc87f7e4-eab6-4bf2-93fb-d289aaa23602?alt=json HTTP/1.1" 200 None
2025-01-18 14:47:22,060 DEBUG    urllib3.connectionpool Starting new HTTPS connection (1): container.googleapis.com:443
2025-01-18 14:47:22,249 DEBUG    urllib3.connectionpool https://container.googleapis.com:443 "GET /v1/projects/peppy-arcadia-432311-g5/locations/asia-northeast3/operations/operation-1737177945550-dc87f7e4-eab6-4bf2-93fb-d289aaa23602?alt=json HTTP/1.1" 200 None
2025-01-18 14:47:27,251 DEBUG    urllib3.connectionpool Starting new HTTPS connection (1): container.googleapis.com:443
2025-01-18 14:47:27,455 DEBUG    urllib3.connectionpool https://container.googleapis.com:443 "GET /v1/projects/peppy-arcadia-432311-g5/locations/asia-northeast3/operations/operation-1737177945550-dc87f7e4-eab6-4bf2-93fb-d289aaa23602?alt=json HTTP/1.1" 200 None
2025-01-18 14:47:27,458 INFO     root            Operation <Operation
 clusterConditions: []
 endTime: '2025-01-18T05:47:24.935643564Z'
 name: 'operation-1737177945550-dc87f7e4-eab6-4bf2-93fb-d289aaa23602'
 nodepoolConditions: []
 operationType: OperationTypeValueValuesEnum(UPGRADE_MASTER, 3)
 selfLink: 'https://container.googleapis.com/v1/projects/134982172036/locations/asia-northeast3/operations/operation-1737177945550-dc87f7e4-eab6-4bf2-93fb-d289aaa23602'
 startTime: '2025-01-18T05:25:45.550213232Z'
 status: StatusValueValuesEnum(DONE, 3)
 targetLink: 'https://container.googleapis.com/v1/projects/134982172036/locations/asia-northeast3/clusters/gcp-dr-gke'
 zone: 'asia-northeast3'> finished after 1.3e+03 seconds
2025-01-18 14:47:27,627 DEBUG    urllib3.connectionpool Starting new HTTPS connection (1): container.googleapis.com:443
2025-01-18 14:47:27,845 DEBUG    urllib3.connectionpool https://container.googleapis.com:443 "GET /v1/projects/peppy-arcadia-432311-g5/locations/asia-northeast3/clusters/gcp-dr-gke?alt=json HTTP/1.1" 200 None
2025-01-18 14:47:27,855 INFO     ___FILE_ONLY___ Updated [https://container.googleapis.com/v1/projects/peppy-arcadia-432311-g5/zones/asia-northeast3/clusters/gcp-dr-gke].

2025-01-18 14:47:27,855 DEBUG    root            Chosen display Format:default
2025-01-18 14:47:27,865 INFO     root            Display format: "default"
2025-01-18 14:47:27,865 DEBUG    root            SDK update checks are disabled.
