2025-01-18 14:49:52,015 DEBUG    root            Loaded Command Group: ['gcloud', 'config']
2025-01-18 14:49:52,017 DEBUG    root            Loaded Command Group: ['gcloud', 'config', 'config_helper']
2025-01-18 14:49:52,018 DEBUG    root            Running [gcloud.config.config-helper] with arguments: [--format: "json"]
2025-01-18 14:49:52,025 DEBUG    root            Chosen display Format:default json
2025-01-18 14:49:52,025 INFO     root            Display format: "default json"
2025-01-18 14:49:52,032 INFO     ___FILE_ONLY___ {
  "configuration": {
    "active_configuration": "default",
    "properties": {
      "core": {
        "account": "1201ljhun@gmail.com",
        "disable_usage_reporting": "True",
        "project": "peppy-arcadia-432311-g5"
      }
    }
  },
  "credential": {
    "access_token": "ya29.a0ARW5m75vRcJ3XrcSqbDFTfkeQyaC3Xt05SAHCcKesNZn_sb6CKf9Mpx6X-PqDdxDpYp8BpKhcEwC3yRU1R1kRsQ-RCLTXVVdJhmWl5oBQcErV7NiO1RWzqgZrTqsnWQlMCRQWbLzcmaMENqh8tt2nQGTtXSCL5r_p-51EEn4xiv_Ae0aCgYKAVwSARISFQHGX2MiWjyf6rDU6BSwTqnyt-rqtg0182",
    "id_token": "eyJhbGciOiJSUzI1NiIsImtpZCI6ImRkMTI1ZDVmNDYyZmJjNjAxNGFlZGFiODFkZGYzYmNlZGFiNzA4NDciLCJ0eXAiOiJKV1QifQ.eyJpc3MiOiJodHRwczovL2FjY291bnRzLmdvb2dsZS5jb20iLCJhenAiOiIzMjU1NTk0MDU1OS5hcHBzLmdvb2dsZXVzZXJjb250ZW50LmNvbSIsImF1ZCI6IjMyNTU1OTQwNTU5LmFwcHMuZ29vZ2xldXNlcmNvbnRlbnQuY29tIiwic3ViIjoiMTA1MDk2MzU3NDMwMjQzNjQxMTQxIiwiZW1haWwiOiIxMjAxbGpodW5AZ21haWwuY29tIiwiZW1haWxfdmVyaWZpZWQiOnRydWUsImF0X2hhc2giOiJiQmNsdV9BdXBRSTFrU3NHNTFkOGxRIiwiaWF0IjoxNzM3MTc4Nzg4LCJleHAiOjE3MzcxODIzODh9.gWTUnh0ygv6HwzbRAxNcfG9t9vNO8t7buAZL6DgtRy8fZfnkdIq_vCuHnttLysTaYuWFHyk7sRc8CwbBWv9gDYVD6p68s2xLID70bGx0vAMxtM8s6StuRtkTKNdIfBDHTNjkcGwU5GYAgjyw9ff0xfiaV2Nx-rRYlaFbgvRNditszUjPRJs5woZTCXWppDX81_Jyd7pk33WsJk_GKlkxU6GVJn9UIIRZztf3dynTk-uy9i1WSA9zXVLk51sTZGLE1R154Mw4-VAyplT7PzNaKwF4vE2IvXAcoVTOc9I_0pJz963D-Mpp6N_iQhLis-bicx_U04Grme-22ybPxI07Mg",
    "token_expiry": "2025-01-18T06:39:47Z"
  },
  "sentinels": {
    "config_sentinel": "/home/ubuntu/.config/gcloud/config_sentinel"
  }
}
2025-01-18 14:49:52,032 INFO     ___FILE_ONLY___ 

2025-01-18 14:49:52,032 DEBUG    root            SDK update checks are disabled.
