2025-01-12 12:38:20,808 DEBUG    root            Loaded Command Group: ['gcloud', 'container', 'node_pools']
2025-01-12 12:38:20,810 DEBUG    root            Loaded Command Group: ['gcloud', 'container', 'node-pools', 'delete']
2025-01-12 12:38:20,834 DEBUG    google.auth.transport.requests Making request: POST https://oauth2.googleapis.com/token
2025-01-12 12:38:20,835 DEBUG    urllib3.connectionpool Starting new HTTPS connection (1): oauth2.googleapis.com:443
2025-01-12 12:38:21,162 DEBUG    urllib3.connectionpool https://oauth2.googleapis.com:443 "POST /token HTTP/1.1" 200 None
2025-01-12 12:38:21,209 DEBUG    root            Running [gcloud.container.node-pools.delete] with arguments: [--cluster: "gcp-dr-gke", --quiet: "True", --region: "asia-northeast3", NAME: "default-pool"]
2025-01-12 12:38:21,210 DEBUG    urllib3.connectionpool Starting new HTTPS connection (1): container.googleapis.com:443
2025-01-12 12:38:21,417 DEBUG    urllib3.connectionpool https://container.googleapis.com:443 "GET /v1/projects/peppy-arcadia-432311-g5/locations/asia-northeast3/clusters/gcp-dr-gke/nodePools/default-pool?alt=json HTTP/1.1" 200 None
2025-01-12 12:38:21,421 DEBUG    urllib3.connectionpool Starting new HTTPS connection (1): container.googleapis.com:443
2025-01-12 12:38:21,697 DEBUG    urllib3.connectionpool https://container.googleapis.com:443 "DELETE /v1/projects/peppy-arcadia-432311-g5/locations/asia-northeast3/clusters/gcp-dr-gke/nodePools/default-pool?alt=json HTTP/1.1" 200 None
2025-01-12 12:38:21,699 INFO     ___FILE_ONLY___ Deleting node pool default-pool...
2025-01-12 12:38:21,700 DEBUG    urllib3.connectionpool Starting new HTTPS connection (1): container.googleapis.com:443
2025-01-12 12:38:21,866 DEBUG    urllib3.connectionpool https://container.googleapis.com:443 "GET /v1/projects/peppy-arcadia-432311-g5/locations/asia-northeast3/operations/operation-1736653102121-ba49882e-cc02-4973-b846-4dffb057c915?alt=json HTTP/1.1" 200 None
2025-01-12 12:38:26,873 DEBUG    urllib3.connectionpool Starting new HTTPS connection (1): container.googleapis.com:443
2025-01-12 12:38:27,125 DEBUG    urllib3.connectionpool https://container.googleapis.com:443 "GET /v1/projects/peppy-arcadia-432311-g5/locations/asia-northeast3/operations/operation-1736653102121-ba49882e-cc02-4973-b846-4dffb057c915?alt=json HTTP/1.1" 200 None
2025-01-12 12:38:32,130 DEBUG    urllib3.connectionpool Starting new HTTPS connection (1): container.googleapis.com:443
2025-01-12 12:38:32,259 DEBUG    urllib3.connectionpool https://container.googleapis.com:443 "GET /v1/projects/peppy-arcadia-432311-g5/locations/asia-northeast3/operations/operation-1736653102121-ba49882e-cc02-4973-b846-4dffb057c915?alt=json HTTP/1.1" 200 None
2025-01-12 12:38:37,262 DEBUG    urllib3.connectionpool Starting new HTTPS connection (1): container.googleapis.com:443
2025-01-12 12:38:37,438 DEBUG    urllib3.connectionpool https://container.googleapis.com:443 "GET /v1/projects/peppy-arcadia-432311-g5/locations/asia-northeast3/operations/operation-1736653102121-ba49882e-cc02-4973-b846-4dffb057c915?alt=json HTTP/1.1" 200 None
2025-01-12 12:38:42,445 DEBUG    urllib3.connectionpool Starting new HTTPS connection (1): container.googleapis.com:443
2025-01-12 12:38:42,608 DEBUG    urllib3.connectionpool https://container.googleapis.com:443 "GET /v1/projects/peppy-arcadia-432311-g5/locations/asia-northeast3/operations/operation-1736653102121-ba49882e-cc02-4973-b846-4dffb057c915?alt=json HTTP/1.1" 200 None
2025-01-12 12:38:47,615 DEBUG    urllib3.connectionpool Starting new HTTPS connection (1): container.googleapis.com:443
2025-01-12 12:38:47,757 DEBUG    urllib3.connectionpool https://container.googleapis.com:443 "GET /v1/projects/peppy-arcadia-432311-g5/locations/asia-northeast3/operations/operation-1736653102121-ba49882e-cc02-4973-b846-4dffb057c915?alt=json HTTP/1.1" 200 None
2025-01-12 12:38:52,763 DEBUG    urllib3.connectionpool Starting new HTTPS connection (1): container.googleapis.com:443
2025-01-12 12:38:52,942 DEBUG    urllib3.connectionpool https://container.googleapis.com:443 "GET /v1/projects/peppy-arcadia-432311-g5/locations/asia-northeast3/operations/operation-1736653102121-ba49882e-cc02-4973-b846-4dffb057c915?alt=json HTTP/1.1" 200 None
2025-01-12 12:38:57,947 DEBUG    urllib3.connectionpool Starting new HTTPS connection (1): container.googleapis.com:443
2025-01-12 12:38:58,033 DEBUG    urllib3.connectionpool https://container.googleapis.com:443 "GET /v1/projects/peppy-arcadia-432311-g5/locations/asia-northeast3/operations/operation-1736653102121-ba49882e-cc02-4973-b846-4dffb057c915?alt=json HTTP/1.1" 200 None
2025-01-12 12:39:03,038 DEBUG    urllib3.connectionpool Starting new HTTPS connection (1): container.googleapis.com:443
2025-01-12 12:39:03,174 DEBUG    urllib3.connectionpool https://container.googleapis.com:443 "GET /v1/projects/peppy-arcadia-432311-g5/locations/asia-northeast3/operations/operation-1736653102121-ba49882e-cc02-4973-b846-4dffb057c915?alt=json HTTP/1.1" 200 None
2025-01-12 12:39:08,179 DEBUG    urllib3.connectionpool Starting new HTTPS connection (1): container.googleapis.com:443
2025-01-12 12:39:08,371 DEBUG    urllib3.connectionpool https://container.googleapis.com:443 "GET /v1/projects/peppy-arcadia-432311-g5/locations/asia-northeast3/operations/operation-1736653102121-ba49882e-cc02-4973-b846-4dffb057c915?alt=json HTTP/1.1" 200 None
2025-01-12 12:39:13,375 DEBUG    urllib3.connectionpool Starting new HTTPS connection (1): container.googleapis.com:443
2025-01-12 12:39:13,465 DEBUG    urllib3.connectionpool https://container.googleapis.com:443 "GET /v1/projects/peppy-arcadia-432311-g5/locations/asia-northeast3/operations/operation-1736653102121-ba49882e-cc02-4973-b846-4dffb057c915?alt=json HTTP/1.1" 200 None
2025-01-12 12:39:18,472 DEBUG    urllib3.connectionpool Starting new HTTPS connection (1): container.googleapis.com:443
2025-01-12 12:39:18,609 DEBUG    urllib3.connectionpool https://container.googleapis.com:443 "GET /v1/projects/peppy-arcadia-432311-g5/locations/asia-northeast3/operations/operation-1736653102121-ba49882e-cc02-4973-b846-4dffb057c915?alt=json HTTP/1.1" 200 None
2025-01-12 12:39:23,612 DEBUG    urllib3.connectionpool Starting new HTTPS connection (1): container.googleapis.com:443
2025-01-12 12:39:23,739 DEBUG    urllib3.connectionpool https://container.googleapis.com:443 "GET /v1/projects/peppy-arcadia-432311-g5/locations/asia-northeast3/operations/operation-1736653102121-ba49882e-cc02-4973-b846-4dffb057c915?alt=json HTTP/1.1" 200 None
2025-01-12 12:39:28,745 DEBUG    urllib3.connectionpool Starting new HTTPS connection (1): container.googleapis.com:443
2025-01-12 12:39:28,899 DEBUG    urllib3.connectionpool https://container.googleapis.com:443 "GET /v1/projects/peppy-arcadia-432311-g5/locations/asia-northeast3/operations/operation-1736653102121-ba49882e-cc02-4973-b846-4dffb057c915?alt=json HTTP/1.1" 200 None
2025-01-12 12:39:33,905 DEBUG    urllib3.connectionpool Starting new HTTPS connection (1): container.googleapis.com:443
2025-01-12 12:39:34,038 DEBUG    urllib3.connectionpool https://container.googleapis.com:443 "GET /v1/projects/peppy-arcadia-432311-g5/locations/asia-northeast3/operations/operation-1736653102121-ba49882e-cc02-4973-b846-4dffb057c915?alt=json HTTP/1.1" 200 None
2025-01-12 12:39:39,045 DEBUG    urllib3.connectionpool Starting new HTTPS connection (1): container.googleapis.com:443
2025-01-12 12:39:39,219 DEBUG    urllib3.connectionpool https://container.googleapis.com:443 "GET /v1/projects/peppy-arcadia-432311-g5/locations/asia-northeast3/operations/operation-1736653102121-ba49882e-cc02-4973-b846-4dffb057c915?alt=json HTTP/1.1" 200 None
2025-01-12 12:39:44,223 DEBUG    urllib3.connectionpool Starting new HTTPS connection (1): container.googleapis.com:443
2025-01-12 12:39:44,360 DEBUG    urllib3.connectionpool https://container.googleapis.com:443 "GET /v1/projects/peppy-arcadia-432311-g5/locations/asia-northeast3/operations/operation-1736653102121-ba49882e-cc02-4973-b846-4dffb057c915?alt=json HTTP/1.1" 200 None
2025-01-12 12:39:49,365 DEBUG    urllib3.connectionpool Starting new HTTPS connection (1): container.googleapis.com:443
2025-01-12 12:39:49,468 DEBUG    urllib3.connectionpool https://container.googleapis.com:443 "GET /v1/projects/peppy-arcadia-432311-g5/locations/asia-northeast3/operations/operation-1736653102121-ba49882e-cc02-4973-b846-4dffb057c915?alt=json HTTP/1.1" 200 None
2025-01-12 12:39:54,474 DEBUG    urllib3.connectionpool Starting new HTTPS connection (1): container.googleapis.com:443
2025-01-12 12:39:54,612 DEBUG    urllib3.connectionpool https://container.googleapis.com:443 "GET /v1/projects/peppy-arcadia-432311-g5/locations/asia-northeast3/operations/operation-1736653102121-ba49882e-cc02-4973-b846-4dffb057c915?alt=json HTTP/1.1" 200 None
2025-01-12 12:39:59,617 DEBUG    urllib3.connectionpool Starting new HTTPS connection (1): container.googleapis.com:443
2025-01-12 12:39:59,764 DEBUG    urllib3.connectionpool https://container.googleapis.com:443 "GET /v1/projects/peppy-arcadia-432311-g5/locations/asia-northeast3/operations/operation-1736653102121-ba49882e-cc02-4973-b846-4dffb057c915?alt=json HTTP/1.1" 200 None
2025-01-12 12:40:04,769 DEBUG    urllib3.connectionpool Starting new HTTPS connection (1): container.googleapis.com:443
2025-01-12 12:40:04,874 DEBUG    urllib3.connectionpool https://container.googleapis.com:443 "GET /v1/projects/peppy-arcadia-432311-g5/locations/asia-northeast3/operations/operation-1736653102121-ba49882e-cc02-4973-b846-4dffb057c915?alt=json HTTP/1.1" 200 None
2025-01-12 12:40:09,879 DEBUG    urllib3.connectionpool Starting new HTTPS connection (1): container.googleapis.com:443
2025-01-12 12:40:10,027 DEBUG    urllib3.connectionpool https://container.googleapis.com:443 "GET /v1/projects/peppy-arcadia-432311-g5/locations/asia-northeast3/operations/operation-1736653102121-ba49882e-cc02-4973-b846-4dffb057c915?alt=json HTTP/1.1" 200 None
2025-01-12 12:40:15,032 DEBUG    urllib3.connectionpool Starting new HTTPS connection (1): container.googleapis.com:443
2025-01-12 12:40:15,177 DEBUG    urllib3.connectionpool https://container.googleapis.com:443 "GET /v1/projects/peppy-arcadia-432311-g5/locations/asia-northeast3/operations/operation-1736653102121-ba49882e-cc02-4973-b846-4dffb057c915?alt=json HTTP/1.1" 200 None
2025-01-12 12:40:20,182 DEBUG    urllib3.connectionpool Starting new HTTPS connection (1): container.googleapis.com:443
2025-01-12 12:40:20,315 DEBUG    urllib3.connectionpool https://container.googleapis.com:443 "GET /v1/projects/peppy-arcadia-432311-g5/locations/asia-northeast3/operations/operation-1736653102121-ba49882e-cc02-4973-b846-4dffb057c915?alt=json HTTP/1.1" 200 None
2025-01-12 12:40:25,323 DEBUG    urllib3.connectionpool Starting new HTTPS connection (1): container.googleapis.com:443
2025-01-12 12:40:25,508 DEBUG    urllib3.connectionpool https://container.googleapis.com:443 "GET /v1/projects/peppy-arcadia-432311-g5/locations/asia-northeast3/operations/operation-1736653102121-ba49882e-cc02-4973-b846-4dffb057c915?alt=json HTTP/1.1" 200 None
2025-01-12 12:40:30,513 DEBUG    urllib3.connectionpool Starting new HTTPS connection (1): container.googleapis.com:443
2025-01-12 12:40:30,648 DEBUG    urllib3.connectionpool https://container.googleapis.com:443 "GET /v1/projects/peppy-arcadia-432311-g5/locations/asia-northeast3/operations/operation-1736653102121-ba49882e-cc02-4973-b846-4dffb057c915?alt=json HTTP/1.1" 200 None
2025-01-12 12:40:35,655 DEBUG    urllib3.connectionpool Starting new HTTPS connection (1): container.googleapis.com:443
2025-01-12 12:40:35,746 DEBUG    urllib3.connectionpool https://container.googleapis.com:443 "GET /v1/projects/peppy-arcadia-432311-g5/locations/asia-northeast3/operations/operation-1736653102121-ba49882e-cc02-4973-b846-4dffb057c915?alt=json HTTP/1.1" 200 None
2025-01-12 12:40:40,749 DEBUG    urllib3.connectionpool Starting new HTTPS connection (1): container.googleapis.com:443
2025-01-12 12:40:40,889 DEBUG    urllib3.connectionpool https://container.googleapis.com:443 "GET /v1/projects/peppy-arcadia-432311-g5/locations/asia-northeast3/operations/operation-1736653102121-ba49882e-cc02-4973-b846-4dffb057c915?alt=json HTTP/1.1" 200 None
2025-01-12 12:40:45,894 DEBUG    urllib3.connectionpool Starting new HTTPS connection (1): container.googleapis.com:443
2025-01-12 12:40:45,981 DEBUG    urllib3.connectionpool https://container.googleapis.com:443 "GET /v1/projects/peppy-arcadia-432311-g5/locations/asia-northeast3/operations/operation-1736653102121-ba49882e-cc02-4973-b846-4dffb057c915?alt=json HTTP/1.1" 200 None
2025-01-12 12:40:50,986 DEBUG    urllib3.connectionpool Starting new HTTPS connection (1): container.googleapis.com:443
2025-01-12 12:40:51,143 DEBUG    urllib3.connectionpool https://container.googleapis.com:443 "GET /v1/projects/peppy-arcadia-432311-g5/locations/asia-northeast3/operations/operation-1736653102121-ba49882e-cc02-4973-b846-4dffb057c915?alt=json HTTP/1.1" 200 None
2025-01-12 12:40:56,150 DEBUG    urllib3.connectionpool Starting new HTTPS connection (1): container.googleapis.com:443
2025-01-12 12:40:56,271 DEBUG    urllib3.connectionpool https://container.googleapis.com:443 "GET /v1/projects/peppy-arcadia-432311-g5/locations/asia-northeast3/operations/operation-1736653102121-ba49882e-cc02-4973-b846-4dffb057c915?alt=json HTTP/1.1" 200 None
2025-01-12 12:41:01,275 DEBUG    urllib3.connectionpool Starting new HTTPS connection (1): container.googleapis.com:443
2025-01-12 12:41:01,418 DEBUG    urllib3.connectionpool https://container.googleapis.com:443 "GET /v1/projects/peppy-arcadia-432311-g5/locations/asia-northeast3/operations/operation-1736653102121-ba49882e-cc02-4973-b846-4dffb057c915?alt=json HTTP/1.1" 200 None
2025-01-12 12:41:06,424 DEBUG    urllib3.connectionpool Starting new HTTPS connection (1): container.googleapis.com:443
2025-01-12 12:41:06,564 DEBUG    urllib3.connectionpool https://container.googleapis.com:443 "GET /v1/projects/peppy-arcadia-432311-g5/locations/asia-northeast3/operations/operation-1736653102121-ba49882e-cc02-4973-b846-4dffb057c915?alt=json HTTP/1.1" 200 None
2025-01-12 12:41:11,569 DEBUG    urllib3.connectionpool Starting new HTTPS connection (1): container.googleapis.com:443
2025-01-12 12:41:11,758 DEBUG    urllib3.connectionpool https://container.googleapis.com:443 "GET /v1/projects/peppy-arcadia-432311-g5/locations/asia-northeast3/operations/operation-1736653102121-ba49882e-cc02-4973-b846-4dffb057c915?alt=json HTTP/1.1" 200 None
2025-01-12 12:41:16,764 DEBUG    urllib3.connectionpool Starting new HTTPS connection (1): container.googleapis.com:443
2025-01-12 12:41:16,900 DEBUG    urllib3.connectionpool https://container.googleapis.com:443 "GET /v1/projects/peppy-arcadia-432311-g5/locations/asia-northeast3/operations/operation-1736653102121-ba49882e-cc02-4973-b846-4dffb057c915?alt=json HTTP/1.1" 200 None
2025-01-12 12:41:21,906 DEBUG    urllib3.connectionpool Starting new HTTPS connection (1): container.googleapis.com:443
2025-01-12 12:41:22,070 DEBUG    urllib3.connectionpool https://container.googleapis.com:443 "GET /v1/projects/peppy-arcadia-432311-g5/locations/asia-northeast3/operations/operation-1736653102121-ba49882e-cc02-4973-b846-4dffb057c915?alt=json HTTP/1.1" 200 None
2025-01-12 12:41:27,076 DEBUG    urllib3.connectionpool Starting new HTTPS connection (1): container.googleapis.com:443
2025-01-12 12:41:27,216 DEBUG    urllib3.connectionpool https://container.googleapis.com:443 "GET /v1/projects/peppy-arcadia-432311-g5/locations/asia-northeast3/operations/operation-1736653102121-ba49882e-cc02-4973-b846-4dffb057c915?alt=json HTTP/1.1" 200 None
2025-01-12 12:41:32,222 DEBUG    urllib3.connectionpool Starting new HTTPS connection (1): container.googleapis.com:443
2025-01-12 12:41:32,365 DEBUG    urllib3.connectionpool https://container.googleapis.com:443 "GET /v1/projects/peppy-arcadia-432311-g5/locations/asia-northeast3/operations/operation-1736653102121-ba49882e-cc02-4973-b846-4dffb057c915?alt=json HTTP/1.1" 200 None
2025-01-12 12:41:37,369 DEBUG    urllib3.connectionpool Starting new HTTPS connection (1): container.googleapis.com:443
2025-01-12 12:41:37,517 DEBUG    urllib3.connectionpool https://container.googleapis.com:443 "GET /v1/projects/peppy-arcadia-432311-g5/locations/asia-northeast3/operations/operation-1736653102121-ba49882e-cc02-4973-b846-4dffb057c915?alt=json HTTP/1.1" 200 None
2025-01-12 12:41:42,522 DEBUG    urllib3.connectionpool Starting new HTTPS connection (1): container.googleapis.com:443
2025-01-12 12:41:42,669 DEBUG    urllib3.connectionpool https://container.googleapis.com:443 "GET /v1/projects/peppy-arcadia-432311-g5/locations/asia-northeast3/operations/operation-1736653102121-ba49882e-cc02-4973-b846-4dffb057c915?alt=json HTTP/1.1" 200 None
2025-01-12 12:41:47,678 DEBUG    urllib3.connectionpool Starting new HTTPS connection (1): container.googleapis.com:443
2025-01-12 12:41:47,826 DEBUG    urllib3.connectionpool https://container.googleapis.com:443 "GET /v1/projects/peppy-arcadia-432311-g5/locations/asia-northeast3/operations/operation-1736653102121-ba49882e-cc02-4973-b846-4dffb057c915?alt=json HTTP/1.1" 200 None
2025-01-12 12:41:52,831 DEBUG    urllib3.connectionpool Starting new HTTPS connection (1): container.googleapis.com:443
2025-01-12 12:41:52,975 DEBUG    urllib3.connectionpool https://container.googleapis.com:443 "GET /v1/projects/peppy-arcadia-432311-g5/locations/asia-northeast3/operations/operation-1736653102121-ba49882e-cc02-4973-b846-4dffb057c915?alt=json HTTP/1.1" 200 None
2025-01-12 12:41:57,979 DEBUG    urllib3.connectionpool Starting new HTTPS connection (1): container.googleapis.com:443
2025-01-12 12:41:58,161 DEBUG    urllib3.connectionpool https://container.googleapis.com:443 "GET /v1/projects/peppy-arcadia-432311-g5/locations/asia-northeast3/operations/operation-1736653102121-ba49882e-cc02-4973-b846-4dffb057c915?alt=json HTTP/1.1" 200 None
2025-01-12 12:42:03,167 DEBUG    urllib3.connectionpool Starting new HTTPS connection (1): container.googleapis.com:443
2025-01-12 12:42:03,308 DEBUG    urllib3.connectionpool https://container.googleapis.com:443 "GET /v1/projects/peppy-arcadia-432311-g5/locations/asia-northeast3/operations/operation-1736653102121-ba49882e-cc02-4973-b846-4dffb057c915?alt=json HTTP/1.1" 200 None
2025-01-12 12:42:08,313 DEBUG    urllib3.connectionpool Starting new HTTPS connection (1): container.googleapis.com:443
2025-01-12 12:42:08,446 DEBUG    urllib3.connectionpool https://container.googleapis.com:443 "GET /v1/projects/peppy-arcadia-432311-g5/locations/asia-northeast3/operations/operation-1736653102121-ba49882e-cc02-4973-b846-4dffb057c915?alt=json HTTP/1.1" 200 None
2025-01-12 12:42:13,452 DEBUG    urllib3.connectionpool Starting new HTTPS connection (1): container.googleapis.com:443
2025-01-12 12:42:13,589 DEBUG    urllib3.connectionpool https://container.googleapis.com:443 "GET /v1/projects/peppy-arcadia-432311-g5/locations/asia-northeast3/operations/operation-1736653102121-ba49882e-cc02-4973-b846-4dffb057c915?alt=json HTTP/1.1" 200 None
2025-01-12 12:42:18,594 DEBUG    urllib3.connectionpool Starting new HTTPS connection (1): container.googleapis.com:443
2025-01-12 12:42:18,726 DEBUG    urllib3.connectionpool https://container.googleapis.com:443 "GET /v1/projects/peppy-arcadia-432311-g5/locations/asia-northeast3/operations/operation-1736653102121-ba49882e-cc02-4973-b846-4dffb057c915?alt=json HTTP/1.1" 200 None
2025-01-12 12:42:23,729 DEBUG    urllib3.connectionpool Starting new HTTPS connection (1): container.googleapis.com:443
2025-01-12 12:42:23,810 DEBUG    urllib3.connectionpool https://container.googleapis.com:443 "GET /v1/projects/peppy-arcadia-432311-g5/locations/asia-northeast3/operations/operation-1736653102121-ba49882e-cc02-4973-b846-4dffb057c915?alt=json HTTP/1.1" 200 None
2025-01-12 12:42:28,814 DEBUG    urllib3.connectionpool Starting new HTTPS connection (1): container.googleapis.com:443
2025-01-12 12:42:28,987 DEBUG    urllib3.connectionpool https://container.googleapis.com:443 "GET /v1/projects/peppy-arcadia-432311-g5/locations/asia-northeast3/operations/operation-1736653102121-ba49882e-cc02-4973-b846-4dffb057c915?alt=json HTTP/1.1" 200 None
2025-01-12 12:42:28,990 INFO     root            Operation <Operation
 clusterConditions: []
 endTime: '2025-01-12T03:42:29.163655574Z'
 name: 'operation-1736653102121-ba49882e-cc02-4973-b846-4dffb057c915'
 nodepoolConditions: []
 operationType: OperationTypeValueValuesEnum(DELETE_NODE_POOL, 8)
 selfLink: 'https://container.googleapis.com/v1/projects/134982172036/locations/asia-northeast3/operations/operation-1736653102121-ba49882e-cc02-4973-b846-4dffb057c915'
 startTime: '2025-01-12T03:38:22.121151205Z'
 status: StatusValueValuesEnum(DONE, 3)
 targetLink: 'https://container.googleapis.com/v1/projects/134982172036/locations/asia-northeast3/clusters/gcp-dr-gke/nodePools/default-pool'
 zone: 'asia-northeast3'> finished after 2.47e+02 seconds
2025-01-12 12:42:29,009 INFO     ___FILE_ONLY___ Deleted [https://container.googleapis.com/v1/projects/peppy-arcadia-432311-g5/zones/asia-northeast3/clusters/gcp-dr-gke/nodePools/default-pool].

2025-01-12 12:42:29,010 DEBUG    root            Chosen display Format:none
2025-01-12 12:42:29,010 INFO     root            Display format: "none"
2025-01-12 12:42:29,027 DEBUG    root            SDK update checks are disabled.
