2025-01-12 18:04:59,979 DEBUG    root            Loaded Command Group: ['gcloud', 'container', 'node_pools']
2025-01-12 18:04:59,980 DEBUG    root            Loaded Command Group: ['gcloud', 'container', 'node-pools', 'delete']
2025-01-12 18:05:00,006 DEBUG    google.auth.transport.requests Making request: POST https://oauth2.googleapis.com/token
2025-01-12 18:05:00,007 DEBUG    urllib3.connectionpool Starting new HTTPS connection (1): oauth2.googleapis.com:443
2025-01-12 18:05:00,340 DEBUG    urllib3.connectionpool https://oauth2.googleapis.com:443 "POST /token HTTP/1.1" 200 None
2025-01-12 18:05:00,379 DEBUG    root            Running [gcloud.container.node-pools.delete] with arguments: [--cluster: "gcp-dr-gke", --quiet: "True", --region: "asia-northeast3", NAME: "default-pool"]
2025-01-12 18:05:00,380 DEBUG    urllib3.connectionpool Starting new HTTPS connection (1): container.googleapis.com:443
2025-01-12 18:05:00,593 DEBUG    urllib3.connectionpool https://container.googleapis.com:443 "GET /v1/projects/peppy-arcadia-432311-g5/locations/asia-northeast3/clusters/gcp-dr-gke/nodePools/default-pool?alt=json HTTP/1.1" 200 None
2025-01-12 18:05:00,598 DEBUG    urllib3.connectionpool Starting new HTTPS connection (1): container.googleapis.com:443
2025-01-12 18:05:00,894 DEBUG    urllib3.connectionpool https://container.googleapis.com:443 "DELETE /v1/projects/peppy-arcadia-432311-g5/locations/asia-northeast3/clusters/gcp-dr-gke/nodePools/default-pool?alt=json HTTP/1.1" 200 None
2025-01-12 18:05:00,898 INFO     ___FILE_ONLY___ Deleting node pool default-pool...
2025-01-12 18:05:00,901 DEBUG    urllib3.connectionpool Starting new HTTPS connection (1): container.googleapis.com:443
2025-01-12 18:05:01,033 DEBUG    urllib3.connectionpool https://container.googleapis.com:443 "GET /v1/projects/peppy-arcadia-432311-g5/locations/asia-northeast3/operations/operation-1736672701019-eeeebb9a-87bb-4e5b-88ce-9ef4299e146e?alt=json HTTP/1.1" 200 None
2025-01-12 18:05:06,038 DEBUG    urllib3.connectionpool Starting new HTTPS connection (1): container.googleapis.com:443
2025-01-12 18:05:06,448 DEBUG    urllib3.connectionpool https://container.googleapis.com:443 "GET /v1/projects/peppy-arcadia-432311-g5/locations/asia-northeast3/operations/operation-1736672701019-eeeebb9a-87bb-4e5b-88ce-9ef4299e146e?alt=json HTTP/1.1" 200 None
2025-01-12 18:05:11,452 DEBUG    urllib3.connectionpool Starting new HTTPS connection (1): container.googleapis.com:443
2025-01-12 18:05:11,641 DEBUG    urllib3.connectionpool https://container.googleapis.com:443 "GET /v1/projects/peppy-arcadia-432311-g5/locations/asia-northeast3/operations/operation-1736672701019-eeeebb9a-87bb-4e5b-88ce-9ef4299e146e?alt=json HTTP/1.1" 200 None
2025-01-12 18:05:16,644 DEBUG    urllib3.connectionpool Starting new HTTPS connection (1): container.googleapis.com:443
2025-01-12 18:05:16,744 DEBUG    urllib3.connectionpool https://container.googleapis.com:443 "GET /v1/projects/peppy-arcadia-432311-g5/locations/asia-northeast3/operations/operation-1736672701019-eeeebb9a-87bb-4e5b-88ce-9ef4299e146e?alt=json HTTP/1.1" 200 None
2025-01-12 18:05:21,749 DEBUG    urllib3.connectionpool Starting new HTTPS connection (1): container.googleapis.com:443
2025-01-12 18:05:21,896 DEBUG    urllib3.connectionpool https://container.googleapis.com:443 "GET /v1/projects/peppy-arcadia-432311-g5/locations/asia-northeast3/operations/operation-1736672701019-eeeebb9a-87bb-4e5b-88ce-9ef4299e146e?alt=json HTTP/1.1" 200 None
2025-01-12 18:05:26,901 DEBUG    urllib3.connectionpool Starting new HTTPS connection (1): container.googleapis.com:443
2025-01-12 18:05:27,097 DEBUG    urllib3.connectionpool https://container.googleapis.com:443 "GET /v1/projects/peppy-arcadia-432311-g5/locations/asia-northeast3/operations/operation-1736672701019-eeeebb9a-87bb-4e5b-88ce-9ef4299e146e?alt=json HTTP/1.1" 200 None
2025-01-12 18:05:32,101 DEBUG    urllib3.connectionpool Starting new HTTPS connection (1): container.googleapis.com:443
2025-01-12 18:05:32,244 DEBUG    urllib3.connectionpool https://container.googleapis.com:443 "GET /v1/projects/peppy-arcadia-432311-g5/locations/asia-northeast3/operations/operation-1736672701019-eeeebb9a-87bb-4e5b-88ce-9ef4299e146e?alt=json HTTP/1.1" 200 None
2025-01-12 18:05:37,249 DEBUG    urllib3.connectionpool Starting new HTTPS connection (1): container.googleapis.com:443
2025-01-12 18:05:37,380 DEBUG    urllib3.connectionpool https://container.googleapis.com:443 "GET /v1/projects/peppy-arcadia-432311-g5/locations/asia-northeast3/operations/operation-1736672701019-eeeebb9a-87bb-4e5b-88ce-9ef4299e146e?alt=json HTTP/1.1" 200 None
2025-01-12 18:05:42,387 DEBUG    urllib3.connectionpool Starting new HTTPS connection (1): container.googleapis.com:443
2025-01-12 18:05:42,591 DEBUG    urllib3.connectionpool https://container.googleapis.com:443 "GET /v1/projects/peppy-arcadia-432311-g5/locations/asia-northeast3/operations/operation-1736672701019-eeeebb9a-87bb-4e5b-88ce-9ef4299e146e?alt=json HTTP/1.1" 200 None
2025-01-12 18:05:47,596 DEBUG    urllib3.connectionpool Starting new HTTPS connection (1): container.googleapis.com:443
2025-01-12 18:05:47,699 DEBUG    urllib3.connectionpool https://container.googleapis.com:443 "GET /v1/projects/peppy-arcadia-432311-g5/locations/asia-northeast3/operations/operation-1736672701019-eeeebb9a-87bb-4e5b-88ce-9ef4299e146e?alt=json HTTP/1.1" 200 None
2025-01-12 18:05:52,707 DEBUG    urllib3.connectionpool Starting new HTTPS connection (1): container.googleapis.com:443
2025-01-12 18:05:52,848 DEBUG    urllib3.connectionpool https://container.googleapis.com:443 "GET /v1/projects/peppy-arcadia-432311-g5/locations/asia-northeast3/operations/operation-1736672701019-eeeebb9a-87bb-4e5b-88ce-9ef4299e146e?alt=json HTTP/1.1" 200 None
2025-01-12 18:05:57,854 DEBUG    urllib3.connectionpool Starting new HTTPS connection (1): container.googleapis.com:443
2025-01-12 18:05:58,036 DEBUG    urllib3.connectionpool https://container.googleapis.com:443 "GET /v1/projects/peppy-arcadia-432311-g5/locations/asia-northeast3/operations/operation-1736672701019-eeeebb9a-87bb-4e5b-88ce-9ef4299e146e?alt=json HTTP/1.1" 200 None
2025-01-12 18:06:03,041 DEBUG    urllib3.connectionpool Starting new HTTPS connection (1): container.googleapis.com:443
2025-01-12 18:06:03,181 DEBUG    urllib3.connectionpool https://container.googleapis.com:443 "GET /v1/projects/peppy-arcadia-432311-g5/locations/asia-northeast3/operations/operation-1736672701019-eeeebb9a-87bb-4e5b-88ce-9ef4299e146e?alt=json HTTP/1.1" 200 None
2025-01-12 18:06:08,185 DEBUG    urllib3.connectionpool Starting new HTTPS connection (1): container.googleapis.com:443
2025-01-12 18:06:08,277 DEBUG    urllib3.connectionpool https://container.googleapis.com:443 "GET /v1/projects/peppy-arcadia-432311-g5/locations/asia-northeast3/operations/operation-1736672701019-eeeebb9a-87bb-4e5b-88ce-9ef4299e146e?alt=json HTTP/1.1" 200 None
2025-01-12 18:06:13,283 DEBUG    urllib3.connectionpool Starting new HTTPS connection (1): container.googleapis.com:443
2025-01-12 18:06:13,426 DEBUG    urllib3.connectionpool https://container.googleapis.com:443 "GET /v1/projects/peppy-arcadia-432311-g5/locations/asia-northeast3/operations/operation-1736672701019-eeeebb9a-87bb-4e5b-88ce-9ef4299e146e?alt=json HTTP/1.1" 200 None
2025-01-12 18:06:18,433 DEBUG    urllib3.connectionpool Starting new HTTPS connection (1): container.googleapis.com:443
2025-01-12 18:06:18,567 DEBUG    urllib3.connectionpool https://container.googleapis.com:443 "GET /v1/projects/peppy-arcadia-432311-g5/locations/asia-northeast3/operations/operation-1736672701019-eeeebb9a-87bb-4e5b-88ce-9ef4299e146e?alt=json HTTP/1.1" 200 None
2025-01-12 18:06:23,572 DEBUG    urllib3.connectionpool Starting new HTTPS connection (1): container.googleapis.com:443
2025-01-12 18:06:23,702 DEBUG    urllib3.connectionpool https://container.googleapis.com:443 "GET /v1/projects/peppy-arcadia-432311-g5/locations/asia-northeast3/operations/operation-1736672701019-eeeebb9a-87bb-4e5b-88ce-9ef4299e146e?alt=json HTTP/1.1" 200 None
2025-01-12 18:06:28,708 DEBUG    urllib3.connectionpool Starting new HTTPS connection (1): container.googleapis.com:443
2025-01-12 18:06:28,911 DEBUG    urllib3.connectionpool https://container.googleapis.com:443 "GET /v1/projects/peppy-arcadia-432311-g5/locations/asia-northeast3/operations/operation-1736672701019-eeeebb9a-87bb-4e5b-88ce-9ef4299e146e?alt=json HTTP/1.1" 200 None
2025-01-12 18:06:33,917 DEBUG    urllib3.connectionpool Starting new HTTPS connection (1): container.googleapis.com:443
2025-01-12 18:06:34,021 DEBUG    urllib3.connectionpool https://container.googleapis.com:443 "GET /v1/projects/peppy-arcadia-432311-g5/locations/asia-northeast3/operations/operation-1736672701019-eeeebb9a-87bb-4e5b-88ce-9ef4299e146e?alt=json HTTP/1.1" 200 None
2025-01-12 18:06:39,026 DEBUG    urllib3.connectionpool Starting new HTTPS connection (1): container.googleapis.com:443
2025-01-12 18:06:39,179 DEBUG    urllib3.connectionpool https://container.googleapis.com:443 "GET /v1/projects/peppy-arcadia-432311-g5/locations/asia-northeast3/operations/operation-1736672701019-eeeebb9a-87bb-4e5b-88ce-9ef4299e146e?alt=json HTTP/1.1" 200 None
2025-01-12 18:06:44,184 DEBUG    urllib3.connectionpool Starting new HTTPS connection (1): container.googleapis.com:443
2025-01-12 18:06:44,374 DEBUG    urllib3.connectionpool https://container.googleapis.com:443 "GET /v1/projects/peppy-arcadia-432311-g5/locations/asia-northeast3/operations/operation-1736672701019-eeeebb9a-87bb-4e5b-88ce-9ef4299e146e?alt=json HTTP/1.1" 200 None
2025-01-12 18:06:49,381 DEBUG    urllib3.connectionpool Starting new HTTPS connection (1): container.googleapis.com:443
2025-01-12 18:06:49,519 DEBUG    urllib3.connectionpool https://container.googleapis.com:443 "GET /v1/projects/peppy-arcadia-432311-g5/locations/asia-northeast3/operations/operation-1736672701019-eeeebb9a-87bb-4e5b-88ce-9ef4299e146e?alt=json HTTP/1.1" 200 None
2025-01-12 18:06:54,524 DEBUG    urllib3.connectionpool Starting new HTTPS connection (1): container.googleapis.com:443
2025-01-12 18:06:54,847 DEBUG    urllib3.connectionpool https://container.googleapis.com:443 "GET /v1/projects/peppy-arcadia-432311-g5/locations/asia-northeast3/operations/operation-1736672701019-eeeebb9a-87bb-4e5b-88ce-9ef4299e146e?alt=json HTTP/1.1" 200 None
2025-01-12 18:06:59,852 DEBUG    urllib3.connectionpool Starting new HTTPS connection (1): container.googleapis.com:443
2025-01-12 18:07:00,039 DEBUG    urllib3.connectionpool https://container.googleapis.com:443 "GET /v1/projects/peppy-arcadia-432311-g5/locations/asia-northeast3/operations/operation-1736672701019-eeeebb9a-87bb-4e5b-88ce-9ef4299e146e?alt=json HTTP/1.1" 200 None
2025-01-12 18:07:05,043 DEBUG    urllib3.connectionpool Starting new HTTPS connection (1): container.googleapis.com:443
2025-01-12 18:07:05,196 DEBUG    urllib3.connectionpool https://container.googleapis.com:443 "GET /v1/projects/peppy-arcadia-432311-g5/locations/asia-northeast3/operations/operation-1736672701019-eeeebb9a-87bb-4e5b-88ce-9ef4299e146e?alt=json HTTP/1.1" 200 None
2025-01-12 18:07:10,201 DEBUG    urllib3.connectionpool Starting new HTTPS connection (1): container.googleapis.com:443
2025-01-12 18:07:10,335 DEBUG    urllib3.connectionpool https://container.googleapis.com:443 "GET /v1/projects/peppy-arcadia-432311-g5/locations/asia-northeast3/operations/operation-1736672701019-eeeebb9a-87bb-4e5b-88ce-9ef4299e146e?alt=json HTTP/1.1" 200 None
2025-01-12 18:07:15,341 DEBUG    urllib3.connectionpool Starting new HTTPS connection (1): container.googleapis.com:443
2025-01-12 18:07:15,479 DEBUG    urllib3.connectionpool https://container.googleapis.com:443 "GET /v1/projects/peppy-arcadia-432311-g5/locations/asia-northeast3/operations/operation-1736672701019-eeeebb9a-87bb-4e5b-88ce-9ef4299e146e?alt=json HTTP/1.1" 200 None
2025-01-12 18:07:20,482 DEBUG    urllib3.connectionpool Starting new HTTPS connection (1): container.googleapis.com:443
2025-01-12 18:07:20,611 DEBUG    urllib3.connectionpool https://container.googleapis.com:443 "GET /v1/projects/peppy-arcadia-432311-g5/locations/asia-northeast3/operations/operation-1736672701019-eeeebb9a-87bb-4e5b-88ce-9ef4299e146e?alt=json HTTP/1.1" 200 None
2025-01-12 18:07:25,616 DEBUG    urllib3.connectionpool Starting new HTTPS connection (1): container.googleapis.com:443
2025-01-12 18:07:25,707 DEBUG    urllib3.connectionpool https://container.googleapis.com:443 "GET /v1/projects/peppy-arcadia-432311-g5/locations/asia-northeast3/operations/operation-1736672701019-eeeebb9a-87bb-4e5b-88ce-9ef4299e146e?alt=json HTTP/1.1" 200 None
2025-01-12 18:07:30,711 DEBUG    urllib3.connectionpool Starting new HTTPS connection (1): container.googleapis.com:443
2025-01-12 18:07:30,858 DEBUG    urllib3.connectionpool https://container.googleapis.com:443 "GET /v1/projects/peppy-arcadia-432311-g5/locations/asia-northeast3/operations/operation-1736672701019-eeeebb9a-87bb-4e5b-88ce-9ef4299e146e?alt=json HTTP/1.1" 200 None
2025-01-12 18:07:35,862 DEBUG    urllib3.connectionpool Starting new HTTPS connection (1): container.googleapis.com:443
2025-01-12 18:07:36,003 DEBUG    urllib3.connectionpool https://container.googleapis.com:443 "GET /v1/projects/peppy-arcadia-432311-g5/locations/asia-northeast3/operations/operation-1736672701019-eeeebb9a-87bb-4e5b-88ce-9ef4299e146e?alt=json HTTP/1.1" 200 None
2025-01-12 18:07:41,006 DEBUG    urllib3.connectionpool Starting new HTTPS connection (1): container.googleapis.com:443
2025-01-12 18:07:41,141 DEBUG    urllib3.connectionpool https://container.googleapis.com:443 "GET /v1/projects/peppy-arcadia-432311-g5/locations/asia-northeast3/operations/operation-1736672701019-eeeebb9a-87bb-4e5b-88ce-9ef4299e146e?alt=json HTTP/1.1" 200 None
2025-01-12 18:07:46,146 DEBUG    urllib3.connectionpool Starting new HTTPS connection (1): container.googleapis.com:443
2025-01-12 18:07:46,329 DEBUG    urllib3.connectionpool https://container.googleapis.com:443 "GET /v1/projects/peppy-arcadia-432311-g5/locations/asia-northeast3/operations/operation-1736672701019-eeeebb9a-87bb-4e5b-88ce-9ef4299e146e?alt=json HTTP/1.1" 200 None
2025-01-12 18:07:51,334 DEBUG    urllib3.connectionpool Starting new HTTPS connection (1): container.googleapis.com:443
2025-01-12 18:07:51,472 DEBUG    urllib3.connectionpool https://container.googleapis.com:443 "GET /v1/projects/peppy-arcadia-432311-g5/locations/asia-northeast3/operations/operation-1736672701019-eeeebb9a-87bb-4e5b-88ce-9ef4299e146e?alt=json HTTP/1.1" 200 None
2025-01-12 18:07:56,478 DEBUG    urllib3.connectionpool Starting new HTTPS connection (1): container.googleapis.com:443
2025-01-12 18:07:56,570 DEBUG    urllib3.connectionpool https://container.googleapis.com:443 "GET /v1/projects/peppy-arcadia-432311-g5/locations/asia-northeast3/operations/operation-1736672701019-eeeebb9a-87bb-4e5b-88ce-9ef4299e146e?alt=json HTTP/1.1" 200 None
2025-01-12 18:08:01,575 DEBUG    urllib3.connectionpool Starting new HTTPS connection (1): container.googleapis.com:443
2025-01-12 18:08:01,726 DEBUG    urllib3.connectionpool https://container.googleapis.com:443 "GET /v1/projects/peppy-arcadia-432311-g5/locations/asia-northeast3/operations/operation-1736672701019-eeeebb9a-87bb-4e5b-88ce-9ef4299e146e?alt=json HTTP/1.1" 200 None
2025-01-12 18:08:06,732 DEBUG    urllib3.connectionpool Starting new HTTPS connection (1): container.googleapis.com:443
2025-01-12 18:08:06,824 DEBUG    urllib3.connectionpool https://container.googleapis.com:443 "GET /v1/projects/peppy-arcadia-432311-g5/locations/asia-northeast3/operations/operation-1736672701019-eeeebb9a-87bb-4e5b-88ce-9ef4299e146e?alt=json HTTP/1.1" 200 None
2025-01-12 18:08:11,829 DEBUG    urllib3.connectionpool Starting new HTTPS connection (1): container.googleapis.com:443
2025-01-12 18:08:11,967 DEBUG    urllib3.connectionpool https://container.googleapis.com:443 "GET /v1/projects/peppy-arcadia-432311-g5/locations/asia-northeast3/operations/operation-1736672701019-eeeebb9a-87bb-4e5b-88ce-9ef4299e146e?alt=json HTTP/1.1" 200 None
2025-01-12 18:08:16,974 DEBUG    urllib3.connectionpool Starting new HTTPS connection (1): container.googleapis.com:443
2025-01-12 18:08:17,142 DEBUG    urllib3.connectionpool https://container.googleapis.com:443 "GET /v1/projects/peppy-arcadia-432311-g5/locations/asia-northeast3/operations/operation-1736672701019-eeeebb9a-87bb-4e5b-88ce-9ef4299e146e?alt=json HTTP/1.1" 200 None
2025-01-12 18:08:22,147 DEBUG    urllib3.connectionpool Starting new HTTPS connection (1): container.googleapis.com:443
2025-01-12 18:08:22,273 DEBUG    urllib3.connectionpool https://container.googleapis.com:443 "GET /v1/projects/peppy-arcadia-432311-g5/locations/asia-northeast3/operations/operation-1736672701019-eeeebb9a-87bb-4e5b-88ce-9ef4299e146e?alt=json HTTP/1.1" 200 None
2025-01-12 18:08:27,276 DEBUG    urllib3.connectionpool Starting new HTTPS connection (1): container.googleapis.com:443
2025-01-12 18:08:27,409 DEBUG    urllib3.connectionpool https://container.googleapis.com:443 "GET /v1/projects/peppy-arcadia-432311-g5/locations/asia-northeast3/operations/operation-1736672701019-eeeebb9a-87bb-4e5b-88ce-9ef4299e146e?alt=json HTTP/1.1" 200 None
2025-01-12 18:08:32,414 DEBUG    urllib3.connectionpool Starting new HTTPS connection (1): container.googleapis.com:443
2025-01-12 18:08:32,550 DEBUG    urllib3.connectionpool https://container.googleapis.com:443 "GET /v1/projects/peppy-arcadia-432311-g5/locations/asia-northeast3/operations/operation-1736672701019-eeeebb9a-87bb-4e5b-88ce-9ef4299e146e?alt=json HTTP/1.1" 200 None
2025-01-12 18:08:37,555 DEBUG    urllib3.connectionpool Starting new HTTPS connection (1): container.googleapis.com:443
2025-01-12 18:08:37,758 DEBUG    urllib3.connectionpool https://container.googleapis.com:443 "GET /v1/projects/peppy-arcadia-432311-g5/locations/asia-northeast3/operations/operation-1736672701019-eeeebb9a-87bb-4e5b-88ce-9ef4299e146e?alt=json HTTP/1.1" 200 None
2025-01-12 18:08:42,764 DEBUG    urllib3.connectionpool Starting new HTTPS connection (1): container.googleapis.com:443
2025-01-12 18:08:42,881 DEBUG    urllib3.connectionpool https://container.googleapis.com:443 "GET /v1/projects/peppy-arcadia-432311-g5/locations/asia-northeast3/operations/operation-1736672701019-eeeebb9a-87bb-4e5b-88ce-9ef4299e146e?alt=json HTTP/1.1" 200 None
2025-01-12 18:08:47,886 DEBUG    urllib3.connectionpool Starting new HTTPS connection (1): container.googleapis.com:443
2025-01-12 18:08:48,070 DEBUG    urllib3.connectionpool https://container.googleapis.com:443 "GET /v1/projects/peppy-arcadia-432311-g5/locations/asia-northeast3/operations/operation-1736672701019-eeeebb9a-87bb-4e5b-88ce-9ef4299e146e?alt=json HTTP/1.1" 200 None
2025-01-12 18:08:53,077 DEBUG    urllib3.connectionpool Starting new HTTPS connection (1): container.googleapis.com:443
2025-01-12 18:08:53,211 DEBUG    urllib3.connectionpool https://container.googleapis.com:443 "GET /v1/projects/peppy-arcadia-432311-g5/locations/asia-northeast3/operations/operation-1736672701019-eeeebb9a-87bb-4e5b-88ce-9ef4299e146e?alt=json HTTP/1.1" 200 None
2025-01-12 18:08:58,218 DEBUG    urllib3.connectionpool Starting new HTTPS connection (1): container.googleapis.com:443
2025-01-12 18:08:58,353 DEBUG    urllib3.connectionpool https://container.googleapis.com:443 "GET /v1/projects/peppy-arcadia-432311-g5/locations/asia-northeast3/operations/operation-1736672701019-eeeebb9a-87bb-4e5b-88ce-9ef4299e146e?alt=json HTTP/1.1" 200 None
2025-01-12 18:09:03,356 DEBUG    urllib3.connectionpool Starting new HTTPS connection (1): container.googleapis.com:443
2025-01-12 18:09:03,511 DEBUG    urllib3.connectionpool https://container.googleapis.com:443 "GET /v1/projects/peppy-arcadia-432311-g5/locations/asia-northeast3/operations/operation-1736672701019-eeeebb9a-87bb-4e5b-88ce-9ef4299e146e?alt=json HTTP/1.1" 200 None
2025-01-12 18:09:08,517 DEBUG    urllib3.connectionpool Starting new HTTPS connection (1): container.googleapis.com:443
2025-01-12 18:09:08,656 DEBUG    urllib3.connectionpool https://container.googleapis.com:443 "GET /v1/projects/peppy-arcadia-432311-g5/locations/asia-northeast3/operations/operation-1736672701019-eeeebb9a-87bb-4e5b-88ce-9ef4299e146e?alt=json HTTP/1.1" 200 None
2025-01-12 18:09:08,657 INFO     root            Operation <Operation
 clusterConditions: []
 endTime: '2025-01-12T09:09:05.891803613Z'
 name: 'operation-1736672701019-eeeebb9a-87bb-4e5b-88ce-9ef4299e146e'
 nodepoolConditions: []
 operationType: OperationTypeValueValuesEnum(DELETE_NODE_POOL, 8)
 selfLink: 'https://container.googleapis.com/v1/projects/134982172036/locations/asia-northeast3/operations/operation-1736672701019-eeeebb9a-87bb-4e5b-88ce-9ef4299e146e'
 startTime: '2025-01-12T09:05:01.019786853Z'
 status: StatusValueValuesEnum(DONE, 3)
 targetLink: 'https://container.googleapis.com/v1/projects/134982172036/locations/asia-northeast3/clusters/gcp-dr-gke/nodePools/default-pool'
 zone: 'asia-northeast3'> finished after 2.48e+02 seconds
2025-01-12 18:09:08,799 INFO     ___FILE_ONLY___ Deleted [https://container.googleapis.com/v1/projects/peppy-arcadia-432311-g5/zones/asia-northeast3/clusters/gcp-dr-gke/nodePools/default-pool].

2025-01-12 18:09:08,799 DEBUG    root            Chosen display Format:none
2025-01-12 18:09:08,799 INFO     root            Display format: "none"
2025-01-12 18:09:08,821 DEBUG    root            SDK update checks are disabled.
