2025-01-12 18:28:33,910 DEBUG    root            Loaded Command Group: ['gcloud', 'components']
2025-01-12 18:28:33,915 DEBUG    root            Loaded Command Group: ['gcloud', 'components', 'install']
2025-01-12 18:28:33,916 DEBUG    root            Running [gcloud.components.install] with arguments: [COMPONENT-IDS:1: "['gke-gcloud-auth-plugin']"]
2025-01-12 18:28:33,920 DEBUG    root            (gcloud.components.install) You cannot perform this action because this Google Cloud CLI installation is managed by an external package manager.
Please consider using a separate installation of the Google Cloud CLI created through the default mechanism described at: https://cloud.google.com/sdk/
Traceback (most recent call last):
  File "/snap/google-cloud-cli/297/lib/googlecloudsdk/calliope/cli.py", line 998, in Execute
    resources = calliope_command.Run(cli=self, args=args)
                ^^^^^^^^^^^^^^^^^^^^^^^^^^^^^^^^^^^^^^^^^
  File "/snap/google-cloud-cli/297/lib/googlecloudsdk/calliope/backend.py", line 934, in Run
    resources = command_instance.Run(args)
                ^^^^^^^^^^^^^^^^^^^^^^^^^^
  File "/snap/google-cloud-cli/297/lib/surface/components/install.py", line 85, in Run
    update_manager.Install(args.component_ids)
  File "/snap/google-cloud-cli/297/lib/googlecloudsdk/core/updater/update_manager.py", line 966, in Install
    return self.Update(
           ^^^^^^^^^^^^
  File "/snap/google-cloud-cli/297/lib/googlecloudsdk/core/updater/update_manager.py", line 997, in Update
    self._CheckIfDisabledAndThrowError(
  File "/snap/google-cloud-cli/297/lib/googlecloudsdk/core/updater/update_manager.py", line 597, in _CheckIfDisabledAndThrowError
    raise UpdaterDisabledError(default_message)
googlecloudsdk.core.updater.update_manager.UpdaterDisabledError: You cannot perform this action because this Google Cloud CLI installation is managed by an external package manager.
Please consider using a separate installation of the Google Cloud CLI created through the default mechanism described at: https://cloud.google.com/sdk/

2025-01-12 18:28:33,923 ERROR    root            (gcloud.components.install) You cannot perform this action because this Google Cloud CLI installation is managed by an external package manager.
Please consider using a separate installation of the Google Cloud CLI created through the default mechanism described at: https://cloud.google.com/sdk/

